000 (14752960.000.000) 02/26 16:23:23 Job submitted from host: <188.184.90.62:9618?addrs=188.184.90.62-9618+[2001-1458-201-e4--100-238]-9618&alias=bigbird16.cern.ch&noUDP&sock=schedd_5196_9a2f>
...
040 (14752960.000.000) 02/26 16:27:23 Started transferring input files
	Transferring to host: <188.185.192.155:9618?addrs=188.185.192.155-9618+[2001-1458-303-1f--100-97]-9618&alias=b9p13p1865.cern.ch&noUDP&sock=slot1_13_7423_ecc7_161796>
...
040 (14752960.000.000) 02/26 16:27:23 Finished transferring input files
...
001 (14752960.000.000) 02/26 16:27:24 Job executing on host: <188.185.192.155:9618?addrs=188.185.192.155-9618+[2001-1458-303-1f--100-97]-9618&alias=b9p13p1865.cern.ch&noUDP&sock=startd_6301_8a56>
	SlotName: slot1_13@b9p13p1865.cern.ch
	CondorScratchDir = "/pool/condor/dir_2257440"
	Cpus = 1
	Disk = 3847
	GPUs = 0
	Memory = 3000
...
006 (14752960.000.000) 02/26 16:27:39 Image size of job updated: 59512
	59  -  MemoryUsage of job (MB)
	59512  -  ResidentSetSize of job (KB)
...
006 (14752960.000.000) 02/26 16:27:54 Image size of job updated: 176112
	59  -  MemoryUsage of job (MB)
	59512  -  ResidentSetSize of job (KB)
...
040 (14752960.000.000) 02/26 16:27:54 Started transferring output files
...
040 (14752960.000.000) 02/26 16:27:54 Finished transferring output files
...
005 (14752960.000.000) 02/26 16:27:54 Job terminated.
	(1) Normal termination (return value 1)
		Usr 0 00:00:07, Sys 0 00:00:02  -  Run Remote Usage
		Usr 0 00:00:00, Sys 0 00:00:00  -  Run Local Usage
		Usr 0 00:00:07, Sys 0 00:00:02  -  Total Remote Usage
		Usr 0 00:00:00, Sys 0 00:00:00  -  Total Local Usage
	10846  -  Run Bytes Sent By Job
	13412  -  Run Bytes Received By Job
	10846  -  Total Bytes Sent By Job
	13412  -  Total Bytes Received By Job
	Partitionable Resources :    Usage  Request Allocated 
	   Cpus                 :        0        1         1 
	   Disk (KB)            :       50       17      3847 
	   GPUs                 :                           0 
	   Memory (MB)          :       59     3000      3000 
	   TimeExecute (s)      :       30                    
	   TimeSlotBusy (s)     :       32                    

	Job terminated of its own accord at 2026-02-26T15:27:54Z with exit-code 1.
...
