subject   : /DC=ch/DC=cern/OU=Organic Units/OU=Users/CN=driosper/CN=886669/CN=Diego Alejandro Rios Perez/CN=1573519443
issuer    : /DC=ch/DC=cern/OU=Organic Units/OU=Users/CN=driosper/CN=886669/CN=Diego Alejandro Rios Perez
identity  : /DC=ch/DC=cern/OU=Organic Units/OU=Users/CN=driosper/CN=886669/CN=Diego Alejandro Rios Perez
type      : RFC compliant proxy
strength  : 2048 bits
path      : /afs/cern.ch/user/d/driosper/private/x509up_u182284
timeleft  : 11:49:26
key usage : Digital Signature, Key Encipherment
=== VO cms extension information ===
VO        : cms
subject   : /DC=ch/DC=cern/OU=Organic Units/OU=Users/CN=driosper/CN=886669/CN=Diego Alejandro Rios Perez
issuer    : /DC=ch/DC=cern/OU=computers/CN=cms-auth.cern.ch
attribute : /cms/Role=NULL/Capability=NULL
timeleft  : 11:49:26
uri       : voms-cms-auth.cern.ch:15000
--workflow ztoee --year 2022preEE --output_path /eos/user/d/driosper/bsm3g_coffea/outputs/ztoee/2022preEE/TbarWplustoLNu2Q --output_format coffea --dataset TbarWplustoLNu2Q_4 --partition_json /srv/partition_fileset.json
  Preprocessing 100% ━━━━━━━━━━━━━━━━ 10/10 [ 0:00:26 < 0:00:00 | 0.4   file/s ]
Merging (local) 100% ━━━━━━━━━━━━━━━━ 10/10 [ 0:00:26 < 0:00:00 | ?   merges/s ]
     Processing  73% ━━━━━━━━━━━━      8/11 [ 0:03:16 < 0:00:27 | 0.1  chunk/s ]
Merging (local) 100% ━━━━━━━━━━━━━━━━━  7/7 [ 0:03:07 < 0:00:00 | ?   merges/s ]
There are 29183 events with muon pt outside of [26,200] GeV. Setting those entries to their initial value.
There are 29185 events with muon pt outside of [26,200] GeV. Setting those entries to their initial value.
There are 118 nan entries in the corrected pt. This might be due to the number of tracker layers hitting boundaries. Setting those entries to their initial value.
There are 32098 events with muon pt outside of [26,200] GeV. Setting those entries to their initial value.
There are 34807 events with muon pt outside of [26,200] GeV. Setting those entries to their initial value.
There are 34809 events with muon pt outside of [26,200] GeV. Setting those entries to their initial value.
There are 132 nan entries in the corrected pt. This might be due to the number of tracker layers hitting boundaries. Setting those entries to their initial value.
There are 38488 events with muon pt outside of [26,200] GeV. Setting those entries to their initial value.
There are 17540 events with muon pt outside of [26,200] GeV. Setting those entries to their initial value.
There are 17543 events with muon pt outside of [26,200] GeV. Setting those entries to their initial value.
There are 81 nan entries in the corrected pt. This might be due to the number of tracker layers hitting boundaries. Setting those entries to their initial value.
There are 19390 events with muon pt outside of [26,200] GeV. Setting those entries to their initial value.
There are 38710 events with muon pt outside of [26,200] GeV. Setting those entries to their initial value.
There are 38712 events with muon pt outside of [26,200] GeV. Setting those entries to their initial value.
There are 171 nan entries in the corrected pt. This might be due to the number of tracker layers hitting boundaries. Setting those entries to their initial value.
There are 42709 events with muon pt outside of [26,200] GeV. Setting those entries to their initial value.
There are 14226 events with muon pt outside of [26,200] GeV. Setting those entries to their initial value.
There are 14226 events with muon pt outside of [26,200] GeV. Setting those entries to their initial value.
There are 49 nan entries in the corrected pt. This might be due to the number of tracker layers hitting boundaries. Setting those entries to their initial value.
There are 15694 events with muon pt outside of [26,200] GeV. Setting those entries to their initial value.
There are 35133 events with muon pt outside of [26,200] GeV. Setting those entries to their initial value.
There are 35136 events with muon pt outside of [26,200] GeV. Setting those entries to their initial value.
There are 144 nan entries in the corrected pt. This might be due to the number of tracker layers hitting boundaries. Setting those entries to their initial value.
There are 38272 events with muon pt outside of [26,200] GeV. Setting those entries to their initial value.
There are 2261 events with muon pt outside of [26,200] GeV. Setting those entries to their initial value.
There are 2261 events with muon pt outside of [26,200] GeV. Setting those entries to their initial value.
There are 5 nan entries in the corrected pt. This might be due to the number of tracker layers hitting boundaries. Setting those entries to their initial value.
There are 2528 events with muon pt outside of [26,200] GeV. Setting those entries to their initial value.
There are 15522 events with muon pt outside of [26,200] GeV. Setting those entries to their initial value.
There are 15524 events with muon pt outside of [26,200] GeV. Setting those entries to their initial value.
There are 64 nan entries in the corrected pt. This might be due to the number of tracker layers hitting boundaries. Setting those entries to their initial value.
There are 17202 events with muon pt outside of [26,200] GeV. Setting those entries to their initial value.
There are 35075 events with muon pt outside of [26,200] GeV. Setting those entries to their initial value.
There are 35076 events with muon pt outside of [26,200] GeV. Setting those entries to their initial value.
There are 136 nan entries in the corrected pt. This might be due to the number of tracker layers hitting boundaries. Setting those entries to their initial value.
There are 38116 events with muon pt outside of [26,200] GeV. Setting those entries to their initial value.
There are 44492 events with muon pt outside of [26,200] GeV. Setting those entries to their initial value.
There are 44495 events with muon pt outside of [26,200] GeV. Setting those entries to their initial value.
There are 176 nan entries in the corrected pt. This might be due to the number of tracker layers hitting boundaries. Setting those entries to their initial value.
There are 48750 events with muon pt outside of [26,200] GeV. Setting those entries to their initial value.
There are 19165 events with muon pt outside of [26,200] GeV. Setting those entries to their initial value.
There are 19165 events with muon pt outside of [26,200] GeV. Setting those entries to their initial value.
There are 72 nan entries in the corrected pt. This might be due to the number of tracker layers hitting boundaries. Setting those entries to their initial value.
There are 20939 events with muon pt outside of [26,200] GeV. Setting those entries to their initial value.
