000 (14752960.002.000) 02/26 16:23:23 Job submitted from host: <188.184.90.62:9618?addrs=188.184.90.62-9618+[2001-1458-201-e4--100-238]-9618&alias=bigbird16.cern.ch&noUDP&sock=schedd_5196_9a2f>
...
040 (14752960.002.000) 02/26 16:27:24 Started transferring input files
	Transferring to host: <188.185.210.170:9618?addrs=188.185.210.170-9618+[2001-1458-303-15--100-26]-9618&alias=b9p22p1056.cern.ch&noUDP&sock=slot1_3_7303_5fc2_175063>
...
040 (14752960.002.000) 02/26 16:27:24 Finished transferring input files
...
001 (14752960.002.000) 02/26 16:27:25 Job executing on host: <188.185.210.170:9618?addrs=188.185.210.170-9618+[2001-1458-303-15--100-26]-9618&alias=b9p22p1056.cern.ch&noUDP&sock=startd_6702_97d0>
	SlotName: slot1_3@b9p22p1056.cern.ch
	CondorScratchDir = "/pool/condor/dir_2846596"
	Cpus = 1
	Disk = 3745
	GPUs = 0
	Memory = 3000
...
006 (14752960.002.000) 02/26 16:27:39 Image size of job updated: 165428
	162  -  MemoryUsage of job (MB)
	165428  -  ResidentSetSize of job (KB)
...
006 (14752960.002.000) 02/26 16:27:43 Image size of job updated: 488596
	162  -  MemoryUsage of job (MB)
	165428  -  ResidentSetSize of job (KB)
...
040 (14752960.002.000) 02/26 16:27:44 Started transferring output files
...
040 (14752960.002.000) 02/26 16:27:44 Finished transferring output files
...
005 (14752960.002.000) 02/26 16:27:44 Job terminated.
	(1) Normal termination (return value 1)
		Usr 0 00:00:05, Sys 0 00:00:02  -  Run Remote Usage
		Usr 0 00:00:00, Sys 0 00:00:00  -  Run Local Usage
		Usr 0 00:00:05, Sys 0 00:00:02  -  Total Remote Usage
		Usr 0 00:00:00, Sys 0 00:00:00  -  Total Local Usage
	10664  -  Run Bytes Sent By Job
	13412  -  Run Bytes Received By Job
	10664  -  Total Bytes Sent By Job
	13412  -  Total Bytes Received By Job
	Partitionable Resources :    Usage  Request Allocated 
	   Cpus                 :        0        1         1 
	   Disk (KB)            :       50       17      3745 
	   GPUs                 :                           0 
	   Memory (MB)          :      162     3000      3000 
	   TimeExecute (s)      :       18                    
	   TimeSlotBusy (s)     :       21                    

	Job terminated of its own accord at 2026-02-26T15:27:43Z with exit-code 1.
...
