000 (14729961.004.000) 02/25 17:14:43 Job submitted from host: <188.184.90.62:9618?addrs=188.184.90.62-9618+[2001-1458-201-e4--100-238]-9618&alias=bigbird16.cern.ch&noUDP&sock=schedd_5196_9a2f>
...
040 (14729961.004.000) 02/25 17:18:36 Started transferring input files
	Transferring to host: <188.185.212.71:9618?addrs=188.185.212.71-9618+[2001-1458-303-18--100-43]-9618&alias=b9p25p6396.cern.ch&noUDP&sock=slot1_8_5705_7041_172305>
...
040 (14729961.004.000) 02/25 17:18:36 Finished transferring input files
...
001 (14729961.004.000) 02/25 17:18:37 Job executing on host: <188.185.212.71:9618?addrs=188.185.212.71-9618+[2001-1458-303-18--100-43]-9618&alias=b9p25p6396.cern.ch&noUDP&sock=startd_4826_d025>
	SlotName: slot1_8@b9p25p6396.cern.ch
	CondorScratchDir = "/pool/condor/dir_3771198"
	Cpus = 1
	Disk = 3832
	GPUs = 0
	Memory = 3000
...
006 (14729961.004.000) 02/25 17:18:51 Image size of job updated: 434772
	425  -  MemoryUsage of job (MB)
	434772  -  ResidentSetSize of job (KB)
...
006 (14729961.004.000) 02/25 17:21:41 Image size of job updated: 2626784
	430  -  MemoryUsage of job (MB)
	439964  -  ResidentSetSize of job (KB)
...
040 (14729961.004.000) 02/25 17:21:41 Started transferring output files
...
040 (14729961.004.000) 02/25 17:21:41 Finished transferring output files
...
005 (14729961.004.000) 02/25 17:21:41 Job terminated.
	(1) Normal termination (return value 1)
		Usr 0 00:04:02, Sys 0 00:00:09  -  Run Remote Usage
		Usr 0 00:00:00, Sys 0 00:00:00  -  Run Local Usage
		Usr 0 00:04:02, Sys 0 00:00:09  -  Total Remote Usage
		Usr 0 00:00:00, Sys 0 00:00:00  -  Total Local Usage
	19795  -  Run Bytes Sent By Job
	13347  -  Run Bytes Received By Job
	19795  -  Total Bytes Sent By Job
	13347  -  Total Bytes Received By Job
	Partitionable Resources :    Usage  Request Allocated 
	   Cpus                 :     0.06        1         1 
	   Disk (KB)            :    58          17      3832 
	   GPUs                 :                           0 
	   Memory (MB)          :   430        3000      3000 
	   TimeExecute (s)      :   184                       
	   TimeSlotBusy (s)     :   186                       

	Job terminated of its own accord at 2026-02-25T16:21:41Z with exit-code 1.
...
