000 (14729961.003.000) 02/25 17:14:43 Job submitted from host: <188.184.90.62:9618?addrs=188.184.90.62-9618+[2001-1458-201-e4--100-238]-9618&alias=bigbird16.cern.ch&noUDP&sock=schedd_5196_9a2f>
...
040 (14729961.003.000) 02/25 17:18:36 Started transferring input files
	Transferring to host: <188.185.213.148:9618?addrs=188.185.213.148-9618+[2001-1458-303-1b--100-10]-9618&alias=b9p28p0002.cern.ch&noUDP&sock=slot1_7_3152_9e79_28992>
...
040 (14729961.003.000) 02/25 17:18:36 Finished transferring input files
...
001 (14729961.003.000) 02/25 17:18:37 Job executing on host: <188.185.213.148:9618?addrs=188.185.213.148-9618+[2001-1458-303-1b--100-10]-9618&alias=b9p28p0002.cern.ch&noUDP&sock=startd_3111_7739>
	SlotName: slot1_7@b9p28p0002.cern.ch
	CondorScratchDir = "/pool/condor/dir_3820041"
	Cpus = 1
	Disk = 3826
	GPUs = 0
	Memory = 3000
...
006 (14729961.003.000) 02/25 17:18:51 Image size of job updated: 525328
	514  -  MemoryUsage of job (MB)
	525328  -  ResidentSetSize of job (KB)
...
006 (14729961.003.000) 02/25 17:21:11 Image size of job updated: 2440112
	514  -  MemoryUsage of job (MB)
	525328  -  ResidentSetSize of job (KB)
...
040 (14729961.003.000) 02/25 17:21:11 Started transferring output files
...
040 (14729961.003.000) 02/25 17:21:11 Finished transferring output files
...
005 (14729961.003.000) 02/25 17:21:11 Job terminated.
	(1) Normal termination (return value 1)
		Usr 0 00:03:00, Sys 0 00:00:08  -  Run Remote Usage
		Usr 0 00:00:00, Sys 0 00:00:00  -  Run Local Usage
		Usr 0 00:03:00, Sys 0 00:00:08  -  Total Remote Usage
		Usr 0 00:00:00, Sys 0 00:00:00  -  Total Local Usage
	18845  -  Run Bytes Sent By Job
	13347  -  Run Bytes Received By Job
	18845  -  Total Bytes Sent By Job
	13347  -  Total Bytes Received By Job
	Partitionable Resources :    Usage  Request Allocated 
	   Cpus                 :        0        1         1 
	   Disk (KB)            :       57       17      3826 
	   GPUs                 :                           0 
	   Memory (MB)          :      514     3000      3000 
	   TimeExecute (s)      :      154                    
	   TimeSlotBusy (s)     :      156                    

	Job terminated of its own accord at 2026-02-25T16:21:11Z with exit-code 1.
...
