000 (14752960.001.000) 02/26 16:23:23 Job submitted from host: <188.184.90.62:9618?addrs=188.184.90.62-9618+[2001-1458-201-e4--100-238]-9618&alias=bigbird16.cern.ch&noUDP&sock=schedd_5196_9a2f>
...
040 (14752960.001.000) 02/26 16:27:23 Started transferring input files
	Transferring to host: <188.185.214.182:9618?addrs=188.185.214.182-9618+[2001-1458-303-1d--100-32]-9618&alias=b9p30p9629.cern.ch&noUDP&sock=slot1_13_4331_54c9_166478>
...
040 (14752960.001.000) 02/26 16:27:23 Finished transferring input files
...
001 (14752960.001.000) 02/26 16:27:24 Job executing on host: <188.185.214.182:9618?addrs=188.185.214.182-9618+[2001-1458-303-1d--100-32]-9618&alias=b9p30p9629.cern.ch&noUDP&sock=startd_3711_040c>
	SlotName: slot1_13@b9p30p9629.cern.ch
	CondorScratchDir = "/pool/condor/dir_2200009"
	Cpus = 1
	Disk = 3887
	GPUs = 0
	Memory = 3000
...
006 (14752960.001.000) 02/26 16:27:39 Image size of job updated: 34180
	34  -  MemoryUsage of job (MB)
	34180  -  ResidentSetSize of job (KB)
...
006 (14752960.001.000) 02/26 16:28:04 Image size of job updated: 477392
	34  -  MemoryUsage of job (MB)
	34180  -  ResidentSetSize of job (KB)
...
040 (14752960.001.000) 02/26 16:28:04 Started transferring output files
...
040 (14752960.001.000) 02/26 16:28:04 Finished transferring output files
...
005 (14752960.001.000) 02/26 16:28:04 Job terminated.
	(1) Normal termination (return value 1)
		Usr 0 00:00:05, Sys 0 00:00:02  -  Run Remote Usage
		Usr 0 00:00:00, Sys 0 00:00:00  -  Run Local Usage
		Usr 0 00:00:05, Sys 0 00:00:02  -  Total Remote Usage
		Usr 0 00:00:00, Sys 0 00:00:00  -  Total Local Usage
	10862  -  Run Bytes Sent By Job
	13412  -  Run Bytes Received By Job
	10862  -  Total Bytes Sent By Job
	13412  -  Total Bytes Received By Job
	Partitionable Resources :    Usage  Request Allocated 
	   Cpus                 :        0        1         1 
	   Disk (KB)            :       50       17      3887 
	   GPUs                 :                           0 
	   Memory (MB)          :       34     3000      3000 
	   TimeExecute (s)      :       40                    
	   TimeSlotBusy (s)     :       42                    

	Job terminated of its own accord at 2026-02-26T15:28:04Z with exit-code 1.
...
