000 (14737676.003.000) 02/25 20:32:42 Job submitted from host: <188.184.90.62:9618?addrs=188.184.90.62-9618+[2001-1458-201-e4--100-238]-9618&alias=bigbird16.cern.ch&noUDP&sock=schedd_5196_9a2f>
...
040 (14737676.003.000) 02/25 20:36:40 Started transferring input files
	Transferring to host: <188.185.194.25:9618?addrs=188.185.194.25-9618+[2001-1458-303-21--100-15]-9618&alias=b9p20p1085.cern.ch&noUDP&sock=slot1_30_5074_d787_153554>
...
040 (14737676.003.000) 02/25 20:36:40 Finished transferring input files
...
001 (14737676.003.000) 02/25 20:36:41 Job executing on host: <188.185.194.25:9618?addrs=188.185.194.25-9618+[2001-1458-303-21--100-15]-9618&alias=b9p20p1085.cern.ch&noUDP&sock=startd_4052_e9d7>
	SlotName: slot1_30@b9p20p1085.cern.ch
	CondorScratchDir = "/pool/condor/dir_4165145"
	Cpus = 1
	Disk = 3924
	GPUs = 0
	Memory = 3000
...
006 (14737676.003.000) 02/25 20:36:56 Image size of job updated: 121976
	120  -  MemoryUsage of job (MB)
	121976  -  ResidentSetSize of job (KB)
...
006 (14737676.003.000) 02/25 20:41:56 Image size of job updated: 1764296
	1723  -  MemoryUsage of job (MB)
	1763720  -  ResidentSetSize of job (KB)
...
040 (14737676.003.000) 02/25 20:41:59 Started transferring output files
...
040 (14737676.003.000) 02/25 20:41:59 Finished transferring output files
...
005 (14737676.003.000) 02/25 20:41:59 Job terminated.
	(1) Normal termination (return value 1)
		Usr 0 00:06:25, Sys 0 00:00:10  -  Run Remote Usage
		Usr 0 00:00:00, Sys 0 00:00:00  -  Run Local Usage
		Usr 0 00:06:25, Sys 0 00:00:10  -  Total Remote Usage
		Usr 0 00:00:00, Sys 0 00:00:00  -  Total Local Usage
	18894  -  Run Bytes Sent By Job
	13416  -  Run Bytes Received By Job
	18894  -  Total Bytes Sent By Job
	13416  -  Total Bytes Received By Job
	Partitionable Resources :    Usage  Request Allocated 
	   Cpus                 :        0        1         1 
	   Disk (KB)            :       57       17      3924 
	   GPUs                 :                           0 
	   Memory (MB)          :     1723     3000      3000 
	   TimeExecute (s)      :      318                    
	   TimeSlotBusy (s)     :      319                    

	Job terminated of its own accord at 2026-02-25T19:41:59Z with exit-code 1.
...
