000 (14729961.002.000) 02/25 17:14:43 Job submitted from host: <188.184.90.62:9618?addrs=188.184.90.62-9618+[2001-1458-201-e4--100-238]-9618&alias=bigbird16.cern.ch&noUDP&sock=schedd_5196_9a2f>
...
040 (14729961.002.000) 02/25 17:18:36 Started transferring input files
	Transferring to host: <188.185.211.149:9618?addrs=188.185.211.149-9618+[2001-1458-303-17--100-11]-9618&alias=b9p24p8170.cern.ch&noUDP&sock=slot1_18_9188_86ef_165449>
...
040 (14729961.002.000) 02/25 17:18:36 Finished transferring input files
...
001 (14729961.002.000) 02/25 17:18:37 Job executing on host: <188.185.211.149:9618?addrs=188.185.211.149-9618+[2001-1458-303-17--100-11]-9618&alias=b9p24p8170.cern.ch&noUDP&sock=startd_8392_cade>
	SlotName: slot1_18@b9p24p8170.cern.ch
	CondorScratchDir = "/pool/condor/dir_1673144"
	Cpus = 1
	Disk = 3841
	GPUs = 0
	Memory = 3000
...
006 (14729961.002.000) 02/25 17:18:51 Image size of job updated: 503148
	492  -  MemoryUsage of job (MB)
	503148  -  ResidentSetSize of job (KB)
...
006 (14729961.002.000) 02/25 17:19:02 Image size of job updated: 581152
	492  -  MemoryUsage of job (MB)
	503148  -  ResidentSetSize of job (KB)
...
040 (14729961.002.000) 02/25 17:19:02 Started transferring output files
...
040 (14729961.002.000) 02/25 17:19:02 Finished transferring output files
...
005 (14729961.002.000) 02/25 17:19:03 Job terminated.
	(1) Normal termination (return value 1)
		Usr 0 00:00:20, Sys 0 00:00:02  -  Run Remote Usage
		Usr 0 00:00:00, Sys 0 00:00:00  -  Run Local Usage
		Usr 0 00:00:20, Sys 0 00:00:02  -  Total Remote Usage
		Usr 0 00:00:00, Sys 0 00:00:00  -  Total Local Usage
	13936  -  Run Bytes Sent By Job
	13347  -  Run Bytes Received By Job
	13936  -  Total Bytes Sent By Job
	13347  -  Total Bytes Received By Job
	Partitionable Resources :    Usage  Request Allocated 
	   Cpus                 :        0        1         1 
	   Disk (KB)            :       53       17      3841 
	   GPUs                 :                           0 
	   Memory (MB)          :      492     3000      3000 
	   TimeExecute (s)      :       25                    
	   TimeSlotBusy (s)     :       27                    

	Job terminated of its own accord at 2026-02-25T16:19:02Z with exit-code 1.
...
