000 (14722383.003.000) 02/25 15:24:07 Job submitted from host: <188.184.90.62:9618?addrs=188.184.90.62-9618+[2001-1458-201-e4--100-238]-9618&alias=bigbird16.cern.ch&noUDP&sock=schedd_5196_9a2f>
...
040 (14722383.003.000) 02/25 15:27:02 Started transferring input files
	Transferring to host: <188.185.204.167:9618?addrs=188.185.204.167-9618+[2001-1458-303-8--100-9b]-9618&alias=b9p02p7290.cern.ch&noUDP&sock=slot1_8_5922_55aa_147319>
...
040 (14722383.003.000) 02/25 15:27:02 Finished transferring input files
...
001 (14722383.003.000) 02/25 15:27:03 Job executing on host: <188.185.204.167:9618?addrs=188.185.204.167-9618+[2001-1458-303-8--100-9b]-9618&alias=b9p02p7290.cern.ch&noUDP&sock=startd_4935_93f7>
	SlotName: slot1_8@b9p02p7290.cern.ch
	CondorScratchDir = "/pool/condor/dir_3750016"
	Cpus = 1
	Disk = 3749
	GPUs = 0
	Memory = 3000
...
006 (14722383.003.000) 02/25 15:27:17 Image size of job updated: 541468
	529  -  MemoryUsage of job (MB)
	541468  -  ResidentSetSize of job (KB)
...
006 (14722383.003.000) 02/25 15:28:50 Image size of job updated: 2380348
	530  -  MemoryUsage of job (MB)
	542220  -  ResidentSetSize of job (KB)
...
040 (14722383.003.000) 02/25 15:28:50 Started transferring output files
...
040 (14722383.003.000) 02/25 15:28:50 Finished transferring output files
...
005 (14722383.003.000) 02/25 15:28:50 Job terminated.
	(1) Normal termination (return value 1)
		Usr 0 00:03:04, Sys 0 00:00:08  -  Run Remote Usage
		Usr 0 00:00:00, Sys 0 00:00:00  -  Run Local Usage
		Usr 0 00:03:04, Sys 0 00:00:08  -  Total Remote Usage
		Usr 0 00:00:00, Sys 0 00:00:00  -  Total Local Usage
	18844  -  Run Bytes Sent By Job
	13384  -  Run Bytes Received By Job
	18844  -  Total Bytes Sent By Job
	13384  -  Total Bytes Received By Job
	Partitionable Resources :    Usage  Request Allocated 
	   Cpus                 :        0        1         1 
	   Disk (KB)            :       62       17      3749 
	   GPUs                 :                           0 
	   Memory (MB)          :      530     3000      3000 
	   TimeExecute (s)      :      107                    
	   TimeSlotBusy (s)     :      109                    

	Job terminated of its own accord at 2026-02-25T14:28:50Z with exit-code 1.
...
