000 (14722383.001.000) 02/25 15:24:07 Job submitted from host: <188.184.90.62:9618?addrs=188.184.90.62-9618+[2001-1458-201-e4--100-238]-9618&alias=bigbird16.cern.ch&noUDP&sock=schedd_5196_9a2f>
...
040 (14722383.001.000) 02/25 15:27:01 Started transferring input files
	Transferring to host: <188.185.201.70:9618?addrs=188.185.201.70-9618+[2001-1458-303-31--100-43]-9618&alias=b9p35p0030.cern.ch&noUDP&sock=slot1_16_4134_86e1_30903>
...
040 (14722383.001.000) 02/25 15:27:01 Finished transferring input files
...
001 (14722383.001.000) 02/25 15:27:02 Job executing on host: <188.185.201.70:9618?addrs=188.185.201.70-9618+[2001-1458-303-31--100-43]-9618&alias=b9p35p0030.cern.ch&noUDP&sock=startd_4037_9feb>
	SlotName: slot1_16@b9p35p0030.cern.ch
	CondorScratchDir = "/pool/condor/dir_4110409"
	Cpus = 1
	Disk = 6568
	GPUs = 0
	Memory = 3000
...
006 (14722383.001.000) 02/25 15:27:16 Image size of job updated: 593276
	580  -  MemoryUsage of job (MB)
	593276  -  ResidentSetSize of job (KB)
...
006 (14722383.001.000) 02/25 15:28:34 Image size of job updated: 2685056
	580  -  MemoryUsage of job (MB)
	593428  -  ResidentSetSize of job (KB)
...
040 (14722383.001.000) 02/25 15:28:34 Started transferring output files
...
040 (14722383.001.000) 02/25 15:28:35 Finished transferring output files
...
005 (14722383.001.000) 02/25 15:28:35 Job terminated.
	(1) Normal termination (return value 1)
		Usr 0 00:01:38, Sys 0 00:00:02  -  Run Remote Usage
		Usr 0 00:00:00, Sys 0 00:00:00  -  Run Local Usage
		Usr 0 00:01:38, Sys 0 00:00:02  -  Total Remote Usage
		Usr 0 00:00:00, Sys 0 00:00:00  -  Total Local Usage
	19341  -  Run Bytes Sent By Job
	13384  -  Run Bytes Received By Job
	19341  -  Total Bytes Sent By Job
	13384  -  Total Bytes Received By Job
	Partitionable Resources :    Usage  Request Allocated 
	   Cpus                 :        0        1         1 
	   Disk (KB)            :       60       17      6568 
	   GPUs                 :                           0 
	   Memory (MB)          :      580     3000      3000 
	   TimeExecute (s)      :       92                    
	   TimeSlotBusy (s)     :       95                    

	Job terminated of its own accord at 2026-02-25T14:28:34Z with exit-code 1.
...
