000 (14737676.002.000) 02/25 20:32:42 Job submitted from host: <188.184.90.62:9618?addrs=188.184.90.62-9618+[2001-1458-201-e4--100-238]-9618&alias=bigbird16.cern.ch&noUDP&sock=schedd_5196_9a2f>
...
040 (14737676.002.000) 02/25 20:36:23 Started transferring input files
	Transferring to host: <188.185.209.7:9618?addrs=188.185.209.7-9618+[2001-1458-303-11--100-4]-9618&alias=b9p11p5611.cern.ch&noUDP&sock=slot1_2_6710_8d4a_149446>
...
040 (14737676.002.000) 02/25 20:36:23 Finished transferring input files
...
001 (14737676.002.000) 02/25 20:36:24 Job executing on host: <188.185.209.7:9618?addrs=188.185.209.7-9618+[2001-1458-303-11--100-4]-9618&alias=b9p11p5611.cern.ch&noUDP&sock=startd_5721_b568>
	SlotName: slot1_2@b9p11p5611.cern.ch
	CondorScratchDir = "/pool/condor/dir_1153062"
	Cpus = 1
	Disk = 3688
	GPUs = 0
	Memory = 3000
...
006 (14737676.002.000) 02/25 20:36:39 Image size of job updated: 521420
	510  -  MemoryUsage of job (MB)
	521420  -  ResidentSetSize of job (KB)
...
006 (14737676.002.000) 02/25 20:36:55 Image size of job updated: 599372
	510  -  MemoryUsage of job (MB)
	521488  -  ResidentSetSize of job (KB)
...
040 (14737676.002.000) 02/25 20:36:55 Started transferring output files
...
040 (14737676.002.000) 02/25 20:36:55 Finished transferring output files
...
005 (14737676.002.000) 02/25 20:36:55 Job terminated.
	(1) Normal termination (return value 1)
		Usr 0 00:00:25, Sys 0 00:00:02  -  Run Remote Usage
		Usr 0 00:00:00, Sys 0 00:00:00  -  Run Local Usage
		Usr 0 00:00:25, Sys 0 00:00:02  -  Total Remote Usage
		Usr 0 00:00:00, Sys 0 00:00:00  -  Total Local Usage
	13975  -  Run Bytes Sent By Job
	13416  -  Run Bytes Received By Job
	13975  -  Total Bytes Sent By Job
	13416  -  Total Bytes Received By Job
	Partitionable Resources :    Usage  Request Allocated 
	   Cpus                 :        0        1         1 
	   Disk (KB)            :       56       17      3688 
	   GPUs                 :                           0 
	   Memory (MB)          :      510     3000      3000 
	   TimeExecute (s)      :       31                    
	   TimeSlotBusy (s)     :       33                    

	Job terminated of its own accord at 2026-02-25T19:36:55Z with exit-code 1.
...
