000 (14788603.003.000) 03/03 04:17:57 Job submitted from host: <188.184.90.62:9618?addrs=188.184.90.62-9618+[2001-1458-201-e4--100-238]-9618&alias=bigbird16.cern.ch&noUDP&sock=schedd_5196_9a2f>
...
040 (14788603.003.000) 03/03 04:18:43 Started transferring input files
	Transferring to host: <188.185.214.33:9618?addrs=188.185.214.33-9618+[2001-1458-303-1c--100-1d]-9618&alias=b9p29p1446.cern.ch&noUDP&sock=slot1_34_3522_5148_178215>
...
040 (14788603.003.000) 03/03 04:18:43 Finished transferring input files
...
001 (14788603.003.000) 03/03 04:18:44 Job executing on host: <188.185.214.33:9618?addrs=188.185.214.33-9618+[2001-1458-303-1c--100-1d]-9618&alias=b9p29p1446.cern.ch&noUDP&sock=startd_3000_5435>
	SlotName: slot1_34@b9p29p1446.cern.ch
	CondorScratchDir = "/pool/condor/dir_1047420"
	Cpus = 1
	Disk = 3788
	GPUs = 0
	Memory = 3000
...
006 (14788603.003.000) 03/03 04:18:58 Image size of job updated: 487136
	476  -  MemoryUsage of job (MB)
	487136  -  ResidentSetSize of job (KB)
...
006 (14788603.003.000) 03/03 04:23:58 Image size of job updated: 3967092
	3743  -  MemoryUsage of job (MB)
	3832704  -  ResidentSetSize of job (KB)
...
006 (14788603.003.000) 03/03 04:28:58 Image size of job updated: 4626124
	4488  -  MemoryUsage of job (MB)
	4595432  -  ResidentSetSize of job (KB)
...
006 (14788603.003.000) 03/03 04:33:59 Image size of job updated: 4762568
	4651  -  MemoryUsage of job (MB)
	4762568  -  ResidentSetSize of job (KB)
...
040 (14788603.003.000) 03/03 04:34:06 Started transferring output files
...
040 (14788603.003.000) 03/03 04:34:06 Finished transferring output files
...
005 (14788603.003.000) 03/03 04:34:06 Job terminated.
	(1) Normal termination (return value 1)
		Usr 0 00:28:13, Sys 0 00:00:59  -  Run Remote Usage
		Usr 0 00:00:00, Sys 0 00:00:00  -  Run Local Usage
		Usr 0 00:28:13, Sys 0 00:00:59  -  Total Remote Usage
		Usr 0 00:00:00, Sys 0 00:00:00  -  Total Local Usage
	42124  -  Run Bytes Sent By Job
	27298  -  Run Bytes Received By Job
	42124  -  Total Bytes Sent By Job
	27298  -  Total Bytes Received By Job
	Partitionable Resources :    Usage  Request Allocated 
	   Cpus                 :     0.85        1         1 
	   Disk (KB)            :    94          30      3788 
	   GPUs                 :                           0 
	   Memory (MB)          :  4651        3000      3000 
	   TimeExecute (s)      :   922                       
	   TimeSlotBusy (s)     :   924                       

	Job terminated of its own accord at 2026-03-03T03:34:06Z with exit-code 1.
...
