000 (14788603.011.000) 03/03 04:17:57 Job submitted from host: <188.184.90.62:9618?addrs=188.184.90.62-9618+[2001-1458-201-e4--100-238]-9618&alias=bigbird16.cern.ch&noUDP&sock=schedd_5196_9a2f>
...
040 (14788603.011.000) 03/03 04:18:42 Started transferring input files
	Transferring to host: <188.185.214.65:9618?addrs=188.185.214.65-9618+[2001-1458-303-1c--100-3d]-9618&alias=b9p29p0733.cern.ch&noUDP&sock=slot1_25_5117_23a9_207228>
...
040 (14788603.011.000) 03/03 04:18:42 Finished transferring input files
...
001 (14788603.011.000) 03/03 04:18:43 Job executing on host: <188.185.214.65:9618?addrs=188.185.214.65-9618+[2001-1458-303-1c--100-3d]-9618&alias=b9p29p0733.cern.ch&noUDP&sock=startd_4180_b5f6>
	SlotName: slot1_25@b9p29p0733.cern.ch
	CondorScratchDir = "/pool/condor/dir_522355"
	Cpus = 1
	Disk = 3937
	GPUs = 0
	Memory = 3000
...
006 (14788603.011.000) 03/03 04:18:57 Image size of job updated: 475812
	465  -  MemoryUsage of job (MB)
	475812  -  ResidentSetSize of job (KB)
...
006 (14788603.011.000) 03/03 04:23:57 Image size of job updated: 4076056
	3953  -  MemoryUsage of job (MB)
	4046896  -  ResidentSetSize of job (KB)
...
006 (14788603.011.000) 03/03 04:24:49 Image size of job updated: 4111876
	3953  -  MemoryUsage of job (MB)
	4047104  -  ResidentSetSize of job (KB)
...
040 (14788603.011.000) 03/03 04:24:49 Started transferring output files
...
040 (14788603.011.000) 03/03 04:24:49 Finished transferring output files
...
005 (14788603.011.000) 03/03 04:24:49 Job terminated.
	(1) Normal termination (return value 1)
		Usr 0 00:09:57, Sys 0 00:00:20  -  Run Remote Usage
		Usr 0 00:00:00, Sys 0 00:00:00  -  Run Local Usage
		Usr 0 00:09:57, Sys 0 00:00:20  -  Total Remote Usage
		Usr 0 00:00:00, Sys 0 00:00:00  -  Total Local Usage
	25685  -  Run Bytes Sent By Job
	27298  -  Run Bytes Received By Job
	25685  -  Total Bytes Sent By Job
	27298  -  Total Bytes Received By Job
	Partitionable Resources :    Usage  Request Allocated 
	   Cpus                 :     2.28        1         1 
	   Disk (KB)            :    78          30      3937 
	   GPUs                 :                           0 
	   Memory (MB)          :  3953        3000      3000 
	   TimeExecute (s)      :   366                       
	   TimeSlotBusy (s)     :   368                       

	Job terminated of its own accord at 2026-03-03T03:24:49Z with exit-code 1.
...
