000 (14788603.002.000) 03/03 04:17:57 Job submitted from host: <188.184.90.62:9618?addrs=188.184.90.62-9618+[2001-1458-201-e4--100-238]-9618&alias=bigbird16.cern.ch&noUDP&sock=schedd_5196_9a2f>
...
040 (14788603.002.000) 03/03 04:18:39 Started transferring input files
	Transferring to host: <188.185.212.85:9618?addrs=188.185.212.85-9618+[2001-1458-303-18--100-51]-9618&alias=b9p25p7345.cern.ch&noUDP&sock=slot1_23_6312_1ffa_174810>
...
040 (14788603.002.000) 03/03 04:18:39 Finished transferring input files
...
001 (14788603.002.000) 03/03 04:18:40 Job executing on host: <188.185.212.85:9618?addrs=188.185.212.85-9618+[2001-1458-303-18--100-51]-9618&alias=b9p25p7345.cern.ch&noUDP&sock=startd_5547_5bed>
	SlotName: slot1_23@b9p25p7345.cern.ch
	CondorScratchDir = "/pool/condor/dir_1356358"
	Cpus = 1
	Disk = 3780
	GPUs = 0
	Memory = 3000
...
006 (14788603.002.000) 03/03 04:18:54 Image size of job updated: 38016
	38  -  MemoryUsage of job (MB)
	38016  -  ResidentSetSize of job (KB)
...
006 (14788603.002.000) 03/03 04:23:54 Image size of job updated: 4152976
	4056  -  MemoryUsage of job (MB)
	4152976  -  ResidentSetSize of job (KB)
...
006 (14788603.002.000) 03/03 04:27:44 Image size of job updated: 4165264
	4068  -  MemoryUsage of job (MB)
	4165264  -  ResidentSetSize of job (KB)
...
040 (14788603.002.000) 03/03 04:27:44 Started transferring output files
...
040 (14788603.002.000) 03/03 04:27:44 Finished transferring output files
...
005 (14788603.002.000) 03/03 04:27:44 Job terminated.
	(1) Normal termination (return value 1)
		Usr 0 00:13:48, Sys 0 00:00:33  -  Run Remote Usage
		Usr 0 00:00:00, Sys 0 00:00:00  -  Run Local Usage
		Usr 0 00:13:48, Sys 0 00:00:33  -  Total Remote Usage
		Usr 0 00:00:00, Sys 0 00:00:00  -  Total Local Usage
	26367  -  Run Bytes Sent By Job
	27298  -  Run Bytes Received By Job
	26367  -  Total Bytes Sent By Job
	27298  -  Total Bytes Received By Job
	Partitionable Resources :    Usage  Request Allocated 
	   Cpus                 :     1.09        1         1 
	   Disk (KB)            :    79          30      3780 
	   GPUs                 :                           0 
	   Memory (MB)          :  4068        3000      3000 
	   TimeExecute (s)      :   544                       
	   TimeSlotBusy (s)     :   546                       

	Job terminated of its own accord at 2026-03-03T03:27:44Z with exit-code 1.
...
