000 (14788603.008.000) 03/03 04:17:57 Job submitted from host: <188.184.90.62:9618?addrs=188.184.90.62-9618+[2001-1458-201-e4--100-238]-9618&alias=bigbird16.cern.ch&noUDP&sock=schedd_5196_9a2f>
...
040 (14788603.008.000) 03/03 04:18:41 Started transferring input files
	Transferring to host: <188.185.212.141:9618?addrs=188.185.212.141-9618+[2001-1458-303-19--100-9]-9618&alias=b9p26p6221.cern.ch&noUDP&sock=slot1_14_5673_e440_182205>
...
040 (14788603.008.000) 03/03 04:18:41 Finished transferring input files
...
001 (14788603.008.000) 03/03 04:18:42 Job executing on host: <188.185.212.141:9618?addrs=188.185.212.141-9618+[2001-1458-303-19--100-9]-9618&alias=b9p26p6221.cern.ch&noUDP&sock=startd_4755_1ceb>
	SlotName: slot1_14@b9p26p6221.cern.ch
	CondorScratchDir = "/pool/condor/dir_4127528"
	Cpus = 1
	Disk = 3778
	GPUs = 0
	Memory = 3000
...
006 (14788603.008.000) 03/03 04:18:56 Image size of job updated: 536876
	525  -  MemoryUsage of job (MB)
	536876  -  ResidentSetSize of job (KB)
...
006 (14788603.008.000) 03/03 04:23:57 Image size of job updated: 4189300
	4077  -  MemoryUsage of job (MB)
	4174416  -  ResidentSetSize of job (KB)
...
006 (14788603.008.000) 03/03 04:28:35 Image size of job updated: 4601296
	4077  -  MemoryUsage of job (MB)
	4174416  -  ResidentSetSize of job (KB)
...
040 (14788603.008.000) 03/03 04:28:35 Started transferring output files
...
040 (14788603.008.000) 03/03 04:28:35 Finished transferring output files
...
005 (14788603.008.000) 03/03 04:28:35 Job terminated.
	(1) Normal termination (return value 1)
		Usr 0 00:16:21, Sys 0 00:00:35  -  Run Remote Usage
		Usr 0 00:00:00, Sys 0 00:00:00  -  Run Local Usage
		Usr 0 00:16:21, Sys 0 00:00:35  -  Total Remote Usage
		Usr 0 00:00:00, Sys 0 00:00:00  -  Total Local Usage
	32570  -  Run Bytes Sent By Job
	27298  -  Run Bytes Received By Job
	32570  -  Total Bytes Sent By Job
	27298  -  Total Bytes Received By Job
	Partitionable Resources :    Usage  Request Allocated 
	   Cpus                 :        0        1         1 
	   Disk (KB)            :       84       30      3778 
	   GPUs                 :                           0 
	   Memory (MB)          :     4077     3000      3000 
	   TimeExecute (s)      :      593                    
	   TimeSlotBusy (s)     :      595                    

	Job terminated of its own accord at 2026-03-03T03:28:35Z with exit-code 1.
...
