000 (14788603.007.000) 03/03 04:17:57 Job submitted from host: <188.184.90.62:9618?addrs=188.184.90.62-9618+[2001-1458-201-e4--100-238]-9618&alias=bigbird16.cern.ch&noUDP&sock=schedd_5196_9a2f>
...
040 (14788603.007.000) 03/03 04:18:41 Started transferring input files
	Transferring to host: <188.185.210.47:9618?addrs=188.185.210.47-9618+[2001-1458-303-1--100-2b]-9618&alias=b9p21p1789.cern.ch&noUDP&sock=slot1_35_6699_cd29_178609>
...
040 (14788603.007.000) 03/03 04:18:41 Finished transferring input files
...
001 (14788603.007.000) 03/03 04:18:42 Job executing on host: <188.185.210.47:9618?addrs=188.185.210.47-9618+[2001-1458-303-1--100-2b]-9618&alias=b9p21p1789.cern.ch&noUDP&sock=startd_5805_535c>
	SlotName: slot1_35@b9p21p1789.cern.ch
	CondorScratchDir = "/pool/condor/dir_1820566"
	Cpus = 1
	Disk = 3780
	GPUs = 0
	Memory = 3000
...
006 (14788603.007.000) 03/03 04:18:56 Image size of job updated: 560848
	548  -  MemoryUsage of job (MB)
	560848  -  ResidentSetSize of job (KB)
...
006 (14788603.007.000) 03/03 04:23:57 Image size of job updated: 4046108
	3887  -  MemoryUsage of job (MB)
	3979596  -  ResidentSetSize of job (KB)
...
006 (14788603.007.000) 03/03 04:27:25 Image size of job updated: 4336828
	3887  -  MemoryUsage of job (MB)
	3979596  -  ResidentSetSize of job (KB)
...
040 (14788603.007.000) 03/03 04:27:25 Started transferring output files
...
040 (14788603.007.000) 03/03 04:27:25 Finished transferring output files
...
005 (14788603.007.000) 03/03 04:27:25 Job terminated.
	(1) Normal termination (return value 1)
		Usr 0 00:17:44, Sys 0 00:00:37  -  Run Remote Usage
		Usr 0 00:00:00, Sys 0 00:00:00  -  Run Local Usage
		Usr 0 00:17:44, Sys 0 00:00:37  -  Total Remote Usage
		Usr 0 00:00:00, Sys 0 00:00:00  -  Total Local Usage
	31426  -  Run Bytes Sent By Job
	27298  -  Run Bytes Received By Job
	31426  -  Total Bytes Sent By Job
	27298  -  Total Bytes Received By Job
	Partitionable Resources :    Usage  Request Allocated 
	   Cpus                 :     1.18        1         1 
	   Disk (KB)            :    83          30      3780 
	   GPUs                 :                           0 
	   Memory (MB)          :  3887        3000      3000 
	   TimeExecute (s)      :   523                       
	   TimeSlotBusy (s)     :   525                       

	Job terminated of its own accord at 2026-03-03T03:27:25Z with exit-code 1.
...
