000 (14526963.007.000) 02/14 21:30:49 Job submitted from host: <188.184.90.62:9618?addrs=188.184.90.62-9618+[2001-1458-201-e4--100-238]-9618&alias=bigbird16.cern.ch&noUDP&sock=schedd_5196_9a2f>
...
040 (14526963.007.000) 02/14 21:31:58 Started transferring input files
	Transferring to host: <188.185.210.213:9618?addrs=188.185.210.213-9618+[2001-1458-303-15--100-51]-9618&alias=b9p22p5430.cern.ch&noUDP&sock=slot1_6_4213_3084_191212>
...
040 (14526963.007.000) 02/14 21:31:58 Finished transferring input files
...
001 (14526963.007.000) 02/14 21:31:59 Job executing on host: <188.185.210.213:9618?addrs=188.185.210.213-9618+[2001-1458-303-15--100-51]-9618&alias=b9p22p5430.cern.ch&noUDP&sock=startd_3544_77bb>
	SlotName: slot1_6@b9p22p5430.cern.ch
	CondorScratchDir = "/pool/condor/dir_2916360"
	Cpus = 1
	Disk = 3765
	GPUs = 0
	Memory = 3000
...
006 (14526963.007.000) 02/14 21:32:13 Image size of job updated: 140920
	138  -  MemoryUsage of job (MB)
	140920  -  ResidentSetSize of job (KB)
...
006 (14526963.007.000) 02/14 21:35:42 Image size of job updated: 2035608
	138  -  MemoryUsage of job (MB)
	140920  -  ResidentSetSize of job (KB)
...
040 (14526963.007.000) 02/14 21:35:42 Started transferring output files
...
040 (14526963.007.000) 02/14 21:35:42 Finished transferring output files
...
004 (14526963.007.000) 02/14 21:35:42 Job was evicted.
	(0) CPU times
		Usr 0 00:07:13, Sys 0 00:00:13  -  Run Remote Usage
		Usr 0 00:00:00, Sys 0 00:00:00  -  Run Local Usage
	7137  -  Run Bytes Sent By Job
	20772  -  Run Bytes Received By Job
	Partitionable Resources :    Usage  Request Allocated 
	   Cpus                 :     0.08        1         1 
	   Disk (KB)            :    53          25      3765 
	   GPUs                 :                           0 
	   Memory (MB)          :   138        3000      3000 
	   TimeExecute (s)      :   223                       
	   TimeSlotBusy (s)     :   225                       
...
009 (14526963.007.000) 02/14 21:35:42 Job was aborted.
	via condor_rm (by user driosper)
...
