000 (14526963.006.000) 02/14 21:30:49 Job submitted from host: <188.184.90.62:9618?addrs=188.184.90.62-9618+[2001-1458-201-e4--100-238]-9618&alias=bigbird16.cern.ch&noUDP&sock=schedd_5196_9a2f>
...
040 (14526963.006.000) 02/14 21:31:58 Started transferring input files
	Transferring to host: <188.185.192.185:9618?addrs=188.185.192.185-9618+[2001-1458-303-1f--100-b5]-9618&alias=b9p13p1927.cern.ch&noUDP&sock=slot1_2_5641_583e_150760>
...
040 (14526963.006.000) 02/14 21:31:58 Finished transferring input files
...
001 (14526963.006.000) 02/14 21:31:59 Job executing on host: <188.185.192.185:9618?addrs=188.185.192.185-9618+[2001-1458-303-1f--100-b5]-9618&alias=b9p13p1927.cern.ch&noUDP&sock=startd_4361_dc9b>
	SlotName: slot1_2@b9p13p1927.cern.ch
	CondorScratchDir = "/pool/condor/dir_1581533"
	Cpus = 1
	Disk = 3792
	GPUs = 0
	Memory = 3000
...
006 (14526963.006.000) 02/14 21:32:13 Image size of job updated: 151848
	149  -  MemoryUsage of job (MB)
	151848  -  ResidentSetSize of job (KB)
...
006 (14526963.006.000) 02/14 21:35:41 Image size of job updated: 1888676
	149  -  MemoryUsage of job (MB)
	151964  -  ResidentSetSize of job (KB)
...
040 (14526963.006.000) 02/14 21:35:41 Started transferring output files
...
040 (14526963.006.000) 02/14 21:35:41 Finished transferring output files
...
004 (14526963.006.000) 02/14 21:35:41 Job was evicted.
	(0) CPU times
		Usr 0 00:07:25, Sys 0 00:00:11  -  Run Remote Usage
		Usr 0 00:00:00, Sys 0 00:00:00  -  Run Local Usage
	6100  -  Run Bytes Sent By Job
	20772  -  Run Bytes Received By Job
	Partitionable Resources :    Usage  Request Allocated 
	   Cpus                 :     2.52        1         1 
	   Disk (KB)            :    52          25      3792 
	   GPUs                 :                           0 
	   Memory (MB)          :   149        3000      3000 
	   TimeExecute (s)      :   222                       
	   TimeSlotBusy (s)     :   224                       
...
009 (14526963.006.000) 02/14 21:35:41 Job was aborted.
	via condor_rm (by user driosper)
...
