000 (14526963.001.000) 02/14 21:30:48 Job submitted from host: <188.184.90.62:9618?addrs=188.184.90.62-9618+[2001-1458-201-e4--100-238]-9618&alias=bigbird16.cern.ch&noUDP&sock=schedd_5196_9a2f>
...
040 (14526963.001.000) 02/14 21:31:56 Started transferring input files
	Transferring to host: <188.185.209.58:9618?addrs=188.185.209.58-9618+[2001-1458-303-11--100-37]-9618&alias=b9p11p4911.cern.ch&noUDP&sock=slot1_9_9030_33a8_147855>
...
040 (14526963.001.000) 02/14 21:31:56 Finished transferring input files
...
001 (14526963.001.000) 02/14 21:31:57 Job executing on host: <188.185.209.58:9618?addrs=188.185.209.58-9618+[2001-1458-303-11--100-37]-9618&alias=b9p11p4911.cern.ch&noUDP&sock=startd_7484_fae0>
	SlotName: slot1_9@b9p11p4911.cern.ch
	CondorScratchDir = "/pool/condor/dir_3319434"
	Cpus = 1
	Disk = 3673
	GPUs = 0
	Memory = 3000
...
006 (14526963.001.000) 02/14 21:32:11 Image size of job updated: 225936
	221  -  MemoryUsage of job (MB)
	225936  -  ResidentSetSize of job (KB)
...
006 (14526963.001.000) 02/14 21:35:41 Image size of job updated: 2080152
	221  -  MemoryUsage of job (MB)
	225936  -  ResidentSetSize of job (KB)
...
040 (14526963.001.000) 02/14 21:35:41 Started transferring output files
...
040 (14526963.001.000) 02/14 21:35:41 Finished transferring output files
...
004 (14526963.001.000) 02/14 21:35:41 Job was evicted.
	(0) CPU times
		Usr 0 00:11:09, Sys 0 00:00:17  -  Run Remote Usage
		Usr 0 00:00:00, Sys 0 00:00:00  -  Run Local Usage
	7164  -  Run Bytes Sent By Job
	20772  -  Run Bytes Received By Job
	Partitionable Resources :    Usage  Request Allocated 
	   Cpus                 :        0        1         1 
	   Disk (KB)            :       53       25      3673 
	   GPUs                 :                           0 
	   Memory (MB)          :      221     3000      3000 
	   TimeExecute (s)      :      224                    
	   TimeSlotBusy (s)     :      226                    
...
009 (14526963.001.000) 02/14 21:35:41 Job was aborted.
	via condor_rm (by user driosper)
...
