000 (14526963.008.000) 02/14 21:30:49 Job submitted from host: <188.184.90.62:9618?addrs=188.184.90.62-9618+[2001-1458-201-e4--100-238]-9618&alias=bigbird16.cern.ch&noUDP&sock=schedd_5196_9a2f>
...
040 (14526963.008.000) 02/14 21:31:59 Started transferring input files
	Transferring to host: <188.185.209.148:9618?addrs=188.185.209.148-9618+[2001-1458-303-12--100-11]-9618&alias=b9p12p3536.cern.ch&noUDP&sock=slot1_7_4687_2a58_147991>
...
040 (14526963.008.000) 02/14 21:31:59 Finished transferring input files
...
001 (14526963.008.000) 02/14 21:32:00 Job executing on host: <188.185.209.148:9618?addrs=188.185.209.148-9618+[2001-1458-303-12--100-11]-9618&alias=b9p12p3536.cern.ch&noUDP&sock=startd_3951_a2c6>
	SlotName: slot1_7@b9p12p3536.cern.ch
	CondorScratchDir = "/pool/condor/dir_2165496"
	Cpus = 1
	Disk = 3742
	GPUs = 0
	Memory = 3000
...
006 (14526963.008.000) 02/14 21:32:14 Image size of job updated: 124516
	122  -  MemoryUsage of job (MB)
	124516  -  ResidentSetSize of job (KB)
...
006 (14526963.008.000) 02/14 21:35:42 Image size of job updated: 1913056
	122  -  MemoryUsage of job (MB)
	124540  -  ResidentSetSize of job (KB)
...
040 (14526963.008.000) 02/14 21:35:42 Started transferring output files
...
040 (14526963.008.000) 02/14 21:35:42 Finished transferring output files
...
004 (14526963.008.000) 02/14 21:35:42 Job was evicted.
	(0) CPU times
		Usr 0 00:05:34, Sys 0 00:00:13  -  Run Remote Usage
		Usr 0 00:00:00, Sys 0 00:00:00  -  Run Local Usage
	6635  -  Run Bytes Sent By Job
	20772  -  Run Bytes Received By Job
	Partitionable Resources :    Usage  Request Allocated 
	   Cpus                 :     0.94        1         1 
	   Disk (KB)            :    53          25      3742 
	   GPUs                 :                           0 
	   Memory (MB)          :   122        3000      3000 
	   TimeExecute (s)      :   222                       
	   TimeSlotBusy (s)     :   224                       
...
009 (14526963.008.000) 02/14 21:35:42 Job was aborted.
	via condor_rm (by user driosper)
...
