000 (14526963.005.000) 02/14 21:30:48 Job submitted from host: <188.184.90.62:9618?addrs=188.184.90.62-9618+[2001-1458-201-e4--100-238]-9618&alias=bigbird16.cern.ch&noUDP&sock=schedd_5196_9a2f>
...
040 (14526963.005.000) 02/14 21:31:58 Started transferring input files
	Transferring to host: <128.142.161.137:9618?addrs=128.142.161.137-9618+[2001-1458-301-b9--100-6]-9618&alias=b9g03p1001.cern.ch&noUDP&sock=slot1_1_5472_44d8_71866>
...
040 (14526963.005.000) 02/14 21:31:58 Finished transferring input files
...
001 (14526963.005.000) 02/14 21:31:59 Job executing on host: <128.142.161.137:9618?addrs=128.142.161.137-9618+[2001-1458-301-b9--100-6]-9618&alias=b9g03p1001.cern.ch&noUDP&sock=startd_4903_a0f0>
	SlotName: slot1_1@b9g03p1001.cern.ch
	CondorScratchDir = "/pool/condor/dir_1275818"
	Cpus = 1
	Disk = 3790
	GPUs = 0
	Memory = 3000
...
006 (14526963.005.000) 02/14 21:32:13 Image size of job updated: 138836
	136  -  MemoryUsage of job (MB)
	138836  -  ResidentSetSize of job (KB)
...
006 (14526963.005.000) 02/14 21:35:41 Image size of job updated: 1993304
	136  -  MemoryUsage of job (MB)
	138836  -  ResidentSetSize of job (KB)
...
040 (14526963.005.000) 02/14 21:35:41 Started transferring output files
...
040 (14526963.005.000) 02/14 21:35:41 Finished transferring output files
...
004 (14526963.005.000) 02/14 21:35:41 Job was evicted.
	(0) CPU times
		Usr 0 00:09:36, Sys 0 00:00:14  -  Run Remote Usage
		Usr 0 00:00:00, Sys 0 00:00:00  -  Run Local Usage
	6534  -  Run Bytes Sent By Job
	20772  -  Run Bytes Received By Job
	Partitionable Resources :    Usage  Request Allocated 
	   Cpus                 :     3.86        1         1 
	   Disk (KB)            :    53          25      3790 
	   GPUs                 :                           0 
	   Memory (MB)          :   136        3000      3000 
	   TimeExecute (s)      :   222                       
	   TimeSlotBusy (s)     :   224                       
...
009 (14526963.005.000) 02/14 21:35:41 Job was aborted.
	via condor_rm (by user driosper)
...
