000 (14526963.002.000) 02/14 21:30:48 Job submitted from host: <188.184.90.62:9618?addrs=188.184.90.62-9618+[2001-1458-201-e4--100-238]-9618&alias=bigbird16.cern.ch&noUDP&sock=schedd_5196_9a2f>
...
040 (14526963.002.000) 02/14 21:31:57 Started transferring input files
	Transferring to host: <188.185.208.213:9618?addrs=188.185.208.213-9618+[2001-1458-303-10--100-52]-9618&alias=b9p10p8609.cern.ch&noUDP&sock=slot1_7_4364_952b_145902>
...
040 (14526963.002.000) 02/14 21:31:57 Finished transferring input files
...
001 (14526963.002.000) 02/14 21:31:58 Job executing on host: <188.185.208.213:9618?addrs=188.185.208.213-9618+[2001-1458-303-10--100-52]-9618&alias=b9p10p8609.cern.ch&noUDP&sock=startd_3652_8bf5>
	SlotName: slot1_7@b9p10p8609.cern.ch
	CondorScratchDir = "/pool/condor/dir_3199413"
	Cpus = 1
	Disk = 3666
	GPUs = 0
	Memory = 3000
...
006 (14526963.002.000) 02/14 21:32:12 Image size of job updated: 179448
	176  -  MemoryUsage of job (MB)
	179448  -  ResidentSetSize of job (KB)
...
006 (14526963.002.000) 02/14 21:35:41 Image size of job updated: 2015716
	176  -  MemoryUsage of job (MB)
	179448  -  ResidentSetSize of job (KB)
...
040 (14526963.002.000) 02/14 21:35:41 Started transferring output files
...
040 (14526963.002.000) 02/14 21:35:41 Finished transferring output files
...
004 (14526963.002.000) 02/14 21:35:41 Job was evicted.
	(0) CPU times
		Usr 0 00:08:04, Sys 0 00:00:16  -  Run Remote Usage
		Usr 0 00:00:00, Sys 0 00:00:00  -  Run Local Usage
	6900  -  Run Bytes Sent By Job
	20772  -  Run Bytes Received By Job
	Partitionable Resources :    Usage  Request Allocated 
	   Cpus                 :     2.53        1         1 
	   Disk (KB)            :    53          25      3666 
	   GPUs                 :                           0 
	   Memory (MB)          :   176        3000      3000 
	   TimeExecute (s)      :   223                       
	   TimeSlotBusy (s)     :   225                       
...
009 (14526963.002.000) 02/14 21:35:41 Job was aborted.
	via condor_rm (by user driosper)
...
