subject   : /DC=ch/DC=cern/OU=Organic Units/OU=Users/CN=driosper/CN=886669/CN=Diego Alejandro Rios Perez/CN=2735051137
issuer    : /DC=ch/DC=cern/OU=Organic Units/OU=Users/CN=driosper/CN=886669/CN=Diego Alejandro Rios Perez
identity  : /DC=ch/DC=cern/OU=Organic Units/OU=Users/CN=driosper/CN=886669/CN=Diego Alejandro Rios Perez
type      : RFC compliant proxy
strength  : 2048 bits
path      : /afs/cern.ch/user/d/driosper/private/x509up_u182284
timeleft  : 5:19:00
key usage : Digital Signature, Key Encipherment
=== VO cms extension information ===
VO        : cms
subject   : /DC=ch/DC=cern/OU=Organic Units/OU=Users/CN=driosper/CN=886669/CN=Diego Alejandro Rios Perez
issuer    : /DC=ch/DC=cern/OU=computers/CN=cms-auth.cern.ch
attribute : /cms/Role=NULL/Capability=NULL
timeleft  : 5:19:00
uri       : voms-cms-auth.cern.ch:15000
--workflow 2b1mu --year 2022preEE --output_path /eos/user/d/driosper/bsm3g_coffea/outputs/2b1mu/2022preEE/TbarWplustoLNu2Q --output_format coffea --dataset TbarWplustoLNu2Q_1 --partition_json /srv/partition_fileset.json
  Preprocessing 100% ━━━━━━━━━━━━━━━━ 10/10 [ 0:00:09 < 0:00:00 | 1.2   file/s ]
Merging (local) 100% ━━━━━━━━━━━━━━━━ 10/10 [ 0:00:09 < 0:00:00 | ?   merges/s ]
     Processing   8% ━╸                  1/12 [ 0:00:18 < -:--:-- | ?  chunk/s ]
Merging (local)   0% ━━━━━━━━━━━━━━━━━━━  0/0 [ 0:00:02 < 0:00:00 | ? merges/s ]
There are 3648 events with muon pt outside of [26,200] GeV. Setting those entries to their initial value.
There are 3648 events with muon pt outside of [26,200] GeV. Setting those entries to their initial value.
There are 17 nan entries in the corrected pt. This might be due to the number of tracker layers hitting boundaries. Setting those entries to their initial value.
There are 31864 events with muon pt outside of [26,200] GeV. Setting those entries to their initial value.
There are 31865 events with muon pt outside of [26,200] GeV. Setting those entries to their initial value.
There are 157 nan entries in the corrected pt. This might be due to the number of tracker layers hitting boundaries. Setting those entries to their initial value.
There are 40146 events with muon pt outside of [26,200] GeV. Setting those entries to their initial value.
There are 40148 events with muon pt outside of [26,200] GeV. Setting those entries to their initial value.
There are 167 nan entries in the corrected pt. This might be due to the number of tracker layers hitting boundaries. Setting those entries to their initial value.
There are 9700 events with muon pt outside of [26,200] GeV. Setting those entries to their initial value.
There are 9701 events with muon pt outside of [26,200] GeV. Setting those entries to their initial value.
There are 36 nan entries in the corrected pt. This might be due to the number of tracker layers hitting boundaries. Setting those entries to their initial value.
There are 3977 events with muon pt outside of [26,200] GeV. Setting those entries to their initial value.
There are 3977 events with muon pt outside of [26,200] GeV. Setting those entries to their initial value.
There are 17 nan entries in the corrected pt. This might be due to the number of tracker layers hitting boundaries. Setting those entries to their initial value.
There are 40287 events with muon pt outside of [26,200] GeV. Setting those entries to their initial value.
There are 40290 events with muon pt outside of [26,200] GeV. Setting those entries to their initial value.
There are 164 nan entries in the corrected pt. This might be due to the number of tracker layers hitting boundaries. Setting those entries to their initial value.
There are 989 events with muon pt outside of [26,200] GeV. Setting those entries to their initial value.
There are 989 events with muon pt outside of [26,200] GeV. Setting those entries to their initial value.
There are 6 nan entries in the corrected pt. This might be due to the number of tracker layers hitting boundaries. Setting those entries to their initial value.
There are 46775 events with muon pt outside of [26,200] GeV. Setting those entries to their initial value.
There are 46778 events with muon pt outside of [26,200] GeV. Setting those entries to their initial value.
There are 203 nan entries in the corrected pt. This might be due to the number of tracker layers hitting boundaries. Setting those entries to their initial value.
There are 40105 events with muon pt outside of [26,200] GeV. Setting those entries to their initial value.
There are 40109 events with muon pt outside of [26,200] GeV. Setting those entries to their initial value.
There are 168 nan entries in the corrected pt. This might be due to the number of tracker layers hitting boundaries. Setting those entries to their initial value.
There are 11199 events with muon pt outside of [26,200] GeV. Setting those entries to their initial value.
There are 11199 events with muon pt outside of [26,200] GeV. Setting those entries to their initial value.
There are 51 nan entries in the corrected pt. This might be due to the number of tracker layers hitting boundaries. Setting those entries to their initial value.
There are 19248 events with muon pt outside of [26,200] GeV. Setting those entries to their initial value.
There are 19248 events with muon pt outside of [26,200] GeV. Setting those entries to their initial value.
There are 85 nan entries in the corrected pt. This might be due to the number of tracker layers hitting boundaries. Setting those entries to their initial value.
There are 23763 events with muon pt outside of [26,200] GeV. Setting those entries to their initial value.
There are 23765 events with muon pt outside of [26,200] GeV. Setting those entries to their initial value.
There are 97 nan entries in the corrected pt. This might be due to the number of tracker layers hitting boundaries. Setting those entries to their initial value.
