000 (14788600.002.000) 03/03 04:17:56 Job submitted from host: <188.184.90.62:9618?addrs=188.184.90.62-9618+[2001-1458-201-e4--100-238]-9618&alias=bigbird16.cern.ch&noUDP&sock=schedd_5196_9a2f>
...
040 (14788600.002.000) 03/03 04:18:32 Started transferring input files
	Transferring to host: <188.185.215.99:9618?addrs=188.185.215.99-9618+[2001-1458-303-1e--100-5f]-9618&alias=b9p31p4263.cern.ch&noUDP&sock=slot1_33_7219_303f_177815>
...
040 (14788600.002.000) 03/03 04:18:32 Finished transferring input files
...
001 (14788600.002.000) 03/03 04:18:33 Job executing on host: <188.185.215.99:9618?addrs=188.185.215.99-9618+[2001-1458-303-1e--100-5f]-9618&alias=b9p31p4263.cern.ch&noUDP&sock=startd_6693_6b76>
	SlotName: slot1_33@b9p31p4263.cern.ch
	CondorScratchDir = "/pool/condor/dir_2811747"
	Cpus = 1
	Disk = 3762
	GPUs = 0
	Memory = 3000
...
006 (14788600.002.000) 03/03 04:18:47 Image size of job updated: 516632
	505  -  MemoryUsage of job (MB)
	516632  -  ResidentSetSize of job (KB)
...
006 (14788600.002.000) 03/03 04:19:49 Image size of job updated: 585576
	505  -  MemoryUsage of job (MB)
	516976  -  ResidentSetSize of job (KB)
...
040 (14788600.002.000) 03/03 04:19:49 Started transferring output files
...
040 (14788600.002.000) 03/03 04:19:49 Finished transferring output files
...
005 (14788600.002.000) 03/03 04:19:49 Job terminated.
	(1) Normal termination (return value 1)
		Usr 0 00:00:21, Sys 0 00:00:02  -  Run Remote Usage
		Usr 0 00:00:00, Sys 0 00:00:00  -  Run Local Usage
		Usr 0 00:00:21, Sys 0 00:00:02  -  Total Remote Usage
		Usr 0 00:00:00, Sys 0 00:00:00  -  Total Local Usage
	10696  -  Run Bytes Sent By Job
	13436  -  Run Bytes Received By Job
	10696  -  Total Bytes Sent By Job
	13436  -  Total Bytes Received By Job
	Partitionable Resources :    Usage  Request Allocated 
	   Cpus                 :        0        1         1 
	   Disk (KB)            :       49       17      3762 
	   GPUs                 :                           0 
	   Memory (MB)          :      505     3000      3000 
	   TimeExecute (s)      :       76                    
	   TimeSlotBusy (s)     :       77                    

	Job terminated of its own accord at 2026-03-03T03:19:49Z with exit-code 1.
...
