000 (14788600.000.000) 03/03 04:17:56 Job submitted from host: <188.184.90.62:9618?addrs=188.184.90.62-9618+[2001-1458-201-e4--100-238]-9618&alias=bigbird16.cern.ch&noUDP&sock=schedd_5196_9a2f>
...
040 (14788600.000.000) 03/03 04:18:32 Started transferring input files
	Transferring to host: <188.185.210.206:9618?addrs=188.185.210.206-9618+[2001-1458-303-15--100-4a]-9618&alias=b9p22p3505.cern.ch&noUDP&sock=slot1_8_7251_bc40_224131>
...
040 (14788600.000.000) 03/03 04:18:32 Finished transferring input files
...
001 (14788600.000.000) 03/03 04:18:33 Job executing on host: <188.185.210.206:9618?addrs=188.185.210.206-9618+[2001-1458-303-15--100-4a]-9618&alias=b9p22p3505.cern.ch&noUDP&sock=startd_6429_5675>
	SlotName: slot1_8@b9p22p3505.cern.ch
	CondorScratchDir = "/pool/condor/dir_1241312"
	Cpus = 1
	Disk = 3869
	GPUs = 0
	Memory = 3000
...
006 (14788600.000.000) 03/03 04:18:47 Image size of job updated: 582292
	569  -  MemoryUsage of job (MB)
	582292  -  ResidentSetSize of job (KB)
...
006 (14788600.000.000) 03/03 04:20:49 Image size of job updated: 2796848
	569  -  MemoryUsage of job (MB)
	582292  -  ResidentSetSize of job (KB)
...
040 (14788600.000.000) 03/03 04:20:49 Started transferring output files
...
040 (14788600.000.000) 03/03 04:20:49 Finished transferring output files
...
005 (14788600.000.000) 03/03 04:20:49 Job terminated.
	(1) Normal termination (return value 1)
		Usr 0 00:03:25, Sys 0 00:00:07  -  Run Remote Usage
		Usr 0 00:00:00, Sys 0 00:00:00  -  Run Local Usage
		Usr 0 00:03:25, Sys 0 00:00:07  -  Total Remote Usage
		Usr 0 00:00:00, Sys 0 00:00:00  -  Total Local Usage
	18100  -  Run Bytes Sent By Job
	13436  -  Run Bytes Received By Job
	18100  -  Total Bytes Sent By Job
	13436  -  Total Bytes Received By Job
	Partitionable Resources :    Usage  Request Allocated 
	   Cpus                 :        0        1         1 
	   Disk (KB)            :       56       17      3869 
	   GPUs                 :                           0 
	   Memory (MB)          :      569     3000      3000 
	   TimeExecute (s)      :      136                    
	   TimeSlotBusy (s)     :      137                    

	Job terminated of its own accord at 2026-03-03T03:20:49Z with exit-code 1.
...
