000 (14788600.003.000) 03/03 04:17:56 Job submitted from host: <188.184.90.62:9618?addrs=188.184.90.62-9618+[2001-1458-201-e4--100-238]-9618&alias=bigbird16.cern.ch&noUDP&sock=schedd_5196_9a2f>
...
040 (14788600.003.000) 03/03 04:18:34 Started transferring input files
	Transferring to host: <188.185.215.189:9618?addrs=188.185.215.189-9618+[2001-1458-303-26--100-39]-9618&alias=b9p18p3462.cern.ch&noUDP&sock=slot1_29_7108_fa9a_176989>
...
040 (14788600.003.000) 03/03 04:18:34 Finished transferring input files
...
001 (14788600.003.000) 03/03 04:18:35 Job executing on host: <188.185.215.189:9618?addrs=188.185.215.189-9618+[2001-1458-303-26--100-39]-9618&alias=b9p18p3462.cern.ch&noUDP&sock=startd_6453_ccbb>
	SlotName: slot1_29@b9p18p3462.cern.ch
	CondorScratchDir = "/pool/condor/dir_2724740"
	Cpus = 1
	Disk = 3774
	GPUs = 0
	Memory = 3000
...
006 (14788600.003.000) 03/03 04:18:49 Image size of job updated: 486612
	476  -  MemoryUsage of job (MB)
	486612  -  ResidentSetSize of job (KB)
...
006 (14788600.003.000) 03/03 04:20:59 Image size of job updated: 2830860
	476  -  MemoryUsage of job (MB)
	486612  -  ResidentSetSize of job (KB)
...
040 (14788600.003.000) 03/03 04:20:59 Started transferring output files
...
040 (14788600.003.000) 03/03 04:20:59 Finished transferring output files
...
005 (14788600.003.000) 03/03 04:20:59 Job terminated.
	(1) Normal termination (return value 1)
		Usr 0 00:04:06, Sys 0 00:00:11  -  Run Remote Usage
		Usr 0 00:00:00, Sys 0 00:00:00  -  Run Local Usage
		Usr 0 00:04:06, Sys 0 00:00:11  -  Total Remote Usage
		Usr 0 00:00:00, Sys 0 00:00:00  -  Total Local Usage
	17943  -  Run Bytes Sent By Job
	13436  -  Run Bytes Received By Job
	17943  -  Total Bytes Sent By Job
	13436  -  Total Bytes Received By Job
	Partitionable Resources :    Usage  Request Allocated 
	   Cpus                 :        0        1         1 
	   Disk (KB)            :       57       17      3774 
	   GPUs                 :                           0 
	   Memory (MB)          :      476     3000      3000 
	   TimeExecute (s)      :      144                    
	   TimeSlotBusy (s)     :      146                    

	Job terminated of its own accord at 2026-03-03T03:20:59Z with exit-code 1.
...
