000 (14788600.004.000) 03/03 04:17:56 Job submitted from host: <188.184.90.62:9618?addrs=188.184.90.62-9618+[2001-1458-201-e4--100-238]-9618&alias=bigbird16.cern.ch&noUDP&sock=schedd_5196_9a2f>
...
040 (14788600.004.000) 03/03 04:18:34 Started transferring input files
	Transferring to host: <188.185.212.98:9618?addrs=188.185.212.98-9618+[2001-1458-303-18--100-5e]-9618&alias=b9p25p0324.cern.ch&noUDP&sock=slot1_33_6792_540d_178577>
...
040 (14788600.004.000) 03/03 04:18:34 Finished transferring input files
...
001 (14788600.004.000) 03/03 04:18:35 Job executing on host: <188.185.212.98:9618?addrs=188.185.212.98-9618+[2001-1458-303-18--100-5e]-9618&alias=b9p25p0324.cern.ch&noUDP&sock=startd_5949_1900>
	SlotName: slot1_33@b9p25p0324.cern.ch
	CondorScratchDir = "/pool/condor/dir_3623790"
	Cpus = 1
	Disk = 3814
	GPUs = 0
	Memory = 3000
...
006 (14788600.004.000) 03/03 04:18:49 Image size of job updated: 496588
	485  -  MemoryUsage of job (MB)
	496588  -  ResidentSetSize of job (KB)
...
006 (14788600.004.000) 03/03 04:21:01 Image size of job updated: 2848516
	486  -  MemoryUsage of job (MB)
	496868  -  ResidentSetSize of job (KB)
...
040 (14788600.004.000) 03/03 04:21:01 Started transferring output files
...
040 (14788600.004.000) 03/03 04:21:01 Finished transferring output files
...
005 (14788600.004.000) 03/03 04:21:01 Job terminated.
	(1) Normal termination (return value 1)
		Usr 0 00:04:20, Sys 0 00:00:16  -  Run Remote Usage
		Usr 0 00:00:00, Sys 0 00:00:00  -  Run Local Usage
		Usr 0 00:04:20, Sys 0 00:00:16  -  Total Remote Usage
		Usr 0 00:00:00, Sys 0 00:00:00  -  Total Local Usage
	18312  -  Run Bytes Sent By Job
	13436  -  Run Bytes Received By Job
	18312  -  Total Bytes Sent By Job
	13436  -  Total Bytes Received By Job
	Partitionable Resources :    Usage  Request Allocated 
	   Cpus                 :        0        1         1 
	   Disk (KB)            :       57       17      3814 
	   GPUs                 :                           0 
	   Memory (MB)          :      486     3000      3000 
	   TimeExecute (s)      :      146                    
	   TimeSlotBusy (s)     :      148                    

	Job terminated of its own accord at 2026-03-03T03:21:01Z with exit-code 1.
...
