000 (14793315.000.000) 03/05 15:53:15 Job submitted from host: <188.184.90.62:9618?addrs=188.184.90.62-9618+[2001-1458-201-e4--100-238]-9618&alias=bigbird16.cern.ch&noUDP&sock=schedd_5196_9a2f>
...
040 (14793315.000.000) 03/05 16:27:09 Started transferring input files
	Transferring to host: <188.185.210.70:9618?addrs=188.185.210.70-9618+[2001-1458-303-1--100-42]-9618&alias=b9p21p2877.cern.ch&noUDP&sock=slot1_21_4751_425a_182844>
...
040 (14793315.000.000) 03/05 16:27:09 Finished transferring input files
...
001 (14793315.000.000) 03/05 16:27:10 Job executing on host: <188.185.210.70:9618?addrs=188.185.210.70-9618+[2001-1458-303-1--100-42]-9618&alias=b9p21p2877.cern.ch&noUDP&sock=startd_3949_4396>
	SlotName: slot1_21@b9p21p2877.cern.ch
	CondorScratchDir = "/pool/condor/dir_2852472"
	Cpus = 1
	Disk = 3781
	GPUs = 0
	Memory = 3000
...
006 (14793315.000.000) 03/05 16:27:24 Image size of job updated: 206644
	202  -  MemoryUsage of job (MB)
	206644  -  ResidentSetSize of job (KB)
...
006 (14793315.000.000) 03/05 16:29:11 Image size of job updated: 2443124
	202  -  MemoryUsage of job (MB)
	206684  -  ResidentSetSize of job (KB)
...
040 (14793315.000.000) 03/05 16:29:11 Started transferring output files
...
040 (14793315.000.000) 03/05 16:29:11 Finished transferring output files
...
005 (14793315.000.000) 03/05 16:29:11 Job terminated.
	(1) Normal termination (return value 1)
		Usr 0 00:03:31, Sys 0 00:00:08  -  Run Remote Usage
		Usr 0 00:00:00, Sys 0 00:00:00  -  Run Local Usage
		Usr 0 00:03:31, Sys 0 00:00:08  -  Total Remote Usage
		Usr 0 00:00:00, Sys 0 00:00:00  -  Total Local Usage
	17776  -  Run Bytes Sent By Job
	6952  -  Run Bytes Received By Job
	17776  -  Total Bytes Sent By Job
	6952  -  Total Bytes Received By Job
	Partitionable Resources :    Usage  Request Allocated 
	   Cpus                 :        0        1         1 
	   Disk (KB)            :       50       10      3781 
	   GPUs                 :                           0 
	   Memory (MB)          :      202     3000      3000 
	   TimeExecute (s)      :      121                    
	   TimeSlotBusy (s)     :      123                    

	Job terminated of its own accord at 2026-03-05T15:29:11Z with exit-code 1.
...
