000 (14795279.000.000) 03/06 21:51:26 Job submitted from host: <188.184.90.62:9618?addrs=188.184.90.62-9618+[2001-1458-201-e4--100-238]-9618&alias=bigbird16.cern.ch&noUDP&sock=schedd_5196_9a2f>
...
040 (14795279.000.000) 03/06 21:56:26 Started transferring input files
	Transferring to host: <128.142.132.37:9618?addrs=128.142.132.37-9618+[2001-1458-301-5a--100-19]-9618&alias=b9g12p6868.cern.ch&noUDP&sock=slot1_3_2720_3c68_166442>
...
040 (14795279.000.000) 03/06 21:56:26 Finished transferring input files
...
001 (14795279.000.000) 03/06 21:56:27 Job executing on host: <128.142.132.37:9618?addrs=128.142.132.37-9618+[2001-1458-301-5a--100-19]-9618&alias=b9g12p6868.cern.ch&noUDP&sock=startd_2321_9767>
	SlotName: slot1_3@b9g12p6868.cern.ch
	CondorScratchDir = "/pool/condor/dir_331359"
	Cpus = 1
	Disk = 2606
	GPUs = 0
	Memory = 3000
...
006 (14795279.000.000) 03/06 21:56:41 Image size of job updated: 233044
	228  -  MemoryUsage of job (MB)
	233044  -  ResidentSetSize of job (KB)
...
006 (14795279.000.000) 03/06 21:56:58 Image size of job updated: 598616
	228  -  MemoryUsage of job (MB)
	233044  -  ResidentSetSize of job (KB)
...
040 (14795279.000.000) 03/06 21:56:58 Started transferring output files
...
040 (14795279.000.000) 03/06 21:56:58 Finished transferring output files
...
005 (14795279.000.000) 03/06 21:56:58 Job terminated.
	(1) Normal termination (return value 1)
		Usr 0 00:00:34, Sys 0 00:00:02  -  Run Remote Usage
		Usr 0 00:00:00, Sys 0 00:00:00  -  Run Local Usage
		Usr 0 00:00:34, Sys 0 00:00:02  -  Total Remote Usage
		Usr 0 00:00:00, Sys 0 00:00:00  -  Total Local Usage
	13693  -  Run Bytes Sent By Job
	5356  -  Run Bytes Received By Job
	13693  -  Total Bytes Sent By Job
	5356  -  Total Bytes Received By Job
	Partitionable Resources :    Usage  Request Allocated 
	   Cpus                 :        0        1         1 
	   Disk (KB)            :       44       10      2606 
	   GPUs                 :                           0 
	   Memory (MB)          :      228     3000      3000 
	   TimeExecute (s)      :       31                    
	   TimeSlotBusy (s)     :       33                    

	Job terminated of its own accord at 2026-03-06T20:56:58Z with exit-code 1.
...
