subject   : /DC=ch/DC=cern/OU=Organic Units/OU=Users/CN=driosper/CN=886669/CN=Diego Alejandro Rios Perez/CN=2735051137
issuer    : /DC=ch/DC=cern/OU=Organic Units/OU=Users/CN=driosper/CN=886669/CN=Diego Alejandro Rios Perez
identity  : /DC=ch/DC=cern/OU=Organic Units/OU=Users/CN=driosper/CN=886669/CN=Diego Alejandro Rios Perez
type      : RFC compliant proxy
strength  : 2048 bits
path      : /afs/cern.ch/user/d/driosper/private/x509up_u182284
timeleft  : 5:19:01
key usage : Digital Signature, Key Encipherment
=== VO cms extension information ===
VO        : cms
subject   : /DC=ch/DC=cern/OU=Organic Units/OU=Users/CN=driosper/CN=886669/CN=Diego Alejandro Rios Perez
issuer    : /DC=ch/DC=cern/OU=computers/CN=cms-auth.cern.ch
attribute : /cms/Role=NULL/Capability=NULL
timeleft  : 5:19:01
uri       : voms-cms-auth.cern.ch:15000
--workflow 2b1mu --year 2022preEE --output_path /eos/user/d/driosper/bsm3g_coffea/outputs/2b1mu/2022preEE/TbarWplusto4Q --output_format coffea --dataset TbarWplusto4Q_3 --partition_json /srv/partition_fileset.json
  Preprocessing 100% ━━━━━━━━━━━━━━━━━━ 8/8 [ 0:00:15 < 0:00:00 | 0.6   file/s ]
Merging (local) 100% ━━━━━━━━━━━━━━━━━━ 8/8 [ 0:00:15 < 0:00:00 | ?   merges/s ]
     Processing  30% ━━━━━             3/10 [ 0:00:40 < 0:00:43 | 0.2  chunk/s ]
Merging (local) 100% ━━━━━━━━━━━━━━━━━  2/2 [ 0:00:36 < 0:00:00 | ?   merges/s ]
There are 28063 events with muon pt outside of [26,200] GeV. Setting those entries to their initial value.
There are 28065 events with muon pt outside of [26,200] GeV. Setting those entries to their initial value.
There are 105 nan entries in the corrected pt. This might be due to the number of tracker layers hitting boundaries. Setting those entries to their initial value.
There are 37897 events with muon pt outside of [26,200] GeV. Setting those entries to their initial value.
There are 37898 events with muon pt outside of [26,200] GeV. Setting those entries to their initial value.
There are 123 nan entries in the corrected pt. This might be due to the number of tracker layers hitting boundaries. Setting those entries to their initial value.
There are 1490 events with muon pt outside of [26,200] GeV. Setting those entries to their initial value.
There are 1490 events with muon pt outside of [26,200] GeV. Setting those entries to their initial value.
There are 4 nan entries in the corrected pt. This might be due to the number of tracker layers hitting boundaries. Setting those entries to their initial value.
There are 27638 events with muon pt outside of [26,200] GeV. Setting those entries to their initial value.
There are 27640 events with muon pt outside of [26,200] GeV. Setting those entries to their initial value.
There are 78 nan entries in the corrected pt. This might be due to the number of tracker layers hitting boundaries. Setting those entries to their initial value.
There are 32663 events with muon pt outside of [26,200] GeV. Setting those entries to their initial value.
There are 32663 events with muon pt outside of [26,200] GeV. Setting those entries to their initial value.
There are 85 nan entries in the corrected pt. This might be due to the number of tracker layers hitting boundaries. Setting those entries to their initial value.
There are 20003 events with muon pt outside of [26,200] GeV. Setting those entries to their initial value.
There are 20003 events with muon pt outside of [26,200] GeV. Setting those entries to their initial value.
There are 60 nan entries in the corrected pt. This might be due to the number of tracker layers hitting boundaries. Setting those entries to their initial value.
There are 23937 events with muon pt outside of [26,200] GeV. Setting those entries to their initial value.
There are 23937 events with muon pt outside of [26,200] GeV. Setting those entries to their initial value.
There are 67 nan entries in the corrected pt. This might be due to the number of tracker layers hitting boundaries. Setting those entries to their initial value.
There are 32407 events with muon pt outside of [26,200] GeV. Setting those entries to their initial value.
There are 32409 events with muon pt outside of [26,200] GeV. Setting those entries to their initial value.
There are 97 nan entries in the corrected pt. This might be due to the number of tracker layers hitting boundaries. Setting those entries to their initial value.
There are 17470 events with muon pt outside of [26,200] GeV. Setting those entries to their initial value.
There are 17470 events with muon pt outside of [26,200] GeV. Setting those entries to their initial value.
There are 45 nan entries in the corrected pt. This might be due to the number of tracker layers hitting boundaries. Setting those entries to their initial value.
There are 31478 events with muon pt outside of [26,200] GeV. Setting those entries to their initial value.
There are 31480 events with muon pt outside of [26,200] GeV. Setting those entries to their initial value.
There are 111 nan entries in the corrected pt. This might be due to the number of tracker layers hitting boundaries. Setting those entries to their initial value.
