000 (14788599.001.000) 03/03 04:17:55 Job submitted from host: <188.184.90.62:9618?addrs=188.184.90.62-9618+[2001-1458-201-e4--100-238]-9618&alias=bigbird16.cern.ch&noUDP&sock=schedd_5196_9a2f>
...
040 (14788599.001.000) 03/03 04:18:32 Started transferring input files
	Transferring to host: <188.185.210.24:9618?addrs=188.185.210.24-9618+[2001-1458-303-1--100-14]-9618&alias=b9p21p2243.cern.ch&noUDP&sock=slot1_30_4360_c3aa_213642>
...
040 (14788599.001.000) 03/03 04:18:32 Finished transferring input files
...
001 (14788599.001.000) 03/03 04:18:33 Job executing on host: <188.185.210.24:9618?addrs=188.185.210.24-9618+[2001-1458-303-1--100-14]-9618&alias=b9p21p2243.cern.ch&noUDP&sock=startd_3719_80cd>
	SlotName: slot1_30@b9p21p2243.cern.ch
	CondorScratchDir = "/pool/condor/dir_3153747"
	Cpus = 1
	Disk = 3855
	GPUs = 0
	Memory = 3000
...
006 (14788599.001.000) 03/03 04:18:47 Image size of job updated: 558004
	545  -  MemoryUsage of job (MB)
	558004  -  ResidentSetSize of job (KB)
...
006 (14788599.001.000) 03/03 04:23:48 Image size of job updated: 3292120
	3185  -  MemoryUsage of job (MB)
	3260540  -  ResidentSetSize of job (KB)
...
040 (14788599.001.000) 03/03 04:23:57 Started transferring output files
...
040 (14788599.001.000) 03/03 04:23:57 Finished transferring output files
...
005 (14788599.001.000) 03/03 04:23:57 Job terminated.
	(1) Normal termination (return value 1)
		Usr 0 00:06:48, Sys 0 00:00:15  -  Run Remote Usage
		Usr 0 00:00:00, Sys 0 00:00:00  -  Run Local Usage
		Usr 0 00:06:48, Sys 0 00:00:15  -  Total Remote Usage
		Usr 0 00:00:00, Sys 0 00:00:00  -  Total Local Usage
	22526  -  Run Bytes Sent By Job
	7554  -  Run Bytes Received By Job
	22526  -  Total Bytes Sent By Job
	7554  -  Total Bytes Received By Job
	Partitionable Resources :    Usage  Request Allocated 
	   Cpus                 :        0        1         1 
	   Disk (KB)            :       55       10      3855 
	   GPUs                 :                           0 
	   Memory (MB)          :     3185     3000      3000 
	   TimeExecute (s)      :      324                    
	   TimeSlotBusy (s)     :      326                    

	Job terminated of its own accord at 2026-03-03T03:23:57Z with exit-code 1.
...
