000 (14793314.001.000) 03/05 15:53:14 Job submitted from host: <188.184.90.62:9618?addrs=188.184.90.62-9618+[2001-1458-201-e4--100-238]-9618&alias=bigbird16.cern.ch&noUDP&sock=schedd_5196_9a2f>
...
040 (14793314.001.000) 03/05 16:27:28 Started transferring input files
	Transferring to host: <188.185.192.141:9618?addrs=188.185.192.141-9618+[2001-1458-303-1f--100-89]-9618&alias=b9p13p6301.cern.ch&noUDP&sock=slot1_43_193885_45a5_158532>
...
040 (14793314.001.000) 03/05 16:27:28 Finished transferring input files
...
001 (14793314.001.000) 03/05 16:27:29 Job executing on host: <188.185.192.141:9618?addrs=188.185.192.141-9618+[2001-1458-303-1f--100-89]-9618&alias=b9p13p6301.cern.ch&noUDP&sock=startd_4757_7c1c>
	SlotName: slot1_43@b9p13p6301.cern.ch
	CondorScratchDir = "/pool/condor/dir_3541454"
	Cpus = 1
	Disk = 3823
	GPUs = 0
	Memory = 3000
...
006 (14793314.001.000) 03/05 16:27:43 Image size of job updated: 311416
	305  -  MemoryUsage of job (MB)
	311416  -  ResidentSetSize of job (KB)
...
006 (14793314.001.000) 03/05 16:32:44 Image size of job updated: 1690728
	1652  -  MemoryUsage of job (MB)
	1690728  -  ResidentSetSize of job (KB)
...
006 (14793314.001.000) 03/05 16:37:24 Image size of job updated: 1746900
	1652  -  MemoryUsage of job (MB)
	1690728  -  ResidentSetSize of job (KB)
...
040 (14793314.001.000) 03/05 16:37:24 Started transferring output files
...
040 (14793314.001.000) 03/05 16:37:24 Finished transferring output files
...
005 (14793314.001.000) 03/05 16:37:26 Job terminated.
	(1) Normal termination (return value 1)
		Usr 0 00:26:30, Sys 0 00:00:23  -  Run Remote Usage
		Usr 0 00:00:00, Sys 0 00:00:00  -  Run Local Usage
		Usr 0 00:26:30, Sys 0 00:00:23  -  Total Remote Usage
		Usr 0 00:00:00, Sys 0 00:00:00  -  Total Local Usage
	37011  -  Run Bytes Sent By Job
	36933  -  Run Bytes Received By Job
	37011  -  Total Bytes Sent By Job
	36933  -  Total Bytes Received By Job
	Partitionable Resources :    Usage  Request Allocated 
	   Cpus                 :     2.75        1         1 
	   Disk (KB)            :    98          40      3823 
	   GPUs                 :                           0 
	   Memory (MB)          :  1652        3000      3000 
	   TimeExecute (s)      :   595                       
	   TimeSlotBusy (s)     :   597                       

	Job terminated of its own accord at 2026-03-05T15:37:24Z with exit-code 1.
...
