000 (14793314.002.000) 03/05 15:53:14 Job submitted from host: <188.184.90.62:9618?addrs=188.184.90.62-9618+[2001-1458-201-e4--100-238]-9618&alias=bigbird16.cern.ch&noUDP&sock=schedd_5196_9a2f>
...
040 (14793314.002.000) 03/05 16:27:07 Started transferring input files
	Transferring to host: <188.185.207.149:9618?addrs=188.185.207.149-9618+[2001-1458-303-e--100-12]-9618&alias=b9p08p1041.cern.ch&noUDP&sock=slot1_21_6761_7c6c_153352>
...
040 (14793314.002.000) 03/05 16:27:08 Finished transferring input files
...
001 (14793314.002.000) 03/05 16:27:09 Job executing on host: <188.185.207.149:9618?addrs=188.185.207.149-9618+[2001-1458-303-e--100-12]-9618&alias=b9p08p1041.cern.ch&noUDP&sock=startd_5742_1ce5>
	SlotName: slot1_21@b9p08p1041.cern.ch
	CondorScratchDir = "/pool/condor/dir_1551623"
	Cpus = 1
	Disk = 3696
	GPUs = 0
	Memory = 3000
...
006 (14793314.002.000) 03/05 16:27:22 Image size of job updated: 356448
	349  -  MemoryUsage of job (MB)
	356448  -  ResidentSetSize of job (KB)
...
006 (14793314.002.000) 03/05 16:30:55 Image size of job updated: 1784688
	352  -  MemoryUsage of job (MB)
	360140  -  ResidentSetSize of job (KB)
...
040 (14793314.002.000) 03/05 16:30:55 Started transferring output files
...
040 (14793314.002.000) 03/05 16:30:55 Finished transferring output files
...
005 (14793314.002.000) 03/05 16:30:55 Job terminated.
	(1) Normal termination (return value 1)
		Usr 0 00:08:39, Sys 0 00:00:14  -  Run Remote Usage
		Usr 0 00:00:00, Sys 0 00:00:00  -  Run Local Usage
		Usr 0 00:08:39, Sys 0 00:00:14  -  Total Remote Usage
		Usr 0 00:00:00, Sys 0 00:00:00  -  Total Local Usage
	26201  -  Run Bytes Sent By Job
	36933  -  Run Bytes Received By Job
	26201  -  Total Bytes Sent By Job
	36933  -  Total Bytes Received By Job
	Partitionable Resources :    Usage  Request Allocated 
	   Cpus                 :        0        1         1 
	   Disk (KB)            :       91       40      3696 
	   GPUs                 :                           0 
	   Memory (MB)          :      352     3000      3000 
	   TimeExecute (s)      :      227                    
	   TimeSlotBusy (s)     :      230                    

	Job terminated of its own accord at 2026-03-05T15:30:55Z with exit-code 1.
...
