000 (14793314.000.000) 03/05 15:53:14 Job submitted from host: <188.184.90.62:9618?addrs=188.184.90.62-9618+[2001-1458-201-e4--100-238]-9618&alias=bigbird16.cern.ch&noUDP&sock=schedd_5196_9a2f>
...
040 (14793314.000.000) 03/05 16:27:07 Started transferring input files
	Transferring to host: <188.185.194.44:9618?addrs=188.185.194.44-9618+[2001-1458-303-21--100-28]-9618&alias=b9p20p9012.cern.ch&noUDP&sock=slot1_5_5618_239e_162322>
...
040 (14793314.000.000) 03/05 16:27:08 Finished transferring input files
...
001 (14793314.000.000) 03/05 16:27:09 Job executing on host: <188.185.194.44:9618?addrs=188.185.194.44-9618+[2001-1458-303-21--100-28]-9618&alias=b9p20p9012.cern.ch&noUDP&sock=startd_4388_61a9>
	SlotName: slot1_5@b9p20p9012.cern.ch
	CondorScratchDir = "/pool/condor/dir_2617974"
	Cpus = 1
	Disk = 3791
	GPUs = 0
	Memory = 3000
...
006 (14793314.000.000) 03/05 16:27:22 Image size of job updated: 197836
	194  -  MemoryUsage of job (MB)
	197836  -  ResidentSetSize of job (KB)
...
006 (14793314.000.000) 03/05 16:32:22 Image size of job updated: 1655940
	1579  -  MemoryUsage of job (MB)
	1616444  -  ResidentSetSize of job (KB)
...
006 (14793314.000.000) 03/05 16:37:12 Image size of job updated: 1839388
	1579  -  MemoryUsage of job (MB)
	1616444  -  ResidentSetSize of job (KB)
...
040 (14793314.000.000) 03/05 16:37:13 Started transferring output files
...
040 (14793314.000.000) 03/05 16:37:13 Finished transferring output files
...
005 (14793314.000.000) 03/05 16:37:15 Job terminated.
	(1) Normal termination (return value 1)
		Usr 0 00:22:22, Sys 0 00:00:14  -  Run Remote Usage
		Usr 0 00:00:00, Sys 0 00:00:00  -  Run Local Usage
		Usr 0 00:22:22, Sys 0 00:00:14  -  Total Remote Usage
		Usr 0 00:00:00, Sys 0 00:00:00  -  Total Local Usage
	34022  -  Run Bytes Sent By Job
	36933  -  Run Bytes Received By Job
	34022  -  Total Bytes Sent By Job
	36933  -  Total Bytes Received By Job
	Partitionable Resources :    Usage  Request Allocated 
	   Cpus                 :     2.83        1         1 
	   Disk (KB)            :    96          40      3791 
	   GPUs                 :                           0 
	   Memory (MB)          :  1579        3000      3000 
	   TimeExecute (s)      :   604                       
	   TimeSlotBusy (s)     :   609                       

	Job terminated of its own accord at 2026-03-05T15:37:12Z with exit-code 1.
...
