subject   : /DC=ch/DC=cern/OU=Organic Units/OU=Users/CN=driosper/CN=886669/CN=Diego Alejandro Rios Perez/CN=2603696693
issuer    : /DC=ch/DC=cern/OU=Organic Units/OU=Users/CN=driosper/CN=886669/CN=Diego Alejandro Rios Perez
identity  : /DC=ch/DC=cern/OU=Organic Units/OU=Users/CN=driosper/CN=886669/CN=Diego Alejandro Rios Perez
type      : RFC compliant proxy
strength  : 2048 bits
path      : /afs/cern.ch/user/d/driosper/private/x509up_u182284
timeleft  : 10:08:27
key usage : Digital Signature, Key Encipherment
=== VO cms extension information ===
VO        : cms
subject   : /DC=ch/DC=cern/OU=Organic Units/OU=Users/CN=driosper/CN=886669/CN=Diego Alejandro Rios Perez
issuer    : /DC=ch/DC=cern/OU=computers/CN=cms-auth.cern.ch
attribute : /cms/Role=NULL/Capability=NULL
timeleft  : 10:08:27
uri       : voms-cms-auth.cern.ch:15000
--workflow qcd_tf_mu --year 2022preEE --output_path /eos/user/d/driosper/bsm3g_coffea/outputs/qcd_tf_mu/2022preEE/DYJetsToLL_inclusive_10to50 --output_format coffea --dataset DYJetsToLL_inclusive_10to50_2 --partition_json /srv/partition_fileset.json
  Preprocessing 100% ━━━━━━━━━━━━━━━━ 10/10 [ 0:00:13 < 0:00:00 | 0.8   file/s ]
Merging (local) 100% ━━━━━━━━━━━━━━━━ 10/10 [ 0:00:13 < 0:00:00 | ?   merges/s ]
     Processing   8% ━                 4/52 [ 0:00:31 < 0:00:30 | 1.6  chunk/s ]
Merging (local) 100% ━━━━━━━━━━━━━━━━━  3/3 [ 0:00:30 < 0:00:00 | ?   merges/s ]
There are 24977 events with muon pt outside of [26,200] GeV. Setting those entries to their initial value.
There are 24977 events with muon pt outside of [26,200] GeV. Setting those entries to their initial value.
There are 91 nan entries in the corrected pt. This might be due to the number of tracker layers hitting boundaries. Setting those entries to their initial value.
There are 24134 events with muon pt outside of [26,200] GeV. Setting those entries to their initial value.
There are 24134 events with muon pt outside of [26,200] GeV. Setting those entries to their initial value.
There are 72 nan entries in the corrected pt. This might be due to the number of tracker layers hitting boundaries. Setting those entries to their initial value.
There are 24271 events with muon pt outside of [26,200] GeV. Setting those entries to their initial value.
There are 24271 events with muon pt outside of [26,200] GeV. Setting those entries to their initial value.
There are 70 nan entries in the corrected pt. This might be due to the number of tracker layers hitting boundaries. Setting those entries to their initial value.
There are 26067 events with muon pt outside of [26,200] GeV. Setting those entries to their initial value.
There are 26067 events with muon pt outside of [26,200] GeV. Setting those entries to their initial value.
There are 68 nan entries in the corrected pt. This might be due to the number of tracker layers hitting boundaries. Setting those entries to their initial value.
There are 25993 events with muon pt outside of [26,200] GeV. Setting those entries to their initial value.
There are 25993 events with muon pt outside of [26,200] GeV. Setting those entries to their initial value.
There are 73 nan entries in the corrected pt. This might be due to the number of tracker layers hitting boundaries. Setting those entries to their initial value.
There are 25704 events with muon pt outside of [26,200] GeV. Setting those entries to their initial value.
There are 25704 events with muon pt outside of [26,200] GeV. Setting those entries to their initial value.
There are 85 nan entries in the corrected pt. This might be due to the number of tracker layers hitting boundaries. Setting those entries to their initial value.
There are 26241 events with muon pt outside of [26,200] GeV. Setting those entries to their initial value.
There are 26241 events with muon pt outside of [26,200] GeV. Setting those entries to their initial value.
There are 90 nan entries in the corrected pt. This might be due to the number of tracker layers hitting boundaries. Setting those entries to their initial value.
There are 26396 events with muon pt outside of [26,200] GeV. Setting those entries to their initial value.
There are 26396 events with muon pt outside of [26,200] GeV. Setting those entries to their initial value.
There are 60 nan entries in the corrected pt. This might be due to the number of tracker layers hitting boundaries. Setting those entries to their initial value.
There are 24235 events with muon pt outside of [26,200] GeV. Setting those entries to their initial value.
There are 24235 events with muon pt outside of [26,200] GeV. Setting those entries to their initial value.
There are 67 nan entries in the corrected pt. This might be due to the number of tracker layers hitting boundaries. Setting those entries to their initial value.
There are 24312 events with muon pt outside of [26,200] GeV. Setting those entries to their initial value.
There are 24312 events with muon pt outside of [26,200] GeV. Setting those entries to their initial value.
There are 72 nan entries in the corrected pt. This might be due to the number of tracker layers hitting boundaries. Setting those entries to their initial value.
There are 24420 events with muon pt outside of [26,200] GeV. Setting those entries to their initial value.
There are 24420 events with muon pt outside of [26,200] GeV. Setting those entries to their initial value.
There are 65 nan entries in the corrected pt. This might be due to the number of tracker layers hitting boundaries. Setting those entries to their initial value.
There are 28645 events with muon pt outside of [26,200] GeV. Setting those entries to their initial value.
There are 28645 events with muon pt outside of [26,200] GeV. Setting those entries to their initial value.
There are 83 nan entries in the corrected pt. This might be due to the number of tracker layers hitting boundaries. Setting those entries to their initial value.
There are 22963 events with muon pt outside of [26,200] GeV. Setting those entries to their initial value.
There are 22963 events with muon pt outside of [26,200] GeV. Setting those entries to their initial value.
There are 73 nan entries in the corrected pt. This might be due to the number of tracker layers hitting boundaries. Setting those entries to their initial value.
There are 24023 events with muon pt outside of [26,200] GeV. Setting those entries to their initial value.
There are 24024 events with muon pt outside of [26,200] GeV. Setting those entries to their initial value.
There are 83 nan entries in the corrected pt. This might be due to the number of tracker layers hitting boundaries. Setting those entries to their initial value.
There are 24102 events with muon pt outside of [26,200] GeV. Setting those entries to their initial value.
There are 24102 events with muon pt outside of [26,200] GeV. Setting those entries to their initial value.
There are 68 nan entries in the corrected pt. This might be due to the number of tracker layers hitting boundaries. Setting those entries to their initial value.
There are 24135 events with muon pt outside of [26,200] GeV. Setting those entries to their initial value.
There are 24135 events with muon pt outside of [26,200] GeV. Setting those entries to their initial value.
There are 63 nan entries in the corrected pt. This might be due to the number of tracker layers hitting boundaries. Setting those entries to their initial value.
There are 25831 events with muon pt outside of [26,200] GeV. Setting those entries to their initial value.
There are 25831 events with muon pt outside of [26,200] GeV. Setting those entries to their initial value.
There are 73 nan entries in the corrected pt. This might be due to the number of tracker layers hitting boundaries. Setting those entries to their initial value.
There are 26141 events with muon pt outside of [26,200] GeV. Setting those entries to their initial value.
There are 26141 events with muon pt outside of [26,200] GeV. Setting those entries to their initial value.
There are 85 nan entries in the corrected pt. This might be due to the number of tracker layers hitting boundaries. Setting those entries to their initial value.
There are 26071 events with muon pt outside of [26,200] GeV. Setting those entries to their initial value.
There are 26071 events with muon pt outside of [26,200] GeV. Setting those entries to their initial value.
There are 77 nan entries in the corrected pt. This might be due to the number of tracker layers hitting boundaries. Setting those entries to their initial value.
There are 26561 events with muon pt outside of [26,200] GeV. Setting those entries to their initial value.
There are 26562 events with muon pt outside of [26,200] GeV. Setting those entries to their initial value.
There are 83 nan entries in the corrected pt. This might be due to the number of tracker layers hitting boundaries. Setting those entries to their initial value.
There are 26204 events with muon pt outside of [26,200] GeV. Setting those entries to their initial value.
There are 26204 events with muon pt outside of [26,200] GeV. Setting those entries to their initial value.
There are 80 nan entries in the corrected pt. This might be due to the number of tracker layers hitting boundaries. Setting those entries to their initial value.
There are 24378 events with muon pt outside of [26,200] GeV. Setting those entries to their initial value.
There are 24378 events with muon pt outside of [26,200] GeV. Setting those entries to their initial value.
There are 65 nan entries in the corrected pt. This might be due to the number of tracker layers hitting boundaries. Setting those entries to their initial value.
There are 24287 events with muon pt outside of [26,200] GeV. Setting those entries to their initial value.
There are 24288 events with muon pt outside of [26,200] GeV. Setting those entries to their initial value.
There are 78 nan entries in the corrected pt. This might be due to the number of tracker layers hitting boundaries. Setting those entries to their initial value.
There are 4689 events with muon pt outside of [26,200] GeV. Setting those entries to their initial value.
There are 4689 events with muon pt outside of [26,200] GeV. Setting those entries to their initial value.
There are 15 nan entries in the corrected pt. This might be due to the number of tracker layers hitting boundaries. Setting those entries to their initial value.
There are 28553 events with muon pt outside of [26,200] GeV. Setting those entries to their initial value.
There are 28553 events with muon pt outside of [26,200] GeV. Setting those entries to their initial value.
There are 71 nan entries in the corrected pt. This might be due to the number of tracker layers hitting boundaries. Setting those entries to their initial value.
There are 23169 events with muon pt outside of [26,200] GeV. Setting those entries to their initial value.
There are 23169 events with muon pt outside of [26,200] GeV. Setting those entries to their initial value.
There are 51 nan entries in the corrected pt. This might be due to the number of tracker layers hitting boundaries. Setting those entries to their initial value.
There are 24925 events with muon pt outside of [26,200] GeV. Setting those entries to their initial value.
There are 24925 events with muon pt outside of [26,200] GeV. Setting those entries to their initial value.
There are 68 nan entries in the corrected pt. This might be due to the number of tracker layers hitting boundaries. Setting those entries to their initial value.
There are 24086 events with muon pt outside of [26,200] GeV. Setting those entries to their initial value.
There are 24087 events with muon pt outside of [26,200] GeV. Setting those entries to their initial value.
There are 65 nan entries in the corrected pt. This might be due to the number of tracker layers hitting boundaries. Setting those entries to their initial value.
There are 24110 events with muon pt outside of [26,200] GeV. Setting those entries to their initial value.
There are 24111 events with muon pt outside of [26,200] GeV. Setting those entries to their initial value.
There are 78 nan entries in the corrected pt. This might be due to the number of tracker layers hitting boundaries. Setting those entries to their initial value.
There are 25961 events with muon pt outside of [26,200] GeV. Setting those entries to their initial value.
There are 25961 events with muon pt outside of [26,200] GeV. Setting those entries to their initial value.
There are 71 nan entries in the corrected pt. This might be due to the number of tracker layers hitting boundaries. Setting those entries to their initial value.
There are 25946 events with muon pt outside of [26,200] GeV. Setting those entries to their initial value.
There are 25947 events with muon pt outside of [26,200] GeV. Setting those entries to their initial value.
There are 69 nan entries in the corrected pt. This might be due to the number of tracker layers hitting boundaries. Setting those entries to their initial value.
There are 25845 events with muon pt outside of [26,200] GeV. Setting those entries to their initial value.
There are 25845 events with muon pt outside of [26,200] GeV. Setting those entries to their initial value.
There are 76 nan entries in the corrected pt. This might be due to the number of tracker layers hitting boundaries. Setting those entries to their initial value.
There are 26270 events with muon pt outside of [26,200] GeV. Setting those entries to their initial value.
There are 26270 events with muon pt outside of [26,200] GeV. Setting those entries to their initial value.
There are 57 nan entries in the corrected pt. This might be due to the number of tracker layers hitting boundaries. Setting those entries to their initial value.
There are 26473 events with muon pt outside of [26,200] GeV. Setting those entries to their initial value.
There are 26474 events with muon pt outside of [26,200] GeV. Setting those entries to their initial value.
There are 71 nan entries in the corrected pt. This might be due to the number of tracker layers hitting boundaries. Setting those entries to their initial value.
There are 16102 events with muon pt outside of [26,200] GeV. Setting those entries to their initial value.
There are 16102 events with muon pt outside of [26,200] GeV. Setting those entries to their initial value.
There are 52 nan entries in the corrected pt. This might be due to the number of tracker layers hitting boundaries. Setting those entries to their initial value.
There are 24277 events with muon pt outside of [26,200] GeV. Setting those entries to their initial value.
There are 24277 events with muon pt outside of [26,200] GeV. Setting those entries to their initial value.
There are 77 nan entries in the corrected pt. This might be due to the number of tracker layers hitting boundaries. Setting those entries to their initial value.
There are 25233 events with muon pt outside of [26,200] GeV. Setting those entries to their initial value.
There are 25234 events with muon pt outside of [26,200] GeV. Setting those entries to their initial value.
There are 73 nan entries in the corrected pt. This might be due to the number of tracker layers hitting boundaries. Setting those entries to their initial value.
There are 28281 events with muon pt outside of [26,200] GeV. Setting those entries to their initial value.
There are 28281 events with muon pt outside of [26,200] GeV. Setting those entries to their initial value.
There are 93 nan entries in the corrected pt. This might be due to the number of tracker layers hitting boundaries. Setting those entries to their initial value.
There are 23298 events with muon pt outside of [26,200] GeV. Setting those entries to their initial value.
There are 23298 events with muon pt outside of [26,200] GeV. Setting those entries to their initial value.
There are 66 nan entries in the corrected pt. This might be due to the number of tracker layers hitting boundaries. Setting those entries to their initial value.
There are 25139 events with muon pt outside of [26,200] GeV. Setting those entries to their initial value.
There are 25140 events with muon pt outside of [26,200] GeV. Setting those entries to their initial value.
There are 76 nan entries in the corrected pt. This might be due to the number of tracker layers hitting boundaries. Setting those entries to their initial value.
There are 24425 events with muon pt outside of [26,200] GeV. Setting those entries to their initial value.
There are 24425 events with muon pt outside of [26,200] GeV. Setting those entries to their initial value.
There are 78 nan entries in the corrected pt. This might be due to the number of tracker layers hitting boundaries. Setting those entries to their initial value.
There are 25796 events with muon pt outside of [26,200] GeV. Setting those entries to their initial value.
There are 25796 events with muon pt outside of [26,200] GeV. Setting those entries to their initial value.
There are 86 nan entries in the corrected pt. This might be due to the number of tracker layers hitting boundaries. Setting those entries to their initial value.
There are 26046 events with muon pt outside of [26,200] GeV. Setting those entries to their initial value.
There are 26048 events with muon pt outside of [26,200] GeV. Setting those entries to their initial value.
There are 63 nan entries in the corrected pt. This might be due to the number of tracker layers hitting boundaries. Setting those entries to their initial value.
There are 26052 events with muon pt outside of [26,200] GeV. Setting those entries to their initial value.
There are 26052 events with muon pt outside of [26,200] GeV. Setting those entries to their initial value.
There are 82 nan entries in the corrected pt. This might be due to the number of tracker layers hitting boundaries. Setting those entries to their initial value.
There are 25829 events with muon pt outside of [26,200] GeV. Setting those entries to their initial value.
There are 25830 events with muon pt outside of [26,200] GeV. Setting those entries to their initial value.
There are 80 nan entries in the corrected pt. This might be due to the number of tracker layers hitting boundaries. Setting those entries to their initial value.
There are 26386 events with muon pt outside of [26,200] GeV. Setting those entries to their initial value.
There are 26386 events with muon pt outside of [26,200] GeV. Setting those entries to their initial value.
There are 69 nan entries in the corrected pt. This might be due to the number of tracker layers hitting boundaries. Setting those entries to their initial value.
There are 26660 events with muon pt outside of [26,200] GeV. Setting those entries to their initial value.
There are 26660 events with muon pt outside of [26,200] GeV. Setting those entries to their initial value.
There are 77 nan entries in the corrected pt. This might be due to the number of tracker layers hitting boundaries. Setting those entries to their initial value.
There are 24395 events with muon pt outside of [26,200] GeV. Setting those entries to their initial value.
There are 24395 events with muon pt outside of [26,200] GeV. Setting those entries to their initial value.
There are 91 nan entries in the corrected pt. This might be due to the number of tracker layers hitting boundaries. Setting those entries to their initial value.
There are 24224 events with muon pt outside of [26,200] GeV. Setting those entries to their initial value.
There are 24224 events with muon pt outside of [26,200] GeV. Setting those entries to their initial value.
There are 68 nan entries in the corrected pt. This might be due to the number of tracker layers hitting boundaries. Setting those entries to their initial value.
There are 25327 events with muon pt outside of [26,200] GeV. Setting those entries to their initial value.
There are 25327 events with muon pt outside of [26,200] GeV. Setting those entries to their initial value.
There are 81 nan entries in the corrected pt. This might be due to the number of tracker layers hitting boundaries. Setting those entries to their initial value.
There are 23324 events with muon pt outside of [26,200] GeV. Setting those entries to their initial value.
There are 23324 events with muon pt outside of [26,200] GeV. Setting those entries to their initial value.
There are 87 nan entries in the corrected pt. This might be due to the number of tracker layers hitting boundaries. Setting those entries to their initial value.
There are 23206 events with muon pt outside of [26,200] GeV. Setting those entries to their initial value.
There are 23206 events with muon pt outside of [26,200] GeV. Setting those entries to their initial value.
There are 52 nan entries in the corrected pt. This might be due to the number of tracker layers hitting boundaries. Setting those entries to their initial value.
