000 (14793314.007.000) 03/05 15:53:14 Job submitted from host: <188.184.90.62:9618?addrs=188.184.90.62-9618+[2001-1458-201-e4--100-238]-9618&alias=bigbird16.cern.ch&noUDP&sock=schedd_5196_9a2f>
...
040 (14793314.007.000) 03/05 16:27:08 Started transferring input files
	Transferring to host: <188.185.213.83:9618?addrs=188.185.213.83-9618+[2001-1458-303-1a--100-4f]-9618&alias=b9p27p4214.cern.ch&noUDP&sock=slot1_26_5619_d7fe_181866>
...
040 (14793314.007.000) 03/05 16:27:09 Finished transferring input files
...
001 (14793314.007.000) 03/05 16:27:09 Job executing on host: <188.185.213.83:9618?addrs=188.185.213.83-9618+[2001-1458-303-1a--100-4f]-9618&alias=b9p27p4214.cern.ch&noUDP&sock=startd_4725_8914>
	SlotName: slot1_26@b9p27p4214.cern.ch
	CondorScratchDir = "/pool/condor/dir_2929832"
	Cpus = 1
	Disk = 3820
	GPUs = 0
	Memory = 3000
...
006 (14793314.007.000) 03/05 16:27:23 Image size of job updated: 210916
	206  -  MemoryUsage of job (MB)
	210916  -  ResidentSetSize of job (KB)
...
006 (14793314.007.000) 03/05 16:31:15 Image size of job updated: 1659788
	207  -  MemoryUsage of job (MB)
	211016  -  ResidentSetSize of job (KB)
...
040 (14793314.007.000) 03/05 16:31:15 Started transferring output files
...
040 (14793314.007.000) 03/05 16:31:15 Finished transferring output files
...
005 (14793314.007.000) 03/05 16:31:15 Job terminated.
	(1) Normal termination (return value 1)
		Usr 0 00:06:31, Sys 0 00:00:12  -  Run Remote Usage
		Usr 0 00:00:00, Sys 0 00:00:00  -  Run Local Usage
		Usr 0 00:06:31, Sys 0 00:00:12  -  Total Remote Usage
		Usr 0 00:00:00, Sys 0 00:00:00  -  Total Local Usage
	22880  -  Run Bytes Sent By Job
	36933  -  Run Bytes Received By Job
	22880  -  Total Bytes Sent By Job
	36933  -  Total Bytes Received By Job
	Partitionable Resources :    Usage  Request Allocated 
	   Cpus                 :        0        1         1 
	   Disk (KB)            :       85       40      3820 
	   GPUs                 :                           0 
	   Memory (MB)          :      207     3000      3000 
	   TimeExecute (s)      :      246                    
	   TimeSlotBusy (s)     :      248                    

	Job terminated of its own accord at 2026-03-05T15:31:15Z with exit-code 1.
...
