000 (14793314.009.000) 03/05 15:53:14 Job submitted from host: <188.184.90.62:9618?addrs=188.184.90.62-9618+[2001-1458-201-e4--100-238]-9618&alias=bigbird16.cern.ch&noUDP&sock=schedd_5196_9a2f>
...
040 (14793314.009.000) 03/05 16:27:33 Started transferring input files
	Transferring to host: <188.185.211.92:9618?addrs=188.185.211.92-9618+[2001-1458-303-16--100-58]-9618&alias=b9p23p5547.cern.ch&noUDP&sock=slot1_17_8444_4fd0_180261>
...
040 (14793314.009.000) 03/05 16:27:33 Finished transferring input files
...
001 (14793314.009.000) 03/05 16:27:34 Job executing on host: <188.185.211.92:9618?addrs=188.185.211.92-9618+[2001-1458-303-16--100-58]-9618&alias=b9p23p5547.cern.ch&noUDP&sock=startd_7288_8a50>
	SlotName: slot1_17@b9p23p5547.cern.ch
	CondorScratchDir = "/pool/condor/dir_3554449"
	Cpus = 1
	Disk = 3837
	GPUs = 0
	Memory = 3000
...
006 (14793314.009.000) 03/05 16:27:48 Image size of job updated: 292736
	286  -  MemoryUsage of job (MB)
	292736  -  ResidentSetSize of job (KB)
...
006 (14793314.009.000) 03/05 16:32:49 Image size of job updated: 1800512
	1697  -  MemoryUsage of job (MB)
	1737444  -  ResidentSetSize of job (KB)
...
040 (14793314.009.000) 03/05 16:34:42 Started transferring output files
...
040 (14793314.009.000) 03/05 16:34:42 Finished transferring output files
...
005 (14793314.009.000) 03/05 16:34:42 Job terminated.
	(1) Normal termination (return value 1)
		Usr 0 00:14:10, Sys 0 00:00:25  -  Run Remote Usage
		Usr 0 00:00:00, Sys 0 00:00:00  -  Run Local Usage
		Usr 0 00:14:10, Sys 0 00:00:25  -  Total Remote Usage
		Usr 0 00:00:00, Sys 0 00:00:00  -  Total Local Usage
	33614  -  Run Bytes Sent By Job
	36933  -  Run Bytes Received By Job
	33614  -  Total Bytes Sent By Job
	36933  -  Total Bytes Received By Job
	Partitionable Resources :    Usage  Request Allocated 
	   Cpus                 :     3.09        1         1 
	   Disk (KB)            :    95          40      3837 
	   GPUs                 :                           0 
	   Memory (MB)          :  1697        3000      3000 
	   TimeExecute (s)      :   428                       
	   TimeSlotBusy (s)     :   430                       

	Job terminated of its own accord at 2026-03-05T15:34:42Z with exit-code 1.
...
