000 (14793314.012.000) 03/05 15:53:14 Job submitted from host: <188.184.90.62:9618?addrs=188.184.90.62-9618+[2001-1458-201-e4--100-238]-9618&alias=bigbird16.cern.ch&noUDP&sock=schedd_5196_9a2f>
...
040 (14793314.012.000) 03/05 16:27:34 Started transferring input files
	Transferring to host: <188.185.192.42:9618?addrs=188.185.192.42-9618+[2001-1458-303-1f--100-26]-9618&alias=b9p13p8723.cern.ch&noUDP&sock=slot1_2_3762075_ebb1_92196>
...
040 (14793314.012.000) 03/05 16:27:34 Finished transferring input files
...
001 (14793314.012.000) 03/05 16:27:35 Job executing on host: <188.185.192.42:9618?addrs=188.185.192.42-9618+[2001-1458-303-1f--100-26]-9618&alias=b9p13p8723.cern.ch&noUDP&sock=startd_3127_70bc>
	SlotName: slot1_2@b9p13p8723.cern.ch
	CondorScratchDir = "/pool/condor/dir_565906"
	Cpus = 1
	Disk = 3858
	GPUs = 0
	Memory = 3000
...
006 (14793314.012.000) 03/05 16:27:49 Image size of job updated: 176404
	173  -  MemoryUsage of job (MB)
	176404  -  ResidentSetSize of job (KB)
...
006 (14793314.012.000) 03/05 16:32:49 Image size of job updated: 1845272
	1803  -  MemoryUsage of job (MB)
	1845272  -  ResidentSetSize of job (KB)
...
006 (14793314.012.000) 03/05 16:37:29 Image size of job updated: 2015448
	1803  -  MemoryUsage of job (MB)
	1845272  -  ResidentSetSize of job (KB)
...
040 (14793314.012.000) 03/05 16:37:29 Started transferring output files
...
040 (14793314.012.000) 03/05 16:37:29 Finished transferring output files
...
005 (14793314.012.000) 03/05 16:37:29 Job terminated.
	(1) Normal termination (return value 1)
		Usr 0 00:28:32, Sys 0 00:00:23  -  Run Remote Usage
		Usr 0 00:00:00, Sys 0 00:00:00  -  Run Local Usage
		Usr 0 00:28:32, Sys 0 00:00:23  -  Total Remote Usage
		Usr 0 00:00:00, Sys 0 00:00:00  -  Total Local Usage
	39833  -  Run Bytes Sent By Job
	36933  -  Run Bytes Received By Job
	39833  -  Total Bytes Sent By Job
	36933  -  Total Bytes Received By Job
	Partitionable Resources :    Usage  Request Allocated 
	   Cpus                 :     3.15        1         1 
	   Disk (KB)            :   101          40      3858 
	   GPUs                 :                           0 
	   Memory (MB)          :  1803        3000      3000 
	   TimeExecute (s)      :   594                       
	   TimeSlotBusy (s)     :   596                       

	Job terminated of its own accord at 2026-03-05T15:37:29Z with exit-code 1.
...
