subject   : /DC=ch/DC=cern/OU=Organic Units/OU=Users/CN=driosper/CN=886669/CN=Diego Alejandro Rios Perez/CN=3853687174
issuer    : /DC=ch/DC=cern/OU=Organic Units/OU=Users/CN=driosper/CN=886669/CN=Diego Alejandro Rios Perez
identity  : /DC=ch/DC=cern/OU=Organic Units/OU=Users/CN=driosper/CN=886669/CN=Diego Alejandro Rios Perez
type      : RFC compliant proxy
strength  : 2048 bits
path      : /afs/cern.ch/user/d/driosper/private/x509up_u182284
timeleft  : 11:41:25
key usage : Digital Signature, Key Encipherment
=== VO cms extension information ===
VO        : cms
subject   : /DC=ch/DC=cern/OU=Organic Units/OU=Users/CN=driosper/CN=886669/CN=Diego Alejandro Rios Perez
issuer    : /DC=ch/DC=cern/OU=computers/CN=cms-auth.cern.ch
attribute : /cms/Role=NULL/Capability=NULL
timeleft  : 11:41:25
uri       : voms-cms-auth.cern.ch:15000
--workflow qcd_tf_ele_1bT1e --year 2017 --output_path /eos/user/d/driosper/bsm3g_coffea/outputs/qcd_tf_ele_1bT1e/2017/ST_tW_top_5f_inclusiveDecays --output_format coffea --dataset ST_tW_top_5f_inclusiveDecays_1 --partition_json /srv/partition_fileset.json
  Preprocessing 100% ━━━━━━━━━━━━━━━━ 10/10 [ 0:00:08 < 0:00:00 | 1.3   file/s ]
Merging (local) 100% ━━━━━━━━━━━━━━━━ 10/10 [ 0:00:08 < 0:00:00 | ?   merges/s ]
     Processing   5% ╸                   1/20 [ 0:00:41 < -:--:-- | ?  chunk/s ]
Merging (local)   0% ━━━━━━━━━━━━━━━━━━━  0/0 [ 0:00:02 < 0:00:00 | ? merges/s ]
