000 (14526941.001.000) 02/14 21:30:06 Job submitted from host: <188.184.90.62:9618?addrs=188.184.90.62-9618+[2001-1458-201-e4--100-238]-9618&alias=bigbird16.cern.ch&noUDP&sock=schedd_5196_9a2f>
...
040 (14526941.001.000) 02/14 21:31:04 Started transferring input files
	Transferring to host: <188.185.213.175:9618?addrs=188.185.213.175-9618+[2001-1458-303-1b--100-2b]-9618&alias=b9p28p0795.cern.ch&noUDP&sock=slot1_22_3307_d4a0_9693>
...
040 (14526941.001.000) 02/14 21:31:04 Finished transferring input files
...
001 (14526941.001.000) 02/14 21:31:05 Job executing on host: <188.185.213.175:9618?addrs=188.185.213.175-9618+[2001-1458-303-1b--100-2b]-9618&alias=b9p28p0795.cern.ch&noUDP&sock=startd_3110_c7a0>
	SlotName: slot1_22@b9p28p0795.cern.ch
	CondorScratchDir = "/pool/condor/dir_1507394"
	Cpus = 1
	Disk = 3680
	GPUs = 0
	Memory = 3000
...
006 (14526941.001.000) 02/14 21:31:19 Image size of job updated: 211572
	207  -  MemoryUsage of job (MB)
	211572  -  ResidentSetSize of job (KB)
...
006 (14526941.001.000) 02/14 21:35:26 Image size of job updated: 1409968
	207  -  MemoryUsage of job (MB)
	211572  -  ResidentSetSize of job (KB)
...
040 (14526941.001.000) 02/14 21:35:26 Started transferring output files
...
040 (14526941.001.000) 02/14 21:35:26 Finished transferring output files
...
004 (14526941.001.000) 02/14 21:35:26 Job was evicted.
	(0) CPU times
		Usr 0 00:07:52, Sys 0 00:00:20  -  Run Remote Usage
		Usr 0 00:00:00, Sys 0 00:00:00  -  Run Local Usage
	5246  -  Run Bytes Sent By Job
	7784  -  Run Bytes Received By Job
	Partitionable Resources :    Usage  Request Allocated 
	   Cpus                 :                 1         1 
	   Disk (KB)            :       30       10      3680 
	   GPUs                 :                           0 
	   Memory (MB)          :      207     3000      3000 
	   TimeExecute (s)      :      261                    
	   TimeSlotBusy (s)     :      263                    
...
009 (14526941.001.000) 02/14 21:35:26 Job was aborted.
	via condor_rm (by user driosper)
...
