000 (14788592.003.000) 03/03 04:17:53 Job submitted from host: <188.184.90.62:9618?addrs=188.184.90.62-9618+[2001-1458-201-e4--100-238]-9618&alias=bigbird16.cern.ch&noUDP&sock=schedd_5196_9a2f>
...
040 (14788592.003.000) 03/03 04:18:17 Started transferring input files
	Transferring to host: <188.185.210.194:9618?addrs=188.185.210.194-9618+[2001-1458-303-15--100-3e]-9618&alias=b9p22p1324.cern.ch&noUDP&sock=slot1_15_4875_a0df_208626>
...
040 (14788592.003.000) 03/03 04:18:17 Finished transferring input files
...
001 (14788592.003.000) 03/03 04:18:18 Job executing on host: <188.185.210.194:9618?addrs=188.185.210.194-9618+[2001-1458-303-15--100-3e]-9618&alias=b9p22p1324.cern.ch&noUDP&sock=startd_3981_369e>
	SlotName: slot1_15@b9p22p1324.cern.ch
	CondorScratchDir = "/pool/condor/dir_2477426"
	Cpus = 1
	Disk = 3831
	GPUs = 0
	Memory = 3000
...
006 (14788592.003.000) 03/03 04:18:32 Image size of job updated: 515612
	504  -  MemoryUsage of job (MB)
	515612  -  ResidentSetSize of job (KB)
...
006 (14788592.003.000) 03/03 04:23:33 Image size of job updated: 3102496
	2927  -  MemoryUsage of job (MB)
	2996736  -  ResidentSetSize of job (KB)
...
006 (14788592.003.000) 03/03 04:28:33 Image size of job updated: 3620772
	3527  -  MemoryUsage of job (MB)
	3611440  -  ResidentSetSize of job (KB)
...
006 (14788592.003.000) 03/03 04:28:40 Image size of job updated: 3693656
	3527  -  MemoryUsage of job (MB)
	3611440  -  ResidentSetSize of job (KB)
...
040 (14788592.003.000) 03/03 04:28:40 Started transferring output files
...
040 (14788592.003.000) 03/03 04:28:40 Finished transferring output files
...
005 (14788592.003.000) 03/03 04:28:40 Job terminated.
	(1) Normal termination (return value 1)
		Usr 0 00:19:31, Sys 0 00:00:37  -  Run Remote Usage
		Usr 0 00:00:00, Sys 0 00:00:00  -  Run Local Usage
		Usr 0 00:19:31, Sys 0 00:00:37  -  Total Remote Usage
		Usr 0 00:00:00, Sys 0 00:00:00  -  Total Local Usage
	44924  -  Run Bytes Sent By Job
	29694  -  Run Bytes Received By Job
	44924  -  Total Bytes Sent By Job
	29694  -  Total Bytes Received By Job
	Partitionable Resources :    Usage  Request Allocated 
	   Cpus                 :     2.09        1         1 
	   Disk (KB)            :    99          32      3831 
	   GPUs                 :                           0 
	   Memory (MB)          :  3527        3000      3000 
	   TimeExecute (s)      :   622                       
	   TimeSlotBusy (s)     :   624                       

	Job terminated of its own accord at 2026-03-03T03:28:40Z with exit-code 1.
...
