000 (14788592.001.000) 03/03 04:17:53 Job submitted from host: <188.184.90.62:9618?addrs=188.184.90.62-9618+[2001-1458-201-e4--100-238]-9618&alias=bigbird16.cern.ch&noUDP&sock=schedd_5196_9a2f>
...
040 (14788592.001.000) 03/03 04:18:17 Started transferring input files
	Transferring to host: <128.142.161.81:9618?addrs=128.142.161.81-9618+[2001-1458-301-b8--100-f]-9618&alias=b9g03p1530.cern.ch&noUDP&sock=slot1_25_3690533_1c13_210651>
...
040 (14788592.001.000) 03/03 04:18:17 Finished transferring input files
...
001 (14788592.001.000) 03/03 04:18:18 Job executing on host: <128.142.161.81:9618?addrs=128.142.161.81-9618+[2001-1458-301-b8--100-f]-9618&alias=b9g03p1530.cern.ch&noUDP&sock=startd_3237_e427>
	SlotName: slot1_25@b9g03p1530.cern.ch
	CondorScratchDir = "/pool/condor/dir_3129280"
	Cpus = 1
	Disk = 4064
	GPUs = 0
	Memory = 3000
...
006 (14788592.001.000) 03/03 04:18:31 Image size of job updated: 473072
	462  -  MemoryUsage of job (MB)
	473072  -  ResidentSetSize of job (KB)
...
006 (14788592.001.000) 03/03 04:23:31 Image size of job updated: 3030636
	2852  -  MemoryUsage of job (MB)
	2920412  -  ResidentSetSize of job (KB)
...
006 (14788592.001.000) 03/03 04:28:32 Image size of job updated: 3403972
	3060  -  MemoryUsage of job (MB)
	3132660  -  ResidentSetSize of job (KB)
...
006 (14788592.001.000) 03/03 04:33:32 Image size of job updated: 3648612
	3564  -  MemoryUsage of job (MB)
	3648612  -  ResidentSetSize of job (KB)
...
006 (14788592.001.000) 03/03 04:34:32 Image size of job updated: 3824448
	3564  -  MemoryUsage of job (MB)
	3648612  -  ResidentSetSize of job (KB)
...
040 (14788592.001.000) 03/03 04:34:32 Started transferring output files
...
040 (14788592.001.000) 03/03 04:34:32 Finished transferring output files
...
005 (14788592.001.000) 03/03 04:34:33 Job terminated.
	(1) Normal termination (return value 1)
		Usr 0 00:29:25, Sys 0 00:00:38  -  Run Remote Usage
		Usr 0 00:00:00, Sys 0 00:00:00  -  Run Local Usage
		Usr 0 00:29:25, Sys 0 00:00:38  -  Total Remote Usage
		Usr 0 00:00:00, Sys 0 00:00:00  -  Total Local Usage
	44989  -  Run Bytes Sent By Job
	29694  -  Run Bytes Received By Job
	44989  -  Total Bytes Sent By Job
	29694  -  Total Bytes Received By Job
	Partitionable Resources :    Usage  Request Allocated 
	   Cpus                 :     1.70        1         1 
	   Disk (KB)            :    98          32      4064 
	   GPUs                 :                           0 
	   Memory (MB)          :  3564        3000      3000 
	   TimeExecute (s)      :   974                       
	   TimeSlotBusy (s)     :   977                       

	Job terminated of its own accord at 2026-03-03T03:34:32Z with exit-code 1.
...
