000 (14788592.008.000) 03/03 04:17:53 Job submitted from host: <188.184.90.62:9618?addrs=188.184.90.62-9618+[2001-1458-201-e4--100-238]-9618&alias=bigbird16.cern.ch&noUDP&sock=schedd_5196_9a2f>
...
040 (14788592.008.000) 03/03 04:18:19 Started transferring input files
	Transferring to host: <188.185.204.147:9618?addrs=188.185.204.147-9618+[2001-1458-303-8--100-87]-9618&alias=b9p02p8294.cern.ch&noUDP&sock=slot1_30_10654_74ea_151561>
...
040 (14788592.008.000) 03/03 04:18:19 Finished transferring input files
...
001 (14788592.008.000) 03/03 04:18:20 Job executing on host: <188.185.204.147:9618?addrs=188.185.204.147-9618+[2001-1458-303-8--100-87]-9618&alias=b9p02p8294.cern.ch&noUDP&sock=startd_9123_3299>
	SlotName: slot1_30@b9p02p8294.cern.ch
	CondorScratchDir = "/pool/condor/dir_1177565"
	Cpus = 1
	Disk = 3692
	GPUs = 0
	Memory = 3000
...
006 (14788592.008.000) 03/03 04:18:34 Image size of job updated: 624384
	610  -  MemoryUsage of job (MB)
	624384  -  ResidentSetSize of job (KB)
...
006 (14788592.008.000) 03/03 04:23:35 Image size of job updated: 2945668
	2738  -  MemoryUsage of job (MB)
	2803272  -  ResidentSetSize of job (KB)
...
006 (14788592.008.000) 03/03 04:26:51 Image size of job updated: 3364948
	2738  -  MemoryUsage of job (MB)
	2803272  -  ResidentSetSize of job (KB)
...
040 (14788592.008.000) 03/03 04:26:51 Started transferring output files
...
040 (14788592.008.000) 03/03 04:26:51 Finished transferring output files
...
005 (14788592.008.000) 03/03 04:26:51 Job terminated.
	(1) Normal termination (return value 1)
		Usr 0 00:16:37, Sys 0 00:00:29  -  Run Remote Usage
		Usr 0 00:00:00, Sys 0 00:00:00  -  Run Local Usage
		Usr 0 00:16:37, Sys 0 00:00:29  -  Total Remote Usage
		Usr 0 00:00:00, Sys 0 00:00:00  -  Total Local Usage
	34985  -  Run Bytes Sent By Job
	29694  -  Run Bytes Received By Job
	34985  -  Total Bytes Sent By Job
	29694  -  Total Bytes Received By Job
	Partitionable Resources :    Usage  Request Allocated 
	   Cpus                 :        0        1         1 
	   Disk (KB)            :       92       32      3692 
	   GPUs                 :                           0 
	   Memory (MB)          :     2738     3000      3000 
	   TimeExecute (s)      :      511                    
	   TimeSlotBusy (s)     :      513                    

	Job terminated of its own accord at 2026-03-03T03:26:51Z with exit-code 1.
...
