000 (14788592.009.000) 03/03 04:17:53 Job submitted from host: <188.184.90.62:9618?addrs=188.184.90.62-9618+[2001-1458-201-e4--100-238]-9618&alias=bigbird16.cern.ch&noUDP&sock=schedd_5196_9a2f>
...
040 (14788592.009.000) 03/03 04:18:19 Started transferring input files
	Transferring to host: <188.185.210.65:9618?addrs=188.185.210.65-9618+[2001-1458-303-1--100-3d]-9618&alias=b9p21p9212.cern.ch&noUDP&sock=slot1_12_5114_0689_175432>
...
040 (14788592.009.000) 03/03 04:18:19 Finished transferring input files
...
001 (14788592.009.000) 03/03 04:18:20 Job executing on host: <188.185.210.65:9618?addrs=188.185.210.65-9618+[2001-1458-303-1--100-3d]-9618&alias=b9p21p9212.cern.ch&noUDP&sock=startd_4196_af7a>
	SlotName: slot1_12@b9p21p9212.cern.ch
	CondorScratchDir = "/pool/condor/dir_401922"
	Cpus = 1
	Disk = 3770
	GPUs = 0
	Memory = 3000
...
006 (14788592.009.000) 03/03 04:18:34 Image size of job updated: 110492
	108  -  MemoryUsage of job (MB)
	110492  -  ResidentSetSize of job (KB)
...
006 (14788592.009.000) 03/03 04:23:34 Image size of job updated: 3001448
	2932  -  MemoryUsage of job (MB)
	3001448  -  ResidentSetSize of job (KB)
...
006 (14788592.009.000) 03/03 04:28:34 Image size of job updated: 3657664
	3259  -  MemoryUsage of job (MB)
	3336760  -  ResidentSetSize of job (KB)
...
040 (14788592.009.000) 03/03 04:28:53 Started transferring output files
...
040 (14788592.009.000) 03/03 04:28:53 Finished transferring output files
...
005 (14788592.009.000) 03/03 04:28:53 Job terminated.
	(1) Normal termination (return value 1)
		Usr 0 00:20:40, Sys 0 00:00:31  -  Run Remote Usage
		Usr 0 00:00:00, Sys 0 00:00:00  -  Run Local Usage
		Usr 0 00:20:40, Sys 0 00:00:31  -  Total Remote Usage
		Usr 0 00:00:00, Sys 0 00:00:00  -  Total Local Usage
	37963  -  Run Bytes Sent By Job
	29694  -  Run Bytes Received By Job
	37963  -  Total Bytes Sent By Job
	29694  -  Total Bytes Received By Job
	Partitionable Resources :    Usage  Request Allocated 
	   Cpus                 :     2.92        1         1 
	   Disk (KB)            :    92          32      3770 
	   GPUs                 :                           0 
	   Memory (MB)          :  3259        3000      3000 
	   TimeExecute (s)      :   633                       
	   TimeSlotBusy (s)     :   635                       

	Job terminated of its own accord at 2026-03-03T03:28:53Z with exit-code 1.
...
