subject   : /DC=ch/DC=cern/OU=Organic Units/OU=Users/CN=driosper/CN=886669/CN=Diego Alejandro Rios Perez/CN=2735051137
issuer    : /DC=ch/DC=cern/OU=Organic Units/OU=Users/CN=driosper/CN=886669/CN=Diego Alejandro Rios Perez
identity  : /DC=ch/DC=cern/OU=Organic Units/OU=Users/CN=driosper/CN=886669/CN=Diego Alejandro Rios Perez
type      : RFC compliant proxy
strength  : 2048 bits
path      : /afs/cern.ch/user/d/driosper/private/x509up_u182284
timeleft  : 5:19:15
key usage : Digital Signature, Key Encipherment
=== VO cms extension information ===
VO        : cms
subject   : /DC=ch/DC=cern/OU=Organic Units/OU=Users/CN=driosper/CN=886669/CN=Diego Alejandro Rios Perez
issuer    : /DC=ch/DC=cern/OU=computers/CN=cms-auth.cern.ch
attribute : /cms/Role=NULL/Capability=NULL
timeleft  : 5:19:15
uri       : voms-cms-auth.cern.ch:15000
--workflow 2b1mu --year 2022preEE --output_path /eos/user/d/driosper/bsm3g_coffea/outputs/2b1mu/2022preEE/DYJetsToLL_inclusive_50 --output_format coffea --dataset DYJetsToLL_inclusive_50_11 --partition_json /srv/partition_fileset.json
  Preprocessing 100% ━━━━━━━━━━━━━━━━━━ 9/9 [ 0:00:10 < 0:00:00 | 0.9   file/s ]
Merging (local) 100% ━━━━━━━━━━━━━━━━━━ 9/9 [ 0:00:10 < 0:00:00 | ?   merges/s ]
     Processing   4% ╸                 2/57 [ 0:00:19 < 0:04:12 | 0.2  chunk/s ]
Merging (local) 100% ━━━━━━━━━━━━━━━━━  1/1 [ 0:00:15 < 0:00:00 | ?   merges/s ]
There are 167 events with muon pt outside of [26,200] GeV. Setting those entries to their initial value.
There are 167 events with muon pt outside of [26,200] GeV. Setting those entries to their initial value.
There are 1 nan entries in the corrected pt. This might be due to the number of tracker layers hitting boundaries. Setting those entries to their initial value.
There are 24210 events with muon pt outside of [26,200] GeV. Setting those entries to their initial value.
There are 24214 events with muon pt outside of [26,200] GeV. Setting those entries to their initial value.
There are 237 nan entries in the corrected pt. This might be due to the number of tracker layers hitting boundaries. Setting those entries to their initial value.
There are 24228 events with muon pt outside of [26,200] GeV. Setting those entries to their initial value.
There are 24229 events with muon pt outside of [26,200] GeV. Setting those entries to their initial value.
There are 194 nan entries in the corrected pt. This might be due to the number of tracker layers hitting boundaries. Setting those entries to their initial value.
There are 23989 events with muon pt outside of [26,200] GeV. Setting those entries to their initial value.
There are 23991 events with muon pt outside of [26,200] GeV. Setting those entries to their initial value.
There are 218 nan entries in the corrected pt. This might be due to the number of tracker layers hitting boundaries. Setting those entries to their initial value.
There are 24208 events with muon pt outside of [26,200] GeV. Setting those entries to their initial value.
There are 24211 events with muon pt outside of [26,200] GeV. Setting those entries to their initial value.
There are 198 nan entries in the corrected pt. This might be due to the number of tracker layers hitting boundaries. Setting those entries to their initial value.
There are 23872 events with muon pt outside of [26,200] GeV. Setting those entries to their initial value.
There are 23872 events with muon pt outside of [26,200] GeV. Setting those entries to their initial value.
There are 194 nan entries in the corrected pt. This might be due to the number of tracker layers hitting boundaries. Setting those entries to their initial value.
There are 21071 events with muon pt outside of [26,200] GeV. Setting those entries to their initial value.
There are 21074 events with muon pt outside of [26,200] GeV. Setting those entries to their initial value.
There are 161 nan entries in the corrected pt. This might be due to the number of tracker layers hitting boundaries. Setting those entries to their initial value.
There are 24599 events with muon pt outside of [26,200] GeV. Setting those entries to their initial value.
There are 24603 events with muon pt outside of [26,200] GeV. Setting those entries to their initial value.
There are 189 nan entries in the corrected pt. This might be due to the number of tracker layers hitting boundaries. Setting those entries to their initial value.
There are 24844 events with muon pt outside of [26,200] GeV. Setting those entries to their initial value.
There are 24848 events with muon pt outside of [26,200] GeV. Setting those entries to their initial value.
There are 226 nan entries in the corrected pt. This might be due to the number of tracker layers hitting boundaries. Setting those entries to their initial value.
There are 24194 events with muon pt outside of [26,200] GeV. Setting those entries to their initial value.
There are 24197 events with muon pt outside of [26,200] GeV. Setting those entries to their initial value.
There are 199 nan entries in the corrected pt. This might be due to the number of tracker layers hitting boundaries. Setting those entries to their initial value.
There are 24401 events with muon pt outside of [26,200] GeV. Setting those entries to their initial value.
There are 24403 events with muon pt outside of [26,200] GeV. Setting those entries to their initial value.
There are 222 nan entries in the corrected pt. This might be due to the number of tracker layers hitting boundaries. Setting those entries to their initial value.
There are 24403 events with muon pt outside of [26,200] GeV. Setting those entries to their initial value.
There are 24407 events with muon pt outside of [26,200] GeV. Setting those entries to their initial value.
There are 190 nan entries in the corrected pt. This might be due to the number of tracker layers hitting boundaries. Setting those entries to their initial value.
There are 22656 events with muon pt outside of [26,200] GeV. Setting those entries to their initial value.
There are 22656 events with muon pt outside of [26,200] GeV. Setting those entries to their initial value.
There are 203 nan entries in the corrected pt. This might be due to the number of tracker layers hitting boundaries. Setting those entries to their initial value.
There are 22717 events with muon pt outside of [26,200] GeV. Setting those entries to their initial value.
There are 22720 events with muon pt outside of [26,200] GeV. Setting those entries to their initial value.
There are 182 nan entries in the corrected pt. This might be due to the number of tracker layers hitting boundaries. Setting those entries to their initial value.
There are 24500 events with muon pt outside of [26,200] GeV. Setting those entries to their initial value.
There are 24503 events with muon pt outside of [26,200] GeV. Setting those entries to their initial value.
There are 202 nan entries in the corrected pt. This might be due to the number of tracker layers hitting boundaries. Setting those entries to their initial value.
There are 24379 events with muon pt outside of [26,200] GeV. Setting those entries to their initial value.
There are 24381 events with muon pt outside of [26,200] GeV. Setting those entries to their initial value.
There are 220 nan entries in the corrected pt. This might be due to the number of tracker layers hitting boundaries. Setting those entries to their initial value.
There are 24335 events with muon pt outside of [26,200] GeV. Setting those entries to their initial value.
There are 24338 events with muon pt outside of [26,200] GeV. Setting those entries to their initial value.
There are 197 nan entries in the corrected pt. This might be due to the number of tracker layers hitting boundaries. Setting those entries to their initial value.
There are 23966 events with muon pt outside of [26,200] GeV. Setting those entries to their initial value.
There are 23968 events with muon pt outside of [26,200] GeV. Setting those entries to their initial value.
There are 170 nan entries in the corrected pt. This might be due to the number of tracker layers hitting boundaries. Setting those entries to their initial value.
There are 24126 events with muon pt outside of [26,200] GeV. Setting those entries to their initial value.
There are 24129 events with muon pt outside of [26,200] GeV. Setting those entries to their initial value.
There are 216 nan entries in the corrected pt. This might be due to the number of tracker layers hitting boundaries. Setting those entries to their initial value.
There are 23958 events with muon pt outside of [26,200] GeV. Setting those entries to their initial value.
There are 23961 events with muon pt outside of [26,200] GeV. Setting those entries to their initial value.
There are 217 nan entries in the corrected pt. This might be due to the number of tracker layers hitting boundaries. Setting those entries to their initial value.
There are 21169 events with muon pt outside of [26,200] GeV. Setting those entries to their initial value.
There are 21172 events with muon pt outside of [26,200] GeV. Setting those entries to their initial value.
There are 182 nan entries in the corrected pt. This might be due to the number of tracker layers hitting boundaries. Setting those entries to their initial value.
There are 24547 events with muon pt outside of [26,200] GeV. Setting those entries to their initial value.
There are 24547 events with muon pt outside of [26,200] GeV. Setting those entries to their initial value.
There are 208 nan entries in the corrected pt. This might be due to the number of tracker layers hitting boundaries. Setting those entries to their initial value.
There are 24679 events with muon pt outside of [26,200] GeV. Setting those entries to their initial value.
There are 24681 events with muon pt outside of [26,200] GeV. Setting those entries to their initial value.
There are 205 nan entries in the corrected pt. This might be due to the number of tracker layers hitting boundaries. Setting those entries to their initial value.
There are 24255 events with muon pt outside of [26,200] GeV. Setting those entries to their initial value.
There are 24257 events with muon pt outside of [26,200] GeV. Setting those entries to their initial value.
There are 208 nan entries in the corrected pt. This might be due to the number of tracker layers hitting boundaries. Setting those entries to their initial value.
There are 24403 events with muon pt outside of [26,200] GeV. Setting those entries to their initial value.
There are 24405 events with muon pt outside of [26,200] GeV. Setting those entries to their initial value.
There are 200 nan entries in the corrected pt. This might be due to the number of tracker layers hitting boundaries. Setting those entries to their initial value.
There are 24437 events with muon pt outside of [26,200] GeV. Setting those entries to their initial value.
There are 24441 events with muon pt outside of [26,200] GeV. Setting those entries to their initial value.
There are 197 nan entries in the corrected pt. This might be due to the number of tracker layers hitting boundaries. Setting those entries to their initial value.
There are 22659 events with muon pt outside of [26,200] GeV. Setting those entries to their initial value.
There are 22663 events with muon pt outside of [26,200] GeV. Setting those entries to their initial value.
There are 208 nan entries in the corrected pt. This might be due to the number of tracker layers hitting boundaries. Setting those entries to their initial value.
There are 24388 events with muon pt outside of [26,200] GeV. Setting those entries to their initial value.
There are 24392 events with muon pt outside of [26,200] GeV. Setting those entries to their initial value.
There are 190 nan entries in the corrected pt. This might be due to the number of tracker layers hitting boundaries. Setting those entries to their initial value.
There are 24370 events with muon pt outside of [26,200] GeV. Setting those entries to their initial value.
There are 24371 events with muon pt outside of [26,200] GeV. Setting those entries to their initial value.
There are 201 nan entries in the corrected pt. This might be due to the number of tracker layers hitting boundaries. Setting those entries to their initial value.
There are 24489 events with muon pt outside of [26,200] GeV. Setting those entries to their initial value.
There are 24492 events with muon pt outside of [26,200] GeV. Setting those entries to their initial value.
There are 178 nan entries in the corrected pt. This might be due to the number of tracker layers hitting boundaries. Setting those entries to their initial value.
There are 23960 events with muon pt outside of [26,200] GeV. Setting those entries to their initial value.
There are 23962 events with muon pt outside of [26,200] GeV. Setting those entries to their initial value.
There are 194 nan entries in the corrected pt. This might be due to the number of tracker layers hitting boundaries. Setting those entries to their initial value.
There are 24058 events with muon pt outside of [26,200] GeV. Setting those entries to their initial value.
There are 24059 events with muon pt outside of [26,200] GeV. Setting those entries to their initial value.
There are 223 nan entries in the corrected pt. This might be due to the number of tracker layers hitting boundaries. Setting those entries to their initial value.
There are 23816 events with muon pt outside of [26,200] GeV. Setting those entries to their initial value.
There are 23819 events with muon pt outside of [26,200] GeV. Setting those entries to their initial value.
There are 189 nan entries in the corrected pt. This might be due to the number of tracker layers hitting boundaries. Setting those entries to their initial value.
There are 21107 events with muon pt outside of [26,200] GeV. Setting those entries to their initial value.
There are 21109 events with muon pt outside of [26,200] GeV. Setting those entries to their initial value.
There are 165 nan entries in the corrected pt. This might be due to the number of tracker layers hitting boundaries. Setting those entries to their initial value.
There are 24820 events with muon pt outside of [26,200] GeV. Setting those entries to their initial value.
There are 24823 events with muon pt outside of [26,200] GeV. Setting those entries to their initial value.
There are 183 nan entries in the corrected pt. This might be due to the number of tracker layers hitting boundaries. Setting those entries to their initial value.
There are 10227 events with muon pt outside of [26,200] GeV. Setting those entries to their initial value.
There are 10231 events with muon pt outside of [26,200] GeV. Setting those entries to their initial value.
There are 88 nan entries in the corrected pt. This might be due to the number of tracker layers hitting boundaries. Setting those entries to their initial value.
There are 24266 events with muon pt outside of [26,200] GeV. Setting those entries to their initial value.
There are 24269 events with muon pt outside of [26,200] GeV. Setting those entries to their initial value.
There are 188 nan entries in the corrected pt. This might be due to the number of tracker layers hitting boundaries. Setting those entries to their initial value.
There are 24322 events with muon pt outside of [26,200] GeV. Setting those entries to their initial value.
There are 24323 events with muon pt outside of [26,200] GeV. Setting those entries to their initial value.
There are 198 nan entries in the corrected pt. This might be due to the number of tracker layers hitting boundaries. Setting those entries to their initial value.
There are 24323 events with muon pt outside of [26,200] GeV. Setting those entries to their initial value.
There are 24324 events with muon pt outside of [26,200] GeV. Setting those entries to their initial value.
There are 220 nan entries in the corrected pt. This might be due to the number of tracker layers hitting boundaries. Setting those entries to their initial value.
There are 24301 events with muon pt outside of [26,200] GeV. Setting those entries to their initial value.
There are 24305 events with muon pt outside of [26,200] GeV. Setting those entries to their initial value.
There are 157 nan entries in the corrected pt. This might be due to the number of tracker layers hitting boundaries. Setting those entries to their initial value.
There are 22878 events with muon pt outside of [26,200] GeV. Setting those entries to their initial value.
There are 22878 events with muon pt outside of [26,200] GeV. Setting those entries to their initial value.
There are 234 nan entries in the corrected pt. This might be due to the number of tracker layers hitting boundaries. Setting those entries to their initial value.
There are 22648 events with muon pt outside of [26,200] GeV. Setting those entries to their initial value.
There are 22651 events with muon pt outside of [26,200] GeV. Setting those entries to their initial value.
There are 216 nan entries in the corrected pt. This might be due to the number of tracker layers hitting boundaries. Setting those entries to their initial value.
There are 24350 events with muon pt outside of [26,200] GeV. Setting those entries to their initial value.
There are 24354 events with muon pt outside of [26,200] GeV. Setting those entries to their initial value.
There are 220 nan entries in the corrected pt. This might be due to the number of tracker layers hitting boundaries. Setting those entries to their initial value.
There are 24516 events with muon pt outside of [26,200] GeV. Setting those entries to their initial value.
There are 24516 events with muon pt outside of [26,200] GeV. Setting those entries to their initial value.
There are 209 nan entries in the corrected pt. This might be due to the number of tracker layers hitting boundaries. Setting those entries to their initial value.
There are 24389 events with muon pt outside of [26,200] GeV. Setting those entries to their initial value.
There are 24391 events with muon pt outside of [26,200] GeV. Setting those entries to their initial value.
There are 201 nan entries in the corrected pt. This might be due to the number of tracker layers hitting boundaries. Setting those entries to their initial value.
There are 24052 events with muon pt outside of [26,200] GeV. Setting those entries to their initial value.
There are 24053 events with muon pt outside of [26,200] GeV. Setting those entries to their initial value.
There are 210 nan entries in the corrected pt. This might be due to the number of tracker layers hitting boundaries. Setting those entries to their initial value.
There are 24076 events with muon pt outside of [26,200] GeV. Setting those entries to their initial value.
There are 24078 events with muon pt outside of [26,200] GeV. Setting those entries to their initial value.
There are 219 nan entries in the corrected pt. This might be due to the number of tracker layers hitting boundaries. Setting those entries to their initial value.
There are 24029 events with muon pt outside of [26,200] GeV. Setting those entries to their initial value.
There are 24030 events with muon pt outside of [26,200] GeV. Setting those entries to their initial value.
There are 200 nan entries in the corrected pt. This might be due to the number of tracker layers hitting boundaries. Setting those entries to their initial value.
There are 1006 events with muon pt outside of [26,200] GeV. Setting those entries to their initial value.
There are 1006 events with muon pt outside of [26,200] GeV. Setting those entries to their initial value.
There are 8 nan entries in the corrected pt. This might be due to the number of tracker layers hitting boundaries. Setting those entries to their initial value.
There are 24597 events with muon pt outside of [26,200] GeV. Setting those entries to their initial value.
There are 24598 events with muon pt outside of [26,200] GeV. Setting those entries to their initial value.
There are 199 nan entries in the corrected pt. This might be due to the number of tracker layers hitting boundaries. Setting those entries to their initial value.
There are 24410 events with muon pt outside of [26,200] GeV. Setting those entries to their initial value.
There are 24410 events with muon pt outside of [26,200] GeV. Setting those entries to their initial value.
There are 190 nan entries in the corrected pt. This might be due to the number of tracker layers hitting boundaries. Setting those entries to their initial value.
There are 24145 events with muon pt outside of [26,200] GeV. Setting those entries to their initial value.
There are 24146 events with muon pt outside of [26,200] GeV. Setting those entries to their initial value.
There are 190 nan entries in the corrected pt. This might be due to the number of tracker layers hitting boundaries. Setting those entries to their initial value.
There are 24125 events with muon pt outside of [26,200] GeV. Setting those entries to their initial value.
There are 24126 events with muon pt outside of [26,200] GeV. Setting those entries to their initial value.
There are 217 nan entries in the corrected pt. This might be due to the number of tracker layers hitting boundaries. Setting those entries to their initial value.
There are 24143 events with muon pt outside of [26,200] GeV. Setting those entries to their initial value.
There are 24144 events with muon pt outside of [26,200] GeV. Setting those entries to their initial value.
There are 195 nan entries in the corrected pt. This might be due to the number of tracker layers hitting boundaries. Setting those entries to their initial value.
There are 22868 events with muon pt outside of [26,200] GeV. Setting those entries to their initial value.
There are 22869 events with muon pt outside of [26,200] GeV. Setting those entries to their initial value.
There are 176 nan entries in the corrected pt. This might be due to the number of tracker layers hitting boundaries. Setting those entries to their initial value.
There are 22844 events with muon pt outside of [26,200] GeV. Setting those entries to their initial value.
There are 22847 events with muon pt outside of [26,200] GeV. Setting those entries to their initial value.
There are 205 nan entries in the corrected pt. This might be due to the number of tracker layers hitting boundaries. Setting those entries to their initial value.
There are 22710 events with muon pt outside of [26,200] GeV. Setting those entries to their initial value.
There are 22711 events with muon pt outside of [26,200] GeV. Setting those entries to their initial value.
There are 177 nan entries in the corrected pt. This might be due to the number of tracker layers hitting boundaries. Setting those entries to their initial value.
