000 (14788592.007.000) 03/03 04:17:53 Job submitted from host: <188.184.90.62:9618?addrs=188.184.90.62-9618+[2001-1458-201-e4--100-238]-9618&alias=bigbird16.cern.ch&noUDP&sock=schedd_5196_9a2f>
...
040 (14788592.007.000) 03/03 04:18:18 Started transferring input files
	Transferring to host: <188.185.214.9:9618?addrs=188.185.214.9-9618+[2001-1458-303-1c--100-5]-9618&alias=b9p29p0597.cern.ch&noUDP&sock=slot1_9_1197108_a1a1_112467>
...
040 (14788592.007.000) 03/03 04:18:18 Finished transferring input files
...
001 (14788592.007.000) 03/03 04:18:19 Job executing on host: <188.185.214.9:9618?addrs=188.185.214.9-9618+[2001-1458-303-1c--100-5]-9618&alias=b9p29p0597.cern.ch&noUDP&sock=startd_1196988_c908>
	SlotName: slot1_9@b9p29p0597.cern.ch
	CondorScratchDir = "/pool/condor/dir_898009"
	Cpus = 1
	Disk = 3807
	GPUs = 0
	Memory = 3000
...
006 (14788592.007.000) 03/03 04:18:33 Image size of job updated: 551388
	539  -  MemoryUsage of job (MB)
	551388  -  ResidentSetSize of job (KB)
...
006 (14788592.007.000) 03/03 04:23:35 Image size of job updated: 3352124
	3063  -  MemoryUsage of job (MB)
	3135620  -  ResidentSetSize of job (KB)
...
006 (14788592.007.000) 03/03 04:25:43 Image size of job updated: 3485764
	3063  -  MemoryUsage of job (MB)
	3135620  -  ResidentSetSize of job (KB)
...
040 (14788592.007.000) 03/03 04:25:43 Started transferring output files
...
040 (14788592.007.000) 03/03 04:25:43 Finished transferring output files
...
005 (14788592.007.000) 03/03 04:25:43 Job terminated.
	(1) Normal termination (return value 1)
		Usr 0 00:14:21, Sys 0 00:00:27  -  Run Remote Usage
		Usr 0 00:00:00, Sys 0 00:00:00  -  Run Local Usage
		Usr 0 00:14:21, Sys 0 00:00:27  -  Total Remote Usage
		Usr 0 00:00:00, Sys 0 00:00:00  -  Total Local Usage
	36200  -  Run Bytes Sent By Job
	29694  -  Run Bytes Received By Job
	36200  -  Total Bytes Sent By Job
	29694  -  Total Bytes Received By Job
	Partitionable Resources :    Usage  Request Allocated 
	   Cpus                 :     1.56        1         1 
	   Disk (KB)            :    90          32      3807 
	   GPUs                 :                           0 
	   Memory (MB)          :  3063        3000      3000 
	   TimeExecute (s)      :   444                       
	   TimeSlotBusy (s)     :   446                       

	Job terminated of its own accord at 2026-03-03T03:25:43Z with exit-code 1.
...
