000 (14788592.002.000) 03/03 04:17:53 Job submitted from host: <188.184.90.62:9618?addrs=188.184.90.62-9618+[2001-1458-201-e4--100-238]-9618&alias=bigbird16.cern.ch&noUDP&sock=schedd_5196_9a2f>
...
040 (14788592.002.000) 03/03 04:18:17 Started transferring input files
	Transferring to host: <188.185.210.206:9618?addrs=188.185.210.206-9618+[2001-1458-303-15--100-4a]-9618&alias=b9p22p3505.cern.ch&noUDP&sock=slot1_7_7251_bc40_224130>
...
040 (14788592.002.000) 03/03 04:18:17 Finished transferring input files
...
001 (14788592.002.000) 03/03 04:18:18 Job executing on host: <188.185.210.206:9618?addrs=188.185.210.206-9618+[2001-1458-303-15--100-4a]-9618&alias=b9p22p3505.cern.ch&noUDP&sock=startd_6429_5675>
	SlotName: slot1_7@b9p22p3505.cern.ch
	CondorScratchDir = "/pool/condor/dir_1240179"
	Cpus = 1
	Disk = 3869
	GPUs = 0
	Memory = 3000
...
006 (14788592.002.000) 03/03 04:18:32 Image size of job updated: 650128
	635  -  MemoryUsage of job (MB)
	650128  -  ResidentSetSize of job (KB)
...
006 (14788592.002.000) 03/03 04:23:33 Image size of job updated: 3343432
	3139  -  MemoryUsage of job (MB)
	3214132  -  ResidentSetSize of job (KB)
...
006 (14788592.002.000) 03/03 04:25:55 Image size of job updated: 3781756
	3139  -  MemoryUsage of job (MB)
	3214132  -  ResidentSetSize of job (KB)
...
040 (14788592.002.000) 03/03 04:25:55 Started transferring output files
...
040 (14788592.002.000) 03/03 04:25:55 Finished transferring output files
...
005 (14788592.002.000) 03/03 04:25:55 Job terminated.
	(1) Normal termination (return value 1)
		Usr 0 00:15:44, Sys 0 00:00:24  -  Run Remote Usage
		Usr 0 00:00:00, Sys 0 00:00:00  -  Run Local Usage
		Usr 0 00:15:44, Sys 0 00:00:24  -  Total Remote Usage
		Usr 0 00:00:00, Sys 0 00:00:00  -  Total Local Usage
	35182  -  Run Bytes Sent By Job
	29694  -  Run Bytes Received By Job
	35182  -  Total Bytes Sent By Job
	29694  -  Total Bytes Received By Job
	Partitionable Resources :    Usage  Request Allocated 
	   Cpus                 :     1.43        1         1 
	   Disk (KB)            :    89          32      3869 
	   GPUs                 :                           0 
	   Memory (MB)          :  3139        3000      3000 
	   TimeExecute (s)      :   457                       
	   TimeSlotBusy (s)     :   459                       

	Job terminated of its own accord at 2026-03-03T03:25:55Z with exit-code 1.
...
