000 (14788592.010.000) 03/03 04:17:53 Job submitted from host: <188.184.90.62:9618?addrs=188.184.90.62-9618+[2001-1458-201-e4--100-238]-9618&alias=bigbird16.cern.ch&noUDP&sock=schedd_5196_9a2f>
...
040 (14788592.010.000) 03/03 04:18:19 Started transferring input files
	Transferring to host: <188.185.211.49:9618?addrs=188.185.211.49-9618+[2001-1458-303-16--100-2d]-9618&alias=b9p23p6484.cern.ch&noUDP&sock=slot1_51_6088_4bf1_176278>
...
040 (14788592.010.000) 03/03 04:18:19 Finished transferring input files
...
001 (14788592.010.000) 03/03 04:18:20 Job executing on host: <188.185.211.49:9618?addrs=188.185.211.49-9618+[2001-1458-303-16--100-2d]-9618&alias=b9p23p6484.cern.ch&noUDP&sock=startd_5368_9479>
	SlotName: slot1_51@b9p23p6484.cern.ch
	CondorScratchDir = "/pool/condor/dir_1818905"
	Cpus = 1
	Disk = 3816
	GPUs = 0
	Memory = 3000
...
006 (14788592.010.000) 03/03 04:18:34 Image size of job updated: 474492
	464  -  MemoryUsage of job (MB)
	474492  -  ResidentSetSize of job (KB)
...
006 (14788592.010.000) 03/03 04:23:35 Image size of job updated: 3035992
	2862  -  MemoryUsage of job (MB)
	2930168  -  ResidentSetSize of job (KB)
...
006 (14788592.010.000) 03/03 04:28:35 Image size of job updated: 3400468
	3310  -  MemoryUsage of job (MB)
	3389228  -  ResidentSetSize of job (KB)
...
006 (14788592.010.000) 03/03 04:30:23 Image size of job updated: 3799784
	3310  -  MemoryUsage of job (MB)
	3389280  -  ResidentSetSize of job (KB)
...
040 (14788592.010.000) 03/03 04:30:23 Started transferring output files
...
040 (14788592.010.000) 03/03 04:30:23 Finished transferring output files
...
005 (14788592.010.000) 03/03 04:30:23 Job terminated.
	(1) Normal termination (return value 1)
		Usr 0 00:21:39, Sys 0 00:00:49  -  Run Remote Usage
		Usr 0 00:00:00, Sys 0 00:00:00  -  Run Local Usage
		Usr 0 00:21:39, Sys 0 00:00:49  -  Total Remote Usage
		Usr 0 00:00:00, Sys 0 00:00:00  -  Total Local Usage
	38484  -  Run Bytes Sent By Job
	29694  -  Run Bytes Received By Job
	38484  -  Total Bytes Sent By Job
	29694  -  Total Bytes Received By Job
	Partitionable Resources :    Usage  Request Allocated 
	   Cpus                 :     1.40        1         1 
	   Disk (KB)            :    93          32      3816 
	   GPUs                 :                           0 
	   Memory (MB)          :  3310        3000      3000 
	   TimeExecute (s)      :   723                       
	   TimeSlotBusy (s)     :   725                       

	Job terminated of its own accord at 2026-03-03T03:30:23Z with exit-code 1.
...
