000 (14793313.002.000) 03/05 15:53:10 Job submitted from host: <188.184.90.62:9618?addrs=188.184.90.62-9618+[2001-1458-201-e4--100-238]-9618&alias=bigbird16.cern.ch&noUDP&sock=schedd_5196_9a2f>
...
040 (14793313.002.000) 03/05 16:27:02 Started transferring input files
	Transferring to host: <188.185.213.168:9618?addrs=188.185.213.168-9618+[2001-1458-303-1b--100-24]-9618&alias=b9p28p4348.cern.ch&noUDP&sock=slot1_11_3145_afd9_179956>
...
001 (14793313.002.000) 03/05 16:27:04 Job executing on host: <188.185.213.168:9618?addrs=188.185.213.168-9618+[2001-1458-303-1b--100-24]-9618&alias=b9p28p4348.cern.ch&noUDP&sock=startd_2689_0241>
	SlotName: slot1_11@b9p28p4348.cern.ch
	CondorScratchDir = "/pool/condor/dir_3729844"
	Cpus = 1
	Disk = 3837
	GPUs = 0
	Memory = 3000
...
040 (14793313.002.000) 03/05 16:27:04 Finished transferring input files
...
006 (14793313.002.000) 03/05 16:27:18 Image size of job updated: 406872
	398  -  MemoryUsage of job (MB)
	406872  -  ResidentSetSize of job (KB)
...
006 (14793313.002.000) 03/05 16:32:19 Image size of job updated: 2770540
	2705  -  MemoryUsage of job (MB)
	2769628  -  ResidentSetSize of job (KB)
...
006 (14793313.002.000) 03/05 16:37:20 Image size of job updated: 2805120
	2705  -  MemoryUsage of job (MB)
	2769628  -  ResidentSetSize of job (KB)
...
006 (14793313.002.000) 03/05 16:40:42 Image size of job updated: 2820232
	2705  -  MemoryUsage of job (MB)
	2769628  -  ResidentSetSize of job (KB)
...
040 (14793313.002.000) 03/05 16:40:46 Started transferring output files
...
040 (14793313.002.000) 03/05 16:40:49 Finished transferring output files
...
005 (14793313.002.000) 03/05 16:41:04 Job terminated.
	(1) Normal termination (return value 1)
		Usr 0 00:16:35, Sys 0 00:00:31  -  Run Remote Usage
		Usr 0 00:00:00, Sys 0 00:00:00  -  Run Local Usage
		Usr 0 00:16:35, Sys 0 00:00:31  -  Total Remote Usage
		Usr 0 00:00:00, Sys 0 00:00:00  -  Total Local Usage
	35794  -  Run Bytes Sent By Job
	29620  -  Run Bytes Received By Job
	35794  -  Total Bytes Sent By Job
	29620  -  Total Bytes Received By Job
	Partitionable Resources :    Usage  Request Allocated 
	   Cpus                 :     0.54        1         1 
	   Disk (KB)            :    90          32      3837 
	   GPUs                 :                           0 
	   Memory (MB)          :  2705        3000      3000 
	   TimeExecute (s)      :   819                       
	   TimeSlotBusy (s)     :   830                       

	Job terminated of its own accord at 2026-03-05T15:40:42Z with exit-code 1.
...
