000 (14793313.009.000) 03/05 15:53:11 Job submitted from host: <188.184.90.62:9618?addrs=188.184.90.62-9618+[2001-1458-201-e4--100-238]-9618&alias=bigbird16.cern.ch&noUDP&sock=schedd_5196_9a2f>
...
040 (14793313.009.000) 03/05 16:27:05 Started transferring input files
	Transferring to host: <188.185.204.240:9618?addrs=188.185.204.240-9618+[2001-1458-303-8--100-6d]-9618&alias=b9p02p3606.cern.ch&noUDP&sock=slot1_15_5863_c387_158378>
...
001 (14793313.009.000) 03/05 16:27:07 Job executing on host: <188.185.204.240:9618?addrs=188.185.204.240-9618+[2001-1458-303-8--100-6d]-9618&alias=b9p02p3606.cern.ch&noUDP&sock=startd_4763_99ad>
	SlotName: slot1_15@b9p02p3606.cern.ch
	CondorScratchDir = "/pool/condor/dir_824376"
	Cpus = 1
	Disk = 3631
	GPUs = 0
	Memory = 3000
...
040 (14793313.009.000) 03/05 16:27:07 Finished transferring input files
...
006 (14793313.009.000) 03/05 16:27:21 Image size of job updated: 222832
	218  -  MemoryUsage of job (MB)
	222832  -  ResidentSetSize of job (KB)
...
006 (14793313.009.000) 03/05 16:32:22 Image size of job updated: 2612436
	2531  -  MemoryUsage of job (MB)
	2591604  -  ResidentSetSize of job (KB)
...
006 (14793313.009.000) 03/05 16:37:22 Image size of job updated: 3035428
	2949  -  MemoryUsage of job (MB)
	3019640  -  ResidentSetSize of job (KB)
...
006 (14793313.009.000) 03/05 16:42:23 Image size of job updated: 3064636
	2949  -  MemoryUsage of job (MB)
	3019640  -  ResidentSetSize of job (KB)
...
040 (14793313.009.000) 03/05 16:42:45 Started transferring output files
...
040 (14793313.009.000) 03/05 16:42:45 Finished transferring output files
...
005 (14793313.009.000) 03/05 16:42:45 Job terminated.
	(1) Normal termination (return value 1)
		Usr 0 00:21:10, Sys 0 00:00:37  -  Run Remote Usage
		Usr 0 00:00:00, Sys 0 00:00:00  -  Run Local Usage
		Usr 0 00:21:10, Sys 0 00:00:37  -  Total Remote Usage
		Usr 0 00:00:00, Sys 0 00:00:00  -  Total Local Usage
	38595  -  Run Bytes Sent By Job
	29620  -  Run Bytes Received By Job
	38595  -  Total Bytes Sent By Job
	29620  -  Total Bytes Received By Job
	Partitionable Resources :    Usage  Request Allocated 
	   Cpus                 :     0.16        1         1 
	   Disk (KB)            :    96          32      3631 
	   GPUs                 :                           0 
	   Memory (MB)          :  2949        3000      3000 
	   TimeExecute (s)      :   939                       
	   TimeSlotBusy (s)     :   941                       

	Job terminated of its own accord at 2026-03-05T15:42:45Z with exit-code 1.
...
