000 (14793313.008.000) 03/05 15:53:11 Job submitted from host: <188.184.90.62:9618?addrs=188.184.90.62-9618+[2001-1458-201-e4--100-238]-9618&alias=bigbird16.cern.ch&noUDP&sock=schedd_5196_9a2f>
...
040 (14793313.008.000) 03/05 16:50:59 Started transferring input files
	Transferring to host: <188.185.209.46:9618?addrs=188.185.209.46-9618+[2001-1458-303-11--100-2b]-9618&alias=b9p11p5617.cern.ch&noUDP&sock=slot1_35_2615118_f4a0_97180>
...
040 (14793313.008.000) 03/05 16:50:59 Finished transferring input files
...
001 (14793313.008.000) 03/05 16:51:00 Job executing on host: <188.185.209.46:9618?addrs=188.185.209.46-9618+[2001-1458-303-11--100-2b]-9618&alias=b9p11p5617.cern.ch&noUDP&sock=startd_6459_ea4d>
	SlotName: slot1_35@b9p11p5617.cern.ch
	CondorScratchDir = "/pool/condor/dir_2610022"
	Cpus = 1
	Disk = 3783
	GPUs = 0
	Memory = 3000
...
006 (14793313.008.000) 03/05 16:51:14 Image size of job updated: 437604
	428  -  MemoryUsage of job (MB)
	437604  -  ResidentSetSize of job (KB)
...
006 (14793313.008.000) 03/05 16:56:15 Image size of job updated: 2476532
	2418  -  MemoryUsage of job (MB)
	2475260  -  ResidentSetSize of job (KB)
...
006 (14793313.008.000) 03/05 16:58:23 Image size of job updated: 2642372
	2418  -  MemoryUsage of job (MB)
	2475260  -  ResidentSetSize of job (KB)
...
040 (14793313.008.000) 03/05 16:58:23 Started transferring output files
...
040 (14793313.008.000) 03/05 16:58:23 Finished transferring output files
...
005 (14793313.008.000) 03/05 16:58:23 Job terminated.
	(1) Normal termination (return value 1)
		Usr 0 00:15:51, Sys 0 00:00:20  -  Run Remote Usage
		Usr 0 00:00:00, Sys 0 00:00:00  -  Run Local Usage
		Usr 0 00:15:51, Sys 0 00:00:20  -  Total Remote Usage
		Usr 0 00:00:00, Sys 0 00:00:00  -  Total Local Usage
	35656  -  Run Bytes Sent By Job
	29620  -  Run Bytes Received By Job
	35656  -  Total Bytes Sent By Job
	29620  -  Total Bytes Received By Job
	Partitionable Resources :    Usage  Request Allocated 
	   Cpus                 :     2.09        1         1 
	   Disk (KB)            :    95          32      3783 
	   GPUs                 :                           0 
	   Memory (MB)          :  2418        3000      3000 
	   TimeExecute (s)      :   443                       
	   TimeSlotBusy (s)     :   444                       

	Job terminated of its own accord at 2026-03-05T15:58:23Z with exit-code 1.
...
