000 (14526945.003.000) 02/14 21:30:15 Job submitted from host: <188.184.90.62:9618?addrs=188.184.90.62-9618+[2001-1458-201-e4--100-238]-9618&alias=bigbird16.cern.ch&noUDP&sock=schedd_5196_9a2f>
...
040 (14526945.003.000) 02/14 21:31:59 Started transferring input files
	Transferring to host: <188.185.213.228:9618?addrs=188.185.213.228-9618+[2001-1458-303-1b--100-60]-9618&alias=b9p28p4003.cern.ch&noUDP&sock=slot1_15_9379_1a96_192931>
...
040 (14526945.003.000) 02/14 21:31:59 Finished transferring input files
...
001 (14526945.003.000) 02/14 21:32:00 Job executing on host: <188.185.213.228:9618?addrs=188.185.213.228-9618+[2001-1458-303-1b--100-60]-9618&alias=b9p28p4003.cern.ch&noUDP&sock=startd_8694_f078>
	SlotName: slot1_15@b9p28p4003.cern.ch
	CondorScratchDir = "/pool/condor/dir_2415493"
	Cpus = 1
	Disk = 3667
	GPUs = 0
	Memory = 3000
...
006 (14526945.003.000) 02/14 21:32:14 Image size of job updated: 418104
	409  -  MemoryUsage of job (MB)
	418104  -  ResidentSetSize of job (KB)
...
006 (14526945.003.000) 02/14 21:35:28 Image size of job updated: 1532292
	409  -  MemoryUsage of job (MB)
	418104  -  ResidentSetSize of job (KB)
...
040 (14526945.003.000) 02/14 21:35:28 Started transferring output files
...
040 (14526945.003.000) 02/14 21:35:28 Finished transferring output files
...
004 (14526945.003.000) 02/14 21:35:28 Job was evicted.
	(0) CPU times
		Usr 0 00:05:38, Sys 0 00:00:15  -  Run Remote Usage
		Usr 0 00:00:00, Sys 0 00:00:00  -  Run Local Usage
	10305  -  Run Bytes Sent By Job
	13954  -  Run Bytes Received By Job
	Partitionable Resources :    Usage  Request Allocated 
	   Cpus                 :        0        1         1 
	   Disk (KB)            :       47       17      3667 
	   GPUs                 :                           0 
	   Memory (MB)          :      409     3000      3000 
	   TimeExecute (s)      :      208                    
	   TimeSlotBusy (s)     :      209                    
...
009 (14526945.003.000) 02/14 21:35:28 Job was aborted.
	via condor_rm (by user driosper)
...
