000 (14526945.000.000) 02/14 21:30:15 Job submitted from host: <188.184.90.62:9618?addrs=188.184.90.62-9618+[2001-1458-201-e4--100-238]-9618&alias=bigbird16.cern.ch&noUDP&sock=schedd_5196_9a2f>
...
040 (14526945.000.000) 02/14 21:31:10 Started transferring input files
	Transferring to host: <188.185.213.231:9618?addrs=188.185.213.231-9618+[2001-1458-303-1b--100-63]-9618&alias=b9p28p9038.cern.ch&noUDP&sock=slot1_17_6181_d2d4_193302>
...
040 (14526945.000.000) 02/14 21:31:10 Finished transferring input files
...
001 (14526945.000.000) 02/14 21:31:11 Job executing on host: <188.185.213.231:9618?addrs=188.185.213.231-9618+[2001-1458-303-1b--100-63]-9618&alias=b9p28p9038.cern.ch&noUDP&sock=startd_5447_c475>
	SlotName: slot1_17@b9p28p9038.cern.ch
	CondorScratchDir = "/pool/condor/dir_3256471"
	Cpus = 1
	Disk = 3757
	GPUs = 0
	Memory = 3000
...
006 (14526945.000.000) 02/14 21:31:25 Image size of job updated: 672480
	657  -  MemoryUsage of job (MB)
	672480  -  ResidentSetSize of job (KB)
...
006 (14526945.000.000) 02/14 21:35:27 Image size of job updated: 1638584
	657  -  MemoryUsage of job (MB)
	672480  -  ResidentSetSize of job (KB)
...
040 (14526945.000.000) 02/14 21:35:27 Started transferring output files
...
040 (14526945.000.000) 02/14 21:35:27 Finished transferring output files
...
004 (14526945.000.000) 02/14 21:35:27 Job was evicted.
	(0) CPU times
		Usr 0 00:09:10, Sys 0 00:00:18  -  Run Remote Usage
		Usr 0 00:00:00, Sys 0 00:00:00  -  Run Local Usage
	10413  -  Run Bytes Sent By Job
	13954  -  Run Bytes Received By Job
	Partitionable Resources :    Usage  Request Allocated 
	   Cpus                 :     0.13        1         1 
	   Disk (KB)            :    47          17      3757 
	   GPUs                 :                           0 
	   Memory (MB)          :   657        3000      3000 
	   TimeExecute (s)      :   256                       
	   TimeSlotBusy (s)     :   258                       
...
009 (14526945.000.000) 02/14 21:35:27 Job was aborted.
	via condor_rm (by user driosper)
...
