000 (14526945.006.000) 02/14 21:30:15 Job submitted from host: <188.184.90.62:9618?addrs=188.184.90.62-9618+[2001-1458-201-e4--100-238]-9618&alias=bigbird16.cern.ch&noUDP&sock=schedd_5196_9a2f>
...
040 (14526945.006.000) 02/14 21:31:12 Started transferring input files
	Transferring to host: <188.185.213.149:9618?addrs=188.185.213.149-9618+[2001-1458-303-1b--100-11]-9618&alias=b9p28p9569.cern.ch&noUDP&sock=slot1_2_4258_e566_187510>
...
040 (14526945.006.000) 02/14 21:31:12 Finished transferring input files
...
001 (14526945.006.000) 02/14 21:31:13 Job executing on host: <188.185.213.149:9618?addrs=188.185.213.149-9618+[2001-1458-303-1b--100-11]-9618&alias=b9p28p9569.cern.ch&noUDP&sock=startd_3644_0f33>
	SlotName: slot1_2@b9p28p9569.cern.ch
	CondorScratchDir = "/pool/condor/dir_22321"
	Cpus = 1
	Disk = 3800
	GPUs = 0
	Memory = 3000
...
006 (14526945.006.000) 02/14 21:31:27 Image size of job updated: 659924
	645  -  MemoryUsage of job (MB)
	659924  -  ResidentSetSize of job (KB)
...
006 (14526945.006.000) 02/14 21:35:28 Image size of job updated: 1441160
	645  -  MemoryUsage of job (MB)
	659968  -  ResidentSetSize of job (KB)
...
040 (14526945.006.000) 02/14 21:35:28 Started transferring output files
...
040 (14526945.006.000) 02/14 21:35:28 Finished transferring output files
...
004 (14526945.006.000) 02/14 21:35:28 Job was evicted.
	(0) CPU times
		Usr 0 00:08:56, Sys 0 00:00:19  -  Run Remote Usage
		Usr 0 00:00:00, Sys 0 00:00:00  -  Run Local Usage
	5395  -  Run Bytes Sent By Job
	13954  -  Run Bytes Received By Job
	Partitionable Resources :    Usage  Request Allocated 
	   Cpus                 :        0        1         1 
	   Disk (KB)            :       45       17      3800 
	   GPUs                 :                           0 
	   Memory (MB)          :      645     3000      3000 
	   TimeExecute (s)      :      255                    
	   TimeSlotBusy (s)     :      257                    
...
009 (14526945.006.000) 02/14 21:35:28 Job was aborted.
	via condor_rm (by user driosper)
...
