000 (14526945.001.000) 02/14 21:30:15 Job submitted from host: <188.184.90.62:9618?addrs=188.184.90.62-9618+[2001-1458-201-e4--100-238]-9618&alias=bigbird16.cern.ch&noUDP&sock=schedd_5196_9a2f>
...
040 (14526945.001.000) 02/14 21:31:10 Started transferring input files
	Transferring to host: <188.185.214.13:9618?addrs=188.185.214.13-9618+[2001-1458-303-1c--100-9]-9618&alias=b9p29p5951.cern.ch&noUDP&sock=slot1_4_8500_c4d3_186086>
...
040 (14526945.001.000) 02/14 21:31:10 Finished transferring input files
...
001 (14526945.001.000) 02/14 21:31:11 Job executing on host: <188.185.214.13:9618?addrs=188.185.214.13-9618+[2001-1458-303-1c--100-9]-9618&alias=b9p29p5951.cern.ch&noUDP&sock=startd_7268_d26b>
	SlotName: slot1_4@b9p29p5951.cern.ch
	CondorScratchDir = "/pool/condor/dir_1913229"
	Cpus = 1
	Disk = 3677
	GPUs = 0
	Memory = 3000
...
006 (14526945.001.000) 02/14 21:31:25 Image size of job updated: 225644
	221  -  MemoryUsage of job (MB)
	225644  -  ResidentSetSize of job (KB)
...
006 (14526945.001.000) 02/14 21:35:28 Image size of job updated: 1421928
	221  -  MemoryUsage of job (MB)
	225644  -  ResidentSetSize of job (KB)
...
040 (14526945.001.000) 02/14 21:35:28 Started transferring output files
...
040 (14526945.001.000) 02/14 21:35:28 Finished transferring output files
...
004 (14526945.001.000) 02/14 21:35:28 Job was evicted.
	(0) CPU times
		Usr 0 00:06:15, Sys 0 00:00:18  -  Run Remote Usage
		Usr 0 00:00:00, Sys 0 00:00:00  -  Run Local Usage
	10509  -  Run Bytes Sent By Job
	13954  -  Run Bytes Received By Job
	Partitionable Resources :    Usage  Request Allocated 
	   Cpus                 :     2.00        1         1 
	   Disk (KB)            :    47          17      3677 
	   GPUs                 :                           0 
	   Memory (MB)          :   221        3000      3000 
	   TimeExecute (s)      :   257                       
	   TimeSlotBusy (s)     :   259                       
...
009 (14526945.001.000) 02/14 21:35:28 Job was aborted.
	via condor_rm (by user driosper)
...
