000 (14729948.008.000) 02/25 17:14:33 Job submitted from host: <188.184.90.62:9618?addrs=188.184.90.62-9618+[2001-1458-201-e4--100-238]-9618&alias=bigbird16.cern.ch&noUDP&sock=schedd_5196_9a2f>
...
040 (14729948.008.000) 02/25 17:18:26 Started transferring input files
	Transferring to host: <188.185.206.181:9618?addrs=188.185.206.181-9618+[2001-1458-303-c--100-32]-9618&alias=b9p06p4369.cern.ch&noUDP&sock=slot1_26_2995783_e278_8573>
...
040 (14729948.008.000) 02/25 17:18:26 Finished transferring input files
...
001 (14729948.008.000) 02/25 17:18:27 Job executing on host: <188.185.206.181:9618?addrs=188.185.206.181-9618+[2001-1458-303-c--100-32]-9618&alias=b9p06p4369.cern.ch&noUDP&sock=startd_5530_b2d1>
	SlotName: slot1_26@b9p06p4369.cern.ch
	CondorScratchDir = "/pool/condor/dir_2924529"
	Cpus = 1
	Disk = 3801
	GPUs = 0
	Memory = 3000
...
006 (14729948.008.000) 02/25 17:18:41 Image size of job updated: 481396
	471  -  MemoryUsage of job (MB)
	481396  -  ResidentSetSize of job (KB)
...
006 (14729948.008.000) 02/25 17:23:42 Image size of job updated: 3096684
	2982  -  MemoryUsage of job (MB)
	3053180  -  ResidentSetSize of job (KB)
...
006 (14729948.008.000) 02/25 17:26:40 Image size of job updated: 3137056
	2982  -  MemoryUsage of job (MB)
	3053236  -  ResidentSetSize of job (KB)
...
040 (14729948.008.000) 02/25 17:26:42 Started transferring output files
...
040 (14729948.008.000) 02/25 17:26:42 Finished transferring output files
...
005 (14729948.008.000) 02/25 17:26:42 Job terminated.
	(1) Normal termination (return value 1)
		Usr 0 00:14:18, Sys 0 00:00:26  -  Run Remote Usage
		Usr 0 00:00:00, Sys 0 00:00:00  -  Run Local Usage
		Usr 0 00:14:18, Sys 0 00:00:26  -  Total Remote Usage
		Usr 0 00:00:00, Sys 0 00:00:00  -  Total Local Usage
	40830  -  Run Bytes Sent By Job
	29052  -  Run Bytes Received By Job
	40830  -  Total Bytes Sent By Job
	29052  -  Total Bytes Received By Job
	Partitionable Resources :    Usage  Request Allocated 
	   Cpus                 :     2.08        1         1 
	   Disk (KB)            :    98          32      3801 
	   GPUs                 :                           0 
	   Memory (MB)          :  2982        3000      3000 
	   TimeExecute (s)      :   493                       
	   TimeSlotBusy (s)     :   497                       

	Job terminated of its own accord at 2026-02-25T16:26:40Z with exit-code 1.
...
