subject   : /DC=ch/DC=cern/OU=Organic Units/OU=Users/CN=driosper/CN=886669/CN=Diego Alejandro Rios Perez/CN=3192939875
issuer    : /DC=ch/DC=cern/OU=Organic Units/OU=Users/CN=driosper/CN=886669/CN=Diego Alejandro Rios Perez
identity  : /DC=ch/DC=cern/OU=Organic Units/OU=Users/CN=driosper/CN=886669/CN=Diego Alejandro Rios Perez
type      : RFC compliant proxy
strength  : 2048 bits
path      : /afs/cern.ch/user/d/driosper/private/x509up_u182284
timeleft  : 11:12:25
key usage : Digital Signature, Key Encipherment
=== VO cms extension information ===
VO        : cms
subject   : /DC=ch/DC=cern/OU=Organic Units/OU=Users/CN=driosper/CN=886669/CN=Diego Alejandro Rios Perez
issuer    : /DC=ch/DC=cern/OU=computers/CN=cms-auth.cern.ch
attribute : /cms/Role=NULL/Capability=NULL
timeleft  : 11:12:25
uri       : voms-cms-auth.cern.ch:15000
--workflow ztoee --year 2022preEE --output_path /eos/user/d/driosper/bsm3g_coffea/outputs/ztoee/2022preEE/DYJetsToLL_inclusive_50 --output_format coffea --dataset DYJetsToLL_inclusive_50_12 --partition_json /srv/partition_fileset.json
  Preprocessing 100% ━━━━━━━━━━━━━━━━━━ 9/9 [ 0:00:17 < 0:00:00 | 0.6   file/s ]
Merging (local) 100% ━━━━━━━━━━━━━━━━━━ 9/9 [ 0:00:17 < 0:00:00 | ?   merges/s ]
     Processing   1%                     1/83 [ 0:00:24 < -:--:-- | ?  chunk/s ]
Merging (local)   0% ━━━━━━━━━━━━━━━━━━━  0/0 [ 0:00:02 < 0:00:00 | ? merges/s ]
There are 24863 events with muon pt outside of [26,200] GeV. Setting those entries to their initial value.
There are 24865 events with muon pt outside of [26,200] GeV. Setting those entries to their initial value.
There are 208 nan entries in the corrected pt. This might be due to the number of tracker layers hitting boundaries. Setting those entries to their initial value.
There are 21024 events with muon pt outside of [26,200] GeV. Setting those entries to their initial value.
There are 24697 events with muon pt outside of [26,200] GeV. Setting those entries to their initial value.
There are 24698 events with muon pt outside of [26,200] GeV. Setting those entries to their initial value.
There are 185 nan entries in the corrected pt. This might be due to the number of tracker layers hitting boundaries. Setting those entries to their initial value.
There are 21092 events with muon pt outside of [26,200] GeV. Setting those entries to their initial value.
There are 24593 events with muon pt outside of [26,200] GeV. Setting those entries to their initial value.
There are 24599 events with muon pt outside of [26,200] GeV. Setting those entries to their initial value.
There are 186 nan entries in the corrected pt. This might be due to the number of tracker layers hitting boundaries. Setting those entries to their initial value.
There are 21090 events with muon pt outside of [26,200] GeV. Setting those entries to their initial value.
There are 23071 events with muon pt outside of [26,200] GeV. Setting those entries to their initial value.
There are 23075 events with muon pt outside of [26,200] GeV. Setting those entries to their initial value.
There are 172 nan entries in the corrected pt. This might be due to the number of tracker layers hitting boundaries. Setting those entries to their initial value.
There are 19637 events with muon pt outside of [26,200] GeV. Setting those entries to their initial value.
There are 22796 events with muon pt outside of [26,200] GeV. Setting those entries to their initial value.
There are 22798 events with muon pt outside of [26,200] GeV. Setting those entries to their initial value.
There are 189 nan entries in the corrected pt. This might be due to the number of tracker layers hitting boundaries. Setting those entries to their initial value.
There are 19545 events with muon pt outside of [26,200] GeV. Setting those entries to their initial value.
There are 23132 events with muon pt outside of [26,200] GeV. Setting those entries to their initial value.
There are 23135 events with muon pt outside of [26,200] GeV. Setting those entries to their initial value.
There are 190 nan entries in the corrected pt. This might be due to the number of tracker layers hitting boundaries. Setting those entries to their initial value.
There are 19583 events with muon pt outside of [26,200] GeV. Setting those entries to their initial value.
There are 24654 events with muon pt outside of [26,200] GeV. Setting those entries to their initial value.
There are 24657 events with muon pt outside of [26,200] GeV. Setting those entries to their initial value.
There are 212 nan entries in the corrected pt. This might be due to the number of tracker layers hitting boundaries. Setting those entries to their initial value.
There are 20930 events with muon pt outside of [26,200] GeV. Setting those entries to their initial value.
There are 24805 events with muon pt outside of [26,200] GeV. Setting those entries to their initial value.
There are 24806 events with muon pt outside of [26,200] GeV. Setting those entries to their initial value.
There are 205 nan entries in the corrected pt. This might be due to the number of tracker layers hitting boundaries. Setting those entries to their initial value.
There are 21004 events with muon pt outside of [26,200] GeV. Setting those entries to their initial value.
There are 24716 events with muon pt outside of [26,200] GeV. Setting those entries to their initial value.
There are 24718 events with muon pt outside of [26,200] GeV. Setting those entries to their initial value.
There are 173 nan entries in the corrected pt. This might be due to the number of tracker layers hitting boundaries. Setting those entries to their initial value.
There are 21091 events with muon pt outside of [26,200] GeV. Setting those entries to their initial value.
There are 25386 events with muon pt outside of [26,200] GeV. Setting those entries to their initial value.
There are 25391 events with muon pt outside of [26,200] GeV. Setting those entries to their initial value.
There are 210 nan entries in the corrected pt. This might be due to the number of tracker layers hitting boundaries. Setting those entries to their initial value.
There are 21882 events with muon pt outside of [26,200] GeV. Setting those entries to their initial value.
There are 25238 events with muon pt outside of [26,200] GeV. Setting those entries to their initial value.
There are 25241 events with muon pt outside of [26,200] GeV. Setting those entries to their initial value.
There are 217 nan entries in the corrected pt. This might be due to the number of tracker layers hitting boundaries. Setting those entries to their initial value.
There are 21702 events with muon pt outside of [26,200] GeV. Setting those entries to their initial value.
There are 4936 events with muon pt outside of [26,200] GeV. Setting those entries to their initial value.
There are 4937 events with muon pt outside of [26,200] GeV. Setting those entries to their initial value.
There are 50 nan entries in the corrected pt. This might be due to the number of tracker layers hitting boundaries. Setting those entries to their initial value.
There are 4176 events with muon pt outside of [26,200] GeV. Setting those entries to their initial value.
There are 24033 events with muon pt outside of [26,200] GeV. Setting those entries to their initial value.
There are 24033 events with muon pt outside of [26,200] GeV. Setting those entries to their initial value.
There are 222 nan entries in the corrected pt. This might be due to the number of tracker layers hitting boundaries. Setting those entries to their initial value.
There are 20552 events with muon pt outside of [26,200] GeV. Setting those entries to their initial value.
There are 24922 events with muon pt outside of [26,200] GeV. Setting those entries to their initial value.
There are 24926 events with muon pt outside of [26,200] GeV. Setting those entries to their initial value.
There are 201 nan entries in the corrected pt. This might be due to the number of tracker layers hitting boundaries. Setting those entries to their initial value.
There are 20833 events with muon pt outside of [26,200] GeV. Setting those entries to their initial value.
There are 24422 events with muon pt outside of [26,200] GeV. Setting those entries to their initial value.
There are 24422 events with muon pt outside of [26,200] GeV. Setting those entries to their initial value.
There are 204 nan entries in the corrected pt. This might be due to the number of tracker layers hitting boundaries. Setting those entries to their initial value.
There are 21046 events with muon pt outside of [26,200] GeV. Setting those entries to their initial value.
There are 24754 events with muon pt outside of [26,200] GeV. Setting those entries to their initial value.
There are 24756 events with muon pt outside of [26,200] GeV. Setting those entries to their initial value.
There are 211 nan entries in the corrected pt. This might be due to the number of tracker layers hitting boundaries. Setting those entries to their initial value.
There are 21237 events with muon pt outside of [26,200] GeV. Setting those entries to their initial value.
There are 24602 events with muon pt outside of [26,200] GeV. Setting those entries to their initial value.
There are 24603 events with muon pt outside of [26,200] GeV. Setting those entries to their initial value.
There are 214 nan entries in the corrected pt. This might be due to the number of tracker layers hitting boundaries. Setting those entries to their initial value.
There are 24682 events with muon pt outside of [26,200] GeV. Setting those entries to their initial value.
There are 24684 events with muon pt outside of [26,200] GeV. Setting those entries to their initial value.
There are 230 nan entries in the corrected pt. This might be due to the number of tracker layers hitting boundaries. Setting those entries to their initial value.
There are 21147 events with muon pt outside of [26,200] GeV. Setting those entries to their initial value.
There are 24566 events with muon pt outside of [26,200] GeV. Setting those entries to their initial value.
There are 24570 events with muon pt outside of [26,200] GeV. Setting those entries to their initial value.
There are 232 nan entries in the corrected pt. This might be due to the number of tracker layers hitting boundaries. Setting those entries to their initial value.
There are 21111 events with muon pt outside of [26,200] GeV. Setting those entries to their initial value.
There are 24757 events with muon pt outside of [26,200] GeV. Setting those entries to their initial value.
There are 24760 events with muon pt outside of [26,200] GeV. Setting those entries to their initial value.
There are 210 nan entries in the corrected pt. This might be due to the number of tracker layers hitting boundaries. Setting those entries to their initial value.
There are 20935 events with muon pt outside of [26,200] GeV. Setting those entries to their initial value.
There are 22895 events with muon pt outside of [26,200] GeV. Setting those entries to their initial value.
There are 22900 events with muon pt outside of [26,200] GeV. Setting those entries to their initial value.
There are 176 nan entries in the corrected pt. This might be due to the number of tracker layers hitting boundaries. Setting those entries to their initial value.
There are 19672 events with muon pt outside of [26,200] GeV. Setting those entries to their initial value.
There are 23236 events with muon pt outside of [26,200] GeV. Setting those entries to their initial value.
There are 23239 events with muon pt outside of [26,200] GeV. Setting those entries to their initial value.
There are 209 nan entries in the corrected pt. This might be due to the number of tracker layers hitting boundaries. Setting those entries to their initial value.
There are 19795 events with muon pt outside of [26,200] GeV. Setting those entries to their initial value.
There are 24671 events with muon pt outside of [26,200] GeV. Setting those entries to their initial value.
There are 24675 events with muon pt outside of [26,200] GeV. Setting those entries to their initial value.
There are 232 nan entries in the corrected pt. This might be due to the number of tracker layers hitting boundaries. Setting those entries to their initial value.
There are 21084 events with muon pt outside of [26,200] GeV. Setting those entries to their initial value.
There are 24677 events with muon pt outside of [26,200] GeV. Setting those entries to their initial value.
There are 24678 events with muon pt outside of [26,200] GeV. Setting those entries to their initial value.
There are 198 nan entries in the corrected pt. This might be due to the number of tracker layers hitting boundaries. Setting those entries to their initial value.
There are 20901 events with muon pt outside of [26,200] GeV. Setting those entries to their initial value.
There are 24747 events with muon pt outside of [26,200] GeV. Setting those entries to their initial value.
There are 24750 events with muon pt outside of [26,200] GeV. Setting those entries to their initial value.
There are 176 nan entries in the corrected pt. This might be due to the number of tracker layers hitting boundaries. Setting those entries to their initial value.
There are 20972 events with muon pt outside of [26,200] GeV. Setting those entries to their initial value.
There are 24883 events with muon pt outside of [26,200] GeV. Setting those entries to their initial value.
There are 24887 events with muon pt outside of [26,200] GeV. Setting those entries to their initial value.
There are 187 nan entries in the corrected pt. This might be due to the number of tracker layers hitting boundaries. Setting those entries to their initial value.
There are 21064 events with muon pt outside of [26,200] GeV. Setting those entries to their initial value.
There are 25532 events with muon pt outside of [26,200] GeV. Setting those entries to their initial value.
There are 25533 events with muon pt outside of [26,200] GeV. Setting those entries to their initial value.
There are 225 nan entries in the corrected pt. This might be due to the number of tracker layers hitting boundaries. Setting those entries to their initial value.
There are 21631 events with muon pt outside of [26,200] GeV. Setting those entries to their initial value.
There are 25371 events with muon pt outside of [26,200] GeV. Setting those entries to their initial value.
There are 25374 events with muon pt outside of [26,200] GeV. Setting those entries to their initial value.
There are 223 nan entries in the corrected pt. This might be due to the number of tracker layers hitting boundaries. Setting those entries to their initial value.
There are 21433 events with muon pt outside of [26,200] GeV. Setting those entries to their initial value.
There are 25442 events with muon pt outside of [26,200] GeV. Setting those entries to their initial value.
There are 25442 events with muon pt outside of [26,200] GeV. Setting those entries to their initial value.
There are 221 nan entries in the corrected pt. This might be due to the number of tracker layers hitting boundaries. Setting those entries to their initial value.
There are 21880 events with muon pt outside of [26,200] GeV. Setting those entries to their initial value.
There are 24129 events with muon pt outside of [26,200] GeV. Setting those entries to their initial value.
There are 24133 events with muon pt outside of [26,200] GeV. Setting those entries to their initial value.
There are 193 nan entries in the corrected pt. This might be due to the number of tracker layers hitting boundaries. Setting those entries to their initial value.
There are 20850 events with muon pt outside of [26,200] GeV. Setting those entries to their initial value.
There are 23969 events with muon pt outside of [26,200] GeV. Setting those entries to their initial value.
There are 23971 events with muon pt outside of [26,200] GeV. Setting those entries to their initial value.
There are 186 nan entries in the corrected pt. This might be due to the number of tracker layers hitting boundaries. Setting those entries to their initial value.
There are 20704 events with muon pt outside of [26,200] GeV. Setting those entries to their initial value.
There are 24712 events with muon pt outside of [26,200] GeV. Setting those entries to their initial value.
There are 24716 events with muon pt outside of [26,200] GeV. Setting those entries to their initial value.
There are 178 nan entries in the corrected pt. This might be due to the number of tracker layers hitting boundaries. Setting those entries to their initial value.
There are 21030 events with muon pt outside of [26,200] GeV. Setting those entries to their initial value.
There are 24827 events with muon pt outside of [26,200] GeV. Setting those entries to their initial value.
There are 24830 events with muon pt outside of [26,200] GeV. Setting those entries to their initial value.
There are 194 nan entries in the corrected pt. This might be due to the number of tracker layers hitting boundaries. Setting those entries to their initial value.
There are 21106 events with muon pt outside of [26,200] GeV. Setting those entries to their initial value.
There are 24908 events with muon pt outside of [26,200] GeV. Setting those entries to their initial value.
There are 24911 events with muon pt outside of [26,200] GeV. Setting those entries to their initial value.
There are 209 nan entries in the corrected pt. This might be due to the number of tracker layers hitting boundaries. Setting those entries to their initial value.
There are 24830 events with muon pt outside of [26,200] GeV. Setting those entries to their initial value.
There are 24831 events with muon pt outside of [26,200] GeV. Setting those entries to their initial value.
There are 199 nan entries in the corrected pt. This might be due to the number of tracker layers hitting boundaries. Setting those entries to their initial value.
There are 20880 events with muon pt outside of [26,200] GeV. Setting those entries to their initial value.
There are 24788 events with muon pt outside of [26,200] GeV. Setting those entries to their initial value.
There are 24790 events with muon pt outside of [26,200] GeV. Setting those entries to their initial value.
There are 186 nan entries in the corrected pt. This might be due to the number of tracker layers hitting boundaries. Setting those entries to their initial value.
There are 21068 events with muon pt outside of [26,200] GeV. Setting those entries to their initial value.
There are 24584 events with muon pt outside of [26,200] GeV. Setting those entries to their initial value.
There are 24586 events with muon pt outside of [26,200] GeV. Setting those entries to their initial value.
There are 186 nan entries in the corrected pt. This might be due to the number of tracker layers hitting boundaries. Setting those entries to their initial value.
There are 21172 events with muon pt outside of [26,200] GeV. Setting those entries to their initial value.
There are 24701 events with muon pt outside of [26,200] GeV. Setting those entries to their initial value.
There are 24707 events with muon pt outside of [26,200] GeV. Setting those entries to their initial value.
There are 215 nan entries in the corrected pt. This might be due to the number of tracker layers hitting boundaries. Setting those entries to their initial value.
There are 21022 events with muon pt outside of [26,200] GeV. Setting those entries to their initial value.
There are 23085 events with muon pt outside of [26,200] GeV. Setting those entries to their initial value.
There are 23088 events with muon pt outside of [26,200] GeV. Setting those entries to their initial value.
There are 202 nan entries in the corrected pt. This might be due to the number of tracker layers hitting boundaries. Setting those entries to their initial value.
There are 19597 events with muon pt outside of [26,200] GeV. Setting those entries to their initial value.
There are 24733 events with muon pt outside of [26,200] GeV. Setting those entries to their initial value.
There are 24733 events with muon pt outside of [26,200] GeV. Setting those entries to their initial value.
There are 213 nan entries in the corrected pt. This might be due to the number of tracker layers hitting boundaries. Setting those entries to their initial value.
There are 21106 events with muon pt outside of [26,200] GeV. Setting those entries to their initial value.
There are 24799 events with muon pt outside of [26,200] GeV. Setting those entries to their initial value.
There are 24799 events with muon pt outside of [26,200] GeV. Setting those entries to their initial value.
There are 232 nan entries in the corrected pt. This might be due to the number of tracker layers hitting boundaries. Setting those entries to their initial value.
There are 21066 events with muon pt outside of [26,200] GeV. Setting those entries to their initial value.
There are 24523 events with muon pt outside of [26,200] GeV. Setting those entries to their initial value.
There are 24526 events with muon pt outside of [26,200] GeV. Setting those entries to their initial value.
There are 216 nan entries in the corrected pt. This might be due to the number of tracker layers hitting boundaries. Setting those entries to their initial value.
There are 21156 events with muon pt outside of [26,200] GeV. Setting those entries to their initial value.
There are 24823 events with muon pt outside of [26,200] GeV. Setting those entries to their initial value.
There are 24826 events with muon pt outside of [26,200] GeV. Setting those entries to their initial value.
There are 199 nan entries in the corrected pt. This might be due to the number of tracker layers hitting boundaries. Setting those entries to their initial value.
There are 21004 events with muon pt outside of [26,200] GeV. Setting those entries to their initial value.
There are 25668 events with muon pt outside of [26,200] GeV. Setting those entries to their initial value.
There are 25672 events with muon pt outside of [26,200] GeV. Setting those entries to their initial value.
There are 205 nan entries in the corrected pt. This might be due to the number of tracker layers hitting boundaries. Setting those entries to their initial value.
There are 21458 events with muon pt outside of [26,200] GeV. Setting those entries to their initial value.
There are 25475 events with muon pt outside of [26,200] GeV. Setting those entries to their initial value.
There are 25477 events with muon pt outside of [26,200] GeV. Setting those entries to their initial value.
There are 224 nan entries in the corrected pt. This might be due to the number of tracker layers hitting boundaries. Setting those entries to their initial value.
There are 22025 events with muon pt outside of [26,200] GeV. Setting those entries to their initial value.
There are 24151 events with muon pt outside of [26,200] GeV. Setting those entries to their initial value.
There are 24155 events with muon pt outside of [26,200] GeV. Setting those entries to their initial value.
There are 174 nan entries in the corrected pt. This might be due to the number of tracker layers hitting boundaries. Setting those entries to their initial value.
There are 20721 events with muon pt outside of [26,200] GeV. Setting those entries to their initial value.
There are 23968 events with muon pt outside of [26,200] GeV. Setting those entries to their initial value.
There are 23969 events with muon pt outside of [26,200] GeV. Setting those entries to their initial value.
There are 181 nan entries in the corrected pt. This might be due to the number of tracker layers hitting boundaries. Setting those entries to their initial value.
There are 20652 events with muon pt outside of [26,200] GeV. Setting those entries to their initial value.
There are 24748 events with muon pt outside of [26,200] GeV. Setting those entries to their initial value.
There are 24750 events with muon pt outside of [26,200] GeV. Setting those entries to their initial value.
There are 199 nan entries in the corrected pt. This might be due to the number of tracker layers hitting boundaries. Setting those entries to their initial value.
There are 21071 events with muon pt outside of [26,200] GeV. Setting those entries to their initial value.
There are 24487 events with muon pt outside of [26,200] GeV. Setting those entries to their initial value.
There are 24491 events with muon pt outside of [26,200] GeV. Setting those entries to their initial value.
There are 215 nan entries in the corrected pt. This might be due to the number of tracker layers hitting boundaries. Setting those entries to their initial value.
There are 21048 events with muon pt outside of [26,200] GeV. Setting those entries to their initial value.
There are 24720 events with muon pt outside of [26,200] GeV. Setting those entries to their initial value.
There are 24725 events with muon pt outside of [26,200] GeV. Setting those entries to their initial value.
There are 192 nan entries in the corrected pt. This might be due to the number of tracker layers hitting boundaries. Setting those entries to their initial value.
There are 21012 events with muon pt outside of [26,200] GeV. Setting those entries to their initial value.
There are 25255 events with muon pt outside of [26,200] GeV. Setting those entries to their initial value.
There are 25259 events with muon pt outside of [26,200] GeV. Setting those entries to their initial value.
There are 216 nan entries in the corrected pt. This might be due to the number of tracker layers hitting boundaries. Setting those entries to their initial value.
There are 24683 events with muon pt outside of [26,200] GeV. Setting those entries to their initial value.
There are 24686 events with muon pt outside of [26,200] GeV. Setting those entries to their initial value.
There are 224 nan entries in the corrected pt. This might be due to the number of tracker layers hitting boundaries. Setting those entries to their initial value.
There are 21025 events with muon pt outside of [26,200] GeV. Setting those entries to their initial value.
There are 24465 events with muon pt outside of [26,200] GeV. Setting those entries to their initial value.
There are 24469 events with muon pt outside of [26,200] GeV. Setting those entries to their initial value.
There are 221 nan entries in the corrected pt. This might be due to the number of tracker layers hitting boundaries. Setting those entries to their initial value.
There are 20954 events with muon pt outside of [26,200] GeV. Setting those entries to their initial value.
There are 24881 events with muon pt outside of [26,200] GeV. Setting those entries to their initial value.
There are 24882 events with muon pt outside of [26,200] GeV. Setting those entries to their initial value.
There are 207 nan entries in the corrected pt. This might be due to the number of tracker layers hitting boundaries. Setting those entries to their initial value.
There are 20997 events with muon pt outside of [26,200] GeV. Setting those entries to their initial value.
There are 22930 events with muon pt outside of [26,200] GeV. Setting those entries to their initial value.
There are 22932 events with muon pt outside of [26,200] GeV. Setting those entries to their initial value.
There are 213 nan entries in the corrected pt. This might be due to the number of tracker layers hitting boundaries. Setting those entries to their initial value.
There are 19592 events with muon pt outside of [26,200] GeV. Setting those entries to their initial value.
There are 22888 events with muon pt outside of [26,200] GeV. Setting those entries to their initial value.
There are 22891 events with muon pt outside of [26,200] GeV. Setting those entries to their initial value.
There are 189 nan entries in the corrected pt. This might be due to the number of tracker layers hitting boundaries. Setting those entries to their initial value.
There are 19749 events with muon pt outside of [26,200] GeV. Setting those entries to their initial value.
There are 24849 events with muon pt outside of [26,200] GeV. Setting those entries to their initial value.
There are 24856 events with muon pt outside of [26,200] GeV. Setting those entries to their initial value.
There are 204 nan entries in the corrected pt. This might be due to the number of tracker layers hitting boundaries. Setting those entries to their initial value.
There are 21007 events with muon pt outside of [26,200] GeV. Setting those entries to their initial value.
There are 24712 events with muon pt outside of [26,200] GeV. Setting those entries to their initial value.
There are 24714 events with muon pt outside of [26,200] GeV. Setting those entries to their initial value.
There are 226 nan entries in the corrected pt. This might be due to the number of tracker layers hitting boundaries. Setting those entries to their initial value.
There are 20921 events with muon pt outside of [26,200] GeV. Setting those entries to their initial value.
There are 25658 events with muon pt outside of [26,200] GeV. Setting those entries to their initial value.
There are 25661 events with muon pt outside of [26,200] GeV. Setting those entries to their initial value.
There are 243 nan entries in the corrected pt. This might be due to the number of tracker layers hitting boundaries. Setting those entries to their initial value.
There are 21833 events with muon pt outside of [26,200] GeV. Setting those entries to their initial value.
There are 24135 events with muon pt outside of [26,200] GeV. Setting those entries to their initial value.
There are 24136 events with muon pt outside of [26,200] GeV. Setting those entries to their initial value.
There are 206 nan entries in the corrected pt. This might be due to the number of tracker layers hitting boundaries. Setting those entries to their initial value.
There are 20678 events with muon pt outside of [26,200] GeV. Setting those entries to their initial value.
There are 24322 events with muon pt outside of [26,200] GeV. Setting those entries to their initial value.
There are 24326 events with muon pt outside of [26,200] GeV. Setting those entries to their initial value.
There are 219 nan entries in the corrected pt. This might be due to the number of tracker layers hitting boundaries. Setting those entries to their initial value.
There are 20665 events with muon pt outside of [26,200] GeV. Setting those entries to their initial value.
There are 24772 events with muon pt outside of [26,200] GeV. Setting those entries to their initial value.
There are 24774 events with muon pt outside of [26,200] GeV. Setting those entries to their initial value.
There are 201 nan entries in the corrected pt. This might be due to the number of tracker layers hitting boundaries. Setting those entries to their initial value.
There are 21050 events with muon pt outside of [26,200] GeV. Setting those entries to their initial value.
There are 24840 events with muon pt outside of [26,200] GeV. Setting those entries to their initial value.
There are 24841 events with muon pt outside of [26,200] GeV. Setting those entries to their initial value.
There are 218 nan entries in the corrected pt. This might be due to the number of tracker layers hitting boundaries. Setting those entries to their initial value.
There are 21034 events with muon pt outside of [26,200] GeV. Setting those entries to their initial value.
There are 24878 events with muon pt outside of [26,200] GeV. Setting those entries to their initial value.
There are 24883 events with muon pt outside of [26,200] GeV. Setting those entries to their initial value.
There are 241 nan entries in the corrected pt. This might be due to the number of tracker layers hitting boundaries. Setting those entries to their initial value.
There are 21048 events with muon pt outside of [26,200] GeV. Setting those entries to their initial value.
There are 25329 events with muon pt outside of [26,200] GeV. Setting those entries to their initial value.
There are 25331 events with muon pt outside of [26,200] GeV. Setting those entries to their initial value.
There are 206 nan entries in the corrected pt. This might be due to the number of tracker layers hitting boundaries. Setting those entries to their initial value.
There are 21633 events with muon pt outside of [26,200] GeV. Setting those entries to their initial value.
There are 25556 events with muon pt outside of [26,200] GeV. Setting those entries to their initial value.
There are 25559 events with muon pt outside of [26,200] GeV. Setting those entries to their initial value.
There are 227 nan entries in the corrected pt. This might be due to the number of tracker layers hitting boundaries. Setting those entries to their initial value.
There are 21936 events with muon pt outside of [26,200] GeV. Setting those entries to their initial value.
There are 24648 events with muon pt outside of [26,200] GeV. Setting those entries to their initial value.
There are 24649 events with muon pt outside of [26,200] GeV. Setting those entries to their initial value.
There are 183 nan entries in the corrected pt. This might be due to the number of tracker layers hitting boundaries. Setting those entries to their initial value.
There are 21232 events with muon pt outside of [26,200] GeV. Setting those entries to their initial value.
There are 24742 events with muon pt outside of [26,200] GeV. Setting those entries to their initial value.
There are 24743 events with muon pt outside of [26,200] GeV. Setting those entries to their initial value.
There are 231 nan entries in the corrected pt. This might be due to the number of tracker layers hitting boundaries. Setting those entries to their initial value.
There are 21635 events with muon pt outside of [26,200] GeV. Setting those entries to their initial value.
There are 25456 events with muon pt outside of [26,200] GeV. Setting those entries to their initial value.
There are 25458 events with muon pt outside of [26,200] GeV. Setting those entries to their initial value.
There are 199 nan entries in the corrected pt. This might be due to the number of tracker layers hitting boundaries. Setting those entries to their initial value.
There are 21743 events with muon pt outside of [26,200] GeV. Setting those entries to their initial value.
There are 24685 events with muon pt outside of [26,200] GeV. Setting those entries to their initial value.
There are 24689 events with muon pt outside of [26,200] GeV. Setting those entries to their initial value.
There are 231 nan entries in the corrected pt. This might be due to the number of tracker layers hitting boundaries. Setting those entries to their initial value.
There are 20867 events with muon pt outside of [26,200] GeV. Setting those entries to their initial value.
There are 24509 events with muon pt outside of [26,200] GeV. Setting those entries to their initial value.
There are 24512 events with muon pt outside of [26,200] GeV. Setting those entries to their initial value.
There are 194 nan entries in the corrected pt. This might be due to the number of tracker layers hitting boundaries. Setting those entries to their initial value.
There are 20961 events with muon pt outside of [26,200] GeV. Setting those entries to their initial value.
There are 24413 events with muon pt outside of [26,200] GeV. Setting those entries to their initial value.
There are 24415 events with muon pt outside of [26,200] GeV. Setting those entries to their initial value.
There are 229 nan entries in the corrected pt. This might be due to the number of tracker layers hitting boundaries. Setting those entries to their initial value.
There are 20919 events with muon pt outside of [26,200] GeV. Setting those entries to their initial value.
There are 21008 events with muon pt outside of [26,200] GeV. Setting those entries to their initial value.
There are 25646 events with muon pt outside of [26,200] GeV. Setting those entries to their initial value.
There are 25649 events with muon pt outside of [26,200] GeV. Setting those entries to their initial value.
There are 188 nan entries in the corrected pt. This might be due to the number of tracker layers hitting boundaries. Setting those entries to their initial value.
There are 21631 events with muon pt outside of [26,200] GeV. Setting those entries to their initial value.
There are 25630 events with muon pt outside of [26,200] GeV. Setting those entries to their initial value.
There are 25631 events with muon pt outside of [26,200] GeV. Setting those entries to their initial value.
There are 215 nan entries in the corrected pt. This might be due to the number of tracker layers hitting boundaries. Setting those entries to their initial value.
There are 21736 events with muon pt outside of [26,200] GeV. Setting those entries to their initial value.
There are 24642 events with muon pt outside of [26,200] GeV. Setting those entries to their initial value.
There are 24647 events with muon pt outside of [26,200] GeV. Setting those entries to their initial value.
There are 192 nan entries in the corrected pt. This might be due to the number of tracker layers hitting boundaries. Setting those entries to their initial value.
There are 20938 events with muon pt outside of [26,200] GeV. Setting those entries to their initial value.
There are 24737 events with muon pt outside of [26,200] GeV. Setting those entries to their initial value.
There are 24739 events with muon pt outside of [26,200] GeV. Setting those entries to their initial value.
There are 205 nan entries in the corrected pt. This might be due to the number of tracker layers hitting boundaries. Setting those entries to their initial value.
There are 21290 events with muon pt outside of [26,200] GeV. Setting those entries to their initial value.
There are 24895 events with muon pt outside of [26,200] GeV. Setting those entries to their initial value.
There are 24899 events with muon pt outside of [26,200] GeV. Setting those entries to their initial value.
There are 211 nan entries in the corrected pt. This might be due to the number of tracker layers hitting boundaries. Setting those entries to their initial value.
There are 21033 events with muon pt outside of [26,200] GeV. Setting those entries to their initial value.
There are 21155 events with muon pt outside of [26,200] GeV. Setting those entries to their initial value.
There are 24828 events with muon pt outside of [26,200] GeV. Setting those entries to their initial value.
There are 24831 events with muon pt outside of [26,200] GeV. Setting those entries to their initial value.
There are 207 nan entries in the corrected pt. This might be due to the number of tracker layers hitting boundaries. Setting those entries to their initial value.
There are 21229 events with muon pt outside of [26,200] GeV. Setting those entries to their initial value.
There are 21094 events with muon pt outside of [26,200] GeV. Setting those entries to their initial value.
There are 25626 events with muon pt outside of [26,200] GeV. Setting those entries to their initial value.
There are 25631 events with muon pt outside of [26,200] GeV. Setting those entries to their initial value.
There are 193 nan entries in the corrected pt. This might be due to the number of tracker layers hitting boundaries. Setting those entries to their initial value.
There are 21603 events with muon pt outside of [26,200] GeV. Setting those entries to their initial value.
There are 24820 events with muon pt outside of [26,200] GeV. Setting those entries to their initial value.
There are 24821 events with muon pt outside of [26,200] GeV. Setting those entries to their initial value.
There are 198 nan entries in the corrected pt. This might be due to the number of tracker layers hitting boundaries. Setting those entries to their initial value.
There are 21023 events with muon pt outside of [26,200] GeV. Setting those entries to their initial value.
There are 24662 events with muon pt outside of [26,200] GeV. Setting those entries to their initial value.
There are 24667 events with muon pt outside of [26,200] GeV. Setting those entries to their initial value.
There are 191 nan entries in the corrected pt. This might be due to the number of tracker layers hitting boundaries. Setting those entries to their initial value.
There are 21129 events with muon pt outside of [26,200] GeV. Setting those entries to their initial value.
There are 24723 events with muon pt outside of [26,200] GeV. Setting those entries to their initial value.
There are 24725 events with muon pt outside of [26,200] GeV. Setting those entries to their initial value.
There are 214 nan entries in the corrected pt. This might be due to the number of tracker layers hitting boundaries. Setting those entries to their initial value.
There are 21262 events with muon pt outside of [26,200] GeV. Setting those entries to their initial value.
There are 25017 events with muon pt outside of [26,200] GeV. Setting those entries to their initial value.
There are 25020 events with muon pt outside of [26,200] GeV. Setting those entries to their initial value.
There are 195 nan entries in the corrected pt. This might be due to the number of tracker layers hitting boundaries. Setting those entries to their initial value.
There are 21135 events with muon pt outside of [26,200] GeV. Setting those entries to their initial value.
