000 (14729948.002.000) 02/25 17:14:33 Job submitted from host: <188.184.90.62:9618?addrs=188.184.90.62-9618+[2001-1458-201-e4--100-238]-9618&alias=bigbird16.cern.ch&noUDP&sock=schedd_5196_9a2f>
...
040 (14729948.002.000) 02/25 17:18:24 Started transferring input files
	Transferring to host: <128.142.192.201:9618?addrs=128.142.192.201-9618+[2001-1458-301-56--100-45]-9618&alias=b9g18p2334.cern.ch&noUDP&sock=slot1_13_5163_8ceb_28052>
...
040 (14729948.002.000) 02/25 17:18:24 Finished transferring input files
...
001 (14729948.002.000) 02/25 17:18:25 Job executing on host: <128.142.192.201:9618?addrs=128.142.192.201-9618+[2001-1458-301-56--100-45]-9618&alias=b9g18p2334.cern.ch&noUDP&sock=startd_4270_717c>
	SlotName: slot1_13@b9g18p2334.cern.ch
	CondorScratchDir = "/pool/condor/dir_2345844"
	Cpus = 1
	Disk = 3792
	GPUs = 0
	Memory = 3000
...
006 (14729948.002.000) 02/25 17:18:39 Image size of job updated: 469540
	459  -  MemoryUsage of job (MB)
	469540  -  ResidentSetSize of job (KB)
...
006 (14729948.002.000) 02/25 17:23:39 Image size of job updated: 2843864
	2778  -  MemoryUsage of job (MB)
	2843864  -  ResidentSetSize of job (KB)
...
006 (14729948.002.000) 02/25 17:28:39 Image size of job updated: 2958536
	2870  -  MemoryUsage of job (MB)
	2938428  -  ResidentSetSize of job (KB)
...
040 (14729948.002.000) 02/25 17:29:07 Started transferring output files
...
040 (14729948.002.000) 02/25 17:29:08 Finished transferring output files
...
005 (14729948.002.000) 02/25 17:29:08 Job terminated.
	(1) Normal termination (return value 1)
		Usr 0 00:25:02, Sys 0 00:00:29  -  Run Remote Usage
		Usr 0 00:00:00, Sys 0 00:00:00  -  Run Local Usage
		Usr 0 00:25:02, Sys 0 00:00:29  -  Total Remote Usage
		Usr 0 00:00:00, Sys 0 00:00:00  -  Total Local Usage
	41039  -  Run Bytes Sent By Job
	29052  -  Run Bytes Received By Job
	41039  -  Total Bytes Sent By Job
	29052  -  Total Bytes Received By Job
	Partitionable Resources :    Usage  Request Allocated 
	   Cpus                 :        0        1         1 
	   Disk (KB)            :       94       32      3792 
	   GPUs                 :                           0 
	   Memory (MB)          :     2870     3000      3000 
	   TimeExecute (s)      :      642                    
	   TimeSlotBusy (s)     :      645                    

	Job terminated of its own accord at 2026-02-25T16:29:07Z with exit-code 1.
...
