subject   : /DC=ch/DC=cern/OU=Organic Units/OU=Users/CN=driosper/CN=886669/CN=Diego Alejandro Rios Perez/CN=3192939875
issuer    : /DC=ch/DC=cern/OU=Organic Units/OU=Users/CN=driosper/CN=886669/CN=Diego Alejandro Rios Perez
identity  : /DC=ch/DC=cern/OU=Organic Units/OU=Users/CN=driosper/CN=886669/CN=Diego Alejandro Rios Perez
type      : RFC compliant proxy
strength  : 2048 bits
path      : /afs/cern.ch/user/d/driosper/private/x509up_u182284
timeleft  : 9:21:12
key usage : Digital Signature, Key Encipherment
=== VO cms extension information ===
VO        : cms
subject   : /DC=ch/DC=cern/OU=Organic Units/OU=Users/CN=driosper/CN=886669/CN=Diego Alejandro Rios Perez
issuer    : /DC=ch/DC=cern/OU=computers/CN=cms-auth.cern.ch
attribute : /cms/Role=NULL/Capability=NULL
timeleft  : 9:21:12
uri       : voms-cms-auth.cern.ch:15000
--workflow ztoee --year 2022preEE --output_path /eos/user/d/driosper/bsm3g_coffea/outputs/ztoee/2022preEE/DYJetsToLL_inclusive_50 --output_format coffea --dataset DYJetsToLL_inclusive_50_10 --partition_json /srv/partition_fileset.json
  Preprocessing 100% ━━━━━━━━━━━━━━━━━━ 9/9 [ 0:00:25 < 0:00:00 | 0.5   file/s ]
Merging (local) 100% ━━━━━━━━━━━━━━━━━━ 9/9 [ 0:00:25 < 0:00:00 | ?   merges/s ]
     Processing   1%                     1/83 [ 0:00:39 < -:--:-- | ?  chunk/s ]
Merging (local)   0% ━━━━━━━━━━━━━━━━━━━  0/0 [ 0:00:02 < 0:00:00 | ? merges/s ]
There are 24763 events with muon pt outside of [26,200] GeV. Setting those entries to their initial value.
There are 24769 events with muon pt outside of [26,200] GeV. Setting those entries to their initial value.
There are 177 nan entries in the corrected pt. This might be due to the number of tracker layers hitting boundaries. Setting those entries to their initial value.
There are 21119 events with muon pt outside of [26,200] GeV. Setting those entries to their initial value.
There are 24603 events with muon pt outside of [26,200] GeV. Setting those entries to their initial value.
There are 24603 events with muon pt outside of [26,200] GeV. Setting those entries to their initial value.
There are 201 nan entries in the corrected pt. This might be due to the number of tracker layers hitting boundaries. Setting those entries to their initial value.
There are 20924 events with muon pt outside of [26,200] GeV. Setting those entries to their initial value.
There are 24556 events with muon pt outside of [26,200] GeV. Setting those entries to their initial value.
There are 24556 events with muon pt outside of [26,200] GeV. Setting those entries to their initial value.
There are 200 nan entries in the corrected pt. This might be due to the number of tracker layers hitting boundaries. Setting those entries to their initial value.
There are 21132 events with muon pt outside of [26,200] GeV. Setting those entries to their initial value.
There are 23168 events with muon pt outside of [26,200] GeV. Setting those entries to their initial value.
There are 23170 events with muon pt outside of [26,200] GeV. Setting those entries to their initial value.
There are 189 nan entries in the corrected pt. This might be due to the number of tracker layers hitting boundaries. Setting those entries to their initial value.
There are 19734 events with muon pt outside of [26,200] GeV. Setting those entries to their initial value.
There are 23222 events with muon pt outside of [26,200] GeV. Setting those entries to their initial value.
There are 23223 events with muon pt outside of [26,200] GeV. Setting those entries to their initial value.
There are 213 nan entries in the corrected pt. This might be due to the number of tracker layers hitting boundaries. Setting those entries to their initial value.
There are 19829 events with muon pt outside of [26,200] GeV. Setting those entries to their initial value.
There are 24934 events with muon pt outside of [26,200] GeV. Setting those entries to their initial value.
There are 24936 events with muon pt outside of [26,200] GeV. Setting those entries to their initial value.
There are 215 nan entries in the corrected pt. This might be due to the number of tracker layers hitting boundaries. Setting those entries to their initial value.
There are 21436 events with muon pt outside of [26,200] GeV. Setting those entries to their initial value.
There are 25453 events with muon pt outside of [26,200] GeV. Setting those entries to their initial value.
There are 25454 events with muon pt outside of [26,200] GeV. Setting those entries to their initial value.
There are 211 nan entries in the corrected pt. This might be due to the number of tracker layers hitting boundaries. Setting those entries to their initial value.
There are 21640 events with muon pt outside of [26,200] GeV. Setting those entries to their initial value.
There are 23488 events with muon pt outside of [26,200] GeV. Setting those entries to their initial value.
There are 23489 events with muon pt outside of [26,200] GeV. Setting those entries to their initial value.
There are 172 nan entries in the corrected pt. This might be due to the number of tracker layers hitting boundaries. Setting those entries to their initial value.
There are 19859 events with muon pt outside of [26,200] GeV. Setting those entries to their initial value.
There are 23426 events with muon pt outside of [26,200] GeV. Setting those entries to their initial value.
There are 23426 events with muon pt outside of [26,200] GeV. Setting those entries to their initial value.
There are 204 nan entries in the corrected pt. This might be due to the number of tracker layers hitting boundaries. Setting those entries to their initial value.
There are 19849 events with muon pt outside of [26,200] GeV. Setting those entries to their initial value.
There are 23403 events with muon pt outside of [26,200] GeV. Setting those entries to their initial value.
There are 23407 events with muon pt outside of [26,200] GeV. Setting those entries to their initial value.
There are 190 nan entries in the corrected pt. This might be due to the number of tracker layers hitting boundaries. Setting those entries to their initial value.
There are 19995 events with muon pt outside of [26,200] GeV. Setting those entries to their initial value.
There are 23261 events with muon pt outside of [26,200] GeV. Setting those entries to their initial value.
There are 23264 events with muon pt outside of [26,200] GeV. Setting those entries to their initial value.
There are 166 nan entries in the corrected pt. This might be due to the number of tracker layers hitting boundaries. Setting those entries to their initial value.
There are 19903 events with muon pt outside of [26,200] GeV. Setting those entries to their initial value.
There are 23371 events with muon pt outside of [26,200] GeV. Setting those entries to their initial value.
There are 23375 events with muon pt outside of [26,200] GeV. Setting those entries to their initial value.
There are 230 nan entries in the corrected pt. This might be due to the number of tracker layers hitting boundaries. Setting those entries to their initial value.
There are 19819 events with muon pt outside of [26,200] GeV. Setting those entries to their initial value.
There are 22989 events with muon pt outside of [26,200] GeV. Setting those entries to their initial value.
There are 22991 events with muon pt outside of [26,200] GeV. Setting those entries to their initial value.
There are 192 nan entries in the corrected pt. This might be due to the number of tracker layers hitting boundaries. Setting those entries to their initial value.
There are 19592 events with muon pt outside of [26,200] GeV. Setting those entries to their initial value.
There are 23512 events with muon pt outside of [26,200] GeV. Setting those entries to their initial value.
There are 23519 events with muon pt outside of [26,200] GeV. Setting those entries to their initial value.
There are 202 nan entries in the corrected pt. This might be due to the number of tracker layers hitting boundaries. Setting those entries to their initial value.
There are 20227 events with muon pt outside of [26,200] GeV. Setting those entries to their initial value.
There are 24961 events with muon pt outside of [26,200] GeV. Setting those entries to their initial value.
There are 24961 events with muon pt outside of [26,200] GeV. Setting those entries to their initial value.
There are 219 nan entries in the corrected pt. This might be due to the number of tracker layers hitting boundaries. Setting those entries to their initial value.
There are 21303 events with muon pt outside of [26,200] GeV. Setting those entries to their initial value.
There are 24531 events with muon pt outside of [26,200] GeV. Setting those entries to their initial value.
There are 24536 events with muon pt outside of [26,200] GeV. Setting those entries to their initial value.
There are 189 nan entries in the corrected pt. This might be due to the number of tracker layers hitting boundaries. Setting those entries to their initial value.
There are 21055 events with muon pt outside of [26,200] GeV. Setting those entries to their initial value.
There are 24920 events with muon pt outside of [26,200] GeV. Setting those entries to their initial value.
There are 24921 events with muon pt outside of [26,200] GeV. Setting those entries to their initial value.
There are 192 nan entries in the corrected pt. This might be due to the number of tracker layers hitting boundaries. Setting those entries to their initial value.
There are 24629 events with muon pt outside of [26,200] GeV. Setting those entries to their initial value.
There are 24629 events with muon pt outside of [26,200] GeV. Setting those entries to their initial value.
There are 226 nan entries in the corrected pt. This might be due to the number of tracker layers hitting boundaries. Setting those entries to their initial value.
There are 21174 events with muon pt outside of [26,200] GeV. Setting those entries to their initial value.
There are 24460 events with muon pt outside of [26,200] GeV. Setting those entries to their initial value.
There are 24461 events with muon pt outside of [26,200] GeV. Setting those entries to their initial value.
There are 192 nan entries in the corrected pt. This might be due to the number of tracker layers hitting boundaries. Setting those entries to their initial value.
There are 20992 events with muon pt outside of [26,200] GeV. Setting those entries to their initial value.
There are 23090 events with muon pt outside of [26,200] GeV. Setting those entries to their initial value.
There are 23094 events with muon pt outside of [26,200] GeV. Setting those entries to their initial value.
There are 195 nan entries in the corrected pt. This might be due to the number of tracker layers hitting boundaries. Setting those entries to their initial value.
There are 19954 events with muon pt outside of [26,200] GeV. Setting those entries to their initial value.
There are 23148 events with muon pt outside of [26,200] GeV. Setting those entries to their initial value.
There are 23151 events with muon pt outside of [26,200] GeV. Setting those entries to their initial value.
There are 177 nan entries in the corrected pt. This might be due to the number of tracker layers hitting boundaries. Setting those entries to their initial value.
There are 19723 events with muon pt outside of [26,200] GeV. Setting those entries to their initial value.
There are 25300 events with muon pt outside of [26,200] GeV. Setting those entries to their initial value.
There are 25302 events with muon pt outside of [26,200] GeV. Setting those entries to their initial value.
There are 200 nan entries in the corrected pt. This might be due to the number of tracker layers hitting boundaries. Setting those entries to their initial value.
There are 21417 events with muon pt outside of [26,200] GeV. Setting those entries to their initial value.
There are 25272 events with muon pt outside of [26,200] GeV. Setting those entries to their initial value.
There are 25275 events with muon pt outside of [26,200] GeV. Setting those entries to their initial value.
There are 186 nan entries in the corrected pt. This might be due to the number of tracker layers hitting boundaries. Setting those entries to their initial value.
There are 21601 events with muon pt outside of [26,200] GeV. Setting those entries to their initial value.
There are 25159 events with muon pt outside of [26,200] GeV. Setting those entries to their initial value.
There are 25161 events with muon pt outside of [26,200] GeV. Setting those entries to their initial value.
There are 181 nan entries in the corrected pt. This might be due to the number of tracker layers hitting boundaries. Setting those entries to their initial value.
There are 21452 events with muon pt outside of [26,200] GeV. Setting those entries to their initial value.
There are 23469 events with muon pt outside of [26,200] GeV. Setting those entries to their initial value.
There are 23469 events with muon pt outside of [26,200] GeV. Setting those entries to their initial value.
There are 204 nan entries in the corrected pt. This might be due to the number of tracker layers hitting boundaries. Setting those entries to their initial value.
There are 20283 events with muon pt outside of [26,200] GeV. Setting those entries to their initial value.
There are 23557 events with muon pt outside of [26,200] GeV. Setting those entries to their initial value.
There are 23558 events with muon pt outside of [26,200] GeV. Setting those entries to their initial value.
There are 195 nan entries in the corrected pt. This might be due to the number of tracker layers hitting boundaries. Setting those entries to their initial value.
There are 19967 events with muon pt outside of [26,200] GeV. Setting those entries to their initial value.
There are 23381 events with muon pt outside of [26,200] GeV. Setting those entries to their initial value.
There are 23384 events with muon pt outside of [26,200] GeV. Setting those entries to their initial value.
There are 202 nan entries in the corrected pt. This might be due to the number of tracker layers hitting boundaries. Setting those entries to their initial value.
There are 20152 events with muon pt outside of [26,200] GeV. Setting those entries to their initial value.
There are 23310 events with muon pt outside of [26,200] GeV. Setting those entries to their initial value.
There are 23314 events with muon pt outside of [26,200] GeV. Setting those entries to their initial value.
There are 208 nan entries in the corrected pt. This might be due to the number of tracker layers hitting boundaries. Setting those entries to their initial value.
There are 19869 events with muon pt outside of [26,200] GeV. Setting those entries to their initial value.
There are 23246 events with muon pt outside of [26,200] GeV. Setting those entries to their initial value.
There are 23248 events with muon pt outside of [26,200] GeV. Setting those entries to their initial value.
There are 219 nan entries in the corrected pt. This might be due to the number of tracker layers hitting boundaries. Setting those entries to their initial value.
There are 19673 events with muon pt outside of [26,200] GeV. Setting those entries to their initial value.
There are 23571 events with muon pt outside of [26,200] GeV. Setting those entries to their initial value.
There are 23577 events with muon pt outside of [26,200] GeV. Setting those entries to their initial value.
There are 182 nan entries in the corrected pt. This might be due to the number of tracker layers hitting boundaries. Setting those entries to their initial value.
There are 20392 events with muon pt outside of [26,200] GeV. Setting those entries to their initial value.
There are 23564 events with muon pt outside of [26,200] GeV. Setting those entries to their initial value.
There are 23566 events with muon pt outside of [26,200] GeV. Setting those entries to their initial value.
There are 168 nan entries in the corrected pt. This might be due to the number of tracker layers hitting boundaries. Setting those entries to their initial value.
There are 20104 events with muon pt outside of [26,200] GeV. Setting those entries to their initial value.
There are 24788 events with muon pt outside of [26,200] GeV. Setting those entries to their initial value.
There are 24790 events with muon pt outside of [26,200] GeV. Setting those entries to their initial value.
There are 221 nan entries in the corrected pt. This might be due to the number of tracker layers hitting boundaries. Setting those entries to their initial value.
There are 21275 events with muon pt outside of [26,200] GeV. Setting those entries to their initial value.
There are 24653 events with muon pt outside of [26,200] GeV. Setting those entries to their initial value.
There are 24658 events with muon pt outside of [26,200] GeV. Setting those entries to their initial value.
There are 192 nan entries in the corrected pt. This might be due to the number of tracker layers hitting boundaries. Setting those entries to their initial value.
There are 21112 events with muon pt outside of [26,200] GeV. Setting those entries to their initial value.
There are 24701 events with muon pt outside of [26,200] GeV. Setting those entries to their initial value.
There are 24708 events with muon pt outside of [26,200] GeV. Setting those entries to their initial value.
There are 197 nan entries in the corrected pt. This might be due to the number of tracker layers hitting boundaries. Setting those entries to their initial value.
There are 24314 events with muon pt outside of [26,200] GeV. Setting those entries to their initial value.
There are 24323 events with muon pt outside of [26,200] GeV. Setting those entries to their initial value.
There are 185 nan entries in the corrected pt. This might be due to the number of tracker layers hitting boundaries. Setting those entries to their initial value.
There are 21242 events with muon pt outside of [26,200] GeV. Setting those entries to their initial value.
There are 24719 events with muon pt outside of [26,200] GeV. Setting those entries to their initial value.
There are 24721 events with muon pt outside of [26,200] GeV. Setting those entries to their initial value.
There are 195 nan entries in the corrected pt. This might be due to the number of tracker layers hitting boundaries. Setting those entries to their initial value.
There are 20923 events with muon pt outside of [26,200] GeV. Setting those entries to their initial value.
There are 24455 events with muon pt outside of [26,200] GeV. Setting those entries to their initial value.
There are 24456 events with muon pt outside of [26,200] GeV. Setting those entries to their initial value.
There are 187 nan entries in the corrected pt. This might be due to the number of tracker layers hitting boundaries. Setting those entries to their initial value.
There are 20827 events with muon pt outside of [26,200] GeV. Setting those entries to their initial value.
There are 23086 events with muon pt outside of [26,200] GeV. Setting those entries to their initial value.
There are 23089 events with muon pt outside of [26,200] GeV. Setting those entries to their initial value.
There are 197 nan entries in the corrected pt. This might be due to the number of tracker layers hitting boundaries. Setting those entries to their initial value.
There are 19890 events with muon pt outside of [26,200] GeV. Setting those entries to their initial value.
There are 25389 events with muon pt outside of [26,200] GeV. Setting those entries to their initial value.
There are 25392 events with muon pt outside of [26,200] GeV. Setting those entries to their initial value.
There are 213 nan entries in the corrected pt. This might be due to the number of tracker layers hitting boundaries. Setting those entries to their initial value.
There are 21556 events with muon pt outside of [26,200] GeV. Setting those entries to their initial value.
There are 25102 events with muon pt outside of [26,200] GeV. Setting those entries to their initial value.
There are 25104 events with muon pt outside of [26,200] GeV. Setting those entries to their initial value.
There are 220 nan entries in the corrected pt. This might be due to the number of tracker layers hitting boundaries. Setting those entries to their initial value.
There are 21686 events with muon pt outside of [26,200] GeV. Setting those entries to their initial value.
There are 23517 events with muon pt outside of [26,200] GeV. Setting those entries to their initial value.
There are 23524 events with muon pt outside of [26,200] GeV. Setting those entries to their initial value.
There are 202 nan entries in the corrected pt. This might be due to the number of tracker layers hitting boundaries. Setting those entries to their initial value.
There are 20085 events with muon pt outside of [26,200] GeV. Setting those entries to their initial value.
There are 23700 events with muon pt outside of [26,200] GeV. Setting those entries to their initial value.
There are 23704 events with muon pt outside of [26,200] GeV. Setting those entries to their initial value.
There are 188 nan entries in the corrected pt. This might be due to the number of tracker layers hitting boundaries. Setting those entries to their initial value.
There are 19984 events with muon pt outside of [26,200] GeV. Setting those entries to their initial value.
There are 23482 events with muon pt outside of [26,200] GeV. Setting those entries to their initial value.
There are 23484 events with muon pt outside of [26,200] GeV. Setting those entries to their initial value.
There are 235 nan entries in the corrected pt. This might be due to the number of tracker layers hitting boundaries. Setting those entries to their initial value.
There are 20357 events with muon pt outside of [26,200] GeV. Setting those entries to their initial value.
There are 23228 events with muon pt outside of [26,200] GeV. Setting those entries to their initial value.
There are 23228 events with muon pt outside of [26,200] GeV. Setting those entries to their initial value.
There are 172 nan entries in the corrected pt. This might be due to the number of tracker layers hitting boundaries. Setting those entries to their initial value.
There are 19847 events with muon pt outside of [26,200] GeV. Setting those entries to their initial value.
There are 23108 events with muon pt outside of [26,200] GeV. Setting those entries to their initial value.
There are 23109 events with muon pt outside of [26,200] GeV. Setting those entries to their initial value.
There are 179 nan entries in the corrected pt. This might be due to the number of tracker layers hitting boundaries. Setting those entries to their initial value.
There are 19788 events with muon pt outside of [26,200] GeV. Setting those entries to their initial value.
There are 23140 events with muon pt outside of [26,200] GeV. Setting those entries to their initial value.
There are 23142 events with muon pt outside of [26,200] GeV. Setting those entries to their initial value.
There are 186 nan entries in the corrected pt. This might be due to the number of tracker layers hitting boundaries. Setting those entries to their initial value.
There are 19834 events with muon pt outside of [26,200] GeV. Setting those entries to their initial value.
There are 23552 events with muon pt outside of [26,200] GeV. Setting those entries to their initial value.
There are 23555 events with muon pt outside of [26,200] GeV. Setting those entries to their initial value.
There are 192 nan entries in the corrected pt. This might be due to the number of tracker layers hitting boundaries. Setting those entries to their initial value.
There are 20355 events with muon pt outside of [26,200] GeV. Setting those entries to their initial value.
There are 23908 events with muon pt outside of [26,200] GeV. Setting those entries to their initial value.
There are 23908 events with muon pt outside of [26,200] GeV. Setting those entries to their initial value.
There are 181 nan entries in the corrected pt. This might be due to the number of tracker layers hitting boundaries. Setting those entries to their initial value.
There are 20279 events with muon pt outside of [26,200] GeV. Setting those entries to their initial value.
There are 24882 events with muon pt outside of [26,200] GeV. Setting those entries to their initial value.
There are 24885 events with muon pt outside of [26,200] GeV. Setting those entries to their initial value.
There are 207 nan entries in the corrected pt. This might be due to the number of tracker layers hitting boundaries. Setting those entries to their initial value.
There are 20966 events with muon pt outside of [26,200] GeV. Setting those entries to their initial value.
There are 24677 events with muon pt outside of [26,200] GeV. Setting those entries to their initial value.
There are 24682 events with muon pt outside of [26,200] GeV. Setting those entries to their initial value.
There are 206 nan entries in the corrected pt. This might be due to the number of tracker layers hitting boundaries. Setting those entries to their initial value.
There are 21146 events with muon pt outside of [26,200] GeV. Setting those entries to their initial value.
There are 24650 events with muon pt outside of [26,200] GeV. Setting those entries to their initial value.
There are 24655 events with muon pt outside of [26,200] GeV. Setting those entries to their initial value.
There are 205 nan entries in the corrected pt. This might be due to the number of tracker layers hitting boundaries. Setting those entries to their initial value.
There are 24799 events with muon pt outside of [26,200] GeV. Setting those entries to their initial value.
There are 24805 events with muon pt outside of [26,200] GeV. Setting those entries to their initial value.
There are 227 nan entries in the corrected pt. This might be due to the number of tracker layers hitting boundaries. Setting those entries to their initial value.
There are 20933 events with muon pt outside of [26,200] GeV. Setting those entries to their initial value.
There are 24747 events with muon pt outside of [26,200] GeV. Setting those entries to their initial value.
There are 24749 events with muon pt outside of [26,200] GeV. Setting those entries to their initial value.
There are 185 nan entries in the corrected pt. This might be due to the number of tracker layers hitting boundaries. Setting those entries to their initial value.
There are 21107 events with muon pt outside of [26,200] GeV. Setting those entries to their initial value.
There are 24751 events with muon pt outside of [26,200] GeV. Setting those entries to their initial value.
There are 24751 events with muon pt outside of [26,200] GeV. Setting those entries to their initial value.
There are 227 nan entries in the corrected pt. This might be due to the number of tracker layers hitting boundaries. Setting those entries to their initial value.
There are 20981 events with muon pt outside of [26,200] GeV. Setting those entries to their initial value.
There are 23096 events with muon pt outside of [26,200] GeV. Setting those entries to their initial value.
There are 23096 events with muon pt outside of [26,200] GeV. Setting those entries to their initial value.
There are 178 nan entries in the corrected pt. This might be due to the number of tracker layers hitting boundaries. Setting those entries to their initial value.
There are 19572 events with muon pt outside of [26,200] GeV. Setting those entries to their initial value.
There are 23292 events with muon pt outside of [26,200] GeV. Setting those entries to their initial value.
There are 23293 events with muon pt outside of [26,200] GeV. Setting those entries to their initial value.
There are 193 nan entries in the corrected pt. This might be due to the number of tracker layers hitting boundaries. Setting those entries to their initial value.
There are 19820 events with muon pt outside of [26,200] GeV. Setting those entries to their initial value.
There are 25433 events with muon pt outside of [26,200] GeV. Setting those entries to their initial value.
There are 25437 events with muon pt outside of [26,200] GeV. Setting those entries to their initial value.
There are 225 nan entries in the corrected pt. This might be due to the number of tracker layers hitting boundaries. Setting those entries to their initial value.
There are 21533 events with muon pt outside of [26,200] GeV. Setting those entries to their initial value.
There are 25177 events with muon pt outside of [26,200] GeV. Setting those entries to their initial value.
There are 25178 events with muon pt outside of [26,200] GeV. Setting those entries to their initial value.
There are 207 nan entries in the corrected pt. This might be due to the number of tracker layers hitting boundaries. Setting those entries to their initial value.
There are 21570 events with muon pt outside of [26,200] GeV. Setting those entries to their initial value.
There are 23381 events with muon pt outside of [26,200] GeV. Setting those entries to their initial value.
There are 23386 events with muon pt outside of [26,200] GeV. Setting those entries to their initial value.
There are 196 nan entries in the corrected pt. This might be due to the number of tracker layers hitting boundaries. Setting those entries to their initial value.
There are 20002 events with muon pt outside of [26,200] GeV. Setting those entries to their initial value.
There are 23362 events with muon pt outside of [26,200] GeV. Setting those entries to their initial value.
There are 23365 events with muon pt outside of [26,200] GeV. Setting those entries to their initial value.
There are 194 nan entries in the corrected pt. This might be due to the number of tracker layers hitting boundaries. Setting those entries to their initial value.
There are 20081 events with muon pt outside of [26,200] GeV. Setting those entries to their initial value.
There are 23277 events with muon pt outside of [26,200] GeV. Setting those entries to their initial value.
There are 23279 events with muon pt outside of [26,200] GeV. Setting those entries to their initial value.
There are 183 nan entries in the corrected pt. This might be due to the number of tracker layers hitting boundaries. Setting those entries to their initial value.
There are 19579 events with muon pt outside of [26,200] GeV. Setting those entries to their initial value.
There are 22966 events with muon pt outside of [26,200] GeV. Setting those entries to their initial value.
There are 22969 events with muon pt outside of [26,200] GeV. Setting those entries to their initial value.
There are 222 nan entries in the corrected pt. This might be due to the number of tracker layers hitting boundaries. Setting those entries to their initial value.
There are 19784 events with muon pt outside of [26,200] GeV. Setting those entries to their initial value.
There are 22987 events with muon pt outside of [26,200] GeV. Setting those entries to their initial value.
There are 22989 events with muon pt outside of [26,200] GeV. Setting those entries to their initial value.
There are 192 nan entries in the corrected pt. This might be due to the number of tracker layers hitting boundaries. Setting those entries to their initial value.
There are 19756 events with muon pt outside of [26,200] GeV. Setting those entries to their initial value.
There are 23653 events with muon pt outside of [26,200] GeV. Setting those entries to their initial value.
There are 23657 events with muon pt outside of [26,200] GeV. Setting those entries to their initial value.
There are 191 nan entries in the corrected pt. This might be due to the number of tracker layers hitting boundaries. Setting those entries to their initial value.
There are 20321 events with muon pt outside of [26,200] GeV. Setting those entries to their initial value.
There are 23845 events with muon pt outside of [26,200] GeV. Setting those entries to their initial value.
There are 23848 events with muon pt outside of [26,200] GeV. Setting those entries to their initial value.
There are 190 nan entries in the corrected pt. This might be due to the number of tracker layers hitting boundaries. Setting those entries to their initial value.
There are 20299 events with muon pt outside of [26,200] GeV. Setting those entries to their initial value.
There are 24772 events with muon pt outside of [26,200] GeV. Setting those entries to their initial value.
There are 24773 events with muon pt outside of [26,200] GeV. Setting those entries to their initial value.
There are 203 nan entries in the corrected pt. This might be due to the number of tracker layers hitting boundaries. Setting those entries to their initial value.
There are 21191 events with muon pt outside of [26,200] GeV. Setting those entries to their initial value.
There are 24803 events with muon pt outside of [26,200] GeV. Setting those entries to their initial value.
There are 24805 events with muon pt outside of [26,200] GeV. Setting those entries to their initial value.
There are 204 nan entries in the corrected pt. This might be due to the number of tracker layers hitting boundaries. Setting those entries to their initial value.
There are 21103 events with muon pt outside of [26,200] GeV. Setting those entries to their initial value.
There are 24778 events with muon pt outside of [26,200] GeV. Setting those entries to their initial value.
There are 24782 events with muon pt outside of [26,200] GeV. Setting those entries to their initial value.
There are 210 nan entries in the corrected pt. This might be due to the number of tracker layers hitting boundaries. Setting those entries to their initial value.
There are 21132 events with muon pt outside of [26,200] GeV. Setting those entries to their initial value.
There are 24761 events with muon pt outside of [26,200] GeV. Setting those entries to their initial value.
There are 24761 events with muon pt outside of [26,200] GeV. Setting those entries to their initial value.
There are 192 nan entries in the corrected pt. This might be due to the number of tracker layers hitting boundaries. Setting those entries to their initial value.
There are 21184 events with muon pt outside of [26,200] GeV. Setting those entries to their initial value.
There are 24744 events with muon pt outside of [26,200] GeV. Setting those entries to their initial value.
There are 24747 events with muon pt outside of [26,200] GeV. Setting those entries to their initial value.
There are 197 nan entries in the corrected pt. This might be due to the number of tracker layers hitting boundaries. Setting those entries to their initial value.
There are 21461 events with muon pt outside of [26,200] GeV. Setting those entries to their initial value.
There are 23058 events with muon pt outside of [26,200] GeV. Setting those entries to their initial value.
There are 23059 events with muon pt outside of [26,200] GeV. Setting those entries to their initial value.
There are 174 nan entries in the corrected pt. This might be due to the number of tracker layers hitting boundaries. Setting those entries to their initial value.
There are 19727 events with muon pt outside of [26,200] GeV. Setting those entries to their initial value.
There are 23500 events with muon pt outside of [26,200] GeV. Setting those entries to their initial value.
There are 23504 events with muon pt outside of [26,200] GeV. Setting those entries to their initial value.
There are 195 nan entries in the corrected pt. This might be due to the number of tracker layers hitting boundaries. Setting those entries to their initial value.
There are 19984 events with muon pt outside of [26,200] GeV. Setting those entries to their initial value.
There are 20988 events with muon pt outside of [26,200] GeV. Setting those entries to their initial value.
There are 24527 events with muon pt outside of [26,200] GeV. Setting those entries to their initial value.
There are 24532 events with muon pt outside of [26,200] GeV. Setting those entries to their initial value.
There are 188 nan entries in the corrected pt. This might be due to the number of tracker layers hitting boundaries. Setting those entries to their initial value.
There are 21009 events with muon pt outside of [26,200] GeV. Setting those entries to their initial value.
There are 24828 events with muon pt outside of [26,200] GeV. Setting those entries to their initial value.
There are 24832 events with muon pt outside of [26,200] GeV. Setting those entries to their initial value.
There are 202 nan entries in the corrected pt. This might be due to the number of tracker layers hitting boundaries. Setting those entries to their initial value.
There are 21143 events with muon pt outside of [26,200] GeV. Setting those entries to their initial value.
There are 23493 events with muon pt outside of [26,200] GeV. Setting those entries to their initial value.
There are 23495 events with muon pt outside of [26,200] GeV. Setting those entries to their initial value.
There are 217 nan entries in the corrected pt. This might be due to the number of tracker layers hitting boundaries. Setting those entries to their initial value.
There are 20091 events with muon pt outside of [26,200] GeV. Setting those entries to their initial value.
There are 23384 events with muon pt outside of [26,200] GeV. Setting those entries to their initial value.
There are 23387 events with muon pt outside of [26,200] GeV. Setting those entries to their initial value.
There are 187 nan entries in the corrected pt. This might be due to the number of tracker layers hitting boundaries. Setting those entries to their initial value.
There are 19787 events with muon pt outside of [26,200] GeV. Setting those entries to their initial value.
There are 21260 events with muon pt outside of [26,200] GeV. Setting those entries to their initial value.
There are 24704 events with muon pt outside of [26,200] GeV. Setting those entries to their initial value.
There are 24708 events with muon pt outside of [26,200] GeV. Setting those entries to their initial value.
There are 205 nan entries in the corrected pt. This might be due to the number of tracker layers hitting boundaries. Setting those entries to their initial value.
There are 21306 events with muon pt outside of [26,200] GeV. Setting those entries to their initial value.
There are 23607 events with muon pt outside of [26,200] GeV. Setting those entries to their initial value.
There are 23607 events with muon pt outside of [26,200] GeV. Setting those entries to their initial value.
There are 205 nan entries in the corrected pt. This might be due to the number of tracker layers hitting boundaries. Setting those entries to their initial value.
There are 19780 events with muon pt outside of [26,200] GeV. Setting those entries to their initial value.
There are 23386 events with muon pt outside of [26,200] GeV. Setting those entries to their initial value.
There are 23388 events with muon pt outside of [26,200] GeV. Setting those entries to their initial value.
There are 168 nan entries in the corrected pt. This might be due to the number of tracker layers hitting boundaries. Setting those entries to their initial value.
There are 19930 events with muon pt outside of [26,200] GeV. Setting those entries to their initial value.
There are 20956 events with muon pt outside of [26,200] GeV. Setting those entries to their initial value.
There are 24599 events with muon pt outside of [26,200] GeV. Setting those entries to their initial value.
There are 24603 events with muon pt outside of [26,200] GeV. Setting those entries to their initial value.
There are 199 nan entries in the corrected pt. This might be due to the number of tracker layers hitting boundaries. Setting those entries to their initial value.
There are 21101 events with muon pt outside of [26,200] GeV. Setting those entries to their initial value.
There are 24786 events with muon pt outside of [26,200] GeV. Setting those entries to their initial value.
There are 24789 events with muon pt outside of [26,200] GeV. Setting those entries to their initial value.
There are 210 nan entries in the corrected pt. This might be due to the number of tracker layers hitting boundaries. Setting those entries to their initial value.
There are 21186 events with muon pt outside of [26,200] GeV. Setting those entries to their initial value.
There are 23162 events with muon pt outside of [26,200] GeV. Setting those entries to their initial value.
There are 23164 events with muon pt outside of [26,200] GeV. Setting those entries to their initial value.
There are 219 nan entries in the corrected pt. This might be due to the number of tracker layers hitting boundaries. Setting those entries to their initial value.
There are 19999 events with muon pt outside of [26,200] GeV. Setting those entries to their initial value.
There are 23555 events with muon pt outside of [26,200] GeV. Setting those entries to their initial value.
There are 23558 events with muon pt outside of [26,200] GeV. Setting those entries to their initial value.
There are 194 nan entries in the corrected pt. This might be due to the number of tracker layers hitting boundaries. Setting those entries to their initial value.
There are 20070 events with muon pt outside of [26,200] GeV. Setting those entries to their initial value.
