000 (14752954.001.000) 02/26 16:23:21 Job submitted from host: <188.184.90.62:9618?addrs=188.184.90.62-9618+[2001-1458-201-e4--100-238]-9618&alias=bigbird16.cern.ch&noUDP&sock=schedd_5196_9a2f>
...
040 (14752954.001.000) 02/26 16:27:16 Started transferring input files
	Transferring to host: <188.185.213.223:9618?addrs=188.185.213.223-9618+[2001-1458-303-1b--100-5b]-9618&alias=b9p28p1071.cern.ch&noUDP&sock=slot1_13_3096_2977_199551>
...
040 (14752954.001.000) 02/26 16:27:16 Finished transferring input files
...
001 (14752954.001.000) 02/26 16:27:17 Job executing on host: <188.185.213.223:9618?addrs=188.185.213.223-9618+[2001-1458-303-1b--100-5b]-9618&alias=b9p28p1071.cern.ch&noUDP&sock=startd_2642_c54e>
	SlotName: slot1_13@b9p28p1071.cern.ch
	CondorScratchDir = "/pool/condor/dir_3831059"
	Cpus = 1
	Disk = 3834
	GPUs = 0
	Memory = 3000
...
006 (14752954.001.000) 02/26 16:27:31 Image size of job updated: 174596
	0  -  MemoryUsage of job (MB)
	0  -  ResidentSetSize of job (KB)
...
040 (14752954.001.000) 02/26 16:27:31 Started transferring output files
...
040 (14752954.001.000) 02/26 16:27:31 Finished transferring output files
...
005 (14752954.001.000) 02/26 16:27:31 Job terminated.
	(1) Normal termination (return value 1)
		Usr 0 00:00:04, Sys 0 00:00:01  -  Run Remote Usage
		Usr 0 00:00:00, Sys 0 00:00:00  -  Run Local Usage
		Usr 0 00:00:04, Sys 0 00:00:01  -  Total Remote Usage
		Usr 0 00:00:00, Sys 0 00:00:00  -  Total Local Usage
	10693  -  Run Bytes Sent By Job
	29697  -  Run Bytes Received By Job
	10693  -  Total Bytes Sent By Job
	29697  -  Total Bytes Received By Job
	Partitionable Resources :    Usage  Request Allocated 
	   Cpus                 :        0        1         1 
	   Disk (KB)            :       65       32      3834 
	   GPUs                 :                           0 
	   Memory (MB)          :        0     3000      3000 
	   TimeExecute (s)      :       14                    
	   TimeSlotBusy (s)     :       16                    

	Job terminated of its own accord at 2026-02-26T15:27:31Z with exit-code 1.
...
