000 (14722373.011.000) 02/25 15:24:04 Job submitted from host: <188.184.90.62:9618?addrs=188.184.90.62-9618+[2001-1458-201-e4--100-238]-9618&alias=bigbird16.cern.ch&noUDP&sock=schedd_5196_9a2f>
...
040 (14722373.011.000) 02/25 15:27:13 Started transferring input files
	Transferring to host: <188.185.211.234:9618?addrs=188.185.211.234-9618+[2001-1458-303-17--100-66]-9618&alias=b9p24p9047.cern.ch&noUDP&sock=slot1_11_4118_40e1_169781>
...
040 (14722373.011.000) 02/25 15:27:13 Finished transferring input files
...
001 (14722373.011.000) 02/25 15:27:14 Job executing on host: <188.185.211.234:9618?addrs=188.185.211.234-9618+[2001-1458-303-17--100-66]-9618&alias=b9p24p9047.cern.ch&noUDP&sock=startd_3522_60a5>
	SlotName: slot1_11@b9p24p9047.cern.ch
	CondorScratchDir = "/pool/condor/dir_3468497"
	Cpus = 1
	Disk = 3868
	GPUs = 0
	Memory = 3000
...
006 (14722373.011.000) 02/25 15:27:29 Image size of job updated: 474852
	464  -  MemoryUsage of job (MB)
	474852  -  ResidentSetSize of job (KB)
...
006 (14722373.011.000) 02/25 15:32:30 Image size of job updated: 3028996
	2959  -  MemoryUsage of job (MB)
	3028996  -  ResidentSetSize of job (KB)
...
006 (14722373.011.000) 02/25 15:37:31 Image size of job updated: 3179512
	3104  -  MemoryUsage of job (MB)
	3178392  -  ResidentSetSize of job (KB)
...
040 (14722373.011.000) 02/25 15:38:56 Started transferring output files
...
040 (14722373.011.000) 02/25 15:38:56 Finished transferring output files
...
005 (14722373.011.000) 02/25 15:38:56 Job terminated.
	(1) Normal termination (return value 1)
		Usr 0 00:18:36, Sys 0 00:00:25  -  Run Remote Usage
		Usr 0 00:00:00, Sys 0 00:00:00  -  Run Local Usage
		Usr 0 00:18:36, Sys 0 00:00:25  -  Total Remote Usage
		Usr 0 00:00:00, Sys 0 00:00:00  -  Total Local Usage
	42090  -  Run Bytes Sent By Job
	29665  -  Run Bytes Received By Job
	42090  -  Total Bytes Sent By Job
	29665  -  Total Bytes Received By Job
	Partitionable Resources :    Usage  Request Allocated 
	   Cpus                 :     0.11        1         1 
	   Disk (KB)            :    96          32      3868 
	   GPUs                 :                           0 
	   Memory (MB)          :  3104        3000      3000 
	   TimeExecute (s)      :   702                       
	   TimeSlotBusy (s)     :   704                       

	Job terminated of its own accord at 2026-02-25T14:38:56Z with exit-code 1.
...
