000 (14722373.001.000) 02/25 15:24:03 Job submitted from host: <188.184.90.62:9618?addrs=188.184.90.62-9618+[2001-1458-201-e4--100-238]-9618&alias=bigbird16.cern.ch&noUDP&sock=schedd_5196_9a2f>
...
040 (14722373.001.000) 02/25 15:26:51 Started transferring input files
	Transferring to host: <188.185.196.109:9618?addrs=188.185.196.109-9618+[2001-1458-303-23--100-69]-9618&alias=b9p16p3804.cern.ch&noUDP&sock=slot1_20_3235336_a4e5_50144>
...
040 (14722373.001.000) 02/25 15:26:51 Finished transferring input files
...
001 (14722373.001.000) 02/25 15:26:52 Job executing on host: <188.185.196.109:9618?addrs=188.185.196.109-9618+[2001-1458-303-23--100-69]-9618&alias=b9p16p3804.cern.ch&noUDP&sock=startd_5157_d9fe>
	SlotName: slot1_20@b9p16p3804.cern.ch
	CondorScratchDir = "/pool/condor/dir_2546305"
	Cpus = 1
	Disk = 3845
	GPUs = 0
	Memory = 3000
...
006 (14722373.001.000) 02/25 15:27:06 Image size of job updated: 652976
	638  -  MemoryUsage of job (MB)
	652976  -  ResidentSetSize of job (KB)
...
006 (14722373.001.000) 02/25 15:32:06 Image size of job updated: 3350288
	3198  -  MemoryUsage of job (MB)
	3274380  -  ResidentSetSize of job (KB)
...
006 (14722373.001.000) 02/25 15:36:50 Image size of job updated: 3584416
	3198  -  MemoryUsage of job (MB)
	3274380  -  ResidentSetSize of job (KB)
...
040 (14722373.001.000) 02/25 15:36:50 Started transferring output files
...
040 (14722373.001.000) 02/25 15:36:50 Finished transferring output files
...
005 (14722373.001.000) 02/25 15:36:50 Job terminated.
	(1) Normal termination (return value 1)
		Usr 0 00:25:54, Sys 0 00:00:23  -  Run Remote Usage
		Usr 0 00:00:00, Sys 0 00:00:00  -  Run Local Usage
		Usr 0 00:25:54, Sys 0 00:00:23  -  Total Remote Usage
		Usr 0 00:00:00, Sys 0 00:00:00  -  Total Local Usage
	53809  -  Run Bytes Sent By Job
	29665  -  Run Bytes Received By Job
	53809  -  Total Bytes Sent By Job
	29665  -  Total Bytes Received By Job
	Partitionable Resources :    Usage  Request Allocated 
	   Cpus                 :     2.84        1         1 
	   Disk (KB)            :   107          32      3845 
	   GPUs                 :                           0 
	   Memory (MB)          :  3198        3000      3000 
	   TimeExecute (s)      :   598                       
	   TimeSlotBusy (s)     :   600                       

	Job terminated of its own accord at 2026-02-25T14:36:50Z with exit-code 1.
...
