000 (14729948.006.000) 02/25 17:14:33 Job submitted from host: <188.184.90.62:9618?addrs=188.184.90.62-9618+[2001-1458-201-e4--100-238]-9618&alias=bigbird16.cern.ch&noUDP&sock=schedd_5196_9a2f>
...
040 (14729948.006.000) 02/25 17:18:26 Started transferring input files
	Transferring to host: <188.185.208.184:9618?addrs=188.185.208.184-9618+[2001-1458-303-10--100-35]-9618&alias=b9p10p5676.cern.ch&noUDP&sock=slot1_21_10246_fbda_147924>
...
040 (14729948.006.000) 02/25 17:18:26 Finished transferring input files
...
001 (14729948.006.000) 02/25 17:18:27 Job executing on host: <188.185.208.184:9618?addrs=188.185.208.184-9618+[2001-1458-303-10--100-35]-9618&alias=b9p10p5676.cern.ch&noUDP&sock=startd_9015_1e5f>
	SlotName: slot1_21@b9p10p5676.cern.ch
	CondorScratchDir = "/pool/condor/dir_3737134"
	Cpus = 1
	Disk = 3720
	GPUs = 0
	Memory = 3000
...
006 (14729948.006.000) 02/25 17:18:41 Image size of job updated: 486748
	476  -  MemoryUsage of job (MB)
	486748  -  ResidentSetSize of job (KB)
...
006 (14729948.006.000) 02/25 17:23:16 Image size of job updated: 3055048
	476  -  MemoryUsage of job (MB)
	486768  -  ResidentSetSize of job (KB)
...
040 (14729948.006.000) 02/25 17:23:16 Started transferring output files
...
040 (14729948.006.000) 02/25 17:23:16 Finished transferring output files
...
005 (14729948.006.000) 02/25 17:23:16 Job terminated.
	(1) Normal termination (return value 1)
		Usr 0 00:07:56, Sys 0 00:00:14  -  Run Remote Usage
		Usr 0 00:00:00, Sys 0 00:00:00  -  Run Local Usage
		Usr 0 00:07:56, Sys 0 00:00:14  -  Total Remote Usage
		Usr 0 00:00:00, Sys 0 00:00:00  -  Total Local Usage
	34059  -  Run Bytes Sent By Job
	29052  -  Run Bytes Received By Job
	34059  -  Total Bytes Sent By Job
	29052  -  Total Bytes Received By Job
	Partitionable Resources :    Usage  Request Allocated 
	   Cpus                 :        0        1         1 
	   Disk (KB)            :       90       32      3720 
	   GPUs                 :                           0 
	   Memory (MB)          :      476     3000      3000 
	   TimeExecute (s)      :      289                    
	   TimeSlotBusy (s)     :      291                    

	Job terminated of its own accord at 2026-02-25T16:23:16Z with exit-code 1.
...
