subject   : /DC=ch/DC=cern/OU=Organic Units/OU=Users/CN=driosper/CN=886669/CN=Diego Alejandro Rios Perez/CN=3192939875
issuer    : /DC=ch/DC=cern/OU=Organic Units/OU=Users/CN=driosper/CN=886669/CN=Diego Alejandro Rios Perez
identity  : /DC=ch/DC=cern/OU=Organic Units/OU=Users/CN=driosper/CN=886669/CN=Diego Alejandro Rios Perez
type      : RFC compliant proxy
strength  : 2048 bits
path      : /afs/cern.ch/user/d/driosper/private/x509up_u182284
timeleft  : 11:12:43
key usage : Digital Signature, Key Encipherment
=== VO cms extension information ===
VO        : cms
subject   : /DC=ch/DC=cern/OU=Organic Units/OU=Users/CN=driosper/CN=886669/CN=Diego Alejandro Rios Perez
issuer    : /DC=ch/DC=cern/OU=computers/CN=cms-auth.cern.ch
attribute : /cms/Role=NULL/Capability=NULL
timeleft  : 11:12:43
uri       : voms-cms-auth.cern.ch:15000
--workflow ztoee --year 2022preEE --output_path /eos/user/d/driosper/bsm3g_coffea/outputs/ztoee/2022preEE/DYJetsToLL_inclusive_50 --output_format coffea --dataset DYJetsToLL_inclusive_50_2 --partition_json /srv/partition_fileset.json
  Preprocessing 100% ━━━━━━━━━━━━━━━━ 10/10 [ 0:00:20 < 0:00:00 | 0.6   file/s ]
Merging (local) 100% ━━━━━━━━━━━━━━━━ 10/10 [ 0:00:20 < 0:00:00 | ?   merges/s ]
     Processing   2%                     1/51 [ 0:00:39 < -:--:-- | ?  chunk/s ]
Merging (local)   0% ━━━━━━━━━━━━━━━━━━━  0/0 [ 0:00:02 < 0:00:00 | ? merges/s ]
There are 23953 events with muon pt outside of [26,200] GeV. Setting those entries to their initial value.
There are 23956 events with muon pt outside of [26,200] GeV. Setting those entries to their initial value.
There are 216 nan entries in the corrected pt. This might be due to the number of tracker layers hitting boundaries. Setting those entries to their initial value.
There are 20454 events with muon pt outside of [26,200] GeV. Setting those entries to their initial value.
There are 23829 events with muon pt outside of [26,200] GeV. Setting those entries to their initial value.
There are 23832 events with muon pt outside of [26,200] GeV. Setting those entries to their initial value.
There are 190 nan entries in the corrected pt. This might be due to the number of tracker layers hitting boundaries. Setting those entries to their initial value.
There are 20490 events with muon pt outside of [26,200] GeV. Setting those entries to their initial value.
There are 23000 events with muon pt outside of [26,200] GeV. Setting those entries to their initial value.
There are 23001 events with muon pt outside of [26,200] GeV. Setting those entries to their initial value.
There are 172 nan entries in the corrected pt. This might be due to the number of tracker layers hitting boundaries. Setting those entries to their initial value.
There are 19565 events with muon pt outside of [26,200] GeV. Setting those entries to their initial value.
There are 23106 events with muon pt outside of [26,200] GeV. Setting those entries to their initial value.
There are 23110 events with muon pt outside of [26,200] GeV. Setting those entries to their initial value.
There are 187 nan entries in the corrected pt. This might be due to the number of tracker layers hitting boundaries. Setting those entries to their initial value.
There are 19575 events with muon pt outside of [26,200] GeV. Setting those entries to their initial value.
There are 24608 events with muon pt outside of [26,200] GeV. Setting those entries to their initial value.
There are 24608 events with muon pt outside of [26,200] GeV. Setting those entries to their initial value.
There are 206 nan entries in the corrected pt. This might be due to the number of tracker layers hitting boundaries. Setting those entries to their initial value.
There are 20870 events with muon pt outside of [26,200] GeV. Setting those entries to their initial value.
There are 24435 events with muon pt outside of [26,200] GeV. Setting those entries to their initial value.
There are 24435 events with muon pt outside of [26,200] GeV. Setting those entries to their initial value.
There are 219 nan entries in the corrected pt. This might be due to the number of tracker layers hitting boundaries. Setting those entries to their initial value.
There are 20850 events with muon pt outside of [26,200] GeV. Setting those entries to their initial value.
There are 24339 events with muon pt outside of [26,200] GeV. Setting those entries to their initial value.
There are 24341 events with muon pt outside of [26,200] GeV. Setting those entries to their initial value.
There are 211 nan entries in the corrected pt. This might be due to the number of tracker layers hitting boundaries. Setting those entries to their initial value.
There are 20735 events with muon pt outside of [26,200] GeV. Setting those entries to their initial value.
There are 25348 events with muon pt outside of [26,200] GeV. Setting those entries to their initial value.
There are 25352 events with muon pt outside of [26,200] GeV. Setting those entries to their initial value.
There are 212 nan entries in the corrected pt. This might be due to the number of tracker layers hitting boundaries. Setting those entries to their initial value.
There are 21715 events with muon pt outside of [26,200] GeV. Setting those entries to their initial value.
There are 25491 events with muon pt outside of [26,200] GeV. Setting those entries to their initial value.
There are 25494 events with muon pt outside of [26,200] GeV. Setting those entries to their initial value.
There are 201 nan entries in the corrected pt. This might be due to the number of tracker layers hitting boundaries. Setting those entries to their initial value.
There are 21727 events with muon pt outside of [26,200] GeV. Setting those entries to their initial value.
There are 25413 events with muon pt outside of [26,200] GeV. Setting those entries to their initial value.
There are 25416 events with muon pt outside of [26,200] GeV. Setting those entries to their initial value.
There are 175 nan entries in the corrected pt. This might be due to the number of tracker layers hitting boundaries. Setting those entries to their initial value.
There are 21965 events with muon pt outside of [26,200] GeV. Setting those entries to their initial value.
There are 25658 events with muon pt outside of [26,200] GeV. Setting those entries to their initial value.
There are 25663 events with muon pt outside of [26,200] GeV. Setting those entries to their initial value.
There are 209 nan entries in the corrected pt. This might be due to the number of tracker layers hitting boundaries. Setting those entries to their initial value.
There are 21818 events with muon pt outside of [26,200] GeV. Setting those entries to their initial value.
There are 23392 events with muon pt outside of [26,200] GeV. Setting those entries to their initial value.
There are 23394 events with muon pt outside of [26,200] GeV. Setting those entries to their initial value.
There are 195 nan entries in the corrected pt. This might be due to the number of tracker layers hitting boundaries. Setting those entries to their initial value.
There are 20046 events with muon pt outside of [26,200] GeV. Setting those entries to their initial value.
There are 23953 events with muon pt outside of [26,200] GeV. Setting those entries to their initial value.
There are 23956 events with muon pt outside of [26,200] GeV. Setting those entries to their initial value.
There are 192 nan entries in the corrected pt. This might be due to the number of tracker layers hitting boundaries. Setting those entries to their initial value.
There are 20482 events with muon pt outside of [26,200] GeV. Setting those entries to their initial value.
There are 23753 events with muon pt outside of [26,200] GeV. Setting those entries to their initial value.
There are 23757 events with muon pt outside of [26,200] GeV. Setting those entries to their initial value.
There are 202 nan entries in the corrected pt. This might be due to the number of tracker layers hitting boundaries. Setting those entries to their initial value.
There are 20420 events with muon pt outside of [26,200] GeV. Setting those entries to their initial value.
There are 23144 events with muon pt outside of [26,200] GeV. Setting those entries to their initial value.
There are 23147 events with muon pt outside of [26,200] GeV. Setting those entries to their initial value.
There are 190 nan entries in the corrected pt. This might be due to the number of tracker layers hitting boundaries. Setting those entries to their initial value.
There are 19776 events with muon pt outside of [26,200] GeV. Setting those entries to their initial value.
There are 23141 events with muon pt outside of [26,200] GeV. Setting those entries to their initial value.
There are 23141 events with muon pt outside of [26,200] GeV. Setting those entries to their initial value.
There are 180 nan entries in the corrected pt. This might be due to the number of tracker layers hitting boundaries. Setting those entries to their initial value.
There are 19307 events with muon pt outside of [26,200] GeV. Setting those entries to their initial value.
There are 24233 events with muon pt outside of [26,200] GeV. Setting those entries to their initial value.
There are 24235 events with muon pt outside of [26,200] GeV. Setting those entries to their initial value.
There are 206 nan entries in the corrected pt. This might be due to the number of tracker layers hitting boundaries. Setting those entries to their initial value.
There are 20953 events with muon pt outside of [26,200] GeV. Setting those entries to their initial value.
There are 24207 events with muon pt outside of [26,200] GeV. Setting those entries to their initial value.
There are 24207 events with muon pt outside of [26,200] GeV. Setting those entries to their initial value.
There are 197 nan entries in the corrected pt. This might be due to the number of tracker layers hitting boundaries. Setting those entries to their initial value.
There are 20738 events with muon pt outside of [26,200] GeV. Setting those entries to their initial value.
There are 24285 events with muon pt outside of [26,200] GeV. Setting those entries to their initial value.
There are 24288 events with muon pt outside of [26,200] GeV. Setting those entries to their initial value.
There are 181 nan entries in the corrected pt. This might be due to the number of tracker layers hitting boundaries. Setting those entries to their initial value.
There are 20915 events with muon pt outside of [26,200] GeV. Setting those entries to their initial value.
There are 22473 events with muon pt outside of [26,200] GeV. Setting those entries to their initial value.
There are 22474 events with muon pt outside of [26,200] GeV. Setting those entries to their initial value.
There are 170 nan entries in the corrected pt. This might be due to the number of tracker layers hitting boundaries. Setting those entries to their initial value.
There are 18960 events with muon pt outside of [26,200] GeV. Setting those entries to their initial value.
There are 25487 events with muon pt outside of [26,200] GeV. Setting those entries to their initial value.
There are 25487 events with muon pt outside of [26,200] GeV. Setting those entries to their initial value.
There are 226 nan entries in the corrected pt. This might be due to the number of tracker layers hitting boundaries. Setting those entries to their initial value.
There are 21930 events with muon pt outside of [26,200] GeV. Setting those entries to their initial value.
There are 25765 events with muon pt outside of [26,200] GeV. Setting those entries to their initial value.
There are 25766 events with muon pt outside of [26,200] GeV. Setting those entries to their initial value.
There are 234 nan entries in the corrected pt. This might be due to the number of tracker layers hitting boundaries. Setting those entries to their initial value.
There are 21775 events with muon pt outside of [26,200] GeV. Setting those entries to their initial value.
There are 25725 events with muon pt outside of [26,200] GeV. Setting those entries to their initial value.
There are 25727 events with muon pt outside of [26,200] GeV. Setting those entries to their initial value.
There are 201 nan entries in the corrected pt. This might be due to the number of tracker layers hitting boundaries. Setting those entries to their initial value.
There are 21678 events with muon pt outside of [26,200] GeV. Setting those entries to their initial value.
There are 23318 events with muon pt outside of [26,200] GeV. Setting those entries to their initial value.
There are 23320 events with muon pt outside of [26,200] GeV. Setting those entries to their initial value.
There are 199 nan entries in the corrected pt. This might be due to the number of tracker layers hitting boundaries. Setting those entries to their initial value.
There are 19748 events with muon pt outside of [26,200] GeV. Setting those entries to their initial value.
There are 23425 events with muon pt outside of [26,200] GeV. Setting those entries to their initial value.
There are 23428 events with muon pt outside of [26,200] GeV. Setting those entries to their initial value.
There are 189 nan entries in the corrected pt. This might be due to the number of tracker layers hitting boundaries. Setting those entries to their initial value.
There are 19781 events with muon pt outside of [26,200] GeV. Setting those entries to their initial value.
There are 21420 events with muon pt outside of [26,200] GeV. Setting those entries to their initial value.
There are 21422 events with muon pt outside of [26,200] GeV. Setting those entries to their initial value.
There are 171 nan entries in the corrected pt. This might be due to the number of tracker layers hitting boundaries. Setting those entries to their initial value.
There are 18139 events with muon pt outside of [26,200] GeV. Setting those entries to their initial value.
There are 24165 events with muon pt outside of [26,200] GeV. Setting those entries to their initial value.
There are 24169 events with muon pt outside of [26,200] GeV. Setting those entries to their initial value.
There are 159 nan entries in the corrected pt. This might be due to the number of tracker layers hitting boundaries. Setting those entries to their initial value.
There are 20265 events with muon pt outside of [26,200] GeV. Setting those entries to their initial value.
There are 23078 events with muon pt outside of [26,200] GeV. Setting those entries to their initial value.
There are 23080 events with muon pt outside of [26,200] GeV. Setting those entries to their initial value.
There are 194 nan entries in the corrected pt. This might be due to the number of tracker layers hitting boundaries. Setting those entries to their initial value.
There are 19560 events with muon pt outside of [26,200] GeV. Setting those entries to their initial value.
There are 22743 events with muon pt outside of [26,200] GeV. Setting those entries to their initial value.
There are 22743 events with muon pt outside of [26,200] GeV. Setting those entries to their initial value.
There are 161 nan entries in the corrected pt. This might be due to the number of tracker layers hitting boundaries. Setting those entries to their initial value.
There are 19587 events with muon pt outside of [26,200] GeV. Setting those entries to their initial value.
There are 1062 events with muon pt outside of [26,200] GeV. Setting those entries to their initial value.
There are 1062 events with muon pt outside of [26,200] GeV. Setting those entries to their initial value.
There are 4 nan entries in the corrected pt. This might be due to the number of tracker layers hitting boundaries. Setting those entries to their initial value.
There are 900 events with muon pt outside of [26,200] GeV. Setting those entries to their initial value.
There are 24408 events with muon pt outside of [26,200] GeV. Setting those entries to their initial value.
There are 24409 events with muon pt outside of [26,200] GeV. Setting those entries to their initial value.
There are 220 nan entries in the corrected pt. This might be due to the number of tracker layers hitting boundaries. Setting those entries to their initial value.
There are 20758 events with muon pt outside of [26,200] GeV. Setting those entries to their initial value.
There are 24349 events with muon pt outside of [26,200] GeV. Setting those entries to their initial value.
There are 24350 events with muon pt outside of [26,200] GeV. Setting those entries to their initial value.
There are 185 nan entries in the corrected pt. This might be due to the number of tracker layers hitting boundaries. Setting those entries to their initial value.
There are 20862 events with muon pt outside of [26,200] GeV. Setting those entries to their initial value.
There are 24298 events with muon pt outside of [26,200] GeV. Setting those entries to their initial value.
There are 24299 events with muon pt outside of [26,200] GeV. Setting those entries to their initial value.
There are 214 nan entries in the corrected pt. This might be due to the number of tracker layers hitting boundaries. Setting those entries to their initial value.
There are 20670 events with muon pt outside of [26,200] GeV. Setting those entries to their initial value.
There are 25803 events with muon pt outside of [26,200] GeV. Setting those entries to their initial value.
There are 25809 events with muon pt outside of [26,200] GeV. Setting those entries to their initial value.
There are 202 nan entries in the corrected pt. This might be due to the number of tracker layers hitting boundaries. Setting those entries to their initial value.
There are 21713 events with muon pt outside of [26,200] GeV. Setting those entries to their initial value.
There are 25599 events with muon pt outside of [26,200] GeV. Setting those entries to their initial value.
There are 25600 events with muon pt outside of [26,200] GeV. Setting those entries to their initial value.
There are 214 nan entries in the corrected pt. This might be due to the number of tracker layers hitting boundaries. Setting those entries to their initial value.
There are 21860 events with muon pt outside of [26,200] GeV. Setting those entries to their initial value.
There are 25655 events with muon pt outside of [26,200] GeV. Setting those entries to their initial value.
There are 25657 events with muon pt outside of [26,200] GeV. Setting those entries to their initial value.
There are 207 nan entries in the corrected pt. This might be due to the number of tracker layers hitting boundaries. Setting those entries to their initial value.
There are 21642 events with muon pt outside of [26,200] GeV. Setting those entries to their initial value.
There are 23139 events with muon pt outside of [26,200] GeV. Setting those entries to their initial value.
There are 23144 events with muon pt outside of [26,200] GeV. Setting those entries to their initial value.
There are 197 nan entries in the corrected pt. This might be due to the number of tracker layers hitting boundaries. Setting those entries to their initial value.
There are 19843 events with muon pt outside of [26,200] GeV. Setting those entries to their initial value.
There are 23376 events with muon pt outside of [26,200] GeV. Setting those entries to their initial value.
There are 23376 events with muon pt outside of [26,200] GeV. Setting those entries to their initial value.
There are 192 nan entries in the corrected pt. This might be due to the number of tracker layers hitting boundaries. Setting those entries to their initial value.
There are 19745 events with muon pt outside of [26,200] GeV. Setting those entries to their initial value.
There are 21627 events with muon pt outside of [26,200] GeV. Setting those entries to their initial value.
There are 21628 events with muon pt outside of [26,200] GeV. Setting those entries to their initial value.
There are 189 nan entries in the corrected pt. This might be due to the number of tracker layers hitting boundaries. Setting those entries to their initial value.
There are 18386 events with muon pt outside of [26,200] GeV. Setting those entries to their initial value.
There are 23988 events with muon pt outside of [26,200] GeV. Setting those entries to their initial value.
There are 23993 events with muon pt outside of [26,200] GeV. Setting those entries to their initial value.
There are 205 nan entries in the corrected pt. This might be due to the number of tracker layers hitting boundaries. Setting those entries to their initial value.
There are 20448 events with muon pt outside of [26,200] GeV. Setting those entries to their initial value.
There are 24077 events with muon pt outside of [26,200] GeV. Setting those entries to their initial value.
There are 24079 events with muon pt outside of [26,200] GeV. Setting those entries to their initial value.
There are 193 nan entries in the corrected pt. This might be due to the number of tracker layers hitting boundaries. Setting those entries to their initial value.
There are 20592 events with muon pt outside of [26,200] GeV. Setting those entries to their initial value.
There are 22996 events with muon pt outside of [26,200] GeV. Setting those entries to their initial value.
There are 22998 events with muon pt outside of [26,200] GeV. Setting those entries to their initial value.
There are 181 nan entries in the corrected pt. This might be due to the number of tracker layers hitting boundaries. Setting those entries to their initial value.
There are 19778 events with muon pt outside of [26,200] GeV. Setting those entries to their initial value.
There are 23138 events with muon pt outside of [26,200] GeV. Setting those entries to their initial value.
There are 23139 events with muon pt outside of [26,200] GeV. Setting those entries to their initial value.
There are 199 nan entries in the corrected pt. This might be due to the number of tracker layers hitting boundaries. Setting those entries to their initial value.
There are 19702 events with muon pt outside of [26,200] GeV. Setting those entries to their initial value.
There are 24348 events with muon pt outside of [26,200] GeV. Setting those entries to their initial value.
There are 24352 events with muon pt outside of [26,200] GeV. Setting those entries to their initial value.
There are 183 nan entries in the corrected pt. This might be due to the number of tracker layers hitting boundaries. Setting those entries to their initial value.
There are 20920 events with muon pt outside of [26,200] GeV. Setting those entries to their initial value.
There are 24461 events with muon pt outside of [26,200] GeV. Setting those entries to their initial value.
There are 24463 events with muon pt outside of [26,200] GeV. Setting those entries to their initial value.
There are 170 nan entries in the corrected pt. This might be due to the number of tracker layers hitting boundaries. Setting those entries to their initial value.
There are 20720 events with muon pt outside of [26,200] GeV. Setting those entries to their initial value.
There are 22389 events with muon pt outside of [26,200] GeV. Setting those entries to their initial value.
There are 22389 events with muon pt outside of [26,200] GeV. Setting those entries to their initial value.
There are 192 nan entries in the corrected pt. This might be due to the number of tracker layers hitting boundaries. Setting those entries to their initial value.
There are 18861 events with muon pt outside of [26,200] GeV. Setting those entries to their initial value.
There are 25232 events with muon pt outside of [26,200] GeV. Setting those entries to their initial value.
There are 25233 events with muon pt outside of [26,200] GeV. Setting those entries to their initial value.
There are 242 nan entries in the corrected pt. This might be due to the number of tracker layers hitting boundaries. Setting those entries to their initial value.
There are 21938 events with muon pt outside of [26,200] GeV. Setting those entries to their initial value.
There are 25439 events with muon pt outside of [26,200] GeV. Setting those entries to their initial value.
There are 25442 events with muon pt outside of [26,200] GeV. Setting those entries to their initial value.
There are 202 nan entries in the corrected pt. This might be due to the number of tracker layers hitting boundaries. Setting those entries to their initial value.
There are 21819 events with muon pt outside of [26,200] GeV. Setting those entries to their initial value.
There are 25631 events with muon pt outside of [26,200] GeV. Setting those entries to their initial value.
There are 25632 events with muon pt outside of [26,200] GeV. Setting those entries to their initial value.
There are 188 nan entries in the corrected pt. This might be due to the number of tracker layers hitting boundaries. Setting those entries to their initial value.
There are 21647 events with muon pt outside of [26,200] GeV. Setting those entries to their initial value.
There are 23447 events with muon pt outside of [26,200] GeV. Setting those entries to their initial value.
There are 23450 events with muon pt outside of [26,200] GeV. Setting those entries to their initial value.
There are 182 nan entries in the corrected pt. This might be due to the number of tracker layers hitting boundaries. Setting those entries to their initial value.
There are 19981 events with muon pt outside of [26,200] GeV. Setting those entries to their initial value.
There are 23277 events with muon pt outside of [26,200] GeV. Setting those entries to their initial value.
There are 23280 events with muon pt outside of [26,200] GeV. Setting those entries to their initial value.
There are 197 nan entries in the corrected pt. This might be due to the number of tracker layers hitting boundaries. Setting those entries to their initial value.
There are 19807 events with muon pt outside of [26,200] GeV. Setting those entries to their initial value.
