000 (14737668.000.000) 02/25 20:32:30 Job submitted from host: <188.184.90.62:9618?addrs=188.184.90.62-9618+[2001-1458-201-e4--100-238]-9618&alias=bigbird16.cern.ch&noUDP&sock=schedd_5196_9a2f>
...
040 (14737668.000.000) 02/25 20:36:05 Started transferring input files
	Transferring to host: <188.185.212.174:9618?addrs=188.185.212.174-9618+[2001-1458-303-19--100-2a]-9618&alias=b9p26p1194.cern.ch&noUDP&sock=slot1_3_6820_0e8e_175154>
...
040 (14737668.000.000) 02/25 20:36:05 Finished transferring input files
...
001 (14737668.000.000) 02/25 20:36:06 Job executing on host: <188.185.212.174:9618?addrs=188.185.212.174-9618+[2001-1458-303-19--100-2a]-9618&alias=b9p26p1194.cern.ch&noUDP&sock=startd_5867_da3c>
	SlotName: slot1_3@b9p26p1194.cern.ch
	CondorScratchDir = "/pool/condor/dir_1499226"
	Cpus = 1
	Disk = 3883
	GPUs = 0
	Memory = 3000
...
006 (14737668.000.000) 02/25 20:36:21 Image size of job updated: 79708
	78  -  MemoryUsage of job (MB)
	79708  -  ResidentSetSize of job (KB)
...
006 (14737668.000.000) 02/25 20:40:27 Image size of job updated: 2765128
	78  -  MemoryUsage of job (MB)
	79708  -  ResidentSetSize of job (KB)
...
040 (14737668.000.000) 02/25 20:40:27 Started transferring output files
...
040 (14737668.000.000) 02/25 20:40:27 Finished transferring output files
...
005 (14737668.000.000) 02/25 20:40:27 Job terminated.
	(1) Normal termination (return value 1)
		Usr 0 00:08:23, Sys 0 00:00:15  -  Run Remote Usage
		Usr 0 00:00:00, Sys 0 00:00:00  -  Run Local Usage
		Usr 0 00:08:23, Sys 0 00:00:15  -  Total Remote Usage
		Usr 0 00:00:00, Sys 0 00:00:00  -  Total Local Usage
	26614  -  Run Bytes Sent By Job
	29697  -  Run Bytes Received By Job
	26614  -  Total Bytes Sent By Job
	29697  -  Total Bytes Received By Job
	Partitionable Resources :    Usage  Request Allocated 
	   Cpus                 :        0        1         1 
	   Disk (KB)            :       81       32      3883 
	   GPUs                 :                           0 
	   Memory (MB)          :       78     3000      3000 
	   TimeExecute (s)      :      261                    
	   TimeSlotBusy (s)     :      263                    

	Job terminated of its own accord at 2026-02-25T19:40:27Z with exit-code 1.
...
