subject   : /DC=ch/DC=cern/OU=Organic Units/OU=Users/CN=driosper/CN=886669/CN=Diego Alejandro Rios Perez/CN=1573519443
issuer    : /DC=ch/DC=cern/OU=Organic Units/OU=Users/CN=driosper/CN=886669/CN=Diego Alejandro Rios Perez
identity  : /DC=ch/DC=cern/OU=Organic Units/OU=Users/CN=driosper/CN=886669/CN=Diego Alejandro Rios Perez
type      : RFC compliant proxy
strength  : 2048 bits
path      : /afs/cern.ch/user/d/driosper/private/x509up_u182284
timeleft  : 11:50:00
key usage : Digital Signature, Key Encipherment
=== VO cms extension information ===
VO        : cms
subject   : /DC=ch/DC=cern/OU=Organic Units/OU=Users/CN=driosper/CN=886669/CN=Diego Alejandro Rios Perez
issuer    : /DC=ch/DC=cern/OU=computers/CN=cms-auth.cern.ch
attribute : /cms/Role=NULL/Capability=NULL
timeleft  : 11:50:00
uri       : voms-cms-auth.cern.ch:15000
--workflow ztoee --year 2022preEE --output_path /eos/user/d/driosper/bsm3g_coffea/outputs/ztoee/2022preEE/DYJetsToLL_inclusive_50 --output_format coffea --dataset DYJetsToLL_inclusive_50_1 --partition_json /srv/partition_fileset.json
  Preprocessing 100% ━━━━━━━━━━━━━━━━ 10/10 [ 0:00:16 < 0:00:00 | 0.7   file/s ]
Merging (local) 100% ━━━━━━━━━━━━━━━━ 10/10 [ 0:00:16 < 0:00:00 | ?   merges/s ]
     Processing   4% ╸                   1/27 [ 0:00:41 < -:--:-- | ?  chunk/s ]
Merging (local)   0% ━━━━━━━━━━━━━━━━━━━  0/0 [ 0:00:02 < 0:00:00 | ? merges/s ]
There are 25483 events with muon pt outside of [26,200] GeV. Setting those entries to their initial value.
There are 25485 events with muon pt outside of [26,200] GeV. Setting those entries to their initial value.
There are 193 nan entries in the corrected pt. This might be due to the number of tracker layers hitting boundaries. Setting those entries to their initial value.
There are 21674 events with muon pt outside of [26,200] GeV. Setting those entries to their initial value.
There are 25473 events with muon pt outside of [26,200] GeV. Setting those entries to their initial value.
There are 25476 events with muon pt outside of [26,200] GeV. Setting those entries to their initial value.
There are 213 nan entries in the corrected pt. This might be due to the number of tracker layers hitting boundaries. Setting those entries to their initial value.
There are 21756 events with muon pt outside of [26,200] GeV. Setting those entries to their initial value.
There are 23538 events with muon pt outside of [26,200] GeV. Setting those entries to their initial value.
There are 23539 events with muon pt outside of [26,200] GeV. Setting those entries to their initial value.
There are 190 nan entries in the corrected pt. This might be due to the number of tracker layers hitting boundaries. Setting those entries to their initial value.
There are 19813 events with muon pt outside of [26,200] GeV. Setting those entries to their initial value.
There are 23421 events with muon pt outside of [26,200] GeV. Setting those entries to their initial value.
There are 23422 events with muon pt outside of [26,200] GeV. Setting those entries to their initial value.
There are 194 nan entries in the corrected pt. This might be due to the number of tracker layers hitting boundaries. Setting those entries to their initial value.
There are 20099 events with muon pt outside of [26,200] GeV. Setting those entries to their initial value.
There are 26725 events with muon pt outside of [26,200] GeV. Setting those entries to their initial value.
There are 26726 events with muon pt outside of [26,200] GeV. Setting those entries to their initial value.
There are 200 nan entries in the corrected pt. This might be due to the number of tracker layers hitting boundaries. Setting those entries to their initial value.
There are 22518 events with muon pt outside of [26,200] GeV. Setting those entries to their initial value.
There are 27958 events with muon pt outside of [26,200] GeV. Setting those entries to their initial value.
There are 27961 events with muon pt outside of [26,200] GeV. Setting those entries to their initial value.
There are 231 nan entries in the corrected pt. This might be due to the number of tracker layers hitting boundaries. Setting those entries to their initial value.
There are 23911 events with muon pt outside of [26,200] GeV. Setting those entries to their initial value.
There are 25663 events with muon pt outside of [26,200] GeV. Setting those entries to their initial value.
There are 25669 events with muon pt outside of [26,200] GeV. Setting those entries to their initial value.
There are 237 nan entries in the corrected pt. This might be due to the number of tracker layers hitting boundaries. Setting those entries to their initial value.
There are 21957 events with muon pt outside of [26,200] GeV. Setting those entries to their initial value.
There are 25818 events with muon pt outside of [26,200] GeV. Setting those entries to their initial value.
There are 25820 events with muon pt outside of [26,200] GeV. Setting those entries to their initial value.
There are 192 nan entries in the corrected pt. This might be due to the number of tracker layers hitting boundaries. Setting those entries to their initial value.
There are 21779 events with muon pt outside of [26,200] GeV. Setting those entries to their initial value.
There are 23580 events with muon pt outside of [26,200] GeV. Setting those entries to their initial value.
There are 23585 events with muon pt outside of [26,200] GeV. Setting those entries to their initial value.
There are 194 nan entries in the corrected pt. This might be due to the number of tracker layers hitting boundaries. Setting those entries to their initial value.
There are 20082 events with muon pt outside of [26,200] GeV. Setting those entries to their initial value.
There are 23453 events with muon pt outside of [26,200] GeV. Setting those entries to their initial value.
There are 23454 events with muon pt outside of [26,200] GeV. Setting those entries to their initial value.
There are 209 nan entries in the corrected pt. This might be due to the number of tracker layers hitting boundaries. Setting those entries to their initial value.
There are 20079 events with muon pt outside of [26,200] GeV. Setting those entries to their initial value.
There are 23540 events with muon pt outside of [26,200] GeV. Setting those entries to their initial value.
There are 23540 events with muon pt outside of [26,200] GeV. Setting those entries to their initial value.
There are 179 nan entries in the corrected pt. This might be due to the number of tracker layers hitting boundaries. Setting those entries to their initial value.
There are 20136 events with muon pt outside of [26,200] GeV. Setting those entries to their initial value.
There are 26539 events with muon pt outside of [26,200] GeV. Setting those entries to their initial value.
There are 26540 events with muon pt outside of [26,200] GeV. Setting those entries to their initial value.
There are 204 nan entries in the corrected pt. This might be due to the number of tracker layers hitting boundaries. Setting those entries to their initial value.
There are 22511 events with muon pt outside of [26,200] GeV. Setting those entries to their initial value.
There are 176 events with muon pt outside of [26,200] GeV. Setting those entries to their initial value.
There are 176 events with muon pt outside of [26,200] GeV. Setting those entries to their initial value.
There are 137 events with muon pt outside of [26,200] GeV. Setting those entries to their initial value.
There are 25319 events with muon pt outside of [26,200] GeV. Setting those entries to their initial value.
There are 25321 events with muon pt outside of [26,200] GeV. Setting those entries to their initial value.
There are 206 nan entries in the corrected pt. This might be due to the number of tracker layers hitting boundaries. Setting those entries to their initial value.
There are 21602 events with muon pt outside of [26,200] GeV. Setting those entries to their initial value.
There are 25775 events with muon pt outside of [26,200] GeV. Setting those entries to their initial value.
There are 25779 events with muon pt outside of [26,200] GeV. Setting those entries to their initial value.
There are 218 nan entries in the corrected pt. This might be due to the number of tracker layers hitting boundaries. Setting those entries to their initial value.
There are 21658 events with muon pt outside of [26,200] GeV. Setting those entries to their initial value.
There are 23220 events with muon pt outside of [26,200] GeV. Setting those entries to their initial value.
There are 23224 events with muon pt outside of [26,200] GeV. Setting those entries to their initial value.
There are 225 nan entries in the corrected pt. This might be due to the number of tracker layers hitting boundaries. Setting those entries to their initial value.
There are 20162 events with muon pt outside of [26,200] GeV. Setting those entries to their initial value.
There are 23360 events with muon pt outside of [26,200] GeV. Setting those entries to their initial value.
There are 23361 events with muon pt outside of [26,200] GeV. Setting those entries to their initial value.
There are 199 nan entries in the corrected pt. This might be due to the number of tracker layers hitting boundaries. Setting those entries to their initial value.
There are 19762 events with muon pt outside of [26,200] GeV. Setting those entries to their initial value.
There are 26562 events with muon pt outside of [26,200] GeV. Setting those entries to their initial value.
There are 26563 events with muon pt outside of [26,200] GeV. Setting those entries to their initial value.
There are 215 nan entries in the corrected pt. This might be due to the number of tracker layers hitting boundaries. Setting those entries to their initial value.
There are 22690 events with muon pt outside of [26,200] GeV. Setting those entries to their initial value.
There are 17792 events with muon pt outside of [26,200] GeV. Setting those entries to their initial value.
There are 17792 events with muon pt outside of [26,200] GeV. Setting those entries to their initial value.
There are 155 nan entries in the corrected pt. This might be due to the number of tracker layers hitting boundaries. Setting those entries to their initial value.
There are 15377 events with muon pt outside of [26,200] GeV. Setting those entries to their initial value.
There are 1347 events with muon pt outside of [26,200] GeV. Setting those entries to their initial value.
There are 1347 events with muon pt outside of [26,200] GeV. Setting those entries to their initial value.
There are 12 nan entries in the corrected pt. This might be due to the number of tracker layers hitting boundaries. Setting those entries to their initial value.
There are 1210 events with muon pt outside of [26,200] GeV. Setting those entries to their initial value.
There are 25611 events with muon pt outside of [26,200] GeV. Setting those entries to their initial value.
There are 25613 events with muon pt outside of [26,200] GeV. Setting those entries to their initial value.
There are 200 nan entries in the corrected pt. This might be due to the number of tracker layers hitting boundaries. Setting those entries to their initial value.
There are 22029 events with muon pt outside of [26,200] GeV. Setting those entries to their initial value.
There are 25595 events with muon pt outside of [26,200] GeV. Setting those entries to their initial value.
There are 25600 events with muon pt outside of [26,200] GeV. Setting those entries to their initial value.
There are 196 nan entries in the corrected pt. This might be due to the number of tracker layers hitting boundaries. Setting those entries to their initial value.
There are 21702 events with muon pt outside of [26,200] GeV. Setting those entries to their initial value.
There are 665 events with muon pt outside of [26,200] GeV. Setting those entries to their initial value.
There are 665 events with muon pt outside of [26,200] GeV. Setting those entries to their initial value.
There are 10 nan entries in the corrected pt. This might be due to the number of tracker layers hitting boundaries. Setting those entries to their initial value.
There are 592 events with muon pt outside of [26,200] GeV. Setting those entries to their initial value.
There are 23395 events with muon pt outside of [26,200] GeV. Setting those entries to their initial value.
There are 23399 events with muon pt outside of [26,200] GeV. Setting those entries to their initial value.
There are 191 nan entries in the corrected pt. This might be due to the number of tracker layers hitting boundaries. Setting those entries to their initial value.
There are 19905 events with muon pt outside of [26,200] GeV. Setting those entries to their initial value.
There are 170 events with muon pt outside of [26,200] GeV. Setting those entries to their initial value.
There are 170 events with muon pt outside of [26,200] GeV. Setting those entries to their initial value.
There are 176 events with muon pt outside of [26,200] GeV. Setting those entries to their initial value.
There are 26847 events with muon pt outside of [26,200] GeV. Setting those entries to their initial value.
There are 26848 events with muon pt outside of [26,200] GeV. Setting those entries to their initial value.
There are 208 nan entries in the corrected pt. This might be due to the number of tracker layers hitting boundaries. Setting those entries to their initial value.
There are 22675 events with muon pt outside of [26,200] GeV. Setting those entries to their initial value.
There are 4719 events with muon pt outside of [26,200] GeV. Setting those entries to their initial value.
There are 4719 events with muon pt outside of [26,200] GeV. Setting those entries to their initial value.
There are 39 nan entries in the corrected pt. This might be due to the number of tracker layers hitting boundaries. Setting those entries to their initial value.
There are 3981 events with muon pt outside of [26,200] GeV. Setting those entries to their initial value.
