000 (14737668.009.000) 02/25 20:32:30 Job submitted from host: <188.184.90.62:9618?addrs=188.184.90.62-9618+[2001-1458-201-e4--100-238]-9618&alias=bigbird16.cern.ch&noUDP&sock=schedd_5196_9a2f>
...
040 (14737668.009.000) 02/25 20:36:08 Started transferring input files
	Transferring to host: <188.185.212.83:9618?addrs=188.185.212.83-9618+[2001-1458-303-18--100-4f]-9618&alias=b9p25p7437.cern.ch&noUDP&sock=slot1_23_5518_ae19_169536>
...
040 (14737668.009.000) 02/25 20:36:08 Finished transferring input files
...
001 (14737668.009.000) 02/25 20:36:09 Job executing on host: <188.185.212.83:9618?addrs=188.185.212.83-9618+[2001-1458-303-18--100-4f]-9618&alias=b9p25p7437.cern.ch&noUDP&sock=startd_4557_4d2b>
	SlotName: slot1_23@b9p25p7437.cern.ch
	CondorScratchDir = "/pool/condor/dir_796242"
	Cpus = 1
	Disk = 3872
	GPUs = 0
	Memory = 3000
...
006 (14737668.009.000) 02/25 20:36:24 Image size of job updated: 60864
	60  -  MemoryUsage of job (MB)
	60864  -  ResidentSetSize of job (KB)
...
006 (14737668.009.000) 02/25 20:41:25 Image size of job updated: 3243336
	3168  -  MemoryUsage of job (MB)
	3243164  -  ResidentSetSize of job (KB)
...
006 (14737668.009.000) 02/25 20:46:25 Image size of job updated: 3282780
	3196  -  MemoryUsage of job (MB)
	3272220  -  ResidentSetSize of job (KB)
...
006 (14737668.009.000) 02/25 21:00:03 Image size of job updated: 3469972
	3196  -  MemoryUsage of job (MB)
	3272220  -  ResidentSetSize of job (KB)
...
040 (14737668.009.000) 02/25 21:00:03 Started transferring output files
...
040 (14737668.009.000) 02/25 21:00:04 Finished transferring output files
...
005 (14737668.009.000) 02/25 21:00:04 Job terminated.
	(1) Normal termination (return value 1)
		Usr 0 00:26:06, Sys 0 00:00:48  -  Run Remote Usage
		Usr 0 00:00:00, Sys 0 00:00:00  -  Run Local Usage
		Usr 0 00:26:06, Sys 0 00:00:48  -  Total Remote Usage
		Usr 0 00:00:00, Sys 0 00:00:00  -  Total Local Usage
	53802  -  Run Bytes Sent By Job
	29697  -  Run Bytes Received By Job
	53802  -  Total Bytes Sent By Job
	29697  -  Total Bytes Received By Job
	Partitionable Resources :    Usage  Request Allocated 
	   Cpus                 :     2.18        1         1 
	   Disk (KB)            :   108          32      3872 
	   GPUs                 :                           0 
	   Memory (MB)          :  3196        3000      3000 
	   TimeExecute (s)      :  1434                       
	   TimeSlotBusy (s)     :  1437                       

	Job terminated of its own accord at 2026-02-25T20:00:03Z with exit-code 1.
...
