000 (14752954.010.000) 02/26 16:23:21 Job submitted from host: <188.184.90.62:9618?addrs=188.184.90.62-9618+[2001-1458-201-e4--100-238]-9618&alias=bigbird16.cern.ch&noUDP&sock=schedd_5196_9a2f>
...
040 (14752954.010.000) 02/26 16:27:18 Started transferring input files
	Transferring to host: <188.185.214.52:9618?addrs=188.185.214.52-9618+[2001-1458-303-1c--100-30]-9618&alias=b9p29p8321.cern.ch&noUDP&sock=slot1_31_163493_5bd1_104574>
...
040 (14752954.010.000) 02/26 16:27:19 Finished transferring input files
...
001 (14752954.010.000) 02/26 16:27:20 Job executing on host: <188.185.214.52:9618?addrs=188.185.214.52-9618+[2001-1458-303-1c--100-30]-9618&alias=b9p29p8321.cern.ch&noUDP&sock=startd_3427_3726>
	SlotName: slot1_31@b9p29p8321.cern.ch
	CondorScratchDir = "/pool/condor/dir_630407"
	Cpus = 1
	Disk = 3887
	GPUs = 0
	Memory = 3000
...
006 (14752954.010.000) 02/26 16:27:33 Image size of job updated: 564604
	552  -  MemoryUsage of job (MB)
	564604  -  ResidentSetSize of job (KB)
...
006 (14752954.010.000) 02/26 16:27:34 Image size of job updated: 564668
	552  -  MemoryUsage of job (MB)
	564668  -  ResidentSetSize of job (KB)
...
040 (14752954.010.000) 02/26 16:27:34 Started transferring output files
...
040 (14752954.010.000) 02/26 16:27:34 Finished transferring output files
...
005 (14752954.010.000) 02/26 16:27:34 Job terminated.
	(1) Normal termination (return value 1)
		Usr 0 00:00:05, Sys 0 00:00:02  -  Run Remote Usage
		Usr 0 00:00:00, Sys 0 00:00:00  -  Run Local Usage
		Usr 0 00:00:05, Sys 0 00:00:02  -  Total Remote Usage
		Usr 0 00:00:00, Sys 0 00:00:00  -  Total Local Usage
	10668  -  Run Bytes Sent By Job
	29697  -  Run Bytes Received By Job
	10668  -  Total Bytes Sent By Job
	29697  -  Total Bytes Received By Job
	Partitionable Resources :    Usage  Request Allocated 
	   Cpus                 :        0        1         1 
	   Disk (KB)            :       65       32      3887 
	   GPUs                 :                           0 
	   Memory (MB)          :      552     3000      3000 
	   TimeExecute (s)      :       14                    
	   TimeSlotBusy (s)     :       17                    

	Job terminated of its own accord at 2026-02-26T15:27:34Z with exit-code 1.
...
