000 (14729948.000.000) 02/25 17:14:33 Job submitted from host: <188.184.90.62:9618?addrs=188.184.90.62-9618+[2001-1458-201-e4--100-238]-9618&alias=bigbird16.cern.ch&noUDP&sock=schedd_5196_9a2f>
...
040 (14729948.000.000) 02/25 17:18:24 Started transferring input files
	Transferring to host: <188.185.213.193:9618?addrs=188.185.213.193-9618+[2001-1458-303-1b--100-3d]-9618&alias=b9p28p6761.cern.ch&noUDP&sock=slot1_20_7044_e298_207530>
...
040 (14729948.000.000) 02/25 17:18:24 Finished transferring input files
...
001 (14729948.000.000) 02/25 17:18:25 Job executing on host: <188.185.213.193:9618?addrs=188.185.213.193-9618+[2001-1458-303-1b--100-3d]-9618&alias=b9p28p6761.cern.ch&noUDP&sock=startd_6222_5a5b>
	SlotName: slot1_20@b9p28p6761.cern.ch
	CondorScratchDir = "/pool/condor/dir_1902020"
	Cpus = 1
	Disk = 3850
	GPUs = 0
	Memory = 3000
...
006 (14729948.000.000) 02/25 17:18:39 Image size of job updated: 479704
	469  -  MemoryUsage of job (MB)
	479704  -  ResidentSetSize of job (KB)
...
006 (14729948.000.000) 02/25 17:23:06 Image size of job updated: 2699820
	469  -  MemoryUsage of job (MB)
	479704  -  ResidentSetSize of job (KB)
...
040 (14729948.000.000) 02/25 17:23:07 Started transferring output files
...
040 (14729948.000.000) 02/25 17:23:07 Finished transferring output files
...
005 (14729948.000.000) 02/25 17:23:07 Job terminated.
	(1) Normal termination (return value 1)
		Usr 0 00:08:15, Sys 0 00:00:18  -  Run Remote Usage
		Usr 0 00:00:00, Sys 0 00:00:00  -  Run Local Usage
		Usr 0 00:08:15, Sys 0 00:00:18  -  Total Remote Usage
		Usr 0 00:00:00, Sys 0 00:00:00  -  Total Local Usage
	26496  -  Run Bytes Sent By Job
	29052  -  Run Bytes Received By Job
	26496  -  Total Bytes Sent By Job
	29052  -  Total Bytes Received By Job
	Partitionable Resources :    Usage  Request Allocated 
	   Cpus                 :        0        1         1 
	   Disk (KB)            :       80       32      3850 
	   GPUs                 :                           0 
	   Memory (MB)          :      469     3000      3000 
	   TimeExecute (s)      :      281                    
	   TimeSlotBusy (s)     :      284                    

	Job terminated of its own accord at 2026-02-25T16:23:06Z with exit-code 1.
...
