000 (14722373.007.000) 02/25 15:24:04 Job submitted from host: <188.184.90.62:9618?addrs=188.184.90.62-9618+[2001-1458-201-e4--100-238]-9618&alias=bigbird16.cern.ch&noUDP&sock=schedd_5196_9a2f>
...
040 (14722373.007.000) 02/25 15:26:53 Started transferring input files
	Transferring to host: <188.185.210.165:9618?addrs=188.185.210.165-9618+[2001-1458-303-15--100-21]-9618&alias=b9p22p6122.cern.ch&noUDP&sock=slot1_13_6357_d4dc_171180>
...
040 (14722373.007.000) 02/25 15:26:53 Finished transferring input files
...
001 (14722373.007.000) 02/25 15:26:54 Job executing on host: <188.185.210.165:9618?addrs=188.185.210.165-9618+[2001-1458-303-15--100-21]-9618&alias=b9p22p6122.cern.ch&noUDP&sock=startd_5553_797f>
	SlotName: slot1_13@b9p22p6122.cern.ch
	CondorScratchDir = "/pool/condor/dir_97269"
	Cpus = 1
	Disk = 3790
	GPUs = 0
	Memory = 3000
...
006 (14722373.007.000) 02/25 15:27:08 Image size of job updated: 469360
	459  -  MemoryUsage of job (MB)
	469360  -  ResidentSetSize of job (KB)
...
006 (14722373.007.000) 02/25 15:32:09 Image size of job updated: 2653480
	2592  -  MemoryUsage of job (MB)
	2653480  -  ResidentSetSize of job (KB)
...
006 (14722373.007.000) 02/25 15:36:08 Image size of job updated: 3230888
	2592  -  MemoryUsage of job (MB)
	2653480  -  ResidentSetSize of job (KB)
...
040 (14722373.007.000) 02/25 15:36:08 Started transferring output files
...
040 (14722373.007.000) 02/25 15:36:08 Finished transferring output files
...
005 (14722373.007.000) 02/25 15:36:08 Job terminated.
	(1) Normal termination (return value 1)
		Usr 0 00:15:45, Sys 0 00:00:38  -  Run Remote Usage
		Usr 0 00:00:00, Sys 0 00:00:00  -  Run Local Usage
		Usr 0 00:15:45, Sys 0 00:00:38  -  Total Remote Usage
		Usr 0 00:00:00, Sys 0 00:00:00  -  Total Local Usage
	42319  -  Run Bytes Sent By Job
	29665  -  Run Bytes Received By Job
	42319  -  Total Bytes Sent By Job
	29665  -  Total Bytes Received By Job
	Partitionable Resources :    Usage  Request Allocated 
	   Cpus                 :     3.13        1         1 
	   Disk (KB)            :    97          32      3790 
	   GPUs                 :                           0 
	   Memory (MB)          :  2592        3000      3000 
	   TimeExecute (s)      :   554                       
	   TimeSlotBusy (s)     :   556                       

	Job terminated of its own accord at 2026-02-25T14:36:08Z with exit-code 1.
...
