000 (14722373.008.000) 02/25 15:24:04 Job submitted from host: <188.184.90.62:9618?addrs=188.184.90.62-9618+[2001-1458-201-e4--100-238]-9618&alias=bigbird16.cern.ch&noUDP&sock=schedd_5196_9a2f>
...
040 (14722373.008.000) 02/25 15:26:53 Started transferring input files
	Transferring to host: <128.142.192.198:9618?addrs=128.142.192.198-9618+[2001-1458-301-56--100-42]-9618&alias=b9g18p5254.cern.ch&noUDP&sock=slot1_7_3973_167b_166486>
...
040 (14722373.008.000) 02/25 15:26:53 Finished transferring input files
...
001 (14722373.008.000) 02/25 15:26:54 Job executing on host: <128.142.192.198:9618?addrs=128.142.192.198-9618+[2001-1458-301-56--100-42]-9618&alias=b9g18p5254.cern.ch&noUDP&sock=startd_3091_bf54>
	SlotName: slot1_7@b9g18p5254.cern.ch
	CondorScratchDir = "/pool/condor/dir_734471"
	Cpus = 1
	Disk = 3923
	GPUs = 0
	Memory = 3000
...
006 (14722373.008.000) 02/25 15:27:08 Image size of job updated: 58524
	58  -  MemoryUsage of job (MB)
	58524  -  ResidentSetSize of job (KB)
...
006 (14722373.008.000) 02/25 15:32:09 Image size of job updated: 2693032
	2622  -  MemoryUsage of job (MB)
	2684288  -  ResidentSetSize of job (KB)
...
006 (14722373.008.000) 02/25 15:37:09 Image size of job updated: 3027304
	2957  -  MemoryUsage of job (MB)
	3027304  -  ResidentSetSize of job (KB)
...
006 (14722373.008.000) 02/25 15:39:25 Image size of job updated: 3271100
	2957  -  MemoryUsage of job (MB)
	3027304  -  ResidentSetSize of job (KB)
...
040 (14722373.008.000) 02/25 15:39:25 Started transferring output files
...
040 (14722373.008.000) 02/25 15:39:25 Finished transferring output files
...
005 (14722373.008.000) 02/25 15:39:26 Job terminated.
	(1) Normal termination (return value 1)
		Usr 0 00:27:26, Sys 0 00:00:30  -  Run Remote Usage
		Usr 0 00:00:00, Sys 0 00:00:00  -  Run Local Usage
		Usr 0 00:27:26, Sys 0 00:00:30  -  Total Remote Usage
		Usr 0 00:00:00, Sys 0 00:00:00  -  Total Local Usage
	40878  -  Run Bytes Sent By Job
	29665  -  Run Bytes Received By Job
	40878  -  Total Bytes Sent By Job
	29665  -  Total Bytes Received By Job
	Partitionable Resources :    Usage  Request Allocated 
	   Cpus                 :     0.93        1         1 
	   Disk (KB)            :    95          32      3923 
	   GPUs                 :                           0 
	   Memory (MB)          :  2957        3000      3000 
	   TimeExecute (s)      :   751                       
	   TimeSlotBusy (s)     :   753                       

	Job terminated of its own accord at 2026-02-25T14:39:25Z with exit-code 1.
...
