000 (14752954.006.000) 02/26 16:23:21 Job submitted from host: <188.184.90.62:9618?addrs=188.184.90.62-9618+[2001-1458-201-e4--100-238]-9618&alias=bigbird16.cern.ch&noUDP&sock=schedd_5196_9a2f>
...
040 (14752954.006.000) 02/26 16:27:17 Started transferring input files
	Transferring to host: <188.185.209.157:9618?addrs=188.185.209.157-9618+[2001-1458-303-12--100-1a]-9618&alias=b9p12p8632.cern.ch&noUDP&sock=slot1_23_5933_15ca_154756>
...
040 (14752954.006.000) 02/26 16:27:18 Finished transferring input files
...
001 (14752954.006.000) 02/26 16:27:19 Job executing on host: <188.185.209.157:9618?addrs=188.185.209.157-9618+[2001-1458-303-12--100-1a]-9618&alias=b9p12p8632.cern.ch&noUDP&sock=startd_4869_4eb7>
	SlotName: slot1_23@b9p12p8632.cern.ch
	CondorScratchDir = "/pool/condor/dir_2860493"
	Cpus = 1
	Disk = 3635
	GPUs = 0
	Memory = 3000
...
006 (14752954.006.000) 02/26 16:27:32 Image size of job updated: 525080
	513  -  MemoryUsage of job (MB)
	525080  -  ResidentSetSize of job (KB)
...
006 (14752954.006.000) 02/26 16:27:33 Image size of job updated: 525224
	513  -  MemoryUsage of job (MB)
	525224  -  ResidentSetSize of job (KB)
...
040 (14752954.006.000) 02/26 16:27:33 Started transferring output files
...
040 (14752954.006.000) 02/26 16:27:33 Finished transferring output files
...
005 (14752954.006.000) 02/26 16:27:34 Job terminated.
	(1) Normal termination (return value 1)
		Usr 0 00:00:05, Sys 0 00:00:02  -  Run Remote Usage
		Usr 0 00:00:00, Sys 0 00:00:00  -  Run Local Usage
		Usr 0 00:00:05, Sys 0 00:00:02  -  Total Remote Usage
		Usr 0 00:00:00, Sys 0 00:00:00  -  Total Local Usage
	10890  -  Run Bytes Sent By Job
	29697  -  Run Bytes Received By Job
	10890  -  Total Bytes Sent By Job
	29697  -  Total Bytes Received By Job
	Partitionable Resources :    Usage  Request Allocated 
	   Cpus                 :        0        1         1 
	   Disk (KB)            :       68       32      3635 
	   GPUs                 :                           0 
	   Memory (MB)          :      513     3000      3000 
	   TimeExecute (s)      :       14                    
	   TimeSlotBusy (s)     :       17                    

	Job terminated of its own accord at 2026-02-26T15:27:33Z with exit-code 1.
...
