000 (14752954.011.000) 02/26 16:23:21 Job submitted from host: <188.184.90.62:9618?addrs=188.184.90.62-9618+[2001-1458-201-e4--100-238]-9618&alias=bigbird16.cern.ch&noUDP&sock=schedd_5196_9a2f>
...
040 (14752954.011.000) 02/26 16:27:18 Started transferring input files
	Transferring to host: <188.185.214.48:9618?addrs=188.185.214.48-9618+[2001-1458-303-1c--100-2c]-9618&alias=b9p29p4214.cern.ch&noUDP&sock=slot1_20_4483_6dcf_206015>
...
040 (14752954.011.000) 02/26 16:27:18 Finished transferring input files
...
001 (14752954.011.000) 02/26 16:27:20 Job executing on host: <188.185.214.48:9618?addrs=188.185.214.48-9618+[2001-1458-303-1c--100-2c]-9618&alias=b9p29p4214.cern.ch&noUDP&sock=startd_3713_633c>
	SlotName: slot1_20@b9p29p4214.cern.ch
	CondorScratchDir = "/pool/condor/dir_1227564"
	Cpus = 1
	Disk = 3830
	GPUs = 0
	Memory = 3000
...
006 (14752954.011.000) 02/26 16:27:33 Image size of job updated: 175564
	0  -  MemoryUsage of job (MB)
	0  -  ResidentSetSize of job (KB)
...
040 (14752954.011.000) 02/26 16:27:33 Started transferring output files
...
040 (14752954.011.000) 02/26 16:27:33 Finished transferring output files
...
005 (14752954.011.000) 02/26 16:27:33 Job terminated.
	(1) Normal termination (return value 1)
		Usr 0 00:00:03, Sys 0 00:00:01  -  Run Remote Usage
		Usr 0 00:00:00, Sys 0 00:00:00  -  Run Local Usage
		Usr 0 00:00:03, Sys 0 00:00:01  -  Total Remote Usage
		Usr 0 00:00:00, Sys 0 00:00:00  -  Total Local Usage
	10694  -  Run Bytes Sent By Job
	29697  -  Run Bytes Received By Job
	10694  -  Total Bytes Sent By Job
	29697  -  Total Bytes Received By Job
	Partitionable Resources :    Usage  Request Allocated 
	   Cpus                 :     0.01        1         1 
	   Disk (KB)            :    65          32      3830 
	   GPUs                 :                           0 
	   Memory (MB)          :     0        3000      3000 
	   TimeExecute (s)      :    14                       
	   TimeSlotBusy (s)     :    16                       

	Job terminated of its own accord at 2026-02-26T15:27:33Z with exit-code 1.
...
