000 (14722373.006.000) 02/25 15:24:03 Job submitted from host: <188.184.90.62:9618?addrs=188.184.90.62-9618+[2001-1458-201-e4--100-238]-9618&alias=bigbird16.cern.ch&noUDP&sock=schedd_5196_9a2f>
...
040 (14722373.006.000) 02/25 15:26:52 Started transferring input files
	Transferring to host: <188.185.192.29:9618?addrs=188.185.192.29-9618+[2001-1458-303-1f--100-19]-9618&alias=b9p13p1663.cern.ch&noUDP&sock=slot1_32_6186_58b5_159045>
...
040 (14722373.006.000) 02/25 15:26:52 Finished transferring input files
...
001 (14722373.006.000) 02/25 15:26:53 Job executing on host: <188.185.192.29:9618?addrs=188.185.192.29-9618+[2001-1458-303-1f--100-19]-9618&alias=b9p13p1663.cern.ch&noUDP&sock=startd_5131_0487>
	SlotName: slot1_32@b9p13p1663.cern.ch
	CondorScratchDir = "/pool/condor/dir_1498418"
	Cpus = 1
	Disk = 3859
	GPUs = 0
	Memory = 3000
...
006 (14722373.006.000) 02/25 15:27:07 Image size of job updated: 478856
	468  -  MemoryUsage of job (MB)
	478856  -  ResidentSetSize of job (KB)
...
006 (14722373.006.000) 02/25 15:32:08 Image size of job updated: 3036436
	2966  -  MemoryUsage of job (MB)
	3036436  -  ResidentSetSize of job (KB)
...
006 (14722373.006.000) 02/25 15:36:37 Image size of job updated: 3209900
	2966  -  MemoryUsage of job (MB)
	3036436  -  ResidentSetSize of job (KB)
...
040 (14722373.006.000) 02/25 15:36:37 Started transferring output files
...
040 (14722373.006.000) 02/25 15:36:38 Finished transferring output files
...
005 (14722373.006.000) 02/25 15:36:38 Job terminated.
	(1) Normal termination (return value 1)
		Usr 0 00:18:59, Sys 0 00:00:18  -  Run Remote Usage
		Usr 0 00:00:00, Sys 0 00:00:00  -  Run Local Usage
		Usr 0 00:18:59, Sys 0 00:00:18  -  Total Remote Usage
		Usr 0 00:00:00, Sys 0 00:00:00  -  Total Local Usage
	34088  -  Run Bytes Sent By Job
	29665  -  Run Bytes Received By Job
	34088  -  Total Bytes Sent By Job
	29665  -  Total Bytes Received By Job
	Partitionable Resources :    Usage  Request Allocated 
	   Cpus                 :     2.36        1         1 
	   Disk (KB)            :    89          32      3859 
	   GPUs                 :                           0 
	   Memory (MB)          :  2966        3000      3000 
	   TimeExecute (s)      :   584                       
	   TimeSlotBusy (s)     :   587                       

	Job terminated of its own accord at 2026-02-25T14:36:37Z with exit-code 1.
...
