000 (14737668.008.000) 02/25 20:32:30 Job submitted from host: <188.184.90.62:9618?addrs=188.184.90.62-9618+[2001-1458-201-e4--100-238]-9618&alias=bigbird16.cern.ch&noUDP&sock=schedd_5196_9a2f>
...
040 (14737668.008.000) 02/25 20:36:08 Started transferring input files
	Transferring to host: <188.185.210.161:9618?addrs=188.185.210.161-9618+[2001-1458-303-15--100-1d]-9618&alias=b9p22p1905.cern.ch&noUDP&sock=slot1_1_1765665_78d1_89691>
...
040 (14737668.008.000) 02/25 20:36:08 Finished transferring input files
...
001 (14737668.008.000) 02/25 20:36:09 Job executing on host: <188.185.210.161:9618?addrs=188.185.210.161-9618+[2001-1458-303-15--100-1d]-9618&alias=b9p22p1905.cern.ch&noUDP&sock=startd_6329_befd>
	SlotName: slot1_1@b9p22p1905.cern.ch
	CondorScratchDir = "/pool/condor/dir_209976"
	Cpus = 1
	Disk = 3874
	GPUs = 0
	Memory = 3000
...
006 (14737668.008.000) 02/25 20:36:23 Image size of job updated: 551900
	539  -  MemoryUsage of job (MB)
	551900  -  ResidentSetSize of job (KB)
...
006 (14737668.008.000) 02/25 20:41:24 Image size of job updated: 3124940
	3033  -  MemoryUsage of job (MB)
	3105256  -  ResidentSetSize of job (KB)
...
006 (14737668.008.000) 02/25 20:43:24 Image size of job updated: 3201472
	3033  -  MemoryUsage of job (MB)
	3105256  -  ResidentSetSize of job (KB)
...
040 (14737668.008.000) 02/25 20:43:24 Started transferring output files
...
040 (14737668.008.000) 02/25 20:43:25 Finished transferring output files
...
005 (14737668.008.000) 02/25 20:43:25 Job terminated.
	(1) Normal termination (return value 1)
		Usr 0 00:15:39, Sys 0 00:00:28  -  Run Remote Usage
		Usr 0 00:00:00, Sys 0 00:00:00  -  Run Local Usage
		Usr 0 00:15:39, Sys 0 00:00:28  -  Total Remote Usage
		Usr 0 00:00:00, Sys 0 00:00:00  -  Total Local Usage
	42069  -  Run Bytes Sent By Job
	29697  -  Run Bytes Received By Job
	42069  -  Total Bytes Sent By Job
	29697  -  Total Bytes Received By Job
	Partitionable Resources :    Usage  Request Allocated 
	   Cpus                 :        0        1         1 
	   Disk (KB)            :       96       32      3874 
	   GPUs                 :                           0 
	   Memory (MB)          :     3033     3000      3000 
	   TimeExecute (s)      :      435                    
	   TimeSlotBusy (s)     :      438                    

	Job terminated of its own accord at 2026-02-25T19:43:24Z with exit-code 1.
...
