subject   : /DC=ch/DC=cern/OU=Organic Units/OU=Users/CN=driosper/CN=886669/CN=Diego Alejandro Rios Perez/CN=3192939875
issuer    : /DC=ch/DC=cern/OU=Organic Units/OU=Users/CN=driosper/CN=886669/CN=Diego Alejandro Rios Perez
identity  : /DC=ch/DC=cern/OU=Organic Units/OU=Users/CN=driosper/CN=886669/CN=Diego Alejandro Rios Perez
type      : RFC compliant proxy
strength  : 2048 bits
path      : /afs/cern.ch/user/d/driosper/private/x509up_u182284
timeleft  : 11:12:43
key usage : Digital Signature, Key Encipherment
=== VO cms extension information ===
VO        : cms
subject   : /DC=ch/DC=cern/OU=Organic Units/OU=Users/CN=driosper/CN=886669/CN=Diego Alejandro Rios Perez
issuer    : /DC=ch/DC=cern/OU=computers/CN=cms-auth.cern.ch
attribute : /cms/Role=NULL/Capability=NULL
timeleft  : 11:12:43
uri       : voms-cms-auth.cern.ch:15000
--workflow ztoee --year 2022preEE --output_path /eos/user/d/driosper/bsm3g_coffea/outputs/ztoee/2022preEE/DYJetsToLL_inclusive_50 --output_format coffea --dataset DYJetsToLL_inclusive_50_6 --partition_json /srv/partition_fileset.json
  Preprocessing 100% ━━━━━━━━━━━━━━━━ 10/10 [ 0:00:13 < 0:00:00 | 0.9   file/s ]
Merging (local) 100% ━━━━━━━━━━━━━━━━ 10/10 [ 0:00:13 < 0:00:00 | ?   merges/s ]
     Processing   2%                     1/56 [ 0:00:46 < -:--:-- | ?  chunk/s ]
Merging (local)   0% ━━━━━━━━━━━━━━━━━━━  0/0 [ 0:00:02 < 0:00:00 | ? merges/s ]
There are 24574 events with muon pt outside of [26,200] GeV. Setting those entries to their initial value.
There are 24576 events with muon pt outside of [26,200] GeV. Setting those entries to their initial value.
There are 198 nan entries in the corrected pt. This might be due to the number of tracker layers hitting boundaries. Setting those entries to their initial value.
There are 21066 events with muon pt outside of [26,200] GeV. Setting those entries to their initial value.
There are 24444 events with muon pt outside of [26,200] GeV. Setting those entries to their initial value.
There are 24448 events with muon pt outside of [26,200] GeV. Setting those entries to their initial value.
There are 211 nan entries in the corrected pt. This might be due to the number of tracker layers hitting boundaries. Setting those entries to their initial value.
There are 21045 events with muon pt outside of [26,200] GeV. Setting those entries to their initial value.
There are 25119 events with muon pt outside of [26,200] GeV. Setting those entries to their initial value.
There are 25121 events with muon pt outside of [26,200] GeV. Setting those entries to their initial value.
There are 210 nan entries in the corrected pt. This might be due to the number of tracker layers hitting boundaries. Setting those entries to their initial value.
There are 21156 events with muon pt outside of [26,200] GeV. Setting those entries to their initial value.
There are 27125 events with muon pt outside of [26,200] GeV. Setting those entries to their initial value.
There are 27129 events with muon pt outside of [26,200] GeV. Setting those entries to their initial value.
There are 213 nan entries in the corrected pt. This might be due to the number of tracker layers hitting boundaries. Setting those entries to their initial value.
There are 23224 events with muon pt outside of [26,200] GeV. Setting those entries to their initial value.
There are 23302 events with muon pt outside of [26,200] GeV. Setting those entries to their initial value.
There are 23304 events with muon pt outside of [26,200] GeV. Setting those entries to their initial value.
There are 173 nan entries in the corrected pt. This might be due to the number of tracker layers hitting boundaries. Setting those entries to their initial value.
There are 19977 events with muon pt outside of [26,200] GeV. Setting those entries to their initial value.
There are 23407 events with muon pt outside of [26,200] GeV. Setting those entries to their initial value.
There are 23408 events with muon pt outside of [26,200] GeV. Setting those entries to their initial value.
There are 177 nan entries in the corrected pt. This might be due to the number of tracker layers hitting boundaries. Setting those entries to their initial value.
There are 19894 events with muon pt outside of [26,200] GeV. Setting those entries to their initial value.
There are 22772 events with muon pt outside of [26,200] GeV. Setting those entries to their initial value.
There are 22774 events with muon pt outside of [26,200] GeV. Setting those entries to their initial value.
There are 198 nan entries in the corrected pt. This might be due to the number of tracker layers hitting boundaries. Setting those entries to their initial value.
There are 19410 events with muon pt outside of [26,200] GeV. Setting those entries to their initial value.
There are 22906 events with muon pt outside of [26,200] GeV. Setting those entries to their initial value.
There are 22909 events with muon pt outside of [26,200] GeV. Setting those entries to their initial value.
There are 207 nan entries in the corrected pt. This might be due to the number of tracker layers hitting boundaries. Setting those entries to their initial value.
There are 19410 events with muon pt outside of [26,200] GeV. Setting those entries to their initial value.
There are 22200 events with muon pt outside of [26,200] GeV. Setting those entries to their initial value.
There are 22204 events with muon pt outside of [26,200] GeV. Setting those entries to their initial value.
There are 204 nan entries in the corrected pt. This might be due to the number of tracker layers hitting boundaries. Setting those entries to their initial value.
There are 19099 events with muon pt outside of [26,200] GeV. Setting those entries to their initial value.
There are 22955 events with muon pt outside of [26,200] GeV. Setting those entries to their initial value.
There are 22957 events with muon pt outside of [26,200] GeV. Setting those entries to their initial value.
There are 179 nan entries in the corrected pt. This might be due to the number of tracker layers hitting boundaries. Setting those entries to their initial value.
There are 19883 events with muon pt outside of [26,200] GeV. Setting those entries to their initial value.
There are 24196 events with muon pt outside of [26,200] GeV. Setting those entries to their initial value.
There are 24198 events with muon pt outside of [26,200] GeV. Setting those entries to their initial value.
There are 177 nan entries in the corrected pt. This might be due to the number of tracker layers hitting boundaries. Setting those entries to their initial value.
There are 20794 events with muon pt outside of [26,200] GeV. Setting those entries to their initial value.
There are 24447 events with muon pt outside of [26,200] GeV. Setting those entries to their initial value.
There are 24448 events with muon pt outside of [26,200] GeV. Setting those entries to their initial value.
There are 202 nan entries in the corrected pt. This might be due to the number of tracker layers hitting boundaries. Setting those entries to their initial value.
There are 20490 events with muon pt outside of [26,200] GeV. Setting those entries to their initial value.
There are 24245 events with muon pt outside of [26,200] GeV. Setting those entries to their initial value.
There are 24249 events with muon pt outside of [26,200] GeV. Setting those entries to their initial value.
There are 213 nan entries in the corrected pt. This might be due to the number of tracker layers hitting boundaries. Setting those entries to their initial value.
There are 20834 events with muon pt outside of [26,200] GeV. Setting those entries to their initial value.
There are 514 events with muon pt outside of [26,200] GeV. Setting those entries to their initial value.
There are 514 events with muon pt outside of [26,200] GeV. Setting those entries to their initial value.
There are 7 nan entries in the corrected pt. This might be due to the number of tracker layers hitting boundaries. Setting those entries to their initial value.
There are 456 events with muon pt outside of [26,200] GeV. Setting those entries to their initial value.
There are 25318 events with muon pt outside of [26,200] GeV. Setting those entries to their initial value.
There are 25323 events with muon pt outside of [26,200] GeV. Setting those entries to their initial value.
There are 192 nan entries in the corrected pt. This might be due to the number of tracker layers hitting boundaries. Setting those entries to their initial value.
There are 21180 events with muon pt outside of [26,200] GeV. Setting those entries to their initial value.
There are 24781 events with muon pt outside of [26,200] GeV. Setting those entries to their initial value.
There are 24784 events with muon pt outside of [26,200] GeV. Setting those entries to their initial value.
There are 193 nan entries in the corrected pt. This might be due to the number of tracker layers hitting boundaries. Setting those entries to their initial value.
There are 21124 events with muon pt outside of [26,200] GeV. Setting those entries to their initial value.
There are 24978 events with muon pt outside of [26,200] GeV. Setting those entries to their initial value.
There are 24979 events with muon pt outside of [26,200] GeV. Setting those entries to their initial value.
There are 210 nan entries in the corrected pt. This might be due to the number of tracker layers hitting boundaries. Setting those entries to their initial value.
There are 21232 events with muon pt outside of [26,200] GeV. Setting those entries to their initial value.
There are 24801 events with muon pt outside of [26,200] GeV. Setting those entries to their initial value.
There are 24804 events with muon pt outside of [26,200] GeV. Setting those entries to their initial value.
There are 225 nan entries in the corrected pt. This might be due to the number of tracker layers hitting boundaries. Setting those entries to their initial value.
There are 21301 events with muon pt outside of [26,200] GeV. Setting those entries to their initial value.
There are 23452 events with muon pt outside of [26,200] GeV. Setting those entries to their initial value.
There are 23452 events with muon pt outside of [26,200] GeV. Setting those entries to their initial value.
There are 178 nan entries in the corrected pt. This might be due to the number of tracker layers hitting boundaries. Setting those entries to their initial value.
There are 19701 events with muon pt outside of [26,200] GeV. Setting those entries to their initial value.
There are 22975 events with muon pt outside of [26,200] GeV. Setting those entries to their initial value.
There are 22976 events with muon pt outside of [26,200] GeV. Setting those entries to their initial value.
There are 165 nan entries in the corrected pt. This might be due to the number of tracker layers hitting boundaries. Setting those entries to their initial value.
There are 19524 events with muon pt outside of [26,200] GeV. Setting those entries to their initial value.
There are 22962 events with muon pt outside of [26,200] GeV. Setting those entries to their initial value.
There are 22962 events with muon pt outside of [26,200] GeV. Setting those entries to their initial value.
There are 179 nan entries in the corrected pt. This might be due to the number of tracker layers hitting boundaries. Setting those entries to their initial value.
There are 19475 events with muon pt outside of [26,200] GeV. Setting those entries to their initial value.
There are 22173 events with muon pt outside of [26,200] GeV. Setting those entries to their initial value.
There are 22175 events with muon pt outside of [26,200] GeV. Setting those entries to their initial value.
There are 184 nan entries in the corrected pt. This might be due to the number of tracker layers hitting boundaries. Setting those entries to their initial value.
There are 18942 events with muon pt outside of [26,200] GeV. Setting those entries to their initial value.
There are 23035 events with muon pt outside of [26,200] GeV. Setting those entries to their initial value.
There are 23037 events with muon pt outside of [26,200] GeV. Setting those entries to their initial value.
There are 200 nan entries in the corrected pt. This might be due to the number of tracker layers hitting boundaries. Setting those entries to their initial value.
There are 19648 events with muon pt outside of [26,200] GeV. Setting those entries to their initial value.
There are 23327 events with muon pt outside of [26,200] GeV. Setting those entries to their initial value.
There are 23329 events with muon pt outside of [26,200] GeV. Setting those entries to their initial value.
There are 197 nan entries in the corrected pt. This might be due to the number of tracker layers hitting boundaries. Setting those entries to their initial value.
There are 19750 events with muon pt outside of [26,200] GeV. Setting those entries to their initial value.
There are 24181 events with muon pt outside of [26,200] GeV. Setting those entries to their initial value.
There are 24184 events with muon pt outside of [26,200] GeV. Setting those entries to their initial value.
There are 204 nan entries in the corrected pt. This might be due to the number of tracker layers hitting boundaries. Setting those entries to their initial value.
There are 20525 events with muon pt outside of [26,200] GeV. Setting those entries to their initial value.
There are 24103 events with muon pt outside of [26,200] GeV. Setting those entries to their initial value.
There are 24106 events with muon pt outside of [26,200] GeV. Setting those entries to their initial value.
There are 204 nan entries in the corrected pt. This might be due to the number of tracker layers hitting boundaries. Setting those entries to their initial value.
There are 20733 events with muon pt outside of [26,200] GeV. Setting those entries to their initial value.
There are 24268 events with muon pt outside of [26,200] GeV. Setting those entries to their initial value.
There are 24269 events with muon pt outside of [26,200] GeV. Setting those entries to their initial value.
There are 192 nan entries in the corrected pt. This might be due to the number of tracker layers hitting boundaries. Setting those entries to their initial value.
There are 20727 events with muon pt outside of [26,200] GeV. Setting those entries to their initial value.
There are 24866 events with muon pt outside of [26,200] GeV. Setting those entries to their initial value.
There are 24872 events with muon pt outside of [26,200] GeV. Setting those entries to their initial value.
There are 191 nan entries in the corrected pt. This might be due to the number of tracker layers hitting boundaries. Setting those entries to their initial value.
There are 21021 events with muon pt outside of [26,200] GeV. Setting those entries to their initial value.
There are 24605 events with muon pt outside of [26,200] GeV. Setting those entries to their initial value.
There are 24607 events with muon pt outside of [26,200] GeV. Setting those entries to their initial value.
There are 201 nan entries in the corrected pt. This might be due to the number of tracker layers hitting boundaries. Setting those entries to their initial value.
There are 21103 events with muon pt outside of [26,200] GeV. Setting those entries to their initial value.
There are 25006 events with muon pt outside of [26,200] GeV. Setting those entries to their initial value.
There are 25009 events with muon pt outside of [26,200] GeV. Setting those entries to their initial value.
There are 197 nan entries in the corrected pt. This might be due to the number of tracker layers hitting boundaries. Setting those entries to their initial value.
There are 21119 events with muon pt outside of [26,200] GeV. Setting those entries to their initial value.
There are 24822 events with muon pt outside of [26,200] GeV. Setting those entries to their initial value.
There are 24826 events with muon pt outside of [26,200] GeV. Setting those entries to their initial value.
There are 167 nan entries in the corrected pt. This might be due to the number of tracker layers hitting boundaries. Setting those entries to their initial value.
There are 20878 events with muon pt outside of [26,200] GeV. Setting those entries to their initial value.
There are 23076 events with muon pt outside of [26,200] GeV. Setting those entries to their initial value.
There are 23077 events with muon pt outside of [26,200] GeV. Setting those entries to their initial value.
There are 192 nan entries in the corrected pt. This might be due to the number of tracker layers hitting boundaries. Setting those entries to their initial value.
There are 19806 events with muon pt outside of [26,200] GeV. Setting those entries to their initial value.
There are 23393 events with muon pt outside of [26,200] GeV. Setting those entries to their initial value.
There are 23397 events with muon pt outside of [26,200] GeV. Setting those entries to their initial value.
There are 211 nan entries in the corrected pt. This might be due to the number of tracker layers hitting boundaries. Setting those entries to their initial value.
There are 19721 events with muon pt outside of [26,200] GeV. Setting those entries to their initial value.
There are 22676 events with muon pt outside of [26,200] GeV. Setting those entries to their initial value.
There are 22678 events with muon pt outside of [26,200] GeV. Setting those entries to their initial value.
There are 177 nan entries in the corrected pt. This might be due to the number of tracker layers hitting boundaries. Setting those entries to their initial value.
There are 19441 events with muon pt outside of [26,200] GeV. Setting those entries to their initial value.
There are 22210 events with muon pt outside of [26,200] GeV. Setting those entries to their initial value.
There are 22213 events with muon pt outside of [26,200] GeV. Setting those entries to their initial value.
There are 201 nan entries in the corrected pt. This might be due to the number of tracker layers hitting boundaries. Setting those entries to their initial value.
There are 18864 events with muon pt outside of [26,200] GeV. Setting those entries to their initial value.
There are 23031 events with muon pt outside of [26,200] GeV. Setting those entries to their initial value.
There are 23032 events with muon pt outside of [26,200] GeV. Setting those entries to their initial value.
There are 182 nan entries in the corrected pt. This might be due to the number of tracker layers hitting boundaries. Setting those entries to their initial value.
There are 19749 events with muon pt outside of [26,200] GeV. Setting those entries to their initial value.
There are 22956 events with muon pt outside of [26,200] GeV. Setting those entries to their initial value.
There are 22962 events with muon pt outside of [26,200] GeV. Setting those entries to their initial value.
There are 195 nan entries in the corrected pt. This might be due to the number of tracker layers hitting boundaries. Setting those entries to their initial value.
There are 19903 events with muon pt outside of [26,200] GeV. Setting those entries to their initial value.
There are 24321 events with muon pt outside of [26,200] GeV. Setting those entries to their initial value.
There are 24323 events with muon pt outside of [26,200] GeV. Setting those entries to their initial value.
There are 199 nan entries in the corrected pt. This might be due to the number of tracker layers hitting boundaries. Setting those entries to their initial value.
There are 20900 events with muon pt outside of [26,200] GeV. Setting those entries to their initial value.
There are 24434 events with muon pt outside of [26,200] GeV. Setting those entries to their initial value.
There are 24436 events with muon pt outside of [26,200] GeV. Setting those entries to their initial value.
There are 212 nan entries in the corrected pt. This might be due to the number of tracker layers hitting boundaries. Setting those entries to their initial value.
There are 20713 events with muon pt outside of [26,200] GeV. Setting those entries to their initial value.
There are 24311 events with muon pt outside of [26,200] GeV. Setting those entries to their initial value.
There are 24316 events with muon pt outside of [26,200] GeV. Setting those entries to their initial value.
There are 194 nan entries in the corrected pt. This might be due to the number of tracker layers hitting boundaries. Setting those entries to their initial value.
There are 20864 events with muon pt outside of [26,200] GeV. Setting those entries to their initial value.
There are 24565 events with muon pt outside of [26,200] GeV. Setting those entries to their initial value.
There are 24571 events with muon pt outside of [26,200] GeV. Setting those entries to their initial value.
There are 197 nan entries in the corrected pt. This might be due to the number of tracker layers hitting boundaries. Setting those entries to their initial value.
There are 21054 events with muon pt outside of [26,200] GeV. Setting those entries to their initial value.
There are 24675 events with muon pt outside of [26,200] GeV. Setting those entries to their initial value.
There are 24676 events with muon pt outside of [26,200] GeV. Setting those entries to their initial value.
There are 234 nan entries in the corrected pt. This might be due to the number of tracker layers hitting boundaries. Setting those entries to their initial value.
There are 21184 events with muon pt outside of [26,200] GeV. Setting those entries to their initial value.
There are 24820 events with muon pt outside of [26,200] GeV. Setting those entries to their initial value.
There are 24822 events with muon pt outside of [26,200] GeV. Setting those entries to their initial value.
There are 208 nan entries in the corrected pt. This might be due to the number of tracker layers hitting boundaries. Setting those entries to their initial value.
There are 21133 events with muon pt outside of [26,200] GeV. Setting those entries to their initial value.
There are 23389 events with muon pt outside of [26,200] GeV. Setting those entries to their initial value.
There are 23392 events with muon pt outside of [26,200] GeV. Setting those entries to their initial value.
There are 202 nan entries in the corrected pt. This might be due to the number of tracker layers hitting boundaries. Setting those entries to their initial value.
There are 19986 events with muon pt outside of [26,200] GeV. Setting those entries to their initial value.
There are 23303 events with muon pt outside of [26,200] GeV. Setting those entries to their initial value.
There are 23305 events with muon pt outside of [26,200] GeV. Setting those entries to their initial value.
There are 174 nan entries in the corrected pt. This might be due to the number of tracker layers hitting boundaries. Setting those entries to their initial value.
There are 19834 events with muon pt outside of [26,200] GeV. Setting those entries to their initial value.
There are 22698 events with muon pt outside of [26,200] GeV. Setting those entries to their initial value.
There are 22700 events with muon pt outside of [26,200] GeV. Setting those entries to their initial value.
There are 169 nan entries in the corrected pt. This might be due to the number of tracker layers hitting boundaries. Setting those entries to their initial value.
There are 19548 events with muon pt outside of [26,200] GeV. Setting those entries to their initial value.
There are 22946 events with muon pt outside of [26,200] GeV. Setting those entries to their initial value.
There are 22947 events with muon pt outside of [26,200] GeV. Setting those entries to their initial value.
There are 168 nan entries in the corrected pt. This might be due to the number of tracker layers hitting boundaries. Setting those entries to their initial value.
There are 19554 events with muon pt outside of [26,200] GeV. Setting those entries to their initial value.
There are 22955 events with muon pt outside of [26,200] GeV. Setting those entries to their initial value.
There are 22957 events with muon pt outside of [26,200] GeV. Setting those entries to their initial value.
There are 176 nan entries in the corrected pt. This might be due to the number of tracker layers hitting boundaries. Setting those entries to their initial value.
There are 19583 events with muon pt outside of [26,200] GeV. Setting those entries to their initial value.
There are 1077 events with muon pt outside of [26,200] GeV. Setting those entries to their initial value.
There are 1077 events with muon pt outside of [26,200] GeV. Setting those entries to their initial value.
There are 8 nan entries in the corrected pt. This might be due to the number of tracker layers hitting boundaries. Setting those entries to their initial value.
There are 865 events with muon pt outside of [26,200] GeV. Setting those entries to their initial value.
There are 23151 events with muon pt outside of [26,200] GeV. Setting those entries to their initial value.
There are 23154 events with muon pt outside of [26,200] GeV. Setting those entries to their initial value.
There are 188 nan entries in the corrected pt. This might be due to the number of tracker layers hitting boundaries. Setting those entries to their initial value.
There are 19689 events with muon pt outside of [26,200] GeV. Setting those entries to their initial value.
There are 23191 events with muon pt outside of [26,200] GeV. Setting those entries to their initial value.
There are 23191 events with muon pt outside of [26,200] GeV. Setting those entries to their initial value.
There are 198 nan entries in the corrected pt. This might be due to the number of tracker layers hitting boundaries. Setting those entries to their initial value.
There are 20014 events with muon pt outside of [26,200] GeV. Setting those entries to their initial value.
There are 23148 events with muon pt outside of [26,200] GeV. Setting those entries to their initial value.
There are 23149 events with muon pt outside of [26,200] GeV. Setting those entries to their initial value.
There are 181 nan entries in the corrected pt. This might be due to the number of tracker layers hitting boundaries. Setting those entries to their initial value.
There are 19798 events with muon pt outside of [26,200] GeV. Setting those entries to their initial value.
There are 24263 events with muon pt outside of [26,200] GeV. Setting those entries to their initial value.
There are 24267 events with muon pt outside of [26,200] GeV. Setting those entries to their initial value.
There are 186 nan entries in the corrected pt. This might be due to the number of tracker layers hitting boundaries. Setting those entries to their initial value.
There are 20741 events with muon pt outside of [26,200] GeV. Setting those entries to their initial value.
There are 24478 events with muon pt outside of [26,200] GeV. Setting those entries to their initial value.
There are 24479 events with muon pt outside of [26,200] GeV. Setting those entries to their initial value.
There are 203 nan entries in the corrected pt. This might be due to the number of tracker layers hitting boundaries. Setting those entries to their initial value.
There are 20780 events with muon pt outside of [26,200] GeV. Setting those entries to their initial value.
There are 24215 events with muon pt outside of [26,200] GeV. Setting those entries to their initial value.
There are 24218 events with muon pt outside of [26,200] GeV. Setting those entries to their initial value.
There are 207 nan entries in the corrected pt. This might be due to the number of tracker layers hitting boundaries. Setting those entries to their initial value.
There are 20704 events with muon pt outside of [26,200] GeV. Setting those entries to their initial value.
There are 24325 events with muon pt outside of [26,200] GeV. Setting those entries to their initial value.
There are 24331 events with muon pt outside of [26,200] GeV. Setting those entries to their initial value.
There are 214 nan entries in the corrected pt. This might be due to the number of tracker layers hitting boundaries. Setting those entries to their initial value.
There are 20683 events with muon pt outside of [26,200] GeV. Setting those entries to their initial value.
