000 (14722373.009.000) 02/25 15:24:04 Job submitted from host: <188.184.90.62:9618?addrs=188.184.90.62-9618+[2001-1458-201-e4--100-238]-9618&alias=bigbird16.cern.ch&noUDP&sock=schedd_5196_9a2f>
...
040 (14722373.009.000) 02/25 15:26:53 Started transferring input files
	Transferring to host: <188.185.212.12:9618?addrs=188.185.212.12-9618+[2001-1458-303-18--100-8]-9618&alias=b9p25p2837.cern.ch&noUDP&sock=slot1_16_1600634_33fa_89254>
...
040 (14722373.009.000) 02/25 15:26:53 Finished transferring input files
...
001 (14722373.009.000) 02/25 15:26:54 Job executing on host: <188.185.212.12:9618?addrs=188.185.212.12-9618+[2001-1458-303-18--100-8]-9618&alias=b9p25p2837.cern.ch&noUDP&sock=startd_1600147_5371>
	SlotName: slot1_16@b9p25p2837.cern.ch
	CondorScratchDir = "/pool/condor/dir_177700"
	Cpus = 1
	Disk = 3743
	GPUs = 0
	Memory = 3000
...
006 (14722373.009.000) 02/25 15:27:08 Image size of job updated: 510852
	499  -  MemoryUsage of job (MB)
	510852  -  ResidentSetSize of job (KB)
...
006 (14722373.009.000) 02/25 15:32:08 Image size of job updated: 2933108
	2865  -  MemoryUsage of job (MB)
	2933108  -  ResidentSetSize of job (KB)
...
006 (14722373.009.000) 02/25 15:35:53 Image size of job updated: 3323720
	2865  -  MemoryUsage of job (MB)
	2933108  -  ResidentSetSize of job (KB)
...
040 (14722373.009.000) 02/25 15:35:53 Started transferring output files
...
040 (14722373.009.000) 02/25 15:35:53 Finished transferring output files
...
005 (14722373.009.000) 02/25 15:35:53 Job terminated.
	(1) Normal termination (return value 1)
		Usr 0 00:18:04, Sys 0 00:00:41  -  Run Remote Usage
		Usr 0 00:00:00, Sys 0 00:00:00  -  Run Local Usage
		Usr 0 00:18:04, Sys 0 00:00:41  -  Total Remote Usage
		Usr 0 00:00:00, Sys 0 00:00:00  -  Total Local Usage
	44750  -  Run Bytes Sent By Job
	29665  -  Run Bytes Received By Job
	44750  -  Total Bytes Sent By Job
	29665  -  Total Bytes Received By Job
	Partitionable Resources :    Usage  Request Allocated 
	   Cpus                 :     1.49        1         1 
	   Disk (KB)            :    99          32      3743 
	   GPUs                 :                           0 
	   Memory (MB)          :  2865        3000      3000 
	   TimeExecute (s)      :   539                       
	   TimeSlotBusy (s)     :   541                       

	Job terminated of its own accord at 2026-02-25T14:35:53Z with exit-code 1.
...
