000 (14752954.008.000) 02/26 16:23:21 Job submitted from host: <188.184.90.62:9618?addrs=188.184.90.62-9618+[2001-1458-201-e4--100-238]-9618&alias=bigbird16.cern.ch&noUDP&sock=schedd_5196_9a2f>
...
040 (14752954.008.000) 02/26 16:27:19 Started transferring input files
	Transferring to host: <188.185.212.9:9618?addrs=188.185.212.9-9618+[2001-1458-303-18--100-5]-9618&alias=b9p25p9706.cern.ch&noUDP&sock=slot1_37_10234_8759_168788>
...
040 (14752954.008.000) 02/26 16:27:19 Finished transferring input files
...
001 (14752954.008.000) 02/26 16:27:20 Job executing on host: <188.185.212.9:9618?addrs=188.185.212.9-9618+[2001-1458-303-18--100-5]-9618&alias=b9p25p9706.cern.ch&noUDP&sock=startd_9592_e484>
	SlotName: slot1_37@b9p25p9706.cern.ch
	CondorScratchDir = "/pool/condor/dir_1996440"
	Cpus = 1
	Disk = 3767
	GPUs = 0
	Memory = 3000
...
006 (14752954.008.000) 02/26 16:27:33 Image size of job updated: 514308
	503  -  MemoryUsage of job (MB)
	514308  -  ResidentSetSize of job (KB)
...
006 (14752954.008.000) 02/26 16:27:36 Image size of job updated: 565740
	505  -  MemoryUsage of job (MB)
	516168  -  ResidentSetSize of job (KB)
...
040 (14752954.008.000) 02/26 16:27:36 Started transferring output files
...
040 (14752954.008.000) 02/26 16:27:36 Finished transferring output files
...
005 (14752954.008.000) 02/26 16:27:36 Job terminated.
	(1) Normal termination (return value 1)
		Usr 0 00:00:07, Sys 0 00:00:02  -  Run Remote Usage
		Usr 0 00:00:00, Sys 0 00:00:00  -  Run Local Usage
		Usr 0 00:00:07, Sys 0 00:00:02  -  Total Remote Usage
		Usr 0 00:00:00, Sys 0 00:00:00  -  Total Local Usage
	10915  -  Run Bytes Sent By Job
	29697  -  Run Bytes Received By Job
	10915  -  Total Bytes Sent By Job
	29697  -  Total Bytes Received By Job
	Partitionable Resources :    Usage  Request Allocated 
	   Cpus                 :        0        1         1 
	   Disk (KB)            :       66       32      3767 
	   GPUs                 :                           0 
	   Memory (MB)          :      505     3000      3000 
	   TimeExecute (s)      :       16                    
	   TimeSlotBusy (s)     :       19                    

	Job terminated of its own accord at 2026-02-26T15:27:36Z with exit-code 1.
...
