000 (14729948.003.000) 02/25 17:14:33 Job submitted from host: <188.184.90.62:9618?addrs=188.184.90.62-9618+[2001-1458-201-e4--100-238]-9618&alias=bigbird16.cern.ch&noUDP&sock=schedd_5196_9a2f>
...
040 (14729948.003.000) 02/25 17:18:25 Started transferring input files
	Transferring to host: <128.142.137.183:9618?addrs=128.142.137.183-9618+[2001-1458-301-5e--100-ab]-9618&alias=b9g19p0635.cern.ch&noUDP&sock=slot1_38_2823_cf0c_179604>
...
040 (14729948.003.000) 02/25 17:18:25 Finished transferring input files
...
001 (14729948.003.000) 02/25 17:18:26 Job executing on host: <128.142.137.183:9618?addrs=128.142.137.183-9618+[2001-1458-301-5e--100-ab]-9618&alias=b9g19p0635.cern.ch&noUDP&sock=startd_2436_78cb>
	SlotName: slot1_38@b9g19p0635.cern.ch
	CondorScratchDir = "/pool/condor/dir_3545253"
	Cpus = 1
	Disk = 2572
	GPUs = 0
	Memory = 3000
...
006 (14729948.003.000) 02/25 17:18:40 Image size of job updated: 478460
	468  -  MemoryUsage of job (MB)
	478460  -  ResidentSetSize of job (KB)
...
006 (14729948.003.000) 02/25 17:23:41 Image size of job updated: 2787708
	2723  -  MemoryUsage of job (MB)
	2787708  -  ResidentSetSize of job (KB)
...
006 (14729948.003.000) 02/25 17:28:41 Image size of job updated: 3252292
	3171  -  MemoryUsage of job (MB)
	3246404  -  ResidentSetSize of job (KB)
...
006 (14729948.003.000) 02/25 17:33:43 Image size of job updated: 3448912
	3356  -  MemoryUsage of job (MB)
	3435908  -  ResidentSetSize of job (KB)
...
040 (14729948.003.000) 02/25 17:34:21 Started transferring output files
...
040 (14729948.003.000) 02/25 17:34:21 Finished transferring output files
...
005 (14729948.003.000) 02/25 17:34:21 Job terminated.
	(1) Normal termination (return value 1)
		Usr 0 00:40:04, Sys 0 00:00:40  -  Run Remote Usage
		Usr 0 00:00:00, Sys 0 00:00:00  -  Run Local Usage
		Usr 0 00:40:04, Sys 0 00:00:40  -  Total Remote Usage
		Usr 0 00:00:00, Sys 0 00:00:00  -  Total Local Usage
	53698  -  Run Bytes Sent By Job
	29052  -  Run Bytes Received By Job
	53698  -  Total Bytes Sent By Job
	29052  -  Total Bytes Received By Job
	Partitionable Resources :    Usage  Request Allocated 
	   Cpus                 :     2.06        1         1 
	   Disk (KB)            :   107          32      2572 
	   GPUs                 :                           0 
	   Memory (MB)          :  3356        3000      3000 
	   TimeExecute (s)      :   955                       
	   TimeSlotBusy (s)     :   957                       

	Job terminated of its own accord at 2026-02-25T16:34:21Z with exit-code 1.
...
