subject   : /DC=ch/DC=cern/OU=Organic Units/OU=Users/CN=driosper/CN=886669/CN=Diego Alejandro Rios Perez/CN=3192939875
issuer    : /DC=ch/DC=cern/OU=Organic Units/OU=Users/CN=driosper/CN=886669/CN=Diego Alejandro Rios Perez
identity  : /DC=ch/DC=cern/OU=Organic Units/OU=Users/CN=driosper/CN=886669/CN=Diego Alejandro Rios Perez
type      : RFC compliant proxy
strength  : 2048 bits
path      : /afs/cern.ch/user/d/driosper/private/x509up_u182284
timeleft  : 11:12:42
key usage : Digital Signature, Key Encipherment
=== VO cms extension information ===
VO        : cms
subject   : /DC=ch/DC=cern/OU=Organic Units/OU=Users/CN=driosper/CN=886669/CN=Diego Alejandro Rios Perez
issuer    : /DC=ch/DC=cern/OU=computers/CN=cms-auth.cern.ch
attribute : /cms/Role=NULL/Capability=NULL
timeleft  : 11:12:42
uri       : voms-cms-auth.cern.ch:15000
--workflow ztoee --year 2022preEE --output_path /eos/user/d/driosper/bsm3g_coffea/outputs/ztoee/2022preEE/DYJetsToLL_inclusive_50 --output_format coffea --dataset DYJetsToLL_inclusive_50_8 --partition_json /srv/partition_fileset.json
  Preprocessing 100% ━━━━━━━━━━━━━━━━━━ 9/9 [ 0:00:17 < 0:00:00 | 0.6   file/s ]
Merging (local) 100% ━━━━━━━━━━━━━━━━━━ 9/9 [ 0:00:17 < 0:00:00 | ?   merges/s ]
     Processing   2%                     1/66 [ 0:00:36 < -:--:-- | ?  chunk/s ]
Merging (local)   0% ━━━━━━━━━━━━━━━━━━━  0/0 [ 0:00:02 < 0:00:00 | ? merges/s ]
There are 23021 events with muon pt outside of [26,200] GeV. Setting those entries to their initial value.
There are 23024 events with muon pt outside of [26,200] GeV. Setting those entries to their initial value.
There are 194 nan entries in the corrected pt. This might be due to the number of tracker layers hitting boundaries. Setting those entries to their initial value.
There are 19629 events with muon pt outside of [26,200] GeV. Setting those entries to their initial value.
There are 22909 events with muon pt outside of [26,200] GeV. Setting those entries to their initial value.
There are 22910 events with muon pt outside of [26,200] GeV. Setting those entries to their initial value.
There are 168 nan entries in the corrected pt. This might be due to the number of tracker layers hitting boundaries. Setting those entries to their initial value.
There are 19736 events with muon pt outside of [26,200] GeV. Setting those entries to their initial value.
There are 23688 events with muon pt outside of [26,200] GeV. Setting those entries to their initial value.
There are 23692 events with muon pt outside of [26,200] GeV. Setting those entries to their initial value.
There are 210 nan entries in the corrected pt. This might be due to the number of tracker layers hitting boundaries. Setting those entries to their initial value.
There are 20064 events with muon pt outside of [26,200] GeV. Setting those entries to their initial value.
There are 23556 events with muon pt outside of [26,200] GeV. Setting those entries to their initial value.
There are 23558 events with muon pt outside of [26,200] GeV. Setting those entries to their initial value.
There are 205 nan entries in the corrected pt. This might be due to the number of tracker layers hitting boundaries. Setting those entries to their initial value.
There are 20320 events with muon pt outside of [26,200] GeV. Setting those entries to their initial value.
There are 23569 events with muon pt outside of [26,200] GeV. Setting those entries to their initial value.
There are 23570 events with muon pt outside of [26,200] GeV. Setting those entries to their initial value.
There are 194 nan entries in the corrected pt. This might be due to the number of tracker layers hitting boundaries. Setting those entries to their initial value.
There are 20001 events with muon pt outside of [26,200] GeV. Setting those entries to their initial value.
There are 24447 events with muon pt outside of [26,200] GeV. Setting those entries to their initial value.
There are 24450 events with muon pt outside of [26,200] GeV. Setting those entries to their initial value.
There are 207 nan entries in the corrected pt. This might be due to the number of tracker layers hitting boundaries. Setting those entries to their initial value.
There are 20829 events with muon pt outside of [26,200] GeV. Setting those entries to their initial value.
There are 22582 events with muon pt outside of [26,200] GeV. Setting those entries to their initial value.
There are 22583 events with muon pt outside of [26,200] GeV. Setting those entries to their initial value.
There are 188 nan entries in the corrected pt. This might be due to the number of tracker layers hitting boundaries. Setting those entries to their initial value.
There are 18983 events with muon pt outside of [26,200] GeV. Setting those entries to their initial value.
There are 21975 events with muon pt outside of [26,200] GeV. Setting those entries to their initial value.
There are 21977 events with muon pt outside of [26,200] GeV. Setting those entries to their initial value.
There are 175 nan entries in the corrected pt. This might be due to the number of tracker layers hitting boundaries. Setting those entries to their initial value.
There are 18820 events with muon pt outside of [26,200] GeV. Setting those entries to their initial value.
There are 21711 events with muon pt outside of [26,200] GeV. Setting those entries to their initial value.
There are 21714 events with muon pt outside of [26,200] GeV. Setting those entries to their initial value.
There are 187 nan entries in the corrected pt. This might be due to the number of tracker layers hitting boundaries. Setting those entries to their initial value.
There are 18672 events with muon pt outside of [26,200] GeV. Setting those entries to their initial value.
There are 24086 events with muon pt outside of [26,200] GeV. Setting those entries to their initial value.
There are 24086 events with muon pt outside of [26,200] GeV. Setting those entries to their initial value.
There are 194 nan entries in the corrected pt. This might be due to the number of tracker layers hitting boundaries. Setting those entries to their initial value.
There are 20430 events with muon pt outside of [26,200] GeV. Setting those entries to their initial value.
There are 24047 events with muon pt outside of [26,200] GeV. Setting those entries to their initial value.
There are 24047 events with muon pt outside of [26,200] GeV. Setting those entries to their initial value.
There are 180 nan entries in the corrected pt. This might be due to the number of tracker layers hitting boundaries. Setting those entries to their initial value.
There are 20437 events with muon pt outside of [26,200] GeV. Setting those entries to their initial value.
There are 24115 events with muon pt outside of [26,200] GeV. Setting those entries to their initial value.
There are 24117 events with muon pt outside of [26,200] GeV. Setting those entries to their initial value.
There are 185 nan entries in the corrected pt. This might be due to the number of tracker layers hitting boundaries. Setting those entries to their initial value.
There are 20538 events with muon pt outside of [26,200] GeV. Setting those entries to their initial value.
There are 24895 events with muon pt outside of [26,200] GeV. Setting those entries to their initial value.
There are 24896 events with muon pt outside of [26,200] GeV. Setting those entries to their initial value.
There are 192 nan entries in the corrected pt. This might be due to the number of tracker layers hitting boundaries. Setting those entries to their initial value.
There are 21105 events with muon pt outside of [26,200] GeV. Setting those entries to their initial value.
There are 24954 events with muon pt outside of [26,200] GeV. Setting those entries to their initial value.
There are 24958 events with muon pt outside of [26,200] GeV. Setting those entries to their initial value.
There are 236 nan entries in the corrected pt. This might be due to the number of tracker layers hitting boundaries. Setting those entries to their initial value.
There are 21215 events with muon pt outside of [26,200] GeV. Setting those entries to their initial value.
There are 24860 events with muon pt outside of [26,200] GeV. Setting those entries to their initial value.
There are 24862 events with muon pt outside of [26,200] GeV. Setting those entries to their initial value.
There are 172 nan entries in the corrected pt. This might be due to the number of tracker layers hitting boundaries. Setting those entries to their initial value.
There are 21080 events with muon pt outside of [26,200] GeV. Setting those entries to their initial value.
There are 24627 events with muon pt outside of [26,200] GeV. Setting those entries to their initial value.
There are 24630 events with muon pt outside of [26,200] GeV. Setting those entries to their initial value.
There are 202 nan entries in the corrected pt. This might be due to the number of tracker layers hitting boundaries. Setting those entries to their initial value.
There are 21182 events with muon pt outside of [26,200] GeV. Setting those entries to their initial value.
There are 24878 events with muon pt outside of [26,200] GeV. Setting those entries to their initial value.
There are 24879 events with muon pt outside of [26,200] GeV. Setting those entries to their initial value.
There are 210 nan entries in the corrected pt. This might be due to the number of tracker layers hitting boundaries. Setting those entries to their initial value.
There are 6906 events with muon pt outside of [26,200] GeV. Setting those entries to their initial value.
There are 6907 events with muon pt outside of [26,200] GeV. Setting those entries to their initial value.
There are 43 nan entries in the corrected pt. This might be due to the number of tracker layers hitting boundaries. Setting those entries to their initial value.
There are 5932 events with muon pt outside of [26,200] GeV. Setting those entries to their initial value.
There are 23186 events with muon pt outside of [26,200] GeV. Setting those entries to their initial value.
There are 23189 events with muon pt outside of [26,200] GeV. Setting those entries to their initial value.
There are 186 nan entries in the corrected pt. This might be due to the number of tracker layers hitting boundaries. Setting those entries to their initial value.
There are 20043 events with muon pt outside of [26,200] GeV. Setting those entries to their initial value.
There are 23366 events with muon pt outside of [26,200] GeV. Setting those entries to their initial value.
There are 23369 events with muon pt outside of [26,200] GeV. Setting those entries to their initial value.
There are 184 nan entries in the corrected pt. This might be due to the number of tracker layers hitting boundaries. Setting those entries to their initial value.
There are 19971 events with muon pt outside of [26,200] GeV. Setting those entries to their initial value.
There are 23490 events with muon pt outside of [26,200] GeV. Setting those entries to their initial value.
There are 23490 events with muon pt outside of [26,200] GeV. Setting those entries to their initial value.
There are 183 nan entries in the corrected pt. This might be due to the number of tracker layers hitting boundaries. Setting those entries to their initial value.
There are 20392 events with muon pt outside of [26,200] GeV. Setting those entries to their initial value.
There are 23639 events with muon pt outside of [26,200] GeV. Setting those entries to their initial value.
There are 23645 events with muon pt outside of [26,200] GeV. Setting those entries to their initial value.
There are 180 nan entries in the corrected pt. This might be due to the number of tracker layers hitting boundaries. Setting those entries to their initial value.
There are 19979 events with muon pt outside of [26,200] GeV. Setting those entries to their initial value.
There are 23742 events with muon pt outside of [26,200] GeV. Setting those entries to their initial value.
There are 23745 events with muon pt outside of [26,200] GeV. Setting those entries to their initial value.
There are 198 nan entries in the corrected pt. This might be due to the number of tracker layers hitting boundaries. Setting those entries to their initial value.
There are 20161 events with muon pt outside of [26,200] GeV. Setting those entries to their initial value.
There are 24377 events with muon pt outside of [26,200] GeV. Setting those entries to their initial value.
There are 24378 events with muon pt outside of [26,200] GeV. Setting those entries to their initial value.
There are 210 nan entries in the corrected pt. This might be due to the number of tracker layers hitting boundaries. Setting those entries to their initial value.
There are 21187 events with muon pt outside of [26,200] GeV. Setting those entries to their initial value.
There are 22590 events with muon pt outside of [26,200] GeV. Setting those entries to their initial value.
There are 22593 events with muon pt outside of [26,200] GeV. Setting those entries to their initial value.
There are 182 nan entries in the corrected pt. This might be due to the number of tracker layers hitting boundaries. Setting those entries to their initial value.
There are 19335 events with muon pt outside of [26,200] GeV. Setting those entries to their initial value.
There are 21998 events with muon pt outside of [26,200] GeV. Setting those entries to their initial value.
There are 22002 events with muon pt outside of [26,200] GeV. Setting those entries to their initial value.
There are 168 nan entries in the corrected pt. This might be due to the number of tracker layers hitting boundaries. Setting those entries to their initial value.
There are 18846 events with muon pt outside of [26,200] GeV. Setting those entries to their initial value.
There are 24237 events with muon pt outside of [26,200] GeV. Setting those entries to their initial value.
There are 24242 events with muon pt outside of [26,200] GeV. Setting those entries to their initial value.
There are 215 nan entries in the corrected pt. This might be due to the number of tracker layers hitting boundaries. Setting those entries to their initial value.
There are 20447 events with muon pt outside of [26,200] GeV. Setting those entries to their initial value.
There are 23907 events with muon pt outside of [26,200] GeV. Setting those entries to their initial value.
There are 23909 events with muon pt outside of [26,200] GeV. Setting those entries to their initial value.
There are 176 nan entries in the corrected pt. This might be due to the number of tracker layers hitting boundaries. Setting those entries to their initial value.
There are 20417 events with muon pt outside of [26,200] GeV. Setting those entries to their initial value.
There are 23888 events with muon pt outside of [26,200] GeV. Setting those entries to their initial value.
There are 23891 events with muon pt outside of [26,200] GeV. Setting those entries to their initial value.
There are 220 nan entries in the corrected pt. This might be due to the number of tracker layers hitting boundaries. Setting those entries to their initial value.
There are 20668 events with muon pt outside of [26,200] GeV. Setting those entries to their initial value.
There are 24961 events with muon pt outside of [26,200] GeV. Setting those entries to their initial value.
There are 24965 events with muon pt outside of [26,200] GeV. Setting those entries to their initial value.
There are 228 nan entries in the corrected pt. This might be due to the number of tracker layers hitting boundaries. Setting those entries to their initial value.
There are 21010 events with muon pt outside of [26,200] GeV. Setting those entries to their initial value.
There are 24955 events with muon pt outside of [26,200] GeV. Setting those entries to their initial value.
There are 24957 events with muon pt outside of [26,200] GeV. Setting those entries to their initial value.
There are 233 nan entries in the corrected pt. This might be due to the number of tracker layers hitting boundaries. Setting those entries to their initial value.
There are 20849 events with muon pt outside of [26,200] GeV. Setting those entries to their initial value.
There are 24864 events with muon pt outside of [26,200] GeV. Setting those entries to their initial value.
There are 24866 events with muon pt outside of [26,200] GeV. Setting those entries to their initial value.
There are 205 nan entries in the corrected pt. This might be due to the number of tracker layers hitting boundaries. Setting those entries to their initial value.
There are 21110 events with muon pt outside of [26,200] GeV. Setting those entries to their initial value.
There are 24664 events with muon pt outside of [26,200] GeV. Setting those entries to their initial value.
There are 24667 events with muon pt outside of [26,200] GeV. Setting those entries to their initial value.
There are 222 nan entries in the corrected pt. This might be due to the number of tracker layers hitting boundaries. Setting those entries to their initial value.
There are 21138 events with muon pt outside of [26,200] GeV. Setting those entries to their initial value.
There are 24961 events with muon pt outside of [26,200] GeV. Setting those entries to their initial value.
There are 24962 events with muon pt outside of [26,200] GeV. Setting those entries to their initial value.
There are 232 nan entries in the corrected pt. This might be due to the number of tracker layers hitting boundaries. Setting those entries to their initial value.
There are 21146 events with muon pt outside of [26,200] GeV. Setting those entries to their initial value.
There are 21261 events with muon pt outside of [26,200] GeV. Setting those entries to their initial value.
There are 23088 events with muon pt outside of [26,200] GeV. Setting those entries to their initial value.
There are 23093 events with muon pt outside of [26,200] GeV. Setting those entries to their initial value.
There are 191 nan entries in the corrected pt. This might be due to the number of tracker layers hitting boundaries. Setting those entries to their initial value.
There are 19950 events with muon pt outside of [26,200] GeV. Setting those entries to their initial value.
There are 23134 events with muon pt outside of [26,200] GeV. Setting those entries to their initial value.
There are 23134 events with muon pt outside of [26,200] GeV. Setting those entries to their initial value.
There are 205 nan entries in the corrected pt. This might be due to the number of tracker layers hitting boundaries. Setting those entries to their initial value.
There are 19749 events with muon pt outside of [26,200] GeV. Setting those entries to their initial value.
There are 23334 events with muon pt outside of [26,200] GeV. Setting those entries to their initial value.
There are 23334 events with muon pt outside of [26,200] GeV. Setting those entries to their initial value.
There are 207 nan entries in the corrected pt. This might be due to the number of tracker layers hitting boundaries. Setting those entries to their initial value.
There are 19782 events with muon pt outside of [26,200] GeV. Setting those entries to their initial value.
There are 23549 events with muon pt outside of [26,200] GeV. Setting those entries to their initial value.
There are 23552 events with muon pt outside of [26,200] GeV. Setting those entries to their initial value.
There are 169 nan entries in the corrected pt. This might be due to the number of tracker layers hitting boundaries. Setting those entries to their initial value.
There are 20175 events with muon pt outside of [26,200] GeV. Setting those entries to their initial value.
There are 23633 events with muon pt outside of [26,200] GeV. Setting those entries to their initial value.
There are 23636 events with muon pt outside of [26,200] GeV. Setting those entries to their initial value.
There are 202 nan entries in the corrected pt. This might be due to the number of tracker layers hitting boundaries. Setting those entries to their initial value.
There are 20049 events with muon pt outside of [26,200] GeV. Setting those entries to their initial value.
There are 23869 events with muon pt outside of [26,200] GeV. Setting those entries to their initial value.
There are 23870 events with muon pt outside of [26,200] GeV. Setting those entries to their initial value.
There are 204 nan entries in the corrected pt. This might be due to the number of tracker layers hitting boundaries. Setting those entries to their initial value.
There are 20211 events with muon pt outside of [26,200] GeV. Setting those entries to their initial value.
There are 22344 events with muon pt outside of [26,200] GeV. Setting those entries to their initial value.
There are 22346 events with muon pt outside of [26,200] GeV. Setting those entries to their initial value.
There are 183 nan entries in the corrected pt. This might be due to the number of tracker layers hitting boundaries. Setting those entries to their initial value.
There are 19350 events with muon pt outside of [26,200] GeV. Setting those entries to their initial value.
There are 21754 events with muon pt outside of [26,200] GeV. Setting those entries to their initial value.
There are 21756 events with muon pt outside of [26,200] GeV. Setting those entries to their initial value.
There are 176 nan entries in the corrected pt. This might be due to the number of tracker layers hitting boundaries. Setting those entries to their initial value.
There are 18687 events with muon pt outside of [26,200] GeV. Setting those entries to their initial value.
There are 22038 events with muon pt outside of [26,200] GeV. Setting those entries to their initial value.
There are 22042 events with muon pt outside of [26,200] GeV. Setting those entries to their initial value.
There are 191 nan entries in the corrected pt. This might be due to the number of tracker layers hitting boundaries. Setting those entries to their initial value.
There are 18927 events with muon pt outside of [26,200] GeV. Setting those entries to their initial value.
There are 24074 events with muon pt outside of [26,200] GeV. Setting those entries to their initial value.
There are 24076 events with muon pt outside of [26,200] GeV. Setting those entries to their initial value.
There are 192 nan entries in the corrected pt. This might be due to the number of tracker layers hitting boundaries. Setting those entries to their initial value.
There are 20478 events with muon pt outside of [26,200] GeV. Setting those entries to their initial value.
There are 23681 events with muon pt outside of [26,200] GeV. Setting those entries to their initial value.
There are 23686 events with muon pt outside of [26,200] GeV. Setting those entries to their initial value.
There are 211 nan entries in the corrected pt. This might be due to the number of tracker layers hitting boundaries. Setting those entries to their initial value.
There are 20664 events with muon pt outside of [26,200] GeV. Setting those entries to their initial value.
There are 24860 events with muon pt outside of [26,200] GeV. Setting those entries to their initial value.
There are 24864 events with muon pt outside of [26,200] GeV. Setting those entries to their initial value.
There are 234 nan entries in the corrected pt. This might be due to the number of tracker layers hitting boundaries. Setting those entries to their initial value.
There are 21125 events with muon pt outside of [26,200] GeV. Setting those entries to their initial value.
There are 24787 events with muon pt outside of [26,200] GeV. Setting those entries to their initial value.
There are 24788 events with muon pt outside of [26,200] GeV. Setting those entries to their initial value.
There are 230 nan entries in the corrected pt. This might be due to the number of tracker layers hitting boundaries. Setting those entries to their initial value.
There are 21342 events with muon pt outside of [26,200] GeV. Setting those entries to their initial value.
There are 24437 events with muon pt outside of [26,200] GeV. Setting those entries to their initial value.
There are 24440 events with muon pt outside of [26,200] GeV. Setting those entries to their initial value.
There are 201 nan entries in the corrected pt. This might be due to the number of tracker layers hitting boundaries. Setting those entries to their initial value.
There are 21252 events with muon pt outside of [26,200] GeV. Setting those entries to their initial value.
There are 24628 events with muon pt outside of [26,200] GeV. Setting those entries to their initial value.
There are 24631 events with muon pt outside of [26,200] GeV. Setting those entries to their initial value.
There are 209 nan entries in the corrected pt. This might be due to the number of tracker layers hitting boundaries. Setting those entries to their initial value.
There are 21437 events with muon pt outside of [26,200] GeV. Setting those entries to their initial value.
There are 24777 events with muon pt outside of [26,200] GeV. Setting those entries to their initial value.
There are 24780 events with muon pt outside of [26,200] GeV. Setting those entries to their initial value.
There are 193 nan entries in the corrected pt. This might be due to the number of tracker layers hitting boundaries. Setting those entries to their initial value.
There are 21177 events with muon pt outside of [26,200] GeV. Setting those entries to their initial value.
There are 23184 events with muon pt outside of [26,200] GeV. Setting those entries to their initial value.
There are 23187 events with muon pt outside of [26,200] GeV. Setting those entries to their initial value.
There are 191 nan entries in the corrected pt. This might be due to the number of tracker layers hitting boundaries. Setting those entries to their initial value.
There are 19873 events with muon pt outside of [26,200] GeV. Setting those entries to their initial value.
There are 23533 events with muon pt outside of [26,200] GeV. Setting those entries to their initial value.
There are 23536 events with muon pt outside of [26,200] GeV. Setting those entries to their initial value.
There are 248 nan entries in the corrected pt. This might be due to the number of tracker layers hitting boundaries. Setting those entries to their initial value.
There are 19826 events with muon pt outside of [26,200] GeV. Setting those entries to their initial value.
There are 23421 events with muon pt outside of [26,200] GeV. Setting those entries to their initial value.
There are 23421 events with muon pt outside of [26,200] GeV. Setting those entries to their initial value.
There are 195 nan entries in the corrected pt. This might be due to the number of tracker layers hitting boundaries. Setting those entries to their initial value.
There are 20251 events with muon pt outside of [26,200] GeV. Setting those entries to their initial value.
There are 23439 events with muon pt outside of [26,200] GeV. Setting those entries to their initial value.
There are 23444 events with muon pt outside of [26,200] GeV. Setting those entries to their initial value.
There are 175 nan entries in the corrected pt. This might be due to the number of tracker layers hitting boundaries. Setting those entries to their initial value.
There are 20012 events with muon pt outside of [26,200] GeV. Setting those entries to their initial value.
There are 23823 events with muon pt outside of [26,200] GeV. Setting those entries to their initial value.
There are 23825 events with muon pt outside of [26,200] GeV. Setting those entries to their initial value.
There are 199 nan entries in the corrected pt. This might be due to the number of tracker layers hitting boundaries. Setting those entries to their initial value.
There are 20065 events with muon pt outside of [26,200] GeV. Setting those entries to their initial value.
There are 23657 events with muon pt outside of [26,200] GeV. Setting those entries to their initial value.
There are 23660 events with muon pt outside of [26,200] GeV. Setting those entries to their initial value.
There are 191 nan entries in the corrected pt. This might be due to the number of tracker layers hitting boundaries. Setting those entries to their initial value.
There are 20160 events with muon pt outside of [26,200] GeV. Setting those entries to their initial value.
There are 24310 events with muon pt outside of [26,200] GeV. Setting those entries to their initial value.
There are 24311 events with muon pt outside of [26,200] GeV. Setting those entries to their initial value.
There are 194 nan entries in the corrected pt. This might be due to the number of tracker layers hitting boundaries. Setting those entries to their initial value.
There are 20695 events with muon pt outside of [26,200] GeV. Setting those entries to their initial value.
There are 22356 events with muon pt outside of [26,200] GeV. Setting those entries to their initial value.
There are 22360 events with muon pt outside of [26,200] GeV. Setting those entries to their initial value.
There are 188 nan entries in the corrected pt. This might be due to the number of tracker layers hitting boundaries. Setting those entries to their initial value.
There are 19271 events with muon pt outside of [26,200] GeV. Setting those entries to their initial value.
There are 22638 events with muon pt outside of [26,200] GeV. Setting those entries to their initial value.
There are 22640 events with muon pt outside of [26,200] GeV. Setting those entries to their initial value.
There are 225 nan entries in the corrected pt. This might be due to the number of tracker layers hitting boundaries. Setting those entries to their initial value.
There are 19333 events with muon pt outside of [26,200] GeV. Setting those entries to their initial value.
There are 24423 events with muon pt outside of [26,200] GeV. Setting those entries to their initial value.
There are 24424 events with muon pt outside of [26,200] GeV. Setting those entries to their initial value.
There are 196 nan entries in the corrected pt. This might be due to the number of tracker layers hitting boundaries. Setting those entries to their initial value.
There are 20343 events with muon pt outside of [26,200] GeV. Setting those entries to their initial value.
There are 23913 events with muon pt outside of [26,200] GeV. Setting those entries to their initial value.
There are 23916 events with muon pt outside of [26,200] GeV. Setting those entries to their initial value.
There are 228 nan entries in the corrected pt. This might be due to the number of tracker layers hitting boundaries. Setting those entries to their initial value.
There are 20488 events with muon pt outside of [26,200] GeV. Setting those entries to their initial value.
There are 23892 events with muon pt outside of [26,200] GeV. Setting those entries to their initial value.
There are 23893 events with muon pt outside of [26,200] GeV. Setting those entries to their initial value.
There are 212 nan entries in the corrected pt. This might be due to the number of tracker layers hitting boundaries. Setting those entries to their initial value.
There are 20420 events with muon pt outside of [26,200] GeV. Setting those entries to their initial value.
There are 24637 events with muon pt outside of [26,200] GeV. Setting those entries to their initial value.
There are 24639 events with muon pt outside of [26,200] GeV. Setting those entries to their initial value.
There are 193 nan entries in the corrected pt. This might be due to the number of tracker layers hitting boundaries. Setting those entries to their initial value.
There are 20931 events with muon pt outside of [26,200] GeV. Setting those entries to their initial value.
There are 24625 events with muon pt outside of [26,200] GeV. Setting those entries to their initial value.
There are 24627 events with muon pt outside of [26,200] GeV. Setting those entries to their initial value.
There are 236 nan entries in the corrected pt. This might be due to the number of tracker layers hitting boundaries. Setting those entries to their initial value.
There are 21169 events with muon pt outside of [26,200] GeV. Setting those entries to their initial value.
There are 24779 events with muon pt outside of [26,200] GeV. Setting those entries to their initial value.
There are 24779 events with muon pt outside of [26,200] GeV. Setting those entries to their initial value.
There are 205 nan entries in the corrected pt. This might be due to the number of tracker layers hitting boundaries. Setting those entries to their initial value.
There are 21138 events with muon pt outside of [26,200] GeV. Setting those entries to their initial value.
There are 24913 events with muon pt outside of [26,200] GeV. Setting those entries to their initial value.
There are 24915 events with muon pt outside of [26,200] GeV. Setting those entries to their initial value.
There are 220 nan entries in the corrected pt. This might be due to the number of tracker layers hitting boundaries. Setting those entries to their initial value.
There are 21511 events with muon pt outside of [26,200] GeV. Setting those entries to their initial value.
