000 (14722373.003.000) 02/25 15:24:03 Job submitted from host: <188.184.90.62:9618?addrs=188.184.90.62-9618+[2001-1458-201-e4--100-238]-9618&alias=bigbird16.cern.ch&noUDP&sock=schedd_5196_9a2f>
...
040 (14722373.003.000) 02/25 15:27:12 Started transferring input files
	Transferring to host: <188.185.195.82:9618?addrs=188.185.195.82-9618+[2001-1458-303-22--100-4e]-9618&alias=b9p17p8232.cern.ch&noUDP&sock=slot1_9_5537_113a_157458>
...
040 (14722373.003.000) 02/25 15:27:12 Finished transferring input files
...
001 (14722373.003.000) 02/25 15:27:13 Job executing on host: <188.185.195.82:9618?addrs=188.185.195.82-9618+[2001-1458-303-22--100-4e]-9618&alias=b9p17p8232.cern.ch&noUDP&sock=startd_4357_1e3a>
	SlotName: slot1_9@b9p17p8232.cern.ch
	CondorScratchDir = "/pool/condor/dir_2063127"
	Cpus = 1
	Disk = 3815
	GPUs = 0
	Memory = 3000
...
006 (14722373.003.000) 02/25 15:27:27 Image size of job updated: 486584
	476  -  MemoryUsage of job (MB)
	486584  -  ResidentSetSize of job (KB)
...
006 (14722373.003.000) 02/25 15:32:27 Image size of job updated: 2963228
	2877  -  MemoryUsage of job (MB)
	2945456  -  ResidentSetSize of job (KB)
...
006 (14722373.003.000) 02/25 15:37:28 Image size of job updated: 3363928
	3225  -  MemoryUsage of job (MB)
	3301772  -  ResidentSetSize of job (KB)
...
006 (14722373.003.000) 02/25 15:42:28 Image size of job updated: 3376020
	3286  -  MemoryUsage of job (MB)
	3364072  -  ResidentSetSize of job (KB)
...
040 (14722373.003.000) 02/25 15:43:16 Started transferring output files
...
040 (14722373.003.000) 02/25 15:43:16 Finished transferring output files
...
005 (14722373.003.000) 02/25 15:43:16 Job terminated.
	(1) Normal termination (return value 1)
		Usr 0 00:29:28, Sys 0 00:00:30  -  Run Remote Usage
		Usr 0 00:00:00, Sys 0 00:00:00  -  Run Local Usage
		Usr 0 00:29:28, Sys 0 00:00:30  -  Total Remote Usage
		Usr 0 00:00:00, Sys 0 00:00:00  -  Total Local Usage
	53765  -  Run Bytes Sent By Job
	29665  -  Run Bytes Received By Job
	53765  -  Total Bytes Sent By Job
	29665  -  Total Bytes Received By Job
	Partitionable Resources :    Usage  Request Allocated 
	   Cpus                 :     3.16        1         1 
	   Disk (KB)            :   108          32      3815 
	   GPUs                 :                           0 
	   Memory (MB)          :  3286        3000      3000 
	   TimeExecute (s)      :   963                       
	   TimeSlotBusy (s)     :   965                       

	Job terminated of its own accord at 2026-02-25T14:43:16Z with exit-code 1.
...
