000 (14737668.002.000) 02/25 20:32:30 Job submitted from host: <188.184.90.62:9618?addrs=188.184.90.62-9618+[2001-1458-201-e4--100-238]-9618&alias=bigbird16.cern.ch&noUDP&sock=schedd_5196_9a2f>
...
040 (14737668.002.000) 02/25 20:36:06 Started transferring input files
	Transferring to host: <188.185.213.64:9618?addrs=188.185.213.64-9618+[2001-1458-303-1a--100-3c]-9618&alias=b9p27p1896.cern.ch&noUDP&sock=slot1_22_2344309_843c_91188>
...
040 (14737668.002.000) 02/25 20:36:06 Finished transferring input files
...
001 (14737668.002.000) 02/25 20:36:07 Job executing on host: <188.185.213.64:9618?addrs=188.185.213.64-9618+[2001-1458-303-1a--100-3c]-9618&alias=b9p27p1896.cern.ch&noUDP&sock=startd_2340743_94f2>
	SlotName: slot1_22@b9p27p1896.cern.ch
	CondorScratchDir = "/pool/condor/dir_4191669"
	Cpus = 1
	Disk = 3791
	GPUs = 0
	Memory = 3000
...
006 (14737668.002.000) 02/25 20:36:21 Image size of job updated: 488008
	477  -  MemoryUsage of job (MB)
	488008  -  ResidentSetSize of job (KB)
...
006 (14737668.002.000) 02/25 20:40:31 Image size of job updated: 3034184
	477  -  MemoryUsage of job (MB)
	488008  -  ResidentSetSize of job (KB)
...
040 (14737668.002.000) 02/25 20:40:32 Started transferring output files
...
040 (14737668.002.000) 02/25 20:40:32 Finished transferring output files
...
005 (14737668.002.000) 02/25 20:40:32 Job terminated.
	(1) Normal termination (return value 1)
		Usr 0 00:11:25, Sys 0 00:00:21  -  Run Remote Usage
		Usr 0 00:00:00, Sys 0 00:00:00  -  Run Local Usage
		Usr 0 00:11:25, Sys 0 00:00:21  -  Total Remote Usage
		Usr 0 00:00:00, Sys 0 00:00:00  -  Total Local Usage
	33187  -  Run Bytes Sent By Job
	29697  -  Run Bytes Received By Job
	33187  -  Total Bytes Sent By Job
	29697  -  Total Bytes Received By Job
	Partitionable Resources :    Usage  Request Allocated 
	   Cpus                 :        0        1         1 
	   Disk (KB)            :       88       32      3791 
	   GPUs                 :                           0 
	   Memory (MB)          :      477     3000      3000 
	   TimeExecute (s)      :      264                    
	   TimeSlotBusy (s)     :      267                    

	Job terminated of its own accord at 2026-02-25T19:40:31Z with exit-code 1.
...
