000 (14752954.000.000) 02/26 16:23:21 Job submitted from host: <188.184.90.62:9618?addrs=188.184.90.62-9618+[2001-1458-201-e4--100-238]-9618&alias=bigbird16.cern.ch&noUDP&sock=schedd_5196_9a2f>
...
040 (14752954.000.000) 02/26 16:27:15 Started transferring input files
	Transferring to host: <188.185.204.183:9618?addrs=188.185.204.183-9618+[2001-1458-303-8--100-ab]-9618&alias=b9p02p1447.cern.ch&noUDP&sock=slot1_38_4254_13e6_148534>
...
040 (14752954.000.000) 02/26 16:27:15 Finished transferring input files
...
001 (14752954.000.000) 02/26 16:27:16 Job executing on host: <188.185.204.183:9618?addrs=188.185.204.183-9618+[2001-1458-303-8--100-ab]-9618&alias=b9p02p1447.cern.ch&noUDP&sock=startd_3622_f81e>
	SlotName: slot1_38@b9p02p1447.cern.ch
	CondorScratchDir = "/pool/condor/dir_1719435"
	Cpus = 1
	Disk = 3687
	GPUs = 0
	Memory = 3000
...
006 (14752954.000.000) 02/26 16:27:30 Image size of job updated: 81356
	80  -  MemoryUsage of job (MB)
	81356  -  ResidentSetSize of job (KB)
...
006 (14752954.000.000) 02/26 16:27:38 Image size of job updated: 474772
	80  -  MemoryUsage of job (MB)
	81384  -  ResidentSetSize of job (KB)
...
040 (14752954.000.000) 02/26 16:27:38 Started transferring output files
...
040 (14752954.000.000) 02/26 16:27:39 Finished transferring output files
...
005 (14752954.000.000) 02/26 16:27:39 Job terminated.
	(1) Normal termination (return value 1)
		Usr 0 00:00:04, Sys 0 00:00:02  -  Run Remote Usage
		Usr 0 00:00:00, Sys 0 00:00:00  -  Run Local Usage
		Usr 0 00:00:04, Sys 0 00:00:02  -  Total Remote Usage
		Usr 0 00:00:00, Sys 0 00:00:00  -  Total Local Usage
	10999  -  Run Bytes Sent By Job
	29697  -  Run Bytes Received By Job
	10999  -  Total Bytes Sent By Job
	29697  -  Total Bytes Received By Job
	Partitionable Resources :    Usage  Request Allocated 
	   Cpus                 :        0        1         1 
	   Disk (KB)            :       69       32      3687 
	   GPUs                 :                           0 
	   Memory (MB)          :       80     3000      3000 
	   TimeExecute (s)      :       22                    
	   TimeSlotBusy (s)     :       25                    

	Job terminated of its own accord at 2026-02-26T15:27:38Z with exit-code 1.
...
