000 (14729955.000.000) 02/25 17:14:39 Job submitted from host: <188.184.90.62:9618?addrs=188.184.90.62-9618+[2001-1458-201-e4--100-238]-9618&alias=bigbird16.cern.ch&noUDP&sock=schedd_5196_9a2f>
...
040 (14729955.000.000) 02/25 17:18:33 Started transferring input files
	Transferring to host: <188.185.213.136:9618?addrs=188.185.213.136-9618+[2001-1458-303-1b--100-4]-9618&alias=b9p28p6769.cern.ch&noUDP&sock=slot1_26_6579_4025_128353>
...
040 (14729955.000.000) 02/25 17:18:33 Finished transferring input files
...
001 (14729955.000.000) 02/25 17:18:34 Job executing on host: <188.185.213.136:9618?addrs=188.185.213.136-9618+[2001-1458-303-1b--100-4]-9618&alias=b9p28p6769.cern.ch&noUDP&sock=startd_6239_0377>
	SlotName: slot1_26@b9p28p6769.cern.ch
	CondorScratchDir = "/pool/condor/dir_382811"
	Cpus = 1
	Disk = 3849
	GPUs = 0
	Memory = 3000
...
006 (14729955.000.000) 02/25 17:18:48 Image size of job updated: 492464
	481  -  MemoryUsage of job (MB)
	492464  -  ResidentSetSize of job (KB)
...
006 (14729955.000.000) 02/25 17:20:09 Image size of job updated: 890856
	482  -  MemoryUsage of job (MB)
	493156  -  ResidentSetSize of job (KB)
...
040 (14729955.000.000) 02/25 17:20:09 Started transferring output files
...
040 (14729955.000.000) 02/25 17:20:09 Finished transferring output files
...
005 (14729955.000.000) 02/25 17:20:09 Job terminated.
	(1) Normal termination (return value 1)
		Usr 0 00:01:59, Sys 0 00:00:04  -  Run Remote Usage
		Usr 0 00:00:00, Sys 0 00:00:00  -  Run Local Usage
		Usr 0 00:01:59, Sys 0 00:00:04  -  Total Remote Usage
		Usr 0 00:00:00, Sys 0 00:00:00  -  Total Local Usage
	17557  -  Run Bytes Sent By Job
	10520  -  Run Bytes Received By Job
	17557  -  Total Bytes Sent By Job
	10520  -  Total Bytes Received By Job
	Partitionable Resources :    Usage  Request Allocated 
	   Cpus                 :        0        1         1 
	   Disk (KB)            :       53       15      3849 
	   GPUs                 :                           0 
	   Memory (MB)          :      482     3000      3000 
	   TimeExecute (s)      :       95                    
	   TimeSlotBusy (s)     :       97                    

	Job terminated of its own accord at 2026-02-25T16:20:09Z with exit-code 1.
...
