subject   : /DC=ch/DC=cern/OU=Organic Units/OU=Users/CN=driosper/CN=886669/CN=Diego Alejandro Rios Perez/CN=3192939875
issuer    : /DC=ch/DC=cern/OU=Organic Units/OU=Users/CN=driosper/CN=886669/CN=Diego Alejandro Rios Perez
identity  : /DC=ch/DC=cern/OU=Organic Units/OU=Users/CN=driosper/CN=886669/CN=Diego Alejandro Rios Perez
type      : RFC compliant proxy
strength  : 2048 bits
path      : /afs/cern.ch/user/d/driosper/private/x509up_u182284
timeleft  : 9:21:04
key usage : Digital Signature, Key Encipherment
=== VO cms extension information ===
VO        : cms
subject   : /DC=ch/DC=cern/OU=Organic Units/OU=Users/CN=driosper/CN=886669/CN=Diego Alejandro Rios Perez
issuer    : /DC=ch/DC=cern/OU=computers/CN=cms-auth.cern.ch
attribute : /cms/Role=NULL/Capability=NULL
timeleft  : 9:21:04
uri       : voms-cms-auth.cern.ch:15000
--workflow ztoee --year 2022preEE --output_path /eos/user/d/driosper/bsm3g_coffea/outputs/ztoee/2022preEE/TbarBQ --output_format coffea --dataset TbarBQ_1 --partition_json /srv/partition_fileset.json
  Preprocessing 100% ━━━━━━━━━━━━━━━━━━ 9/9 [ 0:00:13 < 0:00:00 | 0.8   file/s ]
Merging (local) 100% ━━━━━━━━━━━━━━━━━━ 9/9 [ 0:00:13 < 0:00:00 | ?   merges/s ]
     Processing  44% ━━━━━━━━           4/9 [ 0:00:35 < 0:00:37 | 0.1  chunk/s ]
Merging (local) 100% ━━━━━━━━━━━━━━━━━━ 3/3 [ 0:00:32 < 0:00:00 | ?   merges/s ]
There are 1190 events with muon pt outside of [26,200] GeV. Setting those entries to their initial value.
There are 1191 events with muon pt outside of [26,200] GeV. Setting those entries to their initial value.
There are 3 nan entries in the corrected pt. This might be due to the number of tracker layers hitting boundaries. Setting those entries to their initial value.
There are 1298 events with muon pt outside of [26,200] GeV. Setting those entries to their initial value.
There are 2120 events with muon pt outside of [26,200] GeV. Setting those entries to their initial value.
There are 2120 events with muon pt outside of [26,200] GeV. Setting those entries to their initial value.
There are 8 nan entries in the corrected pt. This might be due to the number of tracker layers hitting boundaries. Setting those entries to their initial value.
There are 2284 events with muon pt outside of [26,200] GeV. Setting those entries to their initial value.
There are 11233 events with muon pt outside of [26,200] GeV. Setting those entries to their initial value.
There are 11233 events with muon pt outside of [26,200] GeV. Setting those entries to their initial value.
There are 39 nan entries in the corrected pt. This might be due to the number of tracker layers hitting boundaries. Setting those entries to their initial value.
There are 12751 events with muon pt outside of [26,200] GeV. Setting those entries to their initial value.
There are 459 events with muon pt outside of [26,200] GeV. Setting those entries to their initial value.
There are 459 events with muon pt outside of [26,200] GeV. Setting those entries to their initial value.
There are 513 events with muon pt outside of [26,200] GeV. Setting those entries to their initial value.
There are 1365 events with muon pt outside of [26,200] GeV. Setting those entries to their initial value.
There are 1365 events with muon pt outside of [26,200] GeV. Setting those entries to their initial value.
There are 3 nan entries in the corrected pt. This might be due to the number of tracker layers hitting boundaries. Setting those entries to their initial value.
There are 1594 events with muon pt outside of [26,200] GeV. Setting those entries to their initial value.
There are 3953 events with muon pt outside of [26,200] GeV. Setting those entries to their initial value.
There are 3953 events with muon pt outside of [26,200] GeV. Setting those entries to their initial value.
There are 11 nan entries in the corrected pt. This might be due to the number of tracker layers hitting boundaries. Setting those entries to their initial value.
There are 4488 events with muon pt outside of [26,200] GeV. Setting those entries to their initial value.
There are 11043 events with muon pt outside of [26,200] GeV. Setting those entries to their initial value.
There are 11043 events with muon pt outside of [26,200] GeV. Setting those entries to their initial value.
There are 34 nan entries in the corrected pt. This might be due to the number of tracker layers hitting boundaries. Setting those entries to their initial value.
There are 12253 events with muon pt outside of [26,200] GeV. Setting those entries to their initial value.
There are 248 events with muon pt outside of [26,200] GeV. Setting those entries to their initial value.
There are 248 events with muon pt outside of [26,200] GeV. Setting those entries to their initial value.
There are 1 nan entries in the corrected pt. This might be due to the number of tracker layers hitting boundaries. Setting those entries to their initial value.
There are 261 events with muon pt outside of [26,200] GeV. Setting those entries to their initial value.
There are 675 events with muon pt outside of [26,200] GeV. Setting those entries to their initial value.
There are 675 events with muon pt outside of [26,200] GeV. Setting those entries to their initial value.
There are 5 nan entries in the corrected pt. This might be due to the number of tracker layers hitting boundaries. Setting those entries to their initial value.
There are 792 events with muon pt outside of [26,200] GeV. Setting those entries to their initial value.
