000 (14737673.003.000) 02/25 20:32:38 Job submitted from host: <188.184.90.62:9618?addrs=188.184.90.62-9618+[2001-1458-201-e4--100-238]-9618&alias=bigbird16.cern.ch&noUDP&sock=schedd_5196_9a2f>
...
040 (14737673.003.000) 02/25 20:36:20 Started transferring input files
	Transferring to host: <188.185.215.58:9618?addrs=188.185.215.58-9618+[2001-1458-303-1e--100-36]-9618&alias=b9p31p2887.cern.ch&noUDP&sock=slot1_8_4328_37a9_175734>
...
040 (14737673.003.000) 02/25 20:36:20 Finished transferring input files
...
001 (14737673.003.000) 02/25 20:36:21 Job executing on host: <188.185.215.58:9618?addrs=188.185.215.58-9618+[2001-1458-303-1e--100-36]-9618&alias=b9p31p2887.cern.ch&noUDP&sock=startd_3679_1104>
	SlotName: slot1_8@b9p31p2887.cern.ch
	CondorScratchDir = "/pool/condor/dir_4026263"
	Cpus = 1
	Disk = 3723
	GPUs = 0
	Memory = 3000
...
006 (14737673.003.000) 02/25 20:36:36 Image size of job updated: 161704
	158  -  MemoryUsage of job (MB)
	161704  -  ResidentSetSize of job (KB)
...
006 (14737673.003.000) 02/25 20:38:22 Image size of job updated: 1213332
	158  -  MemoryUsage of job (MB)
	161740  -  ResidentSetSize of job (KB)
...
040 (14737673.003.000) 02/25 20:38:22 Started transferring output files
...
040 (14737673.003.000) 02/25 20:38:23 Finished transferring output files
...
005 (14737673.003.000) 02/25 20:38:23 Job terminated.
	(1) Normal termination (return value 0)
		Usr 0 00:02:40, Sys 0 00:00:06  -  Run Remote Usage
		Usr 0 00:00:00, Sys 0 00:00:00  -  Run Local Usage
		Usr 0 00:02:40, Sys 0 00:00:06  -  Total Remote Usage
		Usr 0 00:00:00, Sys 0 00:00:00  -  Total Local Usage
	12144  -  Run Bytes Sent By Job
	10463  -  Run Bytes Received By Job
	12144  -  Total Bytes Sent By Job
	10463  -  Total Bytes Received By Job
	Partitionable Resources :    Usage  Request Allocated 
	   Cpus                 :        0        1         1 
	   Disk (KB)            :       48       15      3723 
	   GPUs                 :                           0 
	   Memory (MB)          :      158     3000      3000 
	   TimeExecute (s)      :      121                    
	   TimeSlotBusy (s)     :      124                    

	Job terminated of its own accord at 2026-02-25T19:38:22Z with exit-code 0.
...
