000 (14752958.000.000) 02/26 16:23:22 Job submitted from host: <188.184.90.62:9618?addrs=188.184.90.62-9618+[2001-1458-201-e4--100-238]-9618&alias=bigbird16.cern.ch&noUDP&sock=schedd_5196_9a2f>
...
040 (14752958.000.000) 02/26 16:27:22 Started transferring input files
	Transferring to host: <188.185.214.41:9618?addrs=188.185.214.41-9618+[2001-1458-303-1c--100-25]-9618&alias=b9p29p3727.cern.ch&noUDP&sock=slot1_19_7956_78bd_172846>
...
040 (14752958.000.000) 02/26 16:27:22 Finished transferring input files
...
001 (14752958.000.000) 02/26 16:27:23 Job executing on host: <188.185.214.41:9618?addrs=188.185.214.41-9618+[2001-1458-303-1c--100-25]-9618&alias=b9p29p3727.cern.ch&noUDP&sock=startd_7068_a37a>
	SlotName: slot1_19@b9p29p3727.cern.ch
	CondorScratchDir = "/pool/condor/dir_1737586"
	Cpus = 1
	Disk = 3844
	GPUs = 0
	Memory = 3000
...
006 (14752958.000.000) 02/26 16:27:37 Image size of job updated: 178212
	175  -  MemoryUsage of job (MB)
	178212  -  ResidentSetSize of job (KB)
...
040 (14752958.000.000) 02/26 16:27:38 Started transferring output files
...
040 (14752958.000.000) 02/26 16:27:38 Finished transferring output files
...
005 (14752958.000.000) 02/26 16:27:39 Job terminated.
	(1) Normal termination (return value 1)
		Usr 0 00:00:05, Sys 0 00:00:02  -  Run Remote Usage
		Usr 0 00:00:00, Sys 0 00:00:00  -  Run Local Usage
		Usr 0 00:00:05, Sys 0 00:00:02  -  Total Remote Usage
		Usr 0 00:00:00, Sys 0 00:00:00  -  Total Local Usage
	15334  -  Run Bytes Sent By Job
	10457  -  Run Bytes Received By Job
	15334  -  Total Bytes Sent By Job
	10457  -  Total Bytes Received By Job
	Partitionable Resources :    Usage  Request Allocated 
	   Cpus                 :        0        1         1 
	   Disk (KB)            :       49       15      3844 
	   GPUs                 :                           0 
	   Memory (MB)          :      175     3000      3000 
	   TimeExecute (s)      :       15                    
	   TimeSlotBusy (s)     :       17                    

	Job terminated of its own accord at 2026-02-26T15:27:38Z with exit-code 1.
...
