subject   : /DC=ch/DC=cern/OU=Organic Units/OU=Users/CN=driosper/CN=886669/CN=Diego Alejandro Rios Perez/CN=3192939875
issuer    : /DC=ch/DC=cern/OU=Organic Units/OU=Users/CN=driosper/CN=886669/CN=Diego Alejandro Rios Perez
identity  : /DC=ch/DC=cern/OU=Organic Units/OU=Users/CN=driosper/CN=886669/CN=Diego Alejandro Rios Perez
type      : RFC compliant proxy
strength  : 2048 bits
path      : /afs/cern.ch/user/d/driosper/private/x509up_u182284
timeleft  : 9:21:04
key usage : Digital Signature, Key Encipherment
=== VO cms extension information ===
VO        : cms
subject   : /DC=ch/DC=cern/OU=Organic Units/OU=Users/CN=driosper/CN=886669/CN=Diego Alejandro Rios Perez
issuer    : /DC=ch/DC=cern/OU=computers/CN=cms-auth.cern.ch
attribute : /cms/Role=NULL/Capability=NULL
timeleft  : 9:21:04
uri       : voms-cms-auth.cern.ch:15000
--workflow ztoee --year 2022preEE --output_path /eos/user/d/driosper/bsm3g_coffea/outputs/ztoee/2022preEE/TbarBQ --output_format coffea --dataset TbarBQ_3 --partition_json /srv/partition_fileset.json
  Preprocessing 100% ━━━━━━━━━━━━━━━━━━ 9/9 [ 0:00:16 < 0:00:00 | 0.6   file/s ]
Merging (local) 100% ━━━━━━━━━━━━━━━━━━ 9/9 [ 0:00:16 < 0:00:00 | ?   merges/s ]
     Processing  11% ━━                   1/9 [ 0:00:23 < -:--:-- | ?  chunk/s ]
Merging (local)   0% ━━━━━━━━━━━━━━━━━━━━ 0/0 [ 0:00:02 < 0:00:00 | ? merges/s ]
There are 7078 events with muon pt outside of [26,200] GeV. Setting those entries to their initial value.
There are 7078 events with muon pt outside of [26,200] GeV. Setting those entries to their initial value.
There are 29 nan entries in the corrected pt. This might be due to the number of tracker layers hitting boundaries. Setting those entries to their initial value.
There are 8054 events with muon pt outside of [26,200] GeV. Setting those entries to their initial value.
There are 5702 events with muon pt outside of [26,200] GeV. Setting those entries to their initial value.
There are 5703 events with muon pt outside of [26,200] GeV. Setting those entries to their initial value.
There are 18 nan entries in the corrected pt. This might be due to the number of tracker layers hitting boundaries. Setting those entries to their initial value.
There are 6440 events with muon pt outside of [26,200] GeV. Setting those entries to their initial value.
There are 23448 events with muon pt outside of [26,200] GeV. Setting those entries to their initial value.
There are 23449 events with muon pt outside of [26,200] GeV. Setting those entries to their initial value.
There are 71 nan entries in the corrected pt. This might be due to the number of tracker layers hitting boundaries. Setting those entries to their initial value.
There are 26371 events with muon pt outside of [26,200] GeV. Setting those entries to their initial value.
There are 33646 events with muon pt outside of [26,200] GeV. Setting those entries to their initial value.
There are 33647 events with muon pt outside of [26,200] GeV. Setting those entries to their initial value.
There are 121 nan entries in the corrected pt. This might be due to the number of tracker layers hitting boundaries. Setting those entries to their initial value.
There are 37406 events with muon pt outside of [26,200] GeV. Setting those entries to their initial value.
There are 18649 events with muon pt outside of [26,200] GeV. Setting those entries to their initial value.
There are 18650 events with muon pt outside of [26,200] GeV. Setting those entries to their initial value.
There are 67 nan entries in the corrected pt. This might be due to the number of tracker layers hitting boundaries. Setting those entries to their initial value.
There are 21184 events with muon pt outside of [26,200] GeV. Setting those entries to their initial value.
There are 9910 events with muon pt outside of [26,200] GeV. Setting those entries to their initial value.
There are 9910 events with muon pt outside of [26,200] GeV. Setting those entries to their initial value.
There are 37 nan entries in the corrected pt. This might be due to the number of tracker layers hitting boundaries. Setting those entries to their initial value.
There are 11129 events with muon pt outside of [26,200] GeV. Setting those entries to their initial value.
There are 6198 events with muon pt outside of [26,200] GeV. Setting those entries to their initial value.
There are 6198 events with muon pt outside of [26,200] GeV. Setting those entries to their initial value.
There are 30 nan entries in the corrected pt. This might be due to the number of tracker layers hitting boundaries. Setting those entries to their initial value.
There are 7048 events with muon pt outside of [26,200] GeV. Setting those entries to their initial value.
There are 218 events with muon pt outside of [26,200] GeV. Setting those entries to their initial value.
There are 218 events with muon pt outside of [26,200] GeV. Setting those entries to their initial value.
There are 1 nan entries in the corrected pt. This might be due to the number of tracker layers hitting boundaries. Setting those entries to their initial value.
There are 272 events with muon pt outside of [26,200] GeV. Setting those entries to their initial value.
There are 9805 events with muon pt outside of [26,200] GeV. Setting those entries to their initial value.
There are 9806 events with muon pt outside of [26,200] GeV. Setting those entries to their initial value.
There are 32 nan entries in the corrected pt. This might be due to the number of tracker layers hitting boundaries. Setting those entries to their initial value.
There are 10856 events with muon pt outside of [26,200] GeV. Setting those entries to their initial value.
