000 (14729955.001.000) 02/25 17:14:39 Job submitted from host: <188.184.90.62:9618?addrs=188.184.90.62-9618+[2001-1458-201-e4--100-238]-9618&alias=bigbird16.cern.ch&noUDP&sock=schedd_5196_9a2f>
...
040 (14729955.001.000) 02/25 17:18:33 Started transferring input files
	Transferring to host: <188.185.210.176:9618?addrs=188.185.210.176-9618+[2001-1458-303-15--100-2c]-9618&alias=b9p22p1329.cern.ch&noUDP&sock=slot1_29_3591_ef2b_203684>
...
040 (14729955.001.000) 02/25 17:18:33 Finished transferring input files
...
001 (14729955.001.000) 02/25 17:18:34 Job executing on host: <188.185.210.176:9618?addrs=188.185.210.176-9618+[2001-1458-303-15--100-2c]-9618&alias=b9p22p1329.cern.ch&noUDP&sock=startd_3014_ee89>
	SlotName: slot1_29@b9p22p1329.cern.ch
	CondorScratchDir = "/pool/condor/dir_2999148"
	Cpus = 1
	Disk = 3825
	GPUs = 0
	Memory = 3000
...
006 (14729955.001.000) 02/25 17:18:48 Image size of job updated: 523552
	512  -  MemoryUsage of job (MB)
	523552  -  ResidentSetSize of job (KB)
...
006 (14729955.001.000) 02/25 17:21:08 Image size of job updated: 1911584
	512  -  MemoryUsage of job (MB)
	523552  -  ResidentSetSize of job (KB)
...
040 (14729955.001.000) 02/25 17:21:08 Started transferring output files
...
040 (14729955.001.000) 02/25 17:21:08 Finished transferring output files
...
005 (14729955.001.000) 02/25 17:21:08 Job terminated.
	(1) Normal termination (return value 1)
		Usr 0 00:03:06, Sys 0 00:00:09  -  Run Remote Usage
		Usr 0 00:00:00, Sys 0 00:00:00  -  Run Local Usage
		Usr 0 00:03:06, Sys 0 00:00:09  -  Total Remote Usage
		Usr 0 00:00:00, Sys 0 00:00:00  -  Total Local Usage
	18401  -  Run Bytes Sent By Job
	10520  -  Run Bytes Received By Job
	18401  -  Total Bytes Sent By Job
	10520  -  Total Bytes Received By Job
	Partitionable Resources :    Usage  Request Allocated 
	   Cpus                 :        0        1         1 
	   Disk (KB)            :       54       15      3825 
	   GPUs                 :                           0 
	   Memory (MB)          :      512     3000      3000 
	   TimeExecute (s)      :      154                    
	   TimeSlotBusy (s)     :      156                    

	Job terminated of its own accord at 2026-02-25T16:21:08Z with exit-code 1.
...
