000 (14737673.000.000) 02/25 20:32:38 Job submitted from host: <188.184.90.62:9618?addrs=188.184.90.62-9618+[2001-1458-201-e4--100-238]-9618&alias=bigbird16.cern.ch&noUDP&sock=schedd_5196_9a2f>
...
040 (14737673.000.000) 02/25 20:36:19 Started transferring input files
	Transferring to host: <188.185.212.198:9618?addrs=188.185.212.198-9618+[2001-1458-303-19--100-42]-9618&alias=b9p26p8638.cern.ch&noUDP&sock=slot1_4_8285_482a_169374>
...
040 (14737673.000.000) 02/25 20:36:19 Finished transferring input files
...
001 (14737673.000.000) 02/25 20:36:20 Job executing on host: <188.185.212.198:9618?addrs=188.185.212.198-9618+[2001-1458-303-19--100-42]-9618&alias=b9p26p8638.cern.ch&noUDP&sock=startd_7423_2399>
	SlotName: slot1_4@b9p26p8638.cern.ch
	CondorScratchDir = "/pool/condor/dir_4020234"
	Cpus = 1
	Disk = 3870
	GPUs = 0
	Memory = 3000
...
006 (14737673.000.000) 02/25 20:36:35 Image size of job updated: 547416
	535  -  MemoryUsage of job (MB)
	547416  -  ResidentSetSize of job (KB)
...
006 (14737673.000.000) 02/25 20:37:48 Image size of job updated: 801624
	536  -  MemoryUsage of job (MB)
	547956  -  ResidentSetSize of job (KB)
...
040 (14737673.000.000) 02/25 20:37:49 Started transferring output files
...
040 (14737673.000.000) 02/25 20:37:49 Finished transferring output files
...
005 (14737673.000.000) 02/25 20:37:49 Job terminated.
	(1) Normal termination (return value 0)
		Usr 0 00:02:29, Sys 0 00:00:05  -  Run Remote Usage
		Usr 0 00:00:00, Sys 0 00:00:00  -  Run Local Usage
		Usr 0 00:02:29, Sys 0 00:00:05  -  Total Remote Usage
		Usr 0 00:00:00, Sys 0 00:00:00  -  Total Local Usage
	17030  -  Run Bytes Sent By Job
	10463  -  Run Bytes Received By Job
	17030  -  Total Bytes Sent By Job
	10463  -  Total Bytes Received By Job
	Partitionable Resources :    Usage  Request Allocated 
	   Cpus                 :        0        1         1 
	   Disk (KB)            :       50       15      3870 
	   GPUs                 :                           0 
	   Memory (MB)          :      536     3000      3000 
	   TimeExecute (s)      :       88                    
	   TimeSlotBusy (s)     :       91                    

	Job terminated of its own accord at 2026-02-25T19:37:48Z with exit-code 0.
...
