000 (14722381.000.000) 02/25 15:24:06 Job submitted from host: <188.184.90.62:9618?addrs=188.184.90.62-9618+[2001-1458-201-e4--100-238]-9618&alias=bigbird16.cern.ch&noUDP&sock=schedd_5196_9a2f>
...
040 (14722381.000.000) 02/25 15:26:59 Started transferring input files
	Transferring to host: <128.142.137.102:9618?addrs=128.142.137.102-9618+[2001-1458-301-5e--100-5a]-9618&alias=b9g19p6627.cern.ch&noUDP&sock=slot1_38_2866_1b2e_157457>
...
040 (14722381.000.000) 02/25 15:26:59 Finished transferring input files
...
001 (14722381.000.000) 02/25 15:27:00 Job executing on host: <128.142.137.102:9618?addrs=128.142.137.102-9618+[2001-1458-301-5e--100-5a]-9618&alias=b9g19p6627.cern.ch&noUDP&sock=startd_2488_23b8>
	SlotName: slot1_38@b9g19p6627.cern.ch
	CondorScratchDir = "/pool/condor/dir_628584"
	Cpus = 1
	Disk = 2667
	GPUs = 0
	Memory = 3000
...
006 (14722381.000.000) 02/25 15:27:15 Image size of job updated: 158448
	155  -  MemoryUsage of job (MB)
	158448  -  ResidentSetSize of job (KB)
...
006 (14722381.000.000) 02/25 15:29:48 Image size of job updated: 867380
	155  -  MemoryUsage of job (MB)
	158640  -  ResidentSetSize of job (KB)
...
040 (14722381.000.000) 02/25 15:29:48 Started transferring output files
...
040 (14722381.000.000) 02/25 15:29:49 Finished transferring output files
...
005 (14722381.000.000) 02/25 15:29:50 Job terminated.
	(1) Normal termination (return value 1)
		Usr 0 00:04:59, Sys 0 00:00:06  -  Run Remote Usage
		Usr 0 00:00:00, Sys 0 00:00:00  -  Run Local Usage
		Usr 0 00:04:59, Sys 0 00:00:06  -  Total Remote Usage
		Usr 0 00:00:00, Sys 0 00:00:00  -  Total Local Usage
	17479  -  Run Bytes Sent By Job
	10409  -  Run Bytes Received By Job
	17479  -  Total Bytes Sent By Job
	10409  -  Total Bytes Received By Job
	Partitionable Resources :    Usage  Request Allocated 
	   Cpus                 :     0.44        1         1 
	   Disk (KB)            :    53          15      2667 
	   GPUs                 :                           0 
	   Memory (MB)          :   155        3000      3000 
	   TimeExecute (s)      :   168                       
	   TimeSlotBusy (s)     :   171                       

	Job terminated of its own accord at 2026-02-25T14:29:48Z with exit-code 1.
...
