subject   : /DC=ch/DC=cern/OU=Organic Units/OU=Users/CN=driosper/CN=886669/CN=Diego Alejandro Rios Perez/CN=1573519443
issuer    : /DC=ch/DC=cern/OU=Organic Units/OU=Users/CN=driosper/CN=886669/CN=Diego Alejandro Rios Perez
identity  : /DC=ch/DC=cern/OU=Organic Units/OU=Users/CN=driosper/CN=886669/CN=Diego Alejandro Rios Perez
type      : RFC compliant proxy
strength  : 2048 bits
path      : /afs/cern.ch/user/d/driosper/private/x509up_u182284
timeleft  : 11:49:47
key usage : Digital Signature, Key Encipherment
=== VO cms extension information ===
VO        : cms
subject   : /DC=ch/DC=cern/OU=Organic Units/OU=Users/CN=driosper/CN=886669/CN=Diego Alejandro Rios Perez
issuer    : /DC=ch/DC=cern/OU=computers/CN=cms-auth.cern.ch
attribute : /cms/Role=NULL/Capability=NULL
timeleft  : 11:49:47
uri       : voms-cms-auth.cern.ch:15000
--workflow ztoee --year 2022preEE --output_path /eos/user/d/driosper/bsm3g_coffea/outputs/ztoee/2022preEE/TbarBQ --output_format coffea --dataset TbarBQ_2 --partition_json /srv/partition_fileset.json
  Preprocessing 100% ━━━━━━━━━━━━━━━━━━ 9/9 [ 0:00:19 < 0:00:00 | 0.5   file/s ]
Merging (local) 100% ━━━━━━━━━━━━━━━━━━ 9/9 [ 0:00:19 < 0:00:00 | ?   merges/s ]
     Processing  73% ━━━━━━━━━━━━      8/11 [ 0:01:49 < 0:00:36 | 0.1  chunk/s ]
Merging (local) 100% ━━━━━━━━━━━━━━━━━  7/7 [ 0:01:42 < 0:00:00 | ?   merges/s ]
There are 31074 events with muon pt outside of [26,200] GeV. Setting those entries to their initial value.
There are 31075 events with muon pt outside of [26,200] GeV. Setting those entries to their initial value.
There are 123 nan entries in the corrected pt. This might be due to the number of tracker layers hitting boundaries. Setting those entries to their initial value.
There are 34936 events with muon pt outside of [26,200] GeV. Setting those entries to their initial value.
There are 13335 events with muon pt outside of [26,200] GeV. Setting those entries to their initial value.
There are 13335 events with muon pt outside of [26,200] GeV. Setting those entries to their initial value.
There are 44 nan entries in the corrected pt. This might be due to the number of tracker layers hitting boundaries. Setting those entries to their initial value.
There are 14903 events with muon pt outside of [26,200] GeV. Setting those entries to their initial value.
There are 3408 events with muon pt outside of [26,200] GeV. Setting those entries to their initial value.
There are 3408 events with muon pt outside of [26,200] GeV. Setting those entries to their initial value.
There are 13 nan entries in the corrected pt. This might be due to the number of tracker layers hitting boundaries. Setting those entries to their initial value.
There are 3854 events with muon pt outside of [26,200] GeV. Setting those entries to their initial value.
There are 26067 events with muon pt outside of [26,200] GeV. Setting those entries to their initial value.
There are 26067 events with muon pt outside of [26,200] GeV. Setting those entries to their initial value.
There are 98 nan entries in the corrected pt. This might be due to the number of tracker layers hitting boundaries. Setting those entries to their initial value.
There are 29052 events with muon pt outside of [26,200] GeV. Setting those entries to their initial value.
There are 917 events with muon pt outside of [26,200] GeV. Setting those entries to their initial value.
There are 917 events with muon pt outside of [26,200] GeV. Setting those entries to their initial value.
There are 1 nan entries in the corrected pt. This might be due to the number of tracker layers hitting boundaries. Setting those entries to their initial value.
There are 1000 events with muon pt outside of [26,200] GeV. Setting those entries to their initial value.
There are 31108 events with muon pt outside of [26,200] GeV. Setting those entries to their initial value.
There are 31108 events with muon pt outside of [26,200] GeV. Setting those entries to their initial value.
There are 117 nan entries in the corrected pt. This might be due to the number of tracker layers hitting boundaries. Setting those entries to their initial value.
There are 35036 events with muon pt outside of [26,200] GeV. Setting those entries to their initial value.
There are 35995 events with muon pt outside of [26,200] GeV. Setting those entries to their initial value.
There are 35997 events with muon pt outside of [26,200] GeV. Setting those entries to their initial value.
There are 124 nan entries in the corrected pt. This might be due to the number of tracker layers hitting boundaries. Setting those entries to their initial value.
There are 40487 events with muon pt outside of [26,200] GeV. Setting those entries to their initial value.
There are 17666 events with muon pt outside of [26,200] GeV. Setting those entries to their initial value.
There are 17667 events with muon pt outside of [26,200] GeV. Setting those entries to their initial value.
There are 63 nan entries in the corrected pt. This might be due to the number of tracker layers hitting boundaries. Setting those entries to their initial value.
There are 19901 events with muon pt outside of [26,200] GeV. Setting those entries to their initial value.
There are 25872 events with muon pt outside of [26,200] GeV. Setting those entries to their initial value.
There are 25873 events with muon pt outside of [26,200] GeV. Setting those entries to their initial value.
There are 94 nan entries in the corrected pt. This might be due to the number of tracker layers hitting boundaries. Setting those entries to their initial value.
There are 29073 events with muon pt outside of [26,200] GeV. Setting those entries to their initial value.
There are 249 events with muon pt outside of [26,200] GeV. Setting those entries to their initial value.
There are 249 events with muon pt outside of [26,200] GeV. Setting those entries to their initial value.
There are 260 events with muon pt outside of [26,200] GeV. Setting those entries to their initial value.
There are 16467 events with muon pt outside of [26,200] GeV. Setting those entries to their initial value.
There are 16467 events with muon pt outside of [26,200] GeV. Setting those entries to their initial value.
There are 51 nan entries in the corrected pt. This might be due to the number of tracker layers hitting boundaries. Setting those entries to their initial value.
There are 18625 events with muon pt outside of [26,200] GeV. Setting those entries to their initial value.
