000 (14737673.002.000) 02/25 20:32:38 Job submitted from host: <188.184.90.62:9618?addrs=188.184.90.62-9618+[2001-1458-201-e4--100-238]-9618&alias=bigbird16.cern.ch&noUDP&sock=schedd_5196_9a2f>
...
040 (14737673.002.000) 02/25 20:36:20 Started transferring input files
	Transferring to host: <188.185.215.24:9618?addrs=188.185.215.24-9618+[2001-1458-303-1e--100-14]-9618&alias=b9p31p4380.cern.ch&noUDP&sock=slot1_11_5910_e129_170167>
...
040 (14737673.002.000) 02/25 20:36:20 Finished transferring input files
...
001 (14737673.002.000) 02/25 20:36:21 Job executing on host: <188.185.215.24:9618?addrs=188.185.215.24-9618+[2001-1458-303-1e--100-14]-9618&alias=b9p31p4380.cern.ch&noUDP&sock=startd_5201_0828>
	SlotName: slot1_11@b9p31p4380.cern.ch
	CondorScratchDir = "/pool/condor/dir_4093434"
	Cpus = 1
	Disk = 3801
	GPUs = 0
	Memory = 3000
...
006 (14737673.002.000) 02/25 20:36:36 Image size of job updated: 178884
	175  -  MemoryUsage of job (MB)
	178884  -  ResidentSetSize of job (KB)
...
006 (14737673.002.000) 02/25 20:38:26 Image size of job updated: 1170684
	175  -  MemoryUsage of job (MB)
	178980  -  ResidentSetSize of job (KB)
...
040 (14737673.002.000) 02/25 20:38:26 Started transferring output files
...
040 (14737673.002.000) 02/25 20:38:27 Finished transferring output files
...
005 (14737673.002.000) 02/25 20:38:27 Job terminated.
	(1) Normal termination (return value 0)
		Usr 0 00:02:54, Sys 0 00:00:07  -  Run Remote Usage
		Usr 0 00:00:00, Sys 0 00:00:00  -  Run Local Usage
		Usr 0 00:02:54, Sys 0 00:00:07  -  Total Remote Usage
		Usr 0 00:00:00, Sys 0 00:00:00  -  Total Local Usage
	12315  -  Run Bytes Sent By Job
	10463  -  Run Bytes Received By Job
	12315  -  Total Bytes Sent By Job
	10463  -  Total Bytes Received By Job
	Partitionable Resources :    Usage  Request Allocated 
	   Cpus                 :        0        1         1 
	   Disk (KB)            :       48       15      3801 
	   GPUs                 :                           0 
	   Memory (MB)          :      175     3000      3000 
	   TimeExecute (s)      :      125                    
	   TimeSlotBusy (s)     :      128                    

	Job terminated of its own accord at 2026-02-25T19:38:26Z with exit-code 0.
...
