subject   : /DC=ch/DC=cern/OU=Organic Units/OU=Users/CN=driosper/CN=886669/CN=Diego Alejandro Rios Perez/CN=1573519443
issuer    : /DC=ch/DC=cern/OU=Organic Units/OU=Users/CN=driosper/CN=886669/CN=Diego Alejandro Rios Perez
identity  : /DC=ch/DC=cern/OU=Organic Units/OU=Users/CN=driosper/CN=886669/CN=Diego Alejandro Rios Perez
type      : RFC compliant proxy
strength  : 2048 bits
path      : /afs/cern.ch/user/d/driosper/private/x509up_u182284
timeleft  : 11:50:08
key usage : Digital Signature, Key Encipherment
=== VO cms extension information ===
VO        : cms
subject   : /DC=ch/DC=cern/OU=Organic Units/OU=Users/CN=driosper/CN=886669/CN=Diego Alejandro Rios Perez
issuer    : /DC=ch/DC=cern/OU=computers/CN=cms-auth.cern.ch
attribute : /cms/Role=NULL/Capability=NULL
timeleft  : 11:50:08
uri       : voms-cms-auth.cern.ch:15000
--workflow ztoee --year 2022preEE --output_path /eos/user/d/driosper/bsm3g_coffea/outputs/ztoee/2022preEE/EGammaC --output_format coffea --dataset EGammaC_29 --partition_json /srv/partition_fileset.json
  Preprocessing 100% ━━━━━━━━━━━━━━━━━━ 9/9 [ 0:00:10 < 0:00:00 | 0.9   file/s ]
Merging (local) 100% ━━━━━━━━━━━━━━━━━━ 9/9 [ 0:00:10 < 0:00:00 | ?   merges/s ]
     Processing 100% ━━━━━━━━━━━━━━━━ 57/57 [ 0:07:30 < 0:00:00 | 0.2  chunk/s ]
Merging (local) 100% ━━━━━━━━━━━━━━━━ 57/57 [ 0:07:30 < 0:00:00 | ?   merges/s ]
There are 16722 events with muon pt outside of [26,200] GeV. Setting those entries to their initial value.
There are 23586 events with muon pt outside of [26,200] GeV. Setting those entries to their initial value.
There are 20202 events with muon pt outside of [26,200] GeV. Setting those entries to their initial value.
There are 21869 events with muon pt outside of [26,200] GeV. Setting those entries to their initial value.
There are 18374 events with muon pt outside of [26,200] GeV. Setting those entries to their initial value.
There are 29283 events with muon pt outside of [26,200] GeV. Setting those entries to their initial value.
There are 20487 events with muon pt outside of [26,200] GeV. Setting those entries to their initial value.
There are 21629 events with muon pt outside of [26,200] GeV. Setting those entries to their initial value.
There are 19910 events with muon pt outside of [26,200] GeV. Setting those entries to their initial value.
There are 24457 events with muon pt outside of [26,200] GeV. Setting those entries to their initial value.
There are 20889 events with muon pt outside of [26,200] GeV. Setting those entries to their initial value.
There are 23443 events with muon pt outside of [26,200] GeV. Setting those entries to their initial value.
There are 21120 events with muon pt outside of [26,200] GeV. Setting those entries to their initial value.
There are 23871 events with muon pt outside of [26,200] GeV. Setting those entries to their initial value.
There are 19830 events with muon pt outside of [26,200] GeV. Setting those entries to their initial value.
There are 23502 events with muon pt outside of [26,200] GeV. Setting those entries to their initial value.
There are 16873 events with muon pt outside of [26,200] GeV. Setting those entries to their initial value.
There are 22224 events with muon pt outside of [26,200] GeV. Setting those entries to their initial value.
There are 24287 events with muon pt outside of [26,200] GeV. Setting those entries to their initial value.
There are 25358 events with muon pt outside of [26,200] GeV. Setting those entries to their initial value.
There are 22666 events with muon pt outside of [26,200] GeV. Setting those entries to their initial value.
There are 25311 events with muon pt outside of [26,200] GeV. Setting those entries to their initial value.
There are 14492 events with muon pt outside of [26,200] GeV. Setting those entries to their initial value.
There are 17891 events with muon pt outside of [26,200] GeV. Setting those entries to their initial value.
There are 17677 events with muon pt outside of [26,200] GeV. Setting those entries to their initial value.
There are 24958 events with muon pt outside of [26,200] GeV. Setting those entries to their initial value.
There are 20181 events with muon pt outside of [26,200] GeV. Setting those entries to their initial value.
There are 30871 events with muon pt outside of [26,200] GeV. Setting those entries to their initial value.
There are 16813 events with muon pt outside of [26,200] GeV. Setting those entries to their initial value.
There are 23267 events with muon pt outside of [26,200] GeV. Setting those entries to their initial value.
There are 19036 events with muon pt outside of [26,200] GeV. Setting those entries to their initial value.
There are 28414 events with muon pt outside of [26,200] GeV. Setting those entries to their initial value.
There are 18423 events with muon pt outside of [26,200] GeV. Setting those entries to their initial value.
There are 23600 events with muon pt outside of [26,200] GeV. Setting those entries to their initial value.
There are 20107 events with muon pt outside of [26,200] GeV. Setting those entries to their initial value.
There are 21819 events with muon pt outside of [26,200] GeV. Setting those entries to their initial value.
There are 20861 events with muon pt outside of [26,200] GeV. Setting those entries to their initial value.
There are 24793 events with muon pt outside of [26,200] GeV. Setting those entries to their initial value.
There are 18846 events with muon pt outside of [26,200] GeV. Setting those entries to their initial value.
There are 30020 events with muon pt outside of [26,200] GeV. Setting those entries to their initial value.
There are 20756 events with muon pt outside of [26,200] GeV. Setting those entries to their initial value.
There are 25056 events with muon pt outside of [26,200] GeV. Setting those entries to their initial value.
There are 23596 events with muon pt outside of [26,200] GeV. Setting those entries to their initial value.
There are 24463 events with muon pt outside of [26,200] GeV. Setting those entries to their initial value.
There are 16226 events with muon pt outside of [26,200] GeV. Setting those entries to their initial value.
There are 23385 events with muon pt outside of [26,200] GeV. Setting those entries to their initial value.
There are 20537 events with muon pt outside of [26,200] GeV. Setting those entries to their initial value.
There are 27166 events with muon pt outside of [26,200] GeV. Setting those entries to their initial value.
There are 19889 events with muon pt outside of [26,200] GeV. Setting those entries to their initial value.
There are 28135 events with muon pt outside of [26,200] GeV. Setting those entries to their initial value.
There are 16750 events with muon pt outside of [26,200] GeV. Setting those entries to their initial value.
There are 26928 events with muon pt outside of [26,200] GeV. Setting those entries to their initial value.
There are 18504 events with muon pt outside of [26,200] GeV. Setting those entries to their initial value.
There are 23244 events with muon pt outside of [26,200] GeV. Setting those entries to their initial value.
There are 17570 events with muon pt outside of [26,200] GeV. Setting those entries to their initial value.
There are 23284 events with muon pt outside of [26,200] GeV. Setting those entries to their initial value.
There are 17656 events with muon pt outside of [26,200] GeV. Setting those entries to their initial value.
There are 20001 events with muon pt outside of [26,200] GeV. Setting those entries to their initial value.
There are 19431 events with muon pt outside of [26,200] GeV. Setting those entries to their initial value.
There are 21444 events with muon pt outside of [26,200] GeV. Setting those entries to their initial value.
There are 19393 events with muon pt outside of [26,200] GeV. Setting those entries to their initial value.
There are 22922 events with muon pt outside of [26,200] GeV. Setting those entries to their initial value.
There are 18695 events with muon pt outside of [26,200] GeV. Setting those entries to their initial value.
There are 22463 events with muon pt outside of [26,200] GeV. Setting those entries to their initial value.
There are 16873 events with muon pt outside of [26,200] GeV. Setting those entries to their initial value.
There are 22394 events with muon pt outside of [26,200] GeV. Setting those entries to their initial value.
There are 14752 events with muon pt outside of [26,200] GeV. Setting those entries to their initial value.
There are 23696 events with muon pt outside of [26,200] GeV. Setting those entries to their initial value.
There are 19722 events with muon pt outside of [26,200] GeV. Setting those entries to their initial value.
There are 25662 events with muon pt outside of [26,200] GeV. Setting those entries to their initial value.
There are 20327 events with muon pt outside of [26,200] GeV. Setting those entries to their initial value.
There are 29312 events with muon pt outside of [26,200] GeV. Setting those entries to their initial value.
There are 21437 events with muon pt outside of [26,200] GeV. Setting those entries to their initial value.
There are 23813 events with muon pt outside of [26,200] GeV. Setting those entries to their initial value.
There are 17689 events with muon pt outside of [26,200] GeV. Setting those entries to their initial value.
There are 24990 events with muon pt outside of [26,200] GeV. Setting those entries to their initial value.
There are 20260 events with muon pt outside of [26,200] GeV. Setting those entries to their initial value.
There are 28832 events with muon pt outside of [26,200] GeV. Setting those entries to their initial value.
There are 15691 events with muon pt outside of [26,200] GeV. Setting those entries to their initial value.
There are 22689 events with muon pt outside of [26,200] GeV. Setting those entries to their initial value.
There are 18321 events with muon pt outside of [26,200] GeV. Setting those entries to their initial value.
There are 30420 events with muon pt outside of [26,200] GeV. Setting those entries to their initial value.
There are 21303 events with muon pt outside of [26,200] GeV. Setting those entries to their initial value.
There are 22602 events with muon pt outside of [26,200] GeV. Setting those entries to their initial value.
There are 15845 events with muon pt outside of [26,200] GeV. Setting those entries to their initial value.
There are 23292 events with muon pt outside of [26,200] GeV. Setting those entries to their initial value.
There are 13061 events with muon pt outside of [26,200] GeV. Setting those entries to their initial value.
There are 15520 events with muon pt outside of [26,200] GeV. Setting those entries to their initial value.
There are 17909 events with muon pt outside of [26,200] GeV. Setting those entries to their initial value.
There are 24026 events with muon pt outside of [26,200] GeV. Setting those entries to their initial value.
There are 18400 events with muon pt outside of [26,200] GeV. Setting those entries to their initial value.
There are 21397 events with muon pt outside of [26,200] GeV. Setting those entries to their initial value.
There are 19873 events with muon pt outside of [26,200] GeV. Setting those entries to their initial value.
There are 28367 events with muon pt outside of [26,200] GeV. Setting those entries to their initial value.
There are 17597 events with muon pt outside of [26,200] GeV. Setting those entries to their initial value.
There are 19032 events with muon pt outside of [26,200] GeV. Setting those entries to their initial value.
There are 18578 events with muon pt outside of [26,200] GeV. Setting those entries to their initial value.
There are 26677 events with muon pt outside of [26,200] GeV. Setting those entries to their initial value.
There are 23422 events with muon pt outside of [26,200] GeV. Setting those entries to their initial value.
There are 24284 events with muon pt outside of [26,200] GeV. Setting those entries to their initial value.
There are 16458 events with muon pt outside of [26,200] GeV. Setting those entries to their initial value.
There are 23193 events with muon pt outside of [26,200] GeV. Setting those entries to their initial value.
There are 17204 events with muon pt outside of [26,200] GeV. Setting those entries to their initial value.
There are 22277 events with muon pt outside of [26,200] GeV. Setting those entries to their initial value.
There are 20184 events with muon pt outside of [26,200] GeV. Setting those entries to their initial value.
There are 20636 events with muon pt outside of [26,200] GeV. Setting those entries to their initial value.
There are 25240 events with muon pt outside of [26,200] GeV. Setting those entries to their initial value.
There are 25664 events with muon pt outside of [26,200] GeV. Setting those entries to their initial value.
There are 18868 events with muon pt outside of [26,200] GeV. Setting those entries to their initial value.
There are 27473 events with muon pt outside of [26,200] GeV. Setting those entries to their initial value.
There are 19081 events with muon pt outside of [26,200] GeV. Setting those entries to their initial value.
There are 21952 events with muon pt outside of [26,200] GeV. Setting those entries to their initial value.
There are 14788 events with muon pt outside of [26,200] GeV. Setting those entries to their initial value.
There are 18794 events with muon pt outside of [26,200] GeV. Setting those entries to their initial value.
