subject   : /DC=ch/DC=cern/OU=Organic Units/OU=Users/CN=driosper/CN=886669/CN=Diego Alejandro Rios Perez/CN=1573519443
issuer    : /DC=ch/DC=cern/OU=Organic Units/OU=Users/CN=driosper/CN=886669/CN=Diego Alejandro Rios Perez
identity  : /DC=ch/DC=cern/OU=Organic Units/OU=Users/CN=driosper/CN=886669/CN=Diego Alejandro Rios Perez
type      : RFC compliant proxy
strength  : 2048 bits
path      : /afs/cern.ch/user/d/driosper/private/x509up_u182284
timeleft  : 11:50:07
key usage : Digital Signature, Key Encipherment
=== VO cms extension information ===
VO        : cms
subject   : /DC=ch/DC=cern/OU=Organic Units/OU=Users/CN=driosper/CN=886669/CN=Diego Alejandro Rios Perez
issuer    : /DC=ch/DC=cern/OU=computers/CN=cms-auth.cern.ch
attribute : /cms/Role=NULL/Capability=NULL
timeleft  : 11:50:07
uri       : voms-cms-auth.cern.ch:15000
--workflow ztoee --year 2022preEE --output_path /eos/user/d/driosper/bsm3g_coffea/outputs/ztoee/2022preEE/EGammaC --output_format coffea --dataset EGammaC_32 --partition_json /srv/partition_fileset.json
  Preprocessing 100% ━━━━━━━━━━━━━━━━━━ 9/9 [ 0:00:15 < 0:00:00 | 0.6   file/s ]
Merging (local) 100% ━━━━━━━━━━━━━━━━━━ 9/9 [ 0:00:15 < 0:00:00 | ?   merges/s ]
     Processing 100% ━━━━━━━━━━━━━━━━━━ 38/38 [ 0:09:47 < 0:00:00 | ?  chunk/s ]
Merging (local) 100% ━━━━━━━━━━━━━━━━━━ 38/38 [ 0:09:47 < 0:00:00 | ? merges/s ]
There are 14936 events with muon pt outside of [26,200] GeV. Setting those entries to their initial value.
There are 22466 events with muon pt outside of [26,200] GeV. Setting those entries to their initial value.
There are 18652 events with muon pt outside of [26,200] GeV. Setting those entries to their initial value.
There are 28009 events with muon pt outside of [26,200] GeV. Setting those entries to their initial value.
There are 19286 events with muon pt outside of [26,200] GeV. Setting those entries to their initial value.
There are 22130 events with muon pt outside of [26,200] GeV. Setting those entries to their initial value.
There are 16996 events with muon pt outside of [26,200] GeV. Setting those entries to their initial value.
There are 19289 events with muon pt outside of [26,200] GeV. Setting those entries to their initial value.
There are 18465 events with muon pt outside of [26,200] GeV. Setting those entries to their initial value.
There are 22283 events with muon pt outside of [26,200] GeV. Setting those entries to their initial value.
There are 17997 events with muon pt outside of [26,200] GeV. Setting those entries to their initial value.
There are 20662 events with muon pt outside of [26,200] GeV. Setting those entries to their initial value.
There are 20192 events with muon pt outside of [26,200] GeV. Setting those entries to their initial value.
There are 27276 events with muon pt outside of [26,200] GeV. Setting those entries to their initial value.
There are 18287 events with muon pt outside of [26,200] GeV. Setting those entries to their initial value.
There are 23998 events with muon pt outside of [26,200] GeV. Setting those entries to their initial value.
There are 22895 events with muon pt outside of [26,200] GeV. Setting those entries to their initial value.
There are 23164 events with muon pt outside of [26,200] GeV. Setting those entries to their initial value.
There are 22098 events with muon pt outside of [26,200] GeV. Setting those entries to their initial value.
There are 25148 events with muon pt outside of [26,200] GeV. Setting those entries to their initial value.
There are 15352 events with muon pt outside of [26,200] GeV. Setting those entries to their initial value.
There are 21073 events with muon pt outside of [26,200] GeV. Setting those entries to their initial value.
There are 17286 events with muon pt outside of [26,200] GeV. Setting those entries to their initial value.
There are 29392 events with muon pt outside of [26,200] GeV. Setting those entries to their initial value.
There are 18020 events with muon pt outside of [26,200] GeV. Setting those entries to their initial value.
There are 23750 events with muon pt outside of [26,200] GeV. Setting those entries to their initial value.
There are 18224 events with muon pt outside of [26,200] GeV. Setting those entries to their initial value.
There are 21969 events with muon pt outside of [26,200] GeV. Setting those entries to their initial value.
There are 20057 events with muon pt outside of [26,200] GeV. Setting those entries to their initial value.
There are 25699 events with muon pt outside of [26,200] GeV. Setting those entries to their initial value.
There are 18118 events with muon pt outside of [26,200] GeV. Setting those entries to their initial value.
There are 21000 events with muon pt outside of [26,200] GeV. Setting those entries to their initial value.
There are 19219 events with muon pt outside of [26,200] GeV. Setting those entries to their initial value.
There are 25337 events with muon pt outside of [26,200] GeV. Setting those entries to their initial value.
There are 17851 events with muon pt outside of [26,200] GeV. Setting those entries to their initial value.
There are 25032 events with muon pt outside of [26,200] GeV. Setting those entries to their initial value.
There are 19669 events with muon pt outside of [26,200] GeV. Setting those entries to their initial value.
There are 32976 events with muon pt outside of [26,200] GeV. Setting those entries to their initial value.
There are 19514 events with muon pt outside of [26,200] GeV. Setting those entries to their initial value.
There are 25866 events with muon pt outside of [26,200] GeV. Setting those entries to their initial value.
There are 760 events with muon pt outside of [26,200] GeV. Setting those entries to their initial value.
There are 1252 events with muon pt outside of [26,200] GeV. Setting those entries to their initial value.
There are 14998 events with muon pt outside of [26,200] GeV. Setting those entries to their initial value.
There are 21486 events with muon pt outside of [26,200] GeV. Setting those entries to their initial value.
There are 17966 events with muon pt outside of [26,200] GeV. Setting those entries to their initial value.
There are 25995 events with muon pt outside of [26,200] GeV. Setting those entries to their initial value.
There are 18334 events with muon pt outside of [26,200] GeV. Setting those entries to their initial value.
There are 21585 events with muon pt outside of [26,200] GeV. Setting those entries to their initial value.
There are 16508 events with muon pt outside of [26,200] GeV. Setting those entries to their initial value.
There are 19865 events with muon pt outside of [26,200] GeV. Setting those entries to their initial value.
There are 15237 events with muon pt outside of [26,200] GeV. Setting those entries to their initial value.
There are 20536 events with muon pt outside of [26,200] GeV. Setting those entries to their initial value.
There are 17670 events with muon pt outside of [26,200] GeV. Setting those entries to their initial value.
There are 20608 events with muon pt outside of [26,200] GeV. Setting those entries to their initial value.
There are 19761 events with muon pt outside of [26,200] GeV. Setting those entries to their initial value.
There are 22646 events with muon pt outside of [26,200] GeV. Setting those entries to their initial value.
There are 19507 events with muon pt outside of [26,200] GeV. Setting those entries to their initial value.
There are 29390 events with muon pt outside of [26,200] GeV. Setting those entries to their initial value.
There are 15063 events with muon pt outside of [26,200] GeV. Setting those entries to their initial value.
There are 20507 events with muon pt outside of [26,200] GeV. Setting those entries to their initial value.
There are 17945 events with muon pt outside of [26,200] GeV. Setting those entries to their initial value.
There are 24342 events with muon pt outside of [26,200] GeV. Setting those entries to their initial value.
There are 17157 events with muon pt outside of [26,200] GeV. Setting those entries to their initial value.
There are 20903 events with muon pt outside of [26,200] GeV. Setting those entries to their initial value.
There are 17197 events with muon pt outside of [26,200] GeV. Setting those entries to their initial value.
There are 20143 events with muon pt outside of [26,200] GeV. Setting those entries to their initial value.
There are 14509 events with muon pt outside of [26,200] GeV. Setting those entries to their initial value.
There are 20550 events with muon pt outside of [26,200] GeV. Setting those entries to their initial value.
There are 14270 events with muon pt outside of [26,200] GeV. Setting those entries to their initial value.
There are 18280 events with muon pt outside of [26,200] GeV. Setting those entries to their initial value.
There are 16482 events with muon pt outside of [26,200] GeV. Setting those entries to their initial value.
There are 25426 events with muon pt outside of [26,200] GeV. Setting those entries to their initial value.
There are 22216 events with muon pt outside of [26,200] GeV. Setting those entries to their initial value.
There are 26470 events with muon pt outside of [26,200] GeV. Setting those entries to their initial value.
There are 5116 events with muon pt outside of [26,200] GeV. Setting those entries to their initial value.
There are 4919 events with muon pt outside of [26,200] GeV. Setting those entries to their initial value.
