subject   : /DC=ch/DC=cern/OU=Organic Units/OU=Users/CN=driosper/CN=886669/CN=Diego Alejandro Rios Perez/CN=1573519443
issuer    : /DC=ch/DC=cern/OU=Organic Units/OU=Users/CN=driosper/CN=886669/CN=Diego Alejandro Rios Perez
identity  : /DC=ch/DC=cern/OU=Organic Units/OU=Users/CN=driosper/CN=886669/CN=Diego Alejandro Rios Perez
type      : RFC compliant proxy
strength  : 2048 bits
path      : /afs/cern.ch/user/d/driosper/private/x509up_u182284
timeleft  : 11:50:07
key usage : Digital Signature, Key Encipherment
=== VO cms extension information ===
VO        : cms
subject   : /DC=ch/DC=cern/OU=Organic Units/OU=Users/CN=driosper/CN=886669/CN=Diego Alejandro Rios Perez
issuer    : /DC=ch/DC=cern/OU=computers/CN=cms-auth.cern.ch
attribute : /cms/Role=NULL/Capability=NULL
timeleft  : 11:50:07
uri       : voms-cms-auth.cern.ch:15000
--workflow ztoee --year 2022preEE --output_path /eos/user/d/driosper/bsm3g_coffea/outputs/ztoee/2022preEE/EGammaC --output_format coffea --dataset EGammaC_31 --partition_json /srv/partition_fileset.json
  Preprocessing 100% ━━━━━━━━━━━━━━━━━━ 9/9 [ 0:00:12 < 0:00:00 | 0.8   file/s ]
Merging (local) 100% ━━━━━━━━━━━━━━━━━━ 9/9 [ 0:00:12 < 0:00:00 | ?   merges/s ]
     Processing 100% ━━━━━━━━━━━━━━━━ 54/54 [ 0:05:17 < 0:00:00 | 0.2  chunk/s ]
Merging (local) 100% ━━━━━━━━━━━━━━━━ 54/54 [ 0:05:17 < 0:00:00 | ?   merges/s ]
There are 16497 events with muon pt outside of [26,200] GeV. Setting those entries to their initial value.
There are 23855 events with muon pt outside of [26,200] GeV. Setting those entries to their initial value.
There are 20225 events with muon pt outside of [26,200] GeV. Setting those entries to their initial value.
There are 31547 events with muon pt outside of [26,200] GeV. Setting those entries to their initial value.
There are 14985 events with muon pt outside of [26,200] GeV. Setting those entries to their initial value.
There are 23934 events with muon pt outside of [26,200] GeV. Setting those entries to their initial value.
There are 17272 events with muon pt outside of [26,200] GeV. Setting those entries to their initial value.
There are 23293 events with muon pt outside of [26,200] GeV. Setting those entries to their initial value.
There are 23304 events with muon pt outside of [26,200] GeV. Setting those entries to their initial value.
There are 22997 events with muon pt outside of [26,200] GeV. Setting those entries to their initial value.
There are 19230 events with muon pt outside of [26,200] GeV. Setting those entries to their initial value.
There are 23188 events with muon pt outside of [26,200] GeV. Setting those entries to their initial value.
There are 15061 events with muon pt outside of [26,200] GeV. Setting those entries to their initial value.
There are 14833 events with muon pt outside of [26,200] GeV. Setting those entries to their initial value.
There are 20775 events with muon pt outside of [26,200] GeV. Setting those entries to their initial value.
There are 24065 events with muon pt outside of [26,200] GeV. Setting those entries to their initial value.
There are 21836 events with muon pt outside of [26,200] GeV. Setting those entries to their initial value.
There are 24059 events with muon pt outside of [26,200] GeV. Setting those entries to their initial value.
There are 18044 events with muon pt outside of [26,200] GeV. Setting those entries to their initial value.
There are 25213 events with muon pt outside of [26,200] GeV. Setting those entries to their initial value.
There are 21221 events with muon pt outside of [26,200] GeV. Setting those entries to their initial value.
There are 24225 events with muon pt outside of [26,200] GeV. Setting those entries to their initial value.
There are 15717 events with muon pt outside of [26,200] GeV. Setting those entries to their initial value.
There are 22655 events with muon pt outside of [26,200] GeV. Setting those entries to their initial value.
There are 18790 events with muon pt outside of [26,200] GeV. Setting those entries to their initial value.
There are 21515 events with muon pt outside of [26,200] GeV. Setting those entries to their initial value.
There are 16149 events with muon pt outside of [26,200] GeV. Setting those entries to their initial value.
There are 21016 events with muon pt outside of [26,200] GeV. Setting those entries to their initial value.
There are 22583 events with muon pt outside of [26,200] GeV. Setting those entries to their initial value.
There are 23723 events with muon pt outside of [26,200] GeV. Setting those entries to their initial value.
There are 15423 events with muon pt outside of [26,200] GeV. Setting those entries to their initial value.
There are 22432 events with muon pt outside of [26,200] GeV. Setting those entries to their initial value.
There are 20318 events with muon pt outside of [26,200] GeV. Setting those entries to their initial value.
There are 22212 events with muon pt outside of [26,200] GeV. Setting those entries to their initial value.
There are 20015 events with muon pt outside of [26,200] GeV. Setting those entries to their initial value.
There are 24682 events with muon pt outside of [26,200] GeV. Setting those entries to their initial value.
There are 22585 events with muon pt outside of [26,200] GeV. Setting those entries to their initial value.
There are 24050 events with muon pt outside of [26,200] GeV. Setting those entries to their initial value.
There are 18739 events with muon pt outside of [26,200] GeV. Setting those entries to their initial value.
There are 24731 events with muon pt outside of [26,200] GeV. Setting those entries to their initial value.
There are 15791 events with muon pt outside of [26,200] GeV. Setting those entries to their initial value.
There are 20659 events with muon pt outside of [26,200] GeV. Setting those entries to their initial value.
There are 19988 events with muon pt outside of [26,200] GeV. Setting those entries to their initial value.
There are 22548 events with muon pt outside of [26,200] GeV. Setting those entries to their initial value.
There are 12723 events with muon pt outside of [26,200] GeV. Setting those entries to their initial value.
There are 20469 events with muon pt outside of [26,200] GeV. Setting those entries to their initial value.
There are 17160 events with muon pt outside of [26,200] GeV. Setting those entries to their initial value.
There are 20764 events with muon pt outside of [26,200] GeV. Setting those entries to their initial value.
There are 1641 events with muon pt outside of [26,200] GeV. Setting those entries to their initial value.
There are 2485 events with muon pt outside of [26,200] GeV. Setting those entries to their initial value.
There are 16923 events with muon pt outside of [26,200] GeV. Setting those entries to their initial value.
There are 24071 events with muon pt outside of [26,200] GeV. Setting those entries to their initial value.
There are 21412 events with muon pt outside of [26,200] GeV. Setting those entries to their initial value.
There are 23192 events with muon pt outside of [26,200] GeV. Setting those entries to their initial value.
There are 20556 events with muon pt outside of [26,200] GeV. Setting those entries to their initial value.
There are 23320 events with muon pt outside of [26,200] GeV. Setting those entries to their initial value.
There are 18623 events with muon pt outside of [26,200] GeV. Setting those entries to their initial value.
There are 25731 events with muon pt outside of [26,200] GeV. Setting those entries to their initial value.
There are 19425 events with muon pt outside of [26,200] GeV. Setting those entries to their initial value.
There are 22301 events with muon pt outside of [26,200] GeV. Setting those entries to their initial value.
There are 20486 events with muon pt outside of [26,200] GeV. Setting those entries to their initial value.
There are 29208 events with muon pt outside of [26,200] GeV. Setting those entries to their initial value.
There are 22552 events with muon pt outside of [26,200] GeV. Setting those entries to their initial value.
There are 23913 events with muon pt outside of [26,200] GeV. Setting those entries to their initial value.
There are 16208 events with muon pt outside of [26,200] GeV. Setting those entries to their initial value.
There are 24079 events with muon pt outside of [26,200] GeV. Setting those entries to their initial value.
There are 19372 events with muon pt outside of [26,200] GeV. Setting those entries to their initial value.
There are 28624 events with muon pt outside of [26,200] GeV. Setting those entries to their initial value.
There are 15817 events with muon pt outside of [26,200] GeV. Setting those entries to their initial value.
There are 33702 events with muon pt outside of [26,200] GeV. Setting those entries to their initial value.
There are 16191 events with muon pt outside of [26,200] GeV. Setting those entries to their initial value.
There are 21880 events with muon pt outside of [26,200] GeV. Setting those entries to their initial value.
There are 22003 events with muon pt outside of [26,200] GeV. Setting those entries to their initial value.
There are 31912 events with muon pt outside of [26,200] GeV. Setting those entries to their initial value.
There are 15523 events with muon pt outside of [26,200] GeV. Setting those entries to their initial value.
There are 23470 events with muon pt outside of [26,200] GeV. Setting those entries to their initial value.
There are 15323 events with muon pt outside of [26,200] GeV. Setting those entries to their initial value.
There are 21478 events with muon pt outside of [26,200] GeV. Setting those entries to their initial value.
There are 16756 events with muon pt outside of [26,200] GeV. Setting those entries to their initial value.
There are 21622 events with muon pt outside of [26,200] GeV. Setting those entries to their initial value.
There are 19650 events with muon pt outside of [26,200] GeV. Setting those entries to their initial value.
There are 22853 events with muon pt outside of [26,200] GeV. Setting those entries to their initial value.
There are 21848 events with muon pt outside of [26,200] GeV. Setting those entries to their initial value.
There are 23049 events with muon pt outside of [26,200] GeV. Setting those entries to their initial value.
There are 17941 events with muon pt outside of [26,200] GeV. Setting those entries to their initial value.
There are 27597 events with muon pt outside of [26,200] GeV. Setting those entries to their initial value.
There are 19775 events with muon pt outside of [26,200] GeV. Setting those entries to their initial value.
There are 22552 events with muon pt outside of [26,200] GeV. Setting those entries to their initial value.
There are 22164 events with muon pt outside of [26,200] GeV. Setting those entries to their initial value.
There are 31559 events with muon pt outside of [26,200] GeV. Setting those entries to their initial value.
There are 18947 events with muon pt outside of [26,200] GeV. Setting those entries to their initial value.
There are 24115 events with muon pt outside of [26,200] GeV. Setting those entries to their initial value.
There are 23491 events with muon pt outside of [26,200] GeV. Setting those entries to their initial value.
There are 23882 events with muon pt outside of [26,200] GeV. Setting those entries to their initial value.
There are 19249 events with muon pt outside of [26,200] GeV. Setting those entries to their initial value.
There are 26518 events with muon pt outside of [26,200] GeV. Setting those entries to their initial value.
There are 11643 events with muon pt outside of [26,200] GeV. Setting those entries to their initial value.
There are 25427 events with muon pt outside of [26,200] GeV. Setting those entries to their initial value.
There are 19070 events with muon pt outside of [26,200] GeV. Setting those entries to their initial value.
There are 29852 events with muon pt outside of [26,200] GeV. Setting those entries to their initial value.
There are 20379 events with muon pt outside of [26,200] GeV. Setting those entries to their initial value.
There are 22654 events with muon pt outside of [26,200] GeV. Setting those entries to their initial value.
There are 17861 events with muon pt outside of [26,200] GeV. Setting those entries to their initial value.
There are 22543 events with muon pt outside of [26,200] GeV. Setting those entries to their initial value.
There are 19198 events with muon pt outside of [26,200] GeV. Setting those entries to their initial value.
There are 21401 events with muon pt outside of [26,200] GeV. Setting those entries to their initial value.
There are 24179 events with muon pt outside of [26,200] GeV. Setting those entries to their initial value.
There are 26070 events with muon pt outside of [26,200] GeV. Setting those entries to their initial value.
