subject   : /DC=ch/DC=cern/OU=Organic Units/OU=Users/CN=driosper/CN=886669/CN=Diego Alejandro Rios Perez/CN=1573519443
issuer    : /DC=ch/DC=cern/OU=Organic Units/OU=Users/CN=driosper/CN=886669/CN=Diego Alejandro Rios Perez
identity  : /DC=ch/DC=cern/OU=Organic Units/OU=Users/CN=driosper/CN=886669/CN=Diego Alejandro Rios Perez
type      : RFC compliant proxy
strength  : 2048 bits
path      : /afs/cern.ch/user/d/driosper/private/x509up_u182284
timeleft  : 11:50:15
key usage : Digital Signature, Key Encipherment
=== VO cms extension information ===
VO        : cms
subject   : /DC=ch/DC=cern/OU=Organic Units/OU=Users/CN=driosper/CN=886669/CN=Diego Alejandro Rios Perez
issuer    : /DC=ch/DC=cern/OU=computers/CN=cms-auth.cern.ch
attribute : /cms/Role=NULL/Capability=NULL
timeleft  : 11:50:15
uri       : voms-cms-auth.cern.ch:15000
--workflow ztoee --year 2022preEE --output_path /eos/user/d/driosper/bsm3g_coffea/outputs/ztoee/2022preEE/EGammaC --output_format coffea --dataset EGammaC_8 --partition_json /srv/partition_fileset.json
  Preprocessing 100% ━━━━━━━━━━━━━━━━ 10/10 [ 0:00:14 < 0:00:00 | 0.8   file/s ]
Merging (local) 100% ━━━━━━━━━━━━━━━━ 10/10 [ 0:00:14 < 0:00:00 | ?   merges/s ]
     Processing 100% ━━━━━━━━━━━━━━━━ 84/84 [ 0:19:02 < 0:00:00 | 0.2  chunk/s ]
Merging (local) 100% ━━━━━━━━━━━━━━━━ 84/84 [ 0:19:02 < 0:00:00 | ?   merges/s ]
There are 15276 events with muon pt outside of [26,200] GeV. Setting those entries to their initial value.
There are 20410 events with muon pt outside of [26,200] GeV. Setting those entries to their initial value.
There are 16799 events with muon pt outside of [26,200] GeV. Setting those entries to their initial value.
There are 23228 events with muon pt outside of [26,200] GeV. Setting those entries to their initial value.
There are 14796 events with muon pt outside of [26,200] GeV. Setting those entries to their initial value.
There are 20912 events with muon pt outside of [26,200] GeV. Setting those entries to their initial value.
There are 19117 events with muon pt outside of [26,200] GeV. Setting those entries to their initial value.
There are 21278 events with muon pt outside of [26,200] GeV. Setting those entries to their initial value.
There are 19388 events with muon pt outside of [26,200] GeV. Setting those entries to their initial value.
There are 21401 events with muon pt outside of [26,200] GeV. Setting those entries to their initial value.
There are 18392 events with muon pt outside of [26,200] GeV. Setting those entries to their initial value.
There are 30047 events with muon pt outside of [26,200] GeV. Setting those entries to their initial value.
There are 20840 events with muon pt outside of [26,200] GeV. Setting those entries to their initial value.
There are 22432 events with muon pt outside of [26,200] GeV. Setting those entries to their initial value.
There are 16817 events with muon pt outside of [26,200] GeV. Setting those entries to their initial value.
There are 21707 events with muon pt outside of [26,200] GeV. Setting those entries to their initial value.
There are 17914 events with muon pt outside of [26,200] GeV. Setting those entries to their initial value.
There are 27971 events with muon pt outside of [26,200] GeV. Setting those entries to their initial value.
There are 22425 events with muon pt outside of [26,200] GeV. Setting those entries to their initial value.
There are 23377 events with muon pt outside of [26,200] GeV. Setting those entries to their initial value.
There are 15239 events with muon pt outside of [26,200] GeV. Setting those entries to their initial value.
There are 22835 events with muon pt outside of [26,200] GeV. Setting those entries to their initial value.
There are 21569 events with muon pt outside of [26,200] GeV. Setting those entries to their initial value.
There are 22495 events with muon pt outside of [26,200] GeV. Setting those entries to their initial value.
There are 17472 events with muon pt outside of [26,200] GeV. Setting those entries to their initial value.
There are 24939 events with muon pt outside of [26,200] GeV. Setting those entries to their initial value.
There are 20335 events with muon pt outside of [26,200] GeV. Setting those entries to their initial value.
There are 22477 events with muon pt outside of [26,200] GeV. Setting those entries to their initial value.
There are 19092 events with muon pt outside of [26,200] GeV. Setting those entries to their initial value.
There are 30264 events with muon pt outside of [26,200] GeV. Setting those entries to their initial value.
There are 21052 events with muon pt outside of [26,200] GeV. Setting those entries to their initial value.
There are 22395 events with muon pt outside of [26,200] GeV. Setting those entries to their initial value.
There are 17996 events with muon pt outside of [26,200] GeV. Setting those entries to their initial value.
There are 21487 events with muon pt outside of [26,200] GeV. Setting those entries to their initial value.
There are 19367 events with muon pt outside of [26,200] GeV. Setting those entries to their initial value.
There are 24278 events with muon pt outside of [26,200] GeV. Setting those entries to their initial value.
There are 21111 events with muon pt outside of [26,200] GeV. Setting those entries to their initial value.
There are 40301 events with muon pt outside of [26,200] GeV. Setting those entries to their initial value.
There are 17877 events with muon pt outside of [26,200] GeV. Setting those entries to their initial value.
There are 24266 events with muon pt outside of [26,200] GeV. Setting those entries to their initial value.
There are 16310 events with muon pt outside of [26,200] GeV. Setting those entries to their initial value.
There are 23836 events with muon pt outside of [26,200] GeV. Setting those entries to their initial value.
There are 18682 events with muon pt outside of [26,200] GeV. Setting those entries to their initial value.
There are 25997 events with muon pt outside of [26,200] GeV. Setting those entries to their initial value.
There are 17785 events with muon pt outside of [26,200] GeV. Setting those entries to their initial value.
There are 21702 events with muon pt outside of [26,200] GeV. Setting those entries to their initial value.
There are 17634 events with muon pt outside of [26,200] GeV. Setting those entries to their initial value.
There are 26084 events with muon pt outside of [26,200] GeV. Setting those entries to their initial value.
There are 15525 events with muon pt outside of [26,200] GeV. Setting those entries to their initial value.
There are 20571 events with muon pt outside of [26,200] GeV. Setting those entries to their initial value.
There are 15101 events with muon pt outside of [26,200] GeV. Setting those entries to their initial value.
There are 23150 events with muon pt outside of [26,200] GeV. Setting those entries to their initial value.
There are 17574 events with muon pt outside of [26,200] GeV. Setting those entries to their initial value.
There are 21443 events with muon pt outside of [26,200] GeV. Setting those entries to their initial value.
There are 17837 events with muon pt outside of [26,200] GeV. Setting those entries to their initial value.
There are 21681 events with muon pt outside of [26,200] GeV. Setting those entries to their initial value.
There are 18728 events with muon pt outside of [26,200] GeV. Setting those entries to their initial value.
There are 23665 events with muon pt outside of [26,200] GeV. Setting those entries to their initial value.
There are 19470 events with muon pt outside of [26,200] GeV. Setting those entries to their initial value.
There are 22849 events with muon pt outside of [26,200] GeV. Setting those entries to their initial value.
There are 18261 events with muon pt outside of [26,200] GeV. Setting those entries to their initial value.
There are 22167 events with muon pt outside of [26,200] GeV. Setting those entries to their initial value.
There are 17148 events with muon pt outside of [26,200] GeV. Setting those entries to their initial value.
There are 26049 events with muon pt outside of [26,200] GeV. Setting those entries to their initial value.
There are 16643 events with muon pt outside of [26,200] GeV. Setting those entries to their initial value.
There are 23016 events with muon pt outside of [26,200] GeV. Setting those entries to their initial value.
There are 19506 events with muon pt outside of [26,200] GeV. Setting those entries to their initial value.
There are 22468 events with muon pt outside of [26,200] GeV. Setting those entries to their initial value.
There are 16144 events with muon pt outside of [26,200] GeV. Setting those entries to their initial value.
There are 22599 events with muon pt outside of [26,200] GeV. Setting those entries to their initial value.
There are 19093 events with muon pt outside of [26,200] GeV. Setting those entries to their initial value.
There are 22148 events with muon pt outside of [26,200] GeV. Setting those entries to their initial value.
There are 19715 events with muon pt outside of [26,200] GeV. Setting those entries to their initial value.
There are 22255 events with muon pt outside of [26,200] GeV. Setting those entries to their initial value.
There are 19732 events with muon pt outside of [26,200] GeV. Setting those entries to their initial value.
There are 24140 events with muon pt outside of [26,200] GeV. Setting those entries to their initial value.
There are 17969 events with muon pt outside of [26,200] GeV. Setting those entries to their initial value.
There are 22743 events with muon pt outside of [26,200] GeV. Setting those entries to their initial value.
There are 20347 events with muon pt outside of [26,200] GeV. Setting those entries to their initial value.
There are 24390 events with muon pt outside of [26,200] GeV. Setting those entries to their initial value.
There are 16358 events with muon pt outside of [26,200] GeV. Setting those entries to their initial value.
There are 22799 events with muon pt outside of [26,200] GeV. Setting those entries to their initial value.
There are 14412 events with muon pt outside of [26,200] GeV. Setting those entries to their initial value.
There are 22819 events with muon pt outside of [26,200] GeV. Setting those entries to their initial value.
There are 19356 events with muon pt outside of [26,200] GeV. Setting those entries to their initial value.
There are 22156 events with muon pt outside of [26,200] GeV. Setting those entries to their initial value.
There are 17648 events with muon pt outside of [26,200] GeV. Setting those entries to their initial value.
There are 22601 events with muon pt outside of [26,200] GeV. Setting those entries to their initial value.
There are 19461 events with muon pt outside of [26,200] GeV. Setting those entries to their initial value.
There are 21937 events with muon pt outside of [26,200] GeV. Setting those entries to their initial value.
There are 20864 events with muon pt outside of [26,200] GeV. Setting those entries to their initial value.
There are 21955 events with muon pt outside of [26,200] GeV. Setting those entries to their initial value.
There are 17431 events with muon pt outside of [26,200] GeV. Setting those entries to their initial value.
There are 26194 events with muon pt outside of [26,200] GeV. Setting those entries to their initial value.
There are 18088 events with muon pt outside of [26,200] GeV. Setting those entries to their initial value.
There are 21639 events with muon pt outside of [26,200] GeV. Setting those entries to their initial value.
There are 17752 events with muon pt outside of [26,200] GeV. Setting those entries to their initial value.
There are 22906 events with muon pt outside of [26,200] GeV. Setting those entries to their initial value.
There are 17992 events with muon pt outside of [26,200] GeV. Setting those entries to their initial value.
There are 22299 events with muon pt outside of [26,200] GeV. Setting those entries to their initial value.
There are 17817 events with muon pt outside of [26,200] GeV. Setting those entries to their initial value.
There are 22472 events with muon pt outside of [26,200] GeV. Setting those entries to their initial value.
There are 16031 events with muon pt outside of [26,200] GeV. Setting those entries to their initial value.
There are 24423 events with muon pt outside of [26,200] GeV. Setting those entries to their initial value.
There are 18886 events with muon pt outside of [26,200] GeV. Setting those entries to their initial value.
There are 21699 events with muon pt outside of [26,200] GeV. Setting those entries to their initial value.
There are 18523 events with muon pt outside of [26,200] GeV. Setting those entries to their initial value.
There are 23770 events with muon pt outside of [26,200] GeV. Setting those entries to their initial value.
There are 17100 events with muon pt outside of [26,200] GeV. Setting those entries to their initial value.
There are 21841 events with muon pt outside of [26,200] GeV. Setting those entries to their initial value.
There are 18350 events with muon pt outside of [26,200] GeV. Setting those entries to their initial value.
There are 24670 events with muon pt outside of [26,200] GeV. Setting those entries to their initial value.
There are 17839 events with muon pt outside of [26,200] GeV. Setting those entries to their initial value.
There are 21492 events with muon pt outside of [26,200] GeV. Setting those entries to their initial value.
There are 18884 events with muon pt outside of [26,200] GeV. Setting those entries to their initial value.
There are 22025 events with muon pt outside of [26,200] GeV. Setting those entries to their initial value.
There are 14213 events with muon pt outside of [26,200] GeV. Setting those entries to their initial value.
There are 24467 events with muon pt outside of [26,200] GeV. Setting those entries to their initial value.
There are 18173 events with muon pt outside of [26,200] GeV. Setting those entries to their initial value.
There are 28543 events with muon pt outside of [26,200] GeV. Setting those entries to their initial value.
There are 21308 events with muon pt outside of [26,200] GeV. Setting those entries to their initial value.
There are 23592 events with muon pt outside of [26,200] GeV. Setting those entries to their initial value.
There are 16936 events with muon pt outside of [26,200] GeV. Setting those entries to their initial value.
There are 30335 events with muon pt outside of [26,200] GeV. Setting those entries to their initial value.
There are 19863 events with muon pt outside of [26,200] GeV. Setting those entries to their initial value.
There are 23430 events with muon pt outside of [26,200] GeV. Setting those entries to their initial value.
There are 14952 events with muon pt outside of [26,200] GeV. Setting those entries to their initial value.
There are 19681 events with muon pt outside of [26,200] GeV. Setting those entries to their initial value.
There are 18951 events with muon pt outside of [26,200] GeV. Setting those entries to their initial value.
There are 22891 events with muon pt outside of [26,200] GeV. Setting those entries to their initial value.
There are 17213 events with muon pt outside of [26,200] GeV. Setting those entries to their initial value.
There are 21290 events with muon pt outside of [26,200] GeV. Setting those entries to their initial value.
There are 11647 events with muon pt outside of [26,200] GeV. Setting those entries to their initial value.
There are 21873 events with muon pt outside of [26,200] GeV. Setting those entries to their initial value.
There are 19535 events with muon pt outside of [26,200] GeV. Setting those entries to their initial value.
There are 21597 events with muon pt outside of [26,200] GeV. Setting those entries to their initial value.
There are 18542 events with muon pt outside of [26,200] GeV. Setting those entries to their initial value.
There are 25967 events with muon pt outside of [26,200] GeV. Setting those entries to their initial value.
There are 20503 events with muon pt outside of [26,200] GeV. Setting those entries to their initial value.
There are 22160 events with muon pt outside of [26,200] GeV. Setting those entries to their initial value.
There are 19182 events with muon pt outside of [26,200] GeV. Setting those entries to their initial value.
There are 22024 events with muon pt outside of [26,200] GeV. Setting those entries to their initial value.
There are 19154 events with muon pt outside of [26,200] GeV. Setting those entries to their initial value.
There are 25927 events with muon pt outside of [26,200] GeV. Setting those entries to their initial value.
There are 22267 events with muon pt outside of [26,200] GeV. Setting those entries to their initial value.
There are 23623 events with muon pt outside of [26,200] GeV. Setting those entries to their initial value.
There are 19615 events with muon pt outside of [26,200] GeV. Setting those entries to their initial value.
There are 22884 events with muon pt outside of [26,200] GeV. Setting those entries to their initial value.
There are 17458 events with muon pt outside of [26,200] GeV. Setting those entries to their initial value.
There are 22101 events with muon pt outside of [26,200] GeV. Setting those entries to their initial value.
There are 19142 events with muon pt outside of [26,200] GeV. Setting those entries to their initial value.
There are 28526 events with muon pt outside of [26,200] GeV. Setting those entries to their initial value.
There are 19833 events with muon pt outside of [26,200] GeV. Setting those entries to their initial value.
There are 22678 events with muon pt outside of [26,200] GeV. Setting those entries to their initial value.
There are 19731 events with muon pt outside of [26,200] GeV. Setting those entries to their initial value.
There are 26431 events with muon pt outside of [26,200] GeV. Setting those entries to their initial value.
There are 21491 events with muon pt outside of [26,200] GeV. Setting those entries to their initial value.
There are 22532 events with muon pt outside of [26,200] GeV. Setting those entries to their initial value.
There are 17869 events with muon pt outside of [26,200] GeV. Setting those entries to their initial value.
There are 21548 events with muon pt outside of [26,200] GeV. Setting those entries to their initial value.
There are 18008 events with muon pt outside of [26,200] GeV. Setting those entries to their initial value.
There are 23864 events with muon pt outside of [26,200] GeV. Setting those entries to their initial value.
There are 16205 events with muon pt outside of [26,200] GeV. Setting those entries to their initial value.
There are 22464 events with muon pt outside of [26,200] GeV. Setting those entries to their initial value.
There are 18140 events with muon pt outside of [26,200] GeV. Setting those entries to their initial value.
There are 24686 events with muon pt outside of [26,200] GeV. Setting those entries to their initial value.
There are 15846 events with muon pt outside of [26,200] GeV. Setting those entries to their initial value.
There are 15780 events with muon pt outside of [26,200] GeV. Setting those entries to their initial value.
