000 (14737665.025.000) 02/25 20:32:10 Job submitted from host: <188.184.90.62:9618?addrs=188.184.90.62-9618+[2001-1458-201-e4--100-238]-9618&alias=bigbird16.cern.ch&noUDP&sock=schedd_5196_9a2f>
...
040 (14737665.025.000) 02/25 20:35:59 Started transferring input files
	Transferring to host: <128.142.33.214:9618?addrs=128.142.33.214-9618+[2001-1458-301-39--100-13]-9618&alias=b9g24p7240.cern.ch&noUDP&sock=slot1_10_5674_98a0_175658>
...
040 (14737665.025.000) 02/25 20:35:59 Finished transferring input files
...
001 (14737665.025.000) 02/25 20:36:00 Job executing on host: <128.142.33.214:9618?addrs=128.142.33.214-9618+[2001-1458-301-39--100-13]-9618&alias=b9g24p7240.cern.ch&noUDP&sock=startd_4808_7770>
	SlotName: slot1_10@b9g24p7240.cern.ch
	CondorScratchDir = "/pool/condor/dir_2157171"
	Cpus = 1
	Disk = 3827
	GPUs = 0
	Memory = 3000
...
006 (14737665.025.000) 02/25 20:36:14 Image size of job updated: 141452
	139  -  MemoryUsage of job (MB)
	141452  -  ResidentSetSize of job (KB)
...
006 (14737665.025.000) 02/25 20:41:15 Image size of job updated: 1736324
	1600  -  MemoryUsage of job (MB)
	1638140  -  ResidentSetSize of job (KB)
...
040 (14737665.025.000) 02/25 20:48:12 Started transferring output files
...
040 (14737665.025.000) 02/25 20:48:12 Finished transferring output files
...
005 (14737665.025.000) 02/25 20:48:12 Job terminated.
	(1) Normal termination (return value 0)
		Usr 0 00:23:01, Sys 0 00:00:27  -  Run Remote Usage
		Usr 0 00:00:00, Sys 0 00:00:00  -  Run Local Usage
		Usr 0 00:23:01, Sys 0 00:00:27  -  Total Remote Usage
		Usr 0 00:00:00, Sys 0 00:00:00  -  Total Local Usage
	21017  -  Run Bytes Sent By Job
	51587  -  Run Bytes Received By Job
	21017  -  Total Bytes Sent By Job
	51587  -  Total Bytes Received By Job
	Partitionable Resources :    Usage  Request Allocated 
	   Cpus                 :     1.91        1         1 
	   Disk (KB)            :    97          75      3827 
	   GPUs                 :                           0 
	   Memory (MB)          :  1600        3000      3000 
	   TimeExecute (s)      :   732                       
	   TimeSlotBusy (s)     :   734                       

	Job terminated of its own accord at 2026-02-25T19:48:12Z with exit-code 0.
...
