000 (14737665.017.000) 02/25 20:32:09 Job submitted from host: <188.184.90.62:9618?addrs=188.184.90.62-9618+[2001-1458-201-e4--100-238]-9618&alias=bigbird16.cern.ch&noUDP&sock=schedd_5196_9a2f>
...
040 (14737665.017.000) 02/25 20:35:57 Started transferring input files
	Transferring to host: <188.185.213.190:9618?addrs=188.185.213.190-9618+[2001-1458-303-1b--100-3a]-9618&alias=b9p28p5433.cern.ch&noUDP&sock=slot1_11_723637_7acc_170865>
...
040 (14737665.017.000) 02/25 20:35:57 Finished transferring input files
...
001 (14737665.017.000) 02/25 20:35:58 Job executing on host: <188.185.213.190:9618?addrs=188.185.213.190-9618+[2001-1458-303-1b--100-3a]-9618&alias=b9p28p5433.cern.ch&noUDP&sock=startd_723596_3f93>
	SlotName: slot1_11@b9p28p5433.cern.ch
	CondorScratchDir = "/pool/condor/dir_3379018"
	Cpus = 1
	Disk = 3801
	GPUs = 0
	Memory = 3000
...
006 (14737665.017.000) 02/25 20:36:12 Image size of job updated: 116420
	114  -  MemoryUsage of job (MB)
	116420  -  ResidentSetSize of job (KB)
...
006 (14737665.017.000) 02/25 20:41:12 Image size of job updated: 1714356
	1492  -  MemoryUsage of job (MB)
	1527632  -  ResidentSetSize of job (KB)
...
006 (14737665.017.000) 02/25 20:51:13 Image size of job updated: 1714356
	1562  -  MemoryUsage of job (MB)
	1599232  -  ResidentSetSize of job (KB)
...
040 (14737665.017.000) 02/25 20:53:47 Started transferring output files
...
040 (14737665.017.000) 02/25 20:53:47 Finished transferring output files
...
005 (14737665.017.000) 02/25 20:53:47 Job terminated.
	(1) Normal termination (return value 0)
		Usr 0 00:22:20, Sys 0 00:00:33  -  Run Remote Usage
		Usr 0 00:00:00, Sys 0 00:00:00  -  Run Local Usage
		Usr 0 00:22:20, Sys 0 00:00:33  -  Total Remote Usage
		Usr 0 00:00:00, Sys 0 00:00:00  -  Total Local Usage
	19596  -  Run Bytes Sent By Job
	51587  -  Run Bytes Received By Job
	19596  -  Total Bytes Sent By Job
	51587  -  Total Bytes Received By Job
	Partitionable Resources :    Usage  Request Allocated 
	   Cpus                 :     0.07        1         1 
	   Disk (KB)            :    96          75      3801 
	   GPUs                 :                           0 
	   Memory (MB)          :  1562        3000      3000 
	   TimeExecute (s)      :  1069                       
	   TimeSlotBusy (s)     :  1071                       

	Job terminated of its own accord at 2026-02-25T19:53:47Z with exit-code 0.
...
