000 (14737665.016.000) 02/25 20:32:09 Job submitted from host: <188.184.90.62:9618?addrs=188.184.90.62-9618+[2001-1458-201-e4--100-238]-9618&alias=bigbird16.cern.ch&noUDP&sock=schedd_5196_9a2f>
...
040 (14737665.016.000) 02/25 20:35:56 Started transferring input files
	Transferring to host: <188.185.213.30:9618?addrs=188.185.213.30-9618+[2001-1458-303-1a--100-1a]-9618&alias=b9p27p6339.cern.ch&noUDP&sock=slot1_2_7747_3654_169990>
...
040 (14737665.016.000) 02/25 20:35:56 Finished transferring input files
...
001 (14737665.016.000) 02/25 20:35:57 Job executing on host: <188.185.213.30:9618?addrs=188.185.213.30-9618+[2001-1458-303-1a--100-1a]-9618&alias=b9p27p6339.cern.ch&noUDP&sock=startd_7299_15da>
	SlotName: slot1_2@b9p27p6339.cern.ch
	CondorScratchDir = "/pool/condor/dir_4154309"
	Cpus = 1
	Disk = 3808
	GPUs = 0
	Memory = 3000
...
006 (14737665.016.000) 02/25 20:36:10 Image size of job updated: 498980
	488  -  MemoryUsage of job (MB)
	498980  -  ResidentSetSize of job (KB)
...
006 (14737665.016.000) 02/25 20:41:10 Image size of job updated: 1669776
	1431  -  MemoryUsage of job (MB)
	1464816  -  ResidentSetSize of job (KB)
...
006 (14737665.016.000) 02/25 20:46:10 Image size of job updated: 1669776
	1579  -  MemoryUsage of job (MB)
	1616292  -  ResidentSetSize of job (KB)
...
040 (14737665.016.000) 02/25 20:54:47 Started transferring output files
...
040 (14737665.016.000) 02/25 20:54:47 Finished transferring output files
...
005 (14737665.016.000) 02/25 20:54:47 Job terminated.
	(1) Normal termination (return value 0)
		Usr 0 00:27:10, Sys 0 00:00:40  -  Run Remote Usage
		Usr 0 00:00:00, Sys 0 00:00:00  -  Run Local Usage
		Usr 0 00:27:10, Sys 0 00:00:40  -  Total Remote Usage
		Usr 0 00:00:00, Sys 0 00:00:00  -  Total Local Usage
	25787  -  Run Bytes Sent By Job
	51587  -  Run Bytes Received By Job
	25787  -  Total Bytes Sent By Job
	51587  -  Total Bytes Received By Job
	Partitionable Resources :    Usage  Request Allocated 
	   Cpus                 :     0.36        1         1 
	   Disk (KB)            :   102          75      3808 
	   GPUs                 :                           0 
	   Memory (MB)          :  1579        3000      3000 
	   TimeExecute (s)      :  1130                       
	   TimeSlotBusy (s)     :  1132                       

	Job terminated of its own accord at 2026-02-25T19:54:47Z with exit-code 0.
...
