000 (14737665.011.000) 02/25 20:32:09 Job submitted from host: <188.184.90.62:9618?addrs=188.184.90.62-9618+[2001-1458-201-e4--100-238]-9618&alias=bigbird16.cern.ch&noUDP&sock=schedd_5196_9a2f>
...
040 (14737665.011.000) 02/25 20:35:55 Started transferring input files
	Transferring to host: <188.185.215.77:9618?addrs=188.185.215.77-9618+[2001-1458-303-1e--100-49]-9618&alias=b9p31p6444.cern.ch&noUDP&sock=slot1_3_3234_653d_170207>
...
040 (14737665.011.000) 02/25 20:35:55 Finished transferring input files
...
001 (14737665.011.000) 02/25 20:35:56 Job executing on host: <188.185.215.77:9618?addrs=188.185.215.77-9618+[2001-1458-303-1e--100-49]-9618&alias=b9p31p6444.cern.ch&noUDP&sock=startd_2823_ebf2>
	SlotName: slot1_3@b9p31p6444.cern.ch
	CondorScratchDir = "/pool/condor/dir_626752"
	Cpus = 1
	Disk = 3812
	GPUs = 0
	Memory = 3000
...
006 (14737665.011.000) 02/25 20:36:10 Image size of job updated: 499052
	488  -  MemoryUsage of job (MB)
	499052  -  ResidentSetSize of job (KB)
...
006 (14737665.011.000) 02/25 20:41:11 Image size of job updated: 1528428
	1404  -  MemoryUsage of job (MB)
	1436928  -  ResidentSetSize of job (KB)
...
006 (14737665.011.000) 02/25 20:46:11 Image size of job updated: 1615416
	1578  -  MemoryUsage of job (MB)
	1615416  -  ResidentSetSize of job (KB)
...
006 (14737665.011.000) 02/25 20:51:12 Image size of job updated: 1664944
	1578  -  MemoryUsage of job (MB)
	1615416  -  ResidentSetSize of job (KB)
...
040 (14737665.011.000) 02/25 20:52:17 Started transferring output files
...
040 (14737665.011.000) 02/25 20:52:18 Finished transferring output files
...
005 (14737665.011.000) 02/25 20:52:18 Job terminated.
	(1) Normal termination (return value 0)
		Usr 0 00:29:54, Sys 0 00:00:45  -  Run Remote Usage
		Usr 0 00:00:00, Sys 0 00:00:00  -  Run Local Usage
		Usr 0 00:29:54, Sys 0 00:00:45  -  Total Remote Usage
		Usr 0 00:00:00, Sys 0 00:00:00  -  Total Local Usage
	26469  -  Run Bytes Sent By Job
	51587  -  Run Bytes Received By Job
	26469  -  Total Bytes Sent By Job
	51587  -  Total Bytes Received By Job
	Partitionable Resources :    Usage  Request Allocated 
	   Cpus                 :     2.51        1         1 
	   Disk (KB)            :   102          75      3812 
	   GPUs                 :                           0 
	   Memory (MB)          :  1578        3000      3000 
	   TimeExecute (s)      :   981                       
	   TimeSlotBusy (s)     :   984                       

	Job terminated of its own accord at 2026-02-25T19:52:17Z with exit-code 0.
...
