000 (14737665.006.000) 02/25 20:32:09 Job submitted from host: <188.184.90.62:9618?addrs=188.184.90.62-9618+[2001-1458-201-e4--100-238]-9618&alias=bigbird16.cern.ch&noUDP&sock=schedd_5196_9a2f>
...
040 (14737665.006.000) 02/25 20:35:53 Started transferring input files
	Transferring to host: <188.185.208.143:9618?addrs=188.185.208.143-9618+[2001-1458-303-10--100-c]-9618&alias=b9p10p4620.cern.ch&noUDP&sock=slot1_35_4394_b86c_148487>
...
040 (14737665.006.000) 02/25 20:35:53 Finished transferring input files
...
001 (14737665.006.000) 02/25 20:35:54 Job executing on host: <188.185.208.143:9618?addrs=188.185.208.143-9618+[2001-1458-303-10--100-c]-9618&alias=b9p10p4620.cern.ch&noUDP&sock=startd_3694_5aef>
	SlotName: slot1_35@b9p10p4620.cern.ch
	CondorScratchDir = "/pool/condor/dir_925795"
	Cpus = 1
	Disk = 3763
	GPUs = 0
	Memory = 3000
...
006 (14737665.006.000) 02/25 20:36:08 Image size of job updated: 480396
	470  -  MemoryUsage of job (MB)
	480396  -  ResidentSetSize of job (KB)
...
006 (14737665.006.000) 02/25 20:41:09 Image size of job updated: 1510192
	1397  -  MemoryUsage of job (MB)
	1430208  -  ResidentSetSize of job (KB)
...
006 (14737665.006.000) 02/25 20:46:09 Image size of job updated: 1633208
	1552  -  MemoryUsage of job (MB)
	1589168  -  ResidentSetSize of job (KB)
...
006 (14737665.006.000) 02/25 20:50:50 Image size of job updated: 1686720
	1552  -  MemoryUsage of job (MB)
	1589168  -  ResidentSetSize of job (KB)
...
040 (14737665.006.000) 02/25 20:50:50 Started transferring output files
...
040 (14737665.006.000) 02/25 20:50:50 Finished transferring output files
...
005 (14737665.006.000) 02/25 20:50:50 Job terminated.
	(1) Normal termination (return value 0)
		Usr 0 00:25:19, Sys 0 00:00:38  -  Run Remote Usage
		Usr 0 00:00:00, Sys 0 00:00:00  -  Run Local Usage
		Usr 0 00:25:19, Sys 0 00:00:38  -  Total Remote Usage
		Usr 0 00:00:00, Sys 0 00:00:00  -  Total Local Usage
	23509  -  Run Bytes Sent By Job
	51587  -  Run Bytes Received By Job
	23509  -  Total Bytes Sent By Job
	51587  -  Total Bytes Received By Job
	Partitionable Resources :    Usage  Request Allocated 
	   Cpus                 :     2.32        1         1 
	   Disk (KB)            :   104          75      3763 
	   GPUs                 :                           0 
	   Memory (MB)          :  1552        3000      3000 
	   TimeExecute (s)      :   896                       
	   TimeSlotBusy (s)     :   898                       

	Job terminated of its own accord at 2026-02-25T19:50:50Z with exit-code 0.
...
