subject   : /DC=ch/DC=cern/OU=Organic Units/OU=Users/CN=driosper/CN=886669/CN=Diego Alejandro Rios Perez/CN=1573519443
issuer    : /DC=ch/DC=cern/OU=Organic Units/OU=Users/CN=driosper/CN=886669/CN=Diego Alejandro Rios Perez
identity  : /DC=ch/DC=cern/OU=Organic Units/OU=Users/CN=driosper/CN=886669/CN=Diego Alejandro Rios Perez
type      : RFC compliant proxy
strength  : 2048 bits
path      : /afs/cern.ch/user/d/driosper/private/x509up_u182284
timeleft  : 11:50:09
key usage : Digital Signature, Key Encipherment
=== VO cms extension information ===
VO        : cms
subject   : /DC=ch/DC=cern/OU=Organic Units/OU=Users/CN=driosper/CN=886669/CN=Diego Alejandro Rios Perez
issuer    : /DC=ch/DC=cern/OU=computers/CN=cms-auth.cern.ch
attribute : /cms/Role=NULL/Capability=NULL
timeleft  : 11:50:09
uri       : voms-cms-auth.cern.ch:15000
--workflow ztoee --year 2022preEE --output_path /eos/user/d/driosper/bsm3g_coffea/outputs/ztoee/2022preEE/EGammaC --output_format coffea --dataset EGammaC_24 --partition_json /srv/partition_fileset.json
  Preprocessing 100% ━━━━━━━━━━━━━━━━ 10/10 [ 0:00:11 < 0:00:00 | 1.0   file/s ]
Merging (local) 100% ━━━━━━━━━━━━━━━━ 10/10 [ 0:00:11 < 0:00:00 | ?   merges/s ]
     Processing 100% ━━━━━━━━━━━━━━ 108/108 [ 0:17:22 < 0:00:00 | 0.1  chunk/s ]
Merging (local) 100% ━━━━━━━━━━━━━━ 108/108 [ 0:17:22 < 0:00:00 | ?   merges/s ]
There are 20274 events with muon pt outside of [26,200] GeV. Setting those entries to their initial value.
There are 22874 events with muon pt outside of [26,200] GeV. Setting those entries to their initial value.
There are 18289 events with muon pt outside of [26,200] GeV. Setting those entries to their initial value.
There are 21168 events with muon pt outside of [26,200] GeV. Setting those entries to their initial value.
There are 18664 events with muon pt outside of [26,200] GeV. Setting those entries to their initial value.
There are 23173 events with muon pt outside of [26,200] GeV. Setting those entries to their initial value.
There are 23294 events with muon pt outside of [26,200] GeV. Setting those entries to their initial value.
There are 24492 events with muon pt outside of [26,200] GeV. Setting those entries to their initial value.
There are 15276 events with muon pt outside of [26,200] GeV. Setting those entries to their initial value.
There are 21039 events with muon pt outside of [26,200] GeV. Setting those entries to their initial value.
There are 13700 events with muon pt outside of [26,200] GeV. Setting those entries to their initial value.
There are 20074 events with muon pt outside of [26,200] GeV. Setting those entries to their initial value.
There are 15644 events with muon pt outside of [26,200] GeV. Setting those entries to their initial value.
There are 20748 events with muon pt outside of [26,200] GeV. Setting those entries to their initial value.
There are 13380 events with muon pt outside of [26,200] GeV. Setting those entries to their initial value.
There are 18156 events with muon pt outside of [26,200] GeV. Setting those entries to their initial value.
There are 15254 events with muon pt outside of [26,200] GeV. Setting those entries to their initial value.
There are 20467 events with muon pt outside of [26,200] GeV. Setting those entries to their initial value.
There are 17470 events with muon pt outside of [26,200] GeV. Setting those entries to their initial value.
There are 30201 events with muon pt outside of [26,200] GeV. Setting those entries to their initial value.
There are 17257 events with muon pt outside of [26,200] GeV. Setting those entries to their initial value.
There are 25067 events with muon pt outside of [26,200] GeV. Setting those entries to their initial value.
There are 22353 events with muon pt outside of [26,200] GeV. Setting those entries to their initial value.
There are 23771 events with muon pt outside of [26,200] GeV. Setting those entries to their initial value.
There are 16130 events with muon pt outside of [26,200] GeV. Setting those entries to their initial value.
There are 21943 events with muon pt outside of [26,200] GeV. Setting those entries to their initial value.
There are 17990 events with muon pt outside of [26,200] GeV. Setting those entries to their initial value.
There are 30970 events with muon pt outside of [26,200] GeV. Setting those entries to their initial value.
There are 18282 events with muon pt outside of [26,200] GeV. Setting those entries to their initial value.
There are 25460 events with muon pt outside of [26,200] GeV. Setting those entries to their initial value.
There are 21844 events with muon pt outside of [26,200] GeV. Setting those entries to their initial value.
There are 23161 events with muon pt outside of [26,200] GeV. Setting those entries to their initial value.
There are 9846 events with muon pt outside of [26,200] GeV. Setting those entries to their initial value.
There are 16949 events with muon pt outside of [26,200] GeV. Setting those entries to their initial value.
There are 17956 events with muon pt outside of [26,200] GeV. Setting those entries to their initial value.
There are 28808 events with muon pt outside of [26,200] GeV. Setting those entries to their initial value.
There are 17515 events with muon pt outside of [26,200] GeV. Setting those entries to their initial value.
There are 24751 events with muon pt outside of [26,200] GeV. Setting those entries to their initial value.
There are 22117 events with muon pt outside of [26,200] GeV. Setting those entries to their initial value.
There are 22994 events with muon pt outside of [26,200] GeV. Setting those entries to their initial value.
There are 17729 events with muon pt outside of [26,200] GeV. Setting those entries to their initial value.
There are 22753 events with muon pt outside of [26,200] GeV. Setting those entries to their initial value.
There are 17720 events with muon pt outside of [26,200] GeV. Setting those entries to their initial value.
There are 24427 events with muon pt outside of [26,200] GeV. Setting those entries to their initial value.
There are 22366 events with muon pt outside of [26,200] GeV. Setting those entries to their initial value.
There are 24829 events with muon pt outside of [26,200] GeV. Setting those entries to their initial value.
There are 16262 events with muon pt outside of [26,200] GeV. Setting those entries to their initial value.
There are 25154 events with muon pt outside of [26,200] GeV. Setting those entries to their initial value.
There are 16798 events with muon pt outside of [26,200] GeV. Setting those entries to their initial value.
There are 20942 events with muon pt outside of [26,200] GeV. Setting those entries to their initial value.
There are 16857 events with muon pt outside of [26,200] GeV. Setting those entries to their initial value.
There are 22184 events with muon pt outside of [26,200] GeV. Setting those entries to their initial value.
There are 18509 events with muon pt outside of [26,200] GeV. Setting those entries to their initial value.
There are 26553 events with muon pt outside of [26,200] GeV. Setting those entries to their initial value.
There are 22970 events with muon pt outside of [26,200] GeV. Setting those entries to their initial value.
There are 23796 events with muon pt outside of [26,200] GeV. Setting those entries to their initial value.
There are 19559 events with muon pt outside of [26,200] GeV. Setting those entries to their initial value.
There are 22529 events with muon pt outside of [26,200] GeV. Setting those entries to their initial value.
There are 19563 events with muon pt outside of [26,200] GeV. Setting those entries to their initial value.
There are 25573 events with muon pt outside of [26,200] GeV. Setting those entries to their initial value.
There are 21431 events with muon pt outside of [26,200] GeV. Setting those entries to their initial value.
There are 23872 events with muon pt outside of [26,200] GeV. Setting those entries to their initial value.
There are 15715 events with muon pt outside of [26,200] GeV. Setting those entries to their initial value.
There are 21376 events with muon pt outside of [26,200] GeV. Setting those entries to their initial value.
There are 17539 events with muon pt outside of [26,200] GeV. Setting those entries to their initial value.
There are 20898 events with muon pt outside of [26,200] GeV. Setting those entries to their initial value.
There are 14661 events with muon pt outside of [26,200] GeV. Setting those entries to their initial value.
There are 19997 events with muon pt outside of [26,200] GeV. Setting those entries to their initial value.
There are 16009 events with muon pt outside of [26,200] GeV. Setting those entries to their initial value.
There are 20288 events with muon pt outside of [26,200] GeV. Setting those entries to their initial value.
There are 18785 events with muon pt outside of [26,200] GeV. Setting those entries to their initial value.
There are 25508 events with muon pt outside of [26,200] GeV. Setting those entries to their initial value.
There are 22359 events with muon pt outside of [26,200] GeV. Setting those entries to their initial value.
There are 23429 events with muon pt outside of [26,200] GeV. Setting those entries to their initial value.
There are 15805 events with muon pt outside of [26,200] GeV. Setting those entries to their initial value.
There are 23135 events with muon pt outside of [26,200] GeV. Setting those entries to their initial value.
There are 20061 events with muon pt outside of [26,200] GeV. Setting those entries to their initial value.
There are 24015 events with muon pt outside of [26,200] GeV. Setting those entries to their initial value.
There are 19495 events with muon pt outside of [26,200] GeV. Setting those entries to their initial value.
There are 26932 events with muon pt outside of [26,200] GeV. Setting those entries to their initial value.
There are 18897 events with muon pt outside of [26,200] GeV. Setting those entries to their initial value.
There are 26430 events with muon pt outside of [26,200] GeV. Setting those entries to their initial value.
There are 22511 events with muon pt outside of [26,200] GeV. Setting those entries to their initial value.
There are 23576 events with muon pt outside of [26,200] GeV. Setting those entries to their initial value.
There are 17036 events with muon pt outside of [26,200] GeV. Setting those entries to their initial value.
There are 22799 events with muon pt outside of [26,200] GeV. Setting those entries to their initial value.
There are 17345 events with muon pt outside of [26,200] GeV. Setting those entries to their initial value.
There are 29393 events with muon pt outside of [26,200] GeV. Setting those entries to their initial value.
There are 18180 events with muon pt outside of [26,200] GeV. Setting those entries to their initial value.
There are 23222 events with muon pt outside of [26,200] GeV. Setting those entries to their initial value.
There are 21821 events with muon pt outside of [26,200] GeV. Setting those entries to their initial value.
There are 22828 events with muon pt outside of [26,200] GeV. Setting those entries to their initial value.
There are 18532 events with muon pt outside of [26,200] GeV. Setting those entries to their initial value.
There are 29713 events with muon pt outside of [26,200] GeV. Setting those entries to their initial value.
There are 18719 events with muon pt outside of [26,200] GeV. Setting those entries to their initial value.
There are 22281 events with muon pt outside of [26,200] GeV. Setting those entries to their initial value.
There are 16987 events with muon pt outside of [26,200] GeV. Setting those entries to their initial value.
There are 21442 events with muon pt outside of [26,200] GeV. Setting those entries to their initial value.
There are 16529 events with muon pt outside of [26,200] GeV. Setting those entries to their initial value.
There are 20942 events with muon pt outside of [26,200] GeV. Setting those entries to their initial value.
There are 17378 events with muon pt outside of [26,200] GeV. Setting those entries to their initial value.
There are 25098 events with muon pt outside of [26,200] GeV. Setting those entries to their initial value.
There are 15880 events with muon pt outside of [26,200] GeV. Setting those entries to their initial value.
There are 19330 events with muon pt outside of [26,200] GeV. Setting those entries to their initial value.
There are 13662 events with muon pt outside of [26,200] GeV. Setting those entries to their initial value.
There are 18548 events with muon pt outside of [26,200] GeV. Setting those entries to their initial value.
There are 18195 events with muon pt outside of [26,200] GeV. Setting those entries to their initial value.
There are 21468 events with muon pt outside of [26,200] GeV. Setting those entries to their initial value.
There are 18413 events with muon pt outside of [26,200] GeV. Setting those entries to their initial value.
There are 22797 events with muon pt outside of [26,200] GeV. Setting those entries to their initial value.
There are 23009 events with muon pt outside of [26,200] GeV. Setting those entries to their initial value.
There are 23746 events with muon pt outside of [26,200] GeV. Setting those entries to their initial value.
There are 15857 events with muon pt outside of [26,200] GeV. Setting those entries to their initial value.
There are 21797 events with muon pt outside of [26,200] GeV. Setting those entries to their initial value.
There are 19613 events with muon pt outside of [26,200] GeV. Setting those entries to their initial value.
There are 26315 events with muon pt outside of [26,200] GeV. Setting those entries to their initial value.
There are 21377 events with muon pt outside of [26,200] GeV. Setting those entries to their initial value.
There are 23759 events with muon pt outside of [26,200] GeV. Setting those entries to their initial value.
There are 15668 events with muon pt outside of [26,200] GeV. Setting those entries to their initial value.
There are 23240 events with muon pt outside of [26,200] GeV. Setting those entries to their initial value.
There are 18325 events with muon pt outside of [26,200] GeV. Setting those entries to their initial value.
There are 21169 events with muon pt outside of [26,200] GeV. Setting those entries to their initial value.
There are 15235 events with muon pt outside of [26,200] GeV. Setting those entries to their initial value.
There are 21842 events with muon pt outside of [26,200] GeV. Setting those entries to their initial value.
There are 17658 events with muon pt outside of [26,200] GeV. Setting those entries to their initial value.
There are 21285 events with muon pt outside of [26,200] GeV. Setting those entries to their initial value.
There are 18367 events with muon pt outside of [26,200] GeV. Setting those entries to their initial value.
There are 30349 events with muon pt outside of [26,200] GeV. Setting those entries to their initial value.
There are 17835 events with muon pt outside of [26,200] GeV. Setting those entries to their initial value.
There are 25002 events with muon pt outside of [26,200] GeV. Setting those entries to their initial value.
There are 21414 events with muon pt outside of [26,200] GeV. Setting those entries to their initial value.
There are 23427 events with muon pt outside of [26,200] GeV. Setting those entries to their initial value.
There are 15849 events with muon pt outside of [26,200] GeV. Setting those entries to their initial value.
There are 23075 events with muon pt outside of [26,200] GeV. Setting those entries to their initial value.
There are 15737 events with muon pt outside of [26,200] GeV. Setting those entries to their initial value.
There are 29538 events with muon pt outside of [26,200] GeV. Setting those entries to their initial value.
There are 18291 events with muon pt outside of [26,200] GeV. Setting those entries to their initial value.
There are 25430 events with muon pt outside of [26,200] GeV. Setting those entries to their initial value.
There are 22215 events with muon pt outside of [26,200] GeV. Setting those entries to their initial value.
There are 23319 events with muon pt outside of [26,200] GeV. Setting those entries to their initial value.
There are 18960 events with muon pt outside of [26,200] GeV. Setting those entries to their initial value.
There are 23566 events with muon pt outside of [26,200] GeV. Setting those entries to their initial value.
There are 18820 events with muon pt outside of [26,200] GeV. Setting those entries to their initial value.
There are 25123 events with muon pt outside of [26,200] GeV. Setting those entries to their initial value.
There are 20232 events with muon pt outside of [26,200] GeV. Setting those entries to their initial value.
There are 22441 events with muon pt outside of [26,200] GeV. Setting those entries to their initial value.
There are 20534 events with muon pt outside of [26,200] GeV. Setting those entries to their initial value.
There are 22559 events with muon pt outside of [26,200] GeV. Setting those entries to their initial value.
There are 18620 events with muon pt outside of [26,200] GeV. Setting those entries to their initial value.
There are 27906 events with muon pt outside of [26,200] GeV. Setting those entries to their initial value.
There are 21885 events with muon pt outside of [26,200] GeV. Setting those entries to their initial value.
There are 22605 events with muon pt outside of [26,200] GeV. Setting those entries to their initial value.
There are 14198 events with muon pt outside of [26,200] GeV. Setting those entries to their initial value.
There are 22247 events with muon pt outside of [26,200] GeV. Setting those entries to their initial value.
There are 20244 events with muon pt outside of [26,200] GeV. Setting those entries to their initial value.
There are 25915 events with muon pt outside of [26,200] GeV. Setting those entries to their initial value.
There are 18387 events with muon pt outside of [26,200] GeV. Setting those entries to their initial value.
There are 22678 events with muon pt outside of [26,200] GeV. Setting those entries to their initial value.
There are 15632 events with muon pt outside of [26,200] GeV. Setting those entries to their initial value.
There are 23516 events with muon pt outside of [26,200] GeV. Setting those entries to their initial value.
There are 18319 events with muon pt outside of [26,200] GeV. Setting those entries to their initial value.
There are 21500 events with muon pt outside of [26,200] GeV. Setting those entries to their initial value.
There are 20293 events with muon pt outside of [26,200] GeV. Setting those entries to their initial value.
There are 22833 events with muon pt outside of [26,200] GeV. Setting those entries to their initial value.
There are 16866 events with muon pt outside of [26,200] GeV. Setting those entries to their initial value.
There are 19870 events with muon pt outside of [26,200] GeV. Setting those entries to their initial value.
There are 20640 events with muon pt outside of [26,200] GeV. Setting those entries to their initial value.
There are 23165 events with muon pt outside of [26,200] GeV. Setting those entries to their initial value.
There are 22144 events with muon pt outside of [26,200] GeV. Setting those entries to their initial value.
There are 24301 events with muon pt outside of [26,200] GeV. Setting those entries to their initial value.
There are 23503 events with muon pt outside of [26,200] GeV. Setting those entries to their initial value.
There are 32826 events with muon pt outside of [26,200] GeV. Setting those entries to their initial value.
There are 19989 events with muon pt outside of [26,200] GeV. Setting those entries to their initial value.
There are 23724 events with muon pt outside of [26,200] GeV. Setting those entries to their initial value.
There are 18820 events with muon pt outside of [26,200] GeV. Setting those entries to their initial value.
There are 20656 events with muon pt outside of [26,200] GeV. Setting those entries to their initial value.
There are 15647 events with muon pt outside of [26,200] GeV. Setting those entries to their initial value.
There are 22733 events with muon pt outside of [26,200] GeV. Setting those entries to their initial value.
There are 18797 events with muon pt outside of [26,200] GeV. Setting those entries to their initial value.
There are 27449 events with muon pt outside of [26,200] GeV. Setting those entries to their initial value.
There are 19015 events with muon pt outside of [26,200] GeV. Setting those entries to their initial value.
There are 25615 events with muon pt outside of [26,200] GeV. Setting those entries to their initial value.
There are 17377 events with muon pt outside of [26,200] GeV. Setting those entries to their initial value.
There are 22815 events with muon pt outside of [26,200] GeV. Setting those entries to their initial value.
There are 18603 events with muon pt outside of [26,200] GeV. Setting those entries to their initial value.
There are 22600 events with muon pt outside of [26,200] GeV. Setting those entries to their initial value.
There are 19587 events with muon pt outside of [26,200] GeV. Setting those entries to their initial value.
There are 24314 events with muon pt outside of [26,200] GeV. Setting those entries to their initial value.
There are 19807 events with muon pt outside of [26,200] GeV. Setting those entries to their initial value.
There are 31531 events with muon pt outside of [26,200] GeV. Setting those entries to their initial value.
There are 17161 events with muon pt outside of [26,200] GeV. Setting those entries to their initial value.
There are 22180 events with muon pt outside of [26,200] GeV. Setting those entries to their initial value.
There are 19052 events with muon pt outside of [26,200] GeV. Setting those entries to their initial value.
There are 22650 events with muon pt outside of [26,200] GeV. Setting those entries to their initial value.
There are 16607 events with muon pt outside of [26,200] GeV. Setting those entries to their initial value.
There are 22817 events with muon pt outside of [26,200] GeV. Setting those entries to their initial value.
There are 18516 events with muon pt outside of [26,200] GeV. Setting those entries to their initial value.
There are 24863 events with muon pt outside of [26,200] GeV. Setting those entries to their initial value.
There are 17326 events with muon pt outside of [26,200] GeV. Setting those entries to their initial value.
There are 21962 events with muon pt outside of [26,200] GeV. Setting those entries to their initial value.
There are 21289 events with muon pt outside of [26,200] GeV. Setting those entries to their initial value.
There are 22914 events with muon pt outside of [26,200] GeV. Setting those entries to their initial value.
There are 17900 events with muon pt outside of [26,200] GeV. Setting those entries to their initial value.
There are 24426 events with muon pt outside of [26,200] GeV. Setting those entries to their initial value.
There are 21931 events with muon pt outside of [26,200] GeV. Setting those entries to their initial value.
There are 29362 events with muon pt outside of [26,200] GeV. Setting those entries to their initial value.
There are 16452 events with muon pt outside of [26,200] GeV. Setting those entries to their initial value.
There are 23078 events with muon pt outside of [26,200] GeV. Setting those entries to their initial value.
There are 17136 events with muon pt outside of [26,200] GeV. Setting those entries to their initial value.
There are 20909 events with muon pt outside of [26,200] GeV. Setting those entries to their initial value.
There are 12547 events with muon pt outside of [26,200] GeV. Setting those entries to their initial value.
There are 16481 events with muon pt outside of [26,200] GeV. Setting those entries to their initial value.
There are 16700 events with muon pt outside of [26,200] GeV. Setting those entries to their initial value.
There are 21822 events with muon pt outside of [26,200] GeV. Setting those entries to their initial value.
There are 16970 events with muon pt outside of [26,200] GeV. Setting those entries to their initial value.
There are 21082 events with muon pt outside of [26,200] GeV. Setting those entries to their initial value.
