subject   : /DC=ch/DC=cern/OU=Organic Units/OU=Users/CN=driosper/CN=886669/CN=Diego Alejandro Rios Perez/CN=1573519443
issuer    : /DC=ch/DC=cern/OU=Organic Units/OU=Users/CN=driosper/CN=886669/CN=Diego Alejandro Rios Perez
identity  : /DC=ch/DC=cern/OU=Organic Units/OU=Users/CN=driosper/CN=886669/CN=Diego Alejandro Rios Perez
type      : RFC compliant proxy
strength  : 2048 bits
path      : /afs/cern.ch/user/d/driosper/private/x509up_u182284
timeleft  : 11:50:14
key usage : Digital Signature, Key Encipherment
=== VO cms extension information ===
VO        : cms
subject   : /DC=ch/DC=cern/OU=Organic Units/OU=Users/CN=driosper/CN=886669/CN=Diego Alejandro Rios Perez
issuer    : /DC=ch/DC=cern/OU=computers/CN=cms-auth.cern.ch
attribute : /cms/Role=NULL/Capability=NULL
timeleft  : 11:50:14
uri       : voms-cms-auth.cern.ch:15000
--workflow ztoee --year 2022preEE --output_path /eos/user/d/driosper/bsm3g_coffea/outputs/ztoee/2022preEE/EGammaC --output_format coffea --dataset EGammaC_9 --partition_json /srv/partition_fileset.json
  Preprocessing 100% ━━━━━━━━━━━━━━━━ 10/10 [ 0:00:16 < 0:00:00 | 0.6   file/s ]
Merging (local) 100% ━━━━━━━━━━━━━━━━ 10/10 [ 0:00:16 < 0:00:00 | ?   merges/s ]
     Processing 100% ━━━━━━━━━━━━━━━━ 88/88 [ 0:12:49 < 0:00:00 | 0.1  chunk/s ]
Merging (local) 100% ━━━━━━━━━━━━━━━━ 88/88 [ 0:12:49 < 0:00:00 | ?   merges/s ]
There are 18242 events with muon pt outside of [26,200] GeV. Setting those entries to their initial value.
There are 24612 events with muon pt outside of [26,200] GeV. Setting those entries to their initial value.
There are 17787 events with muon pt outside of [26,200] GeV. Setting those entries to their initial value.
There are 21578 events with muon pt outside of [26,200] GeV. Setting those entries to their initial value.
There are 18520 events with muon pt outside of [26,200] GeV. Setting those entries to their initial value.
There are 27219 events with muon pt outside of [26,200] GeV. Setting those entries to their initial value.
There are 21595 events with muon pt outside of [26,200] GeV. Setting those entries to their initial value.
There are 22778 events with muon pt outside of [26,200] GeV. Setting those entries to their initial value.
There are 15752 events with muon pt outside of [26,200] GeV. Setting those entries to their initial value.
There are 22321 events with muon pt outside of [26,200] GeV. Setting those entries to their initial value.
There are 17717 events with muon pt outside of [26,200] GeV. Setting those entries to their initial value.
There are 24561 events with muon pt outside of [26,200] GeV. Setting those entries to their initial value.
There are 17244 events with muon pt outside of [26,200] GeV. Setting those entries to their initial value.
There are 19887 events with muon pt outside of [26,200] GeV. Setting those entries to their initial value.
There are 17044 events with muon pt outside of [26,200] GeV. Setting those entries to their initial value.
There are 28511 events with muon pt outside of [26,200] GeV. Setting those entries to their initial value.
There are 14802 events with muon pt outside of [26,200] GeV. Setting those entries to their initial value.
There are 21338 events with muon pt outside of [26,200] GeV. Setting those entries to their initial value.
There are 15553 events with muon pt outside of [26,200] GeV. Setting those entries to their initial value.
There are 20662 events with muon pt outside of [26,200] GeV. Setting those entries to their initial value.
There are 22777 events with muon pt outside of [26,200] GeV. Setting those entries to their initial value.
There are 22638 events with muon pt outside of [26,200] GeV. Setting those entries to their initial value.
There are 15849 events with muon pt outside of [26,200] GeV. Setting those entries to their initial value.
There are 21484 events with muon pt outside of [26,200] GeV. Setting those entries to their initial value.
There are 17073 events with muon pt outside of [26,200] GeV. Setting those entries to their initial value.
There are 20653 events with muon pt outside of [26,200] GeV. Setting those entries to their initial value.
There are 18151 events with muon pt outside of [26,200] GeV. Setting those entries to their initial value.
There are 25141 events with muon pt outside of [26,200] GeV. Setting those entries to their initial value.
There are 18018 events with muon pt outside of [26,200] GeV. Setting those entries to their initial value.
There are 21295 events with muon pt outside of [26,200] GeV. Setting those entries to their initial value.
There are 17273 events with muon pt outside of [26,200] GeV. Setting those entries to their initial value.
There are 21308 events with muon pt outside of [26,200] GeV. Setting those entries to their initial value.
There are 18952 events with muon pt outside of [26,200] GeV. Setting those entries to their initial value.
There are 23484 events with muon pt outside of [26,200] GeV. Setting those entries to their initial value.
There are 20654 events with muon pt outside of [26,200] GeV. Setting those entries to their initial value.
There are 23082 events with muon pt outside of [26,200] GeV. Setting those entries to their initial value.
There are 18332 events with muon pt outside of [26,200] GeV. Setting those entries to their initial value.
There are 28299 events with muon pt outside of [26,200] GeV. Setting those entries to their initial value.
There are 22835 events with muon pt outside of [26,200] GeV. Setting those entries to their initial value.
There are 23194 events with muon pt outside of [26,200] GeV. Setting those entries to their initial value.
There are 15464 events with muon pt outside of [26,200] GeV. Setting those entries to their initial value.
There are 22786 events with muon pt outside of [26,200] GeV. Setting those entries to their initial value.
There are 21608 events with muon pt outside of [26,200] GeV. Setting those entries to their initial value.
There are 22656 events with muon pt outside of [26,200] GeV. Setting those entries to their initial value.
There are 16062 events with muon pt outside of [26,200] GeV. Setting those entries to their initial value.
There are 23275 events with muon pt outside of [26,200] GeV. Setting those entries to their initial value.
There are 18461 events with muon pt outside of [26,200] GeV. Setting those entries to their initial value.
There are 24686 events with muon pt outside of [26,200] GeV. Setting those entries to their initial value.
There are 18946 events with muon pt outside of [26,200] GeV. Setting those entries to their initial value.
There are 22074 events with muon pt outside of [26,200] GeV. Setting those entries to their initial value.
There are 18164 events with muon pt outside of [26,200] GeV. Setting those entries to their initial value.
There are 22918 events with muon pt outside of [26,200] GeV. Setting those entries to their initial value.
There are 17968 events with muon pt outside of [26,200] GeV. Setting those entries to their initial value.
There are 24590 events with muon pt outside of [26,200] GeV. Setting those entries to their initial value.
There are 21449 events with muon pt outside of [26,200] GeV. Setting those entries to their initial value.
There are 22734 events with muon pt outside of [26,200] GeV. Setting those entries to their initial value.
There are 15195 events with muon pt outside of [26,200] GeV. Setting those entries to their initial value.
There are 22405 events with muon pt outside of [26,200] GeV. Setting those entries to their initial value.
There are 17777 events with muon pt outside of [26,200] GeV. Setting those entries to their initial value.
There are 22882 events with muon pt outside of [26,200] GeV. Setting those entries to their initial value.
There are 15701 events with muon pt outside of [26,200] GeV. Setting those entries to their initial value.
There are 21579 events with muon pt outside of [26,200] GeV. Setting those entries to their initial value.
There are 17514 events with muon pt outside of [26,200] GeV. Setting those entries to their initial value.
There are 27944 events with muon pt outside of [26,200] GeV. Setting those entries to their initial value.
There are 17841 events with muon pt outside of [26,200] GeV. Setting those entries to their initial value.
There are 22410 events with muon pt outside of [26,200] GeV. Setting those entries to their initial value.
There are 12615 events with muon pt outside of [26,200] GeV. Setting those entries to their initial value.
There are 18398 events with muon pt outside of [26,200] GeV. Setting those entries to their initial value.
There are 15366 events with muon pt outside of [26,200] GeV. Setting those entries to their initial value.
There are 20523 events with muon pt outside of [26,200] GeV. Setting those entries to their initial value.
There are 17737 events with muon pt outside of [26,200] GeV. Setting those entries to their initial value.
There are 22850 events with muon pt outside of [26,200] GeV. Setting those entries to their initial value.
There are 17147 events with muon pt outside of [26,200] GeV. Setting those entries to their initial value.
There are 20701 events with muon pt outside of [26,200] GeV. Setting those entries to their initial value.
There are 18158 events with muon pt outside of [26,200] GeV. Setting those entries to their initial value.
There are 21288 events with muon pt outside of [26,200] GeV. Setting those entries to their initial value.
There are 19425 events with muon pt outside of [26,200] GeV. Setting those entries to their initial value.
There are 27180 events with muon pt outside of [26,200] GeV. Setting those entries to their initial value.
There are 21087 events with muon pt outside of [26,200] GeV. Setting those entries to their initial value.
There are 23391 events with muon pt outside of [26,200] GeV. Setting those entries to their initial value.
There are 19688 events with muon pt outside of [26,200] GeV. Setting those entries to their initial value.
There are 22682 events with muon pt outside of [26,200] GeV. Setting those entries to their initial value.
There are 20245 events with muon pt outside of [26,200] GeV. Setting those entries to their initial value.
There are 22387 events with muon pt outside of [26,200] GeV. Setting those entries to their initial value.
There are 18511 events with muon pt outside of [26,200] GeV. Setting those entries to their initial value.
There are 26466 events with muon pt outside of [26,200] GeV. Setting those entries to their initial value.
There are 21028 events with muon pt outside of [26,200] GeV. Setting those entries to their initial value.
There are 22496 events with muon pt outside of [26,200] GeV. Setting those entries to their initial value.
There are 18807 events with muon pt outside of [26,200] GeV. Setting those entries to their initial value.
There are 24543 events with muon pt outside of [26,200] GeV. Setting those entries to their initial value.
There are 18076 events with muon pt outside of [26,200] GeV. Setting those entries to their initial value.
There are 21594 events with muon pt outside of [26,200] GeV. Setting those entries to their initial value.
There are 18999 events with muon pt outside of [26,200] GeV. Setting those entries to their initial value.
There are 22120 events with muon pt outside of [26,200] GeV. Setting those entries to their initial value.
There are 18872 events with muon pt outside of [26,200] GeV. Setting those entries to their initial value.
There are 29475 events with muon pt outside of [26,200] GeV. Setting those entries to their initial value.
There are 18482 events with muon pt outside of [26,200] GeV. Setting those entries to their initial value.
There are 26793 events with muon pt outside of [26,200] GeV. Setting those entries to their initial value.
There are 18598 events with muon pt outside of [26,200] GeV. Setting those entries to their initial value.
There are 19655 events with muon pt outside of [26,200] GeV. Setting those entries to their initial value.
There are 16284 events with muon pt outside of [26,200] GeV. Setting those entries to their initial value.
There are 25253 events with muon pt outside of [26,200] GeV. Setting those entries to their initial value.
There are 16035 events with muon pt outside of [26,200] GeV. Setting those entries to their initial value.
There are 21307 events with muon pt outside of [26,200] GeV. Setting those entries to their initial value.
There are 15475 events with muon pt outside of [26,200] GeV. Setting those entries to their initial value.
There are 19543 events with muon pt outside of [26,200] GeV. Setting those entries to their initial value.
There are 17867 events with muon pt outside of [26,200] GeV. Setting those entries to their initial value.
There are 22863 events with muon pt outside of [26,200] GeV. Setting those entries to their initial value.
There are 18631 events with muon pt outside of [26,200] GeV. Setting those entries to their initial value.
There are 25083 events with muon pt outside of [26,200] GeV. Setting those entries to their initial value.
There are 18195 events with muon pt outside of [26,200] GeV. Setting those entries to their initial value.
There are 21751 events with muon pt outside of [26,200] GeV. Setting those entries to their initial value.
There are 14495 events with muon pt outside of [26,200] GeV. Setting those entries to their initial value.
There are 21427 events with muon pt outside of [26,200] GeV. Setting those entries to their initial value.
There are 14121 events with muon pt outside of [26,200] GeV. Setting those entries to their initial value.
There are 18125 events with muon pt outside of [26,200] GeV. Setting those entries to their initial value.
There are 16811 events with muon pt outside of [26,200] GeV. Setting those entries to their initial value.
There are 28304 events with muon pt outside of [26,200] GeV. Setting those entries to their initial value.
There are 20373 events with muon pt outside of [26,200] GeV. Setting those entries to their initial value.
There are 21842 events with muon pt outside of [26,200] GeV. Setting those entries to their initial value.
There are 18352 events with muon pt outside of [26,200] GeV. Setting those entries to their initial value.
There are 23965 events with muon pt outside of [26,200] GeV. Setting those entries to their initial value.
There are 21013 events with muon pt outside of [26,200] GeV. Setting those entries to their initial value.
There are 23288 events with muon pt outside of [26,200] GeV. Setting those entries to their initial value.
There are 19410 events with muon pt outside of [26,200] GeV. Setting those entries to their initial value.
There are 23140 events with muon pt outside of [26,200] GeV. Setting those entries to their initial value.
There are 22487 events with muon pt outside of [26,200] GeV. Setting those entries to their initial value.
There are 22908 events with muon pt outside of [26,200] GeV. Setting those entries to their initial value.
There are 19058 events with muon pt outside of [26,200] GeV. Setting those entries to their initial value.
There are 22360 events with muon pt outside of [26,200] GeV. Setting those entries to their initial value.
There are 18863 events with muon pt outside of [26,200] GeV. Setting those entries to their initial value.
There are 23723 events with muon pt outside of [26,200] GeV. Setting those entries to their initial value.
There are 17511 events with muon pt outside of [26,200] GeV. Setting those entries to their initial value.
There are 23063 events with muon pt outside of [26,200] GeV. Setting those entries to their initial value.
There are 18666 events with muon pt outside of [26,200] GeV. Setting those entries to their initial value.
There are 21549 events with muon pt outside of [26,200] GeV. Setting those entries to their initial value.
There are 23634 events with muon pt outside of [26,200] GeV. Setting those entries to their initial value.
There are 23170 events with muon pt outside of [26,200] GeV. Setting those entries to their initial value.
There are 17783 events with muon pt outside of [26,200] GeV. Setting those entries to their initial value.
There are 22900 events with muon pt outside of [26,200] GeV. Setting those entries to their initial value.
There are 19093 events with muon pt outside of [26,200] GeV. Setting those entries to their initial value.
There are 30329 events with muon pt outside of [26,200] GeV. Setting those entries to their initial value.
There are 17416 events with muon pt outside of [26,200] GeV. Setting those entries to their initial value.
There are 22854 events with muon pt outside of [26,200] GeV. Setting those entries to their initial value.
There are 18260 events with muon pt outside of [26,200] GeV. Setting those entries to their initial value.
There are 21814 events with muon pt outside of [26,200] GeV. Setting those entries to their initial value.
There are 16794 events with muon pt outside of [26,200] GeV. Setting those entries to their initial value.
There are 21571 events with muon pt outside of [26,200] GeV. Setting those entries to their initial value.
There are 16293 events with muon pt outside of [26,200] GeV. Setting those entries to their initial value.
There are 22605 events with muon pt outside of [26,200] GeV. Setting those entries to their initial value.
There are 12479 events with muon pt outside of [26,200] GeV. Setting those entries to their initial value.
There are 16866 events with muon pt outside of [26,200] GeV. Setting those entries to their initial value.
There are 18992 events with muon pt outside of [26,200] GeV. Setting those entries to their initial value.
There are 23636 events with muon pt outside of [26,200] GeV. Setting those entries to their initial value.
There are 18261 events with muon pt outside of [26,200] GeV. Setting those entries to their initial value.
There are 24404 events with muon pt outside of [26,200] GeV. Setting those entries to their initial value.
There are 15043 events with muon pt outside of [26,200] GeV. Setting those entries to their initial value.
There are 20921 events with muon pt outside of [26,200] GeV. Setting those entries to their initial value.
There are 14222 events with muon pt outside of [26,200] GeV. Setting those entries to their initial value.
There are 22183 events with muon pt outside of [26,200] GeV. Setting those entries to their initial value.
There are 14366 events with muon pt outside of [26,200] GeV. Setting those entries to their initial value.
There are 19798 events with muon pt outside of [26,200] GeV. Setting those entries to their initial value.
There are 16168 events with muon pt outside of [26,200] GeV. Setting those entries to their initial value.
There are 23702 events with muon pt outside of [26,200] GeV. Setting those entries to their initial value.
There are 15817 events with muon pt outside of [26,200] GeV. Setting those entries to their initial value.
There are 20949 events with muon pt outside of [26,200] GeV. Setting those entries to their initial value.
There are 20242 events with muon pt outside of [26,200] GeV. Setting those entries to their initial value.
There are 31084 events with muon pt outside of [26,200] GeV. Setting those entries to their initial value.
There are 20734 events with muon pt outside of [26,200] GeV. Setting those entries to their initial value.
There are 23360 events with muon pt outside of [26,200] GeV. Setting those entries to their initial value.
There are 17314 events with muon pt outside of [26,200] GeV. Setting those entries to their initial value.
There are 24735 events with muon pt outside of [26,200] GeV. Setting those entries to their initial value.
There are 20245 events with muon pt outside of [26,200] GeV. Setting those entries to their initial value.
There are 22534 events with muon pt outside of [26,200] GeV. Setting those entries to their initial value.
There are 17770 events with muon pt outside of [26,200] GeV. Setting those entries to their initial value.
There are 21956 events with muon pt outside of [26,200] GeV. Setting those entries to their initial value.
