000 (14737665.026.000) 02/25 20:32:10 Job submitted from host: <188.184.90.62:9618?addrs=188.184.90.62-9618+[2001-1458-201-e4--100-238]-9618&alias=bigbird16.cern.ch&noUDP&sock=schedd_5196_9a2f>
...
040 (14737665.026.000) 02/25 20:36:00 Started transferring input files
	Transferring to host: <188.185.192.101:9618?addrs=188.185.192.101-9618+[2001-1458-303-1f--100-61]-9618&alias=b9p13p3285.cern.ch&noUDP&sock=slot1_8_520754_0d71_158317>
...
040 (14737665.026.000) 02/25 20:36:00 Finished transferring input files
...
001 (14737665.026.000) 02/25 20:36:01 Job executing on host: <188.185.192.101:9618?addrs=188.185.192.101-9618+[2001-1458-303-1f--100-61]-9618&alias=b9p13p3285.cern.ch&noUDP&sock=startd_5546_ac55>
	SlotName: slot1_8@b9p13p3285.cern.ch
	CondorScratchDir = "/pool/condor/dir_2498268"
	Cpus = 1
	Disk = 3813
	GPUs = 0
	Memory = 3000
...
006 (14737665.026.000) 02/25 20:36:15 Image size of job updated: 477336
	467  -  MemoryUsage of job (MB)
	477336  -  ResidentSetSize of job (KB)
...
006 (14737665.026.000) 02/25 20:41:16 Image size of job updated: 1792860
	1403  -  MemoryUsage of job (MB)
	1436096  -  ResidentSetSize of job (KB)
...
006 (14737665.026.000) 02/25 20:46:16 Image size of job updated: 1792860
	1502  -  MemoryUsage of job (MB)
	1538028  -  ResidentSetSize of job (KB)
...
040 (14737665.026.000) 02/25 20:52:44 Started transferring output files
...
040 (14737665.026.000) 02/25 20:52:44 Finished transferring output files
...
005 (14737665.026.000) 02/25 20:52:44 Job terminated.
	(1) Normal termination (return value 0)
		Usr 0 00:42:55, Sys 0 00:00:32  -  Run Remote Usage
		Usr 0 00:00:00, Sys 0 00:00:00  -  Run Local Usage
		Usr 0 00:42:55, Sys 0 00:00:32  -  Total Remote Usage
		Usr 0 00:00:00, Sys 0 00:00:00  -  Total Local Usage
	23091  -  Run Bytes Sent By Job
	51587  -  Run Bytes Received By Job
	23091  -  Total Bytes Sent By Job
	51587  -  Total Bytes Received By Job
	Partitionable Resources :    Usage  Request Allocated 
	   Cpus                 :     3.21        1         1 
	   Disk (KB)            :    99          75      3813 
	   GPUs                 :                           0 
	   Memory (MB)          :  1502        3000      3000 
	   TimeExecute (s)      :  1003                       
	   TimeSlotBusy (s)     :  1005                       

	Job terminated of its own accord at 2026-02-25T19:52:44Z with exit-code 0.
...
