000 (14737665.021.000) 02/25 20:32:10 Job submitted from host: <188.184.90.62:9618?addrs=188.184.90.62-9618+[2001-1458-201-e4--100-238]-9618&alias=bigbird16.cern.ch&noUDP&sock=schedd_5196_9a2f>
...
040 (14737665.021.000) 02/25 20:35:58 Started transferring input files
	Transferring to host: <188.185.215.181:9618?addrs=188.185.215.181-9618+[2001-1458-303-26--100-31]-9618&alias=b9p18p4824.cern.ch&noUDP&sock=slot1_3_5945_8a4b_170220>
...
040 (14737665.021.000) 02/25 20:35:58 Finished transferring input files
...
001 (14737665.021.000) 02/25 20:35:59 Job executing on host: <188.185.215.181:9618?addrs=188.185.215.181-9618+[2001-1458-303-26--100-31]-9618&alias=b9p18p4824.cern.ch&noUDP&sock=startd_5185_0ea5>
	SlotName: slot1_3@b9p18p4824.cern.ch
	CondorScratchDir = "/pool/condor/dir_3207761"
	Cpus = 1
	Disk = 3876
	GPUs = 0
	Memory = 3000
...
006 (14737665.021.000) 02/25 20:36:13 Image size of job updated: 542392
	530  -  MemoryUsage of job (MB)
	542392  -  ResidentSetSize of job (KB)
...
006 (14737665.021.000) 02/25 20:41:13 Image size of job updated: 1527044
	1429  -  MemoryUsage of job (MB)
	1462788  -  ResidentSetSize of job (KB)
...
006 (14737665.021.000) 02/25 20:46:14 Image size of job updated: 1614520
	1577  -  MemoryUsage of job (MB)
	1614520  -  ResidentSetSize of job (KB)
...
006 (14737665.021.000) 02/25 20:51:15 Image size of job updated: 1672416
	1584  -  MemoryUsage of job (MB)
	1621600  -  ResidentSetSize of job (KB)
...
006 (14737665.021.000) 02/25 20:56:15 Image size of job updated: 1722632
	1584  -  MemoryUsage of job (MB)
	1621600  -  ResidentSetSize of job (KB)
...
040 (14737665.021.000) 02/25 20:56:58 Started transferring output files
...
040 (14737665.021.000) 02/25 20:56:58 Finished transferring output files
...
005 (14737665.021.000) 02/25 20:56:58 Job terminated.
	(1) Normal termination (return value 0)
		Usr 0 00:33:06, Sys 0 00:00:47  -  Run Remote Usage
		Usr 0 00:00:00, Sys 0 00:00:00  -  Run Local Usage
		Usr 0 00:33:06, Sys 0 00:00:47  -  Total Remote Usage
		Usr 0 00:00:00, Sys 0 00:00:00  -  Total Local Usage
	31238  -  Run Bytes Sent By Job
	51587  -  Run Bytes Received By Job
	31238  -  Total Bytes Sent By Job
	51587  -  Total Bytes Received By Job
	Partitionable Resources :    Usage  Request Allocated 
	   Cpus                 :     2.33        1         1 
	   Disk (KB)            :   107          75      3876 
	   GPUs                 :                           0 
	   Memory (MB)          :  1584        3000      3000 
	   TimeExecute (s)      :  1259                       
	   TimeSlotBusy (s)     :  1261                       

	Job terminated of its own accord at 2026-02-25T19:56:58Z with exit-code 0.
...
