000 (14737665.000.000) 02/25 20:32:09 Job submitted from host: <188.184.90.62:9618?addrs=188.184.90.62-9618+[2001-1458-201-e4--100-238]-9618&alias=bigbird16.cern.ch&noUDP&sock=schedd_5196_9a2f>
...
040 (14737665.000.000) 02/25 20:35:51 Started transferring input files
	Transferring to host: <188.185.210.232:9618?addrs=188.185.210.232-9618+[2001-1458-303-15--100-64]-9618&alias=b9p22p3068.cern.ch&noUDP&sock=slot1_41_419666_6963_105759>
...
040 (14737665.000.000) 02/25 20:35:51 Finished transferring input files
...
001 (14737665.000.000) 02/25 20:35:52 Job executing on host: <188.185.210.232:9618?addrs=188.185.210.232-9618+[2001-1458-303-15--100-64]-9618&alias=b9p22p3068.cern.ch&noUDP&sock=startd_6653_fbac>
	SlotName: slot1_41@b9p22p3068.cern.ch
	CondorScratchDir = "/pool/condor/dir_3631054"
	Cpus = 1
	Disk = 3801
	GPUs = 0
	Memory = 3000
...
006 (14737665.000.000) 02/25 20:36:06 Image size of job updated: 556000
	543  -  MemoryUsage of job (MB)
	556000  -  ResidentSetSize of job (KB)
...
006 (14737665.000.000) 02/25 20:41:06 Image size of job updated: 1592664
	1481  -  MemoryUsage of job (MB)
	1516168  -  ResidentSetSize of job (KB)
...
006 (14737665.000.000) 02/25 20:46:07 Image size of job updated: 1659740
	1621  -  MemoryUsage of job (MB)
	1659740  -  ResidentSetSize of job (KB)
...
006 (14737665.000.000) 02/25 20:49:16 Image size of job updated: 1729032
	1621  -  MemoryUsage of job (MB)
	1659740  -  ResidentSetSize of job (KB)
...
040 (14737665.000.000) 02/25 20:49:16 Started transferring output files
...
040 (14737665.000.000) 02/25 20:49:16 Finished transferring output files
...
005 (14737665.000.000) 02/25 20:49:16 Job terminated.
	(1) Normal termination (return value 0)
		Usr 0 00:18:52, Sys 0 00:00:32  -  Run Remote Usage
		Usr 0 00:00:00, Sys 0 00:00:00  -  Run Local Usage
		Usr 0 00:18:52, Sys 0 00:00:32  -  Total Remote Usage
		Usr 0 00:00:00, Sys 0 00:00:00  -  Total Local Usage
	21405  -  Run Bytes Sent By Job
	51587  -  Run Bytes Received By Job
	21405  -  Total Bytes Sent By Job
	51587  -  Total Bytes Received By Job
	Partitionable Resources :    Usage  Request Allocated 
	   Cpus                 :     1.47        1         1 
	   Disk (KB)            :    97          75      3801 
	   GPUs                 :                           0 
	   Memory (MB)          :  1621        3000      3000 
	   TimeExecute (s)      :   804                       
	   TimeSlotBusy (s)     :   806                       

	Job terminated of its own accord at 2026-02-25T19:49:16Z with exit-code 0.
...
