subject   : /DC=ch/DC=cern/OU=Organic Units/OU=Users/CN=driosper/CN=886669/CN=Diego Alejandro Rios Perez/CN=1573519443
issuer    : /DC=ch/DC=cern/OU=Organic Units/OU=Users/CN=driosper/CN=886669/CN=Diego Alejandro Rios Perez
identity  : /DC=ch/DC=cern/OU=Organic Units/OU=Users/CN=driosper/CN=886669/CN=Diego Alejandro Rios Perez
type      : RFC compliant proxy
strength  : 2048 bits
path      : /afs/cern.ch/user/d/driosper/private/x509up_u182284
timeleft  : 11:50:11
key usage : Digital Signature, Key Encipherment
=== VO cms extension information ===
VO        : cms
subject   : /DC=ch/DC=cern/OU=Organic Units/OU=Users/CN=driosper/CN=886669/CN=Diego Alejandro Rios Perez
issuer    : /DC=ch/DC=cern/OU=computers/CN=cms-auth.cern.ch
attribute : /cms/Role=NULL/Capability=NULL
timeleft  : 11:50:11
uri       : voms-cms-auth.cern.ch:15000
--workflow ztoee --year 2022preEE --output_path /eos/user/d/driosper/bsm3g_coffea/outputs/ztoee/2022preEE/EGammaC --output_format coffea --dataset EGammaC_15 --partition_json /srv/partition_fileset.json
  Preprocessing 100% ━━━━━━━━━━━━━━━━ 10/10 [ 0:00:13 < 0:00:00 | 0.8   file/s ]
Merging (local) 100% ━━━━━━━━━━━━━━━━ 10/10 [ 0:00:13 < 0:00:00 | ?   merges/s ]
     Processing 100% ━━━━━━━━━━━━━━ 107/107 [ 0:12:37 < 0:00:00 | 0.2  chunk/s ]
Merging (local) 100% ━━━━━━━━━━━━━━ 107/107 [ 0:12:37 < 0:00:00 | ?   merges/s ]
There are 14618 events with muon pt outside of [26,200] GeV. Setting those entries to their initial value.
There are 22463 events with muon pt outside of [26,200] GeV. Setting those entries to their initial value.
There are 20803 events with muon pt outside of [26,200] GeV. Setting those entries to their initial value.
There are 22030 events with muon pt outside of [26,200] GeV. Setting those entries to their initial value.
There are 16496 events with muon pt outside of [26,200] GeV. Setting those entries to their initial value.
There are 20967 events with muon pt outside of [26,200] GeV. Setting those entries to their initial value.
There are 20338 events with muon pt outside of [26,200] GeV. Setting those entries to their initial value.
There are 22429 events with muon pt outside of [26,200] GeV. Setting those entries to their initial value.
There are 15592 events with muon pt outside of [26,200] GeV. Setting those entries to their initial value.
There are 21890 events with muon pt outside of [26,200] GeV. Setting those entries to their initial value.
There are 19497 events with muon pt outside of [26,200] GeV. Setting those entries to their initial value.
There are 22360 events with muon pt outside of [26,200] GeV. Setting those entries to their initial value.
There are 18163 events with muon pt outside of [26,200] GeV. Setting those entries to their initial value.
There are 22893 events with muon pt outside of [26,200] GeV. Setting those entries to their initial value.
There are 15781 events with muon pt outside of [26,200] GeV. Setting those entries to their initial value.
There are 28384 events with muon pt outside of [26,200] GeV. Setting those entries to their initial value.
There are 17111 events with muon pt outside of [26,200] GeV. Setting those entries to their initial value.
There are 21528 events with muon pt outside of [26,200] GeV. Setting those entries to their initial value.
There are 16338 events with muon pt outside of [26,200] GeV. Setting those entries to their initial value.
There are 22405 events with muon pt outside of [26,200] GeV. Setting those entries to their initial value.
There are 18608 events with muon pt outside of [26,200] GeV. Setting those entries to their initial value.
There are 27584 events with muon pt outside of [26,200] GeV. Setting those entries to their initial value.
There are 16331 events with muon pt outside of [26,200] GeV. Setting those entries to their initial value.
There are 21062 events with muon pt outside of [26,200] GeV. Setting those entries to their initial value.
There are 19171 events with muon pt outside of [26,200] GeV. Setting those entries to their initial value.
There are 22454 events with muon pt outside of [26,200] GeV. Setting those entries to their initial value.
There are 19212 events with muon pt outside of [26,200] GeV. Setting those entries to their initial value.
There are 25261 events with muon pt outside of [26,200] GeV. Setting those entries to their initial value.
There are 15743 events with muon pt outside of [26,200] GeV. Setting those entries to their initial value.
There are 24149 events with muon pt outside of [26,200] GeV. Setting those entries to their initial value.
There are 18210 events with muon pt outside of [26,200] GeV. Setting those entries to their initial value.
There are 21891 events with muon pt outside of [26,200] GeV. Setting those entries to their initial value.
There are 19466 events with muon pt outside of [26,200] GeV. Setting those entries to their initial value.
There are 23618 events with muon pt outside of [26,200] GeV. Setting those entries to their initial value.
There are 17890 events with muon pt outside of [26,200] GeV. Setting those entries to their initial value.
There are 24701 events with muon pt outside of [26,200] GeV. Setting those entries to their initial value.
There are 19051 events with muon pt outside of [26,200] GeV. Setting those entries to their initial value.
There are 22373 events with muon pt outside of [26,200] GeV. Setting those entries to their initial value.
There are 17786 events with muon pt outside of [26,200] GeV. Setting those entries to their initial value.
There are 23716 events with muon pt outside of [26,200] GeV. Setting those entries to their initial value.
There are 17816 events with muon pt outside of [26,200] GeV. Setting those entries to their initial value.
There are 23138 events with muon pt outside of [26,200] GeV. Setting those entries to their initial value.
There are 20443 events with muon pt outside of [26,200] GeV. Setting those entries to their initial value.
There are 22942 events with muon pt outside of [26,200] GeV. Setting those entries to their initial value.
There are 17352 events with muon pt outside of [26,200] GeV. Setting those entries to their initial value.
There are 23368 events with muon pt outside of [26,200] GeV. Setting those entries to their initial value.
There are 17500 events with muon pt outside of [26,200] GeV. Setting those entries to their initial value.
There are 23453 events with muon pt outside of [26,200] GeV. Setting those entries to their initial value.
There are 18152 events with muon pt outside of [26,200] GeV. Setting those entries to their initial value.
There are 24553 events with muon pt outside of [26,200] GeV. Setting those entries to their initial value.
There are 20913 events with muon pt outside of [26,200] GeV. Setting those entries to their initial value.
There are 22559 events with muon pt outside of [26,200] GeV. Setting those entries to their initial value.
There are 17322 events with muon pt outside of [26,200] GeV. Setting those entries to their initial value.
There are 28083 events with muon pt outside of [26,200] GeV. Setting those entries to their initial value.
There are 19528 events with muon pt outside of [26,200] GeV. Setting those entries to their initial value.
There are 22054 events with muon pt outside of [26,200] GeV. Setting those entries to their initial value.
There are 16845 events with muon pt outside of [26,200] GeV. Setting those entries to their initial value.
There are 21386 events with muon pt outside of [26,200] GeV. Setting those entries to their initial value.
There are 19072 events with muon pt outside of [26,200] GeV. Setting those entries to their initial value.
There are 22060 events with muon pt outside of [26,200] GeV. Setting those entries to their initial value.
There are 19536 events with muon pt outside of [26,200] GeV. Setting those entries to their initial value.
There are 22510 events with muon pt outside of [26,200] GeV. Setting those entries to their initial value.
There are 16657 events with muon pt outside of [26,200] GeV. Setting those entries to their initial value.
There are 22445 events with muon pt outside of [26,200] GeV. Setting those entries to their initial value.
There are 15571 events with muon pt outside of [26,200] GeV. Setting those entries to their initial value.
There are 22126 events with muon pt outside of [26,200] GeV. Setting those entries to their initial value.
There are 18158 events with muon pt outside of [26,200] GeV. Setting those entries to their initial value.
There are 29227 events with muon pt outside of [26,200] GeV. Setting those entries to their initial value.
There are 16954 events with muon pt outside of [26,200] GeV. Setting those entries to their initial value.
There are 24356 events with muon pt outside of [26,200] GeV. Setting those entries to their initial value.
There are 21852 events with muon pt outside of [26,200] GeV. Setting those entries to their initial value.
There are 22796 events with muon pt outside of [26,200] GeV. Setting those entries to their initial value.
There are 17510 events with muon pt outside of [26,200] GeV. Setting those entries to their initial value.
There are 22784 events with muon pt outside of [26,200] GeV. Setting those entries to their initial value.
There are 15896 events with muon pt outside of [26,200] GeV. Setting those entries to their initial value.
There are 22761 events with muon pt outside of [26,200] GeV. Setting those entries to their initial value.
There are 17601 events with muon pt outside of [26,200] GeV. Setting those entries to their initial value.
There are 21840 events with muon pt outside of [26,200] GeV. Setting those entries to their initial value.
There are 19464 events with muon pt outside of [26,200] GeV. Setting those entries to their initial value.
There are 23242 events with muon pt outside of [26,200] GeV. Setting those entries to their initial value.
There are 18631 events with muon pt outside of [26,200] GeV. Setting those entries to their initial value.
There are 29344 events with muon pt outside of [26,200] GeV. Setting those entries to their initial value.
There are 18942 events with muon pt outside of [26,200] GeV. Setting those entries to their initial value.
There are 22233 events with muon pt outside of [26,200] GeV. Setting those entries to their initial value.
There are 13746 events with muon pt outside of [26,200] GeV. Setting those entries to their initial value.
There are 18786 events with muon pt outside of [26,200] GeV. Setting those entries to their initial value.
There are 18524 events with muon pt outside of [26,200] GeV. Setting those entries to their initial value.
There are 25175 events with muon pt outside of [26,200] GeV. Setting those entries to their initial value.
There are 17915 events with muon pt outside of [26,200] GeV. Setting those entries to their initial value.
There are 22370 events with muon pt outside of [26,200] GeV. Setting those entries to their initial value.
There are 16775 events with muon pt outside of [26,200] GeV. Setting those entries to their initial value.
There are 21986 events with muon pt outside of [26,200] GeV. Setting those entries to their initial value.
There are 19170 events with muon pt outside of [26,200] GeV. Setting those entries to their initial value.
There are 27392 events with muon pt outside of [26,200] GeV. Setting those entries to their initial value.
There are 18490 events with muon pt outside of [26,200] GeV. Setting those entries to their initial value.
There are 22105 events with muon pt outside of [26,200] GeV. Setting those entries to their initial value.
There are 21780 events with muon pt outside of [26,200] GeV. Setting those entries to their initial value.
There are 23300 events with muon pt outside of [26,200] GeV. Setting those entries to their initial value.
There are 19551 events with muon pt outside of [26,200] GeV. Setting those entries to their initial value.
There are 31338 events with muon pt outside of [26,200] GeV. Setting those entries to their initial value.
There are 16148 events with muon pt outside of [26,200] GeV. Setting those entries to their initial value.
There are 24967 events with muon pt outside of [26,200] GeV. Setting those entries to their initial value.
There are 15505 events with muon pt outside of [26,200] GeV. Setting those entries to their initial value.
There are 23195 events with muon pt outside of [26,200] GeV. Setting those entries to their initial value.
There are 17318 events with muon pt outside of [26,200] GeV. Setting those entries to their initial value.
There are 21739 events with muon pt outside of [26,200] GeV. Setting those entries to their initial value.
There are 16146 events with muon pt outside of [26,200] GeV. Setting those entries to their initial value.
There are 23707 events with muon pt outside of [26,200] GeV. Setting those entries to their initial value.
There are 16013 events with muon pt outside of [26,200] GeV. Setting those entries to their initial value.
There are 21126 events with muon pt outside of [26,200] GeV. Setting those entries to their initial value.
There are 18238 events with muon pt outside of [26,200] GeV. Setting those entries to their initial value.
There are 21866 events with muon pt outside of [26,200] GeV. Setting those entries to their initial value.
There are 14617 events with muon pt outside of [26,200] GeV. Setting those entries to their initial value.
There are 21210 events with muon pt outside of [26,200] GeV. Setting those entries to their initial value.
There are 17555 events with muon pt outside of [26,200] GeV. Setting those entries to their initial value.
There are 22728 events with muon pt outside of [26,200] GeV. Setting those entries to their initial value.
There are 15354 events with muon pt outside of [26,200] GeV. Setting those entries to their initial value.
There are 22191 events with muon pt outside of [26,200] GeV. Setting those entries to their initial value.
There are 13770 events with muon pt outside of [26,200] GeV. Setting those entries to their initial value.
There are 21148 events with muon pt outside of [26,200] GeV. Setting those entries to their initial value.
There are 16015 events with muon pt outside of [26,200] GeV. Setting those entries to their initial value.
There are 28769 events with muon pt outside of [26,200] GeV. Setting those entries to their initial value.
There are 16122 events with muon pt outside of [26,200] GeV. Setting those entries to their initial value.
There are 23211 events with muon pt outside of [26,200] GeV. Setting those entries to their initial value.
There are 21352 events with muon pt outside of [26,200] GeV. Setting those entries to their initial value.
There are 31275 events with muon pt outside of [26,200] GeV. Setting those entries to their initial value.
There are 18281 events with muon pt outside of [26,200] GeV. Setting those entries to their initial value.
There are 23285 events with muon pt outside of [26,200] GeV. Setting those entries to their initial value.
There are 16698 events with muon pt outside of [26,200] GeV. Setting those entries to their initial value.
There are 22227 events with muon pt outside of [26,200] GeV. Setting those entries to their initial value.
There are 19085 events with muon pt outside of [26,200] GeV. Setting those entries to their initial value.
There are 21968 events with muon pt outside of [26,200] GeV. Setting those entries to their initial value.
There are 18627 events with muon pt outside of [26,200] GeV. Setting those entries to their initial value.
There are 22994 events with muon pt outside of [26,200] GeV. Setting those entries to their initial value.
There are 18180 events with muon pt outside of [26,200] GeV. Setting those entries to their initial value.
There are 24634 events with muon pt outside of [26,200] GeV. Setting those entries to their initial value.
There are 21639 events with muon pt outside of [26,200] GeV. Setting those entries to their initial value.
There are 22731 events with muon pt outside of [26,200] GeV. Setting those entries to their initial value.
There are 18405 events with muon pt outside of [26,200] GeV. Setting those entries to their initial value.
There are 23144 events with muon pt outside of [26,200] GeV. Setting those entries to their initial value.
There are 18760 events with muon pt outside of [26,200] GeV. Setting those entries to their initial value.
There are 25079 events with muon pt outside of [26,200] GeV. Setting those entries to their initial value.
There are 19700 events with muon pt outside of [26,200] GeV. Setting those entries to their initial value.
There are 22624 events with muon pt outside of [26,200] GeV. Setting those entries to their initial value.
There are 17035 events with muon pt outside of [26,200] GeV. Setting those entries to their initial value.
There are 23514 events with muon pt outside of [26,200] GeV. Setting those entries to their initial value.
There are 18464 events with muon pt outside of [26,200] GeV. Setting those entries to their initial value.
There are 25477 events with muon pt outside of [26,200] GeV. Setting those entries to their initial value.
There are 19615 events with muon pt outside of [26,200] GeV. Setting those entries to their initial value.
There are 22752 events with muon pt outside of [26,200] GeV. Setting those entries to their initial value.
There are 18596 events with muon pt outside of [26,200] GeV. Setting those entries to their initial value.
There are 22453 events with muon pt outside of [26,200] GeV. Setting those entries to their initial value.
There are 19912 events with muon pt outside of [26,200] GeV. Setting those entries to their initial value.
There are 23848 events with muon pt outside of [26,200] GeV. Setting those entries to their initial value.
There are 18896 events with muon pt outside of [26,200] GeV. Setting those entries to their initial value.
There are 30475 events with muon pt outside of [26,200] GeV. Setting those entries to their initial value.
There are 20904 events with muon pt outside of [26,200] GeV. Setting those entries to their initial value.
There are 22766 events with muon pt outside of [26,200] GeV. Setting those entries to their initial value.
There are 21366 events with muon pt outside of [26,200] GeV. Setting those entries to their initial value.
There are 22651 events with muon pt outside of [26,200] GeV. Setting those entries to their initial value.
There are 19226 events with muon pt outside of [26,200] GeV. Setting those entries to their initial value.
There are 26747 events with muon pt outside of [26,200] GeV. Setting those entries to their initial value.
There are 19184 events with muon pt outside of [26,200] GeV. Setting those entries to their initial value.
There are 21986 events with muon pt outside of [26,200] GeV. Setting those entries to their initial value.
There are 17403 events with muon pt outside of [26,200] GeV. Setting those entries to their initial value.
There are 21326 events with muon pt outside of [26,200] GeV. Setting those entries to their initial value.
There are 21956 events with muon pt outside of [26,200] GeV. Setting those entries to their initial value.
There are 22441 events with muon pt outside of [26,200] GeV. Setting those entries to their initial value.
There are 18277 events with muon pt outside of [26,200] GeV. Setting those entries to their initial value.
There are 21947 events with muon pt outside of [26,200] GeV. Setting those entries to their initial value.
There are 16478 events with muon pt outside of [26,200] GeV. Setting those entries to their initial value.
There are 21758 events with muon pt outside of [26,200] GeV. Setting those entries to their initial value.
There are 16982 events with muon pt outside of [26,200] GeV. Setting those entries to their initial value.
There are 22707 events with muon pt outside of [26,200] GeV. Setting those entries to their initial value.
There are 18600 events with muon pt outside of [26,200] GeV. Setting those entries to their initial value.
There are 23318 events with muon pt outside of [26,200] GeV. Setting those entries to their initial value.
There are 18523 events with muon pt outside of [26,200] GeV. Setting those entries to their initial value.
There are 24634 events with muon pt outside of [26,200] GeV. Setting those entries to their initial value.
There are 18012 events with muon pt outside of [26,200] GeV. Setting those entries to their initial value.
There are 21649 events with muon pt outside of [26,200] GeV. Setting those entries to their initial value.
There are 16768 events with muon pt outside of [26,200] GeV. Setting those entries to their initial value.
There are 22601 events with muon pt outside of [26,200] GeV. Setting those entries to their initial value.
There are 18350 events with muon pt outside of [26,200] GeV. Setting those entries to their initial value.
There are 26380 events with muon pt outside of [26,200] GeV. Setting those entries to their initial value.
There are 19838 events with muon pt outside of [26,200] GeV. Setting those entries to their initial value.
There are 22209 events with muon pt outside of [26,200] GeV. Setting those entries to their initial value.
There are 14425 events with muon pt outside of [26,200] GeV. Setting those entries to their initial value.
There are 22777 events with muon pt outside of [26,200] GeV. Setting those entries to their initial value.
There are 17952 events with muon pt outside of [26,200] GeV. Setting those entries to their initial value.
There are 30038 events with muon pt outside of [26,200] GeV. Setting those entries to their initial value.
There are 15657 events with muon pt outside of [26,200] GeV. Setting those entries to their initial value.
There are 21895 events with muon pt outside of [26,200] GeV. Setting those entries to their initial value.
There are 17651 events with muon pt outside of [26,200] GeV. Setting those entries to their initial value.
There are 21819 events with muon pt outside of [26,200] GeV. Setting those entries to their initial value.
There are 18687 events with muon pt outside of [26,200] GeV. Setting those entries to their initial value.
There are 25330 events with muon pt outside of [26,200] GeV. Setting those entries to their initial value.
There are 20947 events with muon pt outside of [26,200] GeV. Setting those entries to their initial value.
There are 22664 events with muon pt outside of [26,200] GeV. Setting those entries to their initial value.
There are 14867 events with muon pt outside of [26,200] GeV. Setting those entries to their initial value.
There are 23635 events with muon pt outside of [26,200] GeV. Setting those entries to their initial value.
There are 18480 events with muon pt outside of [26,200] GeV. Setting those entries to their initial value.
There are 25357 events with muon pt outside of [26,200] GeV. Setting those entries to their initial value.
There are 21814 events with muon pt outside of [26,200] GeV. Setting those entries to their initial value.
There are 23230 events with muon pt outside of [26,200] GeV. Setting those entries to their initial value.
There are 15986 events with muon pt outside of [26,200] GeV. Setting those entries to their initial value.
There are 22792 events with muon pt outside of [26,200] GeV. Setting those entries to their initial value.
There are 20280 events with muon pt outside of [26,200] GeV. Setting those entries to their initial value.
There are 23127 events with muon pt outside of [26,200] GeV. Setting those entries to their initial value.
There are 17774 events with muon pt outside of [26,200] GeV. Setting those entries to their initial value.
There are 25285 events with muon pt outside of [26,200] GeV. Setting those entries to their initial value.
There are 22138 events with muon pt outside of [26,200] GeV. Setting those entries to their initial value.
There are 22776 events with muon pt outside of [26,200] GeV. Setting those entries to their initial value.
There are 17891 events with muon pt outside of [26,200] GeV. Setting those entries to their initial value.
There are 21687 events with muon pt outside of [26,200] GeV. Setting those entries to their initial value.
