000 (14737665.009.000) 02/25 20:32:09 Job submitted from host: <188.184.90.62:9618?addrs=188.184.90.62-9618+[2001-1458-201-e4--100-238]-9618&alias=bigbird16.cern.ch&noUDP&sock=schedd_5196_9a2f>
...
040 (14737665.009.000) 02/25 20:35:54 Started transferring input files
	Transferring to host: <188.185.215.8:9618?addrs=188.185.215.8-9618+[2001-1458-303-1e--100-4]-9618&alias=b9p31p0829.cern.ch&noUDP&sock=slot1_9_6699_cd29_167799>
...
040 (14737665.009.000) 02/25 20:35:54 Finished transferring input files
...
001 (14737665.009.000) 02/25 20:35:55 Job executing on host: <188.185.215.8:9618?addrs=188.185.215.8-9618+[2001-1458-303-1e--100-4]-9618&alias=b9p31p0829.cern.ch&noUDP&sock=startd_5751_493f>
	SlotName: slot1_9@b9p31p0829.cern.ch
	CondorScratchDir = "/pool/condor/dir_2257210"
	Cpus = 1
	Disk = 3843
	GPUs = 0
	Memory = 3000
...
006 (14737665.009.000) 02/25 20:36:09 Image size of job updated: 35940
	36  -  MemoryUsage of job (MB)
	35940  -  ResidentSetSize of job (KB)
...
006 (14737665.009.000) 02/25 20:41:09 Image size of job updated: 1520332
	1400  -  MemoryUsage of job (MB)
	1433392  -  ResidentSetSize of job (KB)
...
006 (14737665.009.000) 02/25 20:46:09 Image size of job updated: 1529980
	1400  -  MemoryUsage of job (MB)
	1433392  -  ResidentSetSize of job (KB)
...
006 (14737665.009.000) 02/25 20:51:10 Image size of job updated: 1598472
	1400  -  MemoryUsage of job (MB)
	1433392  -  ResidentSetSize of job (KB)
...
040 (14737665.009.000) 02/25 20:51:10 Started transferring output files
...
040 (14737665.009.000) 02/25 20:51:10 Finished transferring output files
...
005 (14737665.009.000) 02/25 20:51:10 Job terminated.
	(1) Normal termination (return value 0)
		Usr 0 00:24:57, Sys 0 00:00:32  -  Run Remote Usage
		Usr 0 00:00:00, Sys 0 00:00:00  -  Run Local Usage
		Usr 0 00:24:57, Sys 0 00:00:32  -  Total Remote Usage
		Usr 0 00:00:00, Sys 0 00:00:00  -  Total Local Usage
	23010  -  Run Bytes Sent By Job
	51587  -  Run Bytes Received By Job
	23010  -  Total Bytes Sent By Job
	51587  -  Total Bytes Received By Job
	Partitionable Resources :    Usage  Request Allocated 
	   Cpus                 :     1.58        1         1 
	   Disk (KB)            :    99          75      3843 
	   GPUs                 :                           0 
	   Memory (MB)          :  1400        3000      3000 
	   TimeExecute (s)      :   915                       
	   TimeSlotBusy (s)     :   917                       

	Job terminated of its own accord at 2026-02-25T19:51:10Z with exit-code 0.
...
