subject   : /DC=ch/DC=cern/OU=Organic Units/OU=Users/CN=driosper/CN=886669/CN=Diego Alejandro Rios Perez/CN=1573519443
issuer    : /DC=ch/DC=cern/OU=Organic Units/OU=Users/CN=driosper/CN=886669/CN=Diego Alejandro Rios Perez
identity  : /DC=ch/DC=cern/OU=Organic Units/OU=Users/CN=driosper/CN=886669/CN=Diego Alejandro Rios Perez
type      : RFC compliant proxy
strength  : 2048 bits
path      : /afs/cern.ch/user/d/driosper/private/x509up_u182284
timeleft  : 11:50:17
key usage : Digital Signature, Key Encipherment
=== VO cms extension information ===
VO        : cms
subject   : /DC=ch/DC=cern/OU=Organic Units/OU=Users/CN=driosper/CN=886669/CN=Diego Alejandro Rios Perez
issuer    : /DC=ch/DC=cern/OU=computers/CN=cms-auth.cern.ch
attribute : /cms/Role=NULL/Capability=NULL
timeleft  : 11:50:17
uri       : voms-cms-auth.cern.ch:15000
--workflow ztoee --year 2022preEE --output_path /eos/user/d/driosper/bsm3g_coffea/outputs/ztoee/2022preEE/EGammaC --output_format coffea --dataset EGammaC_2 --partition_json /srv/partition_fileset.json
  Preprocessing 100% ━━━━━━━━━━━━━━━━ 10/10 [ 0:00:12 < 0:00:00 | 0.9   file/s ]
Merging (local) 100% ━━━━━━━━━━━━━━━━ 10/10 [ 0:00:12 < 0:00:00 | ?   merges/s ]
     Processing 100% ━━━━━━━━━━━━━━━ 75/75 [ 0:18:36 < 0:00:00 | 14.8  chunk/s ]
Merging (local) 100% ━━━━━━━━━━━━━━━ 75/75 [ 0:18:36 < 0:00:00 | ?    merges/s ]
There are 19868 events with muon pt outside of [26,200] GeV. Setting those entries to their initial value.
There are 26980 events with muon pt outside of [26,200] GeV. Setting those entries to their initial value.
There are 20263 events with muon pt outside of [26,200] GeV. Setting those entries to their initial value.
There are 23619 events with muon pt outside of [26,200] GeV. Setting those entries to their initial value.
There are 19258 events with muon pt outside of [26,200] GeV. Setting those entries to their initial value.
There are 28783 events with muon pt outside of [26,200] GeV. Setting those entries to their initial value.
There are 19444 events with muon pt outside of [26,200] GeV. Setting those entries to their initial value.
There are 22140 events with muon pt outside of [26,200] GeV. Setting those entries to their initial value.
There are 18543 events with muon pt outside of [26,200] GeV. Setting those entries to their initial value.
There are 24073 events with muon pt outside of [26,200] GeV. Setting those entries to their initial value.
There are 18291 events with muon pt outside of [26,200] GeV. Setting those entries to their initial value.
There are 22752 events with muon pt outside of [26,200] GeV. Setting those entries to their initial value.
There are 19504 events with muon pt outside of [26,200] GeV. Setting those entries to their initial value.
There are 23186 events with muon pt outside of [26,200] GeV. Setting those entries to their initial value.
There are 20515 events with muon pt outside of [26,200] GeV. Setting those entries to their initial value.
There are 22980 events with muon pt outside of [26,200] GeV. Setting those entries to their initial value.
There are 16700 events with muon pt outside of [26,200] GeV. Setting those entries to their initial value.
There are 29817 events with muon pt outside of [26,200] GeV. Setting those entries to their initial value.
There are 13565 events with muon pt outside of [26,200] GeV. Setting those entries to their initial value.
There are 18848 events with muon pt outside of [26,200] GeV. Setting those entries to their initial value.
There are 18633 events with muon pt outside of [26,200] GeV. Setting those entries to their initial value.
There are 25968 events with muon pt outside of [26,200] GeV. Setting those entries to their initial value.
There are 22483 events with muon pt outside of [26,200] GeV. Setting those entries to their initial value.
There are 23134 events with muon pt outside of [26,200] GeV. Setting those entries to their initial value.
There are 18683 events with muon pt outside of [26,200] GeV. Setting those entries to their initial value.
There are 24133 events with muon pt outside of [26,200] GeV. Setting those entries to their initial value.
There are 20240 events with muon pt outside of [26,200] GeV. Setting those entries to their initial value.
There are 23668 events with muon pt outside of [26,200] GeV. Setting those entries to their initial value.
There are 16488 events with muon pt outside of [26,200] GeV. Setting those entries to their initial value.
There are 22633 events with muon pt outside of [26,200] GeV. Setting those entries to their initial value.
There are 18896 events with muon pt outside of [26,200] GeV. Setting those entries to their initial value.
There are 23127 events with muon pt outside of [26,200] GeV. Setting those entries to their initial value.
There are 23140 events with muon pt outside of [26,200] GeV. Setting those entries to their initial value.
There are 26408 events with muon pt outside of [26,200] GeV. Setting those entries to their initial value.
There are 18567 events with muon pt outside of [26,200] GeV. Setting those entries to their initial value.
There are 24367 events with muon pt outside of [26,200] GeV. Setting those entries to their initial value.
There are 20721 events with muon pt outside of [26,200] GeV. Setting those entries to their initial value.
There are 23498 events with muon pt outside of [26,200] GeV. Setting those entries to their initial value.
There are 18616 events with muon pt outside of [26,200] GeV. Setting those entries to their initial value.
There are 30282 events with muon pt outside of [26,200] GeV. Setting those entries to their initial value.
There are 19515 events with muon pt outside of [26,200] GeV. Setting those entries to their initial value.
There are 22185 events with muon pt outside of [26,200] GeV. Setting those entries to their initial value.
There are 16662 events with muon pt outside of [26,200] GeV. Setting those entries to their initial value.
There are 24240 events with muon pt outside of [26,200] GeV. Setting those entries to their initial value.
There are 18227 events with muon pt outside of [26,200] GeV. Setting those entries to their initial value.
There are 23828 events with muon pt outside of [26,200] GeV. Setting those entries to their initial value.
There are 19520 events with muon pt outside of [26,200] GeV. Setting those entries to their initial value.
There are 27340 events with muon pt outside of [26,200] GeV. Setting those entries to their initial value.
There are 20542 events with muon pt outside of [26,200] GeV. Setting those entries to their initial value.
There are 23094 events with muon pt outside of [26,200] GeV. Setting those entries to their initial value.
There are 17812 events with muon pt outside of [26,200] GeV. Setting those entries to their initial value.
There are 27287 events with muon pt outside of [26,200] GeV. Setting those entries to their initial value.
There are 16128 events with muon pt outside of [26,200] GeV. Setting those entries to their initial value.
There are 24491 events with muon pt outside of [26,200] GeV. Setting those entries to their initial value.
There are 18650 events with muon pt outside of [26,200] GeV. Setting those entries to their initial value.
There are 30878 events with muon pt outside of [26,200] GeV. Setting those entries to their initial value.
There are 18616 events with muon pt outside of [26,200] GeV. Setting those entries to their initial value.
There are 22370 events with muon pt outside of [26,200] GeV. Setting those entries to their initial value.
There are 18526 events with muon pt outside of [26,200] GeV. Setting those entries to their initial value.
There are 24274 events with muon pt outside of [26,200] GeV. Setting those entries to their initial value.
There are 19873 events with muon pt outside of [26,200] GeV. Setting those entries to their initial value.
There are 23448 events with muon pt outside of [26,200] GeV. Setting those entries to their initial value.
There are 22513 events with muon pt outside of [26,200] GeV. Setting those entries to their initial value.
There are 23936 events with muon pt outside of [26,200] GeV. Setting those entries to their initial value.
There are 17280 events with muon pt outside of [26,200] GeV. Setting those entries to their initial value.
There are 23608 events with muon pt outside of [26,200] GeV. Setting those entries to their initial value.
There are 18426 events with muon pt outside of [26,200] GeV. Setting those entries to their initial value.
There are 24078 events with muon pt outside of [26,200] GeV. Setting those entries to their initial value.
There are 23793 events with muon pt outside of [26,200] GeV. Setting those entries to their initial value.
There are 25569 events with muon pt outside of [26,200] GeV. Setting those entries to their initial value.
There are 21489 events with muon pt outside of [26,200] GeV. Setting those entries to their initial value.
There are 23776 events with muon pt outside of [26,200] GeV. Setting those entries to their initial value.
There are 19990 events with muon pt outside of [26,200] GeV. Setting those entries to their initial value.
There are 23460 events with muon pt outside of [26,200] GeV. Setting those entries to their initial value.
There are 17000 events with muon pt outside of [26,200] GeV. Setting those entries to their initial value.
There are 23236 events with muon pt outside of [26,200] GeV. Setting those entries to their initial value.
There are 18062 events with muon pt outside of [26,200] GeV. Setting those entries to their initial value.
There are 21973 events with muon pt outside of [26,200] GeV. Setting those entries to their initial value.
There are 18162 events with muon pt outside of [26,200] GeV. Setting those entries to their initial value.
There are 26179 events with muon pt outside of [26,200] GeV. Setting those entries to their initial value.
There are 15933 events with muon pt outside of [26,200] GeV. Setting those entries to their initial value.
There are 22840 events with muon pt outside of [26,200] GeV. Setting those entries to their initial value.
There are 19333 events with muon pt outside of [26,200] GeV. Setting those entries to their initial value.
There are 22948 events with muon pt outside of [26,200] GeV. Setting those entries to their initial value.
There are 19797 events with muon pt outside of [26,200] GeV. Setting those entries to their initial value.
There are 23041 events with muon pt outside of [26,200] GeV. Setting those entries to their initial value.
There are 19025 events with muon pt outside of [26,200] GeV. Setting those entries to their initial value.
There are 26024 events with muon pt outside of [26,200] GeV. Setting those entries to their initial value.
There are 18066 events with muon pt outside of [26,200] GeV. Setting those entries to their initial value.
There are 23669 events with muon pt outside of [26,200] GeV. Setting those entries to their initial value.
There are 18835 events with muon pt outside of [26,200] GeV. Setting those entries to their initial value.
There are 27332 events with muon pt outside of [26,200] GeV. Setting those entries to their initial value.
There are 18740 events with muon pt outside of [26,200] GeV. Setting those entries to their initial value.
There are 23849 events with muon pt outside of [26,200] GeV. Setting those entries to their initial value.
There are 18290 events with muon pt outside of [26,200] GeV. Setting those entries to their initial value.
There are 22395 events with muon pt outside of [26,200] GeV. Setting those entries to their initial value.
There are 21349 events with muon pt outside of [26,200] GeV. Setting those entries to their initial value.
There are 24012 events with muon pt outside of [26,200] GeV. Setting those entries to their initial value.
There are 20642 events with muon pt outside of [26,200] GeV. Setting those entries to their initial value.
There are 32200 events with muon pt outside of [26,200] GeV. Setting those entries to their initial value.
There are 19388 events with muon pt outside of [26,200] GeV. Setting those entries to their initial value.
There are 26549 events with muon pt outside of [26,200] GeV. Setting those entries to their initial value.
There are 18528 events with muon pt outside of [26,200] GeV. Setting those entries to their initial value.
There are 24612 events with muon pt outside of [26,200] GeV. Setting those entries to their initial value.
There are 18291 events with muon pt outside of [26,200] GeV. Setting those entries to their initial value.
There are 22990 events with muon pt outside of [26,200] GeV. Setting those entries to their initial value.
There are 20110 events with muon pt outside of [26,200] GeV. Setting those entries to their initial value.
There are 23339 events with muon pt outside of [26,200] GeV. Setting those entries to their initial value.
There are 18400 events with muon pt outside of [26,200] GeV. Setting those entries to their initial value.
There are 27368 events with muon pt outside of [26,200] GeV. Setting those entries to their initial value.
There are 16817 events with muon pt outside of [26,200] GeV. Setting those entries to their initial value.
There are 22342 events with muon pt outside of [26,200] GeV. Setting those entries to their initial value.
There are 17766 events with muon pt outside of [26,200] GeV. Setting those entries to their initial value.
There are 24956 events with muon pt outside of [26,200] GeV. Setting those entries to their initial value.
There are 21907 events with muon pt outside of [26,200] GeV. Setting those entries to their initial value.
There are 23862 events with muon pt outside of [26,200] GeV. Setting those entries to their initial value.
There are 17756 events with muon pt outside of [26,200] GeV. Setting those entries to their initial value.
There are 22895 events with muon pt outside of [26,200] GeV. Setting those entries to their initial value.
There are 18855 events with muon pt outside of [26,200] GeV. Setting those entries to their initial value.
There are 22321 events with muon pt outside of [26,200] GeV. Setting those entries to their initial value.
There are 17396 events with muon pt outside of [26,200] GeV. Setting those entries to their initial value.
There are 21478 events with muon pt outside of [26,200] GeV. Setting those entries to their initial value.
There are 17543 events with muon pt outside of [26,200] GeV. Setting those entries to their initial value.
There are 28144 events with muon pt outside of [26,200] GeV. Setting those entries to their initial value.
There are 18566 events with muon pt outside of [26,200] GeV. Setting those entries to their initial value.
There are 23648 events with muon pt outside of [26,200] GeV. Setting those entries to their initial value.
There are 20077 events with muon pt outside of [26,200] GeV. Setting those entries to their initial value.
There are 22948 events with muon pt outside of [26,200] GeV. Setting those entries to their initial value.
There are 16820 events with muon pt outside of [26,200] GeV. Setting those entries to their initial value.
There are 24111 events with muon pt outside of [26,200] GeV. Setting those entries to their initial value.
There are 18451 events with muon pt outside of [26,200] GeV. Setting those entries to their initial value.
There are 24235 events with muon pt outside of [26,200] GeV. Setting those entries to their initial value.
There are 19765 events with muon pt outside of [26,200] GeV. Setting those entries to their initial value.
There are 24242 events with muon pt outside of [26,200] GeV. Setting those entries to their initial value.
There are 18760 events with muon pt outside of [26,200] GeV. Setting those entries to their initial value.
There are 25424 events with muon pt outside of [26,200] GeV. Setting those entries to their initial value.
There are 20458 events with muon pt outside of [26,200] GeV. Setting those entries to their initial value.
There are 23227 events with muon pt outside of [26,200] GeV. Setting those entries to their initial value.
There are 19136 events with muon pt outside of [26,200] GeV. Setting those entries to their initial value.
There are 24496 events with muon pt outside of [26,200] GeV. Setting those entries to their initial value.
There are 23396 events with muon pt outside of [26,200] GeV. Setting those entries to their initial value.
There are 24231 events with muon pt outside of [26,200] GeV. Setting those entries to their initial value.
There are 21776 events with muon pt outside of [26,200] GeV. Setting those entries to their initial value.
There are 24049 events with muon pt outside of [26,200] GeV. Setting those entries to their initial value.
There are 16088 events with muon pt outside of [26,200] GeV. Setting those entries to their initial value.
There are 25554 events with muon pt outside of [26,200] GeV. Setting those entries to their initial value.
There are 18607 events with muon pt outside of [26,200] GeV. Setting those entries to their initial value.
There are 22773 events with muon pt outside of [26,200] GeV. Setting those entries to their initial value.
There are 24143 events with muon pt outside of [26,200] GeV. Setting those entries to their initial value.
There are 25576 events with muon pt outside of [26,200] GeV. Setting those entries to their initial value.
