000 (14737665.020.000) 02/25 20:32:10 Job submitted from host: <188.184.90.62:9618?addrs=188.184.90.62-9618+[2001-1458-201-e4--100-238]-9618&alias=bigbird16.cern.ch&noUDP&sock=schedd_5196_9a2f>
...
040 (14737665.020.000) 02/25 20:35:58 Started transferring input files
	Transferring to host: <188.185.212.180:9618?addrs=188.185.212.180-9618+[2001-1458-303-19--100-30]-9618&alias=b9p26p6509.cern.ch&noUDP&sock=slot1_17_2829136_ff5f_90055>
...
040 (14737665.020.000) 02/25 20:35:58 Finished transferring input files
...
001 (14737665.020.000) 02/25 20:35:59 Job executing on host: <188.185.212.180:9618?addrs=188.185.212.180-9618+[2001-1458-303-19--100-30]-9618&alias=b9p26p6509.cern.ch&noUDP&sock=startd_2828637_48d7>
	SlotName: slot1_17@b9p26p6509.cern.ch
	CondorScratchDir = "/pool/condor/dir_1527385"
	Cpus = 1
	Disk = 3858
	GPUs = 0
	Memory = 3000
...
006 (14737665.020.000) 02/25 20:36:13 Image size of job updated: 522644
	511  -  MemoryUsage of job (MB)
	522644  -  ResidentSetSize of job (KB)
...
006 (14737665.020.000) 02/25 20:41:13 Image size of job updated: 1498448
	1370  -  MemoryUsage of job (MB)
	1402376  -  ResidentSetSize of job (KB)
...
006 (14737665.020.000) 02/25 20:46:14 Image size of job updated: 1498448
	1416  -  MemoryUsage of job (MB)
	1449288  -  ResidentSetSize of job (KB)
...
006 (14737665.020.000) 02/25 20:51:15 Image size of job updated: 1617632
	1580  -  MemoryUsage of job (MB)
	1617632  -  ResidentSetSize of job (KB)
...
006 (14737665.020.000) 02/25 20:56:15 Image size of job updated: 1617952
	1580  -  MemoryUsage of job (MB)
	1617632  -  ResidentSetSize of job (KB)
...
040 (14737665.020.000) 02/25 20:57:04 Started transferring output files
...
040 (14737665.020.000) 02/25 20:57:04 Finished transferring output files
...
005 (14737665.020.000) 02/25 20:57:04 Job terminated.
	(1) Normal termination (return value 0)
		Usr 0 00:25:05, Sys 0 00:00:36  -  Run Remote Usage
		Usr 0 00:00:00, Sys 0 00:00:00  -  Run Local Usage
		Usr 0 00:25:05, Sys 0 00:00:36  -  Total Remote Usage
		Usr 0 00:00:00, Sys 0 00:00:00  -  Total Local Usage
	24540  -  Run Bytes Sent By Job
	51587  -  Run Bytes Received By Job
	24540  -  Total Bytes Sent By Job
	51587  -  Total Bytes Received By Job
	Partitionable Resources :    Usage  Request Allocated 
	   Cpus                 :     1.12        1         1 
	   Disk (KB)            :   100          75      3858 
	   GPUs                 :                           0 
	   Memory (MB)          :  1580        3000      3000 
	   TimeExecute (s)      :  1264                       
	   TimeSlotBusy (s)     :  1267                       

	Job terminated of its own accord at 2026-02-25T19:57:03Z with exit-code 0.
...
