subject   : /DC=ch/DC=cern/OU=Organic Units/OU=Users/CN=driosper/CN=886669/CN=Diego Alejandro Rios Perez/CN=1573519443
issuer    : /DC=ch/DC=cern/OU=Organic Units/OU=Users/CN=driosper/CN=886669/CN=Diego Alejandro Rios Perez
identity  : /DC=ch/DC=cern/OU=Organic Units/OU=Users/CN=driosper/CN=886669/CN=Diego Alejandro Rios Perez
type      : RFC compliant proxy
strength  : 2048 bits
path      : /afs/cern.ch/user/d/driosper/private/x509up_u182284
timeleft  : 11:50:09
key usage : Digital Signature, Key Encipherment
=== VO cms extension information ===
VO        : cms
subject   : /DC=ch/DC=cern/OU=Organic Units/OU=Users/CN=driosper/CN=886669/CN=Diego Alejandro Rios Perez
issuer    : /DC=ch/DC=cern/OU=computers/CN=cms-auth.cern.ch
attribute : /cms/Role=NULL/Capability=NULL
timeleft  : 11:50:09
uri       : voms-cms-auth.cern.ch:15000
--workflow ztoee --year 2022preEE --output_path /eos/user/d/driosper/bsm3g_coffea/outputs/ztoee/2022preEE/EGammaC --output_format coffea --dataset EGammaC_21 --partition_json /srv/partition_fileset.json
  Preprocessing 100% ━━━━━━━━━━━━━━━━ 10/10 [ 0:00:16 < 0:00:00 | 0.6   file/s ]
Merging (local) 100% ━━━━━━━━━━━━━━━━ 10/10 [ 0:00:16 < 0:00:00 | ?   merges/s ]
     Processing 100% ━━━━━━━━━━━━━━━━ 89/89 [ 0:20:35 < 0:00:00 | 0.2  chunk/s ]
Merging (local) 100% ━━━━━━━━━━━━━━━━ 89/89 [ 0:20:35 < 0:00:00 | ?   merges/s ]
There are 18298 events with muon pt outside of [26,200] GeV. Setting those entries to their initial value.
There are 21864 events with muon pt outside of [26,200] GeV. Setting those entries to their initial value.
There are 18745 events with muon pt outside of [26,200] GeV. Setting those entries to their initial value.
There are 21963 events with muon pt outside of [26,200] GeV. Setting those entries to their initial value.
There are 18172 events with muon pt outside of [26,200] GeV. Setting those entries to their initial value.
There are 29410 events with muon pt outside of [26,200] GeV. Setting those entries to their initial value.
There are 17333 events with muon pt outside of [26,200] GeV. Setting those entries to their initial value.
There are 24332 events with muon pt outside of [26,200] GeV. Setting those entries to their initial value.
There are 18539 events with muon pt outside of [26,200] GeV. Setting those entries to their initial value.
There are 21527 events with muon pt outside of [26,200] GeV. Setting those entries to their initial value.
There are 18197 events with muon pt outside of [26,200] GeV. Setting those entries to their initial value.
There are 24878 events with muon pt outside of [26,200] GeV. Setting those entries to their initial value.
There are 16546 events with muon pt outside of [26,200] GeV. Setting those entries to their initial value.
There are 33525 events with muon pt outside of [26,200] GeV. Setting those entries to their initial value.
There are 18686 events with muon pt outside of [26,200] GeV. Setting those entries to their initial value.
There are 25726 events with muon pt outside of [26,200] GeV. Setting those entries to their initial value.
There are 22263 events with muon pt outside of [26,200] GeV. Setting those entries to their initial value.
There are 23433 events with muon pt outside of [26,200] GeV. Setting those entries to their initial value.
There are 19720 events with muon pt outside of [26,200] GeV. Setting those entries to their initial value.
There are 21555 events with muon pt outside of [26,200] GeV. Setting those entries to their initial value.
There are 18315 events with muon pt outside of [26,200] GeV. Setting those entries to their initial value.
There are 27036 events with muon pt outside of [26,200] GeV. Setting those entries to their initial value.
There are 14997 events with muon pt outside of [26,200] GeV. Setting those entries to their initial value.
There are 18265 events with muon pt outside of [26,200] GeV. Setting those entries to their initial value.
There are 16150 events with muon pt outside of [26,200] GeV. Setting those entries to their initial value.
There are 20830 events with muon pt outside of [26,200] GeV. Setting those entries to their initial value.
There are 18729 events with muon pt outside of [26,200] GeV. Setting those entries to their initial value.
There are 22933 events with muon pt outside of [26,200] GeV. Setting those entries to their initial value.
There are 23842 events with muon pt outside of [26,200] GeV. Setting those entries to their initial value.
There are 24370 events with muon pt outside of [26,200] GeV. Setting those entries to their initial value.
There are 19421 events with muon pt outside of [26,200] GeV. Setting those entries to their initial value.
There are 28330 events with muon pt outside of [26,200] GeV. Setting those entries to their initial value.
There are 18463 events with muon pt outside of [26,200] GeV. Setting those entries to their initial value.
There are 25108 events with muon pt outside of [26,200] GeV. Setting those entries to their initial value.
There are 22141 events with muon pt outside of [26,200] GeV. Setting those entries to their initial value.
There are 23253 events with muon pt outside of [26,200] GeV. Setting those entries to their initial value.
There are 15350 events with muon pt outside of [26,200] GeV. Setting those entries to their initial value.
There are 19460 events with muon pt outside of [26,200] GeV. Setting those entries to their initial value.
There are 16514 events with muon pt outside of [26,200] GeV. Setting those entries to their initial value.
There are 23197 events with muon pt outside of [26,200] GeV. Setting those entries to their initial value.
There are 21463 events with muon pt outside of [26,200] GeV. Setting those entries to their initial value.
There are 22888 events with muon pt outside of [26,200] GeV. Setting those entries to their initial value.
There are 18348 events with muon pt outside of [26,200] GeV. Setting those entries to their initial value.
There are 23925 events with muon pt outside of [26,200] GeV. Setting those entries to their initial value.
There are 16784 events with muon pt outside of [26,200] GeV. Setting those entries to their initial value.
There are 24044 events with muon pt outside of [26,200] GeV. Setting those entries to their initial value.
There are 19511 events with muon pt outside of [26,200] GeV. Setting those entries to their initial value.
There are 21798 events with muon pt outside of [26,200] GeV. Setting those entries to their initial value.
There are 17116 events with muon pt outside of [26,200] GeV. Setting those entries to their initial value.
There are 29752 events with muon pt outside of [26,200] GeV. Setting those entries to their initial value.
There are 20929 events with muon pt outside of [26,200] GeV. Setting those entries to their initial value.
There are 31034 events with muon pt outside of [26,200] GeV. Setting those entries to their initial value.
There are 19981 events with muon pt outside of [26,200] GeV. Setting those entries to their initial value.
There are 24168 events with muon pt outside of [26,200] GeV. Setting those entries to their initial value.
There are 20543 events with muon pt outside of [26,200] GeV. Setting those entries to their initial value.
There are 23386 events with muon pt outside of [26,200] GeV. Setting those entries to their initial value.
There are 19931 events with muon pt outside of [26,200] GeV. Setting those entries to their initial value.
There are 22844 events with muon pt outside of [26,200] GeV. Setting those entries to their initial value.
There are 16625 events with muon pt outside of [26,200] GeV. Setting those entries to their initial value.
There are 24093 events with muon pt outside of [26,200] GeV. Setting those entries to their initial value.
There are 19080 events with muon pt outside of [26,200] GeV. Setting those entries to their initial value.
There are 21635 events with muon pt outside of [26,200] GeV. Setting those entries to their initial value.
There are 19132 events with muon pt outside of [26,200] GeV. Setting those entries to their initial value.
There are 24350 events with muon pt outside of [26,200] GeV. Setting those entries to their initial value.
There are 20076 events with muon pt outside of [26,200] GeV. Setting those entries to their initial value.
There are 28589 events with muon pt outside of [26,200] GeV. Setting those entries to their initial value.
There are 22239 events with muon pt outside of [26,200] GeV. Setting those entries to their initial value.
There are 24047 events with muon pt outside of [26,200] GeV. Setting those entries to their initial value.
There are 19330 events with muon pt outside of [26,200] GeV. Setting those entries to their initial value.
There are 23738 events with muon pt outside of [26,200] GeV. Setting those entries to their initial value.
There are 19380 events with muon pt outside of [26,200] GeV. Setting those entries to their initial value.
There are 29109 events with muon pt outside of [26,200] GeV. Setting those entries to their initial value.
There are 22042 events with muon pt outside of [26,200] GeV. Setting those entries to their initial value.
There are 23353 events with muon pt outside of [26,200] GeV. Setting those entries to their initial value.
There are 17455 events with muon pt outside of [26,200] GeV. Setting those entries to their initial value.
There are 22197 events with muon pt outside of [26,200] GeV. Setting those entries to their initial value.
There are 21045 events with muon pt outside of [26,200] GeV. Setting those entries to their initial value.
There are 27557 events with muon pt outside of [26,200] GeV. Setting those entries to their initial value.
There are 17082 events with muon pt outside of [26,200] GeV. Setting those entries to their initial value.
There are 26253 events with muon pt outside of [26,200] GeV. Setting those entries to their initial value.
There are 17143 events with muon pt outside of [26,200] GeV. Setting those entries to their initial value.
There are 22547 events with muon pt outside of [26,200] GeV. Setting those entries to their initial value.
There are 18794 events with muon pt outside of [26,200] GeV. Setting those entries to their initial value.
There are 28895 events with muon pt outside of [26,200] GeV. Setting those entries to their initial value.
There are 18793 events with muon pt outside of [26,200] GeV. Setting those entries to their initial value.
There are 22590 events with muon pt outside of [26,200] GeV. Setting those entries to their initial value.
There are 15262 events with muon pt outside of [26,200] GeV. Setting those entries to their initial value.
There are 22899 events with muon pt outside of [26,200] GeV. Setting those entries to their initial value.
There are 16095 events with muon pt outside of [26,200] GeV. Setting those entries to their initial value.
There are 19341 events with muon pt outside of [26,200] GeV. Setting those entries to their initial value.
There are 17101 events with muon pt outside of [26,200] GeV. Setting those entries to their initial value.
There are 21624 events with muon pt outside of [26,200] GeV. Setting those entries to their initial value.
There are 19440 events with muon pt outside of [26,200] GeV. Setting those entries to their initial value.
There are 31506 events with muon pt outside of [26,200] GeV. Setting those entries to their initial value.
There are 20782 events with muon pt outside of [26,200] GeV. Setting those entries to their initial value.
There are 23277 events with muon pt outside of [26,200] GeV. Setting those entries to their initial value.
There are 19882 events with muon pt outside of [26,200] GeV. Setting those entries to their initial value.
There are 29415 events with muon pt outside of [26,200] GeV. Setting those entries to their initial value.
There are 22548 events with muon pt outside of [26,200] GeV. Setting those entries to their initial value.
There are 24228 events with muon pt outside of [26,200] GeV. Setting those entries to their initial value.
There are 21217 events with muon pt outside of [26,200] GeV. Setting those entries to their initial value.
There are 23679 events with muon pt outside of [26,200] GeV. Setting those entries to their initial value.
There are 16920 events with muon pt outside of [26,200] GeV. Setting those entries to their initial value.
There are 21812 events with muon pt outside of [26,200] GeV. Setting those entries to their initial value.
There are 17749 events with muon pt outside of [26,200] GeV. Setting those entries to their initial value.
There are 22315 events with muon pt outside of [26,200] GeV. Setting those entries to their initial value.
There are 16401 events with muon pt outside of [26,200] GeV. Setting those entries to their initial value.
There are 21828 events with muon pt outside of [26,200] GeV. Setting those entries to their initial value.
There are 18982 events with muon pt outside of [26,200] GeV. Setting those entries to their initial value.
There are 22387 events with muon pt outside of [26,200] GeV. Setting those entries to their initial value.
There are 17600 events with muon pt outside of [26,200] GeV. Setting those entries to their initial value.
There are 22178 events with muon pt outside of [26,200] GeV. Setting those entries to their initial value.
There are 14829 events with muon pt outside of [26,200] GeV. Setting those entries to their initial value.
There are 20082 events with muon pt outside of [26,200] GeV. Setting those entries to their initial value.
There are 17291 events with muon pt outside of [26,200] GeV. Setting those entries to their initial value.
There are 21432 events with muon pt outside of [26,200] GeV. Setting those entries to their initial value.
There are 17515 events with muon pt outside of [26,200] GeV. Setting those entries to their initial value.
There are 25734 events with muon pt outside of [26,200] GeV. Setting those entries to their initial value.
There are 20310 events with muon pt outside of [26,200] GeV. Setting those entries to their initial value.
There are 23327 events with muon pt outside of [26,200] GeV. Setting those entries to their initial value.
There are 18984 events with muon pt outside of [26,200] GeV. Setting those entries to their initial value.
There are 30606 events with muon pt outside of [26,200] GeV. Setting those entries to their initial value.
There are 20847 events with muon pt outside of [26,200] GeV. Setting those entries to their initial value.
There are 23044 events with muon pt outside of [26,200] GeV. Setting those entries to their initial value.
There are 17863 events with muon pt outside of [26,200] GeV. Setting those entries to their initial value.
There are 21962 events with muon pt outside of [26,200] GeV. Setting those entries to their initial value.
There are 18040 events with muon pt outside of [26,200] GeV. Setting those entries to their initial value.
There are 27349 events with muon pt outside of [26,200] GeV. Setting those entries to their initial value.
There are 23015 events with muon pt outside of [26,200] GeV. Setting those entries to their initial value.
There are 25540 events with muon pt outside of [26,200] GeV. Setting those entries to their initial value.
There are 16312 events with muon pt outside of [26,200] GeV. Setting those entries to their initial value.
There are 23490 events with muon pt outside of [26,200] GeV. Setting those entries to their initial value.
There are 15707 events with muon pt outside of [26,200] GeV. Setting those entries to their initial value.
There are 22963 events with muon pt outside of [26,200] GeV. Setting those entries to their initial value.
There are 12212 events with muon pt outside of [26,200] GeV. Setting those entries to their initial value.
There are 22320 events with muon pt outside of [26,200] GeV. Setting those entries to their initial value.
There are 18151 events with muon pt outside of [26,200] GeV. Setting those entries to their initial value.
There are 24422 events with muon pt outside of [26,200] GeV. Setting those entries to their initial value.
There are 16040 events with muon pt outside of [26,200] GeV. Setting those entries to their initial value.
There are 21009 events with muon pt outside of [26,200] GeV. Setting those entries to their initial value.
There are 20286 events with muon pt outside of [26,200] GeV. Setting those entries to their initial value.
There are 22490 events with muon pt outside of [26,200] GeV. Setting those entries to their initial value.
There are 19387 events with muon pt outside of [26,200] GeV. Setting those entries to their initial value.
There are 26362 events with muon pt outside of [26,200] GeV. Setting those entries to their initial value.
There are 22642 events with muon pt outside of [26,200] GeV. Setting those entries to their initial value.
There are 23696 events with muon pt outside of [26,200] GeV. Setting those entries to their initial value.
There are 19315 events with muon pt outside of [26,200] GeV. Setting those entries to their initial value.
There are 24583 events with muon pt outside of [26,200] GeV. Setting those entries to their initial value.
There are 20396 events with muon pt outside of [26,200] GeV. Setting those entries to their initial value.
There are 31598 events with muon pt outside of [26,200] GeV. Setting those entries to their initial value.
There are 20011 events with muon pt outside of [26,200] GeV. Setting those entries to their initial value.
There are 24567 events with muon pt outside of [26,200] GeV. Setting those entries to their initial value.
There are 24412 events with muon pt outside of [26,200] GeV. Setting those entries to their initial value.
There are 24296 events with muon pt outside of [26,200] GeV. Setting those entries to their initial value.
There are 21843 events with muon pt outside of [26,200] GeV. Setting those entries to their initial value.
There are 23730 events with muon pt outside of [26,200] GeV. Setting those entries to their initial value.
There are 21654 events with muon pt outside of [26,200] GeV. Setting those entries to their initial value.
There are 22835 events with muon pt outside of [26,200] GeV. Setting those entries to their initial value.
There are 20314 events with muon pt outside of [26,200] GeV. Setting those entries to their initial value.
There are 22536 events with muon pt outside of [26,200] GeV. Setting those entries to their initial value.
There are 17163 events with muon pt outside of [26,200] GeV. Setting those entries to their initial value.
There are 21834 events with muon pt outside of [26,200] GeV. Setting those entries to their initial value.
There are 15403 events with muon pt outside of [26,200] GeV. Setting those entries to their initial value.
There are 22090 events with muon pt outside of [26,200] GeV. Setting those entries to their initial value.
There are 16824 events with muon pt outside of [26,200] GeV. Setting those entries to their initial value.
There are 23240 events with muon pt outside of [26,200] GeV. Setting those entries to their initial value.
There are 18723 events with muon pt outside of [26,200] GeV. Setting those entries to their initial value.
There are 21520 events with muon pt outside of [26,200] GeV. Setting those entries to their initial value.
There are 19945 events with muon pt outside of [26,200] GeV. Setting those entries to their initial value.
There are 31158 events with muon pt outside of [26,200] GeV. Setting those entries to their initial value.
There are 21082 events with muon pt outside of [26,200] GeV. Setting those entries to their initial value.
There are 23537 events with muon pt outside of [26,200] GeV. Setting those entries to their initial value.
There are 17840 events with muon pt outside of [26,200] GeV. Setting those entries to their initial value.
There are 22702 events with muon pt outside of [26,200] GeV. Setting those entries to their initial value.
There are 22646 events with muon pt outside of [26,200] GeV. Setting those entries to their initial value.
There are 23464 events with muon pt outside of [26,200] GeV. Setting those entries to their initial value.
There are 20418 events with muon pt outside of [26,200] GeV. Setting those entries to their initial value.
There are 22756 events with muon pt outside of [26,200] GeV. Setting those entries to their initial value.
