subject   : /DC=ch/DC=cern/OU=Organic Units/OU=Users/CN=driosper/CN=886669/CN=Diego Alejandro Rios Perez/CN=1573519443
issuer    : /DC=ch/DC=cern/OU=Organic Units/OU=Users/CN=driosper/CN=886669/CN=Diego Alejandro Rios Perez
identity  : /DC=ch/DC=cern/OU=Organic Units/OU=Users/CN=driosper/CN=886669/CN=Diego Alejandro Rios Perez
type      : RFC compliant proxy
strength  : 2048 bits
path      : /afs/cern.ch/user/d/driosper/private/x509up_u182284
timeleft  : 11:50:10
key usage : Digital Signature, Key Encipherment
=== VO cms extension information ===
VO        : cms
subject   : /DC=ch/DC=cern/OU=Organic Units/OU=Users/CN=driosper/CN=886669/CN=Diego Alejandro Rios Perez
issuer    : /DC=ch/DC=cern/OU=computers/CN=cms-auth.cern.ch
attribute : /cms/Role=NULL/Capability=NULL
timeleft  : 11:50:10
uri       : voms-cms-auth.cern.ch:15000
--workflow ztoee --year 2022preEE --output_path /eos/user/d/driosper/bsm3g_coffea/outputs/ztoee/2022preEE/EGammaC --output_format coffea --dataset EGammaC_22 --partition_json /srv/partition_fileset.json
  Preprocessing 100% ━━━━━━━━━━━━━━━━ 10/10 [ 0:00:11 < 0:00:00 | 1.0   file/s ]
Merging (local) 100% ━━━━━━━━━━━━━━━━ 10/10 [ 0:00:11 < 0:00:00 | ?   merges/s ]
     Processing 100% ━━━━━━━━━━━━━━ 120/120 [ 0:20:34 < 0:00:00 | 0.2  chunk/s ]
Merging (local) 100% ━━━━━━━━━━━━━━ 120/120 [ 0:20:34 < 0:00:00 | ?   merges/s ]
There are 21103 events with muon pt outside of [26,200] GeV. Setting those entries to their initial value.
There are 22622 events with muon pt outside of [26,200] GeV. Setting those entries to their initial value.
There are 19631 events with muon pt outside of [26,200] GeV. Setting those entries to their initial value.
There are 22388 events with muon pt outside of [26,200] GeV. Setting those entries to their initial value.
There are 18092 events with muon pt outside of [26,200] GeV. Setting those entries to their initial value.
There are 21607 events with muon pt outside of [26,200] GeV. Setting those entries to their initial value.
There are 20487 events with muon pt outside of [26,200] GeV. Setting those entries to their initial value.
There are 22361 events with muon pt outside of [26,200] GeV. Setting those entries to their initial value.
There are 18492 events with muon pt outside of [26,200] GeV. Setting those entries to their initial value.
There are 22036 events with muon pt outside of [26,200] GeV. Setting those entries to their initial value.
There are 18863 events with muon pt outside of [26,200] GeV. Setting those entries to their initial value.
There are 21895 events with muon pt outside of [26,200] GeV. Setting those entries to their initial value.
There are 14077 events with muon pt outside of [26,200] GeV. Setting those entries to their initial value.
There are 20740 events with muon pt outside of [26,200] GeV. Setting those entries to their initial value.
There are 18283 events with muon pt outside of [26,200] GeV. Setting those entries to their initial value.
There are 25694 events with muon pt outside of [26,200] GeV. Setting those entries to their initial value.
There are 17959 events with muon pt outside of [26,200] GeV. Setting those entries to their initial value.
There are 23319 events with muon pt outside of [26,200] GeV. Setting those entries to their initial value.
There are 20859 events with muon pt outside of [26,200] GeV. Setting those entries to their initial value.
There are 30497 events with muon pt outside of [26,200] GeV. Setting those entries to their initial value.
There are 18664 events with muon pt outside of [26,200] GeV. Setting those entries to their initial value.
There are 22906 events with muon pt outside of [26,200] GeV. Setting those entries to their initial value.
There are 14848 events with muon pt outside of [26,200] GeV. Setting those entries to their initial value.
There are 21054 events with muon pt outside of [26,200] GeV. Setting those entries to their initial value.
There are 19732 events with muon pt outside of [26,200] GeV. Setting those entries to their initial value.
There are 27939 events with muon pt outside of [26,200] GeV. Setting those entries to their initial value.
There are 17458 events with muon pt outside of [26,200] GeV. Setting those entries to their initial value.
There are 25265 events with muon pt outside of [26,200] GeV. Setting those entries to their initial value.
There are 21071 events with muon pt outside of [26,200] GeV. Setting those entries to their initial value.
There are 23429 events with muon pt outside of [26,200] GeV. Setting those entries to their initial value.
There are 18129 events with muon pt outside of [26,200] GeV. Setting those entries to their initial value.
There are 29201 events with muon pt outside of [26,200] GeV. Setting those entries to their initial value.
There are 19525 events with muon pt outside of [26,200] GeV. Setting those entries to their initial value.
There are 22720 events with muon pt outside of [26,200] GeV. Setting those entries to their initial value.
There are 17496 events with muon pt outside of [26,200] GeV. Setting those entries to their initial value.
There are 22367 events with muon pt outside of [26,200] GeV. Setting those entries to their initial value.
There are 17436 events with muon pt outside of [26,200] GeV. Setting those entries to their initial value.
There are 25171 events with muon pt outside of [26,200] GeV. Setting those entries to their initial value.
There are 19443 events with muon pt outside of [26,200] GeV. Setting those entries to their initial value.
There are 21618 events with muon pt outside of [26,200] GeV. Setting those entries to their initial value.
There are 17405 events with muon pt outside of [26,200] GeV. Setting those entries to their initial value.
There are 22482 events with muon pt outside of [26,200] GeV. Setting those entries to their initial value.
There are 16871 events with muon pt outside of [26,200] GeV. Setting those entries to their initial value.
There are 24679 events with muon pt outside of [26,200] GeV. Setting those entries to their initial value.
There are 20318 events with muon pt outside of [26,200] GeV. Setting those entries to their initial value.
There are 36281 events with muon pt outside of [26,200] GeV. Setting those entries to their initial value.
There are 19593 events with muon pt outside of [26,200] GeV. Setting those entries to their initial value.
There are 22033 events with muon pt outside of [26,200] GeV. Setting those entries to their initial value.
There are 15558 events with muon pt outside of [26,200] GeV. Setting those entries to their initial value.
There are 23989 events with muon pt outside of [26,200] GeV. Setting those entries to their initial value.
There are 16275 events with muon pt outside of [26,200] GeV. Setting those entries to their initial value.
There are 22976 events with muon pt outside of [26,200] GeV. Setting those entries to their initial value.
There are 18655 events with muon pt outside of [26,200] GeV. Setting those entries to their initial value.
There are 30923 events with muon pt outside of [26,200] GeV. Setting those entries to their initial value.
There are 17532 events with muon pt outside of [26,200] GeV. Setting those entries to their initial value.
There are 25089 events with muon pt outside of [26,200] GeV. Setting those entries to their initial value.
There are 17950 events with muon pt outside of [26,200] GeV. Setting those entries to their initial value.
There are 23515 events with muon pt outside of [26,200] GeV. Setting those entries to their initial value.
There are 23396 events with muon pt outside of [26,200] GeV. Setting those entries to their initial value.
There are 24078 events with muon pt outside of [26,200] GeV. Setting those entries to their initial value.
There are 19201 events with muon pt outside of [26,200] GeV. Setting those entries to their initial value.
There are 20832 events with muon pt outside of [26,200] GeV. Setting those entries to their initial value.
There are 21405 events with muon pt outside of [26,200] GeV. Setting those entries to their initial value.
There are 31214 events with muon pt outside of [26,200] GeV. Setting those entries to their initial value.
There are 20659 events with muon pt outside of [26,200] GeV. Setting those entries to their initial value.
There are 22184 events with muon pt outside of [26,200] GeV. Setting those entries to their initial value.
There are 15983 events with muon pt outside of [26,200] GeV. Setting those entries to their initial value.
There are 21161 events with muon pt outside of [26,200] GeV. Setting those entries to their initial value.
There are 14714 events with muon pt outside of [26,200] GeV. Setting those entries to their initial value.
There are 20794 events with muon pt outside of [26,200] GeV. Setting those entries to their initial value.
There are 22253 events with muon pt outside of [26,200] GeV. Setting those entries to their initial value.
There are 22810 events with muon pt outside of [26,200] GeV. Setting those entries to their initial value.
There are 22641 events with muon pt outside of [26,200] GeV. Setting those entries to their initial value.
There are 22469 events with muon pt outside of [26,200] GeV. Setting those entries to their initial value.
There are 19653 events with muon pt outside of [26,200] GeV. Setting those entries to their initial value.
There are 22077 events with muon pt outside of [26,200] GeV. Setting those entries to their initial value.
There are 15486 events with muon pt outside of [26,200] GeV. Setting those entries to their initial value.
There are 23682 events with muon pt outside of [26,200] GeV. Setting those entries to their initial value.
There are 18789 events with muon pt outside of [26,200] GeV. Setting those entries to their initial value.
There are 29882 events with muon pt outside of [26,200] GeV. Setting those entries to their initial value.
There are 17365 events with muon pt outside of [26,200] GeV. Setting those entries to their initial value.
There are 22293 events with muon pt outside of [26,200] GeV. Setting those entries to their initial value.
There are 19028 events with muon pt outside of [26,200] GeV. Setting those entries to their initial value.
There are 22992 events with muon pt outside of [26,200] GeV. Setting those entries to their initial value.
There are 15723 events with muon pt outside of [26,200] GeV. Setting those entries to their initial value.
There are 26147 events with muon pt outside of [26,200] GeV. Setting those entries to their initial value.
There are 13865 events with muon pt outside of [26,200] GeV. Setting those entries to their initial value.
There are 17193 events with muon pt outside of [26,200] GeV. Setting those entries to their initial value.
There are 16341 events with muon pt outside of [26,200] GeV. Setting those entries to their initial value.
There are 20071 events with muon pt outside of [26,200] GeV. Setting those entries to their initial value.
There are 17971 events with muon pt outside of [26,200] GeV. Setting those entries to their initial value.
There are 29844 events with muon pt outside of [26,200] GeV. Setting those entries to their initial value.
There are 18086 events with muon pt outside of [26,200] GeV. Setting those entries to their initial value.
There are 23158 events with muon pt outside of [26,200] GeV. Setting those entries to their initial value.
There are 20107 events with muon pt outside of [26,200] GeV. Setting those entries to their initial value.
There are 23023 events with muon pt outside of [26,200] GeV. Setting those entries to their initial value.
There are 17759 events with muon pt outside of [26,200] GeV. Setting those entries to their initial value.
There are 26749 events with muon pt outside of [26,200] GeV. Setting those entries to their initial value.
There are 19797 events with muon pt outside of [26,200] GeV. Setting those entries to their initial value.
There are 22954 events with muon pt outside of [26,200] GeV. Setting those entries to their initial value.
There are 17811 events with muon pt outside of [26,200] GeV. Setting those entries to their initial value.
There are 22711 events with muon pt outside of [26,200] GeV. Setting those entries to their initial value.
There are 16819 events with muon pt outside of [26,200] GeV. Setting those entries to their initial value.
There are 23208 events with muon pt outside of [26,200] GeV. Setting those entries to their initial value.
There are 21862 events with muon pt outside of [26,200] GeV. Setting those entries to their initial value.
There are 22214 events with muon pt outside of [26,200] GeV. Setting those entries to their initial value.
There are 16806 events with muon pt outside of [26,200] GeV. Setting those entries to their initial value.
There are 22209 events with muon pt outside of [26,200] GeV. Setting those entries to their initial value.
There are 16137 events with muon pt outside of [26,200] GeV. Setting those entries to their initial value.
There are 20950 events with muon pt outside of [26,200] GeV. Setting those entries to their initial value.
There are 17919 events with muon pt outside of [26,200] GeV. Setting those entries to their initial value.
There are 30975 events with muon pt outside of [26,200] GeV. Setting those entries to their initial value.
There are 17736 events with muon pt outside of [26,200] GeV. Setting those entries to their initial value.
There are 22596 events with muon pt outside of [26,200] GeV. Setting those entries to their initial value.
There are 17921 events with muon pt outside of [26,200] GeV. Setting those entries to their initial value.
There are 27887 events with muon pt outside of [26,200] GeV. Setting those entries to their initial value.
There are 19307 events with muon pt outside of [26,200] GeV. Setting those entries to their initial value.
There are 23111 events with muon pt outside of [26,200] GeV. Setting those entries to their initial value.
There are 15523 events with muon pt outside of [26,200] GeV. Setting those entries to their initial value.
There are 20394 events with muon pt outside of [26,200] GeV. Setting those entries to their initial value.
There are 22199 events with muon pt outside of [26,200] GeV. Setting those entries to their initial value.
There are 22716 events with muon pt outside of [26,200] GeV. Setting those entries to their initial value.
There are 21140 events with muon pt outside of [26,200] GeV. Setting those entries to their initial value.
There are 22388 events with muon pt outside of [26,200] GeV. Setting those entries to their initial value.
There are 20718 events with muon pt outside of [26,200] GeV. Setting those entries to their initial value.
There are 22190 events with muon pt outside of [26,200] GeV. Setting those entries to their initial value.
There are 20088 events with muon pt outside of [26,200] GeV. Setting those entries to their initial value.
There are 21745 events with muon pt outside of [26,200] GeV. Setting those entries to their initial value.
There are 21626 events with muon pt outside of [26,200] GeV. Setting those entries to their initial value.
There are 22464 events with muon pt outside of [26,200] GeV. Setting those entries to their initial value.
There are 20865 events with muon pt outside of [26,200] GeV. Setting those entries to their initial value.
There are 22349 events with muon pt outside of [26,200] GeV. Setting those entries to their initial value.
There are 17247 events with muon pt outside of [26,200] GeV. Setting those entries to their initial value.
There are 21549 events with muon pt outside of [26,200] GeV. Setting those entries to their initial value.
There are 17204 events with muon pt outside of [26,200] GeV. Setting those entries to their initial value.
There are 23286 events with muon pt outside of [26,200] GeV. Setting those entries to their initial value.
There are 18382 events with muon pt outside of [26,200] GeV. Setting those entries to their initial value.
There are 25464 events with muon pt outside of [26,200] GeV. Setting those entries to their initial value.
There are 21898 events with muon pt outside of [26,200] GeV. Setting those entries to their initial value.
There are 23590 events with muon pt outside of [26,200] GeV. Setting those entries to their initial value.
There are 20165 events with muon pt outside of [26,200] GeV. Setting those entries to their initial value.
There are 22817 events with muon pt outside of [26,200] GeV. Setting those entries to their initial value.
There are 19539 events with muon pt outside of [26,200] GeV. Setting those entries to their initial value.
There are 22104 events with muon pt outside of [26,200] GeV. Setting those entries to their initial value.
There are 19270 events with muon pt outside of [26,200] GeV. Setting those entries to their initial value.
There are 24420 events with muon pt outside of [26,200] GeV. Setting those entries to their initial value.
There are 18429 events with muon pt outside of [26,200] GeV. Setting those entries to their initial value.
There are 27819 events with muon pt outside of [26,200] GeV. Setting those entries to their initial value.
There are 18684 events with muon pt outside of [26,200] GeV. Setting those entries to their initial value.
There are 22739 events with muon pt outside of [26,200] GeV. Setting those entries to their initial value.
There are 17162 events with muon pt outside of [26,200] GeV. Setting those entries to their initial value.
There are 23497 events with muon pt outside of [26,200] GeV. Setting those entries to their initial value.
There are 15142 events with muon pt outside of [26,200] GeV. Setting those entries to their initial value.
There are 22835 events with muon pt outside of [26,200] GeV. Setting those entries to their initial value.
There are 21242 events with muon pt outside of [26,200] GeV. Setting those entries to their initial value.
There are 23302 events with muon pt outside of [26,200] GeV. Setting those entries to their initial value.
There are 18803 events with muon pt outside of [26,200] GeV. Setting those entries to their initial value.
There are 25357 events with muon pt outside of [26,200] GeV. Setting those entries to their initial value.
There are 19579 events with muon pt outside of [26,200] GeV. Setting those entries to their initial value.
There are 21950 events with muon pt outside of [26,200] GeV. Setting those entries to their initial value.
There are 15914 events with muon pt outside of [26,200] GeV. Setting those entries to their initial value.
There are 22626 events with muon pt outside of [26,200] GeV. Setting those entries to their initial value.
There are 17089 events with muon pt outside of [26,200] GeV. Setting those entries to their initial value.
There are 27995 events with muon pt outside of [26,200] GeV. Setting those entries to their initial value.
There are 20685 events with muon pt outside of [26,200] GeV. Setting those entries to their initial value.
There are 22213 events with muon pt outside of [26,200] GeV. Setting those entries to their initial value.
There are 18880 events with muon pt outside of [26,200] GeV. Setting those entries to their initial value.
There are 21845 events with muon pt outside of [26,200] GeV. Setting those entries to their initial value.
There are 14456 events with muon pt outside of [26,200] GeV. Setting those entries to their initial value.
There are 22888 events with muon pt outside of [26,200] GeV. Setting those entries to their initial value.
There are 18971 events with muon pt outside of [26,200] GeV. Setting those entries to their initial value.
There are 23856 events with muon pt outside of [26,200] GeV. Setting those entries to their initial value.
There are 18249 events with muon pt outside of [26,200] GeV. Setting those entries to their initial value.
There are 23697 events with muon pt outside of [26,200] GeV. Setting those entries to their initial value.
There are 18662 events with muon pt outside of [26,200] GeV. Setting those entries to their initial value.
There are 25713 events with muon pt outside of [26,200] GeV. Setting those entries to their initial value.
There are 19239 events with muon pt outside of [26,200] GeV. Setting those entries to their initial value.
There are 22512 events with muon pt outside of [26,200] GeV. Setting those entries to their initial value.
There are 19915 events with muon pt outside of [26,200] GeV. Setting those entries to their initial value.
There are 23441 events with muon pt outside of [26,200] GeV. Setting those entries to their initial value.
There are 20184 events with muon pt outside of [26,200] GeV. Setting those entries to their initial value.
There are 23098 events with muon pt outside of [26,200] GeV. Setting those entries to their initial value.
There are 18865 events with muon pt outside of [26,200] GeV. Setting those entries to their initial value.
There are 20250 events with muon pt outside of [26,200] GeV. Setting those entries to their initial value.
There are 19401 events with muon pt outside of [26,200] GeV. Setting those entries to their initial value.
There are 21983 events with muon pt outside of [26,200] GeV. Setting those entries to their initial value.
There are 19760 events with muon pt outside of [26,200] GeV. Setting those entries to their initial value.
There are 21848 events with muon pt outside of [26,200] GeV. Setting those entries to their initial value.
There are 18556 events with muon pt outside of [26,200] GeV. Setting those entries to their initial value.
There are 29155 events with muon pt outside of [26,200] GeV. Setting those entries to their initial value.
There are 23337 events with muon pt outside of [26,200] GeV. Setting those entries to their initial value.
There are 23019 events with muon pt outside of [26,200] GeV. Setting those entries to their initial value.
There are 20525 events with muon pt outside of [26,200] GeV. Setting those entries to their initial value.
There are 22201 events with muon pt outside of [26,200] GeV. Setting those entries to their initial value.
There are 18990 events with muon pt outside of [26,200] GeV. Setting those entries to their initial value.
There are 25943 events with muon pt outside of [26,200] GeV. Setting those entries to their initial value.
There are 22895 events with muon pt outside of [26,200] GeV. Setting those entries to their initial value.
There are 33495 events with muon pt outside of [26,200] GeV. Setting those entries to their initial value.
There are 15951 events with muon pt outside of [26,200] GeV. Setting those entries to their initial value.
There are 22780 events with muon pt outside of [26,200] GeV. Setting those entries to their initial value.
There are 18922 events with muon pt outside of [26,200] GeV. Setting those entries to their initial value.
There are 24684 events with muon pt outside of [26,200] GeV. Setting those entries to their initial value.
There are 18934 events with muon pt outside of [26,200] GeV. Setting those entries to their initial value.
There are 24394 events with muon pt outside of [26,200] GeV. Setting those entries to their initial value.
There are 19184 events with muon pt outside of [26,200] GeV. Setting those entries to their initial value.
There are 26018 events with muon pt outside of [26,200] GeV. Setting those entries to their initial value.
There are 19936 events with muon pt outside of [26,200] GeV. Setting those entries to their initial value.
There are 23259 events with muon pt outside of [26,200] GeV. Setting those entries to their initial value.
There are 16954 events with muon pt outside of [26,200] GeV. Setting those entries to their initial value.
There are 23584 events with muon pt outside of [26,200] GeV. Setting those entries to their initial value.
There are 17660 events with muon pt outside of [26,200] GeV. Setting those entries to their initial value.
There are 25143 events with muon pt outside of [26,200] GeV. Setting those entries to their initial value.
There are 21945 events with muon pt outside of [26,200] GeV. Setting those entries to their initial value.
There are 23583 events with muon pt outside of [26,200] GeV. Setting those entries to their initial value.
There are 16934 events with muon pt outside of [26,200] GeV. Setting those entries to their initial value.
There are 22240 events with muon pt outside of [26,200] GeV. Setting those entries to their initial value.
There are 18058 events with muon pt outside of [26,200] GeV. Setting those entries to their initial value.
There are 21214 events with muon pt outside of [26,200] GeV. Setting those entries to their initial value.
There are 18289 events with muon pt outside of [26,200] GeV. Setting those entries to their initial value.
There are 21443 events with muon pt outside of [26,200] GeV. Setting those entries to their initial value.
There are 18629 events with muon pt outside of [26,200] GeV. Setting those entries to their initial value.
There are 25551 events with muon pt outside of [26,200] GeV. Setting those entries to their initial value.
There are 18277 events with muon pt outside of [26,200] GeV. Setting those entries to their initial value.
There are 22630 events with muon pt outside of [26,200] GeV. Setting those entries to their initial value.
There are 22268 events with muon pt outside of [26,200] GeV. Setting those entries to their initial value.
There are 42142 events with muon pt outside of [26,200] GeV. Setting those entries to their initial value.
There are 15978 events with muon pt outside of [26,200] GeV. Setting those entries to their initial value.
There are 22935 events with muon pt outside of [26,200] GeV. Setting those entries to their initial value.
There are 16564 events with muon pt outside of [26,200] GeV. Setting those entries to their initial value.
There are 23088 events with muon pt outside of [26,200] GeV. Setting those entries to their initial value.
There are 19666 events with muon pt outside of [26,200] GeV. Setting those entries to their initial value.
There are 29869 events with muon pt outside of [26,200] GeV. Setting those entries to their initial value.
There are 19324 events with muon pt outside of [26,200] GeV. Setting those entries to their initial value.
There are 28774 events with muon pt outside of [26,200] GeV. Setting those entries to their initial value.
There are 18210 events with muon pt outside of [26,200] GeV. Setting those entries to their initial value.
There are 21920 events with muon pt outside of [26,200] GeV. Setting those entries to their initial value.
There are 18041 events with muon pt outside of [26,200] GeV. Setting those entries to their initial value.
There are 24491 events with muon pt outside of [26,200] GeV. Setting those entries to their initial value.
There are 18780 events with muon pt outside of [26,200] GeV. Setting those entries to their initial value.
There are 22867 events with muon pt outside of [26,200] GeV. Setting those entries to their initial value.
