000 (14737665.023.000) 02/25 20:32:10 Job submitted from host: <188.184.90.62:9618?addrs=188.184.90.62-9618+[2001-1458-201-e4--100-238]-9618&alias=bigbird16.cern.ch&noUDP&sock=schedd_5196_9a2f>
...
040 (14737665.023.000) 02/25 20:35:59 Started transferring input files
	Transferring to host: <188.185.210.180:9618?addrs=188.185.210.180-9618+[2001-1458-303-15--100-30]-9618&alias=b9p22p7023.cern.ch&noUDP&sock=slot1_18_5479_3378_170428>
...
040 (14737665.023.000) 02/25 20:35:59 Finished transferring input files
...
001 (14737665.023.000) 02/25 20:36:00 Job executing on host: <188.185.210.180:9618?addrs=188.185.210.180-9618+[2001-1458-303-15--100-30]-9618&alias=b9p22p7023.cern.ch&noUDP&sock=startd_4538_44de>
	SlotName: slot1_18@b9p22p7023.cern.ch
	CondorScratchDir = "/pool/condor/dir_985969"
	Cpus = 1
	Disk = 3855
	GPUs = 0
	Memory = 3000
...
006 (14737665.023.000) 02/25 20:36:14 Image size of job updated: 634480
	620  -  MemoryUsage of job (MB)
	634480  -  ResidentSetSize of job (KB)
...
006 (14737665.023.000) 02/25 20:41:15 Image size of job updated: 1479924
	1342  -  MemoryUsage of job (MB)
	1373712  -  ResidentSetSize of job (KB)
...
006 (14737665.023.000) 02/25 20:46:15 Image size of job updated: 1574056
	1538  -  MemoryUsage of job (MB)
	1574056  -  ResidentSetSize of job (KB)
...
006 (14737665.023.000) 02/25 20:51:16 Image size of job updated: 1651028
	1545  -  MemoryUsage of job (MB)
	1581096  -  ResidentSetSize of job (KB)
...
006 (14737665.023.000) 02/25 20:53:46 Image size of job updated: 1684048
	1545  -  MemoryUsage of job (MB)
	1581096  -  ResidentSetSize of job (KB)
...
040 (14737665.023.000) 02/25 20:53:46 Started transferring output files
...
040 (14737665.023.000) 02/25 20:53:46 Finished transferring output files
...
005 (14737665.023.000) 02/25 20:53:47 Job terminated.
	(1) Normal termination (return value 0)
		Usr 0 00:29:45, Sys 0 00:00:48  -  Run Remote Usage
		Usr 0 00:00:00, Sys 0 00:00:00  -  Run Local Usage
		Usr 0 00:29:45, Sys 0 00:00:48  -  Total Remote Usage
		Usr 0 00:00:00, Sys 0 00:00:00  -  Total Local Usage
	28600  -  Run Bytes Sent By Job
	51587  -  Run Bytes Received By Job
	28600  -  Total Bytes Sent By Job
	51587  -  Total Bytes Received By Job
	Partitionable Resources :    Usage  Request Allocated 
	   Cpus                 :     1.06        1         1 
	   Disk (KB)            :   104          75      3855 
	   GPUs                 :                           0 
	   Memory (MB)          :  1545        3000      3000 
	   TimeExecute (s)      :  1066                       
	   TimeSlotBusy (s)     :  1068                       

	Job terminated of its own accord at 2026-02-25T19:53:46Z with exit-code 0.
...
