000 (14737665.010.000) 02/25 20:32:09 Job submitted from host: <188.184.90.62:9618?addrs=188.184.90.62-9618+[2001-1458-201-e4--100-238]-9618&alias=bigbird16.cern.ch&noUDP&sock=schedd_5196_9a2f>
...
040 (14737665.010.000) 02/25 20:35:54 Started transferring input files
	Transferring to host: <188.185.193.163:9618?addrs=188.185.193.163-9618+[2001-1458-303-20--100-9f]-9618&alias=b9p19p6217.cern.ch&noUDP&sock=slot1_12_7957_2d1d_155009>
...
040 (14737665.010.000) 02/25 20:35:54 Finished transferring input files
...
001 (14737665.010.000) 02/25 20:35:55 Job executing on host: <188.185.193.163:9618?addrs=188.185.193.163-9618+[2001-1458-303-20--100-9f]-9618&alias=b9p19p6217.cern.ch&noUDP&sock=startd_6750_845c>
	SlotName: slot1_12@b9p19p6217.cern.ch
	CondorScratchDir = "/pool/condor/dir_3299760"
	Cpus = 1
	Disk = 3774
	GPUs = 0
	Memory = 3000
...
006 (14737665.010.000) 02/25 20:36:09 Image size of job updated: 485124
	474  -  MemoryUsage of job (MB)
	485124  -  ResidentSetSize of job (KB)
...
006 (14737665.010.000) 02/25 20:41:10 Image size of job updated: 1561152
	1446  -  MemoryUsage of job (MB)
	1480632  -  ResidentSetSize of job (KB)
...
006 (14737665.010.000) 02/25 20:46:10 Image size of job updated: 1625760
	1538  -  MemoryUsage of job (MB)
	1574016  -  ResidentSetSize of job (KB)
...
040 (14737665.010.000) 02/25 20:54:40 Started transferring output files
...
040 (14737665.010.000) 02/25 20:54:40 Finished transferring output files
...
005 (14737665.010.000) 02/25 20:54:40 Job terminated.
	(1) Normal termination (return value 0)
		Usr 0 00:30:47, Sys 0 00:00:27  -  Run Remote Usage
		Usr 0 00:00:00, Sys 0 00:00:00  -  Run Local Usage
		Usr 0 00:30:47, Sys 0 00:00:27  -  Total Remote Usage
		Usr 0 00:00:00, Sys 0 00:00:00  -  Total Local Usage
	20733  -  Run Bytes Sent By Job
	51587  -  Run Bytes Received By Job
	20733  -  Total Bytes Sent By Job
	51587  -  Total Bytes Received By Job
	Partitionable Resources :    Usage  Request Allocated 
	   Cpus                 :     2.82        1         1 
	   Disk (KB)            :    97          75      3774 
	   GPUs                 :                           0 
	   Memory (MB)          :  1538        3000      3000 
	   TimeExecute (s)      :  1125                       
	   TimeSlotBusy (s)     :  1127                       

	Job terminated of its own accord at 2026-02-25T19:54:40Z with exit-code 0.
...
