000 (14737665.019.000) 02/25 20:32:09 Job submitted from host: <188.184.90.62:9618?addrs=188.184.90.62-9618+[2001-1458-201-e4--100-238]-9618&alias=bigbird16.cern.ch&noUDP&sock=schedd_5196_9a2f>
...
040 (14737665.019.000) 02/25 20:35:57 Started transferring input files
	Transferring to host: <188.185.208.142:9618?addrs=188.185.208.142-9618+[2001-1458-303-10--100-b]-9618&alias=b9p10p4646.cern.ch&noUDP&sock=slot1_3_4351_6c4a_148701>
...
040 (14737665.019.000) 02/25 20:35:57 Finished transferring input files
...
001 (14737665.019.000) 02/25 20:35:58 Job executing on host: <188.185.208.142:9618?addrs=188.185.208.142-9618+[2001-1458-303-10--100-b]-9618&alias=b9p10p4646.cern.ch&noUDP&sock=startd_3678_616b>
	SlotName: slot1_3@b9p10p4646.cern.ch
	CondorScratchDir = "/pool/condor/dir_902392"
	Cpus = 1
	Disk = 3813
	GPUs = 0
	Memory = 3000
...
006 (14737665.019.000) 02/25 20:36:13 Image size of job updated: 468192
	458  -  MemoryUsage of job (MB)
	468192  -  ResidentSetSize of job (KB)
...
006 (14737665.019.000) 02/25 20:41:14 Image size of job updated: 1531116
	1429  -  MemoryUsage of job (MB)
	1463044  -  ResidentSetSize of job (KB)
...
006 (14737665.019.000) 02/25 20:46:15 Image size of job updated: 1611804
	1457  -  MemoryUsage of job (MB)
	1491236  -  ResidentSetSize of job (KB)
...
040 (14737665.019.000) 02/25 20:50:53 Started transferring output files
...
040 (14737665.019.000) 02/25 20:50:53 Finished transferring output files
...
005 (14737665.019.000) 02/25 20:50:53 Job terminated.
	(1) Normal termination (return value 0)
		Usr 0 00:26:12, Sys 0 00:00:41  -  Run Remote Usage
		Usr 0 00:00:00, Sys 0 00:00:00  -  Run Local Usage
		Usr 0 00:26:12, Sys 0 00:00:41  -  Total Remote Usage
		Usr 0 00:00:00, Sys 0 00:00:00  -  Total Local Usage
	23020  -  Run Bytes Sent By Job
	51587  -  Run Bytes Received By Job
	23020  -  Total Bytes Sent By Job
	51587  -  Total Bytes Received By Job
	Partitionable Resources :    Usage  Request Allocated 
	   Cpus                 :     2.10        1         1 
	   Disk (KB)            :   102          75      3813 
	   GPUs                 :                           0 
	   Memory (MB)          :  1457        3000      3000 
	   TimeExecute (s)      :   895                       
	   TimeSlotBusy (s)     :   897                       

	Job terminated of its own accord at 2026-02-25T19:50:53Z with exit-code 0.
...
