+ JOBID=9
+ BASEDIR=/afs/cern.ch/user/d/driosper/bsm3g_coffea
+ X509PATH=/afs/cern.ch/user/d/driosper/private/x509up_u182284
+ export XRD_NETWORKSTACK=IPv4
+ XRD_NETWORKSTACK=IPv4
+ export XRD_RUNFORKHANDLER=1
+ XRD_RUNFORKHANDLER=1
+ export X509_USER_PROXY=/afs/cern.ch/user/d/driosper/private/x509up_u182284
+ X509_USER_PROXY=/afs/cern.ch/user/d/driosper/private/x509up_u182284
+ voms-proxy-info -all -file /afs/cern.ch/user/d/driosper/private/x509up_u182284
++ pwd
+ WORKDIR=/srv
+ declare -A ARGS
+ for key in workflow year output_path output_format dataset
++ python3 -c 'import json; print(json.load(open('\''/srv/arguments.json'\''))['\''workflow'\''])'
+ ARGS[$key]=ztoee
+ for key in workflow year output_path output_format dataset
++ python3 -c 'import json; print(json.load(open('\''/srv/arguments.json'\''))['\''year'\''])'
+ ARGS[$key]=2022preEE
+ for key in workflow year output_path output_format dataset
++ python3 -c 'import json; print(json.load(open('\''/srv/arguments.json'\''))['\''output_path'\''])'
+ ARGS[$key]=/eos/user/d/driosper/bsm3g_coffea/outputs/ztoee/2022preEE/EGammaC
+ for key in workflow year output_path output_format dataset
++ python3 -c 'import json; print(json.load(open('\''/srv/arguments.json'\''))['\''output_format'\''])'
+ ARGS[$key]=coffea
+ for key in workflow year output_path output_format dataset
++ python3 -c 'import json; print(json.load(open('\''/srv/arguments.json'\''))['\''dataset'\''])'
+ ARGS[$key]=EGammaC
+ CMD_ARGS='--workflow ztoee --year 2022preEE --output_path /eos/user/d/driosper/bsm3g_coffea/outputs/ztoee/2022preEE/EGammaC --output_format coffea --dataset EGammaC_9'
+ python3 -c 'import json; json.dump(json.load(open('\''/srv/partitions.json'\''))['\''9'\''], open('\''/srv/partition_fileset.json'\'', '\''w'\''), indent=4)'
+ CMD_ARGS='--workflow ztoee --year 2022preEE --output_path /eos/user/d/driosper/bsm3g_coffea/outputs/ztoee/2022preEE/EGammaC --output_format coffea --dataset EGammaC_9 --partition_json /srv/partition_fileset.json'
+ echo --workflow ztoee --year 2022preEE --output_path /eos/user/d/driosper/bsm3g_coffea/outputs/ztoee/2022preEE/EGammaC --output_format coffea --dataset EGammaC_9 --partition_json /srv/partition_fileset.json
+ cd /afs/cern.ch/user/d/driosper/bsm3g_coffea
+ python3 submit.py --workflow ztoee --year 2022preEE --output_path /eos/user/d/driosper/bsm3g_coffea/outputs/ztoee/2022preEE/EGammaC --output_format coffea --dataset EGammaC_9 --partition_json /srv/partition_fileset.json
