subject   : /DC=ch/DC=cern/OU=Organic Units/OU=Users/CN=driosper/CN=886669/CN=Diego Alejandro Rios Perez/CN=1573519443
issuer    : /DC=ch/DC=cern/OU=Organic Units/OU=Users/CN=driosper/CN=886669/CN=Diego Alejandro Rios Perez
identity  : /DC=ch/DC=cern/OU=Organic Units/OU=Users/CN=driosper/CN=886669/CN=Diego Alejandro Rios Perez
type      : RFC compliant proxy
strength  : 2048 bits
path      : /afs/cern.ch/user/d/driosper/private/x509up_u182284
timeleft  : 11:50:13
key usage : Digital Signature, Key Encipherment
=== VO cms extension information ===
VO        : cms
subject   : /DC=ch/DC=cern/OU=Organic Units/OU=Users/CN=driosper/CN=886669/CN=Diego Alejandro Rios Perez
issuer    : /DC=ch/DC=cern/OU=computers/CN=cms-auth.cern.ch
attribute : /cms/Role=NULL/Capability=NULL
timeleft  : 11:50:13
uri       : voms-cms-auth.cern.ch:15000
--workflow ztoee --year 2022preEE --output_path /eos/user/d/driosper/bsm3g_coffea/outputs/ztoee/2022preEE/EGammaC --output_format coffea --dataset EGammaC_17 --partition_json /srv/partition_fileset.json
  Preprocessing 100% ━━━━━━━━━━━━━━━━ 10/10 [ 0:00:11 < 0:00:00 | 0.9   file/s ]
Merging (local) 100% ━━━━━━━━━━━━━━━━ 10/10 [ 0:00:11 < 0:00:00 | ?   merges/s ]
     Processing 100% ━━━━━━━━━━━━━━━━ 95/95 [ 0:18:25 < 0:00:00 | 0.1  chunk/s ]
Merging (local) 100% ━━━━━━━━━━━━━━━━ 95/95 [ 0:18:25 < 0:00:00 | ?   merges/s ]
There are 18819 events with muon pt outside of [26,200] GeV. Setting those entries to their initial value.
There are 23971 events with muon pt outside of [26,200] GeV. Setting those entries to their initial value.
There are 16271 events with muon pt outside of [26,200] GeV. Setting those entries to their initial value.
There are 29973 events with muon pt outside of [26,200] GeV. Setting those entries to their initial value.
There are 18114 events with muon pt outside of [26,200] GeV. Setting those entries to their initial value.
There are 21943 events with muon pt outside of [26,200] GeV. Setting those entries to their initial value.
There are 22070 events with muon pt outside of [26,200] GeV. Setting those entries to their initial value.
There are 23674 events with muon pt outside of [26,200] GeV. Setting those entries to their initial value.
There are 16165 events with muon pt outside of [26,200] GeV. Setting those entries to their initial value.
There are 25076 events with muon pt outside of [26,200] GeV. Setting those entries to their initial value.
There are 18685 events with muon pt outside of [26,200] GeV. Setting those entries to their initial value.
There are 27577 events with muon pt outside of [26,200] GeV. Setting those entries to their initial value.
There are 19007 events with muon pt outside of [26,200] GeV. Setting those entries to their initial value.
There are 22339 events with muon pt outside of [26,200] GeV. Setting those entries to their initial value.
There are 17493 events with muon pt outside of [26,200] GeV. Setting those entries to their initial value.
There are 22274 events with muon pt outside of [26,200] GeV. Setting those entries to their initial value.
There are 17841 events with muon pt outside of [26,200] GeV. Setting those entries to their initial value.
There are 25492 events with muon pt outside of [26,200] GeV. Setting those entries to their initial value.
There are 21909 events with muon pt outside of [26,200] GeV. Setting those entries to their initial value.
There are 22101 events with muon pt outside of [26,200] GeV. Setting those entries to their initial value.
There are 12375 events with muon pt outside of [26,200] GeV. Setting those entries to their initial value.
There are 16990 events with muon pt outside of [26,200] GeV. Setting those entries to their initial value.
There are 16755 events with muon pt outside of [26,200] GeV. Setting those entries to their initial value.
There are 22664 events with muon pt outside of [26,200] GeV. Setting those entries to their initial value.
There are 18352 events with muon pt outside of [26,200] GeV. Setting those entries to their initial value.
There are 23056 events with muon pt outside of [26,200] GeV. Setting those entries to their initial value.
There are 18044 events with muon pt outside of [26,200] GeV. Setting those entries to their initial value.
There are 30303 events with muon pt outside of [26,200] GeV. Setting those entries to their initial value.
There are 18809 events with muon pt outside of [26,200] GeV. Setting those entries to their initial value.
There are 27848 events with muon pt outside of [26,200] GeV. Setting those entries to their initial value.
There are 18400 events with muon pt outside of [26,200] GeV. Setting those entries to their initial value.
There are 25066 events with muon pt outside of [26,200] GeV. Setting those entries to their initial value.
There are 17583 events with muon pt outside of [26,200] GeV. Setting those entries to their initial value.
There are 24700 events with muon pt outside of [26,200] GeV. Setting those entries to their initial value.
There are 19496 events with muon pt outside of [26,200] GeV. Setting those entries to their initial value.
There are 24500 events with muon pt outside of [26,200] GeV. Setting those entries to their initial value.
There are 19424 events with muon pt outside of [26,200] GeV. Setting those entries to their initial value.
There are 27874 events with muon pt outside of [26,200] GeV. Setting those entries to their initial value.
There are 20652 events with muon pt outside of [26,200] GeV. Setting those entries to their initial value.
There are 23821 events with muon pt outside of [26,200] GeV. Setting those entries to their initial value.
There are 21825 events with muon pt outside of [26,200] GeV. Setting those entries to their initial value.
There are 23918 events with muon pt outside of [26,200] GeV. Setting those entries to their initial value.
There are 16803 events with muon pt outside of [26,200] GeV. Setting those entries to their initial value.
There are 23336 events with muon pt outside of [26,200] GeV. Setting those entries to their initial value.
There are 19844 events with muon pt outside of [26,200] GeV. Setting those entries to their initial value.
There are 23162 events with muon pt outside of [26,200] GeV. Setting those entries to their initial value.
There are 21552 events with muon pt outside of [26,200] GeV. Setting those entries to their initial value.
There are 23319 events with muon pt outside of [26,200] GeV. Setting those entries to their initial value.
There are 18364 events with muon pt outside of [26,200] GeV. Setting those entries to their initial value.
There are 28328 events with muon pt outside of [26,200] GeV. Setting those entries to their initial value.
There are 16045 events with muon pt outside of [26,200] GeV. Setting those entries to their initial value.
There are 24255 events with muon pt outside of [26,200] GeV. Setting those entries to their initial value.
There are 19610 events with muon pt outside of [26,200] GeV. Setting those entries to their initial value.
There are 25531 events with muon pt outside of [26,200] GeV. Setting those entries to their initial value.
There are 17822 events with muon pt outside of [26,200] GeV. Setting those entries to their initial value.
There are 25737 events with muon pt outside of [26,200] GeV. Setting those entries to their initial value.
There are 13331 events with muon pt outside of [26,200] GeV. Setting those entries to their initial value.
There are 23292 events with muon pt outside of [26,200] GeV. Setting those entries to their initial value.
There are 17334 events with muon pt outside of [26,200] GeV. Setting those entries to their initial value.
There are 25215 events with muon pt outside of [26,200] GeV. Setting those entries to their initial value.
There are 15505 events with muon pt outside of [26,200] GeV. Setting those entries to their initial value.
There are 24259 events with muon pt outside of [26,200] GeV. Setting those entries to their initial value.
There are 21087 events with muon pt outside of [26,200] GeV. Setting those entries to their initial value.
There are 23132 events with muon pt outside of [26,200] GeV. Setting those entries to their initial value.
There are 13065 events with muon pt outside of [26,200] GeV. Setting those entries to their initial value.
There are 20140 events with muon pt outside of [26,200] GeV. Setting those entries to their initial value.
There are 16995 events with muon pt outside of [26,200] GeV. Setting those entries to their initial value.
There are 23726 events with muon pt outside of [26,200] GeV. Setting those entries to their initial value.
There are 20563 events with muon pt outside of [26,200] GeV. Setting those entries to their initial value.
There are 29090 events with muon pt outside of [26,200] GeV. Setting those entries to their initial value.
There are 20008 events with muon pt outside of [26,200] GeV. Setting those entries to their initial value.
There are 22036 events with muon pt outside of [26,200] GeV. Setting those entries to their initial value.
There are 16762 events with muon pt outside of [26,200] GeV. Setting those entries to their initial value.
There are 21099 events with muon pt outside of [26,200] GeV. Setting those entries to their initial value.
There are 24973 events with muon pt outside of [26,200] GeV. Setting those entries to their initial value.
There are 24566 events with muon pt outside of [26,200] GeV. Setting those entries to their initial value.
There are 18415 events with muon pt outside of [26,200] GeV. Setting those entries to their initial value.
There are 23274 events with muon pt outside of [26,200] GeV. Setting those entries to their initial value.
There are 16349 events with muon pt outside of [26,200] GeV. Setting those entries to their initial value.
There are 22431 events with muon pt outside of [26,200] GeV. Setting those entries to their initial value.
There are 22028 events with muon pt outside of [26,200] GeV. Setting those entries to their initial value.
There are 23895 events with muon pt outside of [26,200] GeV. Setting those entries to their initial value.
There are 15597 events with muon pt outside of [26,200] GeV. Setting those entries to their initial value.
There are 22967 events with muon pt outside of [26,200] GeV. Setting those entries to their initial value.
There are 15464 events with muon pt outside of [26,200] GeV. Setting those entries to their initial value.
There are 20726 events with muon pt outside of [26,200] GeV. Setting those entries to their initial value.
There are 17638 events with muon pt outside of [26,200] GeV. Setting those entries to their initial value.
There are 23464 events with muon pt outside of [26,200] GeV. Setting those entries to their initial value.
There are 17469 events with muon pt outside of [26,200] GeV. Setting those entries to their initial value.
There are 30410 events with muon pt outside of [26,200] GeV. Setting those entries to their initial value.
There are 17273 events with muon pt outside of [26,200] GeV. Setting those entries to their initial value.
There are 22288 events with muon pt outside of [26,200] GeV. Setting those entries to their initial value.
There are 18743 events with muon pt outside of [26,200] GeV. Setting those entries to their initial value.
There are 28357 events with muon pt outside of [26,200] GeV. Setting those entries to their initial value.
There are 19119 events with muon pt outside of [26,200] GeV. Setting those entries to their initial value.
There are 28607 events with muon pt outside of [26,200] GeV. Setting those entries to their initial value.
There are 16610 events with muon pt outside of [26,200] GeV. Setting those entries to their initial value.
There are 21720 events with muon pt outside of [26,200] GeV. Setting those entries to their initial value.
There are 24005 events with muon pt outside of [26,200] GeV. Setting those entries to their initial value.
There are 23800 events with muon pt outside of [26,200] GeV. Setting those entries to their initial value.
There are 15504 events with muon pt outside of [26,200] GeV. Setting those entries to their initial value.
There are 20017 events with muon pt outside of [26,200] GeV. Setting those entries to their initial value.
There are 19372 events with muon pt outside of [26,200] GeV. Setting those entries to their initial value.
There are 29052 events with muon pt outside of [26,200] GeV. Setting those entries to their initial value.
There are 22191 events with muon pt outside of [26,200] GeV. Setting those entries to their initial value.
There are 23541 events with muon pt outside of [26,200] GeV. Setting those entries to their initial value.
There are 19932 events with muon pt outside of [26,200] GeV. Setting those entries to their initial value.
There are 21805 events with muon pt outside of [26,200] GeV. Setting those entries to their initial value.
There are 18655 events with muon pt outside of [26,200] GeV. Setting those entries to their initial value.
There are 21306 events with muon pt outside of [26,200] GeV. Setting those entries to their initial value.
There are 18557 events with muon pt outside of [26,200] GeV. Setting those entries to their initial value.
There are 28414 events with muon pt outside of [26,200] GeV. Setting those entries to their initial value.
There are 23479 events with muon pt outside of [26,200] GeV. Setting those entries to their initial value.
There are 40676 events with muon pt outside of [26,200] GeV. Setting those entries to their initial value.
There are 20750 events with muon pt outside of [26,200] GeV. Setting those entries to their initial value.
There are 23717 events with muon pt outside of [26,200] GeV. Setting those entries to their initial value.
There are 15875 events with muon pt outside of [26,200] GeV. Setting those entries to their initial value.
There are 22364 events with muon pt outside of [26,200] GeV. Setting those entries to their initial value.
There are 20383 events with muon pt outside of [26,200] GeV. Setting those entries to their initial value.
There are 23259 events with muon pt outside of [26,200] GeV. Setting those entries to their initial value.
There are 22592 events with muon pt outside of [26,200] GeV. Setting those entries to their initial value.
There are 23801 events with muon pt outside of [26,200] GeV. Setting those entries to their initial value.
There are 17812 events with muon pt outside of [26,200] GeV. Setting those entries to their initial value.
There are 26926 events with muon pt outside of [26,200] GeV. Setting those entries to their initial value.
There are 18870 events with muon pt outside of [26,200] GeV. Setting those entries to their initial value.
There are 22543 events with muon pt outside of [26,200] GeV. Setting those entries to their initial value.
There are 16346 events with muon pt outside of [26,200] GeV. Setting those entries to their initial value.
There are 23015 events with muon pt outside of [26,200] GeV. Setting those entries to their initial value.
There are 20132 events with muon pt outside of [26,200] GeV. Setting those entries to their initial value.
There are 31810 events with muon pt outside of [26,200] GeV. Setting those entries to their initial value.
There are 17185 events with muon pt outside of [26,200] GeV. Setting those entries to their initial value.
There are 23019 events with muon pt outside of [26,200] GeV. Setting those entries to their initial value.
There are 16749 events with muon pt outside of [26,200] GeV. Setting those entries to their initial value.
There are 23335 events with muon pt outside of [26,200] GeV. Setting those entries to their initial value.
There are 16284 events with muon pt outside of [26,200] GeV. Setting those entries to their initial value.
There are 29918 events with muon pt outside of [26,200] GeV. Setting those entries to their initial value.
There are 17757 events with muon pt outside of [26,200] GeV. Setting those entries to their initial value.
There are 25163 events with muon pt outside of [26,200] GeV. Setting those entries to their initial value.
There are 20752 events with muon pt outside of [26,200] GeV. Setting those entries to their initial value.
There are 23020 events with muon pt outside of [26,200] GeV. Setting those entries to their initial value.
There are 12374 events with muon pt outside of [26,200] GeV. Setting those entries to their initial value.
There are 17193 events with muon pt outside of [26,200] GeV. Setting those entries to their initial value.
There are 15338 events with muon pt outside of [26,200] GeV. Setting those entries to their initial value.
There are 19626 events with muon pt outside of [26,200] GeV. Setting those entries to their initial value.
There are 16658 events with muon pt outside of [26,200] GeV. Setting those entries to their initial value.
There are 24516 events with muon pt outside of [26,200] GeV. Setting those entries to their initial value.
There are 22655 events with muon pt outside of [26,200] GeV. Setting those entries to their initial value.
There are 23356 events with muon pt outside of [26,200] GeV. Setting those entries to their initial value.
There are 17294 events with muon pt outside of [26,200] GeV. Setting those entries to their initial value.
There are 22254 events with muon pt outside of [26,200] GeV. Setting those entries to their initial value.
There are 16786 events with muon pt outside of [26,200] GeV. Setting those entries to their initial value.
There are 23219 events with muon pt outside of [26,200] GeV. Setting those entries to their initial value.
There are 17847 events with muon pt outside of [26,200] GeV. Setting those entries to their initial value.
There are 21313 events with muon pt outside of [26,200] GeV. Setting those entries to their initial value.
There are 16647 events with muon pt outside of [26,200] GeV. Setting those entries to their initial value.
There are 22347 events with muon pt outside of [26,200] GeV. Setting those entries to their initial value.
There are 19497 events with muon pt outside of [26,200] GeV. Setting those entries to their initial value.
There are 23294 events with muon pt outside of [26,200] GeV. Setting those entries to their initial value.
There are 18436 events with muon pt outside of [26,200] GeV. Setting those entries to their initial value.
There are 27462 events with muon pt outside of [26,200] GeV. Setting those entries to their initial value.
There are 16012 events with muon pt outside of [26,200] GeV. Setting those entries to their initial value.
There are 29157 events with muon pt outside of [26,200] GeV. Setting those entries to their initial value.
There are 13317 events with muon pt outside of [26,200] GeV. Setting those entries to their initial value.
There are 22370 events with muon pt outside of [26,200] GeV. Setting those entries to their initial value.
There are 18452 events with muon pt outside of [26,200] GeV. Setting those entries to their initial value.
There are 24948 events with muon pt outside of [26,200] GeV. Setting those entries to their initial value.
There are 17626 events with muon pt outside of [26,200] GeV. Setting those entries to their initial value.
There are 24563 events with muon pt outside of [26,200] GeV. Setting those entries to their initial value.
There are 14937 events with muon pt outside of [26,200] GeV. Setting those entries to their initial value.
There are 20255 events with muon pt outside of [26,200] GeV. Setting those entries to their initial value.
There are 16826 events with muon pt outside of [26,200] GeV. Setting those entries to their initial value.
There are 23646 events with muon pt outside of [26,200] GeV. Setting those entries to their initial value.
There are 18375 events with muon pt outside of [26,200] GeV. Setting those entries to their initial value.
There are 22853 events with muon pt outside of [26,200] GeV. Setting those entries to their initial value.
There are 25620 events with muon pt outside of [26,200] GeV. Setting those entries to their initial value.
There are 24731 events with muon pt outside of [26,200] GeV. Setting those entries to their initial value.
There are 20849 events with muon pt outside of [26,200] GeV. Setting those entries to their initial value.
There are 23479 events with muon pt outside of [26,200] GeV. Setting those entries to their initial value.
There are 19344 events with muon pt outside of [26,200] GeV. Setting those entries to their initial value.
There are 22893 events with muon pt outside of [26,200] GeV. Setting those entries to their initial value.
There are 20506 events with muon pt outside of [26,200] GeV. Setting those entries to their initial value.
There are 23072 events with muon pt outside of [26,200] GeV. Setting those entries to their initial value.
There are 15811 events with muon pt outside of [26,200] GeV. Setting those entries to their initial value.
There are 20964 events with muon pt outside of [26,200] GeV. Setting those entries to their initial value.
There are 21885 events with muon pt outside of [26,200] GeV. Setting those entries to their initial value.
There are 21405 events with muon pt outside of [26,200] GeV. Setting those entries to their initial value.
There are 17922 events with muon pt outside of [26,200] GeV. Setting those entries to their initial value.
There are 23791 events with muon pt outside of [26,200] GeV. Setting those entries to their initial value.
There are 15829 events with muon pt outside of [26,200] GeV. Setting those entries to their initial value.
There are 23016 events with muon pt outside of [26,200] GeV. Setting those entries to their initial value.
