000 (14737665.014.000) 02/25 20:32:09 Job submitted from host: <188.184.90.62:9618?addrs=188.184.90.62-9618+[2001-1458-201-e4--100-238]-9618&alias=bigbird16.cern.ch&noUDP&sock=schedd_5196_9a2f>
...
040 (14737665.014.000) 02/25 20:35:56 Started transferring input files
	Transferring to host: <188.185.204.136:9618?addrs=188.185.204.136-9618+[2001-1458-303-8--100-7c]-9618&alias=b9p02p3820.cern.ch&noUDP&sock=slot1_22_5241_822e_147043>
...
040 (14737665.014.000) 02/25 20:35:56 Finished transferring input files
...
001 (14737665.014.000) 02/25 20:35:57 Job executing on host: <188.185.204.136:9618?addrs=188.185.204.136-9618+[2001-1458-303-8--100-7c]-9618&alias=b9p02p3820.cern.ch&noUDP&sock=startd_4377_d61f>
	SlotName: slot1_22@b9p02p3820.cern.ch
	CondorScratchDir = "/pool/condor/dir_274063"
	Cpus = 1
	Disk = 3779
	GPUs = 0
	Memory = 3000
...
006 (14737665.014.000) 02/25 20:36:11 Image size of job updated: 85088
	84  -  MemoryUsage of job (MB)
	85088  -  ResidentSetSize of job (KB)
...
006 (14737665.014.000) 02/25 20:41:11 Image size of job updated: 1709440
	1475  -  MemoryUsage of job (MB)
	1509808  -  ResidentSetSize of job (KB)
...
006 (14737665.014.000) 02/25 20:46:12 Image size of job updated: 1709440
	1501  -  MemoryUsage of job (MB)
	1536440  -  ResidentSetSize of job (KB)
...
040 (14737665.014.000) 02/25 20:49:09 Started transferring output files
...
040 (14737665.014.000) 02/25 20:49:09 Finished transferring output files
...
005 (14737665.014.000) 02/25 20:49:09 Job terminated.
	(1) Normal termination (return value 0)
		Usr 0 00:31:55, Sys 0 00:00:43  -  Run Remote Usage
		Usr 0 00:00:00, Sys 0 00:00:00  -  Run Local Usage
		Usr 0 00:31:55, Sys 0 00:00:43  -  Total Remote Usage
		Usr 0 00:00:00, Sys 0 00:00:00  -  Total Local Usage
	28368  -  Run Bytes Sent By Job
	51587  -  Run Bytes Received By Job
	28368  -  Total Bytes Sent By Job
	51587  -  Total Bytes Received By Job
	Partitionable Resources :    Usage  Request Allocated 
	   Cpus                 :     2.19        1         1 
	   Disk (KB)            :   108          75      3779 
	   GPUs                 :                           0 
	   Memory (MB)          :  1501        3000      3000 
	   TimeExecute (s)      :   792                       
	   TimeSlotBusy (s)     :   794                       

	Job terminated of its own accord at 2026-02-25T19:49:09Z with exit-code 0.
...
