000 (14737665.029.000) 02/25 20:32:10 Job submitted from host: <188.184.90.62:9618?addrs=188.184.90.62-9618+[2001-1458-201-e4--100-238]-9618&alias=bigbird16.cern.ch&noUDP&sock=schedd_5196_9a2f>
...
040 (14737665.029.000) 02/25 20:36:01 Started transferring input files
	Transferring to host: <188.185.195.170:9618?addrs=188.185.195.170-9618+[2001-1458-303-22--100-a6]-9618&alias=b9p17p1149.cern.ch&noUDP&sock=slot1_1_6370_fdbc_149494>
...
040 (14737665.029.000) 02/25 20:36:01 Finished transferring input files
...
001 (14737665.029.000) 02/25 20:36:02 Job executing on host: <188.185.195.170:9618?addrs=188.185.195.170-9618+[2001-1458-303-22--100-a6]-9618&alias=b9p17p1149.cern.ch&noUDP&sock=startd_5542_edf4>
	SlotName: slot1_1@b9p17p1149.cern.ch
	CondorScratchDir = "/pool/condor/dir_4058847"
	Cpus = 1
	Disk = 3947
	GPUs = 0
	Memory = 3000
...
006 (14737665.029.000) 02/25 20:36:17 Image size of job updated: 117344
	115  -  MemoryUsage of job (MB)
	117344  -  ResidentSetSize of job (KB)
...
006 (14737665.029.000) 02/25 20:41:17 Image size of job updated: 1568372
	1281  -  MemoryUsage of job (MB)
	1310852  -  ResidentSetSize of job (KB)
...
006 (14737665.029.000) 02/25 20:46:18 Image size of job updated: 1576516
	1412  -  MemoryUsage of job (MB)
	1445652  -  ResidentSetSize of job (KB)
...
006 (14737665.029.000) 02/25 20:51:18 Image size of job updated: 1661524
	1544  -  MemoryUsage of job (MB)
	1580252  -  ResidentSetSize of job (KB)
...
006 (14737665.029.000) 02/25 20:51:58 Image size of job updated: 1670428
	1544  -  MemoryUsage of job (MB)
	1580252  -  ResidentSetSize of job (KB)
...
040 (14737665.029.000) 02/25 20:51:58 Started transferring output files
...
040 (14737665.029.000) 02/25 20:51:58 Finished transferring output files
...
005 (14737665.029.000) 02/25 20:51:58 Job terminated.
	(1) Normal termination (return value 0)
		Usr 0 00:30:56, Sys 0 00:00:24  -  Run Remote Usage
		Usr 0 00:00:00, Sys 0 00:00:00  -  Run Local Usage
		Usr 0 00:30:56, Sys 0 00:00:24  -  Total Remote Usage
		Usr 0 00:00:00, Sys 0 00:00:00  -  Total Local Usage
	18368  -  Run Bytes Sent By Job
	51587  -  Run Bytes Received By Job
	18368  -  Total Bytes Sent By Job
	51587  -  Total Bytes Received By Job
	Partitionable Resources :    Usage  Request Allocated 
	   Cpus                 :     2.61        1         1 
	   Disk (KB)            :    94          75      3947 
	   GPUs                 :                           0 
	   Memory (MB)          :  1544        3000      3000 
	   TimeExecute (s)      :   956                       
	   TimeSlotBusy (s)     :   958                       

	Job terminated of its own accord at 2026-02-25T19:51:58Z with exit-code 0.
...
