000 (14752953.000.000) 02/26 16:23:20 Job submitted from host: <188.184.90.62:9618?addrs=188.184.90.62-9618+[2001-1458-201-e4--100-238]-9618&alias=bigbird16.cern.ch&noUDP&sock=schedd_5196_9a2f>
...
040 (14752953.000.000) 02/26 16:27:15 Started transferring input files
	Transferring to host: <188.185.210.176:9618?addrs=188.185.210.176-9618+[2001-1458-303-15--100-2c]-9618&alias=b9p22p1329.cern.ch&noUDP&sock=slot1_7_3591_ef2b_205384>
...
040 (14752953.000.000) 02/26 16:27:15 Finished transferring input files
...
001 (14752953.000.000) 02/26 16:27:16 Job executing on host: <188.185.210.176:9618?addrs=188.185.210.176-9618+[2001-1458-303-15--100-2c]-9618&alias=b9p22p1329.cern.ch&noUDP&sock=startd_3014_ee89>
	SlotName: slot1_7@b9p22p1329.cern.ch
	CondorScratchDir = "/pool/condor/dir_922843"
	Cpus = 1
	Disk = 3781
	GPUs = 0
	Memory = 3000
...
006 (14752953.000.000) 02/26 16:27:29 Image size of job updated: 464824
	0  -  MemoryUsage of job (MB)
	0  -  ResidentSetSize of job (KB)
...
040 (14752953.000.000) 02/26 16:27:29 Started transferring output files
...
040 (14752953.000.000) 02/26 16:27:29 Finished transferring output files
...
005 (14752953.000.000) 02/26 16:27:29 Job terminated.
	(1) Normal termination (return value 1)
		Usr 0 00:00:03, Sys 0 00:00:02  -  Run Remote Usage
		Usr 0 00:00:00, Sys 0 00:00:00  -  Run Local Usage
		Usr 0 00:00:03, Sys 0 00:00:02  -  Total Remote Usage
		Usr 0 00:00:00, Sys 0 00:00:00  -  Total Local Usage
	9511  -  Run Bytes Sent By Job
	51503  -  Run Bytes Received By Job
	9511  -  Total Bytes Sent By Job
	51503  -  Total Bytes Received By Job
	Partitionable Resources :    Usage  Request Allocated 
	   Cpus                 :        0        1         1 
	   Disk (KB)            :       85       75      3781 
	   GPUs                 :                           0 
	   Memory (MB)          :        0     3000      3000 
	   TimeExecute (s)      :       13                    
	   TimeSlotBusy (s)     :       15                    

	Job terminated of its own accord at 2026-02-26T15:27:29Z with exit-code 1.
...
