subject   : /DC=ch/DC=cern/OU=Organic Units/OU=Users/CN=driosper/CN=886669/CN=Diego Alejandro Rios Perez/CN=1573519443
issuer    : /DC=ch/DC=cern/OU=Organic Units/OU=Users/CN=driosper/CN=886669/CN=Diego Alejandro Rios Perez
identity  : /DC=ch/DC=cern/OU=Organic Units/OU=Users/CN=driosper/CN=886669/CN=Diego Alejandro Rios Perez
type      : RFC compliant proxy
strength  : 2048 bits
path      : /afs/cern.ch/user/d/driosper/private/x509up_u182284
timeleft  : 11:50:13
key usage : Digital Signature, Key Encipherment
=== VO cms extension information ===
VO        : cms
subject   : /DC=ch/DC=cern/OU=Organic Units/OU=Users/CN=driosper/CN=886669/CN=Diego Alejandro Rios Perez
issuer    : /DC=ch/DC=cern/OU=computers/CN=cms-auth.cern.ch
attribute : /cms/Role=NULL/Capability=NULL
timeleft  : 11:50:13
uri       : voms-cms-auth.cern.ch:15000
--workflow ztoee --year 2022preEE --output_path /eos/user/d/driosper/bsm3g_coffea/outputs/ztoee/2022preEE/EGammaC --output_format coffea --dataset EGammaC_13 --partition_json /srv/partition_fileset.json
  Preprocessing 100% ━━━━━━━━━━━━━━━━ 10/10 [ 0:00:17 < 0:00:00 | 0.6   file/s ]
Merging (local) 100% ━━━━━━━━━━━━━━━━ 10/10 [ 0:00:17 < 0:00:00 | ?   merges/s ]
     Processing 100% ━━━━━━━━━━━━━━━━ 96/96 [ 0:24:02 < 0:00:00 | 0.2  chunk/s ]
Merging (local) 100% ━━━━━━━━━━━━━━━━ 96/96 [ 0:24:02 < 0:00:00 | ?   merges/s ]
There are 19824 events with muon pt outside of [26,200] GeV. Setting those entries to their initial value.
There are 23922 events with muon pt outside of [26,200] GeV. Setting those entries to their initial value.
There are 17885 events with muon pt outside of [26,200] GeV. Setting those entries to their initial value.
There are 26974 events with muon pt outside of [26,200] GeV. Setting those entries to their initial value.
There are 16670 events with muon pt outside of [26,200] GeV. Setting those entries to their initial value.
There are 22108 events with muon pt outside of [26,200] GeV. Setting those entries to their initial value.
There are 18029 events with muon pt outside of [26,200] GeV. Setting those entries to their initial value.
There are 25411 events with muon pt outside of [26,200] GeV. Setting those entries to their initial value.
There are 19790 events with muon pt outside of [26,200] GeV. Setting those entries to their initial value.
There are 22361 events with muon pt outside of [26,200] GeV. Setting those entries to their initial value.
There are 17400 events with muon pt outside of [26,200] GeV. Setting those entries to their initial value.
There are 23289 events with muon pt outside of [26,200] GeV. Setting those entries to their initial value.
There are 18908 events with muon pt outside of [26,200] GeV. Setting those entries to their initial value.
There are 27275 events with muon pt outside of [26,200] GeV. Setting those entries to their initial value.
There are 19002 events with muon pt outside of [26,200] GeV. Setting those entries to their initial value.
There are 25540 events with muon pt outside of [26,200] GeV. Setting those entries to their initial value.
There are 17469 events with muon pt outside of [26,200] GeV. Setting those entries to their initial value.
There are 22547 events with muon pt outside of [26,200] GeV. Setting those entries to their initial value.
There are 19242 events with muon pt outside of [26,200] GeV. Setting those entries to their initial value.
There are 21775 events with muon pt outside of [26,200] GeV. Setting those entries to their initial value.
There are 18234 events with muon pt outside of [26,200] GeV. Setting those entries to their initial value.
There are 22633 events with muon pt outside of [26,200] GeV. Setting those entries to their initial value.
There are 16462 events with muon pt outside of [26,200] GeV. Setting those entries to their initial value.
There are 22526 events with muon pt outside of [26,200] GeV. Setting those entries to their initial value.
There are 17913 events with muon pt outside of [26,200] GeV. Setting those entries to their initial value.
There are 21065 events with muon pt outside of [26,200] GeV. Setting those entries to their initial value.
There are 19475 events with muon pt outside of [26,200] GeV. Setting those entries to their initial value.
There are 29757 events with muon pt outside of [26,200] GeV. Setting those entries to their initial value.
There are 17072 events with muon pt outside of [26,200] GeV. Setting those entries to their initial value.
There are 23650 events with muon pt outside of [26,200] GeV. Setting those entries to their initial value.
There are 15353 events with muon pt outside of [26,200] GeV. Setting those entries to their initial value.
There are 23809 events with muon pt outside of [26,200] GeV. Setting those entries to their initial value.
There are 20966 events with muon pt outside of [26,200] GeV. Setting those entries to their initial value.
There are 31025 events with muon pt outside of [26,200] GeV. Setting those entries to their initial value.
There are 18000 events with muon pt outside of [26,200] GeV. Setting those entries to their initial value.
There are 25332 events with muon pt outside of [26,200] GeV. Setting those entries to their initial value.
There are 21731 events with muon pt outside of [26,200] GeV. Setting those entries to their initial value.
There are 23075 events with muon pt outside of [26,200] GeV. Setting those entries to their initial value.
There are 16840 events with muon pt outside of [26,200] GeV. Setting those entries to their initial value.
There are 24716 events with muon pt outside of [26,200] GeV. Setting those entries to their initial value.
There are 17967 events with muon pt outside of [26,200] GeV. Setting those entries to their initial value.
There are 21543 events with muon pt outside of [26,200] GeV. Setting those entries to their initial value.
There are 18075 events with muon pt outside of [26,200] GeV. Setting those entries to their initial value.
There are 26159 events with muon pt outside of [26,200] GeV. Setting those entries to their initial value.
There are 20772 events with muon pt outside of [26,200] GeV. Setting those entries to their initial value.
There are 22317 events with muon pt outside of [26,200] GeV. Setting those entries to their initial value.
There are 15473 events with muon pt outside of [26,200] GeV. Setting those entries to their initial value.
There are 23192 events with muon pt outside of [26,200] GeV. Setting those entries to their initial value.
There are 20588 events with muon pt outside of [26,200] GeV. Setting those entries to their initial value.
There are 23118 events with muon pt outside of [26,200] GeV. Setting those entries to their initial value.
There are 15667 events with muon pt outside of [26,200] GeV. Setting those entries to their initial value.
There are 22006 events with muon pt outside of [26,200] GeV. Setting those entries to their initial value.
There are 18284 events with muon pt outside of [26,200] GeV. Setting those entries to their initial value.
There are 22812 events with muon pt outside of [26,200] GeV. Setting those entries to their initial value.
There are 23173 events with muon pt outside of [26,200] GeV. Setting those entries to their initial value.
There are 23667 events with muon pt outside of [26,200] GeV. Setting those entries to their initial value.
There are 15262 events with muon pt outside of [26,200] GeV. Setting those entries to their initial value.
There are 23813 events with muon pt outside of [26,200] GeV. Setting those entries to their initial value.
There are 17547 events with muon pt outside of [26,200] GeV. Setting those entries to their initial value.
There are 29988 events with muon pt outside of [26,200] GeV. Setting those entries to their initial value.
There are 19297 events with muon pt outside of [26,200] GeV. Setting those entries to their initial value.
There are 29753 events with muon pt outside of [26,200] GeV. Setting those entries to their initial value.
There are 18202 events with muon pt outside of [26,200] GeV. Setting those entries to their initial value.
There are 24955 events with muon pt outside of [26,200] GeV. Setting those entries to their initial value.
There are 18091 events with muon pt outside of [26,200] GeV. Setting those entries to their initial value.
There are 25268 events with muon pt outside of [26,200] GeV. Setting those entries to their initial value.
There are 20703 events with muon pt outside of [26,200] GeV. Setting those entries to their initial value.
There are 22957 events with muon pt outside of [26,200] GeV. Setting those entries to their initial value.
There are 18287 events with muon pt outside of [26,200] GeV. Setting those entries to their initial value.
There are 29380 events with muon pt outside of [26,200] GeV. Setting those entries to their initial value.
There are 17737 events with muon pt outside of [26,200] GeV. Setting those entries to their initial value.
There are 21255 events with muon pt outside of [26,200] GeV. Setting those entries to their initial value.
There are 16383 events with muon pt outside of [26,200] GeV. Setting those entries to their initial value.
There are 21019 events with muon pt outside of [26,200] GeV. Setting those entries to their initial value.
There are 19393 events with muon pt outside of [26,200] GeV. Setting those entries to their initial value.
There are 23444 events with muon pt outside of [26,200] GeV. Setting those entries to their initial value.
There are 17429 events with muon pt outside of [26,200] GeV. Setting those entries to their initial value.
There are 29590 events with muon pt outside of [26,200] GeV. Setting those entries to their initial value.
There are 17055 events with muon pt outside of [26,200] GeV. Setting those entries to their initial value.
There are 21303 events with muon pt outside of [26,200] GeV. Setting those entries to their initial value.
There are 17441 events with muon pt outside of [26,200] GeV. Setting those entries to their initial value.
There are 21989 events with muon pt outside of [26,200] GeV. Setting those entries to their initial value.
There are 17546 events with muon pt outside of [26,200] GeV. Setting those entries to their initial value.
There are 22066 events with muon pt outside of [26,200] GeV. Setting those entries to their initial value.
There are 22703 events with muon pt outside of [26,200] GeV. Setting those entries to their initial value.
There are 31139 events with muon pt outside of [26,200] GeV. Setting those entries to their initial value.
There are 15732 events with muon pt outside of [26,200] GeV. Setting those entries to their initial value.
There are 20920 events with muon pt outside of [26,200] GeV. Setting those entries to their initial value.
There are 16397 events with muon pt outside of [26,200] GeV. Setting those entries to their initial value.
There are 20376 events with muon pt outside of [26,200] GeV. Setting those entries to their initial value.
There are 16351 events with muon pt outside of [26,200] GeV. Setting those entries to their initial value.
There are 22434 events with muon pt outside of [26,200] GeV. Setting those entries to their initial value.
There are 16846 events with muon pt outside of [26,200] GeV. Setting those entries to their initial value.
There are 23921 events with muon pt outside of [26,200] GeV. Setting those entries to their initial value.
There are 19344 events with muon pt outside of [26,200] GeV. Setting those entries to their initial value.
There are 21959 events with muon pt outside of [26,200] GeV. Setting those entries to their initial value.
There are 19263 events with muon pt outside of [26,200] GeV. Setting those entries to their initial value.
There are 27200 events with muon pt outside of [26,200] GeV. Setting those entries to their initial value.
There are 17640 events with muon pt outside of [26,200] GeV. Setting those entries to their initial value.
There are 22991 events with muon pt outside of [26,200] GeV. Setting those entries to their initial value.
There are 22625 events with muon pt outside of [26,200] GeV. Setting those entries to their initial value.
There are 23421 events with muon pt outside of [26,200] GeV. Setting those entries to their initial value.
There are 16640 events with muon pt outside of [26,200] GeV. Setting those entries to their initial value.
There are 22314 events with muon pt outside of [26,200] GeV. Setting those entries to their initial value.
There are 11249 events with muon pt outside of [26,200] GeV. Setting those entries to their initial value.
There are 14838 events with muon pt outside of [26,200] GeV. Setting those entries to their initial value.
There are 17144 events with muon pt outside of [26,200] GeV. Setting those entries to their initial value.
There are 23053 events with muon pt outside of [26,200] GeV. Setting those entries to their initial value.
There are 15547 events with muon pt outside of [26,200] GeV. Setting those entries to their initial value.
There are 29198 events with muon pt outside of [26,200] GeV. Setting those entries to their initial value.
There are 17444 events with muon pt outside of [26,200] GeV. Setting those entries to their initial value.
There are 24922 events with muon pt outside of [26,200] GeV. Setting those entries to their initial value.
There are 15870 events with muon pt outside of [26,200] GeV. Setting those entries to their initial value.
There are 23409 events with muon pt outside of [26,200] GeV. Setting those entries to their initial value.
There are 18118 events with muon pt outside of [26,200] GeV. Setting those entries to their initial value.
There are 21115 events with muon pt outside of [26,200] GeV. Setting those entries to their initial value.
There are 14076 events with muon pt outside of [26,200] GeV. Setting those entries to their initial value.
There are 20630 events with muon pt outside of [26,200] GeV. Setting those entries to their initial value.
There are 16336 events with muon pt outside of [26,200] GeV. Setting those entries to their initial value.
There are 25000 events with muon pt outside of [26,200] GeV. Setting those entries to their initial value.
There are 18599 events with muon pt outside of [26,200] GeV. Setting those entries to their initial value.
There are 21429 events with muon pt outside of [26,200] GeV. Setting those entries to their initial value.
There are 18238 events with muon pt outside of [26,200] GeV. Setting those entries to their initial value.
There are 23809 events with muon pt outside of [26,200] GeV. Setting those entries to their initial value.
There are 17407 events with muon pt outside of [26,200] GeV. Setting those entries to their initial value.
There are 22620 events with muon pt outside of [26,200] GeV. Setting those entries to their initial value.
There are 16815 events with muon pt outside of [26,200] GeV. Setting those entries to their initial value.
There are 24453 events with muon pt outside of [26,200] GeV. Setting those entries to their initial value.
There are 18022 events with muon pt outside of [26,200] GeV. Setting those entries to their initial value.
There are 21989 events with muon pt outside of [26,200] GeV. Setting those entries to their initial value.
There are 19193 events with muon pt outside of [26,200] GeV. Setting those entries to their initial value.
There are 30029 events with muon pt outside of [26,200] GeV. Setting those entries to their initial value.
There are 21856 events with muon pt outside of [26,200] GeV. Setting those entries to their initial value.
There are 23429 events with muon pt outside of [26,200] GeV. Setting those entries to their initial value.
There are 16032 events with muon pt outside of [26,200] GeV. Setting those entries to their initial value.
There are 22284 events with muon pt outside of [26,200] GeV. Setting those entries to their initial value.
There are 16148 events with muon pt outside of [26,200] GeV. Setting those entries to their initial value.
There are 21039 events with muon pt outside of [26,200] GeV. Setting those entries to their initial value.
There are 17757 events with muon pt outside of [26,200] GeV. Setting those entries to their initial value.
There are 21180 events with muon pt outside of [26,200] GeV. Setting those entries to their initial value.
There are 17763 events with muon pt outside of [26,200] GeV. Setting those entries to their initial value.
There are 29114 events with muon pt outside of [26,200] GeV. Setting those entries to their initial value.
There are 19056 events with muon pt outside of [26,200] GeV. Setting those entries to their initial value.
There are 21559 events with muon pt outside of [26,200] GeV. Setting those entries to their initial value.
There are 18262 events with muon pt outside of [26,200] GeV. Setting those entries to their initial value.
There are 23746 events with muon pt outside of [26,200] GeV. Setting those entries to their initial value.
There are 15175 events with muon pt outside of [26,200] GeV. Setting those entries to their initial value.
There are 19089 events with muon pt outside of [26,200] GeV. Setting those entries to their initial value.
There are 16616 events with muon pt outside of [26,200] GeV. Setting those entries to their initial value.
There are 23996 events with muon pt outside of [26,200] GeV. Setting those entries to their initial value.
There are 20128 events with muon pt outside of [26,200] GeV. Setting those entries to their initial value.
There are 23203 events with muon pt outside of [26,200] GeV. Setting those entries to their initial value.
There are 15382 events with muon pt outside of [26,200] GeV. Setting those entries to their initial value.
There are 22634 events with muon pt outside of [26,200] GeV. Setting those entries to their initial value.
There are 17675 events with muon pt outside of [26,200] GeV. Setting those entries to their initial value.
There are 23268 events with muon pt outside of [26,200] GeV. Setting those entries to their initial value.
There are 15033 events with muon pt outside of [26,200] GeV. Setting those entries to their initial value.
There are 28866 events with muon pt outside of [26,200] GeV. Setting those entries to their initial value.
There are 17031 events with muon pt outside of [26,200] GeV. Setting those entries to their initial value.
There are 24712 events with muon pt outside of [26,200] GeV. Setting those entries to their initial value.
There are 17678 events with muon pt outside of [26,200] GeV. Setting those entries to their initial value.
There are 26925 events with muon pt outside of [26,200] GeV. Setting those entries to their initial value.
There are 18138 events with muon pt outside of [26,200] GeV. Setting those entries to their initial value.
There are 22615 events with muon pt outside of [26,200] GeV. Setting those entries to their initial value.
There are 17708 events with muon pt outside of [26,200] GeV. Setting those entries to their initial value.
There are 23775 events with muon pt outside of [26,200] GeV. Setting those entries to their initial value.
There are 20641 events with muon pt outside of [26,200] GeV. Setting those entries to their initial value.
There are 30537 events with muon pt outside of [26,200] GeV. Setting those entries to their initial value.
There are 16512 events with muon pt outside of [26,200] GeV. Setting those entries to their initial value.
There are 23863 events with muon pt outside of [26,200] GeV. Setting those entries to their initial value.
There are 17446 events with muon pt outside of [26,200] GeV. Setting those entries to their initial value.
There are 22205 events with muon pt outside of [26,200] GeV. Setting those entries to their initial value.
There are 17610 events with muon pt outside of [26,200] GeV. Setting those entries to their initial value.
There are 24783 events with muon pt outside of [26,200] GeV. Setting those entries to their initial value.
There are 18390 events with muon pt outside of [26,200] GeV. Setting those entries to their initial value.
There are 21493 events with muon pt outside of [26,200] GeV. Setting those entries to their initial value.
There are 17894 events with muon pt outside of [26,200] GeV. Setting those entries to their initial value.
There are 26995 events with muon pt outside of [26,200] GeV. Setting those entries to their initial value.
There are 22124 events with muon pt outside of [26,200] GeV. Setting those entries to their initial value.
There are 23180 events with muon pt outside of [26,200] GeV. Setting those entries to their initial value.
There are 18945 events with muon pt outside of [26,200] GeV. Setting those entries to their initial value.
There are 22473 events with muon pt outside of [26,200] GeV. Setting those entries to their initial value.
There are 16920 events with muon pt outside of [26,200] GeV. Setting those entries to their initial value.
There are 26994 events with muon pt outside of [26,200] GeV. Setting those entries to their initial value.
There are 17265 events with muon pt outside of [26,200] GeV. Setting those entries to their initial value.
There are 20314 events with muon pt outside of [26,200] GeV. Setting those entries to their initial value.
There are 17957 events with muon pt outside of [26,200] GeV. Setting those entries to their initial value.
There are 22997 events with muon pt outside of [26,200] GeV. Setting those entries to their initial value.
There are 17467 events with muon pt outside of [26,200] GeV. Setting those entries to their initial value.
There are 21779 events with muon pt outside of [26,200] GeV. Setting those entries to their initial value.
There are 19866 events with muon pt outside of [26,200] GeV. Setting those entries to their initial value.
There are 22133 events with muon pt outside of [26,200] GeV. Setting those entries to their initial value.
