subject   : /DC=ch/DC=cern/OU=Organic Units/OU=Users/CN=driosper/CN=886669/CN=Diego Alejandro Rios Perez/CN=1573519443
issuer    : /DC=ch/DC=cern/OU=Organic Units/OU=Users/CN=driosper/CN=886669/CN=Diego Alejandro Rios Perez
identity  : /DC=ch/DC=cern/OU=Organic Units/OU=Users/CN=driosper/CN=886669/CN=Diego Alejandro Rios Perez
type      : RFC compliant proxy
strength  : 2048 bits
path      : /afs/cern.ch/user/d/driosper/private/x509up_u182284
timeleft  : 11:50:17
key usage : Digital Signature, Key Encipherment
=== VO cms extension information ===
VO        : cms
subject   : /DC=ch/DC=cern/OU=Organic Units/OU=Users/CN=driosper/CN=886669/CN=Diego Alejandro Rios Perez
issuer    : /DC=ch/DC=cern/OU=computers/CN=cms-auth.cern.ch
attribute : /cms/Role=NULL/Capability=NULL
timeleft  : 11:50:17
uri       : voms-cms-auth.cern.ch:15000
--workflow ztoee --year 2022preEE --output_path /eos/user/d/driosper/bsm3g_coffea/outputs/ztoee/2022preEE/EGammaC --output_format coffea --dataset EGammaC_1 --partition_json /srv/partition_fileset.json
  Preprocessing 100% ━━━━━━━━━━━━━━━━ 10/10 [ 0:00:15 < 0:00:00 | 0.7   file/s ]
Merging (local) 100% ━━━━━━━━━━━━━━━━ 10/10 [ 0:00:15 < 0:00:00 | ?   merges/s ]
     Processing 100% ━━━━━━━━━━━━━━━━ 74/74 [ 0:12:55 < 0:00:00 | 0.1  chunk/s ]
Merging (local) 100% ━━━━━━━━━━━━━━━━ 74/74 [ 0:12:55 < 0:00:00 | ?   merges/s ]
There are 18748 events with muon pt outside of [26,200] GeV. Setting those entries to their initial value.
There are 23741 events with muon pt outside of [26,200] GeV. Setting those entries to their initial value.
There are 18842 events with muon pt outside of [26,200] GeV. Setting those entries to their initial value.
There are 22381 events with muon pt outside of [26,200] GeV. Setting those entries to their initial value.
There are 18696 events with muon pt outside of [26,200] GeV. Setting those entries to their initial value.
There are 22383 events with muon pt outside of [26,200] GeV. Setting those entries to their initial value.
There are 17209 events with muon pt outside of [26,200] GeV. Setting those entries to their initial value.
There are 22141 events with muon pt outside of [26,200] GeV. Setting those entries to their initial value.
There are 17684 events with muon pt outside of [26,200] GeV. Setting those entries to their initial value.
There are 29424 events with muon pt outside of [26,200] GeV. Setting those entries to their initial value.
There are 14884 events with muon pt outside of [26,200] GeV. Setting those entries to their initial value.
There are 20982 events with muon pt outside of [26,200] GeV. Setting those entries to their initial value.
There are 18630 events with muon pt outside of [26,200] GeV. Setting those entries to their initial value.
There are 25315 events with muon pt outside of [26,200] GeV. Setting those entries to their initial value.
There are 17715 events with muon pt outside of [26,200] GeV. Setting those entries to their initial value.
There are 23613 events with muon pt outside of [26,200] GeV. Setting those entries to their initial value.
There are 15367 events with muon pt outside of [26,200] GeV. Setting those entries to their initial value.
There are 21663 events with muon pt outside of [26,200] GeV. Setting those entries to their initial value.
There are 11916 events with muon pt outside of [26,200] GeV. Setting those entries to their initial value.
There are 22149 events with muon pt outside of [26,200] GeV. Setting those entries to their initial value.
There are 16827 events with muon pt outside of [26,200] GeV. Setting those entries to their initial value.
There are 22492 events with muon pt outside of [26,200] GeV. Setting those entries to their initial value.
There are 16534 events with muon pt outside of [26,200] GeV. Setting those entries to their initial value.
There are 22407 events with muon pt outside of [26,200] GeV. Setting those entries to their initial value.
There are 19118 events with muon pt outside of [26,200] GeV. Setting those entries to their initial value.
There are 22018 events with muon pt outside of [26,200] GeV. Setting those entries to their initial value.
There are 16290 events with muon pt outside of [26,200] GeV. Setting those entries to their initial value.
There are 23326 events with muon pt outside of [26,200] GeV. Setting those entries to their initial value.
There are 17249 events with muon pt outside of [26,200] GeV. Setting those entries to their initial value.
There are 24117 events with muon pt outside of [26,200] GeV. Setting those entries to their initial value.
There are 20814 events with muon pt outside of [26,200] GeV. Setting those entries to their initial value.
There are 22403 events with muon pt outside of [26,200] GeV. Setting those entries to their initial value.
There are 19078 events with muon pt outside of [26,200] GeV. Setting those entries to their initial value.
There are 29623 events with muon pt outside of [26,200] GeV. Setting those entries to their initial value.
There are 20853 events with muon pt outside of [26,200] GeV. Setting those entries to their initial value.
There are 22573 events with muon pt outside of [26,200] GeV. Setting those entries to their initial value.
There are 19245 events with muon pt outside of [26,200] GeV. Setting those entries to their initial value.
There are 27555 events with muon pt outside of [26,200] GeV. Setting those entries to their initial value.
There are 16721 events with muon pt outside of [26,200] GeV. Setting those entries to their initial value.
There are 21919 events with muon pt outside of [26,200] GeV. Setting those entries to their initial value.
There are 16641 events with muon pt outside of [26,200] GeV. Setting those entries to their initial value.
There are 25006 events with muon pt outside of [26,200] GeV. Setting those entries to their initial value.
There are 18112 events with muon pt outside of [26,200] GeV. Setting those entries to their initial value.
There are 22437 events with muon pt outside of [26,200] GeV. Setting those entries to their initial value.
There are 18569 events with muon pt outside of [26,200] GeV. Setting those entries to their initial value.
There are 27722 events with muon pt outside of [26,200] GeV. Setting those entries to their initial value.
There are 20940 events with muon pt outside of [26,200] GeV. Setting those entries to their initial value.
There are 21982 events with muon pt outside of [26,200] GeV. Setting those entries to their initial value.
There are 17494 events with muon pt outside of [26,200] GeV. Setting those entries to their initial value.
There are 27801 events with muon pt outside of [26,200] GeV. Setting those entries to their initial value.
There are 19056 events with muon pt outside of [26,200] GeV. Setting those entries to their initial value.
There are 22549 events with muon pt outside of [26,200] GeV. Setting those entries to their initial value.
There are 18996 events with muon pt outside of [26,200] GeV. Setting those entries to their initial value.
There are 25309 events with muon pt outside of [26,200] GeV. Setting those entries to their initial value.
There are 20570 events with muon pt outside of [26,200] GeV. Setting those entries to their initial value.
There are 22794 events with muon pt outside of [26,200] GeV. Setting those entries to their initial value.
There are 14758 events with muon pt outside of [26,200] GeV. Setting those entries to their initial value.
There are 21982 events with muon pt outside of [26,200] GeV. Setting those entries to their initial value.
There are 17644 events with muon pt outside of [26,200] GeV. Setting those entries to their initial value.
There are 22775 events with muon pt outside of [26,200] GeV. Setting those entries to their initial value.
There are 21056 events with muon pt outside of [26,200] GeV. Setting those entries to their initial value.
There are 21144 events with muon pt outside of [26,200] GeV. Setting those entries to their initial value.
There are 13768 events with muon pt outside of [26,200] GeV. Setting those entries to their initial value.
There are 20867 events with muon pt outside of [26,200] GeV. Setting those entries to their initial value.
There are 18457 events with muon pt outside of [26,200] GeV. Setting those entries to their initial value.
There are 22522 events with muon pt outside of [26,200] GeV. Setting those entries to their initial value.
There are 16697 events with muon pt outside of [26,200] GeV. Setting those entries to their initial value.
There are 20995 events with muon pt outside of [26,200] GeV. Setting those entries to their initial value.
There are 18793 events with muon pt outside of [26,200] GeV. Setting those entries to their initial value.
There are 30214 events with muon pt outside of [26,200] GeV. Setting those entries to their initial value.
There are 19977 events with muon pt outside of [26,200] GeV. Setting those entries to their initial value.
There are 22247 events with muon pt outside of [26,200] GeV. Setting those entries to their initial value.
There are 17830 events with muon pt outside of [26,200] GeV. Setting those entries to their initial value.
There are 23531 events with muon pt outside of [26,200] GeV. Setting those entries to their initial value.
There are 16807 events with muon pt outside of [26,200] GeV. Setting those entries to their initial value.
There are 22161 events with muon pt outside of [26,200] GeV. Setting those entries to their initial value.
There are 16824 events with muon pt outside of [26,200] GeV. Setting those entries to their initial value.
There are 25008 events with muon pt outside of [26,200] GeV. Setting those entries to their initial value.
There are 17444 events with muon pt outside of [26,200] GeV. Setting those entries to their initial value.
There are 23518 events with muon pt outside of [26,200] GeV. Setting those entries to their initial value.
There are 17412 events with muon pt outside of [26,200] GeV. Setting those entries to their initial value.
There are 23230 events with muon pt outside of [26,200] GeV. Setting those entries to their initial value.
There are 17111 events with muon pt outside of [26,200] GeV. Setting those entries to their initial value.
There are 20875 events with muon pt outside of [26,200] GeV. Setting those entries to their initial value.
There are 18422 events with muon pt outside of [26,200] GeV. Setting those entries to their initial value.
There are 23443 events with muon pt outside of [26,200] GeV. Setting those entries to their initial value.
There are 19145 events with muon pt outside of [26,200] GeV. Setting those entries to their initial value.
There are 22377 events with muon pt outside of [26,200] GeV. Setting those entries to their initial value.
There are 18741 events with muon pt outside of [26,200] GeV. Setting those entries to their initial value.
There are 23285 events with muon pt outside of [26,200] GeV. Setting those entries to their initial value.
There are 23182 events with muon pt outside of [26,200] GeV. Setting those entries to their initial value.
There are 23204 events with muon pt outside of [26,200] GeV. Setting those entries to their initial value.
There are 18096 events with muon pt outside of [26,200] GeV. Setting those entries to their initial value.
There are 21740 events with muon pt outside of [26,200] GeV. Setting those entries to their initial value.
There are 19174 events with muon pt outside of [26,200] GeV. Setting those entries to their initial value.
There are 30278 events with muon pt outside of [26,200] GeV. Setting those entries to their initial value.
There are 19104 events with muon pt outside of [26,200] GeV. Setting those entries to their initial value.
There are 20426 events with muon pt outside of [26,200] GeV. Setting those entries to their initial value.
There are 15627 events with muon pt outside of [26,200] GeV. Setting those entries to their initial value.
There are 22296 events with muon pt outside of [26,200] GeV. Setting those entries to their initial value.
There are 19919 events with muon pt outside of [26,200] GeV. Setting those entries to their initial value.
There are 22169 events with muon pt outside of [26,200] GeV. Setting those entries to their initial value.
There are 19508 events with muon pt outside of [26,200] GeV. Setting those entries to their initial value.
There are 21659 events with muon pt outside of [26,200] GeV. Setting those entries to their initial value.
There are 18496 events with muon pt outside of [26,200] GeV. Setting those entries to their initial value.
There are 28448 events with muon pt outside of [26,200] GeV. Setting those entries to their initial value.
There are 21269 events with muon pt outside of [26,200] GeV. Setting those entries to their initial value.
There are 22664 events with muon pt outside of [26,200] GeV. Setting those entries to their initial value.
There are 16217 events with muon pt outside of [26,200] GeV. Setting those entries to their initial value.
There are 23084 events with muon pt outside of [26,200] GeV. Setting those entries to their initial value.
There are 18561 events with muon pt outside of [26,200] GeV. Setting those entries to their initial value.
There are 27061 events with muon pt outside of [26,200] GeV. Setting those entries to their initial value.
There are 18170 events with muon pt outside of [26,200] GeV. Setting those entries to their initial value.
There are 22215 events with muon pt outside of [26,200] GeV. Setting those entries to their initial value.
There are 16723 events with muon pt outside of [26,200] GeV. Setting those entries to their initial value.
There are 23424 events with muon pt outside of [26,200] GeV. Setting those entries to their initial value.
There are 18589 events with muon pt outside of [26,200] GeV. Setting those entries to their initial value.
There are 27304 events with muon pt outside of [26,200] GeV. Setting those entries to their initial value.
There are 19411 events with muon pt outside of [26,200] GeV. Setting those entries to their initial value.
There are 30213 events with muon pt outside of [26,200] GeV. Setting those entries to their initial value.
There are 17971 events with muon pt outside of [26,200] GeV. Setting those entries to their initial value.
There are 23285 events with muon pt outside of [26,200] GeV. Setting those entries to their initial value.
There are 18989 events with muon pt outside of [26,200] GeV. Setting those entries to their initial value.
There are 23666 events with muon pt outside of [26,200] GeV. Setting those entries to their initial value.
There are 21458 events with muon pt outside of [26,200] GeV. Setting those entries to their initial value.
There are 23557 events with muon pt outside of [26,200] GeV. Setting those entries to their initial value.
There are 19334 events with muon pt outside of [26,200] GeV. Setting those entries to their initial value.
There are 26173 events with muon pt outside of [26,200] GeV. Setting those entries to their initial value.
There are 24621 events with muon pt outside of [26,200] GeV. Setting those entries to their initial value.
There are 23836 events with muon pt outside of [26,200] GeV. Setting those entries to their initial value.
There are 15202 events with muon pt outside of [26,200] GeV. Setting those entries to their initial value.
There are 20929 events with muon pt outside of [26,200] GeV. Setting those entries to their initial value.
There are 13821 events with muon pt outside of [26,200] GeV. Setting those entries to their initial value.
There are 18245 events with muon pt outside of [26,200] GeV. Setting those entries to their initial value.
There are 17081 events with muon pt outside of [26,200] GeV. Setting those entries to their initial value.
There are 23345 events with muon pt outside of [26,200] GeV. Setting those entries to their initial value.
There are 19645 events with muon pt outside of [26,200] GeV. Setting those entries to their initial value.
There are 21768 events with muon pt outside of [26,200] GeV. Setting those entries to their initial value.
There are 17800 events with muon pt outside of [26,200] GeV. Setting those entries to their initial value.
There are 22525 events with muon pt outside of [26,200] GeV. Setting those entries to their initial value.
There are 19770 events with muon pt outside of [26,200] GeV. Setting those entries to their initial value.
There are 21949 events with muon pt outside of [26,200] GeV. Setting those entries to their initial value.
There are 17979 events with muon pt outside of [26,200] GeV. Setting those entries to their initial value.
There are 23081 events with muon pt outside of [26,200] GeV. Setting those entries to their initial value.
There are 17972 events with muon pt outside of [26,200] GeV. Setting those entries to their initial value.
There are 23194 events with muon pt outside of [26,200] GeV. Setting those entries to their initial value.
There are 19178 events with muon pt outside of [26,200] GeV. Setting those entries to their initial value.
There are 22355 events with muon pt outside of [26,200] GeV. Setting those entries to their initial value.
