subject   : /DC=ch/DC=cern/OU=Organic Units/OU=Users/CN=driosper/CN=886669/CN=Diego Alejandro Rios Perez/CN=1573519443
issuer    : /DC=ch/DC=cern/OU=Organic Units/OU=Users/CN=driosper/CN=886669/CN=Diego Alejandro Rios Perez
identity  : /DC=ch/DC=cern/OU=Organic Units/OU=Users/CN=driosper/CN=886669/CN=Diego Alejandro Rios Perez
type      : RFC compliant proxy
strength  : 2048 bits
path      : /afs/cern.ch/user/d/driosper/private/x509up_u182284
timeleft  : 11:50:09
key usage : Digital Signature, Key Encipherment
=== VO cms extension information ===
VO        : cms
subject   : /DC=ch/DC=cern/OU=Organic Units/OU=Users/CN=driosper/CN=886669/CN=Diego Alejandro Rios Perez
issuer    : /DC=ch/DC=cern/OU=computers/CN=cms-auth.cern.ch
attribute : /cms/Role=NULL/Capability=NULL
timeleft  : 11:50:09
uri       : voms-cms-auth.cern.ch:15000
--workflow ztoee --year 2022preEE --output_path /eos/user/d/driosper/bsm3g_coffea/outputs/ztoee/2022preEE/EGammaC --output_format coffea --dataset EGammaC_25 --partition_json /srv/partition_fileset.json
  Preprocessing 100% ━━━━━━━━━━━━━━━━ 10/10 [ 0:00:15 < 0:00:00 | 0.7   file/s ]
Merging (local) 100% ━━━━━━━━━━━━━━━━ 10/10 [ 0:00:15 < 0:00:00 | ?   merges/s ]
     Processing 100% ━━━━━━━━━━━━━━━━ 80/80 [ 0:14:45 < 0:00:00 | 0.0  chunk/s ]
Merging (local) 100% ━━━━━━━━━━━━━━━━ 80/80 [ 0:14:45 < 0:00:00 | ?   merges/s ]
There are 18255 events with muon pt outside of [26,200] GeV. Setting those entries to their initial value.
There are 25463 events with muon pt outside of [26,200] GeV. Setting those entries to their initial value.
There are 21635 events with muon pt outside of [26,200] GeV. Setting those entries to their initial value.
There are 23238 events with muon pt outside of [26,200] GeV. Setting those entries to their initial value.
There are 18305 events with muon pt outside of [26,200] GeV. Setting those entries to their initial value.
There are 25554 events with muon pt outside of [26,200] GeV. Setting those entries to their initial value.
There are 22232 events with muon pt outside of [26,200] GeV. Setting those entries to their initial value.
There are 30303 events with muon pt outside of [26,200] GeV. Setting those entries to their initial value.
There are 17347 events with muon pt outside of [26,200] GeV. Setting those entries to their initial value.
There are 23568 events with muon pt outside of [26,200] GeV. Setting those entries to their initial value.
There are 18114 events with muon pt outside of [26,200] GeV. Setting those entries to their initial value.
There are 23007 events with muon pt outside of [26,200] GeV. Setting those entries to their initial value.
There are 20362 events with muon pt outside of [26,200] GeV. Setting those entries to their initial value.
There are 23194 events with muon pt outside of [26,200] GeV. Setting those entries to their initial value.
There are 18198 events with muon pt outside of [26,200] GeV. Setting those entries to their initial value.
There are 21598 events with muon pt outside of [26,200] GeV. Setting those entries to their initial value.
There are 19142 events with muon pt outside of [26,200] GeV. Setting those entries to their initial value.
There are 22145 events with muon pt outside of [26,200] GeV. Setting those entries to their initial value.
There are 18574 events with muon pt outside of [26,200] GeV. Setting those entries to their initial value.
There are 21967 events with muon pt outside of [26,200] GeV. Setting those entries to their initial value.
There are 18728 events with muon pt outside of [26,200] GeV. Setting those entries to their initial value.
There are 21578 events with muon pt outside of [26,200] GeV. Setting those entries to their initial value.
There are 19683 events with muon pt outside of [26,200] GeV. Setting those entries to their initial value.
There are 27923 events with muon pt outside of [26,200] GeV. Setting those entries to their initial value.
There are 22616 events with muon pt outside of [26,200] GeV. Setting those entries to their initial value.
There are 23742 events with muon pt outside of [26,200] GeV. Setting those entries to their initial value.
There are 20082 events with muon pt outside of [26,200] GeV. Setting those entries to their initial value.
There are 26073 events with muon pt outside of [26,200] GeV. Setting those entries to their initial value.
There are 18692 events with muon pt outside of [26,200] GeV. Setting those entries to their initial value.
There are 24457 events with muon pt outside of [26,200] GeV. Setting those entries to their initial value.
There are 23150 events with muon pt outside of [26,200] GeV. Setting those entries to their initial value.
There are 23918 events with muon pt outside of [26,200] GeV. Setting those entries to their initial value.
There are 19143 events with muon pt outside of [26,200] GeV. Setting those entries to their initial value.
There are 26905 events with muon pt outside of [26,200] GeV. Setting those entries to their initial value.
There are 21651 events with muon pt outside of [26,200] GeV. Setting those entries to their initial value.
There are 24034 events with muon pt outside of [26,200] GeV. Setting those entries to their initial value.
There are 21636 events with muon pt outside of [26,200] GeV. Setting those entries to their initial value.
There are 25085 events with muon pt outside of [26,200] GeV. Setting those entries to their initial value.
There are 18342 events with muon pt outside of [26,200] GeV. Setting those entries to their initial value.
There are 26838 events with muon pt outside of [26,200] GeV. Setting those entries to their initial value.
There are 19595 events with muon pt outside of [26,200] GeV. Setting those entries to their initial value.
There are 23157 events with muon pt outside of [26,200] GeV. Setting those entries to their initial value.
There are 18268 events with muon pt outside of [26,200] GeV. Setting those entries to their initial value.
There are 21611 events with muon pt outside of [26,200] GeV. Setting those entries to their initial value.
There are 18036 events with muon pt outside of [26,200] GeV. Setting those entries to their initial value.
There are 21746 events with muon pt outside of [26,200] GeV. Setting those entries to their initial value.
There are 18406 events with muon pt outside of [26,200] GeV. Setting those entries to their initial value.
There are 25674 events with muon pt outside of [26,200] GeV. Setting those entries to their initial value.
There are 20350 events with muon pt outside of [26,200] GeV. Setting those entries to their initial value.
There are 23103 events with muon pt outside of [26,200] GeV. Setting those entries to their initial value.
There are 9024 events with muon pt outside of [26,200] GeV. Setting those entries to their initial value.
There are 13346 events with muon pt outside of [26,200] GeV. Setting those entries to their initial value.
There are 16851 events with muon pt outside of [26,200] GeV. Setting those entries to their initial value.
There are 22953 events with muon pt outside of [26,200] GeV. Setting those entries to their initial value.
There are 18134 events with muon pt outside of [26,200] GeV. Setting those entries to their initial value.
There are 23300 events with muon pt outside of [26,200] GeV. Setting those entries to their initial value.
There are 19055 events with muon pt outside of [26,200] GeV. Setting those entries to their initial value.
There are 30703 events with muon pt outside of [26,200] GeV. Setting those entries to their initial value.
There are 17413 events with muon pt outside of [26,200] GeV. Setting those entries to their initial value.
There are 24690 events with muon pt outside of [26,200] GeV. Setting those entries to their initial value.
There are 21900 events with muon pt outside of [26,200] GeV. Setting those entries to their initial value.
There are 22766 events with muon pt outside of [26,200] GeV. Setting those entries to their initial value.
There are 18986 events with muon pt outside of [26,200] GeV. Setting those entries to their initial value.
There are 21780 events with muon pt outside of [26,200] GeV. Setting those entries to their initial value.
There are 19299 events with muon pt outside of [26,200] GeV. Setting those entries to their initial value.
There are 22385 events with muon pt outside of [26,200] GeV. Setting those entries to their initial value.
There are 21563 events with muon pt outside of [26,200] GeV. Setting those entries to their initial value.
There are 22706 events with muon pt outside of [26,200] GeV. Setting those entries to their initial value.
There are 20212 events with muon pt outside of [26,200] GeV. Setting those entries to their initial value.
There are 32366 events with muon pt outside of [26,200] GeV. Setting those entries to their initial value.
There are 19272 events with muon pt outside of [26,200] GeV. Setting those entries to their initial value.
There are 22990 events with muon pt outside of [26,200] GeV. Setting those entries to their initial value.
There are 19523 events with muon pt outside of [26,200] GeV. Setting those entries to their initial value.
There are 28344 events with muon pt outside of [26,200] GeV. Setting those entries to their initial value.
There are 24829 events with muon pt outside of [26,200] GeV. Setting those entries to their initial value.
There are 24565 events with muon pt outside of [26,200] GeV. Setting those entries to their initial value.
There are 19929 events with muon pt outside of [26,200] GeV. Setting those entries to their initial value.
There are 23236 events with muon pt outside of [26,200] GeV. Setting those entries to their initial value.
There are 18589 events with muon pt outside of [26,200] GeV. Setting those entries to their initial value.
There are 26165 events with muon pt outside of [26,200] GeV. Setting those entries to their initial value.
There are 19545 events with muon pt outside of [26,200] GeV. Setting those entries to their initial value.
There are 23203 events with muon pt outside of [26,200] GeV. Setting those entries to their initial value.
There are 19208 events with muon pt outside of [26,200] GeV. Setting those entries to their initial value.
There are 29733 events with muon pt outside of [26,200] GeV. Setting those entries to their initial value.
There are 21957 events with muon pt outside of [26,200] GeV. Setting those entries to their initial value.
There are 23320 events with muon pt outside of [26,200] GeV. Setting those entries to their initial value.
There are 18848 events with muon pt outside of [26,200] GeV. Setting those entries to their initial value.
There are 27834 events with muon pt outside of [26,200] GeV. Setting those entries to their initial value.
There are 20374 events with muon pt outside of [26,200] GeV. Setting those entries to their initial value.
There are 22349 events with muon pt outside of [26,200] GeV. Setting those entries to their initial value.
There are 20062 events with muon pt outside of [26,200] GeV. Setting those entries to their initial value.
There are 22596 events with muon pt outside of [26,200] GeV. Setting those entries to their initial value.
There are 18940 events with muon pt outside of [26,200] GeV. Setting those entries to their initial value.
There are 27610 events with muon pt outside of [26,200] GeV. Setting those entries to their initial value.
There are 17526 events with muon pt outside of [26,200] GeV. Setting those entries to their initial value.
There are 25323 events with muon pt outside of [26,200] GeV. Setting those entries to their initial value.
There are 20847 events with muon pt outside of [26,200] GeV. Setting those entries to their initial value.
There are 23257 events with muon pt outside of [26,200] GeV. Setting those entries to their initial value.
There are 18021 events with muon pt outside of [26,200] GeV. Setting those entries to their initial value.
There are 26436 events with muon pt outside of [26,200] GeV. Setting those entries to their initial value.
There are 17293 events with muon pt outside of [26,200] GeV. Setting those entries to their initial value.
There are 24216 events with muon pt outside of [26,200] GeV. Setting those entries to their initial value.
There are 20043 events with muon pt outside of [26,200] GeV. Setting those entries to their initial value.
There are 22153 events with muon pt outside of [26,200] GeV. Setting those entries to their initial value.
There are 21912 events with muon pt outside of [26,200] GeV. Setting those entries to their initial value.
There are 22924 events with muon pt outside of [26,200] GeV. Setting those entries to their initial value.
There are 17259 events with muon pt outside of [26,200] GeV. Setting those entries to their initial value.
There are 21699 events with muon pt outside of [26,200] GeV. Setting those entries to their initial value.
There are 20163 events with muon pt outside of [26,200] GeV. Setting those entries to their initial value.
There are 22193 events with muon pt outside of [26,200] GeV. Setting those entries to their initial value.
There are 17395 events with muon pt outside of [26,200] GeV. Setting those entries to their initial value.
There are 24362 events with muon pt outside of [26,200] GeV. Setting those entries to their initial value.
There are 21924 events with muon pt outside of [26,200] GeV. Setting those entries to their initial value.
There are 24100 events with muon pt outside of [26,200] GeV. Setting those entries to their initial value.
There are 21304 events with muon pt outside of [26,200] GeV. Setting those entries to their initial value.
There are 23488 events with muon pt outside of [26,200] GeV. Setting those entries to their initial value.
There are 17243 events with muon pt outside of [26,200] GeV. Setting those entries to their initial value.
There are 23965 events with muon pt outside of [26,200] GeV. Setting those entries to their initial value.
There are 19004 events with muon pt outside of [26,200] GeV. Setting those entries to their initial value.
There are 24628 events with muon pt outside of [26,200] GeV. Setting those entries to their initial value.
There are 23710 events with muon pt outside of [26,200] GeV. Setting those entries to their initial value.
There are 24527 events with muon pt outside of [26,200] GeV. Setting those entries to their initial value.
There are 16279 events with muon pt outside of [26,200] GeV. Setting those entries to their initial value.
There are 23252 events with muon pt outside of [26,200] GeV. Setting those entries to their initial value.
There are 17317 events with muon pt outside of [26,200] GeV. Setting those entries to their initial value.
There are 29461 events with muon pt outside of [26,200] GeV. Setting those entries to their initial value.
There are 21884 events with muon pt outside of [26,200] GeV. Setting those entries to their initial value.
There are 22922 events with muon pt outside of [26,200] GeV. Setting those entries to their initial value.
There are 18716 events with muon pt outside of [26,200] GeV. Setting those entries to their initial value.
There are 25753 events with muon pt outside of [26,200] GeV. Setting those entries to their initial value.
There are 16009 events with muon pt outside of [26,200] GeV. Setting those entries to their initial value.
There are 24823 events with muon pt outside of [26,200] GeV. Setting those entries to their initial value.
There are 21918 events with muon pt outside of [26,200] GeV. Setting those entries to their initial value.
There are 23505 events with muon pt outside of [26,200] GeV. Setting those entries to their initial value.
There are 17740 events with muon pt outside of [26,200] GeV. Setting those entries to their initial value.
There are 24622 events with muon pt outside of [26,200] GeV. Setting those entries to their initial value.
There are 23353 events with muon pt outside of [26,200] GeV. Setting those entries to their initial value.
There are 23056 events with muon pt outside of [26,200] GeV. Setting those entries to their initial value.
There are 21600 events with muon pt outside of [26,200] GeV. Setting those entries to their initial value.
There are 31001 events with muon pt outside of [26,200] GeV. Setting those entries to their initial value.
There are 18748 events with muon pt outside of [26,200] GeV. Setting those entries to their initial value.
There are 22117 events with muon pt outside of [26,200] GeV. Setting those entries to their initial value.
There are 15912 events with muon pt outside of [26,200] GeV. Setting those entries to their initial value.
There are 21333 events with muon pt outside of [26,200] GeV. Setting those entries to their initial value.
There are 19280 events with muon pt outside of [26,200] GeV. Setting those entries to their initial value.
There are 28526 events with muon pt outside of [26,200] GeV. Setting those entries to their initial value.
There are 22613 events with muon pt outside of [26,200] GeV. Setting those entries to their initial value.
There are 23860 events with muon pt outside of [26,200] GeV. Setting those entries to their initial value.
There are 18766 events with muon pt outside of [26,200] GeV. Setting those entries to their initial value.
There are 31500 events with muon pt outside of [26,200] GeV. Setting those entries to their initial value.
There are 22328 events with muon pt outside of [26,200] GeV. Setting those entries to their initial value.
There are 23383 events with muon pt outside of [26,200] GeV. Setting those entries to their initial value.
There are 19411 events with muon pt outside of [26,200] GeV. Setting those entries to their initial value.
There are 22918 events with muon pt outside of [26,200] GeV. Setting those entries to their initial value.
There are 18329 events with muon pt outside of [26,200] GeV. Setting those entries to their initial value.
There are 29289 events with muon pt outside of [26,200] GeV. Setting those entries to their initial value.
There are 18163 events with muon pt outside of [26,200] GeV. Setting those entries to their initial value.
There are 25840 events with muon pt outside of [26,200] GeV. Setting those entries to their initial value.
There are 20996 events with muon pt outside of [26,200] GeV. Setting those entries to their initial value.
There are 23479 events with muon pt outside of [26,200] GeV. Setting those entries to their initial value.
