000 (14737665.030.000) 02/25 20:32:10 Job submitted from host: <188.184.90.62:9618?addrs=188.184.90.62-9618+[2001-1458-201-e4--100-238]-9618&alias=bigbird16.cern.ch&noUDP&sock=schedd_5196_9a2f>
...
040 (14737665.030.000) 02/25 20:36:01 Started transferring input files
	Transferring to host: <188.185.205.206:9618?addrs=188.185.205.206-9618+[2001-1458-303-a--100-4b]-9618&alias=b9p04p2719.cern.ch&noUDP&sock=slot1_25_10976_55b7_148114>
...
040 (14737665.030.000) 02/25 20:36:01 Finished transferring input files
...
001 (14737665.030.000) 02/25 20:36:02 Job executing on host: <188.185.205.206:9618?addrs=188.185.205.206-9618+[2001-1458-303-a--100-4b]-9618&alias=b9p04p2719.cern.ch&noUDP&sock=startd_10489_28f8>
	SlotName: slot1_25@b9p04p2719.cern.ch
	CondorScratchDir = "/pool/condor/dir_3122123"
	Cpus = 1
	Disk = 3791
	GPUs = 0
	Memory = 3000
...
006 (14737665.030.000) 02/25 20:36:16 Image size of job updated: 584464
	571  -  MemoryUsage of job (MB)
	584464  -  ResidentSetSize of job (KB)
...
006 (14737665.030.000) 02/25 20:41:17 Image size of job updated: 1658124
	1541  -  MemoryUsage of job (MB)
	1577628  -  ResidentSetSize of job (KB)
...
006 (14737665.030.000) 02/25 20:41:45 Image size of job updated: 1668012
	1541  -  MemoryUsage of job (MB)
	1577628  -  ResidentSetSize of job (KB)
...
040 (14737665.030.000) 02/25 20:41:45 Started transferring output files
...
040 (14737665.030.000) 02/25 20:41:45 Finished transferring output files
...
005 (14737665.030.000) 02/25 20:41:45 Job terminated.
	(1) Normal termination (return value 0)
		Usr 0 00:14:56, Sys 0 00:00:22  -  Run Remote Usage
		Usr 0 00:00:00, Sys 0 00:00:00  -  Run Local Usage
		Usr 0 00:14:56, Sys 0 00:00:22  -  Total Remote Usage
		Usr 0 00:00:00, Sys 0 00:00:00  -  Total Local Usage
	17144  -  Run Bytes Sent By Job
	51587  -  Run Bytes Received By Job
	17144  -  Total Bytes Sent By Job
	51587  -  Total Bytes Received By Job
	Partitionable Resources :    Usage  Request Allocated 
	   Cpus                 :     2.78        1         1 
	   Disk (KB)            :    96          75      3791 
	   GPUs                 :                           0 
	   Memory (MB)          :  1541        3000      3000 
	   TimeExecute (s)      :   343                       
	   TimeSlotBusy (s)     :   345                       

	Job terminated of its own accord at 2026-02-25T19:41:45Z with exit-code 0.
...
