subject   : /DC=ch/DC=cern/OU=Organic Units/OU=Users/CN=driosper/CN=886669/CN=Diego Alejandro Rios Perez/CN=1573519443
issuer    : /DC=ch/DC=cern/OU=Organic Units/OU=Users/CN=driosper/CN=886669/CN=Diego Alejandro Rios Perez
identity  : /DC=ch/DC=cern/OU=Organic Units/OU=Users/CN=driosper/CN=886669/CN=Diego Alejandro Rios Perez
type      : RFC compliant proxy
strength  : 2048 bits
path      : /afs/cern.ch/user/d/driosper/private/x509up_u182284
timeleft  : 11:50:12
key usage : Digital Signature, Key Encipherment
=== VO cms extension information ===
VO        : cms
subject   : /DC=ch/DC=cern/OU=Organic Units/OU=Users/CN=driosper/CN=886669/CN=Diego Alejandro Rios Perez
issuer    : /DC=ch/DC=cern/OU=computers/CN=cms-auth.cern.ch
attribute : /cms/Role=NULL/Capability=NULL
timeleft  : 11:50:12
uri       : voms-cms-auth.cern.ch:15000
--workflow ztoee --year 2022preEE --output_path /eos/user/d/driosper/bsm3g_coffea/outputs/ztoee/2022preEE/EGammaC --output_format coffea --dataset EGammaC_14 --partition_json /srv/partition_fileset.json
  Preprocessing 100% ━━━━━━━━━━━━━━━━ 10/10 [ 0:00:16 < 0:00:00 | 0.6   file/s ]
Merging (local) 100% ━━━━━━━━━━━━━━━━ 10/10 [ 0:00:16 < 0:00:00 | ?   merges/s ]
     Processing 100% ━━━━━━━━━━━━━━ 100/100 [ 0:17:52 < 0:00:00 | 0.2  chunk/s ]
Merging (local) 100% ━━━━━━━━━━━━━━ 100/100 [ 0:17:52 < 0:00:00 | ?   merges/s ]
There are 15186 events with muon pt outside of [26,200] GeV. Setting those entries to their initial value.
There are 21918 events with muon pt outside of [26,200] GeV. Setting those entries to their initial value.
There are 17195 events with muon pt outside of [26,200] GeV. Setting those entries to their initial value.
There are 21521 events with muon pt outside of [26,200] GeV. Setting those entries to their initial value.
There are 14936 events with muon pt outside of [26,200] GeV. Setting those entries to their initial value.
There are 19648 events with muon pt outside of [26,200] GeV. Setting those entries to their initial value.
There are 15339 events with muon pt outside of [26,200] GeV. Setting those entries to their initial value.
There are 19142 events with muon pt outside of [26,200] GeV. Setting those entries to their initial value.
There are 16406 events with muon pt outside of [26,200] GeV. Setting those entries to their initial value.
There are 24051 events with muon pt outside of [26,200] GeV. Setting those entries to their initial value.
There are 18456 events with muon pt outside of [26,200] GeV. Setting those entries to their initial value.
There are 31033 events with muon pt outside of [26,200] GeV. Setting those entries to their initial value.
There are 17237 events with muon pt outside of [26,200] GeV. Setting those entries to their initial value.
There are 24034 events with muon pt outside of [26,200] GeV. Setting those entries to their initial value.
There are 21340 events with muon pt outside of [26,200] GeV. Setting those entries to their initial value.
There are 32515 events with muon pt outside of [26,200] GeV. Setting those entries to their initial value.
There are 20698 events with muon pt outside of [26,200] GeV. Setting those entries to their initial value.
There are 22499 events with muon pt outside of [26,200] GeV. Setting those entries to their initial value.
There are 18825 events with muon pt outside of [26,200] GeV. Setting those entries to their initial value.
There are 21852 events with muon pt outside of [26,200] GeV. Setting those entries to their initial value.
There are 19748 events with muon pt outside of [26,200] GeV. Setting those entries to their initial value.
There are 22153 events with muon pt outside of [26,200] GeV. Setting those entries to their initial value.
There are 13761 events with muon pt outside of [26,200] GeV. Setting those entries to their initial value.
There are 19820 events with muon pt outside of [26,200] GeV. Setting those entries to their initial value.
There are 21506 events with muon pt outside of [26,200] GeV. Setting those entries to their initial value.
There are 23303 events with muon pt outside of [26,200] GeV. Setting those entries to their initial value.
There are 17148 events with muon pt outside of [26,200] GeV. Setting those entries to their initial value.
There are 25965 events with muon pt outside of [26,200] GeV. Setting those entries to their initial value.
There are 19694 events with muon pt outside of [26,200] GeV. Setting those entries to their initial value.
There are 21972 events with muon pt outside of [26,200] GeV. Setting those entries to their initial value.
There are 18967 events with muon pt outside of [26,200] GeV. Setting those entries to their initial value.
There are 21865 events with muon pt outside of [26,200] GeV. Setting those entries to their initial value.
There are 17057 events with muon pt outside of [26,200] GeV. Setting those entries to their initial value.
There are 22549 events with muon pt outside of [26,200] GeV. Setting those entries to their initial value.
There are 15435 events with muon pt outside of [26,200] GeV. Setting those entries to their initial value.
There are 21580 events with muon pt outside of [26,200] GeV. Setting those entries to their initial value.
There are 17968 events with muon pt outside of [26,200] GeV. Setting those entries to their initial value.
There are 28273 events with muon pt outside of [26,200] GeV. Setting those entries to their initial value.
There are 21605 events with muon pt outside of [26,200] GeV. Setting those entries to their initial value.
There are 22558 events with muon pt outside of [26,200] GeV. Setting those entries to their initial value.
There are 16143 events with muon pt outside of [26,200] GeV. Setting those entries to their initial value.
There are 22227 events with muon pt outside of [26,200] GeV. Setting those entries to their initial value.
There are 18039 events with muon pt outside of [26,200] GeV. Setting those entries to their initial value.
There are 22644 events with muon pt outside of [26,200] GeV. Setting those entries to their initial value.
There are 15972 events with muon pt outside of [26,200] GeV. Setting those entries to their initial value.
There are 21749 events with muon pt outside of [26,200] GeV. Setting those entries to their initial value.
There are 17435 events with muon pt outside of [26,200] GeV. Setting those entries to their initial value.
There are 21998 events with muon pt outside of [26,200] GeV. Setting those entries to their initial value.
There are 14271 events with muon pt outside of [26,200] GeV. Setting those entries to their initial value.
There are 19004 events with muon pt outside of [26,200] GeV. Setting those entries to their initial value.
There are 18154 events with muon pt outside of [26,200] GeV. Setting those entries to their initial value.
There are 21426 events with muon pt outside of [26,200] GeV. Setting those entries to their initial value.
There are 16518 events with muon pt outside of [26,200] GeV. Setting those entries to their initial value.
There are 21044 events with muon pt outside of [26,200] GeV. Setting those entries to their initial value.
There are 16408 events with muon pt outside of [26,200] GeV. Setting those entries to their initial value.
There are 20877 events with muon pt outside of [26,200] GeV. Setting those entries to their initial value.
There are 18386 events with muon pt outside of [26,200] GeV. Setting those entries to their initial value.
There are 23701 events with muon pt outside of [26,200] GeV. Setting those entries to their initial value.
There are 19117 events with muon pt outside of [26,200] GeV. Setting those entries to their initial value.
There are 27570 events with muon pt outside of [26,200] GeV. Setting those entries to their initial value.
There are 18553 events with muon pt outside of [26,200] GeV. Setting those entries to their initial value.
There are 25473 events with muon pt outside of [26,200] GeV. Setting those entries to their initial value.
There are 19763 events with muon pt outside of [26,200] GeV. Setting those entries to their initial value.
There are 23185 events with muon pt outside of [26,200] GeV. Setting those entries to their initial value.
There are 21455 events with muon pt outside of [26,200] GeV. Setting those entries to their initial value.
There are 22786 events with muon pt outside of [26,200] GeV. Setting those entries to their initial value.
There are 20022 events with muon pt outside of [26,200] GeV. Setting those entries to their initial value.
There are 22278 events with muon pt outside of [26,200] GeV. Setting those entries to their initial value.
There are 18355 events with muon pt outside of [26,200] GeV. Setting those entries to their initial value.
There are 21783 events with muon pt outside of [26,200] GeV. Setting those entries to their initial value.
There are 15352 events with muon pt outside of [26,200] GeV. Setting those entries to their initial value.
There are 21155 events with muon pt outside of [26,200] GeV. Setting those entries to their initial value.
There are 18755 events with muon pt outside of [26,200] GeV. Setting those entries to their initial value.
There are 22838 events with muon pt outside of [26,200] GeV. Setting those entries to their initial value.
There are 14109 events with muon pt outside of [26,200] GeV. Setting those entries to their initial value.
There are 20070 events with muon pt outside of [26,200] GeV. Setting those entries to their initial value.
There are 17314 events with muon pt outside of [26,200] GeV. Setting those entries to their initial value.
There are 21520 events with muon pt outside of [26,200] GeV. Setting those entries to their initial value.
There are 17362 events with muon pt outside of [26,200] GeV. Setting those entries to their initial value.
There are 23438 events with muon pt outside of [26,200] GeV. Setting those entries to their initial value.
There are 18375 events with muon pt outside of [26,200] GeV. Setting those entries to their initial value.
There are 26425 events with muon pt outside of [26,200] GeV. Setting those entries to their initial value.
There are 16677 events with muon pt outside of [26,200] GeV. Setting those entries to their initial value.
There are 21757 events with muon pt outside of [26,200] GeV. Setting those entries to their initial value.
There are 17341 events with muon pt outside of [26,200] GeV. Setting those entries to their initial value.
There are 29302 events with muon pt outside of [26,200] GeV. Setting those entries to their initial value.
There are 20719 events with muon pt outside of [26,200] GeV. Setting those entries to their initial value.
There are 22258 events with muon pt outside of [26,200] GeV. Setting those entries to their initial value.
There are 15552 events with muon pt outside of [26,200] GeV. Setting those entries to their initial value.
There are 23583 events with muon pt outside of [26,200] GeV. Setting those entries to their initial value.
There are 17285 events with muon pt outside of [26,200] GeV. Setting those entries to their initial value.
There are 26991 events with muon pt outside of [26,200] GeV. Setting those entries to their initial value.
There are 15153 events with muon pt outside of [26,200] GeV. Setting those entries to their initial value.
There are 21749 events with muon pt outside of [26,200] GeV. Setting those entries to their initial value.
There are 16487 events with muon pt outside of [26,200] GeV. Setting those entries to their initial value.
There are 23202 events with muon pt outside of [26,200] GeV. Setting those entries to their initial value.
There are 13318 events with muon pt outside of [26,200] GeV. Setting those entries to their initial value.
There are 17228 events with muon pt outside of [26,200] GeV. Setting those entries to their initial value.
There are 16062 events with muon pt outside of [26,200] GeV. Setting those entries to their initial value.
There are 22050 events with muon pt outside of [26,200] GeV. Setting those entries to their initial value.
There are 13366 events with muon pt outside of [26,200] GeV. Setting those entries to their initial value.
There are 19864 events with muon pt outside of [26,200] GeV. Setting those entries to their initial value.
There are 12191 events with muon pt outside of [26,200] GeV. Setting those entries to their initial value.
There are 19104 events with muon pt outside of [26,200] GeV. Setting those entries to their initial value.
There are 14022 events with muon pt outside of [26,200] GeV. Setting those entries to their initial value.
There are 20186 events with muon pt outside of [26,200] GeV. Setting those entries to their initial value.
There are 16155 events with muon pt outside of [26,200] GeV. Setting those entries to their initial value.
There are 23388 events with muon pt outside of [26,200] GeV. Setting those entries to their initial value.
There are 18266 events with muon pt outside of [26,200] GeV. Setting those entries to their initial value.
There are 25733 events with muon pt outside of [26,200] GeV. Setting those entries to their initial value.
There are 21764 events with muon pt outside of [26,200] GeV. Setting those entries to their initial value.
There are 23226 events with muon pt outside of [26,200] GeV. Setting those entries to their initial value.
There are 21982 events with muon pt outside of [26,200] GeV. Setting those entries to their initial value.
There are 23327 events with muon pt outside of [26,200] GeV. Setting those entries to their initial value.
There are 17552 events with muon pt outside of [26,200] GeV. Setting those entries to their initial value.
There are 21845 events with muon pt outside of [26,200] GeV. Setting those entries to their initial value.
There are 17730 events with muon pt outside of [26,200] GeV. Setting those entries to their initial value.
There are 21877 events with muon pt outside of [26,200] GeV. Setting those entries to their initial value.
There are 21167 events with muon pt outside of [26,200] GeV. Setting those entries to their initial value.
There are 22383 events with muon pt outside of [26,200] GeV. Setting those entries to their initial value.
There are 17328 events with muon pt outside of [26,200] GeV. Setting those entries to their initial value.
There are 23340 events with muon pt outside of [26,200] GeV. Setting those entries to their initial value.
There are 21912 events with muon pt outside of [26,200] GeV. Setting those entries to their initial value.
There are 23745 events with muon pt outside of [26,200] GeV. Setting those entries to their initial value.
There are 16738 events with muon pt outside of [26,200] GeV. Setting those entries to their initial value.
There are 23546 events with muon pt outside of [26,200] GeV. Setting those entries to their initial value.
There are 18968 events with muon pt outside of [26,200] GeV. Setting those entries to their initial value.
There are 21805 events with muon pt outside of [26,200] GeV. Setting those entries to their initial value.
There are 15739 events with muon pt outside of [26,200] GeV. Setting those entries to their initial value.
There are 22973 events with muon pt outside of [26,200] GeV. Setting those entries to their initial value.
There are 17011 events with muon pt outside of [26,200] GeV. Setting those entries to their initial value.
There are 29080 events with muon pt outside of [26,200] GeV. Setting those entries to their initial value.
There are 19102 events with muon pt outside of [26,200] GeV. Setting those entries to their initial value.
There are 22175 events with muon pt outside of [26,200] GeV. Setting those entries to their initial value.
There are 16086 events with muon pt outside of [26,200] GeV. Setting those entries to their initial value.
There are 21255 events with muon pt outside of [26,200] GeV. Setting those entries to their initial value.
There are 18079 events with muon pt outside of [26,200] GeV. Setting those entries to their initial value.
There are 24498 events with muon pt outside of [26,200] GeV. Setting those entries to their initial value.
There are 18857 events with muon pt outside of [26,200] GeV. Setting those entries to their initial value.
There are 22001 events with muon pt outside of [26,200] GeV. Setting those entries to their initial value.
There are 17305 events with muon pt outside of [26,200] GeV. Setting those entries to their initial value.
There are 26493 events with muon pt outside of [26,200] GeV. Setting those entries to their initial value.
There are 16391 events with muon pt outside of [26,200] GeV. Setting those entries to their initial value.
There are 22288 events with muon pt outside of [26,200] GeV. Setting those entries to their initial value.
There are 15079 events with muon pt outside of [26,200] GeV. Setting those entries to their initial value.
There are 18143 events with muon pt outside of [26,200] GeV. Setting those entries to their initial value.
There are 19412 events with muon pt outside of [26,200] GeV. Setting those entries to their initial value.
There are 38291 events with muon pt outside of [26,200] GeV. Setting those entries to their initial value.
There are 16529 events with muon pt outside of [26,200] GeV. Setting those entries to their initial value.
There are 23868 events with muon pt outside of [26,200] GeV. Setting those entries to their initial value.
There are 14474 events with muon pt outside of [26,200] GeV. Setting those entries to their initial value.
There are 19414 events with muon pt outside of [26,200] GeV. Setting those entries to their initial value.
There are 14789 events with muon pt outside of [26,200] GeV. Setting those entries to their initial value.
There are 22175 events with muon pt outside of [26,200] GeV. Setting those entries to their initial value.
There are 14912 events with muon pt outside of [26,200] GeV. Setting those entries to their initial value.
There are 22786 events with muon pt outside of [26,200] GeV. Setting those entries to their initial value.
There are 15290 events with muon pt outside of [26,200] GeV. Setting those entries to their initial value.
There are 23771 events with muon pt outside of [26,200] GeV. Setting those entries to their initial value.
There are 18356 events with muon pt outside of [26,200] GeV. Setting those entries to their initial value.
There are 28165 events with muon pt outside of [26,200] GeV. Setting those entries to their initial value.
There are 18991 events with muon pt outside of [26,200] GeV. Setting those entries to their initial value.
There are 25887 events with muon pt outside of [26,200] GeV. Setting those entries to their initial value.
There are 21129 events with muon pt outside of [26,200] GeV. Setting those entries to their initial value.
There are 23462 events with muon pt outside of [26,200] GeV. Setting those entries to their initial value.
There are 19854 events with muon pt outside of [26,200] GeV. Setting those entries to their initial value.
There are 22380 events with muon pt outside of [26,200] GeV. Setting those entries to their initial value.
There are 21881 events with muon pt outside of [26,200] GeV. Setting those entries to their initial value.
There are 22809 events with muon pt outside of [26,200] GeV. Setting those entries to their initial value.
There are 20248 events with muon pt outside of [26,200] GeV. Setting those entries to their initial value.
There are 22328 events with muon pt outside of [26,200] GeV. Setting those entries to their initial value.
There are 18009 events with muon pt outside of [26,200] GeV. Setting those entries to their initial value.
There are 21809 events with muon pt outside of [26,200] GeV. Setting those entries to their initial value.
There are 17786 events with muon pt outside of [26,200] GeV. Setting those entries to their initial value.
There are 23668 events with muon pt outside of [26,200] GeV. Setting those entries to their initial value.
There are 20005 events with muon pt outside of [26,200] GeV. Setting those entries to their initial value.
There are 23216 events with muon pt outside of [26,200] GeV. Setting those entries to their initial value.
There are 15487 events with muon pt outside of [26,200] GeV. Setting those entries to their initial value.
There are 22694 events with muon pt outside of [26,200] GeV. Setting those entries to their initial value.
There are 16229 events with muon pt outside of [26,200] GeV. Setting those entries to their initial value.
There are 21341 events with muon pt outside of [26,200] GeV. Setting those entries to their initial value.
There are 16581 events with muon pt outside of [26,200] GeV. Setting those entries to their initial value.
There are 21817 events with muon pt outside of [26,200] GeV. Setting those entries to their initial value.
There are 17517 events with muon pt outside of [26,200] GeV. Setting those entries to their initial value.
There are 25060 events with muon pt outside of [26,200] GeV. Setting those entries to their initial value.
There are 17597 events with muon pt outside of [26,200] GeV. Setting those entries to their initial value.
There are 22086 events with muon pt outside of [26,200] GeV. Setting those entries to their initial value.
There are 18708 events with muon pt outside of [26,200] GeV. Setting those entries to their initial value.
There are 24990 events with muon pt outside of [26,200] GeV. Setting those entries to their initial value.
There are 17611 events with muon pt outside of [26,200] GeV. Setting those entries to their initial value.
There are 23043 events with muon pt outside of [26,200] GeV. Setting those entries to their initial value.
There are 18135 events with muon pt outside of [26,200] GeV. Setting those entries to their initial value.
There are 21605 events with muon pt outside of [26,200] GeV. Setting those entries to their initial value.
There are 16925 events with muon pt outside of [26,200] GeV. Setting those entries to their initial value.
There are 23592 events with muon pt outside of [26,200] GeV. Setting those entries to their initial value.
There are 17855 events with muon pt outside of [26,200] GeV. Setting those entries to their initial value.
There are 22391 events with muon pt outside of [26,200] GeV. Setting those entries to their initial value.
There are 17015 events with muon pt outside of [26,200] GeV. Setting those entries to their initial value.
There are 26176 events with muon pt outside of [26,200] GeV. Setting those entries to their initial value.
There are 15532 events with muon pt outside of [26,200] GeV. Setting those entries to their initial value.
There are 20367 events with muon pt outside of [26,200] GeV. Setting those entries to their initial value.
