subject   : /DC=ch/DC=cern/OU=Organic Units/OU=Users/CN=driosper/CN=886669/CN=Diego Alejandro Rios Perez/CN=1573519443
issuer    : /DC=ch/DC=cern/OU=Organic Units/OU=Users/CN=driosper/CN=886669/CN=Diego Alejandro Rios Perez
identity  : /DC=ch/DC=cern/OU=Organic Units/OU=Users/CN=driosper/CN=886669/CN=Diego Alejandro Rios Perez
type      : RFC compliant proxy
strength  : 2048 bits
path      : /afs/cern.ch/user/d/driosper/private/x509up_u182284
timeleft  : 11:50:10
key usage : Digital Signature, Key Encipherment
=== VO cms extension information ===
VO        : cms
subject   : /DC=ch/DC=cern/OU=Organic Units/OU=Users/CN=driosper/CN=886669/CN=Diego Alejandro Rios Perez
issuer    : /DC=ch/DC=cern/OU=computers/CN=cms-auth.cern.ch
attribute : /cms/Role=NULL/Capability=NULL
timeleft  : 11:50:10
uri       : voms-cms-auth.cern.ch:15000
--workflow ztoee --year 2022preEE --output_path /eos/user/d/driosper/bsm3g_coffea/outputs/ztoee/2022preEE/EGammaC --output_format coffea --dataset EGammaC_18 --partition_json /srv/partition_fileset.json
  Preprocessing 100% ━━━━━━━━━━━━━━━━ 10/10 [ 0:00:14 < 0:00:00 | 0.7   file/s ]
Merging (local) 100% ━━━━━━━━━━━━━━━━ 10/10 [ 0:00:14 < 0:00:00 | ?   merges/s ]
     Processing 100% ━━━━━━━━━━━━━━━━ 66/66 [ 0:17:12 < 0:00:00 | 0.5  chunk/s ]
Merging (local) 100% ━━━━━━━━━━━━━━━━ 66/66 [ 0:17:12 < 0:00:00 | ?   merges/s ]
There are 17453 events with muon pt outside of [26,200] GeV. Setting those entries to their initial value.
There are 22673 events with muon pt outside of [26,200] GeV. Setting those entries to their initial value.
There are 18668 events with muon pt outside of [26,200] GeV. Setting those entries to their initial value.
There are 22253 events with muon pt outside of [26,200] GeV. Setting those entries to their initial value.
There are 17530 events with muon pt outside of [26,200] GeV. Setting those entries to their initial value.
There are 23182 events with muon pt outside of [26,200] GeV. Setting those entries to their initial value.
There are 19520 events with muon pt outside of [26,200] GeV. Setting those entries to their initial value.
There are 22847 events with muon pt outside of [26,200] GeV. Setting those entries to their initial value.
There are 16824 events with muon pt outside of [26,200] GeV. Setting those entries to their initial value.
There are 20903 events with muon pt outside of [26,200] GeV. Setting those entries to their initial value.
There are 17721 events with muon pt outside of [26,200] GeV. Setting those entries to their initial value.
There are 23516 events with muon pt outside of [26,200] GeV. Setting those entries to their initial value.
There are 12791 events with muon pt outside of [26,200] GeV. Setting those entries to their initial value.
There are 15956 events with muon pt outside of [26,200] GeV. Setting those entries to their initial value.
There are 18456 events with muon pt outside of [26,200] GeV. Setting those entries to their initial value.
There are 21656 events with muon pt outside of [26,200] GeV. Setting those entries to their initial value.
There are 18489 events with muon pt outside of [26,200] GeV. Setting those entries to their initial value.
There are 23480 events with muon pt outside of [26,200] GeV. Setting those entries to their initial value.
There are 17126 events with muon pt outside of [26,200] GeV. Setting those entries to their initial value.
There are 24870 events with muon pt outside of [26,200] GeV. Setting those entries to their initial value.
There are 24257 events with muon pt outside of [26,200] GeV. Setting those entries to their initial value.
There are 23194 events with muon pt outside of [26,200] GeV. Setting those entries to their initial value.
There are 17399 events with muon pt outside of [26,200] GeV. Setting those entries to their initial value.
There are 24451 events with muon pt outside of [26,200] GeV. Setting those entries to their initial value.
There are 19655 events with muon pt outside of [26,200] GeV. Setting those entries to their initial value.
There are 21512 events with muon pt outside of [26,200] GeV. Setting those entries to their initial value.
There are 15879 events with muon pt outside of [26,200] GeV. Setting those entries to their initial value.
There are 23112 events with muon pt outside of [26,200] GeV. Setting those entries to their initial value.
There are 17152 events with muon pt outside of [26,200] GeV. Setting those entries to their initial value.
There are 21415 events with muon pt outside of [26,200] GeV. Setting those entries to their initial value.
There are 15063 events with muon pt outside of [26,200] GeV. Setting those entries to their initial value.
There are 22016 events with muon pt outside of [26,200] GeV. Setting those entries to their initial value.
There are 18642 events with muon pt outside of [26,200] GeV. Setting those entries to their initial value.
There are 24071 events with muon pt outside of [26,200] GeV. Setting those entries to their initial value.
There are 21483 events with muon pt outside of [26,200] GeV. Setting those entries to their initial value.
There are 22660 events with muon pt outside of [26,200] GeV. Setting those entries to their initial value.
There are 17299 events with muon pt outside of [26,200] GeV. Setting those entries to their initial value.
There are 25166 events with muon pt outside of [26,200] GeV. Setting those entries to their initial value.
There are 17049 events with muon pt outside of [26,200] GeV. Setting those entries to their initial value.
There are 24130 events with muon pt outside of [26,200] GeV. Setting those entries to their initial value.
There are 18248 events with muon pt outside of [26,200] GeV. Setting those entries to their initial value.
There are 28250 events with muon pt outside of [26,200] GeV. Setting those entries to their initial value.
There are 21458 events with muon pt outside of [26,200] GeV. Setting those entries to their initial value.
There are 23647 events with muon pt outside of [26,200] GeV. Setting those entries to their initial value.
There are 16871 events with muon pt outside of [26,200] GeV. Setting those entries to their initial value.
There are 25661 events with muon pt outside of [26,200] GeV. Setting those entries to their initial value.
There are 19599 events with muon pt outside of [26,200] GeV. Setting those entries to their initial value.
There are 21980 events with muon pt outside of [26,200] GeV. Setting those entries to their initial value.
There are 17156 events with muon pt outside of [26,200] GeV. Setting those entries to their initial value.
There are 29773 events with muon pt outside of [26,200] GeV. Setting those entries to their initial value.
There are 18078 events with muon pt outside of [26,200] GeV. Setting those entries to their initial value.
There are 21543 events with muon pt outside of [26,200] GeV. Setting those entries to their initial value.
There are 18372 events with muon pt outside of [26,200] GeV. Setting those entries to their initial value.
There are 22182 events with muon pt outside of [26,200] GeV. Setting those entries to their initial value.
There are 20749 events with muon pt outside of [26,200] GeV. Setting those entries to their initial value.
There are 21637 events with muon pt outside of [26,200] GeV. Setting those entries to their initial value.
There are 16778 events with muon pt outside of [26,200] GeV. Setting those entries to their initial value.
There are 21098 events with muon pt outside of [26,200] GeV. Setting those entries to their initial value.
There are 18885 events with muon pt outside of [26,200] GeV. Setting those entries to their initial value.
There are 23908 events with muon pt outside of [26,200] GeV. Setting those entries to their initial value.
There are 18212 events with muon pt outside of [26,200] GeV. Setting those entries to their initial value.
There are 29049 events with muon pt outside of [26,200] GeV. Setting those entries to their initial value.
There are 18643 events with muon pt outside of [26,200] GeV. Setting those entries to their initial value.
There are 19577 events with muon pt outside of [26,200] GeV. Setting those entries to their initial value.
There are 18018 events with muon pt outside of [26,200] GeV. Setting those entries to their initial value.
There are 27063 events with muon pt outside of [26,200] GeV. Setting those entries to their initial value.
There are 16408 events with muon pt outside of [26,200] GeV. Setting those entries to their initial value.
There are 21632 events with muon pt outside of [26,200] GeV. Setting those entries to their initial value.
There are 18144 events with muon pt outside of [26,200] GeV. Setting those entries to their initial value.
There are 26192 events with muon pt outside of [26,200] GeV. Setting those entries to their initial value.
There are 6033 events with muon pt outside of [26,200] GeV. Setting those entries to their initial value.
There are 6343 events with muon pt outside of [26,200] GeV. Setting those entries to their initial value.
There are 18649 events with muon pt outside of [26,200] GeV. Setting those entries to their initial value.
There are 22502 events with muon pt outside of [26,200] GeV. Setting those entries to their initial value.
There are 20593 events with muon pt outside of [26,200] GeV. Setting those entries to their initial value.
There are 23844 events with muon pt outside of [26,200] GeV. Setting those entries to their initial value.
There are 18118 events with muon pt outside of [26,200] GeV. Setting those entries to their initial value.
There are 22720 events with muon pt outside of [26,200] GeV. Setting those entries to their initial value.
There are 19521 events with muon pt outside of [26,200] GeV. Setting those entries to their initial value.
There are 21965 events with muon pt outside of [26,200] GeV. Setting those entries to their initial value.
There are 17974 events with muon pt outside of [26,200] GeV. Setting those entries to their initial value.
There are 24091 events with muon pt outside of [26,200] GeV. Setting those entries to their initial value.
There are 17735 events with muon pt outside of [26,200] GeV. Setting those entries to their initial value.
There are 24779 events with muon pt outside of [26,200] GeV. Setting those entries to their initial value.
There are 17117 events with muon pt outside of [26,200] GeV. Setting those entries to their initial value.
There are 21962 events with muon pt outside of [26,200] GeV. Setting those entries to their initial value.
There are 18850 events with muon pt outside of [26,200] GeV. Setting those entries to their initial value.
There are 21321 events with muon pt outside of [26,200] GeV. Setting those entries to their initial value.
There are 17767 events with muon pt outside of [26,200] GeV. Setting those entries to their initial value.
There are 20723 events with muon pt outside of [26,200] GeV. Setting those entries to their initial value.
There are 17564 events with muon pt outside of [26,200] GeV. Setting those entries to their initial value.
There are 23409 events with muon pt outside of [26,200] GeV. Setting those entries to their initial value.
There are 19561 events with muon pt outside of [26,200] GeV. Setting those entries to their initial value.
There are 25250 events with muon pt outside of [26,200] GeV. Setting those entries to their initial value.
There are 19983 events with muon pt outside of [26,200] GeV. Setting those entries to their initial value.
There are 22898 events with muon pt outside of [26,200] GeV. Setting those entries to their initial value.
There are 17728 events with muon pt outside of [26,200] GeV. Setting those entries to their initial value.
There are 19271 events with muon pt outside of [26,200] GeV. Setting those entries to their initial value.
There are 17997 events with muon pt outside of [26,200] GeV. Setting those entries to their initial value.
There are 22935 events with muon pt outside of [26,200] GeV. Setting those entries to their initial value.
There are 21006 events with muon pt outside of [26,200] GeV. Setting those entries to their initial value.
There are 22327 events with muon pt outside of [26,200] GeV. Setting those entries to their initial value.
There are 16491 events with muon pt outside of [26,200] GeV. Setting those entries to their initial value.
There are 21748 events with muon pt outside of [26,200] GeV. Setting those entries to their initial value.
There are 20441 events with muon pt outside of [26,200] GeV. Setting those entries to their initial value.
There are 24918 events with muon pt outside of [26,200] GeV. Setting those entries to their initial value.
There are 15977 events with muon pt outside of [26,200] GeV. Setting those entries to their initial value.
There are 22446 events with muon pt outside of [26,200] GeV. Setting those entries to their initial value.
There are 18831 events with muon pt outside of [26,200] GeV. Setting those entries to their initial value.
There are 27909 events with muon pt outside of [26,200] GeV. Setting those entries to their initial value.
There are 22090 events with muon pt outside of [26,200] GeV. Setting those entries to their initial value.
There are 23595 events with muon pt outside of [26,200] GeV. Setting those entries to their initial value.
There are 20608 events with muon pt outside of [26,200] GeV. Setting those entries to their initial value.
There are 22055 events with muon pt outside of [26,200] GeV. Setting those entries to their initial value.
There are 18004 events with muon pt outside of [26,200] GeV. Setting those entries to their initial value.
There are 23178 events with muon pt outside of [26,200] GeV. Setting those entries to their initial value.
There are 16294 events with muon pt outside of [26,200] GeV. Setting those entries to their initial value.
There are 27218 events with muon pt outside of [26,200] GeV. Setting those entries to their initial value.
There are 19279 events with muon pt outside of [26,200] GeV. Setting those entries to their initial value.
There are 22270 events with muon pt outside of [26,200] GeV. Setting those entries to their initial value.
There are 14336 events with muon pt outside of [26,200] GeV. Setting those entries to their initial value.
There are 18885 events with muon pt outside of [26,200] GeV. Setting those entries to their initial value.
There are 21649 events with muon pt outside of [26,200] GeV. Setting those entries to their initial value.
There are 22231 events with muon pt outside of [26,200] GeV. Setting those entries to their initial value.
There are 15899 events with muon pt outside of [26,200] GeV. Setting those entries to their initial value.
There are 21088 events with muon pt outside of [26,200] GeV. Setting those entries to their initial value.
There are 19814 events with muon pt outside of [26,200] GeV. Setting those entries to their initial value.
There are 24124 events with muon pt outside of [26,200] GeV. Setting those entries to their initial value.
There are 20489 events with muon pt outside of [26,200] GeV. Setting those entries to their initial value.
There are 22808 events with muon pt outside of [26,200] GeV. Setting those entries to their initial value.
There are 17076 events with muon pt outside of [26,200] GeV. Setting those entries to their initial value.
There are 24578 events with muon pt outside of [26,200] GeV. Setting those entries to their initial value.
