subject   : /DC=ch/DC=cern/OU=Organic Units/OU=Users/CN=driosper/CN=886669/CN=Diego Alejandro Rios Perez/CN=1573519443
issuer    : /DC=ch/DC=cern/OU=Organic Units/OU=Users/CN=driosper/CN=886669/CN=Diego Alejandro Rios Perez
identity  : /DC=ch/DC=cern/OU=Organic Units/OU=Users/CN=driosper/CN=886669/CN=Diego Alejandro Rios Perez
type      : RFC compliant proxy
strength  : 2048 bits
path      : /afs/cern.ch/user/d/driosper/private/x509up_u182284
timeleft  : 11:50:04
key usage : Digital Signature, Key Encipherment
=== VO cms extension information ===
VO        : cms
subject   : /DC=ch/DC=cern/OU=Organic Units/OU=Users/CN=driosper/CN=886669/CN=Diego Alejandro Rios Perez
issuer    : /DC=ch/DC=cern/OU=computers/CN=cms-auth.cern.ch
attribute : /cms/Role=NULL/Capability=NULL
timeleft  : 11:50:04
uri       : voms-cms-auth.cern.ch:15000
--workflow ztoee --year 2022preEE --output_path /eos/user/d/driosper/bsm3g_coffea/outputs/ztoee/2022preEE/EGammaC --output_format coffea --dataset EGammaC_30 --partition_json /srv/partition_fileset.json
  Preprocessing 100% ━━━━━━━━━━━━━━━━━━ 9/9 [ 0:00:15 < 0:00:00 | 0.7   file/s ]
Merging (local) 100% ━━━━━━━━━━━━━━━━━━ 9/9 [ 0:00:15 < 0:00:00 | ?   merges/s ]
     Processing 100% ━━━━━━━━━━━━━━━━ 61/61 [ 0:15:18 < 0:00:00 | 0.2  chunk/s ]
Merging (local) 100% ━━━━━━━━━━━━━━━━ 61/61 [ 0:15:18 < 0:00:00 | ?   merges/s ]
There are 20063 events with muon pt outside of [26,200] GeV. Setting those entries to their initial value.
There are 30531 events with muon pt outside of [26,200] GeV. Setting those entries to their initial value.
There are 25375 events with muon pt outside of [26,200] GeV. Setting those entries to their initial value.
There are 24262 events with muon pt outside of [26,200] GeV. Setting those entries to their initial value.
There are 15647 events with muon pt outside of [26,200] GeV. Setting those entries to their initial value.
There are 22495 events with muon pt outside of [26,200] GeV. Setting those entries to their initial value.
There are 17601 events with muon pt outside of [26,200] GeV. Setting those entries to their initial value.
There are 24064 events with muon pt outside of [26,200] GeV. Setting those entries to their initial value.
There are 15992 events with muon pt outside of [26,200] GeV. Setting those entries to their initial value.
There are 19202 events with muon pt outside of [26,200] GeV. Setting those entries to their initial value.
There are 18390 events with muon pt outside of [26,200] GeV. Setting those entries to their initial value.
There are 23763 events with muon pt outside of [26,200] GeV. Setting those entries to their initial value.
There are 19385 events with muon pt outside of [26,200] GeV. Setting those entries to their initial value.
There are 26185 events with muon pt outside of [26,200] GeV. Setting those entries to their initial value.
There are 16898 events with muon pt outside of [26,200] GeV. Setting those entries to their initial value.
There are 22643 events with muon pt outside of [26,200] GeV. Setting those entries to their initial value.
There are 18312 events with muon pt outside of [26,200] GeV. Setting those entries to their initial value.
There are 23109 events with muon pt outside of [26,200] GeV. Setting those entries to their initial value.
There are 18180 events with muon pt outside of [26,200] GeV. Setting those entries to their initial value.
There are 22387 events with muon pt outside of [26,200] GeV. Setting those entries to their initial value.
There are 14730 events with muon pt outside of [26,200] GeV. Setting those entries to their initial value.
There are 21810 events with muon pt outside of [26,200] GeV. Setting those entries to their initial value.
There are 22790 events with muon pt outside of [26,200] GeV. Setting those entries to their initial value.
There are 31624 events with muon pt outside of [26,200] GeV. Setting those entries to their initial value.
There are 17644 events with muon pt outside of [26,200] GeV. Setting those entries to their initial value.
There are 24000 events with muon pt outside of [26,200] GeV. Setting those entries to their initial value.
There are 23729 events with muon pt outside of [26,200] GeV. Setting those entries to their initial value.
There are 24400 events with muon pt outside of [26,200] GeV. Setting those entries to their initial value.
There are 21036 events with muon pt outside of [26,200] GeV. Setting those entries to their initial value.
There are 23384 events with muon pt outside of [26,200] GeV. Setting those entries to their initial value.
There are 17788 events with muon pt outside of [26,200] GeV. Setting those entries to their initial value.
There are 25618 events with muon pt outside of [26,200] GeV. Setting those entries to their initial value.
There are 14688 events with muon pt outside of [26,200] GeV. Setting those entries to their initial value.
There are 18218 events with muon pt outside of [26,200] GeV. Setting those entries to their initial value.
There are 18289 events with muon pt outside of [26,200] GeV. Setting those entries to their initial value.
There are 29402 events with muon pt outside of [26,200] GeV. Setting those entries to their initial value.
There are 18065 events with muon pt outside of [26,200] GeV. Setting those entries to their initial value.
There are 23498 events with muon pt outside of [26,200] GeV. Setting those entries to their initial value.
There are 19968 events with muon pt outside of [26,200] GeV. Setting those entries to their initial value.
There are 32074 events with muon pt outside of [26,200] GeV. Setting those entries to their initial value.
There are 18529 events with muon pt outside of [26,200] GeV. Setting those entries to their initial value.
There are 22666 events with muon pt outside of [26,200] GeV. Setting those entries to their initial value.
There are 18155 events with muon pt outside of [26,200] GeV. Setting those entries to their initial value.
There are 25260 events with muon pt outside of [26,200] GeV. Setting those entries to their initial value.
There are 20432 events with muon pt outside of [26,200] GeV. Setting those entries to their initial value.
There are 23139 events with muon pt outside of [26,200] GeV. Setting those entries to their initial value.
There are 14138 events with muon pt outside of [26,200] GeV. Setting those entries to their initial value.
There are 18842 events with muon pt outside of [26,200] GeV. Setting those entries to their initial value.
There are 14383 events with muon pt outside of [26,200] GeV. Setting those entries to their initial value.
There are 19492 events with muon pt outside of [26,200] GeV. Setting those entries to their initial value.
There are 19679 events with muon pt outside of [26,200] GeV. Setting those entries to their initial value.
There are 30378 events with muon pt outside of [26,200] GeV. Setting those entries to their initial value.
There are 20621 events with muon pt outside of [26,200] GeV. Setting those entries to their initial value.
There are 24322 events with muon pt outside of [26,200] GeV. Setting those entries to their initial value.
There are 20809 events with muon pt outside of [26,200] GeV. Setting those entries to their initial value.
There are 23628 events with muon pt outside of [26,200] GeV. Setting those entries to their initial value.
There are 20765 events with muon pt outside of [26,200] GeV. Setting those entries to their initial value.
There are 23118 events with muon pt outside of [26,200] GeV. Setting those entries to their initial value.
There are 17497 events with muon pt outside of [26,200] GeV. Setting those entries to their initial value.
There are 25116 events with muon pt outside of [26,200] GeV. Setting those entries to their initial value.
There are 23443 events with muon pt outside of [26,200] GeV. Setting those entries to their initial value.
There are 24046 events with muon pt outside of [26,200] GeV. Setting those entries to their initial value.
There are 18165 events with muon pt outside of [26,200] GeV. Setting those entries to their initial value.
There are 22544 events with muon pt outside of [26,200] GeV. Setting those entries to their initial value.
There are 14889 events with muon pt outside of [26,200] GeV. Setting those entries to their initial value.
There are 19981 events with muon pt outside of [26,200] GeV. Setting those entries to their initial value.
There are 15990 events with muon pt outside of [26,200] GeV. Setting those entries to their initial value.
There are 22047 events with muon pt outside of [26,200] GeV. Setting those entries to their initial value.
There are 16735 events with muon pt outside of [26,200] GeV. Setting those entries to their initial value.
There are 24030 events with muon pt outside of [26,200] GeV. Setting those entries to their initial value.
There are 19237 events with muon pt outside of [26,200] GeV. Setting those entries to their initial value.
There are 27792 events with muon pt outside of [26,200] GeV. Setting those entries to their initial value.
There are 16052 events with muon pt outside of [26,200] GeV. Setting those entries to their initial value.
There are 23585 events with muon pt outside of [26,200] GeV. Setting those entries to their initial value.
There are 18871 events with muon pt outside of [26,200] GeV. Setting those entries to their initial value.
There are 27904 events with muon pt outside of [26,200] GeV. Setting those entries to their initial value.
There are 22211 events with muon pt outside of [26,200] GeV. Setting those entries to their initial value.
There are 23507 events with muon pt outside of [26,200] GeV. Setting those entries to their initial value.
There are 23322 events with muon pt outside of [26,200] GeV. Setting those entries to their initial value.
There are 23546 events with muon pt outside of [26,200] GeV. Setting those entries to their initial value.
There are 15468 events with muon pt outside of [26,200] GeV. Setting those entries to their initial value.
There are 19709 events with muon pt outside of [26,200] GeV. Setting those entries to their initial value.
There are 17165 events with muon pt outside of [26,200] GeV. Setting those entries to their initial value.
There are 24991 events with muon pt outside of [26,200] GeV. Setting those entries to their initial value.
There are 18582 events with muon pt outside of [26,200] GeV. Setting those entries to their initial value.
There are 26106 events with muon pt outside of [26,200] GeV. Setting those entries to their initial value.
There are 21873 events with muon pt outside of [26,200] GeV. Setting those entries to their initial value.
There are 24249 events with muon pt outside of [26,200] GeV. Setting those entries to their initial value.
There are 20344 events with muon pt outside of [26,200] GeV. Setting those entries to their initial value.
There are 30244 events with muon pt outside of [26,200] GeV. Setting those entries to their initial value.
There are 21680 events with muon pt outside of [26,200] GeV. Setting those entries to their initial value.
There are 24315 events with muon pt outside of [26,200] GeV. Setting those entries to their initial value.
There are 22479 events with muon pt outside of [26,200] GeV. Setting those entries to their initial value.
There are 23859 events with muon pt outside of [26,200] GeV. Setting those entries to their initial value.
There are 17766 events with muon pt outside of [26,200] GeV. Setting those entries to their initial value.
There are 27417 events with muon pt outside of [26,200] GeV. Setting those entries to their initial value.
There are 16673 events with muon pt outside of [26,200] GeV. Setting those entries to their initial value.
There are 21367 events with muon pt outside of [26,200] GeV. Setting those entries to their initial value.
There are 18401 events with muon pt outside of [26,200] GeV. Setting those entries to their initial value.
There are 28295 events with muon pt outside of [26,200] GeV. Setting those entries to their initial value.
There are 18591 events with muon pt outside of [26,200] GeV. Setting those entries to their initial value.
There are 28114 events with muon pt outside of [26,200] GeV. Setting those entries to their initial value.
There are 20746 events with muon pt outside of [26,200] GeV. Setting those entries to their initial value.
There are 29223 events with muon pt outside of [26,200] GeV. Setting those entries to their initial value.
There are 19911 events with muon pt outside of [26,200] GeV. Setting those entries to their initial value.
There are 23168 events with muon pt outside of [26,200] GeV. Setting those entries to their initial value.
There are 16023 events with muon pt outside of [26,200] GeV. Setting those entries to their initial value.
There are 24300 events with muon pt outside of [26,200] GeV. Setting those entries to their initial value.
There are 20801 events with muon pt outside of [26,200] GeV. Setting those entries to their initial value.
There are 23102 events with muon pt outside of [26,200] GeV. Setting those entries to their initial value.
There are 20998 events with muon pt outside of [26,200] GeV. Setting those entries to their initial value.
There are 22919 events with muon pt outside of [26,200] GeV. Setting those entries to their initial value.
There are 15553 events with muon pt outside of [26,200] GeV. Setting those entries to their initial value.
There are 20119 events with muon pt outside of [26,200] GeV. Setting those entries to their initial value.
There are 20192 events with muon pt outside of [26,200] GeV. Setting those entries to their initial value.
There are 27664 events with muon pt outside of [26,200] GeV. Setting those entries to their initial value.
There are 22761 events with muon pt outside of [26,200] GeV. Setting those entries to their initial value.
There are 34149 events with muon pt outside of [26,200] GeV. Setting those entries to their initial value.
There are 15038 events with muon pt outside of [26,200] GeV. Setting those entries to their initial value.
There are 24376 events with muon pt outside of [26,200] GeV. Setting those entries to their initial value.
There are 22656 events with muon pt outside of [26,200] GeV. Setting those entries to their initial value.
There are 33872 events with muon pt outside of [26,200] GeV. Setting those entries to their initial value.
