subject   : /DC=ch/DC=cern/OU=Organic Units/OU=Users/CN=driosper/CN=886669/CN=Diego Alejandro Rios Perez/CN=1573519443
issuer    : /DC=ch/DC=cern/OU=Organic Units/OU=Users/CN=driosper/CN=886669/CN=Diego Alejandro Rios Perez
identity  : /DC=ch/DC=cern/OU=Organic Units/OU=Users/CN=driosper/CN=886669/CN=Diego Alejandro Rios Perez
type      : RFC compliant proxy
strength  : 2048 bits
path      : /afs/cern.ch/user/d/driosper/private/x509up_u182284
timeleft  : 11:50:08
key usage : Digital Signature, Key Encipherment
=== VO cms extension information ===
VO        : cms
subject   : /DC=ch/DC=cern/OU=Organic Units/OU=Users/CN=driosper/CN=886669/CN=Diego Alejandro Rios Perez
issuer    : /DC=ch/DC=cern/OU=computers/CN=cms-auth.cern.ch
attribute : /cms/Role=NULL/Capability=NULL
timeleft  : 11:50:08
uri       : voms-cms-auth.cern.ch:15000
--workflow ztoee --year 2022preEE --output_path /eos/user/d/driosper/bsm3g_coffea/outputs/ztoee/2022preEE/EGammaC --output_format coffea --dataset EGammaC_27 --partition_json /srv/partition_fileset.json
  Preprocessing 100% ━━━━━━━━━━━━━━━━━━ 9/9 [ 0:00:18 < 0:00:00 | 0.6   file/s ]
Merging (local) 100% ━━━━━━━━━━━━━━━━━━ 9/9 [ 0:00:18 < 0:00:00 | ?   merges/s ]
     Processing 100% ━━━━━━━━━━━━━━━━ 83/83 [ 0:16:08 < 0:00:00 | 0.1  chunk/s ]
Merging (local) 100% ━━━━━━━━━━━━━━━━ 83/83 [ 0:16:08 < 0:00:00 | ?   merges/s ]
There are 18245 events with muon pt outside of [26,200] GeV. Setting those entries to their initial value.
There are 28380 events with muon pt outside of [26,200] GeV. Setting those entries to their initial value.
There are 18365 events with muon pt outside of [26,200] GeV. Setting those entries to their initial value.
There are 21364 events with muon pt outside of [26,200] GeV. Setting those entries to their initial value.
There are 15830 events with muon pt outside of [26,200] GeV. Setting those entries to their initial value.
There are 22977 events with muon pt outside of [26,200] GeV. Setting those entries to their initial value.
There are 20231 events with muon pt outside of [26,200] GeV. Setting those entries to their initial value.
There are 22219 events with muon pt outside of [26,200] GeV. Setting those entries to their initial value.
There are 16992 events with muon pt outside of [26,200] GeV. Setting those entries to their initial value.
There are 25010 events with muon pt outside of [26,200] GeV. Setting those entries to their initial value.
There are 20529 events with muon pt outside of [26,200] GeV. Setting those entries to their initial value.
There are 23074 events with muon pt outside of [26,200] GeV. Setting those entries to their initial value.
There are 19203 events with muon pt outside of [26,200] GeV. Setting those entries to their initial value.
There are 23090 events with muon pt outside of [26,200] GeV. Setting those entries to their initial value.
There are 15256 events with muon pt outside of [26,200] GeV. Setting those entries to their initial value.
There are 18371 events with muon pt outside of [26,200] GeV. Setting those entries to their initial value.
There are 17506 events with muon pt outside of [26,200] GeV. Setting those entries to their initial value.
There are 22895 events with muon pt outside of [26,200] GeV. Setting those entries to their initial value.
There are 16809 events with muon pt outside of [26,200] GeV. Setting those entries to their initial value.
There are 22736 events with muon pt outside of [26,200] GeV. Setting those entries to their initial value.
There are 15602 events with muon pt outside of [26,200] GeV. Setting those entries to their initial value.
There are 28851 events with muon pt outside of [26,200] GeV. Setting those entries to their initial value.
There are 17727 events with muon pt outside of [26,200] GeV. Setting those entries to their initial value.
There are 24754 events with muon pt outside of [26,200] GeV. Setting those entries to their initial value.
There are 22110 events with muon pt outside of [26,200] GeV. Setting those entries to their initial value.
There are 22674 events with muon pt outside of [26,200] GeV. Setting those entries to their initial value.
There are 17967 events with muon pt outside of [26,200] GeV. Setting those entries to their initial value.
There are 25329 events with muon pt outside of [26,200] GeV. Setting those entries to their initial value.
There are 22553 events with muon pt outside of [26,200] GeV. Setting those entries to their initial value.
There are 32641 events with muon pt outside of [26,200] GeV. Setting those entries to their initial value.
There are 20008 events with muon pt outside of [26,200] GeV. Setting those entries to their initial value.
There are 28084 events with muon pt outside of [26,200] GeV. Setting those entries to their initial value.
There are 22448 events with muon pt outside of [26,200] GeV. Setting those entries to their initial value.
There are 24305 events with muon pt outside of [26,200] GeV. Setting those entries to their initial value.
There are 18408 events with muon pt outside of [26,200] GeV. Setting those entries to their initial value.
There are 26539 events with muon pt outside of [26,200] GeV. Setting those entries to their initial value.
There are 21217 events with muon pt outside of [26,200] GeV. Setting those entries to their initial value.
There are 22377 events with muon pt outside of [26,200] GeV. Setting those entries to their initial value.
There are 17823 events with muon pt outside of [26,200] GeV. Setting those entries to their initial value.
There are 23957 events with muon pt outside of [26,200] GeV. Setting those entries to their initial value.
There are 19117 events with muon pt outside of [26,200] GeV. Setting those entries to their initial value.
There are 21691 events with muon pt outside of [26,200] GeV. Setting those entries to their initial value.
There are 16783 events with muon pt outside of [26,200] GeV. Setting those entries to their initial value.
There are 21568 events with muon pt outside of [26,200] GeV. Setting those entries to their initial value.
There are 16053 events with muon pt outside of [26,200] GeV. Setting those entries to their initial value.
There are 22102 events with muon pt outside of [26,200] GeV. Setting those entries to their initial value.
There are 18935 events with muon pt outside of [26,200] GeV. Setting those entries to their initial value.
There are 23784 events with muon pt outside of [26,200] GeV. Setting those entries to their initial value.
There are 17621 events with muon pt outside of [26,200] GeV. Setting those entries to their initial value.
There are 30568 events with muon pt outside of [26,200] GeV. Setting those entries to their initial value.
There are 19107 events with muon pt outside of [26,200] GeV. Setting those entries to their initial value.
There are 25665 events with muon pt outside of [26,200] GeV. Setting those entries to their initial value.
There are 18573 events with muon pt outside of [26,200] GeV. Setting those entries to their initial value.
There are 22569 events with muon pt outside of [26,200] GeV. Setting those entries to their initial value.
There are 15909 events with muon pt outside of [26,200] GeV. Setting those entries to their initial value.
There are 23600 events with muon pt outside of [26,200] GeV. Setting those entries to their initial value.
There are 21309 events with muon pt outside of [26,200] GeV. Setting those entries to their initial value.
There are 23682 events with muon pt outside of [26,200] GeV. Setting those entries to their initial value.
There are 13829 events with muon pt outside of [26,200] GeV. Setting those entries to their initial value.
There are 18594 events with muon pt outside of [26,200] GeV. Setting those entries to their initial value.
There are 17507 events with muon pt outside of [26,200] GeV. Setting those entries to their initial value.
There are 23185 events with muon pt outside of [26,200] GeV. Setting those entries to their initial value.
There are 17447 events with muon pt outside of [26,200] GeV. Setting those entries to their initial value.
There are 27474 events with muon pt outside of [26,200] GeV. Setting those entries to their initial value.
There are 17779 events with muon pt outside of [26,200] GeV. Setting those entries to their initial value.
There are 24639 events with muon pt outside of [26,200] GeV. Setting those entries to their initial value.
There are 19730 events with muon pt outside of [26,200] GeV. Setting those entries to their initial value.
There are 22200 events with muon pt outside of [26,200] GeV. Setting those entries to their initial value.
There are 17776 events with muon pt outside of [26,200] GeV. Setting those entries to their initial value.
There are 24414 events with muon pt outside of [26,200] GeV. Setting those entries to their initial value.
There are 21683 events with muon pt outside of [26,200] GeV. Setting those entries to their initial value.
There are 23618 events with muon pt outside of [26,200] GeV. Setting those entries to their initial value.
There are 19079 events with muon pt outside of [26,200] GeV. Setting those entries to their initial value.
There are 26849 events with muon pt outside of [26,200] GeV. Setting those entries to their initial value.
There are 23056 events with muon pt outside of [26,200] GeV. Setting those entries to their initial value.
There are 24334 events with muon pt outside of [26,200] GeV. Setting those entries to their initial value.
There are 17164 events with muon pt outside of [26,200] GeV. Setting those entries to their initial value.
There are 24034 events with muon pt outside of [26,200] GeV. Setting those entries to their initial value.
There are 19884 events with muon pt outside of [26,200] GeV. Setting those entries to their initial value.
There are 22038 events with muon pt outside of [26,200] GeV. Setting those entries to their initial value.
There are 17785 events with muon pt outside of [26,200] GeV. Setting those entries to their initial value.
There are 23992 events with muon pt outside of [26,200] GeV. Setting those entries to their initial value.
There are 20542 events with muon pt outside of [26,200] GeV. Setting those entries to their initial value.
There are 21961 events with muon pt outside of [26,200] GeV. Setting those entries to their initial value.
There are 15726 events with muon pt outside of [26,200] GeV. Setting those entries to their initial value.
There are 22552 events with muon pt outside of [26,200] GeV. Setting those entries to their initial value.
There are 16379 events with muon pt outside of [26,200] GeV. Setting those entries to their initial value.
There are 21528 events with muon pt outside of [26,200] GeV. Setting those entries to their initial value.
There are 15833 events with muon pt outside of [26,200] GeV. Setting those entries to their initial value.
There are 21587 events with muon pt outside of [26,200] GeV. Setting those entries to their initial value.
There are 19742 events with muon pt outside of [26,200] GeV. Setting those entries to their initial value.
There are 31725 events with muon pt outside of [26,200] GeV. Setting those entries to their initial value.
There are 17470 events with muon pt outside of [26,200] GeV. Setting those entries to their initial value.
There are 23002 events with muon pt outside of [26,200] GeV. Setting those entries to their initial value.
There are 17875 events with muon pt outside of [26,200] GeV. Setting those entries to their initial value.
There are 22418 events with muon pt outside of [26,200] GeV. Setting those entries to their initial value.
There are 16579 events with muon pt outside of [26,200] GeV. Setting those entries to their initial value.
There are 23063 events with muon pt outside of [26,200] GeV. Setting those entries to their initial value.
There are 20226 events with muon pt outside of [26,200] GeV. Setting those entries to their initial value.
There are 23779 events with muon pt outside of [26,200] GeV. Setting those entries to their initial value.
There are 15296 events with muon pt outside of [26,200] GeV. Setting those entries to their initial value.
There are 22269 events with muon pt outside of [26,200] GeV. Setting those entries to their initial value.
There are 14889 events with muon pt outside of [26,200] GeV. Setting those entries to their initial value.
There are 22232 events with muon pt outside of [26,200] GeV. Setting those entries to their initial value.
There are 17744 events with muon pt outside of [26,200] GeV. Setting those entries to their initial value.
There are 24744 events with muon pt outside of [26,200] GeV. Setting those entries to their initial value.
There are 16544 events with muon pt outside of [26,200] GeV. Setting those entries to their initial value.
There are 22191 events with muon pt outside of [26,200] GeV. Setting those entries to their initial value.
There are 19070 events with muon pt outside of [26,200] GeV. Setting those entries to their initial value.
There are 29853 events with muon pt outside of [26,200] GeV. Setting those entries to their initial value.
There are 19049 events with muon pt outside of [26,200] GeV. Setting those entries to their initial value.
There are 22754 events with muon pt outside of [26,200] GeV. Setting those entries to their initial value.
There are 18630 events with muon pt outside of [26,200] GeV. Setting those entries to their initial value.
There are 22784 events with muon pt outside of [26,200] GeV. Setting those entries to their initial value.
There are 18817 events with muon pt outside of [26,200] GeV. Setting those entries to their initial value.
There are 25147 events with muon pt outside of [26,200] GeV. Setting those entries to their initial value.
There are 17110 events with muon pt outside of [26,200] GeV. Setting those entries to their initial value.
There are 22433 events with muon pt outside of [26,200] GeV. Setting those entries to their initial value.
There are 19263 events with muon pt outside of [26,200] GeV. Setting those entries to their initial value.
There are 21690 events with muon pt outside of [26,200] GeV. Setting those entries to their initial value.
There are 22213 events with muon pt outside of [26,200] GeV. Setting those entries to their initial value.
There are 22320 events with muon pt outside of [26,200] GeV. Setting those entries to their initial value.
There are 18551 events with muon pt outside of [26,200] GeV. Setting those entries to their initial value.
There are 22779 events with muon pt outside of [26,200] GeV. Setting those entries to their initial value.
There are 21045 events with muon pt outside of [26,200] GeV. Setting those entries to their initial value.
There are 38836 events with muon pt outside of [26,200] GeV. Setting those entries to their initial value.
There are 16364 events with muon pt outside of [26,200] GeV. Setting those entries to their initial value.
There are 25338 events with muon pt outside of [26,200] GeV. Setting those entries to their initial value.
There are 20647 events with muon pt outside of [26,200] GeV. Setting those entries to their initial value.
There are 22596 events with muon pt outside of [26,200] GeV. Setting those entries to their initial value.
There are 17323 events with muon pt outside of [26,200] GeV. Setting those entries to their initial value.
There are 23497 events with muon pt outside of [26,200] GeV. Setting those entries to their initial value.
There are 19382 events with muon pt outside of [26,200] GeV. Setting those entries to their initial value.
There are 30191 events with muon pt outside of [26,200] GeV. Setting those entries to their initial value.
There are 17949 events with muon pt outside of [26,200] GeV. Setting those entries to their initial value.
There are 26554 events with muon pt outside of [26,200] GeV. Setting those entries to their initial value.
There are 19670 events with muon pt outside of [26,200] GeV. Setting those entries to their initial value.
There are 22705 events with muon pt outside of [26,200] GeV. Setting those entries to their initial value.
There are 16940 events with muon pt outside of [26,200] GeV. Setting those entries to their initial value.
There are 22057 events with muon pt outside of [26,200] GeV. Setting those entries to their initial value.
There are 17659 events with muon pt outside of [26,200] GeV. Setting those entries to their initial value.
There are 26585 events with muon pt outside of [26,200] GeV. Setting those entries to their initial value.
There are 20713 events with muon pt outside of [26,200] GeV. Setting those entries to their initial value.
There are 23404 events with muon pt outside of [26,200] GeV. Setting those entries to their initial value.
There are 17902 events with muon pt outside of [26,200] GeV. Setting those entries to their initial value.
There are 22058 events with muon pt outside of [26,200] GeV. Setting those entries to their initial value.
There are 17606 events with muon pt outside of [26,200] GeV. Setting those entries to their initial value.
There are 27861 events with muon pt outside of [26,200] GeV. Setting those entries to their initial value.
There are 18304 events with muon pt outside of [26,200] GeV. Setting those entries to their initial value.
There are 24904 events with muon pt outside of [26,200] GeV. Setting those entries to their initial value.
There are 15504 events with muon pt outside of [26,200] GeV. Setting those entries to their initial value.
There are 20946 events with muon pt outside of [26,200] GeV. Setting those entries to their initial value.
There are 18777 events with muon pt outside of [26,200] GeV. Setting those entries to their initial value.
There are 23830 events with muon pt outside of [26,200] GeV. Setting those entries to their initial value.
There are 22818 events with muon pt outside of [26,200] GeV. Setting those entries to their initial value.
There are 23467 events with muon pt outside of [26,200] GeV. Setting those entries to their initial value.
There are 18036 events with muon pt outside of [26,200] GeV. Setting those entries to their initial value.
There are 24622 events with muon pt outside of [26,200] GeV. Setting those entries to their initial value.
There are 21699 events with muon pt outside of [26,200] GeV. Setting those entries to their initial value.
There are 24166 events with muon pt outside of [26,200] GeV. Setting those entries to their initial value.
There are 18493 events with muon pt outside of [26,200] GeV. Setting those entries to their initial value.
There are 26024 events with muon pt outside of [26,200] GeV. Setting those entries to their initial value.
There are 19820 events with muon pt outside of [26,200] GeV. Setting those entries to their initial value.
There are 22379 events with muon pt outside of [26,200] GeV. Setting those entries to their initial value.
There are 25297 events with muon pt outside of [26,200] GeV. Setting those entries to their initial value.
There are 27082 events with muon pt outside of [26,200] GeV. Setting those entries to their initial value.
