subject   : /DC=ch/DC=cern/OU=Organic Units/OU=Users/CN=driosper/CN=886669/CN=Diego Alejandro Rios Perez/CN=1573519443
issuer    : /DC=ch/DC=cern/OU=Organic Units/OU=Users/CN=driosper/CN=886669/CN=Diego Alejandro Rios Perez
identity  : /DC=ch/DC=cern/OU=Organic Units/OU=Users/CN=driosper/CN=886669/CN=Diego Alejandro Rios Perez
type      : RFC compliant proxy
strength  : 2048 bits
path      : /afs/cern.ch/user/d/driosper/private/x509up_u182284
timeleft  : 11:50:14
key usage : Digital Signature, Key Encipherment
=== VO cms extension information ===
VO        : cms
subject   : /DC=ch/DC=cern/OU=Organic Units/OU=Users/CN=driosper/CN=886669/CN=Diego Alejandro Rios Perez
issuer    : /DC=ch/DC=cern/OU=computers/CN=cms-auth.cern.ch
attribute : /cms/Role=NULL/Capability=NULL
timeleft  : 11:50:14
uri       : voms-cms-auth.cern.ch:15000
--workflow ztoee --year 2022preEE --output_path /eos/user/d/driosper/bsm3g_coffea/outputs/ztoee/2022preEE/EGammaC --output_format coffea --dataset EGammaC_11 --partition_json /srv/partition_fileset.json
  Preprocessing 100% ━━━━━━━━━━━━━━━━ 10/10 [ 0:00:17 < 0:00:00 | 0.6   file/s ]
Merging (local) 100% ━━━━━━━━━━━━━━━━ 10/10 [ 0:00:17 < 0:00:00 | ?   merges/s ]
     Processing 100% ━━━━━━━━━━━━━━━━ 71/71 [ 0:18:12 < 0:00:00 | 0.5  chunk/s ]
Merging (local) 100% ━━━━━━━━━━━━━━━━ 71/71 [ 0:18:12 < 0:00:00 | ?   merges/s ]
There are 21021 events with muon pt outside of [26,200] GeV. Setting those entries to their initial value.
There are 25105 events with muon pt outside of [26,200] GeV. Setting those entries to their initial value.
There are 18713 events with muon pt outside of [26,200] GeV. Setting those entries to their initial value.
There are 23221 events with muon pt outside of [26,200] GeV. Setting those entries to their initial value.
There are 19527 events with muon pt outside of [26,200] GeV. Setting those entries to their initial value.
There are 31893 events with muon pt outside of [26,200] GeV. Setting those entries to their initial value.
There are 22458 events with muon pt outside of [26,200] GeV. Setting those entries to their initial value.
There are 24263 events with muon pt outside of [26,200] GeV. Setting those entries to their initial value.
There are 21171 events with muon pt outside of [26,200] GeV. Setting those entries to their initial value.
There are 23511 events with muon pt outside of [26,200] GeV. Setting those entries to their initial value.
There are 20070 events with muon pt outside of [26,200] GeV. Setting those entries to their initial value.
There are 22706 events with muon pt outside of [26,200] GeV. Setting those entries to their initial value.
There are 19747 events with muon pt outside of [26,200] GeV. Setting those entries to their initial value.
There are 29221 events with muon pt outside of [26,200] GeV. Setting those entries to their initial value.
There are 21661 events with muon pt outside of [26,200] GeV. Setting those entries to their initial value.
There are 23827 events with muon pt outside of [26,200] GeV. Setting those entries to their initial value.
There are 19351 events with muon pt outside of [26,200] GeV. Setting those entries to their initial value.
There are 27674 events with muon pt outside of [26,200] GeV. Setting those entries to their initial value.
There are 20943 events with muon pt outside of [26,200] GeV. Setting those entries to their initial value.
There are 23132 events with muon pt outside of [26,200] GeV. Setting those entries to their initial value.
There are 14440 events with muon pt outside of [26,200] GeV. Setting those entries to their initial value.
There are 21330 events with muon pt outside of [26,200] GeV. Setting those entries to their initial value.
There are 20910 events with muon pt outside of [26,200] GeV. Setting those entries to their initial value.
There are 26158 events with muon pt outside of [26,200] GeV. Setting those entries to their initial value.
There are 14715 events with muon pt outside of [26,200] GeV. Setting those entries to their initial value.
There are 20924 events with muon pt outside of [26,200] GeV. Setting those entries to their initial value.
There are 16970 events with muon pt outside of [26,200] GeV. Setting those entries to their initial value.
There are 21820 events with muon pt outside of [26,200] GeV. Setting those entries to their initial value.
There are 17932 events with muon pt outside of [26,200] GeV. Setting those entries to their initial value.
There are 24960 events with muon pt outside of [26,200] GeV. Setting those entries to their initial value.
There are 19688 events with muon pt outside of [26,200] GeV. Setting those entries to their initial value.
There are 22247 events with muon pt outside of [26,200] GeV. Setting those entries to their initial value.
There are 14284 events with muon pt outside of [26,200] GeV. Setting those entries to their initial value.
There are 22149 events with muon pt outside of [26,200] GeV. Setting those entries to their initial value.
There are 13470 events with muon pt outside of [26,200] GeV. Setting those entries to their initial value.
There are 19358 events with muon pt outside of [26,200] GeV. Setting those entries to their initial value.
There are 20041 events with muon pt outside of [26,200] GeV. Setting those entries to their initial value.
There are 26142 events with muon pt outside of [26,200] GeV. Setting those entries to their initial value.
There are 22444 events with muon pt outside of [26,200] GeV. Setting those entries to their initial value.
There are 31684 events with muon pt outside of [26,200] GeV. Setting those entries to their initial value.
There are 19963 events with muon pt outside of [26,200] GeV. Setting those entries to their initial value.
There are 27388 events with muon pt outside of [26,200] GeV. Setting those entries to their initial value.
There are 22970 events with muon pt outside of [26,200] GeV. Setting those entries to their initial value.
There are 24123 events with muon pt outside of [26,200] GeV. Setting those entries to their initial value.
There are 17999 events with muon pt outside of [26,200] GeV. Setting those entries to their initial value.
There are 25782 events with muon pt outside of [26,200] GeV. Setting those entries to their initial value.
There are 18805 events with muon pt outside of [26,200] GeV. Setting those entries to their initial value.
There are 25416 events with muon pt outside of [26,200] GeV. Setting those entries to their initial value.
There are 21775 events with muon pt outside of [26,200] GeV. Setting those entries to their initial value.
There are 25641 events with muon pt outside of [26,200] GeV. Setting those entries to their initial value.
There are 18960 events with muon pt outside of [26,200] GeV. Setting those entries to their initial value.
There are 26356 events with muon pt outside of [26,200] GeV. Setting those entries to their initial value.
There are 11779 events with muon pt outside of [26,200] GeV. Setting those entries to their initial value.
There are 23990 events with muon pt outside of [26,200] GeV. Setting those entries to their initial value.
There are 20080 events with muon pt outside of [26,200] GeV. Setting those entries to their initial value.
There are 35927 events with muon pt outside of [26,200] GeV. Setting those entries to their initial value.
There are 14014 events with muon pt outside of [26,200] GeV. Setting those entries to their initial value.
There are 20454 events with muon pt outside of [26,200] GeV. Setting those entries to their initial value.
There are 18450 events with muon pt outside of [26,200] GeV. Setting those entries to their initial value.
There are 24794 events with muon pt outside of [26,200] GeV. Setting those entries to their initial value.
There are 15799 events with muon pt outside of [26,200] GeV. Setting those entries to their initial value.
There are 22802 events with muon pt outside of [26,200] GeV. Setting those entries to their initial value.
There are 18525 events with muon pt outside of [26,200] GeV. Setting those entries to their initial value.
There are 28280 events with muon pt outside of [26,200] GeV. Setting those entries to their initial value.
There are 18690 events with muon pt outside of [26,200] GeV. Setting those entries to their initial value.
There are 26041 events with muon pt outside of [26,200] GeV. Setting those entries to their initial value.
There are 18327 events with muon pt outside of [26,200] GeV. Setting those entries to their initial value.
There are 21777 events with muon pt outside of [26,200] GeV. Setting those entries to their initial value.
There are 13862 events with muon pt outside of [26,200] GeV. Setting those entries to their initial value.
There are 19400 events with muon pt outside of [26,200] GeV. Setting those entries to their initial value.
There are 20450 events with muon pt outside of [26,200] GeV. Setting those entries to their initial value.
There are 31954 events with muon pt outside of [26,200] GeV. Setting those entries to their initial value.
There are 23784 events with muon pt outside of [26,200] GeV. Setting those entries to their initial value.
There are 24691 events with muon pt outside of [26,200] GeV. Setting those entries to their initial value.
There are 19004 events with muon pt outside of [26,200] GeV. Setting those entries to their initial value.
There are 24605 events with muon pt outside of [26,200] GeV. Setting those entries to their initial value.
There are 19868 events with muon pt outside of [26,200] GeV. Setting those entries to their initial value.
There are 27668 events with muon pt outside of [26,200] GeV. Setting those entries to their initial value.
There are 20417 events with muon pt outside of [26,200] GeV. Setting those entries to their initial value.
There are 23680 events with muon pt outside of [26,200] GeV. Setting those entries to their initial value.
There are 18642 events with muon pt outside of [26,200] GeV. Setting those entries to their initial value.
There are 22609 events with muon pt outside of [26,200] GeV. Setting those entries to their initial value.
There are 18952 events with muon pt outside of [26,200] GeV. Setting those entries to their initial value.
There are 26422 events with muon pt outside of [26,200] GeV. Setting those entries to their initial value.
There are 22313 events with muon pt outside of [26,200] GeV. Setting those entries to their initial value.
There are 23884 events with muon pt outside of [26,200] GeV. Setting those entries to their initial value.
There are 18407 events with muon pt outside of [26,200] GeV. Setting those entries to their initial value.
There are 29502 events with muon pt outside of [26,200] GeV. Setting those entries to their initial value.
There are 16517 events with muon pt outside of [26,200] GeV. Setting those entries to their initial value.
There are 22066 events with muon pt outside of [26,200] GeV. Setting those entries to their initial value.
There are 13763 events with muon pt outside of [26,200] GeV. Setting those entries to their initial value.
There are 20237 events with muon pt outside of [26,200] GeV. Setting those entries to their initial value.
There are 23848 events with muon pt outside of [26,200] GeV. Setting those entries to their initial value.
There are 24546 events with muon pt outside of [26,200] GeV. Setting those entries to their initial value.
There are 19207 events with muon pt outside of [26,200] GeV. Setting those entries to their initial value.
There are 24858 events with muon pt outside of [26,200] GeV. Setting those entries to their initial value.
There are 15774 events with muon pt outside of [26,200] GeV. Setting those entries to their initial value.
There are 19887 events with muon pt outside of [26,200] GeV. Setting those entries to their initial value.
There are 17757 events with muon pt outside of [26,200] GeV. Setting those entries to their initial value.
There are 24454 events with muon pt outside of [26,200] GeV. Setting those entries to their initial value.
There are 21006 events with muon pt outside of [26,200] GeV. Setting those entries to their initial value.
There are 22712 events with muon pt outside of [26,200] GeV. Setting those entries to their initial value.
There are 15759 events with muon pt outside of [26,200] GeV. Setting those entries to their initial value.
There are 22355 events with muon pt outside of [26,200] GeV. Setting those entries to their initial value.
There are 14522 events with muon pt outside of [26,200] GeV. Setting those entries to their initial value.
There are 20813 events with muon pt outside of [26,200] GeV. Setting those entries to their initial value.
There are 18956 events with muon pt outside of [26,200] GeV. Setting those entries to their initial value.
There are 26295 events with muon pt outside of [26,200] GeV. Setting those entries to their initial value.
There are 20547 events with muon pt outside of [26,200] GeV. Setting those entries to their initial value.
There are 23423 events with muon pt outside of [26,200] GeV. Setting those entries to their initial value.
There are 18186 events with muon pt outside of [26,200] GeV. Setting those entries to their initial value.
There are 24291 events with muon pt outside of [26,200] GeV. Setting those entries to their initial value.
There are 17485 events with muon pt outside of [26,200] GeV. Setting those entries to their initial value.
There are 24601 events with muon pt outside of [26,200] GeV. Setting those entries to their initial value.
There are 16604 events with muon pt outside of [26,200] GeV. Setting those entries to their initial value.
There are 23335 events with muon pt outside of [26,200] GeV. Setting those entries to their initial value.
There are 17611 events with muon pt outside of [26,200] GeV. Setting those entries to their initial value.
There are 28715 events with muon pt outside of [26,200] GeV. Setting those entries to their initial value.
There are 19370 events with muon pt outside of [26,200] GeV. Setting those entries to their initial value.
There are 24011 events with muon pt outside of [26,200] GeV. Setting those entries to their initial value.
There are 20252 events with muon pt outside of [26,200] GeV. Setting those entries to their initial value.
There are 31163 events with muon pt outside of [26,200] GeV. Setting those entries to their initial value.
There are 19084 events with muon pt outside of [26,200] GeV. Setting those entries to their initial value.
There are 23805 events with muon pt outside of [26,200] GeV. Setting those entries to their initial value.
There are 17627 events with muon pt outside of [26,200] GeV. Setting those entries to their initial value.
There are 23598 events with muon pt outside of [26,200] GeV. Setting those entries to their initial value.
There are 20031 events with muon pt outside of [26,200] GeV. Setting those entries to their initial value.
There are 23145 events with muon pt outside of [26,200] GeV. Setting those entries to their initial value.
There are 17276 events with muon pt outside of [26,200] GeV. Setting those entries to their initial value.
There are 24051 events with muon pt outside of [26,200] GeV. Setting those entries to their initial value.
There are 20733 events with muon pt outside of [26,200] GeV. Setting those entries to their initial value.
There are 28140 events with muon pt outside of [26,200] GeV. Setting those entries to their initial value.
There are 21375 events with muon pt outside of [26,200] GeV. Setting those entries to their initial value.
There are 23837 events with muon pt outside of [26,200] GeV. Setting those entries to their initial value.
There are 18219 events with muon pt outside of [26,200] GeV. Setting those entries to their initial value.
There are 27252 events with muon pt outside of [26,200] GeV. Setting those entries to their initial value.
There are 17153 events with muon pt outside of [26,200] GeV. Setting those entries to their initial value.
There are 21139 events with muon pt outside of [26,200] GeV. Setting those entries to their initial value.
There are 18841 events with muon pt outside of [26,200] GeV. Setting those entries to their initial value.
There are 22179 events with muon pt outside of [26,200] GeV. Setting those entries to their initial value.
There are 14205 events with muon pt outside of [26,200] GeV. Setting those entries to their initial value.
There are 19394 events with muon pt outside of [26,200] GeV. Setting those entries to their initial value.
