000 (14788593.011.000) 03/03 04:17:53 Job submitted from host: <188.184.90.62:9618?addrs=188.184.90.62-9618+[2001-1458-201-e4--100-238]-9618&alias=bigbird16.cern.ch&noUDP&sock=schedd_5196_9a2f>
...
040 (14788593.011.000) 03/03 04:18:29 Started transferring input files
	Transferring to host: <188.185.212.25:9618?addrs=188.185.212.25-9618+[2001-1458-303-18--100-15]-9618&alias=b9p25p0187.cern.ch&noUDP&sock=slot1_30_5518_ae19_178721>
...
040 (14788593.011.000) 03/03 04:18:29 Finished transferring input files
...
001 (14788593.011.000) 03/03 04:18:30 Job executing on host: <188.185.212.25:9618?addrs=188.185.212.25-9618+[2001-1458-303-18--100-15]-9618&alias=b9p25p0187.cern.ch&noUDP&sock=startd_4558_fcc3>
	SlotName: slot1_30@b9p25p0187.cern.ch
	CondorScratchDir = "/pool/condor/dir_3385654"
	Cpus = 1
	Disk = 3843
	GPUs = 0
	Memory = 3000
...
006 (14788593.011.000) 03/03 04:18:44 Image size of job updated: 496768
	486  -  MemoryUsage of job (MB)
	496768  -  ResidentSetSize of job (KB)
...
006 (14788593.011.000) 03/03 04:23:45 Image size of job updated: 2409648
	2354  -  MemoryUsage of job (MB)
	2409648  -  ResidentSetSize of job (KB)
...
006 (14788593.011.000) 03/03 04:27:26 Image size of job updated: 2516220
	2354  -  MemoryUsage of job (MB)
	2409648  -  ResidentSetSize of job (KB)
...
040 (14788593.011.000) 03/03 04:27:26 Started transferring output files
...
040 (14788593.011.000) 03/03 04:27:26 Finished transferring output files
...
005 (14788593.011.000) 03/03 04:27:26 Job terminated.
	(1) Normal termination (return value 1)
		Usr 0 00:20:18, Sys 0 00:00:49  -  Run Remote Usage
		Usr 0 00:00:00, Sys 0 00:00:00  -  Run Local Usage
		Usr 0 00:20:18, Sys 0 00:00:49  -  Total Remote Usage
		Usr 0 00:00:00, Sys 0 00:00:00  -  Total Local Usage
	41058  -  Run Bytes Sent By Job
	37008  -  Run Bytes Received By Job
	41058  -  Total Bytes Sent By Job
	37008  -  Total Bytes Received By Job
	Partitionable Resources :    Usage  Request Allocated 
	   Cpus                 :     2.10        1         1 
	   Disk (KB)            :   102          40      3843 
	   GPUs                 :                           0 
	   Memory (MB)          :  2354        3000      3000 
	   TimeExecute (s)      :   536                       
	   TimeSlotBusy (s)     :   538                       

	Job terminated of its own accord at 2026-03-03T03:27:26Z with exit-code 1.
...
