000 (14788593.010.000) 03/03 04:17:53 Job submitted from host: <188.184.90.62:9618?addrs=188.184.90.62-9618+[2001-1458-201-e4--100-238]-9618&alias=bigbird16.cern.ch&noUDP&sock=schedd_5196_9a2f>
...
040 (14788593.010.000) 03/03 04:18:23 Started transferring input files
	Transferring to host: <188.185.215.51:9618?addrs=188.185.215.51-9618+[2001-1458-303-1e--100-2f]-9618&alias=b9p31p7647.cern.ch&noUDP&sock=slot1_38_4441_d60e_177255>
...
040 (14788593.010.000) 03/03 04:18:23 Finished transferring input files
...
001 (14788593.010.000) 03/03 04:18:24 Job executing on host: <188.185.215.51:9618?addrs=188.185.215.51-9618+[2001-1458-303-1e--100-2f]-9618&alias=b9p31p7647.cern.ch&noUDP&sock=startd_3755_3236>
	SlotName: slot1_38@b9p31p7647.cern.ch
	CondorScratchDir = "/pool/condor/dir_2899559"
	Cpus = 1
	Disk = 3892
	GPUs = 0
	Memory = 3000
...
006 (14788593.010.000) 03/03 04:18:38 Image size of job updated: 529840
	518  -  MemoryUsage of job (MB)
	529840  -  ResidentSetSize of job (KB)
...
006 (14788593.010.000) 03/03 04:23:38 Image size of job updated: 2431136
	2335  -  MemoryUsage of job (MB)
	2390040  -  ResidentSetSize of job (KB)
...
006 (14788593.010.000) 03/03 04:24:28 Image size of job updated: 2621868
	2335  -  MemoryUsage of job (MB)
	2390040  -  ResidentSetSize of job (KB)
...
040 (14788593.010.000) 03/03 04:24:28 Started transferring output files
...
040 (14788593.010.000) 03/03 04:24:28 Finished transferring output files
...
005 (14788593.010.000) 03/03 04:24:28 Job terminated.
	(1) Normal termination (return value 1)
		Usr 0 00:09:54, Sys 0 00:00:19  -  Run Remote Usage
		Usr 0 00:00:00, Sys 0 00:00:00  -  Run Local Usage
		Usr 0 00:09:54, Sys 0 00:00:19  -  Total Remote Usage
		Usr 0 00:00:00, Sys 0 00:00:00  -  Total Local Usage
	30685  -  Run Bytes Sent By Job
	37008  -  Run Bytes Received By Job
	30685  -  Total Bytes Sent By Job
	37008  -  Total Bytes Received By Job
	Partitionable Resources :    Usage  Request Allocated 
	   Cpus                 :        0        1         1 
	   Disk (KB)            :       92       40      3892 
	   GPUs                 :                           0 
	   Memory (MB)          :     2335     3000      3000 
	   TimeExecute (s)      :      364                    
	   TimeSlotBusy (s)     :      366                    

	Job terminated of its own accord at 2026-03-03T03:24:28Z with exit-code 1.
...
