000 (14788593.007.000) 03/03 04:17:53 Job submitted from host: <188.184.90.62:9618?addrs=188.184.90.62-9618+[2001-1458-201-e4--100-238]-9618&alias=bigbird16.cern.ch&noUDP&sock=schedd_5196_9a2f>
...
040 (14788593.007.000) 03/03 04:18:22 Started transferring input files
	Transferring to host: <188.185.215.176:9618?addrs=188.185.215.176-9618+[2001-1458-303-26--100-2c]-9618&alias=b9p18p7146.cern.ch&noUDP&sock=slot1_35_1384226_309a_98386>
...
040 (14788593.007.000) 03/03 04:18:22 Finished transferring input files
...
001 (14788593.007.000) 03/03 04:18:23 Job executing on host: <188.185.215.176:9618?addrs=188.185.215.176-9618+[2001-1458-303-26--100-2c]-9618&alias=b9p18p7146.cern.ch&noUDP&sock=startd_7282_6cbe>
	SlotName: slot1_35@b9p18p7146.cern.ch
	CondorScratchDir = "/pool/condor/dir_554635"
	Cpus = 1
	Disk = 3748
	GPUs = 0
	Memory = 3000
...
006 (14788593.007.000) 03/03 04:18:37 Image size of job updated: 551272
	539  -  MemoryUsage of job (MB)
	551272  -  ResidentSetSize of job (KB)
...
006 (14788593.007.000) 03/03 04:21:54 Image size of job updated: 2148156
	539  -  MemoryUsage of job (MB)
	551344  -  ResidentSetSize of job (KB)
...
040 (14788593.007.000) 03/03 04:21:54 Started transferring output files
...
040 (14788593.007.000) 03/03 04:21:54 Finished transferring output files
...
005 (14788593.007.000) 03/03 04:21:54 Job terminated.
	(1) Normal termination (return value 1)
		Usr 0 00:06:07, Sys 0 00:00:13  -  Run Remote Usage
		Usr 0 00:00:00, Sys 0 00:00:00  -  Run Local Usage
		Usr 0 00:06:07, Sys 0 00:00:13  -  Total Remote Usage
		Usr 0 00:00:00, Sys 0 00:00:00  -  Total Local Usage
	22529  -  Run Bytes Sent By Job
	37008  -  Run Bytes Received By Job
	22529  -  Total Bytes Sent By Job
	37008  -  Total Bytes Received By Job
	Partitionable Resources :    Usage  Request Allocated 
	   Cpus                 :        0        1         1 
	   Disk (KB)            :       84       40      3748 
	   GPUs                 :                           0 
	   Memory (MB)          :      539     3000      3000 
	   TimeExecute (s)      :      211                    
	   TimeSlotBusy (s)     :      213                    

	Job terminated of its own accord at 2026-03-03T03:21:54Z with exit-code 1.
...
