subject   : /DC=ch/DC=cern/OU=Organic Units/OU=Users/CN=driosper/CN=886669/CN=Diego Alejandro Rios Perez/CN=2735051137
issuer    : /DC=ch/DC=cern/OU=Organic Units/OU=Users/CN=driosper/CN=886669/CN=Diego Alejandro Rios Perez
identity  : /DC=ch/DC=cern/OU=Organic Units/OU=Users/CN=driosper/CN=886669/CN=Diego Alejandro Rios Perez
type      : RFC compliant proxy
strength  : 2048 bits
path      : /afs/cern.ch/user/d/driosper/private/x509up_u182284
timeleft  : 5:19:11
key usage : Digital Signature, Key Encipherment
=== VO cms extension information ===
VO        : cms
subject   : /DC=ch/DC=cern/OU=Organic Units/OU=Users/CN=driosper/CN=886669/CN=Diego Alejandro Rios Perez
issuer    : /DC=ch/DC=cern/OU=computers/CN=cms-auth.cern.ch
attribute : /cms/Role=NULL/Capability=NULL
timeleft  : 5:19:11
uri       : voms-cms-auth.cern.ch:15000
--workflow 2b1mu --year 2022preEE --output_path /eos/user/d/driosper/bsm3g_coffea/outputs/2b1mu/2022preEE/DYJetsToLL_inclusive_10to50 --output_format coffea --dataset DYJetsToLL_inclusive_10to50_12 --partition_json /srv/partition_fileset.json
  Preprocessing 100% ━━━━━━━━━━━━━━━━ 10/10 [ 0:00:14 < 0:00:00 | 0.7   file/s ]
Merging (local) 100% ━━━━━━━━━━━━━━━━ 10/10 [ 0:00:14 < 0:00:00 | ?   merges/s ]
     Processing  19% ━━━               8/43 [ 0:00:52 < 0:00:51 | 0.7  chunk/s ]
Merging (local) 100% ━━━━━━━━━━━━━━━━━  7/7 [ 0:00:51 < 0:00:00 | ?   merges/s ]
There are 27697 events with muon pt outside of [26,200] GeV. Setting those entries to their initial value.
There are 27697 events with muon pt outside of [26,200] GeV. Setting those entries to their initial value.
There are 101 nan entries in the corrected pt. This might be due to the number of tracker layers hitting boundaries. Setting those entries to their initial value.
There are 23243 events with muon pt outside of [26,200] GeV. Setting those entries to their initial value.
There are 23243 events with muon pt outside of [26,200] GeV. Setting those entries to their initial value.
There are 55 nan entries in the corrected pt. This might be due to the number of tracker layers hitting boundaries. Setting those entries to their initial value.
There are 28107 events with muon pt outside of [26,200] GeV. Setting those entries to their initial value.
There are 28108 events with muon pt outside of [26,200] GeV. Setting those entries to their initial value.
There are 97 nan entries in the corrected pt. This might be due to the number of tracker layers hitting boundaries. Setting those entries to their initial value.
There are 25525 events with muon pt outside of [26,200] GeV. Setting those entries to their initial value.
There are 25526 events with muon pt outside of [26,200] GeV. Setting those entries to their initial value.
There are 67 nan entries in the corrected pt. This might be due to the number of tracker layers hitting boundaries. Setting those entries to their initial value.
There are 24417 events with muon pt outside of [26,200] GeV. Setting those entries to their initial value.
There are 24418 events with muon pt outside of [26,200] GeV. Setting those entries to their initial value.
There are 64 nan entries in the corrected pt. This might be due to the number of tracker layers hitting boundaries. Setting those entries to their initial value.
There are 24407 events with muon pt outside of [26,200] GeV. Setting those entries to their initial value.
There are 24407 events with muon pt outside of [26,200] GeV. Setting those entries to their initial value.
There are 75 nan entries in the corrected pt. This might be due to the number of tracker layers hitting boundaries. Setting those entries to their initial value.
There are 24355 events with muon pt outside of [26,200] GeV. Setting those entries to their initial value.
There are 24355 events with muon pt outside of [26,200] GeV. Setting those entries to their initial value.
There are 76 nan entries in the corrected pt. This might be due to the number of tracker layers hitting boundaries. Setting those entries to their initial value.
There are 26665 events with muon pt outside of [26,200] GeV. Setting those entries to their initial value.
There are 26665 events with muon pt outside of [26,200] GeV. Setting those entries to their initial value.
There are 76 nan entries in the corrected pt. This might be due to the number of tracker layers hitting boundaries. Setting those entries to their initial value.
There are 25080 events with muon pt outside of [26,200] GeV. Setting those entries to their initial value.
There are 25080 events with muon pt outside of [26,200] GeV. Setting those entries to their initial value.
There are 81 nan entries in the corrected pt. This might be due to the number of tracker layers hitting boundaries. Setting those entries to their initial value.
There are 25038 events with muon pt outside of [26,200] GeV. Setting those entries to their initial value.
There are 25038 events with muon pt outside of [26,200] GeV. Setting those entries to their initial value.
There are 63 nan entries in the corrected pt. This might be due to the number of tracker layers hitting boundaries. Setting those entries to their initial value.
There are 28081 events with muon pt outside of [26,200] GeV. Setting those entries to their initial value.
There are 28081 events with muon pt outside of [26,200] GeV. Setting those entries to their initial value.
There are 69 nan entries in the corrected pt. This might be due to the number of tracker layers hitting boundaries. Setting those entries to their initial value.
There are 23174 events with muon pt outside of [26,200] GeV. Setting those entries to their initial value.
There are 23175 events with muon pt outside of [26,200] GeV. Setting those entries to their initial value.
There are 72 nan entries in the corrected pt. This might be due to the number of tracker layers hitting boundaries. Setting those entries to their initial value.
There are 27950 events with muon pt outside of [26,200] GeV. Setting those entries to their initial value.
There are 27953 events with muon pt outside of [26,200] GeV. Setting those entries to their initial value.
There are 70 nan entries in the corrected pt. This might be due to the number of tracker layers hitting boundaries. Setting those entries to their initial value.
There are 25279 events with muon pt outside of [26,200] GeV. Setting those entries to their initial value.
There are 25279 events with muon pt outside of [26,200] GeV. Setting those entries to their initial value.
There are 91 nan entries in the corrected pt. This might be due to the number of tracker layers hitting boundaries. Setting those entries to their initial value.
There are 25266 events with muon pt outside of [26,200] GeV. Setting those entries to their initial value.
There are 25266 events with muon pt outside of [26,200] GeV. Setting those entries to their initial value.
There are 81 nan entries in the corrected pt. This might be due to the number of tracker layers hitting boundaries. Setting those entries to their initial value.
There are 24497 events with muon pt outside of [26,200] GeV. Setting those entries to their initial value.
There are 24497 events with muon pt outside of [26,200] GeV. Setting those entries to their initial value.
There are 84 nan entries in the corrected pt. This might be due to the number of tracker layers hitting boundaries. Setting those entries to their initial value.
There are 24425 events with muon pt outside of [26,200] GeV. Setting those entries to their initial value.
There are 24425 events with muon pt outside of [26,200] GeV. Setting those entries to their initial value.
There are 72 nan entries in the corrected pt. This might be due to the number of tracker layers hitting boundaries. Setting those entries to their initial value.
There are 29506 events with muon pt outside of [26,200] GeV. Setting those entries to their initial value.
There are 29506 events with muon pt outside of [26,200] GeV. Setting those entries to their initial value.
There are 94 nan entries in the corrected pt. This might be due to the number of tracker layers hitting boundaries. Setting those entries to their initial value.
There are 26723 events with muon pt outside of [26,200] GeV. Setting those entries to their initial value.
There are 26723 events with muon pt outside of [26,200] GeV. Setting those entries to their initial value.
There are 68 nan entries in the corrected pt. This might be due to the number of tracker layers hitting boundaries. Setting those entries to their initial value.
There are 25000 events with muon pt outside of [26,200] GeV. Setting those entries to their initial value.
There are 25000 events with muon pt outside of [26,200] GeV. Setting those entries to their initial value.
There are 63 nan entries in the corrected pt. This might be due to the number of tracker layers hitting boundaries. Setting those entries to their initial value.
There are 25097 events with muon pt outside of [26,200] GeV. Setting those entries to their initial value.
There are 25098 events with muon pt outside of [26,200] GeV. Setting those entries to their initial value.
There are 56 nan entries in the corrected pt. This might be due to the number of tracker layers hitting boundaries. Setting those entries to their initial value.
There are 27912 events with muon pt outside of [26,200] GeV. Setting those entries to their initial value.
There are 27912 events with muon pt outside of [26,200] GeV. Setting those entries to their initial value.
There are 85 nan entries in the corrected pt. This might be due to the number of tracker layers hitting boundaries. Setting those entries to their initial value.
There are 23361 events with muon pt outside of [26,200] GeV. Setting those entries to their initial value.
There are 23361 events with muon pt outside of [26,200] GeV. Setting those entries to their initial value.
There are 66 nan entries in the corrected pt. This might be due to the number of tracker layers hitting boundaries. Setting those entries to their initial value.
There are 28503 events with muon pt outside of [26,200] GeV. Setting those entries to their initial value.
There are 28503 events with muon pt outside of [26,200] GeV. Setting those entries to their initial value.
There are 89 nan entries in the corrected pt. This might be due to the number of tracker layers hitting boundaries. Setting those entries to their initial value.
There are 25357 events with muon pt outside of [26,200] GeV. Setting those entries to their initial value.
There are 25357 events with muon pt outside of [26,200] GeV. Setting those entries to their initial value.
There are 73 nan entries in the corrected pt. This might be due to the number of tracker layers hitting boundaries. Setting those entries to their initial value.
There are 36292 events with muon pt outside of [26,200] GeV. Setting those entries to their initial value.
There are 36294 events with muon pt outside of [26,200] GeV. Setting those entries to their initial value.
There are 107 nan entries in the corrected pt. This might be due to the number of tracker layers hitting boundaries. Setting those entries to their initial value.
There are 24352 events with muon pt outside of [26,200] GeV. Setting those entries to their initial value.
There are 24352 events with muon pt outside of [26,200] GeV. Setting those entries to their initial value.
There are 57 nan entries in the corrected pt. This might be due to the number of tracker layers hitting boundaries. Setting those entries to their initial value.
There are 29312 events with muon pt outside of [26,200] GeV. Setting those entries to their initial value.
There are 29312 events with muon pt outside of [26,200] GeV. Setting those entries to their initial value.
There are 77 nan entries in the corrected pt. This might be due to the number of tracker layers hitting boundaries. Setting those entries to their initial value.
There are 26639 events with muon pt outside of [26,200] GeV. Setting those entries to their initial value.
There are 26640 events with muon pt outside of [26,200] GeV. Setting those entries to their initial value.
There are 87 nan entries in the corrected pt. This might be due to the number of tracker layers hitting boundaries. Setting those entries to their initial value.
There are 25241 events with muon pt outside of [26,200] GeV. Setting those entries to their initial value.
There are 25242 events with muon pt outside of [26,200] GeV. Setting those entries to their initial value.
There are 63 nan entries in the corrected pt. This might be due to the number of tracker layers hitting boundaries. Setting those entries to their initial value.
There are 25236 events with muon pt outside of [26,200] GeV. Setting those entries to their initial value.
There are 25236 events with muon pt outside of [26,200] GeV. Setting those entries to their initial value.
There are 66 nan entries in the corrected pt. This might be due to the number of tracker layers hitting boundaries. Setting those entries to their initial value.
There are 27849 events with muon pt outside of [26,200] GeV. Setting those entries to their initial value.
There are 27850 events with muon pt outside of [26,200] GeV. Setting those entries to their initial value.
There are 72 nan entries in the corrected pt. This might be due to the number of tracker layers hitting boundaries. Setting those entries to their initial value.
There are 1177 events with muon pt outside of [26,200] GeV. Setting those entries to their initial value.
There are 1177 events with muon pt outside of [26,200] GeV. Setting those entries to their initial value.
There are 4 nan entries in the corrected pt. This might be due to the number of tracker layers hitting boundaries. Setting those entries to their initial value.
There are 23136 events with muon pt outside of [26,200] GeV. Setting those entries to their initial value.
There are 23137 events with muon pt outside of [26,200] GeV. Setting those entries to their initial value.
There are 71 nan entries in the corrected pt. This might be due to the number of tracker layers hitting boundaries. Setting those entries to their initial value.
There are 25357 events with muon pt outside of [26,200] GeV. Setting those entries to their initial value.
There are 25357 events with muon pt outside of [26,200] GeV. Setting those entries to their initial value.
There are 72 nan entries in the corrected pt. This might be due to the number of tracker layers hitting boundaries. Setting those entries to their initial value.
There are 25260 events with muon pt outside of [26,200] GeV. Setting those entries to their initial value.
There are 25260 events with muon pt outside of [26,200] GeV. Setting those entries to their initial value.
There are 85 nan entries in the corrected pt. This might be due to the number of tracker layers hitting boundaries. Setting those entries to their initial value.
There are 24342 events with muon pt outside of [26,200] GeV. Setting those entries to their initial value.
There are 24342 events with muon pt outside of [26,200] GeV. Setting those entries to their initial value.
There are 72 nan entries in the corrected pt. This might be due to the number of tracker layers hitting boundaries. Setting those entries to their initial value.
There are 24184 events with muon pt outside of [26,200] GeV. Setting those entries to their initial value.
There are 24184 events with muon pt outside of [26,200] GeV. Setting those entries to their initial value.
There are 93 nan entries in the corrected pt. This might be due to the number of tracker layers hitting boundaries. Setting those entries to their initial value.
There are 24289 events with muon pt outside of [26,200] GeV. Setting those entries to their initial value.
There are 24289 events with muon pt outside of [26,200] GeV. Setting those entries to their initial value.
There are 78 nan entries in the corrected pt. This might be due to the number of tracker layers hitting boundaries. Setting those entries to their initial value.
There are 29213 events with muon pt outside of [26,200] GeV. Setting those entries to their initial value.
There are 29214 events with muon pt outside of [26,200] GeV. Setting those entries to their initial value.
There are 69 nan entries in the corrected pt. This might be due to the number of tracker layers hitting boundaries. Setting those entries to their initial value.
There are 25021 events with muon pt outside of [26,200] GeV. Setting those entries to their initial value.
There are 25021 events with muon pt outside of [26,200] GeV. Setting those entries to their initial value.
There are 70 nan entries in the corrected pt. This might be due to the number of tracker layers hitting boundaries. Setting those entries to their initial value.
There are 24870 events with muon pt outside of [26,200] GeV. Setting those entries to their initial value.
There are 24871 events with muon pt outside of [26,200] GeV. Setting those entries to their initial value.
There are 65 nan entries in the corrected pt. This might be due to the number of tracker layers hitting boundaries. Setting those entries to their initial value.
There are 24961 events with muon pt outside of [26,200] GeV. Setting those entries to their initial value.
There are 24961 events with muon pt outside of [26,200] GeV. Setting those entries to their initial value.
There are 66 nan entries in the corrected pt. This might be due to the number of tracker layers hitting boundaries. Setting those entries to their initial value.
