000 (14788593.000.000) 03/03 04:17:53 Job submitted from host: <188.184.90.62:9618?addrs=188.184.90.62-9618+[2001-1458-201-e4--100-238]-9618&alias=bigbird16.cern.ch&noUDP&sock=schedd_5196_9a2f>
...
040 (14788593.000.000) 03/03 04:18:20 Started transferring input files
	Transferring to host: <188.185.215.99:9618?addrs=188.185.215.99-9618+[2001-1458-303-1e--100-5f]-9618&alias=b9p31p4263.cern.ch&noUDP&sock=slot1_30_7219_303f_177814>
...
040 (14788593.000.000) 03/03 04:18:20 Finished transferring input files
...
001 (14788593.000.000) 03/03 04:18:21 Job executing on host: <188.185.215.99:9618?addrs=188.185.215.99-9618+[2001-1458-303-1e--100-5f]-9618&alias=b9p31p4263.cern.ch&noUDP&sock=startd_6693_6b76>
	SlotName: slot1_30@b9p31p4263.cern.ch
	CondorScratchDir = "/pool/condor/dir_2808015"
	Cpus = 1
	Disk = 3763
	GPUs = 0
	Memory = 3000
...
006 (14788593.000.000) 03/03 04:18:35 Image size of job updated: 539000
	527  -  MemoryUsage of job (MB)
	539000  -  ResidentSetSize of job (KB)
...
006 (14788593.000.000) 03/03 04:23:36 Image size of job updated: 2515172
	2354  -  MemoryUsage of job (MB)
	2410396  -  ResidentSetSize of job (KB)
...
006 (14788593.000.000) 03/03 04:24:51 Image size of job updated: 2816524
	2354  -  MemoryUsage of job (MB)
	2410396  -  ResidentSetSize of job (KB)
...
040 (14788593.000.000) 03/03 04:24:51 Started transferring output files
...
040 (14788593.000.000) 03/03 04:24:51 Finished transferring output files
...
005 (14788593.000.000) 03/03 04:24:51 Job terminated.
	(1) Normal termination (return value 1)
		Usr 0 00:13:40, Sys 0 00:00:20  -  Run Remote Usage
		Usr 0 00:00:00, Sys 0 00:00:00  -  Run Local Usage
		Usr 0 00:13:40, Sys 0 00:00:20  -  Total Remote Usage
		Usr 0 00:00:00, Sys 0 00:00:00  -  Total Local Usage
	34060  -  Run Bytes Sent By Job
	37008  -  Run Bytes Received By Job
	34060  -  Total Bytes Sent By Job
	37008  -  Total Bytes Received By Job
	Partitionable Resources :    Usage  Request Allocated 
	   Cpus                 :     2.75        1         1 
	   Disk (KB)            :    96          40      3763 
	   GPUs                 :                           0 
	   Memory (MB)          :  2354        3000      3000 
	   TimeExecute (s)      :   390                       
	   TimeSlotBusy (s)     :   392                       

	Job terminated of its own accord at 2026-03-03T03:24:51Z with exit-code 1.
...
