subject   : /DC=ch/DC=cern/OU=Organic Units/OU=Users/CN=driosper/CN=886669/CN=Diego Alejandro Rios Perez/CN=2735051137
issuer    : /DC=ch/DC=cern/OU=Organic Units/OU=Users/CN=driosper/CN=886669/CN=Diego Alejandro Rios Perez
identity  : /DC=ch/DC=cern/OU=Organic Units/OU=Users/CN=driosper/CN=886669/CN=Diego Alejandro Rios Perez
type      : RFC compliant proxy
strength  : 2048 bits
path      : /afs/cern.ch/user/d/driosper/private/x509up_u182284
timeleft  : 5:19:10
key usage : Digital Signature, Key Encipherment
=== VO cms extension information ===
VO        : cms
subject   : /DC=ch/DC=cern/OU=Organic Units/OU=Users/CN=driosper/CN=886669/CN=Diego Alejandro Rios Perez
issuer    : /DC=ch/DC=cern/OU=computers/CN=cms-auth.cern.ch
attribute : /cms/Role=NULL/Capability=NULL
timeleft  : 5:19:10
uri       : voms-cms-auth.cern.ch:15000
--workflow 2b1mu --year 2022preEE --output_path /eos/user/d/driosper/bsm3g_coffea/outputs/2b1mu/2022preEE/DYJetsToLL_inclusive_10to50 --output_format coffea --dataset DYJetsToLL_inclusive_10to50_3 --partition_json /srv/partition_fileset.json
  Preprocessing 100% ━━━━━━━━━━━━━━━━ 10/10 [ 0:00:12 < 0:00:00 | 0.9   file/s ]
Merging (local) 100% ━━━━━━━━━━━━━━━━ 10/10 [ 0:00:12 < 0:00:00 | ?   merges/s ]
     Processing  17% ━━╸               4/23 [ 0:00:30 < 0:01:22 | 0.2  chunk/s ]
Merging (local) 100% ━━━━━━━━━━━━━━━━━  3/3 [ 0:00:18 < 0:00:00 | ?   merges/s ]
There are 32078 events with muon pt outside of [26,200] GeV. Setting those entries to their initial value.
There are 32078 events with muon pt outside of [26,200] GeV. Setting those entries to their initial value.
There are 98 nan entries in the corrected pt. This might be due to the number of tracker layers hitting boundaries. Setting those entries to their initial value.
There are 22829 events with muon pt outside of [26,200] GeV. Setting those entries to their initial value.
There are 22829 events with muon pt outside of [26,200] GeV. Setting those entries to their initial value.
There are 79 nan entries in the corrected pt. This might be due to the number of tracker layers hitting boundaries. Setting those entries to their initial value.
There are 26219 events with muon pt outside of [26,200] GeV. Setting those entries to their initial value.
There are 26219 events with muon pt outside of [26,200] GeV. Setting those entries to their initial value.
There are 80 nan entries in the corrected pt. This might be due to the number of tracker layers hitting boundaries. Setting those entries to their initial value.
There are 21542 events with muon pt outside of [26,200] GeV. Setting those entries to their initial value.
There are 21543 events with muon pt outside of [26,200] GeV. Setting those entries to their initial value.
There are 65 nan entries in the corrected pt. This might be due to the number of tracker layers hitting boundaries. Setting those entries to their initial value.
There are 200 events with muon pt outside of [26,200] GeV. Setting those entries to their initial value.
There are 200 events with muon pt outside of [26,200] GeV. Setting those entries to their initial value.
There are 1 nan entries in the corrected pt. This might be due to the number of tracker layers hitting boundaries. Setting those entries to their initial value.
There are 22872 events with muon pt outside of [26,200] GeV. Setting those entries to their initial value.
There are 22873 events with muon pt outside of [26,200] GeV. Setting those entries to their initial value.
There are 71 nan entries in the corrected pt. This might be due to the number of tracker layers hitting boundaries. Setting those entries to their initial value.
There are 24882 events with muon pt outside of [26,200] GeV. Setting those entries to their initial value.
There are 24882 events with muon pt outside of [26,200] GeV. Setting those entries to their initial value.
There are 74 nan entries in the corrected pt. This might be due to the number of tracker layers hitting boundaries. Setting those entries to their initial value.
There are 26009 events with muon pt outside of [26,200] GeV. Setting those entries to their initial value.
There are 26009 events with muon pt outside of [26,200] GeV. Setting those entries to their initial value.
There are 90 nan entries in the corrected pt. This might be due to the number of tracker layers hitting boundaries. Setting those entries to their initial value.
There are 25885 events with muon pt outside of [26,200] GeV. Setting those entries to their initial value.
There are 25885 events with muon pt outside of [26,200] GeV. Setting those entries to their initial value.
There are 89 nan entries in the corrected pt. This might be due to the number of tracker layers hitting boundaries. Setting those entries to their initial value.
There are 26200 events with muon pt outside of [26,200] GeV. Setting those entries to their initial value.
There are 26200 events with muon pt outside of [26,200] GeV. Setting those entries to their initial value.
There are 86 nan entries in the corrected pt. This might be due to the number of tracker layers hitting boundaries. Setting those entries to their initial value.
There are 577 events with muon pt outside of [26,200] GeV. Setting those entries to their initial value.
There are 577 events with muon pt outside of [26,200] GeV. Setting those entries to their initial value.
There are 37448 events with muon pt outside of [26,200] GeV. Setting those entries to their initial value.
There are 37448 events with muon pt outside of [26,200] GeV. Setting those entries to their initial value.
There are 120 nan entries in the corrected pt. This might be due to the number of tracker layers hitting boundaries. Setting those entries to their initial value.
There are 22547 events with muon pt outside of [26,200] GeV. Setting those entries to their initial value.
There are 22547 events with muon pt outside of [26,200] GeV. Setting those entries to their initial value.
There are 77 nan entries in the corrected pt. This might be due to the number of tracker layers hitting boundaries. Setting those entries to their initial value.
There are 25092 events with muon pt outside of [26,200] GeV. Setting those entries to their initial value.
There are 25092 events with muon pt outside of [26,200] GeV. Setting those entries to their initial value.
There are 67 nan entries in the corrected pt. This might be due to the number of tracker layers hitting boundaries. Setting those entries to their initial value.
There are 25981 events with muon pt outside of [26,200] GeV. Setting those entries to their initial value.
There are 25981 events with muon pt outside of [26,200] GeV. Setting those entries to their initial value.
There are 75 nan entries in the corrected pt. This might be due to the number of tracker layers hitting boundaries. Setting those entries to their initial value.
There are 26060 events with muon pt outside of [26,200] GeV. Setting those entries to their initial value.
There are 26060 events with muon pt outside of [26,200] GeV. Setting those entries to their initial value.
There are 81 nan entries in the corrected pt. This might be due to the number of tracker layers hitting boundaries. Setting those entries to their initial value.
There are 21527 events with muon pt outside of [26,200] GeV. Setting those entries to their initial value.
There are 21528 events with muon pt outside of [26,200] GeV. Setting those entries to their initial value.
There are 64 nan entries in the corrected pt. This might be due to the number of tracker layers hitting boundaries. Setting those entries to their initial value.
There are 1938 events with muon pt outside of [26,200] GeV. Setting those entries to their initial value.
There are 1938 events with muon pt outside of [26,200] GeV. Setting those entries to their initial value.
There are 3 nan entries in the corrected pt. This might be due to the number of tracker layers hitting boundaries. Setting those entries to their initial value.
There are 22330 events with muon pt outside of [26,200] GeV. Setting those entries to their initial value.
There are 22330 events with muon pt outside of [26,200] GeV. Setting those entries to their initial value.
There are 72 nan entries in the corrected pt. This might be due to the number of tracker layers hitting boundaries. Setting those entries to their initial value.
There are 25204 events with muon pt outside of [26,200] GeV. Setting those entries to their initial value.
There are 25204 events with muon pt outside of [26,200] GeV. Setting those entries to their initial value.
There are 76 nan entries in the corrected pt. This might be due to the number of tracker layers hitting boundaries. Setting those entries to their initial value.
There are 26019 events with muon pt outside of [26,200] GeV. Setting those entries to their initial value.
There are 26019 events with muon pt outside of [26,200] GeV. Setting those entries to their initial value.
There are 81 nan entries in the corrected pt. This might be due to the number of tracker layers hitting boundaries. Setting those entries to their initial value.
There are 26076 events with muon pt outside of [26,200] GeV. Setting those entries to their initial value.
There are 26076 events with muon pt outside of [26,200] GeV. Setting those entries to their initial value.
There are 67 nan entries in the corrected pt. This might be due to the number of tracker layers hitting boundaries. Setting those entries to their initial value.
There are 17359 events with muon pt outside of [26,200] GeV. Setting those entries to their initial value.
There are 17359 events with muon pt outside of [26,200] GeV. Setting those entries to their initial value.
There are 53 nan entries in the corrected pt. This might be due to the number of tracker layers hitting boundaries. Setting those entries to their initial value.
