000 (14788593.005.000) 03/03 04:17:53 Job submitted from host: <188.184.90.62:9618?addrs=188.184.90.62-9618+[2001-1458-201-e4--100-238]-9618&alias=bigbird16.cern.ch&noUDP&sock=schedd_5196_9a2f>
...
040 (14788593.005.000) 03/03 04:18:22 Started transferring input files
	Transferring to host: <188.185.214.212:9618?addrs=188.185.214.212-9618+[2001-1458-303-1d--100-50]-9618&alias=b9p30p4816.cern.ch&noUDP&sock=slot1_44_5038_7a06_174904>
...
040 (14788593.005.000) 03/03 04:18:22 Finished transferring input files
...
001 (14788593.005.000) 03/03 04:18:23 Job executing on host: <188.185.214.212:9618?addrs=188.185.214.212-9618+[2001-1458-303-1d--100-50]-9618&alias=b9p30p4816.cern.ch&noUDP&sock=startd_4082_7dae>
	SlotName: slot1_44@b9p30p4816.cern.ch
	CondorScratchDir = "/pool/condor/dir_2332585"
	Cpus = 1
	Disk = 3684
	GPUs = 0
	Memory = 3000
...
006 (14788593.005.000) 03/03 04:18:38 Image size of job updated: 467884
	457  -  MemoryUsage of job (MB)
	467884  -  ResidentSetSize of job (KB)
...
006 (14788593.005.000) 03/03 04:23:39 Image size of job updated: 2216216
	2153  -  MemoryUsage of job (MB)
	2204144  -  ResidentSetSize of job (KB)
...
006 (14788593.005.000) 03/03 04:28:39 Image size of job updated: 2516916
	2458  -  MemoryUsage of job (MB)
	2516916  -  ResidentSetSize of job (KB)
...
006 (14788593.005.000) 03/03 04:31:04 Image size of job updated: 2517244
	2458  -  MemoryUsage of job (MB)
	2516916  -  ResidentSetSize of job (KB)
...
040 (14788593.005.000) 03/03 04:31:04 Started transferring output files
...
040 (14788593.005.000) 03/03 04:31:04 Finished transferring output files
...
005 (14788593.005.000) 03/03 04:31:04 Job terminated.
	(1) Normal termination (return value 1)
		Usr 0 00:18:02, Sys 0 00:00:18  -  Run Remote Usage
		Usr 0 00:00:00, Sys 0 00:00:00  -  Run Local Usage
		Usr 0 00:18:02, Sys 0 00:00:18  -  Total Remote Usage
		Usr 0 00:00:00, Sys 0 00:00:00  -  Total Local Usage
	36639  -  Run Bytes Sent By Job
	37008  -  Run Bytes Received By Job
	36639  -  Total Bytes Sent By Job
	37008  -  Total Bytes Received By Job
	Partitionable Resources :    Usage  Request Allocated 
	   Cpus                 :     1.29        1         1 
	   Disk (KB)            :    98          40      3684 
	   GPUs                 :                           0 
	   Memory (MB)          :  2458        3000      3000 
	   TimeExecute (s)      :   761                       
	   TimeSlotBusy (s)     :   763                       

	Job terminated of its own accord at 2026-03-03T03:31:04Z with exit-code 1.
...
