000 (14788593.006.000) 03/03 04:17:53 Job submitted from host: <188.184.90.62:9618?addrs=188.184.90.62-9618+[2001-1458-201-e4--100-238]-9618&alias=bigbird16.cern.ch&noUDP&sock=schedd_5196_9a2f>
...
040 (14788593.006.000) 03/03 04:18:22 Started transferring input files
	Transferring to host: <188.185.211.185:9618?addrs=188.185.211.185-9618+[2001-1458-303-17--100-35]-9618&alias=b9p24p2396.cern.ch&noUDP&sock=slot1_27_10264_aa9a_178378>
...
040 (14788593.006.000) 03/03 04:18:22 Finished transferring input files
...
001 (14788593.006.000) 03/03 04:18:23 Job executing on host: <188.185.211.185:9618?addrs=188.185.211.185-9618+[2001-1458-303-17--100-35]-9618&alias=b9p24p2396.cern.ch&noUDP&sock=startd_9838_a0d0>
	SlotName: slot1_27@b9p24p2396.cern.ch
	CondorScratchDir = "/pool/condor/dir_3945183"
	Cpus = 1
	Disk = 3842
	GPUs = 0
	Memory = 3000
...
006 (14788593.006.000) 03/03 04:18:37 Image size of job updated: 527480
	516  -  MemoryUsage of job (MB)
	527480  -  ResidentSetSize of job (KB)
...
006 (14788593.006.000) 03/03 04:23:38 Image size of job updated: 2466744
	2343  -  MemoryUsage of job (MB)
	2399032  -  ResidentSetSize of job (KB)
...
006 (14788593.006.000) 03/03 04:25:01 Image size of job updated: 2514976
	2343  -  MemoryUsage of job (MB)
	2399032  -  ResidentSetSize of job (KB)
...
040 (14788593.006.000) 03/03 04:25:01 Started transferring output files
...
040 (14788593.006.000) 03/03 04:25:01 Finished transferring output files
...
005 (14788593.006.000) 03/03 04:25:01 Job terminated.
	(1) Normal termination (return value 1)
		Usr 0 00:14:45, Sys 0 00:00:32  -  Run Remote Usage
		Usr 0 00:00:00, Sys 0 00:00:00  -  Run Local Usage
		Usr 0 00:14:45, Sys 0 00:00:32  -  Total Remote Usage
		Usr 0 00:00:00, Sys 0 00:00:00  -  Total Local Usage
	33585  -  Run Bytes Sent By Job
	37008  -  Run Bytes Received By Job
	33585  -  Total Bytes Sent By Job
	37008  -  Total Bytes Received By Job
	Partitionable Resources :    Usage  Request Allocated 
	   Cpus                 :        0        1         1 
	   Disk (KB)            :       95       40      3842 
	   GPUs                 :                           0 
	   Memory (MB)          :     2343     3000      3000 
	   TimeExecute (s)      :      398                    
	   TimeSlotBusy (s)     :      400                    

	Job terminated of its own accord at 2026-03-03T03:25:01Z with exit-code 1.
...
