000 (14788593.012.000) 03/03 04:17:53 Job submitted from host: <188.184.90.62:9618?addrs=188.184.90.62-9618+[2001-1458-201-e4--100-238]-9618&alias=bigbird16.cern.ch&noUDP&sock=schedd_5196_9a2f>
...
040 (14788593.012.000) 03/03 04:18:24 Started transferring input files
	Transferring to host: <188.185.215.62:9618?addrs=188.185.215.62-9618+[2001-1458-303-1e--100-3a]-9618&alias=b9p31p3743.cern.ch&noUDP&sock=slot1_12_3163_5e9a_177906>
...
040 (14788593.012.000) 03/03 04:18:24 Finished transferring input files
...
001 (14788593.012.000) 03/03 04:18:25 Job executing on host: <188.185.215.62:9618?addrs=188.185.215.62-9618+[2001-1458-303-1e--100-3a]-9618&alias=b9p31p3743.cern.ch&noUDP&sock=startd_2701_3d64>
	SlotName: slot1_12@b9p31p3743.cern.ch
	CondorScratchDir = "/pool/condor/dir_2436854"
	Cpus = 1
	Disk = 3796
	GPUs = 0
	Memory = 3000
...
006 (14788593.012.000) 03/03 04:18:39 Image size of job updated: 600488
	587  -  MemoryUsage of job (MB)
	600488  -  ResidentSetSize of job (KB)
...
006 (14788593.012.000) 03/03 04:23:40 Image size of job updated: 2492812
	2395  -  MemoryUsage of job (MB)
	2452148  -  ResidentSetSize of job (KB)
...
006 (14788593.012.000) 03/03 04:26:04 Image size of job updated: 2777112
	2395  -  MemoryUsage of job (MB)
	2452148  -  ResidentSetSize of job (KB)
...
040 (14788593.012.000) 03/03 04:26:04 Started transferring output files
...
040 (14788593.012.000) 03/03 04:26:04 Finished transferring output files
...
005 (14788593.012.000) 03/03 04:26:04 Job terminated.
	(1) Normal termination (return value 1)
		Usr 0 00:17:35, Sys 0 00:00:27  -  Run Remote Usage
		Usr 0 00:00:00, Sys 0 00:00:00  -  Run Local Usage
		Usr 0 00:17:35, Sys 0 00:00:27  -  Total Remote Usage
		Usr 0 00:00:00, Sys 0 00:00:00  -  Total Local Usage
	39631  -  Run Bytes Sent By Job
	37008  -  Run Bytes Received By Job
	39631  -  Total Bytes Sent By Job
	37008  -  Total Bytes Received By Job
	Partitionable Resources :    Usage  Request Allocated 
	   Cpus                 :     0.07        1         1 
	   Disk (KB)            :   101          40      3796 
	   GPUs                 :                           0 
	   Memory (MB)          :  2395        3000      3000 
	   TimeExecute (s)      :   459                       
	   TimeSlotBusy (s)     :   461                       

	Job terminated of its own accord at 2026-03-03T03:26:04Z with exit-code 1.
...
