000 (14788593.003.000) 03/03 04:17:53 Job submitted from host: <188.184.90.62:9618?addrs=188.184.90.62-9618+[2001-1458-201-e4--100-238]-9618&alias=bigbird16.cern.ch&noUDP&sock=schedd_5196_9a2f>
...
040 (14788593.003.000) 03/03 04:18:21 Started transferring input files
	Transferring to host: <188.185.210.230:9618?addrs=188.185.210.230-9618+[2001-1458-303-15--100-62]-9618&alias=b9p22p7714.cern.ch&noUDP&sock=slot1_8_4473_620f_177296>
...
040 (14788593.003.000) 03/03 04:18:21 Finished transferring input files
...
001 (14788593.003.000) 03/03 04:18:22 Job executing on host: <188.185.210.230:9618?addrs=188.185.210.230-9618+[2001-1458-303-15--100-62]-9618&alias=b9p22p7714.cern.ch&noUDP&sock=startd_3839_d02b>
	SlotName: slot1_8@b9p22p7714.cern.ch
	CondorScratchDir = "/pool/condor/dir_1061014"
	Cpus = 1
	Disk = 3808
	GPUs = 0
	Memory = 3000
...
006 (14788593.003.000) 03/03 04:18:36 Image size of job updated: 511708
	500  -  MemoryUsage of job (MB)
	511708  -  ResidentSetSize of job (KB)
...
006 (14788593.003.000) 03/03 04:23:28 Image size of job updated: 2235264
	500  -  MemoryUsage of job (MB)
	511708  -  ResidentSetSize of job (KB)
...
040 (14788593.003.000) 03/03 04:23:28 Started transferring output files
...
040 (14788593.003.000) 03/03 04:23:28 Finished transferring output files
...
005 (14788593.003.000) 03/03 04:23:28 Job terminated.
	(1) Normal termination (return value 1)
		Usr 0 00:11:47, Sys 0 00:00:18  -  Run Remote Usage
		Usr 0 00:00:00, Sys 0 00:00:00  -  Run Local Usage
		Usr 0 00:11:47, Sys 0 00:00:18  -  Total Remote Usage
		Usr 0 00:00:00, Sys 0 00:00:00  -  Total Local Usage
	30298  -  Run Bytes Sent By Job
	37008  -  Run Bytes Received By Job
	30298  -  Total Bytes Sent By Job
	37008  -  Total Bytes Received By Job
	Partitionable Resources :    Usage  Request Allocated 
	   Cpus                 :        0        1         1 
	   Disk (KB)            :       92       40      3808 
	   GPUs                 :                           0 
	   Memory (MB)          :      500     3000      3000 
	   TimeExecute (s)      :      306                    
	   TimeSlotBusy (s)     :      308                    

	Job terminated of its own accord at 2026-03-03T03:23:28Z with exit-code 1.
...
