000 (14788593.004.000) 03/03 04:17:53 Job submitted from host: <188.184.90.62:9618?addrs=188.184.90.62-9618+[2001-1458-201-e4--100-238]-9618&alias=bigbird16.cern.ch&noUDP&sock=schedd_5196_9a2f>
...
040 (14788593.004.000) 03/03 04:18:21 Started transferring input files
	Transferring to host: <188.185.205.227:9618?addrs=188.185.205.227-9618+[2001-1458-303-a--100-60]-9618&alias=b9p04p8306.cern.ch&noUDP&sock=slot1_46_4074_405f_151132>
...
040 (14788593.004.000) 03/03 04:18:21 Finished transferring input files
...
001 (14788593.004.000) 03/03 04:18:22 Job executing on host: <188.185.205.227:9618?addrs=188.185.205.227-9618+[2001-1458-303-a--100-60]-9618&alias=b9p04p8306.cern.ch&noUDP&sock=startd_3621_4885>
	SlotName: slot1_46@b9p04p8306.cern.ch
	CondorScratchDir = "/pool/condor/dir_2827525"
	Cpus = 1
	Disk = 3718
	GPUs = 0
	Memory = 3000
...
006 (14788593.004.000) 03/03 04:18:36 Image size of job updated: 501364
	490  -  MemoryUsage of job (MB)
	501364  -  ResidentSetSize of job (KB)
...
006 (14788593.004.000) 03/03 04:22:20 Image size of job updated: 2111816
	490  -  MemoryUsage of job (MB)
	501420  -  ResidentSetSize of job (KB)
...
040 (14788593.004.000) 03/03 04:22:20 Started transferring output files
...
040 (14788593.004.000) 03/03 04:22:20 Finished transferring output files
...
005 (14788593.004.000) 03/03 04:22:20 Job terminated.
	(1) Normal termination (return value 1)
		Usr 0 00:09:12, Sys 0 00:00:14  -  Run Remote Usage
		Usr 0 00:00:00, Sys 0 00:00:00  -  Run Local Usage
		Usr 0 00:09:12, Sys 0 00:00:14  -  Total Remote Usage
		Usr 0 00:00:00, Sys 0 00:00:00  -  Total Local Usage
	25997  -  Run Bytes Sent By Job
	37008  -  Run Bytes Received By Job
	25997  -  Total Bytes Sent By Job
	37008  -  Total Bytes Received By Job
	Partitionable Resources :    Usage  Request Allocated 
	   Cpus                 :        0        1         1 
	   Disk (KB)            :       92       40      3718 
	   GPUs                 :                           0 
	   Memory (MB)          :      490     3000      3000 
	   TimeExecute (s)      :      238                    
	   TimeSlotBusy (s)     :      240                    

	Job terminated of its own accord at 2026-03-03T03:22:20Z with exit-code 1.
...
