000 (14526961.000.000) 02/14 21:30:45 Job submitted from host: <188.184.90.62:9618?addrs=188.184.90.62-9618+[2001-1458-201-e4--100-238]-9618&alias=bigbird16.cern.ch&noUDP&sock=schedd_5196_9a2f>
...
040 (14526961.000.000) 02/14 21:31:54 Started transferring input files
	Transferring to host: <188.185.210.136:9618?addrs=188.185.210.136-9618+[2001-1458-303-15--100-4]-9618&alias=b9p22p1286.cern.ch&noUDP&sock=slot1_3_3834874_66e1_92341>
...
040 (14526961.000.000) 02/14 21:31:54 Finished transferring input files
...
001 (14526961.000.000) 02/14 21:31:55 Job executing on host: <188.185.210.136:9618?addrs=188.185.210.136-9618+[2001-1458-303-15--100-4]-9618&alias=b9p22p1286.cern.ch&noUDP&sock=startd_3834501_5309>
	SlotName: slot1_3@b9p22p1286.cern.ch
	CondorScratchDir = "/pool/condor/dir_1299380"
	Cpus = 1
	Disk = 3745
	GPUs = 0
	Memory = 3000
...
006 (14526961.000.000) 02/14 21:32:09 Image size of job updated: 539408
	527  -  MemoryUsage of job (MB)
	539408  -  ResidentSetSize of job (KB)
...
006 (14526961.000.000) 02/14 21:35:40 Image size of job updated: 2720960
	527  -  MemoryUsage of job (MB)
	539468  -  ResidentSetSize of job (KB)
...
040 (14526961.000.000) 02/14 21:35:40 Started transferring output files
...
040 (14526961.000.000) 02/14 21:35:40 Finished transferring output files
...
004 (14526961.000.000) 02/14 21:35:40 Job was evicted.
	(0) CPU times
		Usr 0 00:10:54, Sys 0 00:00:17  -  Run Remote Usage
		Usr 0 00:00:00, Sys 0 00:00:00  -  Run Local Usage
	12244  -  Run Bytes Sent By Job
	6016  -  Run Bytes Received By Job
	Partitionable Resources :    Usage  Request Allocated 
	   Cpus                 :        0        1         1 
	   Disk (KB)            :       41       10      3745 
	   GPUs                 :                           0 
	   Memory (MB)          :      527     3000      3000 
	   TimeExecute (s)      :      225                    
	   TimeSlotBusy (s)     :      227                    
...
009 (14526961.000.000) 02/14 21:35:40 Job was aborted.
	via condor_rm (by user driosper)
...
