000 (14737666.010.000) 02/25 20:32:12 Job submitted from host: <188.184.90.62:9618?addrs=188.184.90.62-9618+[2001-1458-201-e4--100-238]-9618&alias=bigbird16.cern.ch&noUDP&sock=schedd_5196_9a2f>
...
040 (14737666.010.000) 02/25 20:36:05 Started transferring input files
	Transferring to host: <188.185.212.146:9618?addrs=188.185.212.146-9618+[2001-1458-303-19--100-e]-9618&alias=b9p26p0060.cern.ch&noUDP&sock=slot1_21_7073_5179_171396>
...
040 (14737666.010.000) 02/25 20:36:05 Finished transferring input files
...
001 (14737666.010.000) 02/25 20:36:06 Job executing on host: <188.185.212.146:9618?addrs=188.185.212.146-9618+[2001-1458-303-19--100-e]-9618&alias=b9p26p0060.cern.ch&noUDP&sock=startd_5973_8f46>
	SlotName: slot1_21@b9p26p0060.cern.ch
	CondorScratchDir = "/pool/condor/dir_2325707"
	Cpus = 1
	Disk = 3891
	GPUs = 0
	Memory = 3000
...
006 (14737666.010.000) 02/25 20:36:20 Image size of job updated: 479512
	469  -  MemoryUsage of job (MB)
	479512  -  ResidentSetSize of job (KB)
...
006 (14737666.010.000) 02/25 20:41:21 Image size of job updated: 1595352
	1427  -  MemoryUsage of job (MB)
	1460788  -  ResidentSetSize of job (KB)
...
006 (14737666.010.000) 02/25 20:45:32 Image size of job updated: 1656676
	1427  -  MemoryUsage of job (MB)
	1460788  -  ResidentSetSize of job (KB)
...
040 (14737666.010.000) 02/25 20:45:32 Started transferring output files
...
040 (14737666.010.000) 02/25 20:45:32 Finished transferring output files
...
005 (14737666.010.000) 02/25 20:45:33 Job terminated.
	(1) Normal termination (return value 0)
		Usr 0 00:14:25, Sys 0 00:00:29  -  Run Remote Usage
		Usr 0 00:00:00, Sys 0 00:00:00  -  Run Local Usage
		Usr 0 00:14:25, Sys 0 00:00:29  -  Total Remote Usage
		Usr 0 00:00:00, Sys 0 00:00:00  -  Total Local Usage
	16483  -  Run Bytes Sent By Job
	19304  -  Run Bytes Received By Job
	16483  -  Total Bytes Sent By Job
	19304  -  Total Bytes Received By Job
	Partitionable Resources :    Usage  Request Allocated 
	   Cpus                 :     1.68        1         1 
	   Disk (KB)            :    61          22      3891 
	   GPUs                 :                           0 
	   Memory (MB)          :  1427        3000      3000 
	   TimeExecute (s)      :   566                       
	   TimeSlotBusy (s)     :   568                       

	Job terminated of its own accord at 2026-02-25T19:45:32Z with exit-code 0.
...
