000 (14737666.007.000) 02/25 20:32:11 Job submitted from host: <188.184.90.62:9618?addrs=188.184.90.62-9618+[2001-1458-201-e4--100-238]-9618&alias=bigbird16.cern.ch&noUDP&sock=schedd_5196_9a2f>
...
040 (14737666.007.000) 02/25 20:36:04 Started transferring input files
	Transferring to host: <188.185.206.217:9618?addrs=188.185.206.217-9618+[2001-1458-303-c--100-56]-9618&alias=b9p06p2502.cern.ch&noUDP&sock=slot1_28_4019_7fbd_150270>
...
040 (14737666.007.000) 02/25 20:36:04 Finished transferring input files
...
001 (14737666.007.000) 02/25 20:36:05 Job executing on host: <188.185.206.217:9618?addrs=188.185.206.217-9618+[2001-1458-303-c--100-56]-9618&alias=b9p06p2502.cern.ch&noUDP&sock=startd_3558_120e>
	SlotName: slot1_28@b9p06p2502.cern.ch
	CondorScratchDir = "/pool/condor/dir_1493105"
	Cpus = 1
	Disk = 3719
	GPUs = 0
	Memory = 3000
...
006 (14737666.007.000) 02/25 20:36:20 Image size of job updated: 115864
	114  -  MemoryUsage of job (MB)
	115864  -  ResidentSetSize of job (KB)
...
006 (14737666.007.000) 02/25 20:41:20 Image size of job updated: 1608780
	1470  -  MemoryUsage of job (MB)
	1504412  -  ResidentSetSize of job (KB)
...
006 (14737666.007.000) 02/25 20:46:20 Image size of job updated: 1638512
	1566  -  MemoryUsage of job (MB)
	1602596  -  ResidentSetSize of job (KB)
...
006 (14737666.007.000) 02/25 20:53:11 Image size of job updated: 1661460
	1566  -  MemoryUsage of job (MB)
	1602596  -  ResidentSetSize of job (KB)
...
040 (14737666.007.000) 02/25 20:53:11 Started transferring output files
...
040 (14737666.007.000) 02/25 20:53:12 Finished transferring output files
...
005 (14737666.007.000) 02/25 20:53:12 Job terminated.
	(1) Normal termination (return value 0)
		Usr 0 00:24:58, Sys 0 00:00:38  -  Run Remote Usage
		Usr 0 00:00:00, Sys 0 00:00:00  -  Run Local Usage
		Usr 0 00:24:58, Sys 0 00:00:38  -  Total Remote Usage
		Usr 0 00:00:00, Sys 0 00:00:00  -  Total Local Usage
	21524  -  Run Bytes Sent By Job
	19304  -  Run Bytes Received By Job
	21524  -  Total Bytes Sent By Job
	19304  -  Total Bytes Received By Job
	Partitionable Resources :    Usage  Request Allocated 
	   Cpus                 :     1.33        1         1 
	   Disk (KB)            :    70          22      3719 
	   GPUs                 :                           0 
	   Memory (MB)          :  1566        3000      3000 
	   TimeExecute (s)      :  1026                       
	   TimeSlotBusy (s)     :  1029                       

	Job terminated of its own accord at 2026-02-25T19:53:11Z with exit-code 0.
...
