000 (14737666.003.000) 02/25 20:32:11 Job submitted from host: <188.184.90.62:9618?addrs=188.184.90.62-9618+[2001-1458-201-e4--100-238]-9618&alias=bigbird16.cern.ch&noUDP&sock=schedd_5196_9a2f>
...
040 (14737666.003.000) 02/25 20:36:03 Started transferring input files
	Transferring to host: <188.185.209.212:9618?addrs=188.185.209.212-9618+[2001-1458-303-12--100-51]-9618&alias=b9p12p4918.cern.ch&noUDP&sock=slot1_23_8235_0d68_149137>
...
040 (14737666.003.000) 02/25 20:36:03 Finished transferring input files
...
001 (14737666.003.000) 02/25 20:36:04 Job executing on host: <188.185.209.212:9618?addrs=188.185.209.212-9618+[2001-1458-303-12--100-51]-9618&alias=b9p12p4918.cern.ch&noUDP&sock=startd_6956_d0de>
	SlotName: slot1_23@b9p12p4918.cern.ch
	CondorScratchDir = "/pool/condor/dir_3483191"
	Cpus = 1
	Disk = 3730
	GPUs = 0
	Memory = 3000
...
006 (14737666.003.000) 02/25 20:36:18 Image size of job updated: 138980
	136  -  MemoryUsage of job (MB)
	138980  -  ResidentSetSize of job (KB)
...
006 (14737666.003.000) 02/25 20:41:18 Image size of job updated: 1606936
	1344  -  MemoryUsage of job (MB)
	1375556  -  ResidentSetSize of job (KB)
...
006 (14737666.003.000) 02/25 20:46:19 Image size of job updated: 1638376
	1584  -  MemoryUsage of job (MB)
	1621868  -  ResidentSetSize of job (KB)
...
006 (14737666.003.000) 02/25 20:51:19 Image size of job updated: 1717584
	1672  -  MemoryUsage of job (MB)
	1711672  -  ResidentSetSize of job (KB)
...
006 (14737666.003.000) 02/25 20:53:48 Image size of job updated: 1754924
	1672  -  MemoryUsage of job (MB)
	1711672  -  ResidentSetSize of job (KB)
...
040 (14737666.003.000) 02/25 20:53:48 Started transferring output files
...
040 (14737666.003.000) 02/25 20:53:49 Finished transferring output files
...
005 (14737666.003.000) 02/25 20:53:49 Job terminated.
	(1) Normal termination (return value 0)
		Usr 0 00:25:13, Sys 0 00:00:29  -  Run Remote Usage
		Usr 0 00:00:00, Sys 0 00:00:00  -  Run Local Usage
		Usr 0 00:25:13, Sys 0 00:00:29  -  Total Remote Usage
		Usr 0 00:00:00, Sys 0 00:00:00  -  Total Local Usage
	23967  -  Run Bytes Sent By Job
	19304  -  Run Bytes Received By Job
	23967  -  Total Bytes Sent By Job
	19304  -  Total Bytes Received By Job
	Partitionable Resources :    Usage  Request Allocated 
	   Cpus                 :     2.49        1         1 
	   Disk (KB)            :    72          22      3730 
	   GPUs                 :                           0 
	   Memory (MB)          :  1672        3000      3000 
	   TimeExecute (s)      :  1064                       
	   TimeSlotBusy (s)     :  1067                       

	Job terminated of its own accord at 2026-02-25T19:53:48Z with exit-code 0.
...
