subject   : /DC=ch/DC=cern/OU=Organic Units/OU=Users/CN=driosper/CN=886669/CN=Diego Alejandro Rios Perez/CN=1573519443
issuer    : /DC=ch/DC=cern/OU=Organic Units/OU=Users/CN=driosper/CN=886669/CN=Diego Alejandro Rios Perez
identity  : /DC=ch/DC=cern/OU=Organic Units/OU=Users/CN=driosper/CN=886669/CN=Diego Alejandro Rios Perez
type      : RFC compliant proxy
strength  : 2048 bits
path      : /afs/cern.ch/user/d/driosper/private/x509up_u182284
timeleft  : 11:50:04
key usage : Digital Signature, Key Encipherment
=== VO cms extension information ===
VO        : cms
subject   : /DC=ch/DC=cern/OU=Organic Units/OU=Users/CN=driosper/CN=886669/CN=Diego Alejandro Rios Perez
issuer    : /DC=ch/DC=cern/OU=computers/CN=cms-auth.cern.ch
attribute : /cms/Role=NULL/Capability=NULL
timeleft  : 11:50:04
uri       : voms-cms-auth.cern.ch:15000
--workflow ztoee --year 2022preEE --output_path /eos/user/d/driosper/bsm3g_coffea/outputs/ztoee/2022preEE/EGammaD --output_format coffea --dataset EGammaD_4 --partition_json /srv/partition_fileset.json
  Preprocessing 100% ━━━━━━━━━━━━━━━━ 10/10 [ 0:00:11 < 0:00:00 | 1.2   file/s ]
Merging (local) 100% ━━━━━━━━━━━━━━━━ 10/10 [ 0:00:11 < 0:00:00 | ?   merges/s ]
     Processing 100% ━━━━━━━━━━━━━━━━ 86/86 [ 0:17:15 < 0:00:00 | 0.2  chunk/s ]
Merging (local) 100% ━━━━━━━━━━━━━━━━ 86/86 [ 0:17:15 < 0:00:00 | ?   merges/s ]
There are 20690 events with muon pt outside of [26,200] GeV. Setting those entries to their initial value.
There are 23404 events with muon pt outside of [26,200] GeV. Setting those entries to their initial value.
There are 20052 events with muon pt outside of [26,200] GeV. Setting those entries to their initial value.
There are 23334 events with muon pt outside of [26,200] GeV. Setting those entries to their initial value.
There are 19749 events with muon pt outside of [26,200] GeV. Setting those entries to their initial value.
There are 23020 events with muon pt outside of [26,200] GeV. Setting those entries to their initial value.
There are 19378 events with muon pt outside of [26,200] GeV. Setting those entries to their initial value.
There are 22515 events with muon pt outside of [26,200] GeV. Setting those entries to their initial value.
There are 22382 events with muon pt outside of [26,200] GeV. Setting those entries to their initial value.
There are 23149 events with muon pt outside of [26,200] GeV. Setting those entries to their initial value.
There are 19006 events with muon pt outside of [26,200] GeV. Setting those entries to their initial value.
There are 22605 events with muon pt outside of [26,200] GeV. Setting those entries to their initial value.
There are 23127 events with muon pt outside of [26,200] GeV. Setting those entries to their initial value.
There are 22953 events with muon pt outside of [26,200] GeV. Setting those entries to their initial value.
There are 18113 events with muon pt outside of [26,200] GeV. Setting those entries to their initial value.
There are 21893 events with muon pt outside of [26,200] GeV. Setting those entries to their initial value.
There are 24285 events with muon pt outside of [26,200] GeV. Setting those entries to their initial value.
There are 24057 events with muon pt outside of [26,200] GeV. Setting those entries to their initial value.
There are 22499 events with muon pt outside of [26,200] GeV. Setting those entries to their initial value.
There are 23667 events with muon pt outside of [26,200] GeV. Setting those entries to their initial value.
There are 20943 events with muon pt outside of [26,200] GeV. Setting those entries to their initial value.
There are 22963 events with muon pt outside of [26,200] GeV. Setting those entries to their initial value.
There are 17609 events with muon pt outside of [26,200] GeV. Setting those entries to their initial value.
There are 22124 events with muon pt outside of [26,200] GeV. Setting those entries to their initial value.
There are 18626 events with muon pt outside of [26,200] GeV. Setting those entries to their initial value.
There are 22458 events with muon pt outside of [26,200] GeV. Setting those entries to their initial value.
There are 20583 events with muon pt outside of [26,200] GeV. Setting those entries to their initial value.
There are 24427 events with muon pt outside of [26,200] GeV. Setting those entries to their initial value.
There are 19555 events with muon pt outside of [26,200] GeV. Setting those entries to their initial value.
There are 23694 events with muon pt outside of [26,200] GeV. Setting those entries to their initial value.
There are 18218 events with muon pt outside of [26,200] GeV. Setting those entries to their initial value.
There are 22865 events with muon pt outside of [26,200] GeV. Setting those entries to their initial value.
There are 20276 events with muon pt outside of [26,200] GeV. Setting those entries to their initial value.
There are 23438 events with muon pt outside of [26,200] GeV. Setting those entries to their initial value.
There are 18316 events with muon pt outside of [26,200] GeV. Setting those entries to their initial value.
There are 21728 events with muon pt outside of [26,200] GeV. Setting those entries to their initial value.
There are 14286 events with muon pt outside of [26,200] GeV. Setting those entries to their initial value.
There are 15389 events with muon pt outside of [26,200] GeV. Setting those entries to their initial value.
There are 19919 events with muon pt outside of [26,200] GeV. Setting those entries to their initial value.
There are 22209 events with muon pt outside of [26,200] GeV. Setting those entries to their initial value.
There are 15264 events with muon pt outside of [26,200] GeV. Setting those entries to their initial value.
There are 20967 events with muon pt outside of [26,200] GeV. Setting those entries to their initial value.
There are 16066 events with muon pt outside of [26,200] GeV. Setting those entries to their initial value.
There are 18505 events with muon pt outside of [26,200] GeV. Setting those entries to their initial value.
There are 16200 events with muon pt outside of [26,200] GeV. Setting those entries to their initial value.
There are 21339 events with muon pt outside of [26,200] GeV. Setting those entries to their initial value.
There are 15766 events with muon pt outside of [26,200] GeV. Setting those entries to their initial value.
There are 17213 events with muon pt outside of [26,200] GeV. Setting those entries to their initial value.
There are 19580 events with muon pt outside of [26,200] GeV. Setting those entries to their initial value.
There are 23163 events with muon pt outside of [26,200] GeV. Setting those entries to their initial value.
There are 16297 events with muon pt outside of [26,200] GeV. Setting those entries to their initial value.
There are 22184 events with muon pt outside of [26,200] GeV. Setting those entries to their initial value.
There are 18195 events with muon pt outside of [26,200] GeV. Setting those entries to their initial value.
There are 22173 events with muon pt outside of [26,200] GeV. Setting those entries to their initial value.
There are 20499 events with muon pt outside of [26,200] GeV. Setting those entries to their initial value.
There are 22556 events with muon pt outside of [26,200] GeV. Setting those entries to their initial value.
There are 16013 events with muon pt outside of [26,200] GeV. Setting those entries to their initial value.
There are 21547 events with muon pt outside of [26,200] GeV. Setting those entries to their initial value.
There are 22089 events with muon pt outside of [26,200] GeV. Setting those entries to their initial value.
There are 23666 events with muon pt outside of [26,200] GeV. Setting those entries to their initial value.
There are 25786 events with muon pt outside of [26,200] GeV. Setting those entries to their initial value.
There are 24630 events with muon pt outside of [26,200] GeV. Setting those entries to their initial value.
There are 21818 events with muon pt outside of [26,200] GeV. Setting those entries to their initial value.
There are 33720 events with muon pt outside of [26,200] GeV. Setting those entries to their initial value.
There are 19853 events with muon pt outside of [26,200] GeV. Setting those entries to their initial value.
There are 22615 events with muon pt outside of [26,200] GeV. Setting those entries to their initial value.
There are 14306 events with muon pt outside of [26,200] GeV. Setting those entries to their initial value.
There are 16961 events with muon pt outside of [26,200] GeV. Setting those entries to their initial value.
There are 22291 events with muon pt outside of [26,200] GeV. Setting those entries to their initial value.
There are 24367 events with muon pt outside of [26,200] GeV. Setting those entries to their initial value.
There are 17365 events with muon pt outside of [26,200] GeV. Setting those entries to their initial value.
There are 23317 events with muon pt outside of [26,200] GeV. Setting those entries to their initial value.
There are 24490 events with muon pt outside of [26,200] GeV. Setting those entries to their initial value.
There are 23807 events with muon pt outside of [26,200] GeV. Setting those entries to their initial value.
There are 17687 events with muon pt outside of [26,200] GeV. Setting those entries to their initial value.
There are 22561 events with muon pt outside of [26,200] GeV. Setting those entries to their initial value.
There are 15431 events with muon pt outside of [26,200] GeV. Setting those entries to their initial value.
There are 21031 events with muon pt outside of [26,200] GeV. Setting those entries to their initial value.
There are 15679 events with muon pt outside of [26,200] GeV. Setting those entries to their initial value.
There are 20758 events with muon pt outside of [26,200] GeV. Setting those entries to their initial value.
There are 15075 events with muon pt outside of [26,200] GeV. Setting those entries to their initial value.
There are 21164 events with muon pt outside of [26,200] GeV. Setting those entries to their initial value.
There are 21408 events with muon pt outside of [26,200] GeV. Setting those entries to their initial value.
There are 22420 events with muon pt outside of [26,200] GeV. Setting those entries to their initial value.
There are 12788 events with muon pt outside of [26,200] GeV. Setting those entries to their initial value.
There are 20526 events with muon pt outside of [26,200] GeV. Setting those entries to their initial value.
There are 21274 events with muon pt outside of [26,200] GeV. Setting those entries to their initial value.
There are 23578 events with muon pt outside of [26,200] GeV. Setting those entries to their initial value.
There are 21064 events with muon pt outside of [26,200] GeV. Setting those entries to their initial value.
There are 24196 events with muon pt outside of [26,200] GeV. Setting those entries to their initial value.
There are 17600 events with muon pt outside of [26,200] GeV. Setting those entries to their initial value.
There are 22527 events with muon pt outside of [26,200] GeV. Setting those entries to their initial value.
There are 15154 events with muon pt outside of [26,200] GeV. Setting those entries to their initial value.
There are 22047 events with muon pt outside of [26,200] GeV. Setting those entries to their initial value.
There are 18028 events with muon pt outside of [26,200] GeV. Setting those entries to their initial value.
There are 22130 events with muon pt outside of [26,200] GeV. Setting those entries to their initial value.
There are 13869 events with muon pt outside of [26,200] GeV. Setting those entries to their initial value.
There are 18879 events with muon pt outside of [26,200] GeV. Setting those entries to their initial value.
There are 20717 events with muon pt outside of [26,200] GeV. Setting those entries to their initial value.
There are 22799 events with muon pt outside of [26,200] GeV. Setting those entries to their initial value.
There are 17198 events with muon pt outside of [26,200] GeV. Setting those entries to their initial value.
There are 21486 events with muon pt outside of [26,200] GeV. Setting those entries to their initial value.
There are 23980 events with muon pt outside of [26,200] GeV. Setting those entries to their initial value.
There are 24216 events with muon pt outside of [26,200] GeV. Setting those entries to their initial value.
There are 21987 events with muon pt outside of [26,200] GeV. Setting those entries to their initial value.
There are 23823 events with muon pt outside of [26,200] GeV. Setting those entries to their initial value.
There are 22092 events with muon pt outside of [26,200] GeV. Setting those entries to their initial value.
There are 23264 events with muon pt outside of [26,200] GeV. Setting those entries to their initial value.
There are 22993 events with muon pt outside of [26,200] GeV. Setting those entries to their initial value.
There are 23605 events with muon pt outside of [26,200] GeV. Setting those entries to their initial value.
There are 25533 events with muon pt outside of [26,200] GeV. Setting those entries to their initial value.
There are 24641 events with muon pt outside of [26,200] GeV. Setting those entries to their initial value.
There are 21688 events with muon pt outside of [26,200] GeV. Setting those entries to their initial value.
There are 24393 events with muon pt outside of [26,200] GeV. Setting those entries to their initial value.
There are 23952 events with muon pt outside of [26,200] GeV. Setting those entries to their initial value.
There are 28019 events with muon pt outside of [26,200] GeV. Setting those entries to their initial value.
There are 22976 events with muon pt outside of [26,200] GeV. Setting those entries to their initial value.
There are 23855 events with muon pt outside of [26,200] GeV. Setting those entries to their initial value.
There are 17507 events with muon pt outside of [26,200] GeV. Setting those entries to their initial value.
There are 22498 events with muon pt outside of [26,200] GeV. Setting those entries to their initial value.
There are 18922 events with muon pt outside of [26,200] GeV. Setting those entries to their initial value.
There are 22045 events with muon pt outside of [26,200] GeV. Setting those entries to their initial value.
There are 19822 events with muon pt outside of [26,200] GeV. Setting those entries to their initial value.
There are 22258 events with muon pt outside of [26,200] GeV. Setting those entries to their initial value.
There are 19075 events with muon pt outside of [26,200] GeV. Setting those entries to their initial value.
There are 20303 events with muon pt outside of [26,200] GeV. Setting those entries to their initial value.
There are 19006 events with muon pt outside of [26,200] GeV. Setting those entries to their initial value.
There are 21930 events with muon pt outside of [26,200] GeV. Setting those entries to their initial value.
There are 22899 events with muon pt outside of [26,200] GeV. Setting those entries to their initial value.
There are 23858 events with muon pt outside of [26,200] GeV. Setting those entries to their initial value.
There are 16364 events with muon pt outside of [26,200] GeV. Setting those entries to their initial value.
There are 22285 events with muon pt outside of [26,200] GeV. Setting those entries to their initial value.
There are 23122 events with muon pt outside of [26,200] GeV. Setting those entries to their initial value.
There are 22977 events with muon pt outside of [26,200] GeV. Setting those entries to their initial value.
There are 14938 events with muon pt outside of [26,200] GeV. Setting those entries to their initial value.
There are 21456 events with muon pt outside of [26,200] GeV. Setting those entries to their initial value.
There are 22063 events with muon pt outside of [26,200] GeV. Setting those entries to their initial value.
There are 23038 events with muon pt outside of [26,200] GeV. Setting those entries to their initial value.
There are 19346 events with muon pt outside of [26,200] GeV. Setting those entries to their initial value.
There are 22394 events with muon pt outside of [26,200] GeV. Setting those entries to their initial value.
There are 19059 events with muon pt outside of [26,200] GeV. Setting those entries to their initial value.
There are 22193 events with muon pt outside of [26,200] GeV. Setting those entries to their initial value.
There are 15869 events with muon pt outside of [26,200] GeV. Setting those entries to their initial value.
There are 21569 events with muon pt outside of [26,200] GeV. Setting those entries to their initial value.
There are 20168 events with muon pt outside of [26,200] GeV. Setting those entries to their initial value.
There are 23400 events with muon pt outside of [26,200] GeV. Setting those entries to their initial value.
There are 21079 events with muon pt outside of [26,200] GeV. Setting those entries to their initial value.
There are 24103 events with muon pt outside of [26,200] GeV. Setting those entries to their initial value.
There are 22457 events with muon pt outside of [26,200] GeV. Setting those entries to their initial value.
There are 23193 events with muon pt outside of [26,200] GeV. Setting those entries to their initial value.
There are 15581 events with muon pt outside of [26,200] GeV. Setting those entries to their initial value.
There are 21723 events with muon pt outside of [26,200] GeV. Setting those entries to their initial value.
There are 17102 events with muon pt outside of [26,200] GeV. Setting those entries to their initial value.
There are 22302 events with muon pt outside of [26,200] GeV. Setting those entries to their initial value.
There are 21532 events with muon pt outside of [26,200] GeV. Setting those entries to their initial value.
There are 23991 events with muon pt outside of [26,200] GeV. Setting those entries to their initial value.
There are 19815 events with muon pt outside of [26,200] GeV. Setting those entries to their initial value.
There are 23761 events with muon pt outside of [26,200] GeV. Setting those entries to their initial value.
There are 26893 events with muon pt outside of [26,200] GeV. Setting those entries to their initial value.
There are 28658 events with muon pt outside of [26,200] GeV. Setting those entries to their initial value.
There are 19523 events with muon pt outside of [26,200] GeV. Setting those entries to their initial value.
There are 23650 events with muon pt outside of [26,200] GeV. Setting those entries to their initial value.
There are 16315 events with muon pt outside of [26,200] GeV. Setting those entries to their initial value.
There are 22384 events with muon pt outside of [26,200] GeV. Setting those entries to their initial value.
There are 13664 events with muon pt outside of [26,200] GeV. Setting those entries to their initial value.
There are 20544 events with muon pt outside of [26,200] GeV. Setting those entries to their initial value.
There are 21217 events with muon pt outside of [26,200] GeV. Setting those entries to their initial value.
There are 22406 events with muon pt outside of [26,200] GeV. Setting those entries to their initial value.
There are 18879 events with muon pt outside of [26,200] GeV. Setting those entries to their initial value.
There are 21871 events with muon pt outside of [26,200] GeV. Setting those entries to their initial value.
There are 12533 events with muon pt outside of [26,200] GeV. Setting those entries to their initial value.
There are 17696 events with muon pt outside of [26,200] GeV. Setting those entries to their initial value.
