000 (14737666.000.000) 02/25 20:32:11 Job submitted from host: <188.184.90.62:9618?addrs=188.184.90.62-9618+[2001-1458-201-e4--100-238]-9618&alias=bigbird16.cern.ch&noUDP&sock=schedd_5196_9a2f>
...
040 (14737666.000.000) 02/25 20:36:02 Started transferring input files
	Transferring to host: <188.185.215.98:9618?addrs=188.185.215.98-9618+[2001-1458-303-1e--100-5e]-9618&alias=b9p31p6093.cern.ch&noUDP&sock=slot1_10_8481_61b2_169540>
...
040 (14737666.000.000) 02/25 20:36:02 Finished transferring input files
...
001 (14737666.000.000) 02/25 20:36:03 Job executing on host: <188.185.215.98:9618?addrs=188.185.215.98-9618+[2001-1458-303-1e--100-5e]-9618&alias=b9p31p6093.cern.ch&noUDP&sock=startd_7426_3262>
	SlotName: slot1_10@b9p31p6093.cern.ch
	CondorScratchDir = "/pool/condor/dir_141761"
	Cpus = 1
	Disk = 3790
	GPUs = 0
	Memory = 3000
...
006 (14737666.000.000) 02/25 20:36:18 Image size of job updated: 163712
	160  -  MemoryUsage of job (MB)
	163712  -  ResidentSetSize of job (KB)
...
006 (14737666.000.000) 02/25 20:41:19 Image size of job updated: 1532484
	1422  -  MemoryUsage of job (MB)
	1456092  -  ResidentSetSize of job (KB)
...
006 (14737666.000.000) 02/25 20:46:19 Image size of job updated: 1612228
	1468  -  MemoryUsage of job (MB)
	1502284  -  ResidentSetSize of job (KB)
...
006 (14737666.000.000) 02/25 20:47:55 Image size of job updated: 1650428
	1468  -  MemoryUsage of job (MB)
	1502284  -  ResidentSetSize of job (KB)
...
040 (14737666.000.000) 02/25 20:47:55 Started transferring output files
...
040 (14737666.000.000) 02/25 20:47:56 Finished transferring output files
...
005 (14737666.000.000) 02/25 20:47:56 Job terminated.
	(1) Normal termination (return value 0)
		Usr 0 00:23:50, Sys 0 00:00:34  -  Run Remote Usage
		Usr 0 00:00:00, Sys 0 00:00:00  -  Run Local Usage
		Usr 0 00:23:50, Sys 0 00:00:34  -  Total Remote Usage
		Usr 0 00:00:00, Sys 0 00:00:00  -  Total Local Usage
	21554  -  Run Bytes Sent By Job
	19304  -  Run Bytes Received By Job
	21554  -  Total Bytes Sent By Job
	19304  -  Total Bytes Received By Job
	Partitionable Resources :    Usage  Request Allocated 
	   Cpus                 :     2.97        1         1 
	   Disk (KB)            :    66          22      3790 
	   GPUs                 :                           0 
	   Memory (MB)          :  1468        3000      3000 
	   TimeExecute (s)      :   712                       
	   TimeSlotBusy (s)     :   715                       

	Job terminated of its own accord at 2026-02-25T19:47:55Z with exit-code 0.
...
