subject   : /DC=ch/DC=cern/OU=Organic Units/OU=Users/CN=driosper/CN=886669/CN=Diego Alejandro Rios Perez/CN=1573519443
issuer    : /DC=ch/DC=cern/OU=Organic Units/OU=Users/CN=driosper/CN=886669/CN=Diego Alejandro Rios Perez
identity  : /DC=ch/DC=cern/OU=Organic Units/OU=Users/CN=driosper/CN=886669/CN=Diego Alejandro Rios Perez
type      : RFC compliant proxy
strength  : 2048 bits
path      : /afs/cern.ch/user/d/driosper/private/x509up_u182284
timeleft  : 11:50:06
key usage : Digital Signature, Key Encipherment
=== VO cms extension information ===
VO        : cms
subject   : /DC=ch/DC=cern/OU=Organic Units/OU=Users/CN=driosper/CN=886669/CN=Diego Alejandro Rios Perez
issuer    : /DC=ch/DC=cern/OU=computers/CN=cms-auth.cern.ch
attribute : /cms/Role=NULL/Capability=NULL
timeleft  : 11:50:06
uri       : voms-cms-auth.cern.ch:15000
--workflow ztoee --year 2022preEE --output_path /eos/user/d/driosper/bsm3g_coffea/outputs/ztoee/2022preEE/EGammaD --output_format coffea --dataset EGammaD_2 --partition_json /srv/partition_fileset.json
  Preprocessing 100% ━━━━━━━━━━━━━━━━ 10/10 [ 0:00:17 < 0:00:00 | 0.6   file/s ]
Merging (local) 100% ━━━━━━━━━━━━━━━━ 10/10 [ 0:00:17 < 0:00:00 | ?   merges/s ]
     Processing 100% ━━━━━━━━━━━━━━━━ 99/99 [ 0:19:53 < 0:00:00 | 0.2  chunk/s ]
Merging (local) 100% ━━━━━━━━━━━━━━━━ 99/99 [ 0:19:53 < 0:00:00 | ?   merges/s ]
There are 16426 events with muon pt outside of [26,200] GeV. Setting those entries to their initial value.
There are 21092 events with muon pt outside of [26,200] GeV. Setting those entries to their initial value.
There are 21242 events with muon pt outside of [26,200] GeV. Setting those entries to their initial value.
There are 22154 events with muon pt outside of [26,200] GeV. Setting those entries to their initial value.
There are 17471 events with muon pt outside of [26,200] GeV. Setting those entries to their initial value.
There are 21859 events with muon pt outside of [26,200] GeV. Setting those entries to their initial value.
There are 18640 events with muon pt outside of [26,200] GeV. Setting those entries to their initial value.
There are 22171 events with muon pt outside of [26,200] GeV. Setting those entries to their initial value.
There are 16994 events with muon pt outside of [26,200] GeV. Setting those entries to their initial value.
There are 21676 events with muon pt outside of [26,200] GeV. Setting those entries to their initial value.
There are 13820 events with muon pt outside of [26,200] GeV. Setting those entries to their initial value.
There are 21087 events with muon pt outside of [26,200] GeV. Setting those entries to their initial value.
There are 17311 events with muon pt outside of [26,200] GeV. Setting those entries to their initial value.
There are 22312 events with muon pt outside of [26,200] GeV. Setting those entries to their initial value.
There are 17200 events with muon pt outside of [26,200] GeV. Setting those entries to their initial value.
There are 22259 events with muon pt outside of [26,200] GeV. Setting those entries to their initial value.
There are 19702 events with muon pt outside of [26,200] GeV. Setting those entries to their initial value.
There are 22896 events with muon pt outside of [26,200] GeV. Setting those entries to their initial value.
There are 21473 events with muon pt outside of [26,200] GeV. Setting those entries to their initial value.
There are 23537 events with muon pt outside of [26,200] GeV. Setting those entries to their initial value.
There are 20739 events with muon pt outside of [26,200] GeV. Setting those entries to their initial value.
There are 23778 events with muon pt outside of [26,200] GeV. Setting those entries to their initial value.
There are 16732 events with muon pt outside of [26,200] GeV. Setting those entries to their initial value.
There are 22391 events with muon pt outside of [26,200] GeV. Setting those entries to their initial value.
There are 22178 events with muon pt outside of [26,200] GeV. Setting those entries to their initial value.
There are 23668 events with muon pt outside of [26,200] GeV. Setting those entries to their initial value.
There are 20204 events with muon pt outside of [26,200] GeV. Setting those entries to their initial value.
There are 23531 events with muon pt outside of [26,200] GeV. Setting those entries to their initial value.
There are 20407 events with muon pt outside of [26,200] GeV. Setting those entries to their initial value.
There are 23316 events with muon pt outside of [26,200] GeV. Setting those entries to their initial value.
There are 19286 events with muon pt outside of [26,200] GeV. Setting those entries to their initial value.
There are 23551 events with muon pt outside of [26,200] GeV. Setting those entries to their initial value.
There are 15380 events with muon pt outside of [26,200] GeV. Setting those entries to their initial value.
There are 21465 events with muon pt outside of [26,200] GeV. Setting those entries to their initial value.
There are 22039 events with muon pt outside of [26,200] GeV. Setting those entries to their initial value.
There are 23278 events with muon pt outside of [26,200] GeV. Setting those entries to their initial value.
There are 19571 events with muon pt outside of [26,200] GeV. Setting those entries to their initial value.
There are 22653 events with muon pt outside of [26,200] GeV. Setting those entries to their initial value.
There are 17619 events with muon pt outside of [26,200] GeV. Setting those entries to their initial value.
There are 21664 events with muon pt outside of [26,200] GeV. Setting those entries to their initial value.
There are 17039 events with muon pt outside of [26,200] GeV. Setting those entries to their initial value.
There are 21401 events with muon pt outside of [26,200] GeV. Setting those entries to their initial value.
There are 17514 events with muon pt outside of [26,200] GeV. Setting those entries to their initial value.
There are 21263 events with muon pt outside of [26,200] GeV. Setting those entries to their initial value.
There are 15922 events with muon pt outside of [26,200] GeV. Setting those entries to their initial value.
There are 21044 events with muon pt outside of [26,200] GeV. Setting those entries to their initial value.
There are 18914 events with muon pt outside of [26,200] GeV. Setting those entries to their initial value.
There are 22833 events with muon pt outside of [26,200] GeV. Setting those entries to their initial value.
There are 16389 events with muon pt outside of [26,200] GeV. Setting those entries to their initial value.
There are 22004 events with muon pt outside of [26,200] GeV. Setting those entries to their initial value.
There are 22558 events with muon pt outside of [26,200] GeV. Setting those entries to their initial value.
There are 22477 events with muon pt outside of [26,200] GeV. Setting those entries to their initial value.
There are 19520 events with muon pt outside of [26,200] GeV. Setting those entries to their initial value.
There are 21806 events with muon pt outside of [26,200] GeV. Setting those entries to their initial value.
There are 19433 events with muon pt outside of [26,200] GeV. Setting those entries to their initial value.
There are 22111 events with muon pt outside of [26,200] GeV. Setting those entries to their initial value.
There are 15995 events with muon pt outside of [26,200] GeV. Setting those entries to their initial value.
There are 21872 events with muon pt outside of [26,200] GeV. Setting those entries to their initial value.
There are 17819 events with muon pt outside of [26,200] GeV. Setting those entries to their initial value.
There are 21845 events with muon pt outside of [26,200] GeV. Setting those entries to their initial value.
There are 15978 events with muon pt outside of [26,200] GeV. Setting those entries to their initial value.
There are 21829 events with muon pt outside of [26,200] GeV. Setting those entries to their initial value.
There are 18935 events with muon pt outside of [26,200] GeV. Setting those entries to their initial value.
There are 22099 events with muon pt outside of [26,200] GeV. Setting those entries to their initial value.
There are 15096 events with muon pt outside of [26,200] GeV. Setting those entries to their initial value.
There are 21713 events with muon pt outside of [26,200] GeV. Setting those entries to their initial value.
There are 18743 events with muon pt outside of [26,200] GeV. Setting those entries to their initial value.
There are 22559 events with muon pt outside of [26,200] GeV. Setting those entries to their initial value.
There are 20818 events with muon pt outside of [26,200] GeV. Setting those entries to their initial value.
There are 23387 events with muon pt outside of [26,200] GeV. Setting those entries to their initial value.
There are 17520 events with muon pt outside of [26,200] GeV. Setting those entries to their initial value.
There are 22954 events with muon pt outside of [26,200] GeV. Setting those entries to their initial value.
There are 18096 events with muon pt outside of [26,200] GeV. Setting those entries to their initial value.
There are 22823 events with muon pt outside of [26,200] GeV. Setting those entries to their initial value.
There are 19119 events with muon pt outside of [26,200] GeV. Setting those entries to their initial value.
There are 23100 events with muon pt outside of [26,200] GeV. Setting those entries to their initial value.
There are 21391 events with muon pt outside of [26,200] GeV. Setting those entries to their initial value.
There are 23684 events with muon pt outside of [26,200] GeV. Setting those entries to their initial value.
There are 18256 events with muon pt outside of [26,200] GeV. Setting those entries to their initial value.
There are 28595 events with muon pt outside of [26,200] GeV. Setting those entries to their initial value.
There are 16988 events with muon pt outside of [26,200] GeV. Setting those entries to their initial value.
There are 22133 events with muon pt outside of [26,200] GeV. Setting those entries to their initial value.
There are 23118 events with muon pt outside of [26,200] GeV. Setting those entries to their initial value.
There are 23575 events with muon pt outside of [26,200] GeV. Setting those entries to their initial value.
There are 20830 events with muon pt outside of [26,200] GeV. Setting those entries to their initial value.
There are 22638 events with muon pt outside of [26,200] GeV. Setting those entries to their initial value.
There are 20967 events with muon pt outside of [26,200] GeV. Setting those entries to their initial value.
There are 22757 events with muon pt outside of [26,200] GeV. Setting those entries to their initial value.
There are 15202 events with muon pt outside of [26,200] GeV. Setting those entries to their initial value.
There are 20519 events with muon pt outside of [26,200] GeV. Setting those entries to their initial value.
There are 17921 events with muon pt outside of [26,200] GeV. Setting those entries to their initial value.
There are 21449 events with muon pt outside of [26,200] GeV. Setting those entries to their initial value.
There are 14774 events with muon pt outside of [26,200] GeV. Setting those entries to their initial value.
There are 20904 events with muon pt outside of [26,200] GeV. Setting those entries to their initial value.
There are 16758 events with muon pt outside of [26,200] GeV. Setting those entries to their initial value.
There are 22269 events with muon pt outside of [26,200] GeV. Setting those entries to their initial value.
There are 19462 events with muon pt outside of [26,200] GeV. Setting those entries to their initial value.
There are 22737 events with muon pt outside of [26,200] GeV. Setting those entries to their initial value.
There are 15752 events with muon pt outside of [26,200] GeV. Setting those entries to their initial value.
There are 20954 events with muon pt outside of [26,200] GeV. Setting those entries to their initial value.
There are 18626 events with muon pt outside of [26,200] GeV. Setting those entries to their initial value.
There are 21649 events with muon pt outside of [26,200] GeV. Setting those entries to their initial value.
There are 21089 events with muon pt outside of [26,200] GeV. Setting those entries to their initial value.
There are 22585 events with muon pt outside of [26,200] GeV. Setting those entries to their initial value.
There are 16915 events with muon pt outside of [26,200] GeV. Setting those entries to their initial value.
There are 21838 events with muon pt outside of [26,200] GeV. Setting those entries to their initial value.
There are 19180 events with muon pt outside of [26,200] GeV. Setting those entries to their initial value.
There are 22219 events with muon pt outside of [26,200] GeV. Setting those entries to their initial value.
There are 12888 events with muon pt outside of [26,200] GeV. Setting those entries to their initial value.
There are 20558 events with muon pt outside of [26,200] GeV. Setting those entries to their initial value.
There are 20805 events with muon pt outside of [26,200] GeV. Setting those entries to their initial value.
There are 23406 events with muon pt outside of [26,200] GeV. Setting those entries to their initial value.
There are 16790 events with muon pt outside of [26,200] GeV. Setting those entries to their initial value.
There are 22220 events with muon pt outside of [26,200] GeV. Setting those entries to their initial value.
There are 18231 events with muon pt outside of [26,200] GeV. Setting those entries to their initial value.
There are 22249 events with muon pt outside of [26,200] GeV. Setting those entries to their initial value.
There are 17990 events with muon pt outside of [26,200] GeV. Setting those entries to their initial value.
There are 22967 events with muon pt outside of [26,200] GeV. Setting those entries to their initial value.
There are 13508 events with muon pt outside of [26,200] GeV. Setting those entries to their initial value.
There are 22108 events with muon pt outside of [26,200] GeV. Setting those entries to their initial value.
There are 22306 events with muon pt outside of [26,200] GeV. Setting those entries to their initial value.
There are 23703 events with muon pt outside of [26,200] GeV. Setting those entries to their initial value.
There are 20931 events with muon pt outside of [26,200] GeV. Setting those entries to their initial value.
There are 23812 events with muon pt outside of [26,200] GeV. Setting those entries to their initial value.
There are 21649 events with muon pt outside of [26,200] GeV. Setting those entries to their initial value.
There are 23536 events with muon pt outside of [26,200] GeV. Setting those entries to their initial value.
There are 20981 events with muon pt outside of [26,200] GeV. Setting those entries to their initial value.
There are 23351 events with muon pt outside of [26,200] GeV. Setting those entries to their initial value.
There are 18153 events with muon pt outside of [26,200] GeV. Setting those entries to their initial value.
There are 22303 events with muon pt outside of [26,200] GeV. Setting those entries to their initial value.
There are 21507 events with muon pt outside of [26,200] GeV. Setting those entries to their initial value.
There are 23034 events with muon pt outside of [26,200] GeV. Setting those entries to their initial value.
There are 21884 events with muon pt outside of [26,200] GeV. Setting those entries to their initial value.
There are 23448 events with muon pt outside of [26,200] GeV. Setting those entries to their initial value.
There are 17320 events with muon pt outside of [26,200] GeV. Setting those entries to their initial value.
There are 22092 events with muon pt outside of [26,200] GeV. Setting those entries to their initial value.
There are 17090 events with muon pt outside of [26,200] GeV. Setting those entries to their initial value.
There are 21865 events with muon pt outside of [26,200] GeV. Setting those entries to their initial value.
There are 21397 events with muon pt outside of [26,200] GeV. Setting those entries to their initial value.
There are 23047 events with muon pt outside of [26,200] GeV. Setting those entries to their initial value.
There are 18622 events with muon pt outside of [26,200] GeV. Setting those entries to their initial value.
There are 22412 events with muon pt outside of [26,200] GeV. Setting those entries to their initial value.
There are 15140 events with muon pt outside of [26,200] GeV. Setting those entries to their initial value.
There are 20803 events with muon pt outside of [26,200] GeV. Setting those entries to their initial value.
There are 18582 events with muon pt outside of [26,200] GeV. Setting those entries to their initial value.
There are 21829 events with muon pt outside of [26,200] GeV. Setting those entries to their initial value.
There are 18048 events with muon pt outside of [26,200] GeV. Setting those entries to their initial value.
There are 21395 events with muon pt outside of [26,200] GeV. Setting those entries to their initial value.
There are 15670 events with muon pt outside of [26,200] GeV. Setting those entries to their initial value.
There are 21843 events with muon pt outside of [26,200] GeV. Setting those entries to their initial value.
There are 16490 events with muon pt outside of [26,200] GeV. Setting those entries to their initial value.
There are 22155 events with muon pt outside of [26,200] GeV. Setting those entries to their initial value.
There are 21249 events with muon pt outside of [26,200] GeV. Setting those entries to their initial value.
There are 22317 events with muon pt outside of [26,200] GeV. Setting those entries to their initial value.
There are 20919 events with muon pt outside of [26,200] GeV. Setting those entries to their initial value.
There are 22352 events with muon pt outside of [26,200] GeV. Setting those entries to their initial value.
There are 16839 events with muon pt outside of [26,200] GeV. Setting those entries to their initial value.
There are 21456 events with muon pt outside of [26,200] GeV. Setting those entries to their initial value.
There are 20793 events with muon pt outside of [26,200] GeV. Setting those entries to their initial value.
There are 22495 events with muon pt outside of [26,200] GeV. Setting those entries to their initial value.
There are 19187 events with muon pt outside of [26,200] GeV. Setting those entries to their initial value.
There are 22648 events with muon pt outside of [26,200] GeV. Setting those entries to their initial value.
There are 14860 events with muon pt outside of [26,200] GeV. Setting those entries to their initial value.
There are 21095 events with muon pt outside of [26,200] GeV. Setting those entries to their initial value.
There are 17616 events with muon pt outside of [26,200] GeV. Setting those entries to their initial value.
There are 21890 events with muon pt outside of [26,200] GeV. Setting those entries to their initial value.
There are 16654 events with muon pt outside of [26,200] GeV. Setting those entries to their initial value.
There are 22092 events with muon pt outside of [26,200] GeV. Setting those entries to their initial value.
There are 23208 events with muon pt outside of [26,200] GeV. Setting those entries to their initial value.
There are 24228 events with muon pt outside of [26,200] GeV. Setting those entries to their initial value.
There are 19955 events with muon pt outside of [26,200] GeV. Setting those entries to their initial value.
There are 23883 events with muon pt outside of [26,200] GeV. Setting those entries to their initial value.
There are 19120 events with muon pt outside of [26,200] GeV. Setting those entries to their initial value.
There are 23111 events with muon pt outside of [26,200] GeV. Setting those entries to their initial value.
There are 20714 events with muon pt outside of [26,200] GeV. Setting those entries to their initial value.
There are 23483 events with muon pt outside of [26,200] GeV. Setting those entries to their initial value.
There are 16046 events with muon pt outside of [26,200] GeV. Setting those entries to their initial value.
There are 22216 events with muon pt outside of [26,200] GeV. Setting those entries to their initial value.
There are 17301 events with muon pt outside of [26,200] GeV. Setting those entries to their initial value.
There are 22533 events with muon pt outside of [26,200] GeV. Setting those entries to their initial value.
There are 18985 events with muon pt outside of [26,200] GeV. Setting those entries to their initial value.
There are 22339 events with muon pt outside of [26,200] GeV. Setting those entries to their initial value.
There are 22197 events with muon pt outside of [26,200] GeV. Setting those entries to their initial value.
There are 23681 events with muon pt outside of [26,200] GeV. Setting those entries to their initial value.
There are 20392 events with muon pt outside of [26,200] GeV. Setting those entries to their initial value.
There are 23008 events with muon pt outside of [26,200] GeV. Setting those entries to their initial value.
There are 22568 events with muon pt outside of [26,200] GeV. Setting those entries to their initial value.
There are 23060 events with muon pt outside of [26,200] GeV. Setting those entries to their initial value.
There are 19249 events with muon pt outside of [26,200] GeV. Setting those entries to their initial value.
There are 22858 events with muon pt outside of [26,200] GeV. Setting those entries to their initial value.
There are 15890 events with muon pt outside of [26,200] GeV. Setting those entries to their initial value.
There are 21097 events with muon pt outside of [26,200] GeV. Setting those entries to their initial value.
There are 17377 events with muon pt outside of [26,200] GeV. Setting those entries to their initial value.
There are 22180 events with muon pt outside of [26,200] GeV. Setting those entries to their initial value.
There are 14704 events with muon pt outside of [26,200] GeV. Setting those entries to their initial value.
There are 21600 events with muon pt outside of [26,200] GeV. Setting those entries to their initial value.
There are 15299 events with muon pt outside of [26,200] GeV. Setting those entries to their initial value.
There are 21762 events with muon pt outside of [26,200] GeV. Setting those entries to their initial value.
