000 (14737666.009.000) 02/25 20:32:12 Job submitted from host: <188.184.90.62:9618?addrs=188.184.90.62-9618+[2001-1458-201-e4--100-238]-9618&alias=bigbird16.cern.ch&noUDP&sock=schedd_5196_9a2f>
...
040 (14737666.009.000) 02/25 20:36:05 Started transferring input files
	Transferring to host: <188.185.206.196:9618?addrs=188.185.206.196-9618+[2001-1458-303-c--100-41]-9618&alias=b9p06p3703.cern.ch&noUDP&sock=slot1_24_8502_2d93_150039>
...
040 (14737666.009.000) 02/25 20:36:05 Finished transferring input files
...
001 (14737666.009.000) 02/25 20:36:06 Job executing on host: <188.185.206.196:9618?addrs=188.185.206.196-9618+[2001-1458-303-c--100-41]-9618&alias=b9p06p3703.cern.ch&noUDP&sock=startd_7293_f849>
	SlotName: slot1_24@b9p06p3703.cern.ch
	CondorScratchDir = "/pool/condor/dir_131840"
	Cpus = 1
	Disk = 3714
	GPUs = 0
	Memory = 3000
...
006 (14737666.009.000) 02/25 20:36:20 Image size of job updated: 471576
	461  -  MemoryUsage of job (MB)
	471576  -  ResidentSetSize of job (KB)
...
006 (14737666.009.000) 02/25 20:41:20 Image size of job updated: 1456596
	1421  -  MemoryUsage of job (MB)
	1454144  -  ResidentSetSize of job (KB)
...
006 (14737666.009.000) 02/25 20:46:21 Image size of job updated: 1625892
	1466  -  MemoryUsage of job (MB)
	1500176  -  ResidentSetSize of job (KB)
...
040 (14737666.009.000) 02/25 20:48:31 Started transferring output files
...
040 (14737666.009.000) 02/25 20:48:31 Finished transferring output files
...
005 (14737666.009.000) 02/25 20:48:31 Job terminated.
	(1) Normal termination (return value 0)
		Usr 0 00:20:49, Sys 0 00:00:40  -  Run Remote Usage
		Usr 0 00:00:00, Sys 0 00:00:00  -  Run Local Usage
		Usr 0 00:20:49, Sys 0 00:00:40  -  Total Remote Usage
		Usr 0 00:00:00, Sys 0 00:00:00  -  Total Local Usage
	19153  -  Run Bytes Sent By Job
	19304  -  Run Bytes Received By Job
	19153  -  Total Bytes Sent By Job
	19304  -  Total Bytes Received By Job
	Partitionable Resources :    Usage  Request Allocated 
	   Cpus                 :     0.96        1         1 
	   Disk (KB)            :    68          22      3714 
	   GPUs                 :                           0 
	   Memory (MB)          :  1466        3000      3000 
	   TimeExecute (s)      :   745                       
	   TimeSlotBusy (s)     :   747                       

	Job terminated of its own accord at 2026-02-25T19:48:31Z with exit-code 0.
...
