subject   : /DC=ch/DC=cern/OU=Organic Units/OU=Users/CN=driosper/CN=886669/CN=Diego Alejandro Rios Perez/CN=1573519443
issuer    : /DC=ch/DC=cern/OU=Organic Units/OU=Users/CN=driosper/CN=886669/CN=Diego Alejandro Rios Perez
identity  : /DC=ch/DC=cern/OU=Organic Units/OU=Users/CN=driosper/CN=886669/CN=Diego Alejandro Rios Perez
type      : RFC compliant proxy
strength  : 2048 bits
path      : /afs/cern.ch/user/d/driosper/private/x509up_u182284
timeleft  : 11:50:02
key usage : Digital Signature, Key Encipherment
=== VO cms extension information ===
VO        : cms
subject   : /DC=ch/DC=cern/OU=Organic Units/OU=Users/CN=driosper/CN=886669/CN=Diego Alejandro Rios Perez
issuer    : /DC=ch/DC=cern/OU=computers/CN=cms-auth.cern.ch
attribute : /cms/Role=NULL/Capability=NULL
timeleft  : 11:50:02
uri       : voms-cms-auth.cern.ch:15000
--workflow ztoee --year 2022preEE --output_path /eos/user/d/driosper/bsm3g_coffea/outputs/ztoee/2022preEE/EGammaD --output_format coffea --dataset EGammaD_10 --partition_json /srv/partition_fileset.json
  Preprocessing 100% ━━━━━━━━━━━━━━━━ 10/10 [ 0:00:15 < 0:00:00 | 0.9   file/s ]
Merging (local) 100% ━━━━━━━━━━━━━━━━ 10/10 [ 0:00:15 < 0:00:00 | ?   merges/s ]
     Processing 100% ━━━━━━━━━━━━━━━━ 64/64 [ 0:11:55 < 0:00:00 | 0.2  chunk/s ]
Merging (local) 100% ━━━━━━━━━━━━━━━━ 64/64 [ 0:11:55 < 0:00:00 | ?   merges/s ]
There are 22600 events with muon pt outside of [26,200] GeV. Setting those entries to their initial value.
There are 31747 events with muon pt outside of [26,200] GeV. Setting those entries to their initial value.
There are 19591 events with muon pt outside of [26,200] GeV. Setting those entries to their initial value.
There are 21802 events with muon pt outside of [26,200] GeV. Setting those entries to their initial value.
There are 21435 events with muon pt outside of [26,200] GeV. Setting those entries to their initial value.
There are 21911 events with muon pt outside of [26,200] GeV. Setting those entries to their initial value.
There are 15924 events with muon pt outside of [26,200] GeV. Setting those entries to their initial value.
There are 21094 events with muon pt outside of [26,200] GeV. Setting those entries to their initial value.
There are 19652 events with muon pt outside of [26,200] GeV. Setting those entries to their initial value.
There are 21832 events with muon pt outside of [26,200] GeV. Setting those entries to their initial value.
There are 18398 events with muon pt outside of [26,200] GeV. Setting those entries to their initial value.
There are 22172 events with muon pt outside of [26,200] GeV. Setting those entries to their initial value.
There are 21317 events with muon pt outside of [26,200] GeV. Setting those entries to their initial value.
There are 22858 events with muon pt outside of [26,200] GeV. Setting those entries to their initial value.
There are 20039 events with muon pt outside of [26,200] GeV. Setting those entries to their initial value.
There are 23090 events with muon pt outside of [26,200] GeV. Setting those entries to their initial value.
There are 19540 events with muon pt outside of [26,200] GeV. Setting those entries to their initial value.
There are 22818 events with muon pt outside of [26,200] GeV. Setting those entries to their initial value.
There are 16844 events with muon pt outside of [26,200] GeV. Setting those entries to their initial value.
There are 22223 events with muon pt outside of [26,200] GeV. Setting those entries to their initial value.
There are 20171 events with muon pt outside of [26,200] GeV. Setting those entries to their initial value.
There are 22219 events with muon pt outside of [26,200] GeV. Setting those entries to their initial value.
There are 19476 events with muon pt outside of [26,200] GeV. Setting those entries to their initial value.
There are 22074 events with muon pt outside of [26,200] GeV. Setting those entries to their initial value.
There are 23992 events with muon pt outside of [26,200] GeV. Setting those entries to their initial value.
There are 22895 events with muon pt outside of [26,200] GeV. Setting those entries to their initial value.
There are 25072 events with muon pt outside of [26,200] GeV. Setting those entries to their initial value.
There are 23314 events with muon pt outside of [26,200] GeV. Setting those entries to their initial value.
There are 20766 events with muon pt outside of [26,200] GeV. Setting those entries to their initial value.
There are 20920 events with muon pt outside of [26,200] GeV. Setting those entries to their initial value.
There are 20840 events with muon pt outside of [26,200] GeV. Setting those entries to their initial value.
There are 22623 events with muon pt outside of [26,200] GeV. Setting those entries to their initial value.
There are 20585 events with muon pt outside of [26,200] GeV. Setting those entries to their initial value.
There are 22268 events with muon pt outside of [26,200] GeV. Setting those entries to their initial value.
There are 21174 events with muon pt outside of [26,200] GeV. Setting those entries to their initial value.
There are 22293 events with muon pt outside of [26,200] GeV. Setting those entries to their initial value.
There are 19406 events with muon pt outside of [26,200] GeV. Setting those entries to their initial value.
There are 21701 events with muon pt outside of [26,200] GeV. Setting those entries to their initial value.
There are 22974 events with muon pt outside of [26,200] GeV. Setting those entries to their initial value.
There are 22124 events with muon pt outside of [26,200] GeV. Setting those entries to their initial value.
There are 23349 events with muon pt outside of [26,200] GeV. Setting those entries to their initial value.
There are 23274 events with muon pt outside of [26,200] GeV. Setting those entries to their initial value.
There are 22337 events with muon pt outside of [26,200] GeV. Setting those entries to their initial value.
There are 23119 events with muon pt outside of [26,200] GeV. Setting those entries to their initial value.
There are 15626 events with muon pt outside of [26,200] GeV. Setting those entries to their initial value.
There are 21717 events with muon pt outside of [26,200] GeV. Setting those entries to their initial value.
There are 14771 events with muon pt outside of [26,200] GeV. Setting those entries to their initial value.
There are 23643 events with muon pt outside of [26,200] GeV. Setting those entries to their initial value.
There are 19560 events with muon pt outside of [26,200] GeV. Setting those entries to their initial value.
There are 22515 events with muon pt outside of [26,200] GeV. Setting those entries to their initial value.
There are 21884 events with muon pt outside of [26,200] GeV. Setting those entries to their initial value.
There are 22350 events with muon pt outside of [26,200] GeV. Setting those entries to their initial value.
There are 20721 events with muon pt outside of [26,200] GeV. Setting those entries to their initial value.
There are 22257 events with muon pt outside of [26,200] GeV. Setting those entries to their initial value.
There are 24065 events with muon pt outside of [26,200] GeV. Setting those entries to their initial value.
There are 22710 events with muon pt outside of [26,200] GeV. Setting those entries to their initial value.
There are 19261 events with muon pt outside of [26,200] GeV. Setting those entries to their initial value.
There are 21994 events with muon pt outside of [26,200] GeV. Setting those entries to their initial value.
There are 22216 events with muon pt outside of [26,200] GeV. Setting those entries to their initial value.
There are 22849 events with muon pt outside of [26,200] GeV. Setting those entries to their initial value.
There are 22468 events with muon pt outside of [26,200] GeV. Setting those entries to their initial value.
There are 21093 events with muon pt outside of [26,200] GeV. Setting those entries to their initial value.
There are 19410 events with muon pt outside of [26,200] GeV. Setting those entries to their initial value.
There are 21926 events with muon pt outside of [26,200] GeV. Setting those entries to their initial value.
There are 20319 events with muon pt outside of [26,200] GeV. Setting those entries to their initial value.
There are 22225 events with muon pt outside of [26,200] GeV. Setting those entries to their initial value.
There are 18009 events with muon pt outside of [26,200] GeV. Setting those entries to their initial value.
There are 21483 events with muon pt outside of [26,200] GeV. Setting those entries to their initial value.
There are 19761 events with muon pt outside of [26,200] GeV. Setting those entries to their initial value.
There are 21756 events with muon pt outside of [26,200] GeV. Setting those entries to their initial value.
There are 24231 events with muon pt outside of [26,200] GeV. Setting those entries to their initial value.
There are 23210 events with muon pt outside of [26,200] GeV. Setting those entries to their initial value.
There are 23050 events with muon pt outside of [26,200] GeV. Setting those entries to their initial value.
There are 22977 events with muon pt outside of [26,200] GeV. Setting those entries to their initial value.
There are 22957 events with muon pt outside of [26,200] GeV. Setting those entries to their initial value.
There are 23085 events with muon pt outside of [26,200] GeV. Setting those entries to their initial value.
There are 17633 events with muon pt outside of [26,200] GeV. Setting those entries to their initial value.
There are 22325 events with muon pt outside of [26,200] GeV. Setting those entries to their initial value.
There are 21198 events with muon pt outside of [26,200] GeV. Setting those entries to their initial value.
There are 22954 events with muon pt outside of [26,200] GeV. Setting those entries to their initial value.
There are 22478 events with muon pt outside of [26,200] GeV. Setting those entries to their initial value.
There are 22716 events with muon pt outside of [26,200] GeV. Setting those entries to their initial value.
There are 20331 events with muon pt outside of [26,200] GeV. Setting those entries to their initial value.
There are 22316 events with muon pt outside of [26,200] GeV. Setting those entries to their initial value.
There are 21340 events with muon pt outside of [26,200] GeV. Setting those entries to their initial value.
There are 23041 events with muon pt outside of [26,200] GeV. Setting those entries to their initial value.
There are 25350 events with muon pt outside of [26,200] GeV. Setting those entries to their initial value.
There are 22969 events with muon pt outside of [26,200] GeV. Setting those entries to their initial value.
There are 19581 events with muon pt outside of [26,200] GeV. Setting those entries to their initial value.
There are 22315 events with muon pt outside of [26,200] GeV. Setting those entries to their initial value.
There are 5203 events with muon pt outside of [26,200] GeV. Setting those entries to their initial value.
There are 5717 events with muon pt outside of [26,200] GeV. Setting those entries to their initial value.
There are 17250 events with muon pt outside of [26,200] GeV. Setting those entries to their initial value.
There are 20550 events with muon pt outside of [26,200] GeV. Setting those entries to their initial value.
There are 21125 events with muon pt outside of [26,200] GeV. Setting those entries to their initial value.
There are 22341 events with muon pt outside of [26,200] GeV. Setting those entries to their initial value.
There are 20172 events with muon pt outside of [26,200] GeV. Setting those entries to their initial value.
There are 22239 events with muon pt outside of [26,200] GeV. Setting those entries to their initial value.
There are 21760 events with muon pt outside of [26,200] GeV. Setting those entries to their initial value.
There are 21889 events with muon pt outside of [26,200] GeV. Setting those entries to their initial value.
There are 21030 events with muon pt outside of [26,200] GeV. Setting those entries to their initial value.
There are 22238 events with muon pt outside of [26,200] GeV. Setting those entries to their initial value.
There are 22700 events with muon pt outside of [26,200] GeV. Setting those entries to their initial value.
There are 22238 events with muon pt outside of [26,200] GeV. Setting those entries to their initial value.
There are 19610 events with muon pt outside of [26,200] GeV. Setting those entries to their initial value.
There are 22765 events with muon pt outside of [26,200] GeV. Setting those entries to their initial value.
There are 19787 events with muon pt outside of [26,200] GeV. Setting those entries to their initial value.
There are 22763 events with muon pt outside of [26,200] GeV. Setting those entries to their initial value.
There are 21372 events with muon pt outside of [26,200] GeV. Setting those entries to their initial value.
There are 23036 events with muon pt outside of [26,200] GeV. Setting those entries to their initial value.
There are 23066 events with muon pt outside of [26,200] GeV. Setting those entries to their initial value.
There are 30400 events with muon pt outside of [26,200] GeV. Setting those entries to their initial value.
There are 20180 events with muon pt outside of [26,200] GeV. Setting those entries to their initial value.
There are 22448 events with muon pt outside of [26,200] GeV. Setting those entries to their initial value.
There are 20382 events with muon pt outside of [26,200] GeV. Setting those entries to their initial value.
There are 22184 events with muon pt outside of [26,200] GeV. Setting those entries to their initial value.
There are 21792 events with muon pt outside of [26,200] GeV. Setting those entries to their initial value.
There are 22663 events with muon pt outside of [26,200] GeV. Setting those entries to their initial value.
There are 24012 events with muon pt outside of [26,200] GeV. Setting those entries to their initial value.
There are 22775 events with muon pt outside of [26,200] GeV. Setting those entries to their initial value.
There are 22195 events with muon pt outside of [26,200] GeV. Setting those entries to their initial value.
There are 22751 events with muon pt outside of [26,200] GeV. Setting those entries to their initial value.
There are 23889 events with muon pt outside of [26,200] GeV. Setting those entries to their initial value.
There are 22808 events with muon pt outside of [26,200] GeV. Setting those entries to their initial value.
There are 19156 events with muon pt outside of [26,200] GeV. Setting those entries to their initial value.
There are 20616 events with muon pt outside of [26,200] GeV. Setting those entries to their initial value.
There are 9501 events with muon pt outside of [26,200] GeV. Setting those entries to their initial value.
There are 10326 events with muon pt outside of [26,200] GeV. Setting those entries to their initial value.
