000 (14526959.000.000) 02/14 21:30:41 Job submitted from host: <188.184.90.62:9618?addrs=188.184.90.62-9618+[2001-1458-201-e4--100-238]-9618&alias=bigbird16.cern.ch&noUDP&sock=schedd_5196_9a2f>
...
040 (14526959.000.000) 02/14 21:31:52 Started transferring input files
	Transferring to host: <188.185.210.84:9618?addrs=188.185.210.84-9618+[2001-1458-303-1--100-50]-9618&alias=b9p21p5907.cern.ch&noUDP&sock=slot1_1_5619_d7fe_193971>
...
040 (14526959.000.000) 02/14 21:31:52 Finished transferring input files
...
001 (14526959.000.000) 02/14 21:31:53 Job executing on host: <188.185.210.84:9618?addrs=188.185.210.84-9618+[2001-1458-303-1--100-50]-9618&alias=b9p21p5907.cern.ch&noUDP&sock=startd_4688_2813>
	SlotName: slot1_1@b9p21p5907.cern.ch
	CondorScratchDir = "/pool/condor/dir_1459773"
	Cpus = 1
	Disk = 3759
	GPUs = 0
	Memory = 3000
...
006 (14526959.000.000) 02/14 21:32:07 Image size of job updated: 388644
	380  -  MemoryUsage of job (MB)
	388644  -  ResidentSetSize of job (KB)
...
006 (14526959.000.000) 02/14 21:35:40 Image size of job updated: 2891008
	380  -  MemoryUsage of job (MB)
	388704  -  ResidentSetSize of job (KB)
...
040 (14526959.000.000) 02/14 21:35:40 Started transferring output files
...
040 (14526959.000.000) 02/14 21:35:40 Finished transferring output files
...
004 (14526959.000.000) 02/14 21:35:40 Job was evicted.
	(0) CPU times
		Usr 0 00:09:38, Sys 0 00:00:35  -  Run Remote Usage
		Usr 0 00:00:00, Sys 0 00:00:00  -  Run Local Usage
	12306  -  Run Bytes Sent By Job
	5648  -  Run Bytes Received By Job
	Partitionable Resources :    Usage  Request Allocated 
	   Cpus                 :        0        1         1 
	   Disk (KB)            :       41       10      3759 
	   GPUs                 :                           0 
	   Memory (MB)          :      380     3000      3000 
	   TimeExecute (s)      :      227                    
	   TimeSlotBusy (s)     :      229                    
...
009 (14526959.000.000) 02/14 21:35:40 Job was aborted.
	via condor_rm (by user driosper)
...
