000 (14793326.000.000) 03/05 15:53:26 Job submitted from host: <188.184.90.62:9618?addrs=188.184.90.62-9618+[2001-1458-201-e4--100-238]-9618&alias=bigbird16.cern.ch&noUDP&sock=schedd_5196_9a2f>
...
040 (14793326.000.000) 03/05 16:27:30 Started transferring input files
	Transferring to host: <188.185.212.145:9618?addrs=188.185.212.145-9618+[2001-1458-303-19--100-d]-9618&alias=b9p26p0891.cern.ch&noUDP&sock=slot1_24_4432_7ead_176669>
...
040 (14793326.000.000) 03/05 16:27:30 Finished transferring input files
...
001 (14793326.000.000) 03/05 16:27:31 Job executing on host: <188.185.212.145:9618?addrs=188.185.212.145-9618+[2001-1458-303-19--100-d]-9618&alias=b9p26p0891.cern.ch&noUDP&sock=startd_3775_ea1b>
	SlotName: slot1_24@b9p26p0891.cern.ch
	CondorScratchDir = "/pool/condor/dir_270935"
	Cpus = 1
	Disk = 3791
	GPUs = 0
	Memory = 3000
...
006 (14793326.000.000) 03/05 16:27:45 Image size of job updated: 385896
	377  -  MemoryUsage of job (MB)
	385896  -  ResidentSetSize of job (KB)
...
006 (14793326.000.000) 03/05 16:32:45 Image size of job updated: 3340208
	3203  -  MemoryUsage of job (MB)
	3279564  -  ResidentSetSize of job (KB)
...
040 (14793326.000.000) 03/05 16:33:00 Started transferring output files
...
040 (14793326.000.000) 03/05 16:33:01 Finished transferring output files
...
005 (14793326.000.000) 03/05 16:33:05 Job terminated.
	(1) Normal termination (return value 1)
		Usr 0 00:11:21, Sys 0 00:00:22  -  Run Remote Usage
		Usr 0 00:00:00, Sys 0 00:00:00  -  Run Local Usage
		Usr 0 00:11:21, Sys 0 00:00:22  -  Total Remote Usage
		Usr 0 00:00:00, Sys 0 00:00:00  -  Total Local Usage
	28567  -  Run Bytes Sent By Job
	15304  -  Run Bytes Received By Job
	28567  -  Total Bytes Sent By Job
	15304  -  Total Bytes Received By Job
	Partitionable Resources :    Usage  Request Allocated 
	   Cpus                 :     2.12        1         1 
	   Disk (KB)            :    69          17      3791 
	   GPUs                 :                           0 
	   Memory (MB)          :  3203        3000      3000 
	   TimeExecute (s)      :   327                       
	   TimeSlotBusy (s)     :   334                       

	Job terminated of its own accord at 2026-03-05T15:32:58Z with exit-code 1.
...
