000 (14793326.002.000) 03/05 15:53:26 Job submitted from host: <188.184.90.62:9618?addrs=188.184.90.62-9618+[2001-1458-201-e4--100-238]-9618&alias=bigbird16.cern.ch&noUDP&sock=schedd_5196_9a2f>
...
040 (14793326.002.000) 03/05 16:27:39 Started transferring input files
	Transferring to host: <188.185.211.95:9618?addrs=188.185.211.95-9618+[2001-1458-303-16--100-5b]-9618&alias=b9p23p9282.cern.ch&noUDP&sock=slot1_4_6685_efe9_181402>
...
040 (14793326.002.000) 03/05 16:27:39 Finished transferring input files
...
001 (14793326.002.000) 03/05 16:27:41 Job executing on host: <188.185.211.95:9618?addrs=188.185.211.95-9618+[2001-1458-303-16--100-5b]-9618&alias=b9p23p9282.cern.ch&noUDP&sock=startd_5750_99a7>
	SlotName: slot1_4@b9p23p9282.cern.ch
	CondorScratchDir = "/pool/condor/dir_2957735"
	Cpus = 1
	Disk = 3642
	GPUs = 0
	Memory = 3000
...
006 (14793326.002.000) 03/05 16:27:55 Image size of job updated: 506628
	495  -  MemoryUsage of job (MB)
	506628  -  ResidentSetSize of job (KB)
...
006 (14793326.002.000) 03/05 16:31:22 Image size of job updated: 2904080
	495  -  MemoryUsage of job (MB)
	506628  -  ResidentSetSize of job (KB)
...
040 (14793326.002.000) 03/05 16:31:22 Started transferring output files
...
040 (14793326.002.000) 03/05 16:31:22 Finished transferring output files
...
005 (14793326.002.000) 03/05 16:31:22 Job terminated.
	(1) Normal termination (return value 1)
		Usr 0 00:07:38, Sys 0 00:00:15  -  Run Remote Usage
		Usr 0 00:00:00, Sys 0 00:00:00  -  Run Local Usage
		Usr 0 00:07:38, Sys 0 00:00:15  -  Total Remote Usage
		Usr 0 00:00:00, Sys 0 00:00:00  -  Total Local Usage
	24412  -  Run Bytes Sent By Job
	15304  -  Run Bytes Received By Job
	24412  -  Total Bytes Sent By Job
	15304  -  Total Bytes Received By Job
	Partitionable Resources :    Usage  Request Allocated 
	   Cpus                 :        0        1         1 
	   Disk (KB)            :       65       17      3642 
	   GPUs                 :                           0 
	   Memory (MB)          :      495     3000      3000 
	   TimeExecute (s)      :      222                    
	   TimeSlotBusy (s)     :      224                    

	Job terminated of its own accord at 2026-03-05T15:31:22Z with exit-code 1.
...
