000 (14788604.011.000) 03/03 04:17:57 Job submitted from host: <188.184.90.62:9618?addrs=188.184.90.62-9618+[2001-1458-201-e4--100-238]-9618&alias=bigbird16.cern.ch&noUDP&sock=schedd_5196_9a2f>
...
040 (14788604.011.000) 03/03 04:18:46 Started transferring input files
	Transferring to host: <128.142.196.41:9618?addrs=128.142.196.41-9618+[2001-1458-301-3c--100-27]-9618&alias=b9g32p1063.cern.ch&noUDP&sock=slot1_31_3264_887e_183459>
...
040 (14788604.011.000) 03/03 04:18:46 Finished transferring input files
...
001 (14788604.011.000) 03/03 04:18:47 Job executing on host: <128.142.196.41:9618?addrs=128.142.196.41-9618+[2001-1458-301-3c--100-27]-9618&alias=b9g32p1063.cern.ch&noUDP&sock=startd_2785_db59>
	SlotName: slot1_31@b9g32p1063.cern.ch
	CondorScratchDir = "/pool/condor/dir_4036372"
	Cpus = 1
	Disk = 3808
	GPUs = 0
	Memory = 3000
...
006 (14788604.011.000) 03/03 04:19:00 Image size of job updated: 506660
	495  -  MemoryUsage of job (MB)
	506660  -  ResidentSetSize of job (KB)
...
006 (14788604.011.000) 03/03 04:20:06 Image size of job updated: 634356
	495  -  MemoryUsage of job (MB)
	506748  -  ResidentSetSize of job (KB)
...
040 (14788604.011.000) 03/03 04:20:06 Started transferring output files
...
040 (14788604.011.000) 03/03 04:20:06 Finished transferring output files
...
005 (14788604.011.000) 03/03 04:20:06 Job terminated.
	(1) Normal termination (return value 1)
		Usr 0 00:00:25, Sys 0 00:00:03  -  Run Remote Usage
		Usr 0 00:00:00, Sys 0 00:00:00  -  Run Local Usage
		Usr 0 00:00:25, Sys 0 00:00:03  -  Total Remote Usage
		Usr 0 00:00:00, Sys 0 00:00:00  -  Total Local Usage
	10562  -  Run Bytes Sent By Job
	30472  -  Run Bytes Received By Job
	10562  -  Total Bytes Sent By Job
	30472  -  Total Bytes Received By Job
	Partitionable Resources :    Usage  Request Allocated 
	   Cpus                 :     2.13        1         1 
	   Disk (KB)            :    66          32      3808 
	   GPUs                 :                           0 
	   Memory (MB)          :   495        3000      3000 
	   TimeExecute (s)      :    79                       
	   TimeSlotBusy (s)     :    82                       

	Job terminated of its own accord at 2026-03-03T03:20:06Z with exit-code 1.
...
