000 (14788604.007.000) 03/03 04:17:57 Job submitted from host: <188.184.90.62:9618?addrs=188.184.90.62-9618+[2001-1458-201-e4--100-238]-9618&alias=bigbird16.cern.ch&noUDP&sock=schedd_5196_9a2f>
...
040 (14788604.007.000) 03/03 04:18:45 Started transferring input files
	Transferring to host: <188.185.214.43:9618?addrs=188.185.214.43-9618+[2001-1458-303-1c--100-27]-9618&alias=b9p29p7058.cern.ch&noUDP&sock=slot1_21_6113_e952_175540>
...
040 (14788604.007.000) 03/03 04:18:45 Finished transferring input files
...
001 (14788604.007.000) 03/03 04:18:46 Job executing on host: <188.185.214.43:9618?addrs=188.185.214.43-9618+[2001-1458-303-1c--100-27]-9618&alias=b9p29p7058.cern.ch&noUDP&sock=startd_5408_0443>
	SlotName: slot1_21@b9p29p7058.cern.ch
	CondorScratchDir = "/pool/condor/dir_2867155"
	Cpus = 1
	Disk = 3760
	GPUs = 0
	Memory = 3000
...
006 (14788604.007.000) 03/03 04:18:59 Image size of job updated: 495444
	484  -  MemoryUsage of job (MB)
	495444  -  ResidentSetSize of job (KB)
...
006 (14788604.007.000) 03/03 04:20:00 Image size of job updated: 607076
	484  -  MemoryUsage of job (MB)
	495496  -  ResidentSetSize of job (KB)
...
040 (14788604.007.000) 03/03 04:20:00 Started transferring output files
...
040 (14788604.007.000) 03/03 04:20:00 Finished transferring output files
...
005 (14788604.007.000) 03/03 04:20:00 Job terminated.
	(1) Normal termination (return value 1)
		Usr 0 00:00:23, Sys 0 00:00:02  -  Run Remote Usage
		Usr 0 00:00:00, Sys 0 00:00:00  -  Run Local Usage
		Usr 0 00:00:23, Sys 0 00:00:02  -  Total Remote Usage
		Usr 0 00:00:00, Sys 0 00:00:00  -  Total Local Usage
	10541  -  Run Bytes Sent By Job
	30472  -  Run Bytes Received By Job
	10541  -  Total Bytes Sent By Job
	30472  -  Total Bytes Received By Job
	Partitionable Resources :    Usage  Request Allocated 
	   Cpus                 :        0        1         1 
	   Disk (KB)            :       66       32      3760 
	   GPUs                 :                           0 
	   Memory (MB)          :      484     3000      3000 
	   TimeExecute (s)      :       74                    
	   TimeSlotBusy (s)     :       77                    

	Job terminated of its own accord at 2026-03-03T03:20:00Z with exit-code 1.
...
