000 (14788604.000.000) 03/03 04:17:57 Job submitted from host: <188.184.90.62:9618?addrs=188.184.90.62-9618+[2001-1458-201-e4--100-238]-9618&alias=bigbird16.cern.ch&noUDP&sock=schedd_5196_9a2f>
...
040 (14788604.000.000) 03/03 04:18:51 Started transferring input files
	Transferring to host: <188.185.195.166:9618?addrs=188.185.195.166-9618+[2001-1458-303-22--100-a2]-9618&alias=b9p17p6827.cern.ch&noUDP&sock=slot1_50_3048_5775_48179>
...
040 (14788604.000.000) 03/03 04:18:51 Finished transferring input files
...
001 (14788604.000.000) 03/03 04:18:52 Job executing on host: <188.185.195.166:9618?addrs=188.185.195.166-9618+[2001-1458-303-22--100-a2]-9618&alias=b9p17p6827.cern.ch&noUDP&sock=startd_2582_9d9f>
	SlotName: slot1_50@b9p17p6827.cern.ch
	CondorScratchDir = "/pool/condor/dir_580573"
	Cpus = 1
	Disk = 3911
	GPUs = 0
	Memory = 3000
...
006 (14788604.000.000) 03/03 04:19:06 Image size of job updated: 504616
	493  -  MemoryUsage of job (MB)
	504616  -  ResidentSetSize of job (KB)
...
006 (14788604.000.000) 03/03 04:20:14 Image size of job updated: 617588
	493  -  MemoryUsage of job (MB)
	504680  -  ResidentSetSize of job (KB)
...
040 (14788604.000.000) 03/03 04:20:14 Started transferring output files
...
040 (14788604.000.000) 03/03 04:20:14 Finished transferring output files
...
005 (14788604.000.000) 03/03 04:20:14 Job terminated.
	(1) Normal termination (return value 1)
		Usr 0 00:00:45, Sys 0 00:00:02  -  Run Remote Usage
		Usr 0 00:00:00, Sys 0 00:00:00  -  Run Local Usage
		Usr 0 00:00:45, Sys 0 00:00:02  -  Total Remote Usage
		Usr 0 00:00:00, Sys 0 00:00:00  -  Total Local Usage
	10514  -  Run Bytes Sent By Job
	30472  -  Run Bytes Received By Job
	10514  -  Total Bytes Sent By Job
	30472  -  Total Bytes Received By Job
	Partitionable Resources :    Usage  Request Allocated 
	   Cpus                 :        0        1         1 
	   Disk (KB)            :       66       32      3911 
	   GPUs                 :                           0 
	   Memory (MB)          :      493     3000      3000 
	   TimeExecute (s)      :       82                    
	   TimeSlotBusy (s)     :       84                    

	Job terminated of its own accord at 2026-03-03T03:20:14Z with exit-code 1.
...
