000 (14788604.008.000) 03/03 04:17:57 Job submitted from host: <188.184.90.62:9618?addrs=188.184.90.62-9618+[2001-1458-201-e4--100-238]-9618&alias=bigbird16.cern.ch&noUDP&sock=schedd_5196_9a2f>
...
040 (14788604.008.000) 03/03 04:18:45 Started transferring input files
	Transferring to host: <188.185.206.208:9618?addrs=188.185.206.208-9618+[2001-1458-303-c--100-4d]-9618&alias=b9p06p8579.cern.ch&noUDP&sock=slot1_34_5039_2e66_154123>
...
040 (14788604.008.000) 03/03 04:18:45 Finished transferring input files
...
001 (14788604.008.000) 03/03 04:18:46 Job executing on host: <188.185.206.208:9618?addrs=188.185.206.208-9618+[2001-1458-303-c--100-4d]-9618&alias=b9p06p8579.cern.ch&noUDP&sock=startd_4302_6484>
	SlotName: slot1_34@b9p06p8579.cern.ch
	CondorScratchDir = "/pool/condor/dir_3068456"
	Cpus = 1
	Disk = 3729
	GPUs = 0
	Memory = 3000
...
006 (14788604.008.000) 03/03 04:19:00 Image size of job updated: 529504
	518  -  MemoryUsage of job (MB)
	529504  -  ResidentSetSize of job (KB)
...
006 (14788604.008.000) 03/03 04:24:01 Image size of job updated: 3653320
	3568  -  MemoryUsage of job (MB)
	3653320  -  ResidentSetSize of job (KB)
...
006 (14788604.008.000) 03/03 04:28:41 Image size of job updated: 4180264
	3568  -  MemoryUsage of job (MB)
	3653320  -  ResidentSetSize of job (KB)
...
040 (14788604.008.000) 03/03 04:28:41 Started transferring output files
...
040 (14788604.008.000) 03/03 04:28:41 Finished transferring output files
...
005 (14788604.008.000) 03/03 04:28:41 Job terminated.
	(1) Normal termination (return value 1)
		Usr 0 00:14:46, Sys 0 00:00:25  -  Run Remote Usage
		Usr 0 00:00:00, Sys 0 00:00:00  -  Run Local Usage
		Usr 0 00:14:46, Sys 0 00:00:25  -  Total Remote Usage
		Usr 0 00:00:00, Sys 0 00:00:00  -  Total Local Usage
	29679  -  Run Bytes Sent By Job
	30472  -  Run Bytes Received By Job
	29679  -  Total Bytes Sent By Job
	30472  -  Total Bytes Received By Job
	Partitionable Resources :    Usage  Request Allocated 
	   Cpus                 :     0.95        1         1 
	   Disk (KB)            :    88          32      3729 
	   GPUs                 :                           0 
	   Memory (MB)          :  3568        3000      3000 
	   TimeExecute (s)      :   595                       
	   TimeSlotBusy (s)     :   598                       

	Job terminated of its own accord at 2026-03-03T03:28:41Z with exit-code 1.
...
