000 (14788604.004.000) 03/03 04:17:57 Job submitted from host: <188.184.90.62:9618?addrs=188.184.90.62-9618+[2001-1458-201-e4--100-238]-9618&alias=bigbird16.cern.ch&noUDP&sock=schedd_5196_9a2f>
...
040 (14788604.004.000) 03/03 04:18:43 Started transferring input files
	Transferring to host: <188.185.212.91:9618?addrs=188.185.212.91-9618+[2001-1458-303-18--100-57]-9618&alias=b9p25p6232.cern.ch&noUDP&sock=slot1_35_4468_dc2f_176594>
...
040 (14788604.004.000) 03/03 04:18:43 Finished transferring input files
...
001 (14788604.004.000) 03/03 04:18:44 Job executing on host: <188.185.212.91:9618?addrs=188.185.212.91-9618+[2001-1458-303-18--100-57]-9618&alias=b9p25p6232.cern.ch&noUDP&sock=startd_3788_d4d6>
	SlotName: slot1_35@b9p25p6232.cern.ch
	CondorScratchDir = "/pool/condor/dir_3943693"
	Cpus = 1
	Disk = 3887
	GPUs = 0
	Memory = 3000
...
006 (14788604.004.000) 03/03 04:18:58 Image size of job updated: 472012
	461  -  MemoryUsage of job (MB)
	472012  -  ResidentSetSize of job (KB)
...
006 (14788604.004.000) 03/03 04:23:58 Image size of job updated: 3866108
	3659  -  MemoryUsage of job (MB)
	3746648  -  ResidentSetSize of job (KB)
...
006 (14788604.004.000) 03/03 04:28:58 Image size of job updated: 3948564
	3734  -  MemoryUsage of job (MB)
	3823144  -  ResidentSetSize of job (KB)
...
006 (14788604.004.000) 03/03 04:32:34 Image size of job updated: 4342700
	3734  -  MemoryUsage of job (MB)
	3823144  -  ResidentSetSize of job (KB)
...
040 (14788604.004.000) 03/03 04:32:34 Started transferring output files
...
040 (14788604.004.000) 03/03 04:32:34 Finished transferring output files
...
005 (14788604.004.000) 03/03 04:32:34 Job terminated.
	(1) Normal termination (return value 1)
		Usr 0 00:19:38, Sys 0 00:00:43  -  Run Remote Usage
		Usr 0 00:00:00, Sys 0 00:00:00  -  Run Local Usage
		Usr 0 00:19:38, Sys 0 00:00:43  -  Total Remote Usage
		Usr 0 00:00:00, Sys 0 00:00:00  -  Total Local Usage
	32486  -  Run Bytes Sent By Job
	30472  -  Run Bytes Received By Job
	32486  -  Total Bytes Sent By Job
	30472  -  Total Bytes Received By Job
	Partitionable Resources :    Usage  Request Allocated 
	   Cpus                 :     2.67        1         1 
	   Disk (KB)            :    88          32      3887 
	   GPUs                 :                           0 
	   Memory (MB)          :  3734        3000      3000 
	   TimeExecute (s)      :   830                       
	   TimeSlotBusy (s)     :   832                       

	Job terminated of its own accord at 2026-03-03T03:32:34Z with exit-code 1.
...
