000 (14788604.002.000) 03/03 04:17:57 Job submitted from host: <188.184.90.62:9618?addrs=188.184.90.62-9618+[2001-1458-201-e4--100-238]-9618&alias=bigbird16.cern.ch&noUDP&sock=schedd_5196_9a2f>
...
040 (14788604.002.000) 03/03 04:18:46 Started transferring input files
	Transferring to host: <128.142.192.200:9618?addrs=128.142.192.200-9618+[2001-1458-301-56--100-44]-9618&alias=b9g18p0307.cern.ch&noUDP&sock=slot1_32_3095462_c1ed_125462>
...
040 (14788604.002.000) 03/03 04:18:46 Finished transferring input files
...
001 (14788604.002.000) 03/03 04:18:47 Job executing on host: <128.142.192.200:9618?addrs=128.142.192.200-9618+[2001-1458-301-56--100-44]-9618&alias=b9g18p0307.cern.ch&noUDP&sock=startd_3613_cbc4>
	SlotName: slot1_32@b9g18p0307.cern.ch
	CondorScratchDir = "/pool/condor/dir_615925"
	Cpus = 1
	Disk = 3938
	GPUs = 0
	Memory = 3000
...
006 (14788604.002.000) 03/03 04:19:00 Image size of job updated: 487400
	476  -  MemoryUsage of job (MB)
	487400  -  ResidentSetSize of job (KB)
...
006 (14788604.002.000) 03/03 04:24:00 Image size of job updated: 3732080
	3550  -  MemoryUsage of job (MB)
	3634488  -  ResidentSetSize of job (KB)
...
006 (14788604.002.000) 03/03 04:29:01 Image size of job updated: 4033444
	3892  -  MemoryUsage of job (MB)
	3984640  -  ResidentSetSize of job (KB)
...
040 (14788604.002.000) 03/03 04:29:09 Started transferring output files
...
040 (14788604.002.000) 03/03 04:29:09 Finished transferring output files
...
005 (14788604.002.000) 03/03 04:29:09 Job terminated.
	(1) Normal termination (return value 1)
		Usr 0 00:19:00, Sys 0 00:00:21  -  Run Remote Usage
		Usr 0 00:00:00, Sys 0 00:00:00  -  Run Local Usage
		Usr 0 00:19:00, Sys 0 00:00:21  -  Total Remote Usage
		Usr 0 00:00:00, Sys 0 00:00:00  -  Total Local Usage
	26851  -  Run Bytes Sent By Job
	30472  -  Run Bytes Received By Job
	26851  -  Total Bytes Sent By Job
	30472  -  Total Bytes Received By Job
	Partitionable Resources :    Usage  Request Allocated 
	   Cpus                 :     1.22        1         1 
	   Disk (KB)            :    82          32      3938 
	   GPUs                 :                           0 
	   Memory (MB)          :  3892        3000      3000 
	   TimeExecute (s)      :   622                       
	   TimeSlotBusy (s)     :   625                       

	Job terminated of its own accord at 2026-03-03T03:29:09Z with exit-code 1.
...
