000 (14788604.012.000) 03/03 04:17:57 Job submitted from host: <188.184.90.62:9618?addrs=188.184.90.62-9618+[2001-1458-201-e4--100-238]-9618&alias=bigbird16.cern.ch&noUDP&sock=schedd_5196_9a2f>
...
040 (14788604.012.000) 03/03 04:18:46 Started transferring input files
	Transferring to host: <188.185.195.119:9618?addrs=188.185.195.119-9618+[2001-1458-303-22--100-73]-9618&alias=b9p17p1167.cern.ch&noUDP&sock=slot1_31_1986938_5157_4425>
...
040 (14788604.012.000) 03/03 04:18:46 Finished transferring input files
...
001 (14788604.012.000) 03/03 04:18:47 Job executing on host: <188.185.195.119:9618?addrs=188.185.195.119-9618+[2001-1458-303-22--100-73]-9618&alias=b9p17p1167.cern.ch&noUDP&sock=startd_1986898_57e8>
	SlotName: slot1_31@b9p17p1167.cern.ch
	CondorScratchDir = "/pool/condor/dir_1092318"
	Cpus = 1
	Disk = 3912
	GPUs = 0
	Memory = 3000
...
006 (14788604.012.000) 03/03 04:19:01 Image size of job updated: 175188
	172  -  MemoryUsage of job (MB)
	175188  -  ResidentSetSize of job (KB)
...
006 (14788604.012.000) 03/03 04:24:02 Image size of job updated: 3546120
	3424  -  MemoryUsage of job (MB)
	3505828  -  ResidentSetSize of job (KB)
...
006 (14788604.012.000) 03/03 04:27:58 Image size of job updated: 3875364
	3424  -  MemoryUsage of job (MB)
	3505828  -  ResidentSetSize of job (KB)
...
040 (14788604.012.000) 03/03 04:27:58 Started transferring output files
...
040 (14788604.012.000) 03/03 04:27:59 Finished transferring output files
...
005 (14788604.012.000) 03/03 04:27:59 Job terminated.
	(1) Normal termination (return value 1)
		Usr 0 00:18:12, Sys 0 00:00:34  -  Run Remote Usage
		Usr 0 00:00:00, Sys 0 00:00:00  -  Run Local Usage
		Usr 0 00:18:12, Sys 0 00:00:34  -  Total Remote Usage
		Usr 0 00:00:00, Sys 0 00:00:00  -  Total Local Usage
	25333  -  Run Bytes Sent By Job
	30472  -  Run Bytes Received By Job
	25333  -  Total Bytes Sent By Job
	30472  -  Total Bytes Received By Job
	Partitionable Resources :    Usage  Request Allocated 
	   Cpus                 :     2.36        1         1 
	   Disk (KB)            :    80          32      3912 
	   GPUs                 :                           0 
	   Memory (MB)          :  3424        3000      3000 
	   TimeExecute (s)      :   551                       
	   TimeSlotBusy (s)     :   554                       

	Job terminated of its own accord at 2026-03-03T03:27:58Z with exit-code 1.
...
