000 (14788604.009.000) 03/03 04:17:57 Job submitted from host: <188.184.90.62:9618?addrs=188.184.90.62-9618+[2001-1458-201-e4--100-238]-9618&alias=bigbird16.cern.ch&noUDP&sock=schedd_5196_9a2f>
...
040 (14788604.009.000) 03/03 04:18:46 Started transferring input files
	Transferring to host: <188.185.215.106:9618?addrs=188.185.215.106-9618+[2001-1458-303-1e--100-66]-9618&alias=b9p31p7186.cern.ch&noUDP&sock=slot1_12_5313_3d31_179266>
...
040 (14788604.009.000) 03/03 04:18:46 Finished transferring input files
...
001 (14788604.009.000) 03/03 04:18:47 Job executing on host: <188.185.215.106:9618?addrs=188.185.215.106-9618+[2001-1458-303-1e--100-66]-9618&alias=b9p31p7186.cern.ch&noUDP&sock=startd_4312_4077>
	SlotName: slot1_12@b9p31p7186.cern.ch
	CondorScratchDir = "/pool/condor/dir_1034516"
	Cpus = 1
	Disk = 3895
	GPUs = 0
	Memory = 3000
...
006 (14788604.009.000) 03/03 04:19:00 Image size of job updated: 524208
	512  -  MemoryUsage of job (MB)
	524208  -  ResidentSetSize of job (KB)
...
006 (14788604.009.000) 03/03 04:24:00 Image size of job updated: 4042016
	3668  -  MemoryUsage of job (MB)
	3755312  -  ResidentSetSize of job (KB)
...
006 (14788604.009.000) 03/03 04:24:36 Image size of job updated: 4042016
	3668  -  MemoryUsage of job (MB)
	3755376  -  ResidentSetSize of job (KB)
...
040 (14788604.009.000) 03/03 04:24:37 Started transferring output files
...
040 (14788604.009.000) 03/03 04:24:37 Finished transferring output files
...
005 (14788604.009.000) 03/03 04:24:37 Job terminated.
	(1) Normal termination (return value 1)
		Usr 0 00:13:11, Sys 0 00:00:26  -  Run Remote Usage
		Usr 0 00:00:00, Sys 0 00:00:00  -  Run Local Usage
		Usr 0 00:13:11, Sys 0 00:00:26  -  Total Remote Usage
		Usr 0 00:00:00, Sys 0 00:00:00  -  Total Local Usage
	27495  -  Run Bytes Sent By Job
	30472  -  Run Bytes Received By Job
	27495  -  Total Bytes Sent By Job
	30472  -  Total Bytes Received By Job
	Partitionable Resources :    Usage  Request Allocated 
	   Cpus                 :     2.32        1         1 
	   Disk (KB)            :    83          32      3895 
	   GPUs                 :                           0 
	   Memory (MB)          :  3668        3000      3000 
	   TimeExecute (s)      :   349                       
	   TimeSlotBusy (s)     :   353                       

	Job terminated of its own accord at 2026-03-03T03:24:36Z with exit-code 1.
...
