000 (14526952.001.000) 02/14 21:30:28 Job submitted from host: <188.184.90.62:9618?addrs=188.184.90.62-9618+[2001-1458-201-e4--100-238]-9618&alias=bigbird16.cern.ch&noUDP&sock=schedd_5196_9a2f>
...
040 (14526952.001.000) 02/14 21:31:27 Started transferring input files
	Transferring to host: <188.185.210.73:9618?addrs=188.185.210.73-9618+[2001-1458-303-1--100-45]-9618&alias=b9p21p2522.cern.ch&noUDP&sock=slot1_4_4104_63a0_161476>
...
040 (14526952.001.000) 02/14 21:31:27 Finished transferring input files
...
001 (14526952.001.000) 02/14 21:31:28 Job executing on host: <188.185.210.73:9618?addrs=188.185.210.73-9618+[2001-1458-303-1--100-45]-9618&alias=b9p21p2522.cern.ch&noUDP&sock=startd_3470_b5b8>
	SlotName: slot1_4@b9p21p2522.cern.ch
	CondorScratchDir = "/pool/condor/dir_3280512"
	Cpus = 1
	Disk = 3794
	GPUs = 0
	Memory = 3000
...
006 (14526952.001.000) 02/14 21:31:43 Image size of job updated: 304704
	298  -  MemoryUsage of job (MB)
	304704  -  ResidentSetSize of job (KB)
...
006 (14526952.001.000) 02/14 21:35:33 Image size of job updated: 2562104
	298  -  MemoryUsage of job (MB)
	304748  -  ResidentSetSize of job (KB)
...
040 (14526952.001.000) 02/14 21:35:33 Started transferring output files
...
040 (14526952.001.000) 02/14 21:35:33 Finished transferring output files
...
004 (14526952.001.000) 02/14 21:35:33 Job was evicted.
	(0) CPU times
		Usr 0 00:10:54, Sys 0 00:00:23  -  Run Remote Usage
		Usr 0 00:00:00, Sys 0 00:00:00  -  Run Local Usage
	13017  -  Run Bytes Sent By Job
	14970  -  Run Bytes Received By Job
	Partitionable Resources :    Usage  Request Allocated 
	   Cpus                 :        0        1         1 
	   Disk (KB)            :       51       17      3794 
	   GPUs                 :                           0 
	   Memory (MB)          :      298     3000      3000 
	   TimeExecute (s)      :      245                    
	   TimeSlotBusy (s)     :      247                    
...
009 (14526952.001.000) 02/14 21:35:33 Job was aborted.
	via condor_rm (by user driosper)
...
