000 (14737671.000.000) 02/25 20:32:35 Job submitted from host: <188.184.90.62:9618?addrs=188.184.90.62-9618+[2001-1458-201-e4--100-238]-9618&alias=bigbird16.cern.ch&noUDP&sock=schedd_5196_9a2f>
...
040 (14737671.000.000) 02/25 20:36:15 Started transferring input files
	Transferring to host: <188.185.213.234:9618?addrs=188.185.213.234-9618+[2001-1458-303-1b--100-66]-9618&alias=b9p28p2707.cern.ch&noUDP&sock=slot1_9_2276818_0063_89981>
...
040 (14737671.000.000) 02/25 20:36:15 Finished transferring input files
...
001 (14737671.000.000) 02/25 20:36:16 Job executing on host: <188.185.213.234:9618?addrs=188.185.213.234-9618+[2001-1458-303-1b--100-66]-9618&alias=b9p28p2707.cern.ch&noUDP&sock=startd_2276265_0970>
	SlotName: slot1_9@b9p28p2707.cern.ch
	CondorScratchDir = "/pool/condor/dir_567081"
	Cpus = 1
	Disk = 3836
	GPUs = 0
	Memory = 3000
...
006 (14737671.000.000) 02/25 20:36:31 Image size of job updated: 38260
	38  -  MemoryUsage of job (MB)
	38260  -  ResidentSetSize of job (KB)
...
006 (14737671.000.000) 02/25 20:38:57 Image size of job updated: 1643684
	38  -  MemoryUsage of job (MB)
	38260  -  ResidentSetSize of job (KB)
...
040 (14737671.000.000) 02/25 20:38:57 Started transferring output files
...
040 (14737671.000.000) 02/25 20:38:57 Finished transferring output files
...
005 (14737671.000.000) 02/25 20:38:58 Job terminated.
	(1) Normal termination (return value 0)
		Usr 0 00:03:07, Sys 0 00:00:06  -  Run Remote Usage
		Usr 0 00:00:00, Sys 0 00:00:00  -  Run Local Usage
		Usr 0 00:03:07, Sys 0 00:00:06  -  Total Remote Usage
		Usr 0 00:00:00, Sys 0 00:00:00  -  Total Local Usage
	17826  -  Run Bytes Sent By Job
	12751  -  Run Bytes Received By Job
	17826  -  Total Bytes Sent By Job
	12751  -  Total Bytes Received By Job
	Partitionable Resources :    Usage  Request Allocated 
	   Cpus                 :     0.07        1         1 
	   Disk (KB)            :    53          15      3836 
	   GPUs                 :                           0 
	   Memory (MB)          :    38        3000      3000 
	   TimeExecute (s)      :   161                       
	   TimeSlotBusy (s)     :   163                       

	Job terminated of its own accord at 2026-02-25T19:38:57Z with exit-code 0.
...
