subject   : /DC=ch/DC=cern/OU=Organic Units/OU=Users/CN=driosper/CN=886669/CN=Diego Alejandro Rios Perez/CN=1573519443
issuer    : /DC=ch/DC=cern/OU=Organic Units/OU=Users/CN=driosper/CN=886669/CN=Diego Alejandro Rios Perez
identity  : /DC=ch/DC=cern/OU=Organic Units/OU=Users/CN=driosper/CN=886669/CN=Diego Alejandro Rios Perez
type      : RFC compliant proxy
strength  : 2048 bits
path      : /afs/cern.ch/user/d/driosper/private/x509up_u182284
timeleft  : 11:49:50
key usage : Digital Signature, Key Encipherment
=== VO cms extension information ===
VO        : cms
subject   : /DC=ch/DC=cern/OU=Organic Units/OU=Users/CN=driosper/CN=886669/CN=Diego Alejandro Rios Perez
issuer    : /DC=ch/DC=cern/OU=computers/CN=cms-auth.cern.ch
attribute : /cms/Role=NULL/Capability=NULL
timeleft  : 11:49:50
uri       : voms-cms-auth.cern.ch:15000
--workflow ztoee --year 2022preEE --output_path /eos/user/d/driosper/bsm3g_coffea/outputs/ztoee/2022preEE/TWminusto4Q --output_format coffea --dataset TWminusto4Q_2 --partition_json /srv/partition_fileset.json
  Preprocessing 100% ━━━━━━━━━━━━━━━━ 10/10 [ 0:00:18 < 0:00:00 | 0.6   file/s ]
Merging (local) 100% ━━━━━━━━━━━━━━━━ 10/10 [ 0:00:18 < 0:00:00 | ?   merges/s ]
     Processing 100% ━━━━━━━━━━━━━━━━ 14/14 [ 0:02:37 < 0:00:00 | 0.1  chunk/s ]
Merging (local) 100% ━━━━━━━━━━━━━━━━ 14/14 [ 0:02:37 < 0:00:00 | ?   merges/s ]
There are 24231 events with muon pt outside of [26,200] GeV. Setting those entries to their initial value.
There are 24231 events with muon pt outside of [26,200] GeV. Setting those entries to their initial value.
There are 97 nan entries in the corrected pt. This might be due to the number of tracker layers hitting boundaries. Setting those entries to their initial value.
There are 32452 events with muon pt outside of [26,200] GeV. Setting those entries to their initial value.
There are 26176 events with muon pt outside of [26,200] GeV. Setting those entries to their initial value.
There are 26178 events with muon pt outside of [26,200] GeV. Setting those entries to their initial value.
There are 85 nan entries in the corrected pt. This might be due to the number of tracker layers hitting boundaries. Setting those entries to their initial value.
There are 34898 events with muon pt outside of [26,200] GeV. Setting those entries to their initial value.
There are 30935 events with muon pt outside of [26,200] GeV. Setting those entries to their initial value.
There are 30935 events with muon pt outside of [26,200] GeV. Setting those entries to their initial value.
There are 105 nan entries in the corrected pt. This might be due to the number of tracker layers hitting boundaries. Setting those entries to their initial value.
There are 41004 events with muon pt outside of [26,200] GeV. Setting those entries to their initial value.
There are 29072 events with muon pt outside of [26,200] GeV. Setting those entries to their initial value.
There are 29072 events with muon pt outside of [26,200] GeV. Setting those entries to their initial value.
There are 92 nan entries in the corrected pt. This might be due to the number of tracker layers hitting boundaries. Setting those entries to their initial value.
There are 38937 events with muon pt outside of [26,200] GeV. Setting those entries to their initial value.
There are 20237 events with muon pt outside of [26,200] GeV. Setting those entries to their initial value.
There are 20237 events with muon pt outside of [26,200] GeV. Setting those entries to their initial value.
There are 62 nan entries in the corrected pt. This might be due to the number of tracker layers hitting boundaries. Setting those entries to their initial value.
There are 27249 events with muon pt outside of [26,200] GeV. Setting those entries to their initial value.
There are 30781 events with muon pt outside of [26,200] GeV. Setting those entries to their initial value.
There are 30781 events with muon pt outside of [26,200] GeV. Setting those entries to their initial value.
There are 119 nan entries in the corrected pt. This might be due to the number of tracker layers hitting boundaries. Setting those entries to their initial value.
There are 41374 events with muon pt outside of [26,200] GeV. Setting those entries to their initial value.
There are 31204 events with muon pt outside of [26,200] GeV. Setting those entries to their initial value.
There are 31204 events with muon pt outside of [26,200] GeV. Setting those entries to their initial value.
There are 99 nan entries in the corrected pt. This might be due to the number of tracker layers hitting boundaries. Setting those entries to their initial value.
There are 41564 events with muon pt outside of [26,200] GeV. Setting those entries to their initial value.
There are 3469 events with muon pt outside of [26,200] GeV. Setting those entries to their initial value.
There are 3469 events with muon pt outside of [26,200] GeV. Setting those entries to their initial value.
There are 11 nan entries in the corrected pt. This might be due to the number of tracker layers hitting boundaries. Setting those entries to their initial value.
There are 4621 events with muon pt outside of [26,200] GeV. Setting those entries to their initial value.
There are 15588 events with muon pt outside of [26,200] GeV. Setting those entries to their initial value.
There are 15588 events with muon pt outside of [26,200] GeV. Setting those entries to their initial value.
There are 44 nan entries in the corrected pt. This might be due to the number of tracker layers hitting boundaries. Setting those entries to their initial value.
There are 20871 events with muon pt outside of [26,200] GeV. Setting those entries to their initial value.
There are 30626 events with muon pt outside of [26,200] GeV. Setting those entries to their initial value.
There are 30628 events with muon pt outside of [26,200] GeV. Setting those entries to their initial value.
There are 92 nan entries in the corrected pt. This might be due to the number of tracker layers hitting boundaries. Setting those entries to their initial value.
There are 41403 events with muon pt outside of [26,200] GeV. Setting those entries to their initial value.
There are 29033 events with muon pt outside of [26,200] GeV. Setting those entries to their initial value.
There are 29033 events with muon pt outside of [26,200] GeV. Setting those entries to their initial value.
There are 78 nan entries in the corrected pt. This might be due to the number of tracker layers hitting boundaries. Setting those entries to their initial value.
There are 38650 events with muon pt outside of [26,200] GeV. Setting those entries to their initial value.
There are 15503 events with muon pt outside of [26,200] GeV. Setting those entries to their initial value.
There are 15503 events with muon pt outside of [26,200] GeV. Setting those entries to their initial value.
There are 52 nan entries in the corrected pt. This might be due to the number of tracker layers hitting boundaries. Setting those entries to their initial value.
There are 20423 events with muon pt outside of [26,200] GeV. Setting those entries to their initial value.
There are 31005 events with muon pt outside of [26,200] GeV. Setting those entries to their initial value.
There are 31006 events with muon pt outside of [26,200] GeV. Setting those entries to their initial value.
There are 89 nan entries in the corrected pt. This might be due to the number of tracker layers hitting boundaries. Setting those entries to their initial value.
There are 41532 events with muon pt outside of [26,200] GeV. Setting those entries to their initial value.
There are 1965 events with muon pt outside of [26,200] GeV. Setting those entries to their initial value.
There are 1965 events with muon pt outside of [26,200] GeV. Setting those entries to their initial value.
There are 10 nan entries in the corrected pt. This might be due to the number of tracker layers hitting boundaries. Setting those entries to their initial value.
There are 2681 events with muon pt outside of [26,200] GeV. Setting those entries to their initial value.
