000 (14737671.004.000) 02/25 20:32:35 Job submitted from host: <188.184.90.62:9618?addrs=188.184.90.62-9618+[2001-1458-201-e4--100-238]-9618&alias=bigbird16.cern.ch&noUDP&sock=schedd_5196_9a2f>
...
040 (14737671.004.000) 02/25 20:36:16 Started transferring input files
	Transferring to host: <188.185.193.45:9618?addrs=188.185.193.45-9618+[2001-1458-303-20--100-29]-9618&alias=b9p19p5534.cern.ch&noUDP&sock=slot1_4_7273_3c81_116097>
...
040 (14737671.004.000) 02/25 20:36:16 Finished transferring input files
...
001 (14737671.004.000) 02/25 20:36:17 Job executing on host: <188.185.193.45:9618?addrs=188.185.193.45-9618+[2001-1458-303-20--100-29]-9618&alias=b9p19p5534.cern.ch&noUDP&sock=startd_6704_f701>
	SlotName: slot1_4@b9p19p5534.cern.ch
	CondorScratchDir = "/pool/condor/dir_1413501"
	Cpus = 1
	Disk = 3835
	GPUs = 0
	Memory = 3000
...
006 (14737671.004.000) 02/25 20:36:31 Image size of job updated: 491556
	481  -  MemoryUsage of job (MB)
	491556  -  ResidentSetSize of job (KB)
...
006 (14737671.004.000) 02/25 20:38:39 Image size of job updated: 1745292
	481  -  MemoryUsage of job (MB)
	491700  -  ResidentSetSize of job (KB)
...
040 (14737671.004.000) 02/25 20:38:39 Started transferring output files
...
040 (14737671.004.000) 02/25 20:38:39 Finished transferring output files
...
005 (14737671.004.000) 02/25 20:38:39 Job terminated.
	(1) Normal termination (return value 0)
		Usr 0 00:04:21, Sys 0 00:00:08  -  Run Remote Usage
		Usr 0 00:00:00, Sys 0 00:00:00  -  Run Local Usage
		Usr 0 00:04:21, Sys 0 00:00:08  -  Total Remote Usage
		Usr 0 00:00:00, Sys 0 00:00:00  -  Total Local Usage
	12720  -  Run Bytes Sent By Job
	12751  -  Run Bytes Received By Job
	12720  -  Total Bytes Sent By Job
	12751  -  Total Bytes Received By Job
	Partitionable Resources :    Usage  Request Allocated 
	   Cpus                 :        0        1         1 
	   Disk (KB)            :       51       15      3835 
	   GPUs                 :                           0 
	   Memory (MB)          :      481     3000      3000 
	   TimeExecute (s)      :      142                    
	   TimeSlotBusy (s)     :      144                    

	Job terminated of its own accord at 2026-02-25T19:38:39Z with exit-code 0.
...
