subject   : /DC=ch/DC=cern/OU=Organic Units/OU=Users/CN=driosper/CN=886669/CN=Diego Alejandro Rios Perez/CN=1573519443
issuer    : /DC=ch/DC=cern/OU=Organic Units/OU=Users/CN=driosper/CN=886669/CN=Diego Alejandro Rios Perez
identity  : /DC=ch/DC=cern/OU=Organic Units/OU=Users/CN=driosper/CN=886669/CN=Diego Alejandro Rios Perez
type      : RFC compliant proxy
strength  : 2048 bits
path      : /afs/cern.ch/user/d/driosper/private/x509up_u182284
timeleft  : 11:49:51
key usage : Digital Signature, Key Encipherment
=== VO cms extension information ===
VO        : cms
subject   : /DC=ch/DC=cern/OU=Organic Units/OU=Users/CN=driosper/CN=886669/CN=Diego Alejandro Rios Perez
issuer    : /DC=ch/DC=cern/OU=computers/CN=cms-auth.cern.ch
attribute : /cms/Role=NULL/Capability=NULL
timeleft  : 11:49:51
uri       : voms-cms-auth.cern.ch:15000
--workflow ztoee --year 2022preEE --output_path /eos/user/d/driosper/bsm3g_coffea/outputs/ztoee/2022preEE/TWminusto4Q --output_format coffea --dataset TWminusto4Q_1 --partition_json /srv/partition_fileset.json
  Preprocessing 100% ━━━━━━━━━━━━━━━━ 10/10 [ 0:00:12 < 0:00:00 | 1.1   file/s ]
Merging (local) 100% ━━━━━━━━━━━━━━━━ 10/10 [ 0:00:12 < 0:00:00 | ?   merges/s ]
     Processing 100% ━━━━━━━━━━━━━━━━ 10/10 [ 0:01:50 < 0:00:00 | 0.2  chunk/s ]
Merging (local) 100% ━━━━━━━━━━━━━━━━ 10/10 [ 0:01:50 < 0:00:00 | ?   merges/s ]
There are 25077 events with muon pt outside of [26,200] GeV. Setting those entries to their initial value.
There are 25077 events with muon pt outside of [26,200] GeV. Setting those entries to their initial value.
There are 76 nan entries in the corrected pt. This might be due to the number of tracker layers hitting boundaries. Setting those entries to their initial value.
There are 33370 events with muon pt outside of [26,200] GeV. Setting those entries to their initial value.
There are 1035 events with muon pt outside of [26,200] GeV. Setting those entries to their initial value.
There are 1035 events with muon pt outside of [26,200] GeV. Setting those entries to their initial value.
There are 7 nan entries in the corrected pt. This might be due to the number of tracker layers hitting boundaries. Setting those entries to their initial value.
There are 1321 events with muon pt outside of [26,200] GeV. Setting those entries to their initial value.
There are 31992 events with muon pt outside of [26,200] GeV. Setting those entries to their initial value.
There are 31992 events with muon pt outside of [26,200] GeV. Setting those entries to their initial value.
There are 107 nan entries in the corrected pt. This might be due to the number of tracker layers hitting boundaries. Setting those entries to their initial value.
There are 42971 events with muon pt outside of [26,200] GeV. Setting those entries to their initial value.
There are 17130 events with muon pt outside of [26,200] GeV. Setting those entries to their initial value.
There are 17132 events with muon pt outside of [26,200] GeV. Setting those entries to their initial value.
There are 52 nan entries in the corrected pt. This might be due to the number of tracker layers hitting boundaries. Setting those entries to their initial value.
There are 22858 events with muon pt outside of [26,200] GeV. Setting those entries to their initial value.
There are 3496 events with muon pt outside of [26,200] GeV. Setting those entries to their initial value.
There are 3496 events with muon pt outside of [26,200] GeV. Setting those entries to their initial value.
There are 10 nan entries in the corrected pt. This might be due to the number of tracker layers hitting boundaries. Setting those entries to their initial value.
There are 4608 events with muon pt outside of [26,200] GeV. Setting those entries to their initial value.
There are 21919 events with muon pt outside of [26,200] GeV. Setting those entries to their initial value.
There are 21920 events with muon pt outside of [26,200] GeV. Setting those entries to their initial value.
There are 68 nan entries in the corrected pt. This might be due to the number of tracker layers hitting boundaries. Setting those entries to their initial value.
There are 29223 events with muon pt outside of [26,200] GeV. Setting those entries to their initial value.
There are 3454 events with muon pt outside of [26,200] GeV. Setting those entries to their initial value.
There are 3454 events with muon pt outside of [26,200] GeV. Setting those entries to their initial value.
There are 11 nan entries in the corrected pt. This might be due to the number of tracker layers hitting boundaries. Setting those entries to their initial value.
There are 4645 events with muon pt outside of [26,200] GeV. Setting those entries to their initial value.
There are 5448 events with muon pt outside of [26,200] GeV. Setting those entries to their initial value.
There are 5448 events with muon pt outside of [26,200] GeV. Setting those entries to their initial value.
There are 16 nan entries in the corrected pt. This might be due to the number of tracker layers hitting boundaries. Setting those entries to their initial value.
There are 7309 events with muon pt outside of [26,200] GeV. Setting those entries to their initial value.
There are 47777 events with muon pt outside of [26,200] GeV. Setting those entries to their initial value.
There are 47777 events with muon pt outside of [26,200] GeV. Setting those entries to their initial value.
There are 187 nan entries in the corrected pt. This might be due to the number of tracker layers hitting boundaries. Setting those entries to their initial value.
There are 63471 events with muon pt outside of [26,200] GeV. Setting those entries to their initial value.
There are 22065 events with muon pt outside of [26,200] GeV. Setting those entries to their initial value.
There are 22065 events with muon pt outside of [26,200] GeV. Setting those entries to their initial value.
There are 72 nan entries in the corrected pt. This might be due to the number of tracker layers hitting boundaries. Setting those entries to their initial value.
There are 29376 events with muon pt outside of [26,200] GeV. Setting those entries to their initial value.
