000 (14737671.001.000) 02/25 20:32:35 Job submitted from host: <188.184.90.62:9618?addrs=188.184.90.62-9618+[2001-1458-201-e4--100-238]-9618&alias=bigbird16.cern.ch&noUDP&sock=schedd_5196_9a2f>
...
040 (14737671.001.000) 02/25 20:36:15 Started transferring input files
	Transferring to host: <188.185.215.40:9618?addrs=188.185.215.40-9618+[2001-1458-303-1e--100-24]-9618&alias=b9p31p7837.cern.ch&noUDP&sock=slot1_4_4282_ce67_172107>
...
040 (14737671.001.000) 02/25 20:36:15 Finished transferring input files
...
001 (14737671.001.000) 02/25 20:36:16 Job executing on host: <188.185.215.40:9618?addrs=188.185.215.40-9618+[2001-1458-303-1e--100-24]-9618&alias=b9p31p7837.cern.ch&noUDP&sock=startd_3629_c547>
	SlotName: slot1_4@b9p31p7837.cern.ch
	CondorScratchDir = "/pool/condor/dir_1427690"
	Cpus = 1
	Disk = 3823
	GPUs = 0
	Memory = 3000
...
006 (14737671.001.000) 02/25 20:36:31 Image size of job updated: 145488
	143  -  MemoryUsage of job (MB)
	145488  -  ResidentSetSize of job (KB)
...
006 (14737671.001.000) 02/25 20:39:30 Image size of job updated: 1729132
	143  -  MemoryUsage of job (MB)
	145512  -  ResidentSetSize of job (KB)
...
040 (14737671.001.000) 02/25 20:39:30 Started transferring output files
...
040 (14737671.001.000) 02/25 20:39:30 Finished transferring output files
...
005 (14737671.001.000) 02/25 20:39:30 Job terminated.
	(1) Normal termination (return value 0)
		Usr 0 00:04:26, Sys 0 00:00:10  -  Run Remote Usage
		Usr 0 00:00:00, Sys 0 00:00:00  -  Run Local Usage
		Usr 0 00:04:26, Sys 0 00:00:10  -  Total Remote Usage
		Usr 0 00:00:00, Sys 0 00:00:00  -  Total Local Usage
	19744  -  Run Bytes Sent By Job
	12751  -  Run Bytes Received By Job
	19744  -  Total Bytes Sent By Job
	12751  -  Total Bytes Received By Job
	Partitionable Resources :    Usage  Request Allocated 
	   Cpus                 :     2.12        1         1 
	   Disk (KB)            :    55          15      3823 
	   GPUs                 :                           0 
	   Memory (MB)          :   143        3000      3000 
	   TimeExecute (s)      :   194                       
	   TimeSlotBusy (s)     :   196                       

	Job terminated of its own accord at 2026-02-25T19:39:30Z with exit-code 0.
...
