subject   : /DC=ch/DC=cern/OU=Organic Units/OU=Users/CN=driosper/CN=886669/CN=Diego Alejandro Rios Perez/CN=3192939875
issuer    : /DC=ch/DC=cern/OU=Organic Units/OU=Users/CN=driosper/CN=886669/CN=Diego Alejandro Rios Perez
identity  : /DC=ch/DC=cern/OU=Organic Units/OU=Users/CN=driosper/CN=886669/CN=Diego Alejandro Rios Perez
type      : RFC compliant proxy
strength  : 2048 bits
path      : /afs/cern.ch/user/d/driosper/private/x509up_u182284
timeleft  : 11:12:21
key usage : Digital Signature, Key Encipherment
=== VO cms extension information ===
VO        : cms
subject   : /DC=ch/DC=cern/OU=Organic Units/OU=Users/CN=driosper/CN=886669/CN=Diego Alejandro Rios Perez
issuer    : /DC=ch/DC=cern/OU=computers/CN=cms-auth.cern.ch
attribute : /cms/Role=NULL/Capability=NULL
timeleft  : 11:12:21
uri       : voms-cms-auth.cern.ch:15000
--workflow ztoee --year 2022preEE --output_path /eos/user/d/driosper/bsm3g_coffea/outputs/ztoee/2022preEE/ZZ --output_format coffea --dataset ZZ_1 --partition_json /srv/partition_fileset.json
  Preprocessing 100% ━━━━━━━━━━━━━━━━━━ 7/7 [ 0:00:12 < 0:00:00 | 0.6   file/s ]
Merging (local) 100% ━━━━━━━━━━━━━━━━━━ 7/7 [ 0:00:12 < 0:00:00 | ?   merges/s ]
     Processing  12% ━━╸                  1/8 [ 0:00:15 < -:--:-- | ?  chunk/s ]
Merging (local)   0% ━━━━━━━━━━━━━━━━━━━━ 0/0 [ 0:00:02 < 0:00:00 | ? merges/s ]
There are 23087 events with muon pt outside of [26,200] GeV. Setting those entries to their initial value.
There are 23087 events with muon pt outside of [26,200] GeV. Setting those entries to their initial value.
There are 109 nan entries in the corrected pt. This might be due to the number of tracker layers hitting boundaries. Setting those entries to their initial value.
There are 29645 events with muon pt outside of [26,200] GeV. Setting those entries to their initial value.
There are 603 events with muon pt outside of [26,200] GeV. Setting those entries to their initial value.
There are 603 events with muon pt outside of [26,200] GeV. Setting those entries to their initial value.
There are 3 nan entries in the corrected pt. This might be due to the number of tracker layers hitting boundaries. Setting those entries to their initial value.
There are 818 events with muon pt outside of [26,200] GeV. Setting those entries to their initial value.
There are 138 events with muon pt outside of [26,200] GeV. Setting those entries to their initial value.
There are 138 events with muon pt outside of [26,200] GeV. Setting those entries to their initial value.
There are 174 events with muon pt outside of [26,200] GeV. Setting those entries to their initial value.
There are 612 events with muon pt outside of [26,200] GeV. Setting those entries to their initial value.
There are 612 events with muon pt outside of [26,200] GeV. Setting those entries to their initial value.
There are 5 nan entries in the corrected pt. This might be due to the number of tracker layers hitting boundaries. Setting those entries to their initial value.
There are 819 events with muon pt outside of [26,200] GeV. Setting those entries to their initial value.
There are 23024 events with muon pt outside of [26,200] GeV. Setting those entries to their initial value.
There are 23027 events with muon pt outside of [26,200] GeV. Setting those entries to their initial value.
There are 132 nan entries in the corrected pt. This might be due to the number of tracker layers hitting boundaries. Setting those entries to their initial value.
There are 29795 events with muon pt outside of [26,200] GeV. Setting those entries to their initial value.
There are 8789 events with muon pt outside of [26,200] GeV. Setting those entries to their initial value.
There are 8789 events with muon pt outside of [26,200] GeV. Setting those entries to their initial value.
There are 48 nan entries in the corrected pt. This might be due to the number of tracker layers hitting boundaries. Setting those entries to their initial value.
There are 11204 events with muon pt outside of [26,200] GeV. Setting those entries to their initial value.
There are 7254 events with muon pt outside of [26,200] GeV. Setting those entries to their initial value.
There are 7254 events with muon pt outside of [26,200] GeV. Setting those entries to their initial value.
There are 45 nan entries in the corrected pt. This might be due to the number of tracker layers hitting boundaries. Setting those entries to their initial value.
There are 9439 events with muon pt outside of [26,200] GeV. Setting those entries to their initial value.
There are 10835 events with muon pt outside of [26,200] GeV. Setting those entries to their initial value.
There are 10836 events with muon pt outside of [26,200] GeV. Setting those entries to their initial value.
There are 40 nan entries in the corrected pt. This might be due to the number of tracker layers hitting boundaries. Setting those entries to their initial value.
There are 13972 events with muon pt outside of [26,200] GeV. Setting those entries to their initial value.
