000 (14737683.002.000) 02/25 20:32:54 Job submitted from host: <188.184.90.62:9618?addrs=188.184.90.62-9618+[2001-1458-201-e4--100-238]-9618&alias=bigbird16.cern.ch&noUDP&sock=schedd_5196_9a2f>
...
040 (14737683.002.000) 02/25 20:36:41 Started transferring input files
	Transferring to host: <188.185.207.220:9618?addrs=188.185.207.220-9618+[2001-1458-303-e--100-59]-9618&alias=b9p08p3598.cern.ch&noUDP&sock=slot1_15_7961_fe9d_146809>
...
040 (14737683.002.000) 02/25 20:36:41 Finished transferring input files
...
001 (14737683.002.000) 02/25 20:36:42 Job executing on host: <188.185.207.220:9618?addrs=188.185.207.220-9618+[2001-1458-303-e--100-59]-9618&alias=b9p08p3598.cern.ch&noUDP&sock=startd_7114_30d5>
	SlotName: slot1_15@b9p08p3598.cern.ch
	CondorScratchDir = "/pool/condor/dir_616299"
	Cpus = 1
	Disk = 3634
	GPUs = 0
	Memory = 3000
...
006 (14737683.002.000) 02/25 20:36:56 Image size of job updated: 484376
	474  -  MemoryUsage of job (MB)
	484376  -  ResidentSetSize of job (KB)
...
006 (14737683.002.000) 02/25 20:38:08 Image size of job updated: 1621608
	474  -  MemoryUsage of job (MB)
	484412  -  ResidentSetSize of job (KB)
...
040 (14737683.002.000) 02/25 20:38:10 Started transferring output files
...
040 (14737683.002.000) 02/25 20:38:10 Finished transferring output files
...
005 (14737683.002.000) 02/25 20:38:10 Job terminated.
	(1) Normal termination (return value 1)
		Usr 0 00:02:43, Sys 0 00:00:07  -  Run Remote Usage
		Usr 0 00:00:00, Sys 0 00:00:00  -  Run Local Usage
		Usr 0 00:02:43, Sys 0 00:00:07  -  Total Remote Usage
		Usr 0 00:00:00, Sys 0 00:00:00  -  Total Local Usage
	17406  -  Run Bytes Sent By Job
	6433  -  Run Bytes Received By Job
	17406  -  Total Bytes Sent By Job
	6433  -  Total Bytes Received By Job
	Partitionable Resources :    Usage  Request Allocated 
	   Cpus                 :        0        1         1 
	   Disk (KB)            :       53       10      3634 
	   GPUs                 :                           0 
	   Memory (MB)          :      474     3000      3000 
	   TimeExecute (s)      :       86                    
	   TimeSlotBusy (s)     :       90                    

	Job terminated of its own accord at 2026-02-25T19:38:08Z with exit-code 1.
...
