subject   : /DC=ch/DC=cern/OU=Organic Units/OU=Users/CN=driosper/CN=886669/CN=Diego Alejandro Rios Perez/CN=1573519443
issuer    : /DC=ch/DC=cern/OU=Organic Units/OU=Users/CN=driosper/CN=886669/CN=Diego Alejandro Rios Perez
identity  : /DC=ch/DC=cern/OU=Organic Units/OU=Users/CN=driosper/CN=886669/CN=Diego Alejandro Rios Perez
type      : RFC compliant proxy
strength  : 2048 bits
path      : /afs/cern.ch/user/d/driosper/private/x509up_u182284
timeleft  : 11:49:28
key usage : Digital Signature, Key Encipherment
=== VO cms extension information ===
VO        : cms
subject   : /DC=ch/DC=cern/OU=Organic Units/OU=Users/CN=driosper/CN=886669/CN=Diego Alejandro Rios Perez
issuer    : /DC=ch/DC=cern/OU=computers/CN=cms-auth.cern.ch
attribute : /cms/Role=NULL/Capability=NULL
timeleft  : 11:49:28
uri       : voms-cms-auth.cern.ch:15000
--workflow ztoee --year 2022preEE --output_path /eos/user/d/driosper/bsm3g_coffea/outputs/ztoee/2022preEE/ZZ --output_format coffea --dataset ZZ_2 --partition_json /srv/partition_fileset.json
  Preprocessing 100% ━━━━━━━━━━━━━━━━━━ 7/7 [ 0:00:07 < 0:00:00 | 1.0   file/s ]
Merging (local) 100% ━━━━━━━━━━━━━━━━━━ 7/7 [ 0:00:07 < 0:00:00 | ?   merges/s ]
     Processing  29% ━━━━━              2/7 [ 0:00:15 < 0:00:11 | 0.5  chunk/s ]
Merging (local) 100% ━━━━━━━━━━━━━━━━━━ 1/1 [ 0:00:13 < 0:00:00 | ?   merges/s ]
There are 169 events with muon pt outside of [26,200] GeV. Setting those entries to their initial value.
There are 169 events with muon pt outside of [26,200] GeV. Setting those entries to their initial value.
There are 199 events with muon pt outside of [26,200] GeV. Setting those entries to their initial value.
There are 3560 events with muon pt outside of [26,200] GeV. Setting those entries to their initial value.
There are 3560 events with muon pt outside of [26,200] GeV. Setting those entries to their initial value.
There are 14 nan entries in the corrected pt. This might be due to the number of tracker layers hitting boundaries. Setting those entries to their initial value.
There are 4570 events with muon pt outside of [26,200] GeV. Setting those entries to their initial value.
There are 32965 events with muon pt outside of [26,200] GeV. Setting those entries to their initial value.
There are 32967 events with muon pt outside of [26,200] GeV. Setting those entries to their initial value.
There are 154 nan entries in the corrected pt. This might be due to the number of tracker layers hitting boundaries. Setting those entries to their initial value.
There are 42109 events with muon pt outside of [26,200] GeV. Setting those entries to their initial value.
There are 9122 events with muon pt outside of [26,200] GeV. Setting those entries to their initial value.
There are 9122 events with muon pt outside of [26,200] GeV. Setting those entries to their initial value.
There are 37 nan entries in the corrected pt. This might be due to the number of tracker layers hitting boundaries. Setting those entries to their initial value.
There are 11571 events with muon pt outside of [26,200] GeV. Setting those entries to their initial value.
There are 11883 events with muon pt outside of [26,200] GeV. Setting those entries to their initial value.
There are 11883 events with muon pt outside of [26,200] GeV. Setting those entries to their initial value.
There are 59 nan entries in the corrected pt. This might be due to the number of tracker layers hitting boundaries. Setting those entries to their initial value.
There are 15004 events with muon pt outside of [26,200] GeV. Setting those entries to their initial value.
There are 13959 events with muon pt outside of [26,200] GeV. Setting those entries to their initial value.
There are 13959 events with muon pt outside of [26,200] GeV. Setting those entries to their initial value.
There are 59 nan entries in the corrected pt. This might be due to the number of tracker layers hitting boundaries. Setting those entries to their initial value.
There are 17700 events with muon pt outside of [26,200] GeV. Setting those entries to their initial value.
There are 311 events with muon pt outside of [26,200] GeV. Setting those entries to their initial value.
There are 311 events with muon pt outside of [26,200] GeV. Setting those entries to their initial value.
There are 2 nan entries in the corrected pt. This might be due to the number of tracker layers hitting boundaries. Setting those entries to their initial value.
There are 402 events with muon pt outside of [26,200] GeV. Setting those entries to their initial value.
