000 (14722390.001.000) 02/25 15:24:11 Job submitted from host: <188.184.90.62:9618?addrs=188.184.90.62-9618+[2001-1458-201-e4--100-238]-9618&alias=bigbird16.cern.ch&noUDP&sock=schedd_5196_9a2f>
...
040 (14722390.001.000) 02/25 15:27:17 Started transferring input files
	Transferring to host: <188.185.211.58:9618?addrs=188.185.211.58-9618+[2001-1458-303-16--100-36]-9618&alias=b9p23p3468.cern.ch&noUDP&sock=slot1_24_6433_615f_50057>
...
040 (14722390.001.000) 02/25 15:27:17 Finished transferring input files
...
001 (14722390.001.000) 02/25 15:27:18 Job executing on host: <188.185.211.58:9618?addrs=188.185.211.58-9618+[2001-1458-303-16--100-36]-9618&alias=b9p23p3468.cern.ch&noUDP&sock=startd_5786_4b10>
	SlotName: slot1_24@b9p23p3468.cern.ch
	CondorScratchDir = "/pool/condor/dir_409311"
	Cpus = 1
	Disk = 3718
	GPUs = 0
	Memory = 3000
...
006 (14722390.001.000) 02/25 15:27:33 Image size of job updated: 135860
	133  -  MemoryUsage of job (MB)
	135860  -  ResidentSetSize of job (KB)
...
006 (14722390.001.000) 02/25 15:28:47 Image size of job updated: 1353120
	134  -  MemoryUsage of job (MB)
	136236  -  ResidentSetSize of job (KB)
...
040 (14722390.001.000) 02/25 15:28:47 Started transferring output files
...
040 (14722390.001.000) 02/25 15:28:47 Finished transferring output files
...
005 (14722390.001.000) 02/25 15:28:47 Job terminated.
	(1) Normal termination (return value 1)
		Usr 0 00:02:06, Sys 0 00:00:06  -  Run Remote Usage
		Usr 0 00:00:00, Sys 0 00:00:00  -  Run Local Usage
		Usr 0 00:02:06, Sys 0 00:00:06  -  Total Remote Usage
		Usr 0 00:00:00, Sys 0 00:00:00  -  Total Local Usage
	15686  -  Run Bytes Sent By Job
	6489  -  Run Bytes Received By Job
	15686  -  Total Bytes Sent By Job
	6489  -  Total Bytes Received By Job
	Partitionable Resources :    Usage  Request Allocated 
	   Cpus                 :        0        1         1 
	   Disk (KB)            :       48       10      3718 
	   GPUs                 :                           0 
	   Memory (MB)          :      134     3000      3000 
	   TimeExecute (s)      :       89                    
	   TimeSlotBusy (s)     :       91                    

	Job terminated of its own accord at 2026-02-25T14:28:47Z with exit-code 1.
...
