000 (14729968.000.000) 02/25 17:14:48 Job submitted from host: <188.184.90.62:9618?addrs=188.184.90.62-9618+[2001-1458-201-e4--100-238]-9618&alias=bigbird16.cern.ch&noUDP&sock=schedd_5196_9a2f>
...
040 (14729968.000.000) 02/25 17:18:50 Started transferring input files
	Transferring to host: <188.185.193.152:9618?addrs=188.185.193.152-9618+[2001-1458-303-20--100-94]-9618&alias=b9p19p9007.cern.ch&noUDP&sock=slot1_10_9472_a17a_122190>
...
040 (14729968.000.000) 02/25 17:18:50 Finished transferring input files
...
001 (14729968.000.000) 02/25 17:18:51 Job executing on host: <188.185.193.152:9618?addrs=188.185.193.152-9618+[2001-1458-303-20--100-94]-9618&alias=b9p19p9007.cern.ch&noUDP&sock=startd_8317_5944>
	SlotName: slot1_10@b9p19p9007.cern.ch
	CondorScratchDir = "/pool/condor/dir_2248308"
	Cpus = 1
	Disk = 3917
	GPUs = 0
	Memory = 3000
...
006 (14729968.000.000) 02/25 17:19:05 Image size of job updated: 512640
	501  -  MemoryUsage of job (MB)
	512640  -  ResidentSetSize of job (KB)
...
006 (14729968.000.000) 02/25 17:20:43 Image size of job updated: 1408544
	501  -  MemoryUsage of job (MB)
	512772  -  ResidentSetSize of job (KB)
...
040 (14729968.000.000) 02/25 17:20:43 Started transferring output files
...
040 (14729968.000.000) 02/25 17:20:43 Finished transferring output files
...
005 (14729968.000.000) 02/25 17:20:43 Job terminated.
	(1) Normal termination (return value 1)
		Usr 0 00:03:30, Sys 0 00:00:05  -  Run Remote Usage
		Usr 0 00:00:00, Sys 0 00:00:00  -  Run Local Usage
		Usr 0 00:03:30, Sys 0 00:00:05  -  Total Remote Usage
		Usr 0 00:00:00, Sys 0 00:00:00  -  Total Local Usage
	16373  -  Run Bytes Sent By Job
	6717  -  Run Bytes Received By Job
	16373  -  Total Bytes Sent By Job
	6717  -  Total Bytes Received By Job
	Partitionable Resources :    Usage  Request Allocated 
	   Cpus                 :        0        1         1 
	   Disk (KB)            :       48       10      3917 
	   GPUs                 :                           0 
	   Memory (MB)          :      501     3000      3000 
	   TimeExecute (s)      :      112                    
	   TimeSlotBusy (s)     :      114                    

	Job terminated of its own accord at 2026-02-25T16:20:43Z with exit-code 1.
...
