000 (14737683.001.000) 02/25 20:32:54 Job submitted from host: <188.184.90.62:9618?addrs=188.184.90.62-9618+[2001-1458-201-e4--100-238]-9618&alias=bigbird16.cern.ch&noUDP&sock=schedd_5196_9a2f>
...
040 (14737683.001.000) 02/25 20:36:40 Started transferring input files
	Transferring to host: <188.185.210.24:9618?addrs=188.185.210.24-9618+[2001-1458-303-1--100-14]-9618&alias=b9p21p2243.cern.ch&noUDP&sock=slot1_29_4360_c3aa_206244>
...
040 (14737683.001.000) 02/25 20:36:40 Finished transferring input files
...
001 (14737683.001.000) 02/25 20:36:41 Job executing on host: <188.185.210.24:9618?addrs=188.185.210.24-9618+[2001-1458-303-1--100-14]-9618&alias=b9p21p2243.cern.ch&noUDP&sock=startd_3719_80cd>
	SlotName: slot1_29@b9p21p2243.cern.ch
	CondorScratchDir = "/pool/condor/dir_969295"
	Cpus = 1
	Disk = 3838
	GPUs = 0
	Memory = 3000
...
006 (14737683.001.000) 02/25 20:36:55 Image size of job updated: 566296
	554  -  MemoryUsage of job (MB)
	566296  -  ResidentSetSize of job (KB)
...
006 (14737683.001.000) 02/25 20:37:42 Image size of job updated: 1261536
	555  -  MemoryUsage of job (MB)
	567708  -  ResidentSetSize of job (KB)
...
040 (14737683.001.000) 02/25 20:37:45 Started transferring output files
...
040 (14737683.001.000) 02/25 20:37:45 Finished transferring output files
...
005 (14737683.001.000) 02/25 20:37:45 Job terminated.
	(1) Normal termination (return value 1)
		Usr 0 00:01:38, Sys 0 00:00:05  -  Run Remote Usage
		Usr 0 00:00:00, Sys 0 00:00:00  -  Run Local Usage
		Usr 0 00:01:38, Sys 0 00:00:05  -  Total Remote Usage
		Usr 0 00:00:00, Sys 0 00:00:00  -  Total Local Usage
	15707  -  Run Bytes Sent By Job
	6433  -  Run Bytes Received By Job
	15707  -  Total Bytes Sent By Job
	6433  -  Total Bytes Received By Job
	Partitionable Resources :    Usage  Request Allocated 
	   Cpus                 :        0        1         1 
	   Disk (KB)            :       47       10      3838 
	   GPUs                 :                           0 
	   Memory (MB)          :      555     3000      3000 
	   TimeExecute (s)      :       61                    
	   TimeSlotBusy (s)     :       66                    

	Job terminated of its own accord at 2026-02-25T19:37:42Z with exit-code 1.
...
