000 (14729968.001.000) 02/25 17:14:48 Job submitted from host: <188.184.90.62:9618?addrs=188.184.90.62-9618+[2001-1458-201-e4--100-238]-9618&alias=bigbird16.cern.ch&noUDP&sock=schedd_5196_9a2f>
...
040 (14729968.001.000) 02/25 17:18:50 Started transferring input files
	Transferring to host: <188.185.211.37:9618?addrs=188.185.211.37-9618+[2001-1458-303-16--100-21]-9618&alias=b9p23p0150.cern.ch&noUDP&sock=slot1_13_7296_7122_168135>
...
040 (14729968.001.000) 02/25 17:18:50 Finished transferring input files
...
001 (14729968.001.000) 02/25 17:18:51 Job executing on host: <188.185.211.37:9618?addrs=188.185.211.37-9618+[2001-1458-303-16--100-21]-9618&alias=b9p23p0150.cern.ch&noUDP&sock=startd_6823_96c6>
	SlotName: slot1_13@b9p23p0150.cern.ch
	CondorScratchDir = "/pool/condor/dir_3110431"
	Cpus = 1
	Disk = 3759
	GPUs = 0
	Memory = 3000
...
006 (14729968.001.000) 02/25 17:19:05 Image size of job updated: 558356
	546  -  MemoryUsage of job (MB)
	558356  -  ResidentSetSize of job (KB)
...
006 (14729968.001.000) 02/25 17:20:30 Image size of job updated: 1319012
	546  -  MemoryUsage of job (MB)
	558356  -  ResidentSetSize of job (KB)
...
040 (14729968.001.000) 02/25 17:20:30 Started transferring output files
...
040 (14729968.001.000) 02/25 17:20:30 Finished transferring output files
...
005 (14729968.001.000) 02/25 17:20:30 Job terminated.
	(1) Normal termination (return value 1)
		Usr 0 00:01:57, Sys 0 00:00:06  -  Run Remote Usage
		Usr 0 00:00:00, Sys 0 00:00:00  -  Run Local Usage
		Usr 0 00:01:57, Sys 0 00:00:06  -  Total Remote Usage
		Usr 0 00:00:00, Sys 0 00:00:00  -  Total Local Usage
	15902  -  Run Bytes Sent By Job
	6717  -  Run Bytes Received By Job
	15902  -  Total Bytes Sent By Job
	6717  -  Total Bytes Received By Job
	Partitionable Resources :    Usage  Request Allocated 
	   Cpus                 :        0        1         1 
	   Disk (KB)            :       48       10      3759 
	   GPUs                 :                           0 
	   Memory (MB)          :      546     3000      3000 
	   TimeExecute (s)      :       99                    
	   TimeSlotBusy (s)     :      101                    

	Job terminated of its own accord at 2026-02-25T16:20:30Z with exit-code 1.
...
