000 (14737683.000.000) 02/25 20:32:54 Job submitted from host: <188.184.90.62:9618?addrs=188.184.90.62-9618+[2001-1458-201-e4--100-238]-9618&alias=bigbird16.cern.ch&noUDP&sock=schedd_5196_9a2f>
...
040 (14737683.000.000) 02/25 20:36:39 Started transferring input files
	Transferring to host: <188.185.211.149:9618?addrs=188.185.211.149-9618+[2001-1458-303-17--100-11]-9618&alias=b9p24p8170.cern.ch&noUDP&sock=slot1_3_9188_86ef_165615>
...
040 (14737683.000.000) 02/25 20:36:39 Finished transferring input files
...
001 (14737683.000.000) 02/25 20:36:40 Job executing on host: <188.185.211.149:9618?addrs=188.185.211.149-9618+[2001-1458-303-17--100-11]-9618&alias=b9p24p8170.cern.ch&noUDP&sock=startd_8392_cade>
	SlotName: slot1_3@b9p24p8170.cern.ch
	CondorScratchDir = "/pool/condor/dir_1858050"
	Cpus = 1
	Disk = 3833
	GPUs = 0
	Memory = 3000
...
006 (14737683.000.000) 02/25 20:36:54 Image size of job updated: 565596
	553  -  MemoryUsage of job (MB)
	565596  -  ResidentSetSize of job (KB)
...
006 (14737683.000.000) 02/25 20:37:52 Image size of job updated: 1348712
	553  -  MemoryUsage of job (MB)
	565904  -  ResidentSetSize of job (KB)
...
040 (14737683.000.000) 02/25 20:37:52 Started transferring output files
...
040 (14737683.000.000) 02/25 20:37:52 Finished transferring output files
...
005 (14737683.000.000) 02/25 20:37:52 Job terminated.
	(1) Normal termination (return value 1)
		Usr 0 00:01:41, Sys 0 00:00:04  -  Run Remote Usage
		Usr 0 00:00:00, Sys 0 00:00:00  -  Run Local Usage
		Usr 0 00:01:41, Sys 0 00:00:04  -  Total Remote Usage
		Usr 0 00:00:00, Sys 0 00:00:00  -  Total Local Usage
	16170  -  Run Bytes Sent By Job
	6433  -  Run Bytes Received By Job
	16170  -  Total Bytes Sent By Job
	6433  -  Total Bytes Received By Job
	Partitionable Resources :    Usage  Request Allocated 
	   Cpus                 :        0        1         1 
	   Disk (KB)            :       48       10      3833 
	   GPUs                 :                           0 
	   Memory (MB)          :      553     3000      3000 
	   TimeExecute (s)      :       72                    
	   TimeSlotBusy (s)     :       74                    

	Job terminated of its own accord at 2026-02-25T19:37:52Z with exit-code 1.
...
