000 (14752967.002.000) 02/26 16:23:25 Job submitted from host: <188.184.90.62:9618?addrs=188.184.90.62-9618+[2001-1458-201-e4--100-238]-9618&alias=bigbird16.cern.ch&noUDP&sock=schedd_5196_9a2f>
...
040 (14752967.002.000) 02/26 16:27:37 Started transferring input files
	Transferring to host: <188.185.211.85:9618?addrs=188.185.211.85-9618+[2001-1458-303-16--100-51]-9618&alias=b9p23p5915.cern.ch&noUDP&sock=slot1_7_3673521_9de0_93850>
...
040 (14752967.002.000) 02/26 16:27:37 Finished transferring input files
...
001 (14752967.002.000) 02/26 16:27:38 Job executing on host: <188.185.211.85:9618?addrs=188.185.211.85-9618+[2001-1458-303-16--100-51]-9618&alias=b9p23p5915.cern.ch&noUDP&sock=startd_3673483_5e88>
	SlotName: slot1_7@b9p23p5915.cern.ch
	CondorScratchDir = "/pool/condor/dir_2404602"
	Cpus = 1
	Disk = 3759
	GPUs = 0
	Memory = 3000
...
006 (14752967.002.000) 02/26 16:27:52 Image size of job updated: 500024
	489  -  MemoryUsage of job (MB)
	500024  -  ResidentSetSize of job (KB)
...
006 (14752967.002.000) 02/26 16:27:53 Image size of job updated: 500456
	489  -  MemoryUsage of job (MB)
	500456  -  ResidentSetSize of job (KB)
...
040 (14752967.002.000) 02/26 16:27:53 Started transferring output files
...
040 (14752967.002.000) 02/26 16:27:53 Finished transferring output files
...
005 (14752967.002.000) 02/26 16:27:54 Job terminated.
	(1) Normal termination (return value 1)
		Usr 0 00:00:05, Sys 0 00:00:02  -  Run Remote Usage
		Usr 0 00:00:00, Sys 0 00:00:00  -  Run Local Usage
		Usr 0 00:00:05, Sys 0 00:00:02  -  Total Remote Usage
		Usr 0 00:00:00, Sys 0 00:00:00  -  Total Local Usage
	9706  -  Run Bytes Sent By Job
	6433  -  Run Bytes Received By Job
	9706  -  Total Bytes Sent By Job
	6433  -  Total Bytes Received By Job
	Partitionable Resources :    Usage  Request Allocated 
	   Cpus                 :        0        1         1 
	   Disk (KB)            :       42       10      3759 
	   GPUs                 :                           0 
	   Memory (MB)          :      489     3000      3000 
	   TimeExecute (s)      :       15                    
	   TimeSlotBusy (s)     :       17                    

	Job terminated of its own accord at 2026-02-26T15:27:53Z with exit-code 1.
...
