000 (14795274.003.000) 03/06 21:51:16 Job submitted from host: <188.184.90.62:9618?addrs=188.184.90.62-9618+[2001-1458-201-e4--100-238]-9618&alias=bigbird16.cern.ch&noUDP&sock=schedd_5196_9a2f>
...
040 (14795274.003.000) 03/06 21:56:04 Started transferring input files
	Transferring to host: <188.185.212.80:9618?addrs=188.185.212.80-9618+[2001-1458-303-18--100-4c]-9618&alias=b9p25p2866.cern.ch&noUDP&sock=slot1_8_6681_1e69_180044>
...
040 (14795274.003.000) 03/06 21:56:04 Finished transferring input files
...
001 (14795274.003.000) 03/06 21:56:05 Job executing on host: <188.185.212.80:9618?addrs=188.185.212.80-9618+[2001-1458-303-18--100-4c]-9618&alias=b9p25p2866.cern.ch&noUDP&sock=startd_5770_518c>
	SlotName: slot1_8@b9p25p2866.cern.ch
	CondorScratchDir = "/pool/condor/dir_204033"
	Cpus = 1
	Disk = 3869
	GPUs = 0
	Memory = 3000
...
006 (14795274.003.000) 03/06 21:56:19 Image size of job updated: 406908
	398  -  MemoryUsage of job (MB)
	406908  -  ResidentSetSize of job (KB)
...
006 (14795274.003.000) 03/06 22:01:20 Image size of job updated: 6008888
	5796  -  MemoryUsage of job (MB)
	5934456  -  ResidentSetSize of job (KB)
...
040 (14795274.003.000) 03/06 22:02:28 Started transferring output files
...
040 (14795274.003.000) 03/06 22:02:28 Finished transferring output files
...
005 (14795274.003.000) 03/06 22:02:28 Job terminated.
	(1) Normal termination (return value 1)
		Usr 0 00:07:32, Sys 0 00:03:26  -  Run Remote Usage
		Usr 0 00:00:00, Sys 0 00:00:00  -  Run Local Usage
		Usr 0 00:07:32, Sys 0 00:03:26  -  Total Remote Usage
		Usr 0 00:00:00, Sys 0 00:00:00  -  Total Local Usage
	17443  -  Run Bytes Sent By Job
	14643  -  Run Bytes Received By Job
	17443  -  Total Bytes Sent By Job
	14643  -  Total Bytes Received By Job
	Partitionable Resources :    Usage  Request Allocated 
	   Cpus                 :     2.18        1         1 
	   Disk (KB)            :    55          17      3869 
	   GPUs                 :                           0 
	   Memory (MB)          :  5796        3000      3000 
	   TimeExecute (s)      :   383                       
	   TimeSlotBusy (s)     :   385                       

	Job terminated of its own accord at 2026-03-06T21:02:28Z with exit-code 1.
...
