000 (14795274.000.000) 03/06 21:51:16 Job submitted from host: <188.184.90.62:9618?addrs=188.184.90.62-9618+[2001-1458-201-e4--100-238]-9618&alias=bigbird16.cern.ch&noUDP&sock=schedd_5196_9a2f>
...
040 (14795274.000.000) 03/06 21:56:03 Started transferring input files
	Transferring to host: <188.185.212.186:9618?addrs=188.185.212.186-9618+[2001-1458-303-19--100-36]-9618&alias=b9p26p8164.cern.ch&noUDP&sock=slot1_3_3715_4db0_182049>
...
040 (14795274.000.000) 03/06 21:56:03 Finished transferring input files
...
001 (14795274.000.000) 03/06 21:56:04 Job executing on host: <188.185.212.186:9618?addrs=188.185.212.186-9618+[2001-1458-303-19--100-36]-9618&alias=b9p26p8164.cern.ch&noUDP&sock=startd_3004_1296>
	SlotName: slot1_3@b9p26p8164.cern.ch
	CondorScratchDir = "/pool/condor/dir_1262449"
	Cpus = 1
	Disk = 3746
	GPUs = 0
	Memory = 3000
...
006 (14795274.000.000) 03/06 21:56:18 Image size of job updated: 543288
	531  -  MemoryUsage of job (MB)
	543288  -  ResidentSetSize of job (KB)
...
006 (14795274.000.000) 03/06 22:01:19 Image size of job updated: 5998436
	5858  -  MemoryUsage of job (MB)
	5998436  -  ResidentSetSize of job (KB)
...
006 (14795274.000.000) 03/06 22:02:01 Image size of job updated: 6004308
	5858  -  MemoryUsage of job (MB)
	5998468  -  ResidentSetSize of job (KB)
...
040 (14795274.000.000) 03/06 22:02:01 Started transferring output files
...
040 (14795274.000.000) 03/06 22:02:01 Finished transferring output files
...
005 (14795274.000.000) 03/06 22:02:01 Job terminated.
	(1) Normal termination (return value 1)
		Usr 0 00:06:06, Sys 0 00:02:43  -  Run Remote Usage
		Usr 0 00:00:00, Sys 0 00:00:00  -  Run Local Usage
		Usr 0 00:06:06, Sys 0 00:02:43  -  Total Remote Usage
		Usr 0 00:00:00, Sys 0 00:00:00  -  Total Local Usage
	17870  -  Run Bytes Sent By Job
	14643  -  Run Bytes Received By Job
	17870  -  Total Bytes Sent By Job
	14643  -  Total Bytes Received By Job
	Partitionable Resources :    Usage  Request Allocated 
	   Cpus                 :     2.09        1         1 
	   Disk (KB)            :    56          17      3746 
	   GPUs                 :                           0 
	   Memory (MB)          :  5858        3000      3000 
	   TimeExecute (s)      :   357                       
	   TimeSlotBusy (s)     :   359                       

	Job terminated of its own accord at 2026-03-06T21:02:01Z with exit-code 1.
...
