000 (14788607.001.000) 03/03 04:17:58 Job submitted from host: <188.184.90.62:9618?addrs=188.184.90.62-9618+[2001-1458-201-e4--100-238]-9618&alias=bigbird16.cern.ch&noUDP&sock=schedd_5196_9a2f>
...
040 (14788607.001.000) 03/03 04:18:51 Started transferring input files
	Transferring to host: <128.142.137.213:9618?addrs=128.142.137.213-9618+[2001-1458-301-5e--100-c9]-9618&alias=b9g19p6235.cern.ch&noUDP&sock=slot1_27_2902_78af_111060>
...
040 (14788607.001.000) 03/03 04:18:51 Finished transferring input files
...
001 (14788607.001.000) 03/03 04:18:52 Job executing on host: <128.142.137.213:9618?addrs=128.142.137.213-9618+[2001-1458-301-5e--100-c9]-9618&alias=b9g19p6235.cern.ch&noUDP&sock=startd_2500_5edb>
	SlotName: slot1_27@b9g19p6235.cern.ch
	CondorScratchDir = "/pool/condor/dir_1349386"
	Cpus = 1
	Disk = 2686
	GPUs = 0
	Memory = 3000
...
006 (14788607.001.000) 03/03 04:19:05 Image size of job updated: 379548
	371  -  MemoryUsage of job (MB)
	379548  -  ResidentSetSize of job (KB)
...
006 (14788607.001.000) 03/03 04:21:12 Image size of job updated: 1394952
	426  -  MemoryUsage of job (MB)
	435544  -  ResidentSetSize of job (KB)
...
040 (14788607.001.000) 03/03 04:21:12 Started transferring output files
...
040 (14788607.001.000) 03/03 04:21:13 Finished transferring output files
...
005 (14788607.001.000) 03/03 04:21:13 Job terminated.
	(1) Normal termination (return value 1)
		Usr 0 00:04:06, Sys 0 00:00:06  -  Run Remote Usage
		Usr 0 00:00:00, Sys 0 00:00:00  -  Run Local Usage
		Usr 0 00:04:06, Sys 0 00:00:06  -  Total Remote Usage
		Usr 0 00:00:00, Sys 0 00:00:00  -  Total Local Usage
	15480  -  Run Bytes Sent By Job
	6482  -  Run Bytes Received By Job
	15480  -  Total Bytes Sent By Job
	6482  -  Total Bytes Received By Job
	Partitionable Resources :    Usage  Request Allocated 
	   Cpus                 :        0        1         1 
	   Disk (KB)            :       47       10      2686 
	   GPUs                 :                           0 
	   Memory (MB)          :      426     3000      3000 
	   TimeExecute (s)      :      140                    
	   TimeSlotBusy (s)     :      144                    

	Job terminated of its own accord at 2026-03-03T03:21:12Z with exit-code 1.
...
