000 (14788607.002.000) 03/03 04:17:58 Job submitted from host: <188.184.90.62:9618?addrs=188.184.90.62-9618+[2001-1458-201-e4--100-238]-9618&alias=bigbird16.cern.ch&noUDP&sock=schedd_5196_9a2f>
...
040 (14788607.002.000) 03/03 04:18:52 Started transferring input files
	Transferring to host: <188.185.207.162:9618?addrs=188.185.207.162-9618+[2001-1458-303-e--100-1f]-9618&alias=b9p08p7633.cern.ch&noUDP&sock=slot1_7_4368_66ab_151753>
...
040 (14788607.002.000) 03/03 04:18:52 Finished transferring input files
...
001 (14788607.002.000) 03/03 04:18:53 Job executing on host: <188.185.207.162:9618?addrs=188.185.207.162-9618+[2001-1458-303-e--100-1f]-9618&alias=b9p08p7633.cern.ch&noUDP&sock=startd_3650_2cc5>
	SlotName: slot1_7@b9p08p7633.cern.ch
	CondorScratchDir = "/pool/condor/dir_1314357"
	Cpus = 1
	Disk = 3727
	GPUs = 0
	Memory = 3000
...
006 (14788607.002.000) 03/03 04:19:06 Image size of job updated: 480936
	470  -  MemoryUsage of job (MB)
	480936  -  ResidentSetSize of job (KB)
...
006 (14788607.002.000) 03/03 04:20:30 Image size of job updated: 1754168
	470  -  MemoryUsage of job (MB)
	480936  -  ResidentSetSize of job (KB)
...
040 (14788607.002.000) 03/03 04:20:30 Started transferring output files
...
040 (14788607.002.000) 03/03 04:20:31 Finished transferring output files
...
005 (14788607.002.000) 03/03 04:20:31 Job terminated.
	(1) Normal termination (return value 1)
		Usr 0 00:02:40, Sys 0 00:00:06  -  Run Remote Usage
		Usr 0 00:00:00, Sys 0 00:00:00  -  Run Local Usage
		Usr 0 00:02:40, Sys 0 00:00:06  -  Total Remote Usage
		Usr 0 00:00:00, Sys 0 00:00:00  -  Total Local Usage
	17000  -  Run Bytes Sent By Job
	6482  -  Run Bytes Received By Job
	17000  -  Total Bytes Sent By Job
	6482  -  Total Bytes Received By Job
	Partitionable Resources :    Usage  Request Allocated 
	   Cpus                 :        0        1         1 
	   Disk (KB)            :       52       10      3727 
	   GPUs                 :                           0 
	   Memory (MB)          :      470     3000      3000 
	   TimeExecute (s)      :       97                    
	   TimeSlotBusy (s)     :      101                    

	Job terminated of its own accord at 2026-03-03T03:20:30Z with exit-code 1.
...
