subject   : /DC=ch/DC=cern/OU=Organic Units/OU=Users/CN=driosper/CN=886669/CN=Diego Alejandro Rios Perez/CN=2735051137
issuer    : /DC=ch/DC=cern/OU=Organic Units/OU=Users/CN=driosper/CN=886669/CN=Diego Alejandro Rios Perez
identity  : /DC=ch/DC=cern/OU=Organic Units/OU=Users/CN=driosper/CN=886669/CN=Diego Alejandro Rios Perez
type      : RFC compliant proxy
strength  : 2048 bits
path      : /afs/cern.ch/user/d/driosper/private/x509up_u182284
timeleft  : 5:18:40
key usage : Digital Signature, Key Encipherment
=== VO cms extension information ===
VO        : cms
subject   : /DC=ch/DC=cern/OU=Organic Units/OU=Users/CN=driosper/CN=886669/CN=Diego Alejandro Rios Perez
issuer    : /DC=ch/DC=cern/OU=computers/CN=cms-auth.cern.ch
attribute : /cms/Role=NULL/Capability=NULL
timeleft  : 5:18:40
uri       : voms-cms-auth.cern.ch:15000
--workflow 2b1mu --year 2022preEE --output_path /eos/user/d/driosper/bsm3g_coffea/outputs/2b1mu/2022preEE/ZZ --output_format coffea --dataset ZZ_3 --partition_json /srv/partition_fileset.json
  Preprocessing 100% ━━━━━━━━━━━━━━━━━━ 7/7 [ 0:00:10 < 0:00:00 | 1.0   file/s ]
Merging (local) 100% ━━━━━━━━━━━━━━━━━━ 7/7 [ 0:00:10 < 0:00:00 | ?   merges/s ]
     Processing  10% ━╸                  1/10 [ 0:00:25 < -:--:-- | ?  chunk/s ]
Merging (local)   0% ━━━━━━━━━━━━━━━━━━━  0/0 [ 0:00:02 < 0:00:00 | ? merges/s ]
There are 4703 events with muon pt outside of [26,200] GeV. Setting those entries to their initial value.
There are 4704 events with muon pt outside of [26,200] GeV. Setting those entries to their initial value.
There are 29 nan entries in the corrected pt. This might be due to the number of tracker layers hitting boundaries. Setting those entries to their initial value.
No LHEPdf Weights in dataset, skiping PDF/AlphaS systematic Weight
There are 22892 events with muon pt outside of [26,200] GeV. Setting those entries to their initial value.
There are 22892 events with muon pt outside of [26,200] GeV. Setting those entries to their initial value.
There are 123 nan entries in the corrected pt. This might be due to the number of tracker layers hitting boundaries. Setting those entries to their initial value.
No LHEPdf Weights in dataset, skiping PDF/AlphaS systematic Weight
There are 688 events with muon pt outside of [26,200] GeV. Setting those entries to their initial value.
There are 688 events with muon pt outside of [26,200] GeV. Setting those entries to their initial value.
There are 4 nan entries in the corrected pt. This might be due to the number of tracker layers hitting boundaries. Setting those entries to their initial value.
There are 22856 events with muon pt outside of [26,200] GeV. Setting those entries to their initial value.
There are 22857 events with muon pt outside of [26,200] GeV. Setting those entries to their initial value.
There are 108 nan entries in the corrected pt. This might be due to the number of tracker layers hitting boundaries. Setting those entries to their initial value.
No LHEPdf Weights in dataset, skiping PDF/AlphaS systematic Weight
There are 2286 events with muon pt outside of [26,200] GeV. Setting those entries to their initial value.
There are 2286 events with muon pt outside of [26,200] GeV. Setting those entries to their initial value.
There are 18 nan entries in the corrected pt. This might be due to the number of tracker layers hitting boundaries. Setting those entries to their initial value.
No LHEPdf Weights in dataset, skiping PDF/AlphaS systematic Weight
There are 7144 events with muon pt outside of [26,200] GeV. Setting those entries to their initial value.
There are 7144 events with muon pt outside of [26,200] GeV. Setting those entries to their initial value.
There are 48 nan entries in the corrected pt. This might be due to the number of tracker layers hitting boundaries. Setting those entries to their initial value.
No LHEPdf Weights in dataset, skiping PDF/AlphaS systematic Weight
There are 22862 events with muon pt outside of [26,200] GeV. Setting those entries to their initial value.
There are 22864 events with muon pt outside of [26,200] GeV. Setting those entries to their initial value.
There are 130 nan entries in the corrected pt. This might be due to the number of tracker layers hitting boundaries. Setting those entries to their initial value.
No LHEPdf Weights in dataset, skiping PDF/AlphaS systematic Weight
There are 3195 events with muon pt outside of [26,200] GeV. Setting those entries to their initial value.
There are 3195 events with muon pt outside of [26,200] GeV. Setting those entries to their initial value.
There are 17 nan entries in the corrected pt. This might be due to the number of tracker layers hitting boundaries. Setting those entries to their initial value.
No LHEPdf Weights in dataset, skiping PDF/AlphaS systematic Weight
There are 6096 events with muon pt outside of [26,200] GeV. Setting those entries to their initial value.
There are 6096 events with muon pt outside of [26,200] GeV. Setting those entries to their initial value.
There are 42 nan entries in the corrected pt. This might be due to the number of tracker layers hitting boundaries. Setting those entries to their initial value.
No LHEPdf Weights in dataset, skiping PDF/AlphaS systematic Weight
There are 22518 events with muon pt outside of [26,200] GeV. Setting those entries to their initial value.
There are 22519 events with muon pt outside of [26,200] GeV. Setting those entries to their initial value.
There are 116 nan entries in the corrected pt. This might be due to the number of tracker layers hitting boundaries. Setting those entries to their initial value.
No LHEPdf Weights in dataset, skiping PDF/AlphaS systematic Weight
