subject   : /DC=ch/DC=cern/OU=Organic Units/OU=Users/CN=driosper/CN=886669/CN=Diego Alejandro Rios Perez/CN=2735051137
issuer    : /DC=ch/DC=cern/OU=Organic Units/OU=Users/CN=driosper/CN=886669/CN=Diego Alejandro Rios Perez
identity  : /DC=ch/DC=cern/OU=Organic Units/OU=Users/CN=driosper/CN=886669/CN=Diego Alejandro Rios Perez
type      : RFC compliant proxy
strength  : 2048 bits
path      : /afs/cern.ch/user/d/driosper/private/x509up_u182284
timeleft  : 5:18:41
key usage : Digital Signature, Key Encipherment
=== VO cms extension information ===
VO        : cms
subject   : /DC=ch/DC=cern/OU=Organic Units/OU=Users/CN=driosper/CN=886669/CN=Diego Alejandro Rios Perez
issuer    : /DC=ch/DC=cern/OU=computers/CN=cms-auth.cern.ch
attribute : /cms/Role=NULL/Capability=NULL
timeleft  : 5:18:41
uri       : voms-cms-auth.cern.ch:15000
--workflow 2b1mu --year 2022preEE --output_path /eos/user/d/driosper/bsm3g_coffea/outputs/2b1mu/2022preEE/ZZ --output_format coffea --dataset ZZ_2 --partition_json /srv/partition_fileset.json
  Preprocessing 100% ━━━━━━━━━━━━━━━━━━ 7/7 [ 0:00:22 < 0:00:00 | 0.3   file/s ]
Merging (local) 100% ━━━━━━━━━━━━━━━━━━ 7/7 [ 0:00:22 < 0:00:00 | ?   merges/s ]
     Processing  29% ━━━━━              2/7 [ 0:00:59 < 0:02:30 | 0.0  chunk/s ]
Merging (local) 100% ━━━━━━━━━━━━━━━━━━ 1/1 [ 0:00:29 < 0:00:00 | ?   merges/s ]
There are 13959 events with muon pt outside of [26,200] GeV. Setting those entries to their initial value.
There are 13959 events with muon pt outside of [26,200] GeV. Setting those entries to their initial value.
There are 59 nan entries in the corrected pt. This might be due to the number of tracker layers hitting boundaries. Setting those entries to their initial value.
No LHEPdf Weights in dataset, skiping PDF/AlphaS systematic Weight
There are 32965 events with muon pt outside of [26,200] GeV. Setting those entries to their initial value.
There are 32967 events with muon pt outside of [26,200] GeV. Setting those entries to their initial value.
There are 154 nan entries in the corrected pt. This might be due to the number of tracker layers hitting boundaries. Setting those entries to their initial value.
No LHEPdf Weights in dataset, skiping PDF/AlphaS systematic Weight
There are 169 events with muon pt outside of [26,200] GeV. Setting those entries to their initial value.
There are 169 events with muon pt outside of [26,200] GeV. Setting those entries to their initial value.
There are 3560 events with muon pt outside of [26,200] GeV. Setting those entries to their initial value.
There are 3560 events with muon pt outside of [26,200] GeV. Setting those entries to their initial value.
There are 14 nan entries in the corrected pt. This might be due to the number of tracker layers hitting boundaries. Setting those entries to their initial value.
No LHEPdf Weights in dataset, skiping PDF/AlphaS systematic Weight
There are 311 events with muon pt outside of [26,200] GeV. Setting those entries to their initial value.
There are 311 events with muon pt outside of [26,200] GeV. Setting those entries to their initial value.
There are 2 nan entries in the corrected pt. This might be due to the number of tracker layers hitting boundaries. Setting those entries to their initial value.
No LHEPdf Weights in dataset, skiping PDF/AlphaS systematic Weight
There are 9122 events with muon pt outside of [26,200] GeV. Setting those entries to their initial value.
There are 9122 events with muon pt outside of [26,200] GeV. Setting those entries to their initial value.
There are 37 nan entries in the corrected pt. This might be due to the number of tracker layers hitting boundaries. Setting those entries to their initial value.
No LHEPdf Weights in dataset, skiping PDF/AlphaS systematic Weight
There are 11883 events with muon pt outside of [26,200] GeV. Setting those entries to their initial value.
There are 11883 events with muon pt outside of [26,200] GeV. Setting those entries to their initial value.
There are 59 nan entries in the corrected pt. This might be due to the number of tracker layers hitting boundaries. Setting those entries to their initial value.
No LHEPdf Weights in dataset, skiping PDF/AlphaS systematic Weight
