000 (14526965.001.000) 02/14 21:30:52 Job submitted from host: <188.184.90.62:9618?addrs=188.184.90.62-9618+[2001-1458-201-e4--100-238]-9618&alias=bigbird16.cern.ch&noUDP&sock=schedd_5196_9a2f>
...
040 (14526965.001.000) 02/14 21:32:05 Started transferring input files
	Transferring to host: <188.185.192.156:9618?addrs=188.185.192.156-9618+[2001-1458-303-1f--100-98]-9618&alias=b9p13p3671.cern.ch&noUDP&sock=slot1_2_5921_a14a_149732>
...
040 (14526965.001.000) 02/14 21:32:05 Finished transferring input files
...
001 (14526965.001.000) 02/14 21:32:06 Job executing on host: <188.185.192.156:9618?addrs=188.185.192.156-9618+[2001-1458-303-1f--100-98]-9618&alias=b9p13p3671.cern.ch&noUDP&sock=startd_4202_cd0c>
	SlotName: slot1_2@b9p13p3671.cern.ch
	CondorScratchDir = "/pool/condor/dir_3902662"
	Cpus = 1
	Disk = 3947
	GPUs = 0
	Memory = 3000
...
006 (14526965.001.000) 02/14 21:32:20 Image size of job updated: 176812
	173  -  MemoryUsage of job (MB)
	176812  -  ResidentSetSize of job (KB)
...
006 (14526965.001.000) 02/14 21:35:42 Image size of job updated: 2359160
	173  -  MemoryUsage of job (MB)
	176812  -  ResidentSetSize of job (KB)
...
040 (14526965.001.000) 02/14 21:35:42 Started transferring output files
...
040 (14526965.001.000) 02/14 21:35:42 Finished transferring output files
...
004 (14526965.001.000) 02/14 21:35:42 Job was evicted.
	(0) CPU times
		Usr 0 00:10:30, Sys 0 00:00:12  -  Run Remote Usage
		Usr 0 00:00:00, Sys 0 00:00:00  -  Run Local Usage
	6398  -  Run Bytes Sent By Job
	5987  -  Run Bytes Received By Job
	Partitionable Resources :    Usage  Request Allocated 
	   Cpus                 :        0        1         1 
	   Disk (KB)            :       38       10      3947 
	   GPUs                 :                           0 
	   Memory (MB)          :      173     3000      3000 
	   TimeExecute (s)      :      216                    
	   TimeSlotBusy (s)     :      218                    
...
009 (14526965.001.000) 02/14 21:35:42 Job was aborted.
	via condor_rm (by user driosper)
...
