000 (14793323.003.000) 03/05 15:53:23 Job submitted from host: <188.184.90.62:9618?addrs=188.184.90.62-9618+[2001-1458-201-e4--100-238]-9618&alias=bigbird16.cern.ch&noUDP&sock=schedd_5196_9a2f>
...
040 (14793323.003.000) 03/05 16:27:17 Started transferring input files
	Transferring to host: <188.185.211.141:9618?addrs=188.185.211.141-9618+[2001-1458-303-17--100-9]-9618&alias=b9p24p2350.cern.ch&noUDP&sock=slot1_16_4206_41e4_179094>
...
040 (14793323.003.000) 03/05 16:27:17 Finished transferring input files
...
001 (14793323.003.000) 03/05 16:27:18 Job executing on host: <188.185.211.141:9618?addrs=188.185.211.141-9618+[2001-1458-303-17--100-9]-9618&alias=b9p24p2350.cern.ch&noUDP&sock=startd_3579_798b>
	SlotName: slot1_16@b9p24p2350.cern.ch
	CondorScratchDir = "/pool/condor/dir_1815554"
	Cpus = 1
	Disk = 3739
	GPUs = 0
	Memory = 3000
...
006 (14793323.003.000) 03/05 16:27:32 Image size of job updated: 206876
	203  -  MemoryUsage of job (MB)
	206876  -  ResidentSetSize of job (KB)
...
006 (14793323.003.000) 03/05 16:32:33 Image size of job updated: 4107356
	4012  -  MemoryUsage of job (MB)
	4107356  -  ResidentSetSize of job (KB)
...
006 (14793323.003.000) 03/05 16:34:47 Image size of job updated: 4687880
	4012  -  MemoryUsage of job (MB)
	4107356  -  ResidentSetSize of job (KB)
...
040 (14793323.003.000) 03/05 16:34:47 Started transferring output files
...
040 (14793323.003.000) 03/05 16:34:47 Finished transferring output files
...
005 (14793323.003.000) 03/05 16:34:47 Job terminated.
	(1) Normal termination (return value 1)
		Usr 0 00:12:24, Sys 0 00:00:21  -  Run Remote Usage
		Usr 0 00:00:00, Sys 0 00:00:00  -  Run Local Usage
		Usr 0 00:12:24, Sys 0 00:00:21  -  Total Remote Usage
		Usr 0 00:00:00, Sys 0 00:00:00  -  Total Local Usage
	26841  -  Run Bytes Sent By Job
	17168  -  Run Bytes Received By Job
	26841  -  Total Bytes Sent By Job
	17168  -  Total Bytes Received By Job
	Partitionable Resources :    Usage  Request Allocated 
	   Cpus                 :     2.06        1         1 
	   Disk (KB)            :    69          20      3739 
	   GPUs                 :                           0 
	   Memory (MB)          :  4012        3000      3000 
	   TimeExecute (s)      :   449                       
	   TimeSlotBusy (s)     :   451                       

	Job terminated of its own accord at 2026-03-05T15:34:47Z with exit-code 1.
...
