000 (14793323.006.000) 03/05 15:53:24 Job submitted from host: <188.184.90.62:9618?addrs=188.184.90.62-9618+[2001-1458-201-e4--100-238]-9618&alias=bigbird16.cern.ch&noUDP&sock=schedd_5196_9a2f>
...
040 (14793323.006.000) 03/05 16:27:18 Started transferring input files
	Transferring to host: <188.185.214.59:9618?addrs=188.185.214.59-9618+[2001-1458-303-1c--100-37]-9618&alias=b9p29p6057.cern.ch&noUDP&sock=slot1_4_3908_4a18_179288>
...
040 (14793323.006.000) 03/05 16:27:18 Finished transferring input files
...
001 (14793323.006.000) 03/05 16:27:19 Job executing on host: <188.185.214.59:9618?addrs=188.185.214.59-9618+[2001-1458-303-1c--100-37]-9618&alias=b9p29p6057.cern.ch&noUDP&sock=startd_3186_e8d3>
	SlotName: slot1_4@b9p29p6057.cern.ch
	CondorScratchDir = "/pool/condor/dir_3785414"
	Cpus = 1
	Disk = 3720
	GPUs = 0
	Memory = 3000
...
006 (14793323.006.000) 03/05 16:27:33 Image size of job updated: 227912
	223  -  MemoryUsage of job (MB)
	227912  -  ResidentSetSize of job (KB)
...
006 (14793323.006.000) 03/05 16:32:34 Image size of job updated: 3401388
	3322  -  MemoryUsage of job (MB)
	3401216  -  ResidentSetSize of job (KB)
...
006 (14793323.006.000) 03/05 16:37:34 Image size of job updated: 4223084
	4124  -  MemoryUsage of job (MB)
	4222280  -  ResidentSetSize of job (KB)
...
006 (14793323.006.000) 03/05 16:42:34 Image size of job updated: 4676876
	4565  -  MemoryUsage of job (MB)
	4674172  -  ResidentSetSize of job (KB)
...
040 (14793323.006.000) 03/05 16:42:40 Started transferring output files
...
040 (14793323.006.000) 03/05 16:42:40 Finished transferring output files
...
005 (14793323.006.000) 03/05 16:42:41 Job terminated.
	(1) Normal termination (return value 1)
		Usr 0 00:18:19, Sys 0 00:00:37  -  Run Remote Usage
		Usr 0 00:00:00, Sys 0 00:00:00  -  Run Local Usage
		Usr 0 00:18:19, Sys 0 00:00:37  -  Total Remote Usage
		Usr 0 00:00:00, Sys 0 00:00:00  -  Total Local Usage
	38777  -  Run Bytes Sent By Job
	17168  -  Run Bytes Received By Job
	38777  -  Total Bytes Sent By Job
	17168  -  Total Bytes Received By Job
	Partitionable Resources :    Usage  Request Allocated 
	   Cpus                 :     0.99        1         1 
	   Disk (KB)            :    78          20      3720 
	   GPUs                 :                           0 
	   Memory (MB)          :  4565        3000      3000 
	   TimeExecute (s)      :   920                       
	   TimeSlotBusy (s)     :   923                       

	Job terminated of its own accord at 2026-03-05T15:42:39Z with exit-code 1.
...
