000 (14793323.005.000) 03/05 15:53:24 Job submitted from host: <188.184.90.62:9618?addrs=188.184.90.62-9618+[2001-1458-201-e4--100-238]-9618&alias=bigbird16.cern.ch&noUDP&sock=schedd_5196_9a2f>
...
040 (14793323.005.000) 03/05 16:27:18 Started transferring input files
	Transferring to host: <188.185.214.46:9618?addrs=188.185.214.46-9618+[2001-1458-303-1c--100-2a]-9618&alias=b9p29p0001.cern.ch&noUDP&sock=slot1_4_2693_3647_91529>
...
040 (14793323.005.000) 03/05 16:27:18 Finished transferring input files
...
001 (14793323.005.000) 03/05 16:27:19 Job executing on host: <188.185.214.46:9618?addrs=188.185.214.46-9618+[2001-1458-303-1c--100-2a]-9618&alias=b9p29p0001.cern.ch&noUDP&sock=startd_2645_d416>
	SlotName: slot1_4@b9p29p0001.cern.ch
	CondorScratchDir = "/pool/condor/dir_1110594"
	Cpus = 1
	Disk = 3722
	GPUs = 0
	Memory = 3000
...
006 (14793323.005.000) 03/05 16:27:33 Image size of job updated: 411192
	402  -  MemoryUsage of job (MB)
	411192  -  ResidentSetSize of job (KB)
...
006 (14793323.005.000) 03/05 16:32:27 Image size of job updated: 4201084
	402  -  MemoryUsage of job (MB)
	411196  -  ResidentSetSize of job (KB)
...
040 (14793323.005.000) 03/05 16:32:27 Started transferring output files
...
040 (14793323.005.000) 03/05 16:32:27 Finished transferring output files
...
005 (14793323.005.000) 03/05 16:32:27 Job terminated.
	(1) Normal termination (return value 1)
		Usr 0 00:09:27, Sys 0 00:00:21  -  Run Remote Usage
		Usr 0 00:00:00, Sys 0 00:00:00  -  Run Local Usage
		Usr 0 00:09:27, Sys 0 00:00:21  -  Total Remote Usage
		Usr 0 00:00:00, Sys 0 00:00:00  -  Total Local Usage
	29748  -  Run Bytes Sent By Job
	17168  -  Run Bytes Received By Job
	29748  -  Total Bytes Sent By Job
	17168  -  Total Bytes Received By Job
	Partitionable Resources :    Usage  Request Allocated 
	   Cpus                 :     1.72        1         1 
	   Disk (KB)            :    69          20      3722 
	   GPUs                 :                           0 
	   Memory (MB)          :   402        3000      3000 
	   TimeExecute (s)      :   308                       
	   TimeSlotBusy (s)     :   310                       

	Job terminated of its own accord at 2026-03-05T15:32:27Z with exit-code 1.
...
