000 (14793323.001.000) 03/05 15:53:23 Job submitted from host: <188.184.90.62:9618?addrs=188.184.90.62-9618+[2001-1458-201-e4--100-238]-9618&alias=bigbird16.cern.ch&noUDP&sock=schedd_5196_9a2f>
...
040 (14793323.001.000) 03/05 16:27:17 Started transferring input files
	Transferring to host: <188.185.204.139:9618?addrs=188.185.204.139-9618+[2001-1458-303-8--100-7f]-9618&alias=b9p02p2256.cern.ch&noUDP&sock=slot1_23_2431651_db5b_147972>
...
040 (14793323.001.000) 03/05 16:27:17 Finished transferring input files
...
001 (14793323.001.000) 03/05 16:27:18 Job executing on host: <188.185.204.139:9618?addrs=188.185.204.139-9618+[2001-1458-303-8--100-7f]-9618&alias=b9p02p2256.cern.ch&noUDP&sock=startd_3618_39bd>
	SlotName: slot1_23@b9p02p2256.cern.ch
	CondorScratchDir = "/pool/condor/dir_2149242"
	Cpus = 1
	Disk = 3785
	GPUs = 0
	Memory = 3000
...
006 (14793323.001.000) 03/05 16:27:32 Image size of job updated: 504072
	493  -  MemoryUsage of job (MB)
	504072  -  ResidentSetSize of job (KB)
...
006 (14793323.001.000) 03/05 16:32:33 Image size of job updated: 3689692
	3604  -  MemoryUsage of job (MB)
	3689692  -  ResidentSetSize of job (KB)
...
006 (14793323.001.000) 03/05 16:35:02 Image size of job updated: 4397300
	3604  -  MemoryUsage of job (MB)
	3689692  -  ResidentSetSize of job (KB)
...
040 (14793323.001.000) 03/05 16:35:03 Started transferring output files
...
040 (14793323.001.000) 03/05 16:35:04 Finished transferring output files
...
005 (14793323.001.000) 03/05 16:35:11 Job terminated.
	(1) Normal termination (return value 1)
		Usr 0 00:09:08, Sys 0 00:00:16  -  Run Remote Usage
		Usr 0 00:00:00, Sys 0 00:00:00  -  Run Local Usage
		Usr 0 00:09:08, Sys 0 00:00:16  -  Total Remote Usage
		Usr 0 00:00:00, Sys 0 00:00:00  -  Total Local Usage
	31489  -  Run Bytes Sent By Job
	17168  -  Run Bytes Received By Job
	31489  -  Total Bytes Sent By Job
	17168  -  Total Bytes Received By Job
	Partitionable Resources :    Usage  Request Allocated 
	   Cpus                 :        0        1         1 
	   Disk (KB)            :       74       20      3785 
	   GPUs                 :                           0 
	   Memory (MB)          :     3604     3000      3000 
	   TimeExecute (s)      :      464                    
	   TimeSlotBusy (s)     :      469                    

	Job terminated of its own accord at 2026-03-05T15:35:02Z with exit-code 1.
...
