000 (14793323.004.000) 03/05 15:53:23 Job submitted from host: <188.184.90.62:9618?addrs=188.184.90.62-9618+[2001-1458-201-e4--100-238]-9618&alias=bigbird16.cern.ch&noUDP&sock=schedd_5196_9a2f>
...
040 (14793323.004.000) 03/05 16:27:18 Started transferring input files
	Transferring to host: <188.185.213.73:9618?addrs=188.185.213.73-9618+[2001-1458-303-1a--100-45]-9618&alias=b9p27p6281.cern.ch&noUDP&sock=slot1_14_7862_3d79_176894>
...
040 (14793323.004.000) 03/05 16:27:18 Finished transferring input files
...
001 (14793323.004.000) 03/05 16:27:19 Job executing on host: <188.185.213.73:9618?addrs=188.185.213.73-9618+[2001-1458-303-1a--100-45]-9618&alias=b9p27p6281.cern.ch&noUDP&sock=startd_7122_ad97>
	SlotName: slot1_14@b9p27p6281.cern.ch
	CondorScratchDir = "/pool/condor/dir_3759060"
	Cpus = 1
	Disk = 3830
	GPUs = 0
	Memory = 3000
...
006 (14793323.004.000) 03/05 16:27:33 Image size of job updated: 450452
	440  -  MemoryUsage of job (MB)
	450452  -  ResidentSetSize of job (KB)
...
006 (14793323.004.000) 03/05 16:32:34 Image size of job updated: 4342080
	4241  -  MemoryUsage of job (MB)
	4342080  -  ResidentSetSize of job (KB)
...
006 (14793323.004.000) 03/05 16:35:07 Image size of job updated: 4664032
	4241  -  MemoryUsage of job (MB)
	4342080  -  ResidentSetSize of job (KB)
...
040 (14793323.004.000) 03/05 16:35:09 Started transferring output files
...
040 (14793323.004.000) 03/05 16:35:13 Finished transferring output files
...
005 (14793323.004.000) 03/05 16:35:49 Job terminated.
	(1) Normal termination (return value 1)
		Usr 0 00:12:51, Sys 0 00:00:26  -  Run Remote Usage
		Usr 0 00:00:00, Sys 0 00:00:00  -  Run Local Usage
		Usr 0 00:12:51, Sys 0 00:00:26  -  Total Remote Usage
		Usr 0 00:00:00, Sys 0 00:00:00  -  Total Local Usage
	29033  -  Run Bytes Sent By Job
	17168  -  Run Bytes Received By Job
	29033  -  Total Bytes Sent By Job
	17168  -  Total Bytes Received By Job
	Partitionable Resources :    Usage  Request Allocated 
	   Cpus                 :     2.83        1         1 
	   Disk (KB)            :    71          20      3830 
	   GPUs                 :                           0 
	   Memory (MB)          :  4241        3000      3000 
	   TimeExecute (s)      :   468                       
	   TimeSlotBusy (s)     :   483                       

	Job terminated of its own accord at 2026-03-05T15:35:07Z with exit-code 1.
...
