000 (14526946.002.000) 02/14 21:30:17 Job submitted from host: <188.184.90.62:9618?addrs=188.184.90.62-9618+[2001-1458-201-e4--100-238]-9618&alias=bigbird16.cern.ch&noUDP&sock=schedd_5196_9a2f>
...
040 (14526946.002.000) 02/14 21:32:00 Started transferring input files
	Transferring to host: <128.142.161.118:9618?addrs=128.142.161.118-9618+[2001-1458-301-b8--100-34]-9618&alias=b9g03p9322.cern.ch&noUDP&sock=slot1_9_3304_b77f_263>
...
040 (14526946.002.000) 02/14 21:32:00 Finished transferring input files
...
001 (14526946.002.000) 02/14 21:32:01 Job executing on host: <128.142.161.118:9618?addrs=128.142.161.118-9618+[2001-1458-301-b8--100-34]-9618&alias=b9g03p9322.cern.ch&noUDP&sock=startd_2560_868a>
	SlotName: slot1_9@b9g03p9322.cern.ch
	CondorScratchDir = "/pool/condor/dir_1042718"
	Cpus = 1
	Disk = 3898
	GPUs = 0
	Memory = 3000
...
006 (14526946.002.000) 02/14 21:32:15 Image size of job updated: 208696
	204  -  MemoryUsage of job (MB)
	208696  -  ResidentSetSize of job (KB)
...
006 (14526946.002.000) 02/14 21:32:32 Image size of job updated: 656868
	204  -  MemoryUsage of job (MB)
	208732  -  ResidentSetSize of job (KB)
...
040 (14526946.002.000) 02/14 21:32:32 Started transferring output files
...
040 (14526946.002.000) 02/14 21:32:32 Finished transferring output files
...
005 (14526946.002.000) 02/14 21:32:32 Job terminated.
	(1) Normal termination (return value 1)
		Usr 0 00:00:37, Sys 0 00:00:02  -  Run Remote Usage
		Usr 0 00:00:00, Sys 0 00:00:00  -  Run Local Usage
		Usr 0 00:00:37, Sys 0 00:00:02  -  Total Remote Usage
		Usr 0 00:00:00, Sys 0 00:00:00  -  Total Local Usage
	14393  -  Run Bytes Sent By Job
	12218  -  Run Bytes Received By Job
	14393  -  Total Bytes Sent By Job
	12218  -  Total Bytes Received By Job
	Partitionable Resources :    Usage  Request Allocated 
	   Cpus                 :        0        1         1 
	   Disk (KB)            :       51       15      3898 
	   GPUs                 :                           0 
	   Memory (MB)          :      204     3000      3000 
	   TimeExecute (s)      :       31                    
	   TimeSlotBusy (s)     :       32                    

	Job terminated of its own accord at 2026-02-14T20:32:32Z with exit-code 1.
...
