000 (14526946.001.000) 02/14 21:30:17 Job submitted from host: <188.184.90.62:9618?addrs=188.184.90.62-9618+[2001-1458-201-e4--100-238]-9618&alias=bigbird16.cern.ch&noUDP&sock=schedd_5196_9a2f>
...
040 (14526946.001.000) 02/14 21:31:12 Started transferring input files
	Transferring to host: <188.185.210.195:9618?addrs=188.185.210.195-9618+[2001-1458-303-15--100-3f]-9618&alias=b9p22p8302.cern.ch&noUDP&sock=slot1_22_8480_ad52_204023>
...
040 (14526946.001.000) 02/14 21:31:12 Finished transferring input files
...
001 (14526946.001.000) 02/14 21:31:13 Job executing on host: <188.185.210.195:9618?addrs=188.185.210.195-9618+[2001-1458-303-15--100-3f]-9618&alias=b9p22p8302.cern.ch&noUDP&sock=startd_7190_5208>
	SlotName: slot1_22@b9p22p8302.cern.ch
	CondorScratchDir = "/pool/condor/dir_3572741"
	Cpus = 1
	Disk = 3765
	GPUs = 0
	Memory = 3000
...
006 (14526946.001.000) 02/14 21:31:27 Image size of job updated: 403320
	394  -  MemoryUsage of job (MB)
	403320  -  ResidentSetSize of job (KB)
...
006 (14526946.001.000) 02/14 21:35:28 Image size of job updated: 2024244
	394  -  MemoryUsage of job (MB)
	403352  -  ResidentSetSize of job (KB)
...
040 (14526946.001.000) 02/14 21:35:28 Started transferring output files
...
040 (14526946.001.000) 02/14 21:35:28 Finished transferring output files
...
004 (14526946.001.000) 02/14 21:35:28 Job was evicted.
	(0) CPU times
		Usr 0 00:11:37, Sys 0 00:00:25  -  Run Remote Usage
		Usr 0 00:00:00, Sys 0 00:00:00  -  Run Local Usage
	7280  -  Run Bytes Sent By Job
	12218  -  Run Bytes Received By Job
	Partitionable Resources :    Usage  Request Allocated 
	   Cpus                 :     2.56        1         1 
	   Disk (KB)            :    45          15      3765 
	   GPUs                 :                           0 
	   Memory (MB)          :   394        3000      3000 
	   TimeExecute (s)      :   255                       
	   TimeSlotBusy (s)     :   257                       
...
009 (14526946.001.000) 02/14 21:35:28 Job was aborted.
	via condor_rm (by user driosper)
...
