000 (14526946.004.000) 02/14 21:30:17 Job submitted from host: <188.184.90.62:9618?addrs=188.184.90.62-9618+[2001-1458-201-e4--100-238]-9618&alias=bigbird16.cern.ch&noUDP&sock=schedd_5196_9a2f>
...
040 (14526946.004.000) 02/14 21:31:13 Started transferring input files
	Transferring to host: <128.142.161.93:9618?addrs=128.142.161.93-9618+[2001-1458-301-b8--100-1b]-9618&alias=b9g03p6806.cern.ch&noUDP&sock=slot1_2_3100896_808a_66411>
...
040 (14526946.004.000) 02/14 21:31:13 Finished transferring input files
...
001 (14526946.004.000) 02/14 21:31:14 Job executing on host: <128.142.161.93:9618?addrs=128.142.161.93-9618+[2001-1458-301-b8--100-1b]-9618&alias=b9g03p6806.cern.ch&noUDP&sock=startd_6034_668d>
	SlotName: slot1_2@b9g03p6806.cern.ch
	CondorScratchDir = "/pool/condor/dir_1656462"
	Cpus = 1
	Disk = 3939
	GPUs = 0
	Memory = 3000
...
006 (14526946.004.000) 02/14 21:31:28 Image size of job updated: 261524
	256  -  MemoryUsage of job (MB)
	261524  -  ResidentSetSize of job (KB)
...
006 (14526946.004.000) 02/14 21:35:28 Image size of job updated: 1943848
	259  -  MemoryUsage of job (MB)
	264876  -  ResidentSetSize of job (KB)
...
040 (14526946.004.000) 02/14 21:35:28 Started transferring output files
...
040 (14526946.004.000) 02/14 21:35:28 Finished transferring output files
...
004 (14526946.004.000) 02/14 21:35:28 Job was evicted.
	(0) CPU times
		Usr 0 00:11:59, Sys 0 00:00:13  -  Run Remote Usage
		Usr 0 00:00:00, Sys 0 00:00:00  -  Run Local Usage
	7055  -  Run Bytes Sent By Job
	12218  -  Run Bytes Received By Job
	Partitionable Resources :    Usage  Request Allocated 
	   Cpus                 :        0        1         1 
	   Disk (KB)            :       45       15      3939 
	   GPUs                 :                           0 
	   Memory (MB)          :      259     3000      3000 
	   TimeExecute (s)      :      254                    
	   TimeSlotBusy (s)     :      256                    
...
009 (14526946.004.000) 02/14 21:35:28 Job was aborted.
	via condor_rm (by user driosper)
...
