000 (14526946.000.000) 02/14 21:30:17 Job submitted from host: <188.184.90.62:9618?addrs=188.184.90.62-9618+[2001-1458-201-e4--100-238]-9618&alias=bigbird16.cern.ch&noUDP&sock=schedd_5196_9a2f>
...
040 (14526946.000.000) 02/14 21:31:12 Started transferring input files
	Transferring to host: <188.185.210.24:9618?addrs=188.185.210.24-9618+[2001-1458-303-1--100-14]-9618&alias=b9p21p2243.cern.ch&noUDP&sock=slot1_7_4360_c3aa_193158>
...
040 (14526946.000.000) 02/14 21:31:12 Finished transferring input files
...
001 (14526946.000.000) 02/14 21:31:13 Job executing on host: <188.185.210.24:9618?addrs=188.185.210.24-9618+[2001-1458-303-1--100-14]-9618&alias=b9p21p2243.cern.ch&noUDP&sock=startd_3719_80cd>
	SlotName: slot1_7@b9p21p2243.cern.ch
	CondorScratchDir = "/pool/condor/dir_2920440"
	Cpus = 1
	Disk = 3772
	GPUs = 0
	Memory = 3000
...
006 (14526946.000.000) 02/14 21:31:27 Image size of job updated: 616164
	602  -  MemoryUsage of job (MB)
	616164  -  ResidentSetSize of job (KB)
...
006 (14526946.000.000) 02/14 21:35:28 Image size of job updated: 1985492
	602  -  MemoryUsage of job (MB)
	616164  -  ResidentSetSize of job (KB)
...
040 (14526946.000.000) 02/14 21:35:28 Started transferring output files
...
040 (14526946.000.000) 02/14 21:35:28 Finished transferring output files
...
004 (14526946.000.000) 02/14 21:35:28 Job was evicted.
	(0) CPU times
		Usr 0 00:11:54, Sys 0 00:00:20  -  Run Remote Usage
		Usr 0 00:00:00, Sys 0 00:00:00  -  Run Local Usage
	7544  -  Run Bytes Sent By Job
	12218  -  Run Bytes Received By Job
	Partitionable Resources :    Usage  Request Allocated 
	   Cpus                 :        0        1         1 
	   Disk (KB)            :       45       15      3772 
	   GPUs                 :                           0 
	   Memory (MB)          :      602     3000      3000 
	   TimeExecute (s)      :      255                    
	   TimeSlotBusy (s)     :      257                    
...
009 (14526946.000.000) 02/14 21:35:28 Job was aborted.
	via condor_rm (by user driosper)
...
