000 (14793310.000.000) 03/05 15:52:53 Job submitted from host: <188.184.90.62:9618?addrs=188.184.90.62-9618+[2001-1458-201-e4--100-238]-9618&alias=bigbird16.cern.ch&noUDP&sock=schedd_5196_9a2f>
...
040 (14793310.000.000) 03/05 16:27:00 Started transferring input files
	Transferring to host: <188.185.207.15:9618?addrs=188.185.207.15-9618+[2001-1458-303-d--100-c]-9618&alias=b9p07p1846.cern.ch&noUDP&sock=slot1_36_5276_2b50_159705>
...
040 (14793310.000.000) 03/05 16:27:00 Finished transferring input files
...
001 (14793310.000.000) 03/05 16:27:03 Job executing on host: <188.185.207.15:9618?addrs=188.185.207.15-9618+[2001-1458-303-d--100-c]-9618&alias=b9p07p1846.cern.ch&noUDP&sock=startd_4416_9650>
	SlotName: slot1_36@b9p07p1846.cern.ch
	CondorScratchDir = "/pool/condor/dir_3158053"
	Cpus = 1
	Disk = 3769
	GPUs = 0
	Memory = 3000
...
006 (14793310.000.000) 03/05 16:27:16 Image size of job updated: 410668
	402  -  MemoryUsage of job (MB)
	410668  -  ResidentSetSize of job (KB)
...
006 (14793310.000.000) 03/05 16:30:38 Image size of job updated: 1556048
	402  -  MemoryUsage of job (MB)
	410776  -  ResidentSetSize of job (KB)
...
040 (14793310.000.000) 03/05 16:30:38 Started transferring output files
...
040 (14793310.000.000) 03/05 16:30:39 Finished transferring output files
...
005 (14793310.000.000) 03/05 16:30:41 Job terminated.
	(1) Normal termination (return value 0)
		Usr 0 00:06:13, Sys 0 00:00:11  -  Run Remote Usage
		Usr 0 00:00:00, Sys 0 00:00:00  -  Run Local Usage
		Usr 0 00:06:13, Sys 0 00:00:11  -  Total Remote Usage
		Usr 0 00:00:00, Sys 0 00:00:00  -  Total Local Usage
	7537  -  Run Bytes Sent By Job
	3902  -  Run Bytes Received By Job
	7537  -  Total Bytes Sent By Job
	3902  -  Total Bytes Received By Job
	Partitionable Resources :    Usage  Request Allocated 
	   Cpus                 :        0        1         1 
	   Disk (KB)            :       41        7      3769 
	   GPUs                 :                           0 
	   Memory (MB)          :      402     3000      3000 
	   TimeExecute (s)      :      217                    
	   TimeSlotBusy (s)     :      220                    

	Job terminated of its own accord at 2026-03-05T15:30:37Z with exit-code 0.
...
