subject   : /DC=ch/DC=cern/OU=Organic Units/OU=Users/CN=driosper/CN=886669/CN=Diego Alejandro Rios Perez/CN=1573519443
issuer    : /DC=ch/DC=cern/OU=Organic Units/OU=Users/CN=driosper/CN=886669/CN=Diego Alejandro Rios Perez
identity  : /DC=ch/DC=cern/OU=Organic Units/OU=Users/CN=driosper/CN=886669/CN=Diego Alejandro Rios Perez
type      : RFC compliant proxy
strength  : 2048 bits
path      : /afs/cern.ch/user/d/driosper/private/x509up_u182284
timeleft  : 11:49:36
key usage : Digital Signature, Key Encipherment
=== VO cms extension information ===
VO        : cms
subject   : /DC=ch/DC=cern/OU=Organic Units/OU=Users/CN=driosper/CN=886669/CN=Diego Alejandro Rios Perez
issuer    : /DC=ch/DC=cern/OU=computers/CN=cms-auth.cern.ch
attribute : /cms/Role=NULL/Capability=NULL
timeleft  : 11:49:36
uri       : voms-cms-auth.cern.ch:15000
--workflow ztoee --year 2022preEE --output_path /eos/user/d/driosper/bsm3g_coffea/outputs/ztoee/2022preEE/TTtoLNu2Q --output_format coffea --dataset TTtoLNu2Q_3 --partition_json /srv/partition_fileset.json
  Preprocessing 100% ━━━━━━━━━━━━━━━━ 10/10 [ 0:00:14 < 0:00:00 | 0.8   file/s ]
Merging (local) 100% ━━━━━━━━━━━━━━━━ 10/10 [ 0:00:14 < 0:00:00 | ?   merges/s ]
     Processing   3% ╸                   1/38 [ 0:00:27 < -:--:-- | ?  chunk/s ]
Merging (local)   0% ━━━━━━━━━━━━━━━━━━━  0/0 [ 0:00:02 < 0:00:00 | ? merges/s ]
There are 47323 events with muon pt outside of [26,200] GeV. Setting those entries to their initial value.
There are 47324 events with muon pt outside of [26,200] GeV. Setting those entries to their initial value.
There are 194 nan entries in the corrected pt. This might be due to the number of tracker layers hitting boundaries. Setting those entries to their initial value.
There are 52286 events with muon pt outside of [26,200] GeV. Setting those entries to their initial value.
There are 41449 events with muon pt outside of [26,200] GeV. Setting those entries to their initial value.
There are 41451 events with muon pt outside of [26,200] GeV. Setting those entries to their initial value.
There are 174 nan entries in the corrected pt. This might be due to the number of tracker layers hitting boundaries. Setting those entries to their initial value.
There are 45851 events with muon pt outside of [26,200] GeV. Setting those entries to their initial value.
There are 38738 events with muon pt outside of [26,200] GeV. Setting those entries to their initial value.
There are 38740 events with muon pt outside of [26,200] GeV. Setting those entries to their initial value.
There are 141 nan entries in the corrected pt. This might be due to the number of tracker layers hitting boundaries. Setting those entries to their initial value.
There are 42786 events with muon pt outside of [26,200] GeV. Setting those entries to their initial value.
There are 46898 events with muon pt outside of [26,200] GeV. Setting those entries to their initial value.
There are 46901 events with muon pt outside of [26,200] GeV. Setting those entries to their initial value.
There are 198 nan entries in the corrected pt. This might be due to the number of tracker layers hitting boundaries. Setting those entries to their initial value.
There are 51733 events with muon pt outside of [26,200] GeV. Setting those entries to their initial value.
There are 47193 events with muon pt outside of [26,200] GeV. Setting those entries to their initial value.
There are 47194 events with muon pt outside of [26,200] GeV. Setting those entries to their initial value.
There are 179 nan entries in the corrected pt. This might be due to the number of tracker layers hitting boundaries. Setting those entries to their initial value.
There are 51812 events with muon pt outside of [26,200] GeV. Setting those entries to their initial value.
There are 45860 events with muon pt outside of [26,200] GeV. Setting those entries to their initial value.
There are 45863 events with muon pt outside of [26,200] GeV. Setting those entries to their initial value.
There are 171 nan entries in the corrected pt. This might be due to the number of tracker layers hitting boundaries. Setting those entries to their initial value.
There are 50617 events with muon pt outside of [26,200] GeV. Setting those entries to their initial value.
There are 42217 events with muon pt outside of [26,200] GeV. Setting those entries to their initial value.
There are 42221 events with muon pt outside of [26,200] GeV. Setting those entries to their initial value.
There are 191 nan entries in the corrected pt. This might be due to the number of tracker layers hitting boundaries. Setting those entries to their initial value.
There are 46752 events with muon pt outside of [26,200] GeV. Setting those entries to their initial value.
There are 42300 events with muon pt outside of [26,200] GeV. Setting those entries to their initial value.
There are 42301 events with muon pt outside of [26,200] GeV. Setting those entries to their initial value.
There are 169 nan entries in the corrected pt. This might be due to the number of tracker layers hitting boundaries. Setting those entries to their initial value.
There are 46847 events with muon pt outside of [26,200] GeV. Setting those entries to their initial value.
There are 41609 events with muon pt outside of [26,200] GeV. Setting those entries to their initial value.
There are 41613 events with muon pt outside of [26,200] GeV. Setting those entries to their initial value.
There are 163 nan entries in the corrected pt. This might be due to the number of tracker layers hitting boundaries. Setting those entries to their initial value.
There are 46037 events with muon pt outside of [26,200] GeV. Setting those entries to their initial value.
There are 47350 events with muon pt outside of [26,200] GeV. Setting those entries to their initial value.
There are 47355 events with muon pt outside of [26,200] GeV. Setting those entries to their initial value.
There are 169 nan entries in the corrected pt. This might be due to the number of tracker layers hitting boundaries. Setting those entries to their initial value.
There are 51973 events with muon pt outside of [26,200] GeV. Setting those entries to their initial value.
There are 41254 events with muon pt outside of [26,200] GeV. Setting those entries to their initial value.
There are 41255 events with muon pt outside of [26,200] GeV. Setting those entries to their initial value.
There are 169 nan entries in the corrected pt. This might be due to the number of tracker layers hitting boundaries. Setting those entries to their initial value.
There are 45637 events with muon pt outside of [26,200] GeV. Setting those entries to their initial value.
There are 36823 events with muon pt outside of [26,200] GeV. Setting those entries to their initial value.
There are 36824 events with muon pt outside of [26,200] GeV. Setting those entries to their initial value.
There are 142 nan entries in the corrected pt. This might be due to the number of tracker layers hitting boundaries. Setting those entries to their initial value.
There are 40480 events with muon pt outside of [26,200] GeV. Setting those entries to their initial value.
There are 38352 events with muon pt outside of [26,200] GeV. Setting those entries to their initial value.
There are 38353 events with muon pt outside of [26,200] GeV. Setting those entries to their initial value.
There are 155 nan entries in the corrected pt. This might be due to the number of tracker layers hitting boundaries. Setting those entries to their initial value.
There are 42588 events with muon pt outside of [26,200] GeV. Setting those entries to their initial value.
There are 46798 events with muon pt outside of [26,200] GeV. Setting those entries to their initial value.
There are 46799 events with muon pt outside of [26,200] GeV. Setting those entries to their initial value.
There are 164 nan entries in the corrected pt. This might be due to the number of tracker layers hitting boundaries. Setting those entries to their initial value.
There are 51671 events with muon pt outside of [26,200] GeV. Setting those entries to their initial value.
There are 46090 events with muon pt outside of [26,200] GeV. Setting those entries to their initial value.
There are 46095 events with muon pt outside of [26,200] GeV. Setting those entries to their initial value.
There are 187 nan entries in the corrected pt. This might be due to the number of tracker layers hitting boundaries. Setting those entries to their initial value.
There are 50530 events with muon pt outside of [26,200] GeV. Setting those entries to their initial value.
There are 42290 events with muon pt outside of [26,200] GeV. Setting those entries to their initial value.
There are 42291 events with muon pt outside of [26,200] GeV. Setting those entries to their initial value.
There are 176 nan entries in the corrected pt. This might be due to the number of tracker layers hitting boundaries. Setting those entries to their initial value.
There are 46832 events with muon pt outside of [26,200] GeV. Setting those entries to their initial value.
There are 42844 events with muon pt outside of [26,200] GeV. Setting those entries to their initial value.
There are 42846 events with muon pt outside of [26,200] GeV. Setting those entries to their initial value.
There are 156 nan entries in the corrected pt. This might be due to the number of tracker layers hitting boundaries. Setting those entries to their initial value.
There are 46732 events with muon pt outside of [26,200] GeV. Setting those entries to their initial value.
There are 41627 events with muon pt outside of [26,200] GeV. Setting those entries to their initial value.
There are 41630 events with muon pt outside of [26,200] GeV. Setting those entries to their initial value.
There are 185 nan entries in the corrected pt. This might be due to the number of tracker layers hitting boundaries. Setting those entries to their initial value.
There are 45625 events with muon pt outside of [26,200] GeV. Setting those entries to their initial value.
There are 36351 events with muon pt outside of [26,200] GeV. Setting those entries to their initial value.
There are 36353 events with muon pt outside of [26,200] GeV. Setting those entries to their initial value.
There are 145 nan entries in the corrected pt. This might be due to the number of tracker layers hitting boundaries. Setting those entries to their initial value.
There are 39996 events with muon pt outside of [26,200] GeV. Setting those entries to their initial value.
There are 47351 events with muon pt outside of [26,200] GeV. Setting those entries to their initial value.
There are 47352 events with muon pt outside of [26,200] GeV. Setting those entries to their initial value.
There are 202 nan entries in the corrected pt. This might be due to the number of tracker layers hitting boundaries. Setting those entries to their initial value.
There are 52042 events with muon pt outside of [26,200] GeV. Setting those entries to their initial value.
There are 41444 events with muon pt outside of [26,200] GeV. Setting those entries to their initial value.
There are 41446 events with muon pt outside of [26,200] GeV. Setting those entries to their initial value.
There are 171 nan entries in the corrected pt. This might be due to the number of tracker layers hitting boundaries. Setting those entries to their initial value.
There are 45756 events with muon pt outside of [26,200] GeV. Setting those entries to their initial value.
There are 37110 events with muon pt outside of [26,200] GeV. Setting those entries to their initial value.
There are 37110 events with muon pt outside of [26,200] GeV. Setting those entries to their initial value.
There are 144 nan entries in the corrected pt. This might be due to the number of tracker layers hitting boundaries. Setting those entries to their initial value.
There are 40585 events with muon pt outside of [26,200] GeV. Setting those entries to their initial value.
There are 38776 events with muon pt outside of [26,200] GeV. Setting those entries to their initial value.
There are 38776 events with muon pt outside of [26,200] GeV. Setting those entries to their initial value.
There are 148 nan entries in the corrected pt. This might be due to the number of tracker layers hitting boundaries. Setting those entries to their initial value.
There are 42615 events with muon pt outside of [26,200] GeV. Setting those entries to their initial value.
There are 46971 events with muon pt outside of [26,200] GeV. Setting those entries to their initial value.
There are 46972 events with muon pt outside of [26,200] GeV. Setting those entries to their initial value.
There are 188 nan entries in the corrected pt. This might be due to the number of tracker layers hitting boundaries. Setting those entries to their initial value.
There are 51486 events with muon pt outside of [26,200] GeV. Setting those entries to their initial value.
There are 46146 events with muon pt outside of [26,200] GeV. Setting those entries to their initial value.
There are 46147 events with muon pt outside of [26,200] GeV. Setting those entries to their initial value.
There are 188 nan entries in the corrected pt. This might be due to the number of tracker layers hitting boundaries. Setting those entries to their initial value.
There are 50876 events with muon pt outside of [26,200] GeV. Setting those entries to their initial value.
There are 45857 events with muon pt outside of [26,200] GeV. Setting those entries to their initial value.
There are 45859 events with muon pt outside of [26,200] GeV. Setting those entries to their initial value.
There are 201 nan entries in the corrected pt. This might be due to the number of tracker layers hitting boundaries. Setting those entries to their initial value.
There are 50829 events with muon pt outside of [26,200] GeV. Setting those entries to their initial value.
There are 42319 events with muon pt outside of [26,200] GeV. Setting those entries to their initial value.
There are 42320 events with muon pt outside of [26,200] GeV. Setting those entries to their initial value.
There are 158 nan entries in the corrected pt. This might be due to the number of tracker layers hitting boundaries. Setting those entries to their initial value.
There are 46410 events with muon pt outside of [26,200] GeV. Setting those entries to their initial value.
There are 42315 events with muon pt outside of [26,200] GeV. Setting those entries to their initial value.
There are 42315 events with muon pt outside of [26,200] GeV. Setting those entries to their initial value.
There are 174 nan entries in the corrected pt. This might be due to the number of tracker layers hitting boundaries. Setting those entries to their initial value.
There are 46726 events with muon pt outside of [26,200] GeV. Setting those entries to their initial value.
There are 41844 events with muon pt outside of [26,200] GeV. Setting those entries to their initial value.
There are 41846 events with muon pt outside of [26,200] GeV. Setting those entries to their initial value.
There are 178 nan entries in the corrected pt. This might be due to the number of tracker layers hitting boundaries. Setting those entries to their initial value.
There are 45860 events with muon pt outside of [26,200] GeV. Setting those entries to their initial value.
There are 47152 events with muon pt outside of [26,200] GeV. Setting those entries to their initial value.
There are 47153 events with muon pt outside of [26,200] GeV. Setting those entries to their initial value.
There are 217 nan entries in the corrected pt. This might be due to the number of tracker layers hitting boundaries. Setting those entries to their initial value.
There are 52233 events with muon pt outside of [26,200] GeV. Setting those entries to their initial value.
There are 47150 events with muon pt outside of [26,200] GeV. Setting those entries to their initial value.
There are 47151 events with muon pt outside of [26,200] GeV. Setting those entries to their initial value.
There are 162 nan entries in the corrected pt. This might be due to the number of tracker layers hitting boundaries. Setting those entries to their initial value.
There are 52066 events with muon pt outside of [26,200] GeV. Setting those entries to their initial value.
There are 41513 events with muon pt outside of [26,200] GeV. Setting those entries to their initial value.
There are 41515 events with muon pt outside of [26,200] GeV. Setting those entries to their initial value.
There are 175 nan entries in the corrected pt. This might be due to the number of tracker layers hitting boundaries. Setting those entries to their initial value.
There are 45987 events with muon pt outside of [26,200] GeV. Setting those entries to their initial value.
There are 46909 events with muon pt outside of [26,200] GeV. Setting those entries to their initial value.
There are 46910 events with muon pt outside of [26,200] GeV. Setting those entries to their initial value.
There are 170 nan entries in the corrected pt. This might be due to the number of tracker layers hitting boundaries. Setting those entries to their initial value.
There are 51464 events with muon pt outside of [26,200] GeV. Setting those entries to their initial value.
There are 14446 events with muon pt outside of [26,200] GeV. Setting those entries to their initial value.
There are 14446 events with muon pt outside of [26,200] GeV. Setting those entries to their initial value.
There are 63 nan entries in the corrected pt. This might be due to the number of tracker layers hitting boundaries. Setting those entries to their initial value.
There are 15969 events with muon pt outside of [26,200] GeV. Setting those entries to their initial value.
There are 46241 events with muon pt outside of [26,200] GeV. Setting those entries to their initial value.
There are 46241 events with muon pt outside of [26,200] GeV. Setting those entries to their initial value.
There are 180 nan entries in the corrected pt. This might be due to the number of tracker layers hitting boundaries. Setting those entries to their initial value.
There are 50849 events with muon pt outside of [26,200] GeV. Setting those entries to their initial value.
There are 42128 events with muon pt outside of [26,200] GeV. Setting those entries to their initial value.
There are 42128 events with muon pt outside of [26,200] GeV. Setting those entries to their initial value.
There are 187 nan entries in the corrected pt. This might be due to the number of tracker layers hitting boundaries. Setting those entries to their initial value.
There are 47092 events with muon pt outside of [26,200] GeV. Setting those entries to their initial value.
There are 42624 events with muon pt outside of [26,200] GeV. Setting those entries to their initial value.
There are 42632 events with muon pt outside of [26,200] GeV. Setting those entries to their initial value.
There are 175 nan entries in the corrected pt. This might be due to the number of tracker layers hitting boundaries. Setting those entries to their initial value.
There are 46531 events with muon pt outside of [26,200] GeV. Setting those entries to their initial value.
There are 41819 events with muon pt outside of [26,200] GeV. Setting those entries to their initial value.
There are 41819 events with muon pt outside of [26,200] GeV. Setting those entries to their initial value.
There are 153 nan entries in the corrected pt. This might be due to the number of tracker layers hitting boundaries. Setting those entries to their initial value.
There are 45694 events with muon pt outside of [26,200] GeV. Setting those entries to their initial value.
