000 (14722387.004.000) 02/25 15:24:09 Job submitted from host: <188.184.90.62:9618?addrs=188.184.90.62-9618+[2001-1458-201-e4--100-238]-9618&alias=bigbird16.cern.ch&noUDP&sock=schedd_5196_9a2f>
...
040 (14722387.004.000) 02/25 15:27:09 Started transferring input files
	Transferring to host: <188.185.205.153:9618?addrs=188.185.205.153-9618+[2001-1458-303-a--100-16]-9618&alias=b9p04p2708.cern.ch&noUDP&sock=slot1_23_4021_e87d_145552>
...
040 (14722387.004.000) 02/25 15:27:09 Finished transferring input files
...
001 (14722387.004.000) 02/25 15:27:10 Job executing on host: <188.185.205.153:9618?addrs=188.185.205.153-9618+[2001-1458-303-a--100-16]-9618&alias=b9p04p2708.cern.ch&noUDP&sock=startd_3585_971d>
	SlotName: slot1_23@b9p04p2708.cern.ch
	CondorScratchDir = "/pool/condor/dir_247405"
	Cpus = 1
	Disk = 3696
	GPUs = 0
	Memory = 3000
...
006 (14722387.004.000) 02/25 15:27:24 Image size of job updated: 511000
	500  -  MemoryUsage of job (MB)
	511000  -  ResidentSetSize of job (KB)
...
006 (14722387.004.000) 02/25 15:28:16 Image size of job updated: 610488
	500  -  MemoryUsage of job (MB)
	511084  -  ResidentSetSize of job (KB)
...
040 (14722387.004.000) 02/25 15:28:16 Started transferring output files
...
040 (14722387.004.000) 02/25 15:28:16 Finished transferring output files
...
005 (14722387.004.000) 02/25 15:28:16 Job terminated.
	(1) Normal termination (return value 1)
		Usr 0 00:00:22, Sys 0 00:00:03  -  Run Remote Usage
		Usr 0 00:00:00, Sys 0 00:00:00  -  Run Local Usage
		Usr 0 00:00:22, Sys 0 00:00:03  -  Total Remote Usage
		Usr 0 00:00:00, Sys 0 00:00:00  -  Total Local Usage
	10328  -  Run Bytes Sent By Job
	30224  -  Run Bytes Received By Job
	10328  -  Total Bytes Sent By Job
	30224  -  Total Bytes Received By Job
	Partitionable Resources :    Usage  Request Allocated 
	   Cpus                 :        0        1         1 
	   Disk (KB)            :       70       32      3696 
	   GPUs                 :                           0 
	   Memory (MB)          :      500     3000      3000 
	   TimeExecute (s)      :       66                    
	   TimeSlotBusy (s)     :       68                    

	Job terminated of its own accord at 2026-02-25T14:28:16Z with exit-code 1.
...
