000 (14722387.002.000) 02/25 15:24:09 Job submitted from host: <188.184.90.62:9618?addrs=188.184.90.62-9618+[2001-1458-201-e4--100-238]-9618&alias=bigbird16.cern.ch&noUDP&sock=schedd_5196_9a2f>
...
040 (14722387.002.000) 02/25 15:27:08 Started transferring input files
	Transferring to host: <188.185.208.98:9618?addrs=188.185.208.98-9618+[2001-1458-303-f--100-5f]-9618&alias=b9p09p2889.cern.ch&noUDP&sock=slot1_42_5469_27b7_145289>
...
040 (14722387.002.000) 02/25 15:27:08 Finished transferring input files
...
001 (14722387.002.000) 02/25 15:27:09 Job executing on host: <188.185.208.98:9618?addrs=188.185.208.98-9618+[2001-1458-303-f--100-5f]-9618&alias=b9p09p2889.cern.ch&noUDP&sock=startd_4594_ae2c>
	SlotName: slot1_42@b9p09p2889.cern.ch
	CondorScratchDir = "/pool/condor/dir_2402562"
	Cpus = 1
	Disk = 3667
	GPUs = 0
	Memory = 3000
...
006 (14722387.002.000) 02/25 15:27:23 Image size of job updated: 597920
	584  -  MemoryUsage of job (MB)
	597920  -  ResidentSetSize of job (KB)
...
006 (14722387.002.000) 02/25 15:32:24 Image size of job updated: 4394984
	4292  -  MemoryUsage of job (MB)
	4394984  -  ResidentSetSize of job (KB)
...
006 (14722387.002.000) 02/25 15:35:58 Image size of job updated: 4546484
	4292  -  MemoryUsage of job (MB)
	4394984  -  ResidentSetSize of job (KB)
...
040 (14722387.002.000) 02/25 15:35:58 Started transferring output files
...
040 (14722387.002.000) 02/25 15:35:58 Finished transferring output files
...
005 (14722387.002.000) 02/25 15:35:58 Job terminated.
	(1) Normal termination (return value 1)
		Usr 0 00:10:30, Sys 0 00:00:24  -  Run Remote Usage
		Usr 0 00:00:00, Sys 0 00:00:00  -  Run Local Usage
		Usr 0 00:10:30, Sys 0 00:00:24  -  Total Remote Usage
		Usr 0 00:00:00, Sys 0 00:00:00  -  Total Local Usage
	30592  -  Run Bytes Sent By Job
	30224  -  Run Bytes Received By Job
	30592  -  Total Bytes Sent By Job
	30224  -  Total Bytes Received By Job
	Partitionable Resources :    Usage  Request Allocated 
	   Cpus                 :     2.27        1         1 
	   Disk (KB)            :    89          32      3667 
	   GPUs                 :                           0 
	   Memory (MB)          :  4292        3000      3000 
	   TimeExecute (s)      :   529                       
	   TimeSlotBusy (s)     :   531                       

	Job terminated of its own accord at 2026-02-25T14:35:58Z with exit-code 1.
...
