subject   : /DC=ch/DC=cern/OU=Organic Units/OU=Users/CN=driosper/CN=886669/CN=Diego Alejandro Rios Perez/CN=3192939875
issuer    : /DC=ch/DC=cern/OU=Organic Units/OU=Users/CN=driosper/CN=886669/CN=Diego Alejandro Rios Perez
identity  : /DC=ch/DC=cern/OU=Organic Units/OU=Users/CN=driosper/CN=886669/CN=Diego Alejandro Rios Perez
type      : RFC compliant proxy
strength  : 2048 bits
path      : /afs/cern.ch/user/d/driosper/private/x509up_u182284
timeleft  : 11:12:27
key usage : Digital Signature, Key Encipherment
=== VO cms extension information ===
VO        : cms
subject   : /DC=ch/DC=cern/OU=Organic Units/OU=Users/CN=driosper/CN=886669/CN=Diego Alejandro Rios Perez
issuer    : /DC=ch/DC=cern/OU=computers/CN=cms-auth.cern.ch
attribute : /cms/Role=NULL/Capability=NULL
timeleft  : 11:12:27
uri       : voms-cms-auth.cern.ch:15000
--workflow ztoee --year 2022preEE --output_path /eos/user/d/driosper/bsm3g_coffea/outputs/ztoee/2022preEE/TTtoLNu2Q --output_format coffea --dataset TTtoLNu2Q_5 --partition_json /srv/partition_fileset.json
  Preprocessing 100% ━━━━━━━━━━━━━━━━ 10/10 [ 0:00:11 < 0:00:00 | 0.9   file/s ]
Merging (local) 100% ━━━━━━━━━━━━━━━━ 10/10 [ 0:00:11 < 0:00:00 | ?   merges/s ]
     Processing   2%                     1/43 [ 0:00:29 < -:--:-- | ?  chunk/s ]
Merging (local)   0% ━━━━━━━━━━━━━━━━━━━  0/0 [ 0:00:02 < 0:00:00 | ? merges/s ]
There are 44690 events with muon pt outside of [26,200] GeV. Setting those entries to their initial value.
There are 44690 events with muon pt outside of [26,200] GeV. Setting those entries to their initial value.
There are 187 nan entries in the corrected pt. This might be due to the number of tracker layers hitting boundaries. Setting those entries to their initial value.
There are 49234 events with muon pt outside of [26,200] GeV. Setting those entries to their initial value.
There are 44443 events with muon pt outside of [26,200] GeV. Setting those entries to their initial value.
There are 44445 events with muon pt outside of [26,200] GeV. Setting those entries to their initial value.
There are 161 nan entries in the corrected pt. This might be due to the number of tracker layers hitting boundaries. Setting those entries to their initial value.
There are 48961 events with muon pt outside of [26,200] GeV. Setting those entries to their initial value.
There are 41394 events with muon pt outside of [26,200] GeV. Setting those entries to their initial value.
There are 41396 events with muon pt outside of [26,200] GeV. Setting those entries to their initial value.
There are 165 nan entries in the corrected pt. This might be due to the number of tracker layers hitting boundaries. Setting those entries to their initial value.
There are 45721 events with muon pt outside of [26,200] GeV. Setting those entries to their initial value.
There are 41048 events with muon pt outside of [26,200] GeV. Setting those entries to their initial value.
There are 41051 events with muon pt outside of [26,200] GeV. Setting those entries to their initial value.
There are 153 nan entries in the corrected pt. This might be due to the number of tracker layers hitting boundaries. Setting those entries to their initial value.
There are 45637 events with muon pt outside of [26,200] GeV. Setting those entries to their initial value.
There are 44821 events with muon pt outside of [26,200] GeV. Setting those entries to their initial value.
There are 44823 events with muon pt outside of [26,200] GeV. Setting those entries to their initial value.
There are 173 nan entries in the corrected pt. This might be due to the number of tracker layers hitting boundaries. Setting those entries to their initial value.
There are 49752 events with muon pt outside of [26,200] GeV. Setting those entries to their initial value.
There are 44995 events with muon pt outside of [26,200] GeV. Setting those entries to their initial value.
There are 45001 events with muon pt outside of [26,200] GeV. Setting those entries to their initial value.
There are 185 nan entries in the corrected pt. This might be due to the number of tracker layers hitting boundaries. Setting those entries to their initial value.
There are 49685 events with muon pt outside of [26,200] GeV. Setting those entries to their initial value.
There are 46742 events with muon pt outside of [26,200] GeV. Setting those entries to their initial value.
There are 46743 events with muon pt outside of [26,200] GeV. Setting those entries to their initial value.
There are 189 nan entries in the corrected pt. This might be due to the number of tracker layers hitting boundaries. Setting those entries to their initial value.
There are 51221 events with muon pt outside of [26,200] GeV. Setting those entries to their initial value.
There are 46505 events with muon pt outside of [26,200] GeV. Setting those entries to their initial value.
There are 46506 events with muon pt outside of [26,200] GeV. Setting those entries to their initial value.
There are 188 nan entries in the corrected pt. This might be due to the number of tracker layers hitting boundaries. Setting those entries to their initial value.
There are 51462 events with muon pt outside of [26,200] GeV. Setting those entries to their initial value.
There are 39177 events with muon pt outside of [26,200] GeV. Setting those entries to their initial value.
There are 39179 events with muon pt outside of [26,200] GeV. Setting those entries to their initial value.
There are 130 nan entries in the corrected pt. This might be due to the number of tracker layers hitting boundaries. Setting those entries to their initial value.
There are 43067 events with muon pt outside of [26,200] GeV. Setting those entries to their initial value.
There are 46297 events with muon pt outside of [26,200] GeV. Setting those entries to their initial value.
There are 46299 events with muon pt outside of [26,200] GeV. Setting those entries to their initial value.
There are 160 nan entries in the corrected pt. This might be due to the number of tracker layers hitting boundaries. Setting those entries to their initial value.
There are 51026 events with muon pt outside of [26,200] GeV. Setting those entries to their initial value.
There are 44888 events with muon pt outside of [26,200] GeV. Setting those entries to their initial value.
There are 44890 events with muon pt outside of [26,200] GeV. Setting those entries to their initial value.
There are 172 nan entries in the corrected pt. This might be due to the number of tracker layers hitting boundaries. Setting those entries to their initial value.
There are 49434 events with muon pt outside of [26,200] GeV. Setting those entries to their initial value.
There are 44782 events with muon pt outside of [26,200] GeV. Setting those entries to their initial value.
There are 44786 events with muon pt outside of [26,200] GeV. Setting those entries to their initial value.
There are 184 nan entries in the corrected pt. This might be due to the number of tracker layers hitting boundaries. Setting those entries to their initial value.
There are 49027 events with muon pt outside of [26,200] GeV. Setting those entries to their initial value.
There are 41491 events with muon pt outside of [26,200] GeV. Setting those entries to their initial value.
There are 41492 events with muon pt outside of [26,200] GeV. Setting those entries to their initial value.
There are 146 nan entries in the corrected pt. This might be due to the number of tracker layers hitting boundaries. Setting those entries to their initial value.
There are 45622 events with muon pt outside of [26,200] GeV. Setting those entries to their initial value.
There are 41393 events with muon pt outside of [26,200] GeV. Setting those entries to their initial value.
There are 41396 events with muon pt outside of [26,200] GeV. Setting those entries to their initial value.
There are 151 nan entries in the corrected pt. This might be due to the number of tracker layers hitting boundaries. Setting those entries to their initial value.
There are 45723 events with muon pt outside of [26,200] GeV. Setting those entries to their initial value.
There are 44916 events with muon pt outside of [26,200] GeV. Setting those entries to their initial value.
There are 44917 events with muon pt outside of [26,200] GeV. Setting those entries to their initial value.
There are 165 nan entries in the corrected pt. This might be due to the number of tracker layers hitting boundaries. Setting those entries to their initial value.
There are 49737 events with muon pt outside of [26,200] GeV. Setting those entries to their initial value.
There are 45314 events with muon pt outside of [26,200] GeV. Setting those entries to their initial value.
There are 45315 events with muon pt outside of [26,200] GeV. Setting those entries to their initial value.
There are 182 nan entries in the corrected pt. This might be due to the number of tracker layers hitting boundaries. Setting those entries to their initial value.
There are 49757 events with muon pt outside of [26,200] GeV. Setting those entries to their initial value.
There are 46644 events with muon pt outside of [26,200] GeV. Setting those entries to their initial value.
There are 46644 events with muon pt outside of [26,200] GeV. Setting those entries to their initial value.
There are 172 nan entries in the corrected pt. This might be due to the number of tracker layers hitting boundaries. Setting those entries to their initial value.
There are 51021 events with muon pt outside of [26,200] GeV. Setting those entries to their initial value.
There are 39304 events with muon pt outside of [26,200] GeV. Setting those entries to their initial value.
There are 39307 events with muon pt outside of [26,200] GeV. Setting those entries to their initial value.
There are 156 nan entries in the corrected pt. This might be due to the number of tracker layers hitting boundaries. Setting those entries to their initial value.
There are 43131 events with muon pt outside of [26,200] GeV. Setting those entries to their initial value.
There are 34994 events with muon pt outside of [26,200] GeV. Setting those entries to their initial value.
There are 34995 events with muon pt outside of [26,200] GeV. Setting those entries to their initial value.
There are 150 nan entries in the corrected pt. This might be due to the number of tracker layers hitting boundaries. Setting those entries to their initial value.
There are 38612 events with muon pt outside of [26,200] GeV. Setting those entries to their initial value.
There are 46224 events with muon pt outside of [26,200] GeV. Setting those entries to their initial value.
There are 46225 events with muon pt outside of [26,200] GeV. Setting those entries to their initial value.
There are 177 nan entries in the corrected pt. This might be due to the number of tracker layers hitting boundaries. Setting those entries to their initial value.
There are 50574 events with muon pt outside of [26,200] GeV. Setting those entries to their initial value.
There are 54995 events with muon pt outside of [26,200] GeV. Setting those entries to their initial value.
There are 54996 events with muon pt outside of [26,200] GeV. Setting those entries to their initial value.
There are 225 nan entries in the corrected pt. This might be due to the number of tracker layers hitting boundaries. Setting those entries to their initial value.
There are 60802 events with muon pt outside of [26,200] GeV. Setting those entries to their initial value.
There are 45090 events with muon pt outside of [26,200] GeV. Setting those entries to their initial value.
There are 45091 events with muon pt outside of [26,200] GeV. Setting those entries to their initial value.
There are 179 nan entries in the corrected pt. This might be due to the number of tracker layers hitting boundaries. Setting those entries to their initial value.
There are 49148 events with muon pt outside of [26,200] GeV. Setting those entries to their initial value.
There are 895 events with muon pt outside of [26,200] GeV. Setting those entries to their initial value.
There are 895 events with muon pt outside of [26,200] GeV. Setting those entries to their initial value.
There are 1 nan entries in the corrected pt. This might be due to the number of tracker layers hitting boundaries. Setting those entries to their initial value.
There are 1063 events with muon pt outside of [26,200] GeV. Setting those entries to their initial value.
There are 41331 events with muon pt outside of [26,200] GeV. Setting those entries to their initial value.
There are 41335 events with muon pt outside of [26,200] GeV. Setting those entries to their initial value.
There are 145 nan entries in the corrected pt. This might be due to the number of tracker layers hitting boundaries. Setting those entries to their initial value.
There are 45666 events with muon pt outside of [26,200] GeV. Setting those entries to their initial value.
There are 41510 events with muon pt outside of [26,200] GeV. Setting those entries to their initial value.
There are 41516 events with muon pt outside of [26,200] GeV. Setting those entries to their initial value.
There are 162 nan entries in the corrected pt. This might be due to the number of tracker layers hitting boundaries. Setting those entries to their initial value.
There are 45366 events with muon pt outside of [26,200] GeV. Setting those entries to their initial value.
There are 45041 events with muon pt outside of [26,200] GeV. Setting those entries to their initial value.
There are 45043 events with muon pt outside of [26,200] GeV. Setting those entries to their initial value.
There are 158 nan entries in the corrected pt. This might be due to the number of tracker layers hitting boundaries. Setting those entries to their initial value.
There are 49274 events with muon pt outside of [26,200] GeV. Setting those entries to their initial value.
There are 45219 events with muon pt outside of [26,200] GeV. Setting those entries to their initial value.
There are 45220 events with muon pt outside of [26,200] GeV. Setting those entries to their initial value.
There are 182 nan entries in the corrected pt. This might be due to the number of tracker layers hitting boundaries. Setting those entries to their initial value.
There are 49691 events with muon pt outside of [26,200] GeV. Setting those entries to their initial value.
There are 45045 events with muon pt outside of [26,200] GeV. Setting those entries to their initial value.
There are 45048 events with muon pt outside of [26,200] GeV. Setting those entries to their initial value.
There are 185 nan entries in the corrected pt. This might be due to the number of tracker layers hitting boundaries. Setting those entries to their initial value.
There are 49798 events with muon pt outside of [26,200] GeV. Setting those entries to their initial value.
There are 46494 events with muon pt outside of [26,200] GeV. Setting those entries to their initial value.
There are 46495 events with muon pt outside of [26,200] GeV. Setting those entries to their initial value.
There are 199 nan entries in the corrected pt. This might be due to the number of tracker layers hitting boundaries. Setting those entries to their initial value.
There are 50933 events with muon pt outside of [26,200] GeV. Setting those entries to their initial value.
There are 39309 events with muon pt outside of [26,200] GeV. Setting those entries to their initial value.
There are 39310 events with muon pt outside of [26,200] GeV. Setting those entries to their initial value.
There are 166 nan entries in the corrected pt. This might be due to the number of tracker layers hitting boundaries. Setting those entries to their initial value.
There are 43027 events with muon pt outside of [26,200] GeV. Setting those entries to their initial value.
There are 18775 events with muon pt outside of [26,200] GeV. Setting those entries to their initial value.
There are 18776 events with muon pt outside of [26,200] GeV. Setting those entries to their initial value.
There are 88 nan entries in the corrected pt. This might be due to the number of tracker layers hitting boundaries. Setting those entries to their initial value.
There are 20702 events with muon pt outside of [26,200] GeV. Setting those entries to their initial value.
There are 46091 events with muon pt outside of [26,200] GeV. Setting those entries to their initial value.
There are 46092 events with muon pt outside of [26,200] GeV. Setting those entries to their initial value.
There are 190 nan entries in the corrected pt. This might be due to the number of tracker layers hitting boundaries. Setting those entries to their initial value.
There are 50623 events with muon pt outside of [26,200] GeV. Setting those entries to their initial value.
There are 44842 events with muon pt outside of [26,200] GeV. Setting those entries to their initial value.
There are 44844 events with muon pt outside of [26,200] GeV. Setting those entries to their initial value.
There are 168 nan entries in the corrected pt. This might be due to the number of tracker layers hitting boundaries. Setting those entries to their initial value.
There are 48799 events with muon pt outside of [26,200] GeV. Setting those entries to their initial value.
There are 44458 events with muon pt outside of [26,200] GeV. Setting those entries to their initial value.
There are 44460 events with muon pt outside of [26,200] GeV. Setting those entries to their initial value.
There are 177 nan entries in the corrected pt. This might be due to the number of tracker layers hitting boundaries. Setting those entries to their initial value.
There are 49233 events with muon pt outside of [26,200] GeV. Setting those entries to their initial value.
There are 41578 events with muon pt outside of [26,200] GeV. Setting those entries to their initial value.
There are 41581 events with muon pt outside of [26,200] GeV. Setting those entries to their initial value.
There are 169 nan entries in the corrected pt. This might be due to the number of tracker layers hitting boundaries. Setting those entries to their initial value.
There are 45481 events with muon pt outside of [26,200] GeV. Setting those entries to their initial value.
There are 41013 events with muon pt outside of [26,200] GeV. Setting those entries to their initial value.
There are 41013 events with muon pt outside of [26,200] GeV. Setting those entries to their initial value.
There are 200 nan entries in the corrected pt. This might be due to the number of tracker layers hitting boundaries. Setting those entries to their initial value.
There are 45428 events with muon pt outside of [26,200] GeV. Setting those entries to their initial value.
There are 44979 events with muon pt outside of [26,200] GeV. Setting those entries to their initial value.
There are 44985 events with muon pt outside of [26,200] GeV. Setting those entries to their initial value.
There are 186 nan entries in the corrected pt. This might be due to the number of tracker layers hitting boundaries. Setting those entries to their initial value.
There are 49821 events with muon pt outside of [26,200] GeV. Setting those entries to their initial value.
There are 44945 events with muon pt outside of [26,200] GeV. Setting those entries to their initial value.
There are 44950 events with muon pt outside of [26,200] GeV. Setting those entries to their initial value.
There are 166 nan entries in the corrected pt. This might be due to the number of tracker layers hitting boundaries. Setting those entries to their initial value.
There are 49628 events with muon pt outside of [26,200] GeV. Setting those entries to their initial value.
There are 45186 events with muon pt outside of [26,200] GeV. Setting those entries to their initial value.
There are 45188 events with muon pt outside of [26,200] GeV. Setting those entries to their initial value.
There are 194 nan entries in the corrected pt. This might be due to the number of tracker layers hitting boundaries. Setting those entries to their initial value.
There are 49837 events with muon pt outside of [26,200] GeV. Setting those entries to their initial value.
There are 46633 events with muon pt outside of [26,200] GeV. Setting those entries to their initial value.
There are 46637 events with muon pt outside of [26,200] GeV. Setting those entries to their initial value.
There are 182 nan entries in the corrected pt. This might be due to the number of tracker layers hitting boundaries. Setting those entries to their initial value.
There are 51327 events with muon pt outside of [26,200] GeV. Setting those entries to their initial value.
There are 39369 events with muon pt outside of [26,200] GeV. Setting those entries to their initial value.
There are 39369 events with muon pt outside of [26,200] GeV. Setting those entries to their initial value.
There are 179 nan entries in the corrected pt. This might be due to the number of tracker layers hitting boundaries. Setting those entries to their initial value.
There are 42959 events with muon pt outside of [26,200] GeV. Setting those entries to their initial value.
There are 46101 events with muon pt outside of [26,200] GeV. Setting those entries to their initial value.
There are 46102 events with muon pt outside of [26,200] GeV. Setting those entries to their initial value.
There are 192 nan entries in the corrected pt. This might be due to the number of tracker layers hitting boundaries. Setting those entries to their initial value.
There are 50846 events with muon pt outside of [26,200] GeV. Setting those entries to their initial value.
There are 46452 events with muon pt outside of [26,200] GeV. Setting those entries to their initial value.
There are 46457 events with muon pt outside of [26,200] GeV. Setting those entries to their initial value.
There are 176 nan entries in the corrected pt. This might be due to the number of tracker layers hitting boundaries. Setting those entries to their initial value.
There are 50671 events with muon pt outside of [26,200] GeV. Setting those entries to their initial value.
