000 (14752964.011.000) 02/26 16:23:24 Job submitted from host: <188.184.90.62:9618?addrs=188.184.90.62-9618+[2001-1458-201-e4--100-238]-9618&alias=bigbird16.cern.ch&noUDP&sock=schedd_5196_9a2f>
...
040 (14752964.011.000) 02/26 16:27:32 Started transferring input files
	Transferring to host: <188.185.209.70:9618?addrs=188.185.209.70-9618+[2001-1458-303-11--100-43]-9618&alias=b9p11p9531.cern.ch&noUDP&sock=slot1_9_1468534_cd7f_145212>
...
040 (14752964.011.000) 02/26 16:27:32 Finished transferring input files
...
001 (14752964.011.000) 02/26 16:27:33 Job executing on host: <188.185.209.70:9618?addrs=188.185.209.70-9618+[2001-1458-303-11--100-43]-9618&alias=b9p11p9531.cern.ch&noUDP&sock=startd_10209_1a73>
	SlotName: slot1_9@b9p11p9531.cern.ch
	CondorScratchDir = "/pool/condor/dir_520411"
	Cpus = 1
	Disk = 3682
	GPUs = 0
	Memory = 3000
...
006 (14752964.011.000) 02/26 16:27:47 Image size of job updated: 509656
	498  -  MemoryUsage of job (MB)
	509656  -  ResidentSetSize of job (KB)
...
006 (14752964.011.000) 02/26 16:27:50 Image size of job updated: 533236
	499  -  MemoryUsage of job (MB)
	510788  -  ResidentSetSize of job (KB)
...
040 (14752964.011.000) 02/26 16:27:50 Started transferring output files
...
040 (14752964.011.000) 02/26 16:27:50 Finished transferring output files
...
005 (14752964.011.000) 02/26 16:27:50 Job terminated.
	(1) Normal termination (return value 1)
		Usr 0 00:00:06, Sys 0 00:00:02  -  Run Remote Usage
		Usr 0 00:00:00, Sys 0 00:00:00  -  Run Local Usage
		Usr 0 00:00:06, Sys 0 00:00:02  -  Total Remote Usage
		Usr 0 00:00:00, Sys 0 00:00:00  -  Total Local Usage
	10682  -  Run Bytes Sent By Job
	30315  -  Run Bytes Received By Job
	10682  -  Total Bytes Sent By Job
	30315  -  Total Bytes Received By Job
	Partitionable Resources :    Usage  Request Allocated 
	   Cpus                 :        0        1         1 
	   Disk (KB)            :       69       32      3682 
	   GPUs                 :                           0 
	   Memory (MB)          :      499     3000      3000 
	   TimeExecute (s)      :       17                    
	   TimeSlotBusy (s)     :       19                    

	Job terminated of its own accord at 2026-02-26T15:27:50Z with exit-code 1.
...
