subject   : /DC=ch/DC=cern/OU=Organic Units/OU=Users/CN=driosper/CN=886669/CN=Diego Alejandro Rios Perez/CN=1573519443
issuer    : /DC=ch/DC=cern/OU=Organic Units/OU=Users/CN=driosper/CN=886669/CN=Diego Alejandro Rios Perez
identity  : /DC=ch/DC=cern/OU=Organic Units/OU=Users/CN=driosper/CN=886669/CN=Diego Alejandro Rios Perez
type      : RFC compliant proxy
strength  : 2048 bits
path      : /afs/cern.ch/user/d/driosper/private/x509up_u182284
timeleft  : 11:49:35
key usage : Digital Signature, Key Encipherment
=== VO cms extension information ===
VO        : cms
subject   : /DC=ch/DC=cern/OU=Organic Units/OU=Users/CN=driosper/CN=886669/CN=Diego Alejandro Rios Perez
issuer    : /DC=ch/DC=cern/OU=computers/CN=cms-auth.cern.ch
attribute : /cms/Role=NULL/Capability=NULL
timeleft  : 11:49:35
uri       : voms-cms-auth.cern.ch:15000
--workflow ztoee --year 2022preEE --output_path /eos/user/d/driosper/bsm3g_coffea/outputs/ztoee/2022preEE/TTtoLNu2Q --output_format coffea --dataset TTtoLNu2Q_8 --partition_json /srv/partition_fileset.json
  Preprocessing 100% ━━━━━━━━━━━━━━━━ 10/10 [ 0:00:18 < 0:00:00 | 0.6   file/s ]
Merging (local) 100% ━━━━━━━━━━━━━━━━ 10/10 [ 0:00:18 < 0:00:00 | ?   merges/s ]
     Processing   7% ━                 2/30 [ 0:00:52 < 0:02:17 | 0.2  chunk/s ]
Merging (local) 100% ━━━━━━━━━━━━━━━━━  1/1 [ 0:00:47 < 0:00:00 | ?   merges/s ]
There are 47764 events with muon pt outside of [26,200] GeV. Setting those entries to their initial value.
There are 47766 events with muon pt outside of [26,200] GeV. Setting those entries to their initial value.
There are 211 nan entries in the corrected pt. This might be due to the number of tracker layers hitting boundaries. Setting those entries to their initial value.
There are 52734 events with muon pt outside of [26,200] GeV. Setting those entries to their initial value.
There are 41723 events with muon pt outside of [26,200] GeV. Setting those entries to their initial value.
There are 41726 events with muon pt outside of [26,200] GeV. Setting those entries to their initial value.
There are 156 nan entries in the corrected pt. This might be due to the number of tracker layers hitting boundaries. Setting those entries to their initial value.
There are 46091 events with muon pt outside of [26,200] GeV. Setting those entries to their initial value.
There are 41898 events with muon pt outside of [26,200] GeV. Setting those entries to their initial value.
There are 41900 events with muon pt outside of [26,200] GeV. Setting those entries to their initial value.
There are 177 nan entries in the corrected pt. This might be due to the number of tracker layers hitting boundaries. Setting those entries to their initial value.
There are 46140 events with muon pt outside of [26,200] GeV. Setting those entries to their initial value.
There are 35396 events with muon pt outside of [26,200] GeV. Setting those entries to their initial value.
There are 35397 events with muon pt outside of [26,200] GeV. Setting those entries to their initial value.
There are 130 nan entries in the corrected pt. This might be due to the number of tracker layers hitting boundaries. Setting those entries to their initial value.
There are 38923 events with muon pt outside of [26,200] GeV. Setting those entries to their initial value.
There are 42803 events with muon pt outside of [26,200] GeV. Setting those entries to their initial value.
There are 42809 events with muon pt outside of [26,200] GeV. Setting those entries to their initial value.
There are 142 nan entries in the corrected pt. This might be due to the number of tracker layers hitting boundaries. Setting those entries to their initial value.
There are 46867 events with muon pt outside of [26,200] GeV. Setting those entries to their initial value.
There are 937 events with muon pt outside of [26,200] GeV. Setting those entries to their initial value.
There are 937 events with muon pt outside of [26,200] GeV. Setting those entries to their initial value.
There are 4 nan entries in the corrected pt. This might be due to the number of tracker layers hitting boundaries. Setting those entries to their initial value.
There are 1038 events with muon pt outside of [26,200] GeV. Setting those entries to their initial value.
There are 45540 events with muon pt outside of [26,200] GeV. Setting those entries to their initial value.
There are 45544 events with muon pt outside of [26,200] GeV. Setting those entries to their initial value.
There are 207 nan entries in the corrected pt. This might be due to the number of tracker layers hitting boundaries. Setting those entries to their initial value.
There are 50067 events with muon pt outside of [26,200] GeV. Setting those entries to their initial value.
There are 45200 events with muon pt outside of [26,200] GeV. Setting those entries to their initial value.
There are 45201 events with muon pt outside of [26,200] GeV. Setting those entries to their initial value.
There are 158 nan entries in the corrected pt. This might be due to the number of tracker layers hitting boundaries. Setting those entries to their initial value.
There are 50017 events with muon pt outside of [26,200] GeV. Setting those entries to their initial value.
There are 47856 events with muon pt outside of [26,200] GeV. Setting those entries to their initial value.
There are 47857 events with muon pt outside of [26,200] GeV. Setting those entries to their initial value.
There are 188 nan entries in the corrected pt. This might be due to the number of tracker layers hitting boundaries. Setting those entries to their initial value.
There are 52705 events with muon pt outside of [26,200] GeV. Setting those entries to their initial value.
There are 7618 events with muon pt outside of [26,200] GeV. Setting those entries to their initial value.
There are 7618 events with muon pt outside of [26,200] GeV. Setting those entries to their initial value.
There are 37 nan entries in the corrected pt. This might be due to the number of tracker layers hitting boundaries. Setting those entries to their initial value.
There are 8454 events with muon pt outside of [26,200] GeV. Setting those entries to their initial value.
There are 41982 events with muon pt outside of [26,200] GeV. Setting those entries to their initial value.
There are 41983 events with muon pt outside of [26,200] GeV. Setting those entries to their initial value.
There are 204 nan entries in the corrected pt. This might be due to the number of tracker layers hitting boundaries. Setting those entries to their initial value.
There are 46123 events with muon pt outside of [26,200] GeV. Setting those entries to their initial value.
There are 41877 events with muon pt outside of [26,200] GeV. Setting those entries to their initial value.
There are 41878 events with muon pt outside of [26,200] GeV. Setting those entries to their initial value.
There are 163 nan entries in the corrected pt. This might be due to the number of tracker layers hitting boundaries. Setting those entries to their initial value.
There are 46029 events with muon pt outside of [26,200] GeV. Setting those entries to their initial value.
There are 42292 events with muon pt outside of [26,200] GeV. Setting those entries to their initial value.
There are 42292 events with muon pt outside of [26,200] GeV. Setting those entries to their initial value.
There are 178 nan entries in the corrected pt. This might be due to the number of tracker layers hitting boundaries. Setting those entries to their initial value.
There are 46907 events with muon pt outside of [26,200] GeV. Setting those entries to their initial value.
There are 42418 events with muon pt outside of [26,200] GeV. Setting those entries to their initial value.
There are 42418 events with muon pt outside of [26,200] GeV. Setting those entries to their initial value.
There are 184 nan entries in the corrected pt. This might be due to the number of tracker layers hitting boundaries. Setting those entries to their initial value.
There are 47014 events with muon pt outside of [26,200] GeV. Setting those entries to their initial value.
There are 45412 events with muon pt outside of [26,200] GeV. Setting those entries to their initial value.
There are 45413 events with muon pt outside of [26,200] GeV. Setting those entries to their initial value.
There are 215 nan entries in the corrected pt. This might be due to the number of tracker layers hitting boundaries. Setting those entries to their initial value.
There are 50052 events with muon pt outside of [26,200] GeV. Setting those entries to their initial value.
There are 48073 events with muon pt outside of [26,200] GeV. Setting those entries to their initial value.
There are 48076 events with muon pt outside of [26,200] GeV. Setting those entries to their initial value.
There are 167 nan entries in the corrected pt. This might be due to the number of tracker layers hitting boundaries. Setting those entries to their initial value.
There are 52779 events with muon pt outside of [26,200] GeV. Setting those entries to their initial value.
There are 48185 events with muon pt outside of [26,200] GeV. Setting those entries to their initial value.
There are 48188 events with muon pt outside of [26,200] GeV. Setting those entries to their initial value.
There are 203 nan entries in the corrected pt. This might be due to the number of tracker layers hitting boundaries. Setting those entries to their initial value.
There are 52581 events with muon pt outside of [26,200] GeV. Setting those entries to their initial value.
There are 41979 events with muon pt outside of [26,200] GeV. Setting those entries to their initial value.
There are 41981 events with muon pt outside of [26,200] GeV. Setting those entries to their initial value.
There are 183 nan entries in the corrected pt. This might be due to the number of tracker layers hitting boundaries. Setting those entries to their initial value.
There are 46235 events with muon pt outside of [26,200] GeV. Setting those entries to their initial value.
There are 41821 events with muon pt outside of [26,200] GeV. Setting those entries to their initial value.
There are 41823 events with muon pt outside of [26,200] GeV. Setting those entries to their initial value.
There are 158 nan entries in the corrected pt. This might be due to the number of tracker layers hitting boundaries. Setting those entries to their initial value.
There are 46238 events with muon pt outside of [26,200] GeV. Setting those entries to their initial value.
There are 42891 events with muon pt outside of [26,200] GeV. Setting those entries to their initial value.
There are 42892 events with muon pt outside of [26,200] GeV. Setting those entries to their initial value.
There are 158 nan entries in the corrected pt. This might be due to the number of tracker layers hitting boundaries. Setting those entries to their initial value.
There are 46709 events with muon pt outside of [26,200] GeV. Setting those entries to their initial value.
There are 42708 events with muon pt outside of [26,200] GeV. Setting those entries to their initial value.
There are 42710 events with muon pt outside of [26,200] GeV. Setting those entries to their initial value.
There are 160 nan entries in the corrected pt. This might be due to the number of tracker layers hitting boundaries. Setting those entries to their initial value.
There are 46693 events with muon pt outside of [26,200] GeV. Setting those entries to their initial value.
There are 7680 events with muon pt outside of [26,200] GeV. Setting those entries to their initial value.
There are 7680 events with muon pt outside of [26,200] GeV. Setting those entries to their initial value.
There are 23 nan entries in the corrected pt. This might be due to the number of tracker layers hitting boundaries. Setting those entries to their initial value.
There are 8507 events with muon pt outside of [26,200] GeV. Setting those entries to their initial value.
There are 47927 events with muon pt outside of [26,200] GeV. Setting those entries to their initial value.
There are 47932 events with muon pt outside of [26,200] GeV. Setting those entries to their initial value.
There are 200 nan entries in the corrected pt. This might be due to the number of tracker layers hitting boundaries. Setting those entries to their initial value.
There are 52659 events with muon pt outside of [26,200] GeV. Setting those entries to their initial value.
There are 19695 events with muon pt outside of [26,200] GeV. Setting those entries to their initial value.
There are 19695 events with muon pt outside of [26,200] GeV. Setting those entries to their initial value.
There are 78 nan entries in the corrected pt. This might be due to the number of tracker layers hitting boundaries. Setting those entries to their initial value.
There are 21765 events with muon pt outside of [26,200] GeV. Setting those entries to their initial value.
There are 41815 events with muon pt outside of [26,200] GeV. Setting those entries to their initial value.
There are 41816 events with muon pt outside of [26,200] GeV. Setting those entries to their initial value.
There are 166 nan entries in the corrected pt. This might be due to the number of tracker layers hitting boundaries. Setting those entries to their initial value.
There are 46285 events with muon pt outside of [26,200] GeV. Setting those entries to their initial value.
There are 13262 events with muon pt outside of [26,200] GeV. Setting those entries to their initial value.
There are 13262 events with muon pt outside of [26,200] GeV. Setting those entries to their initial value.
There are 58 nan entries in the corrected pt. This might be due to the number of tracker layers hitting boundaries. Setting those entries to their initial value.
There are 14437 events with muon pt outside of [26,200] GeV. Setting those entries to their initial value.
There are 35555 events with muon pt outside of [26,200] GeV. Setting those entries to their initial value.
There are 35556 events with muon pt outside of [26,200] GeV. Setting those entries to their initial value.
There are 142 nan entries in the corrected pt. This might be due to the number of tracker layers hitting boundaries. Setting those entries to their initial value.
There are 39150 events with muon pt outside of [26,200] GeV. Setting those entries to their initial value.
There are 42852 events with muon pt outside of [26,200] GeV. Setting those entries to their initial value.
There are 42854 events with muon pt outside of [26,200] GeV. Setting those entries to their initial value.
There are 184 nan entries in the corrected pt. This might be due to the number of tracker layers hitting boundaries. Setting those entries to their initial value.
There are 46885 events with muon pt outside of [26,200] GeV. Setting those entries to their initial value.
There are 45628 events with muon pt outside of [26,200] GeV. Setting those entries to their initial value.
There are 45632 events with muon pt outside of [26,200] GeV. Setting those entries to their initial value.
There are 182 nan entries in the corrected pt. This might be due to the number of tracker layers hitting boundaries. Setting those entries to their initial value.
There are 50067 events with muon pt outside of [26,200] GeV. Setting those entries to their initial value.
There are 45167 events with muon pt outside of [26,200] GeV. Setting those entries to their initial value.
There are 45170 events with muon pt outside of [26,200] GeV. Setting those entries to their initial value.
There are 179 nan entries in the corrected pt. This might be due to the number of tracker layers hitting boundaries. Setting those entries to their initial value.
There are 49959 events with muon pt outside of [26,200] GeV. Setting those entries to their initial value.
