000 (14729965.010.000) 02/25 17:14:47 Job submitted from host: <188.184.90.62:9618?addrs=188.184.90.62-9618+[2001-1458-201-e4--100-238]-9618&alias=bigbird16.cern.ch&noUDP&sock=schedd_5196_9a2f>
...
040 (14729965.010.000) 02/25 17:18:45 Started transferring input files
	Transferring to host: <188.185.212.23:9618?addrs=188.185.212.23-9618+[2001-1458-303-18--100-13]-9618&alias=b9p25p5701.cern.ch&noUDP&sock=slot1_4_5270_f10f_167375>
...
040 (14729965.010.000) 02/25 17:18:45 Finished transferring input files
...
001 (14729965.010.000) 02/25 17:18:46 Job executing on host: <188.185.212.23:9618?addrs=188.185.212.23-9618+[2001-1458-303-18--100-13]-9618&alias=b9p25p5701.cern.ch&noUDP&sock=startd_4273_8045>
	SlotName: slot1_4@b9p25p5701.cern.ch
	CondorScratchDir = "/pool/condor/dir_1369824"
	Cpus = 1
	Disk = 3728
	GPUs = 0
	Memory = 3000
...
006 (14729965.010.000) 02/25 17:19:00 Image size of job updated: 475940
	465  -  MemoryUsage of job (MB)
	475940  -  ResidentSetSize of job (KB)
...
006 (14729965.010.000) 02/25 17:24:00 Image size of job updated: 3584144
	3501  -  MemoryUsage of job (MB)
	3584144  -  ResidentSetSize of job (KB)
...
006 (14729965.010.000) 02/25 17:29:01 Image size of job updated: 4066140
	3920  -  MemoryUsage of job (MB)
	4013752  -  ResidentSetSize of job (KB)
...
006 (14729965.010.000) 02/25 17:29:59 Image size of job updated: 4230472
	3920  -  MemoryUsage of job (MB)
	4013752  -  ResidentSetSize of job (KB)
...
040 (14729965.010.000) 02/25 17:29:59 Started transferring output files
...
040 (14729965.010.000) 02/25 17:29:59 Finished transferring output files
...
005 (14729965.010.000) 02/25 17:29:59 Job terminated.
	(1) Normal termination (return value 1)
		Usr 0 00:11:48, Sys 0 00:00:25  -  Run Remote Usage
		Usr 0 00:00:00, Sys 0 00:00:00  -  Run Local Usage
		Usr 0 00:11:48, Sys 0 00:00:25  -  Total Remote Usage
		Usr 0 00:00:00, Sys 0 00:00:00  -  Total Local Usage
	29347  -  Run Bytes Sent By Job
	30218  -  Run Bytes Received By Job
	29347  -  Total Bytes Sent By Job
	30218  -  Total Bytes Received By Job
	Partitionable Resources :    Usage  Request Allocated 
	   Cpus                 :     1.00        1         1 
	   Disk (KB)            :    84          32      3728 
	   GPUs                 :                           0 
	   Memory (MB)          :  3920        3000      3000 
	   TimeExecute (s)      :   673                       
	   TimeSlotBusy (s)     :   675                       

	Job terminated of its own accord at 2026-02-25T16:29:59Z with exit-code 1.
...
