000 (14729965.012.000) 02/25 17:14:47 Job submitted from host: <188.184.90.62:9618?addrs=188.184.90.62-9618+[2001-1458-201-e4--100-238]-9618&alias=bigbird16.cern.ch&noUDP&sock=schedd_5196_9a2f>
...
040 (14729965.012.000) 02/25 17:18:46 Started transferring input files
	Transferring to host: <188.185.212.64:9618?addrs=188.185.212.64-9618+[2001-1458-303-18--100-3c]-9618&alias=b9p25p5562.cern.ch&noUDP&sock=slot1_25_5904_a6e9_170480>
...
040 (14729965.012.000) 02/25 17:18:46 Finished transferring input files
...
001 (14729965.012.000) 02/25 17:18:47 Job executing on host: <188.185.212.64:9618?addrs=188.185.212.64-9618+[2001-1458-303-18--100-3c]-9618&alias=b9p25p5562.cern.ch&noUDP&sock=startd_5128_f5bf>
	SlotName: slot1_25@b9p25p5562.cern.ch
	CondorScratchDir = "/pool/condor/dir_1305083"
	Cpus = 1
	Disk = 3918
	GPUs = 0
	Memory = 3000
...
006 (14729965.012.000) 02/25 17:19:01 Image size of job updated: 473784
	463  -  MemoryUsage of job (MB)
	473784  -  ResidentSetSize of job (KB)
...
006 (14729965.012.000) 02/25 17:24:02 Image size of job updated: 3588452
	3505  -  MemoryUsage of job (MB)
	3588452  -  ResidentSetSize of job (KB)
...
006 (14729965.012.000) 02/25 17:29:02 Image size of job updated: 4104316
	3951  -  MemoryUsage of job (MB)
	4045764  -  ResidentSetSize of job (KB)
...
040 (14729965.012.000) 02/25 17:29:20 Started transferring output files
...
040 (14729965.012.000) 02/25 17:29:20 Finished transferring output files
...
005 (14729965.012.000) 02/25 17:29:20 Job terminated.
	(1) Normal termination (return value 1)
		Usr 0 00:08:35, Sys 0 00:00:19  -  Run Remote Usage
		Usr 0 00:00:00, Sys 0 00:00:00  -  Run Local Usage
		Usr 0 00:08:35, Sys 0 00:00:19  -  Total Remote Usage
		Usr 0 00:00:00, Sys 0 00:00:00  -  Total Local Usage
	29244  -  Run Bytes Sent By Job
	30218  -  Run Bytes Received By Job
	29244  -  Total Bytes Sent By Job
	30218  -  Total Bytes Received By Job
	Partitionable Resources :    Usage  Request Allocated 
	   Cpus                 :     0.92        1         1 
	   Disk (KB)            :    84          32      3918 
	   GPUs                 :                           0 
	   Memory (MB)          :  3951        3000      3000 
	   TimeExecute (s)      :   633                       
	   TimeSlotBusy (s)     :   635                       

	Job terminated of its own accord at 2026-02-25T16:29:20Z with exit-code 1.
...
