000 (14729965.003.000) 02/25 17:14:46 Job submitted from host: <188.184.90.62:9618?addrs=188.184.90.62-9618+[2001-1458-201-e4--100-238]-9618&alias=bigbird16.cern.ch&noUDP&sock=schedd_5196_9a2f>
...
040 (14729965.003.000) 02/25 17:18:44 Started transferring input files
	Transferring to host: <188.185.212.91:9618?addrs=188.185.212.91-9618+[2001-1458-303-18--100-57]-9618&alias=b9p25p6232.cern.ch&noUDP&sock=slot1_24_4468_dc2f_169605>
...
040 (14729965.003.000) 02/25 17:18:44 Finished transferring input files
...
001 (14729965.003.000) 02/25 17:18:45 Job executing on host: <188.185.212.91:9618?addrs=188.185.212.91-9618+[2001-1458-303-18--100-57]-9618&alias=b9p25p6232.cern.ch&noUDP&sock=startd_3788_d4d6>
	SlotName: slot1_24@b9p25p6232.cern.ch
	CondorScratchDir = "/pool/condor/dir_3376714"
	Cpus = 1
	Disk = 3812
	GPUs = 0
	Memory = 3000
...
006 (14729965.003.000) 02/25 17:18:59 Image size of job updated: 80708
	79  -  MemoryUsage of job (MB)
	80708  -  ResidentSetSize of job (KB)
...
006 (14729965.003.000) 02/25 17:23:59 Image size of job updated: 3777800
	3689  -  MemoryUsage of job (MB)
	3777336  -  ResidentSetSize of job (KB)
...
006 (14729965.003.000) 02/25 17:29:00 Image size of job updated: 4956476
	4784  -  MemoryUsage of job (MB)
	4898224  -  ResidentSetSize of job (KB)
...
040 (14729965.003.000) 02/25 17:32:51 Started transferring output files
...
040 (14729965.003.000) 02/25 17:32:51 Finished transferring output files
...
005 (14729965.003.000) 02/25 17:32:51 Job terminated.
	(1) Normal termination (return value 1)
		Usr 0 00:15:20, Sys 0 00:00:28  -  Run Remote Usage
		Usr 0 00:00:00, Sys 0 00:00:00  -  Run Local Usage
		Usr 0 00:15:20, Sys 0 00:00:28  -  Total Remote Usage
		Usr 0 00:00:00, Sys 0 00:00:00  -  Total Local Usage
	34440  -  Run Bytes Sent By Job
	30218  -  Run Bytes Received By Job
	34440  -  Total Bytes Sent By Job
	30218  -  Total Bytes Received By Job
	Partitionable Resources :    Usage  Request Allocated 
	   Cpus                 :     1.50        1         1 
	   Disk (KB)            :    89          32      3812 
	   GPUs                 :                           0 
	   Memory (MB)          :  4784        3000      3000 
	   TimeExecute (s)      :   846                       
	   TimeSlotBusy (s)     :   849                       

	Job terminated of its own accord at 2026-02-25T16:32:51Z with exit-code 1.
...
