000 (14752964.012.000) 02/26 16:23:24 Job submitted from host: <188.184.90.62:9618?addrs=188.184.90.62-9618+[2001-1458-201-e4--100-238]-9618&alias=bigbird16.cern.ch&noUDP&sock=schedd_5196_9a2f>
...
040 (14752964.012.000) 02/26 16:27:32 Started transferring input files
	Transferring to host: <188.185.212.233:9618?addrs=188.185.212.233-9618+[2001-1458-303-19--100-65]-9618&alias=b9p26p7289.cern.ch&noUDP&sock=slot1_33_10388_0920_169599>
...
040 (14752964.012.000) 02/26 16:27:32 Finished transferring input files
...
001 (14752964.012.000) 02/26 16:27:33 Job executing on host: <188.185.212.233:9618?addrs=188.185.212.233-9618+[2001-1458-303-19--100-65]-9618&alias=b9p26p7289.cern.ch&noUDP&sock=startd_10028_f3cf>
	SlotName: slot1_33@b9p26p7289.cern.ch
	CondorScratchDir = "/pool/condor/dir_1955312"
	Cpus = 1
	Disk = 3807
	GPUs = 0
	Memory = 3000
...
006 (14752964.012.000) 02/26 16:27:47 Image size of job updated: 175584
	172  -  MemoryUsage of job (MB)
	175584  -  ResidentSetSize of job (KB)
...
040 (14752964.012.000) 02/26 16:27:47 Started transferring output files
...
040 (14752964.012.000) 02/26 16:27:47 Finished transferring output files
...
005 (14752964.012.000) 02/26 16:27:47 Job terminated.
	(1) Normal termination (return value 1)
		Usr 0 00:00:04, Sys 0 00:00:02  -  Run Remote Usage
		Usr 0 00:00:00, Sys 0 00:00:00  -  Run Local Usage
		Usr 0 00:00:04, Sys 0 00:00:02  -  Total Remote Usage
		Usr 0 00:00:00, Sys 0 00:00:00  -  Total Local Usage
	10339  -  Run Bytes Sent By Job
	30315  -  Run Bytes Received By Job
	10339  -  Total Bytes Sent By Job
	30315  -  Total Bytes Received By Job
	Partitionable Resources :    Usage  Request Allocated 
	   Cpus                 :     0.37        1         1 
	   Disk (KB)            :    66          32      3807 
	   GPUs                 :                           0 
	   Memory (MB)          :   172        3000      3000 
	   TimeExecute (s)      :    14                       
	   TimeSlotBusy (s)     :    16                       

	Job terminated of its own accord at 2026-02-26T15:27:47Z with exit-code 1.
...
