000 (14752964.004.000) 02/26 16:23:24 Job submitted from host: <188.184.90.62:9618?addrs=188.184.90.62-9618+[2001-1458-201-e4--100-238]-9618&alias=bigbird16.cern.ch&noUDP&sock=schedd_5196_9a2f>
...
040 (14752964.004.000) 02/26 16:27:29 Started transferring input files
	Transferring to host: <188.185.212.24:9618?addrs=188.185.212.24-9618+[2001-1458-303-18--100-14]-9618&alias=b9p25p2956.cern.ch&noUDP&sock=slot1_27_6593_1d65_50155>
...
040 (14752964.004.000) 02/26 16:27:29 Finished transferring input files
...
001 (14752964.004.000) 02/26 16:27:30 Job executing on host: <188.185.212.24:9618?addrs=188.185.212.24-9618+[2001-1458-303-18--100-14]-9618&alias=b9p25p2956.cern.ch&noUDP&sock=startd_5982_bba0>
	SlotName: slot1_27@b9p25p2956.cern.ch
	CondorScratchDir = "/pool/condor/dir_3309617"
	Cpus = 1
	Disk = 3790
	GPUs = 0
	Memory = 3000
...
006 (14752964.004.000) 02/26 16:27:44 Image size of job updated: 49408
	49  -  MemoryUsage of job (MB)
	49408  -  ResidentSetSize of job (KB)
...
006 (14752964.004.000) 02/26 16:28:04 Image size of job updated: 505844
	49  -  MemoryUsage of job (MB)
	49420  -  ResidentSetSize of job (KB)
...
040 (14752964.004.000) 02/26 16:28:04 Started transferring output files
...
040 (14752964.004.000) 02/26 16:28:04 Finished transferring output files
...
005 (14752964.004.000) 02/26 16:28:04 Job terminated.
	(1) Normal termination (return value 1)
		Usr 0 00:00:06, Sys 0 00:00:02  -  Run Remote Usage
		Usr 0 00:00:00, Sys 0 00:00:00  -  Run Local Usage
		Usr 0 00:00:06, Sys 0 00:00:02  -  Total Remote Usage
		Usr 0 00:00:00, Sys 0 00:00:00  -  Total Local Usage
	10398  -  Run Bytes Sent By Job
	30315  -  Run Bytes Received By Job
	10398  -  Total Bytes Sent By Job
	30315  -  Total Bytes Received By Job
	Partitionable Resources :    Usage  Request Allocated 
	   Cpus                 :        0        1         1 
	   Disk (KB)            :       66       32      3790 
	   GPUs                 :                           0 
	   Memory (MB)          :       49     3000      3000 
	   TimeExecute (s)      :       34                    
	   TimeSlotBusy (s)     :       36                    

	Job terminated of its own accord at 2026-02-26T15:28:04Z with exit-code 1.
...
