subject   : /DC=ch/DC=cern/OU=Organic Units/OU=Users/CN=driosper/CN=886669/CN=Diego Alejandro Rios Perez/CN=1573519443
issuer    : /DC=ch/DC=cern/OU=Organic Units/OU=Users/CN=driosper/CN=886669/CN=Diego Alejandro Rios Perez
identity  : /DC=ch/DC=cern/OU=Organic Units/OU=Users/CN=driosper/CN=886669/CN=Diego Alejandro Rios Perez
type      : RFC compliant proxy
strength  : 2048 bits
path      : /afs/cern.ch/user/d/driosper/private/x509up_u182284
timeleft  : 11:49:35
key usage : Digital Signature, Key Encipherment
=== VO cms extension information ===
VO        : cms
subject   : /DC=ch/DC=cern/OU=Organic Units/OU=Users/CN=driosper/CN=886669/CN=Diego Alejandro Rios Perez
issuer    : /DC=ch/DC=cern/OU=computers/CN=cms-auth.cern.ch
attribute : /cms/Role=NULL/Capability=NULL
timeleft  : 11:49:35
uri       : voms-cms-auth.cern.ch:15000
--workflow ztoee --year 2022preEE --output_path /eos/user/d/driosper/bsm3g_coffea/outputs/ztoee/2022preEE/TTtoLNu2Q --output_format coffea --dataset TTtoLNu2Q_7 --partition_json /srv/partition_fileset.json
  Preprocessing 100% ━━━━━━━━━━━━━━━━ 10/10 [ 0:00:18 < 0:00:00 | 0.6   file/s ]
Merging (local) 100% ━━━━━━━━━━━━━━━━ 10/10 [ 0:00:18 < 0:00:00 | ?   merges/s ]
     Processing   6% ━                 2/33 [ 0:00:25 < 0:00:11 | 2.9  chunk/s ]
Merging (local) 100% ━━━━━━━━━━━━━━━━━  1/1 [ 0:00:25 < 0:00:00 | ?   merges/s ]
There are 40543 events with muon pt outside of [26,200] GeV. Setting those entries to their initial value.
There are 40545 events with muon pt outside of [26,200] GeV. Setting those entries to their initial value.
There are 159 nan entries in the corrected pt. This might be due to the number of tracker layers hitting boundaries. Setting those entries to their initial value.
There are 44368 events with muon pt outside of [26,200] GeV. Setting those entries to their initial value.
There are 40503 events with muon pt outside of [26,200] GeV. Setting those entries to their initial value.
There are 40507 events with muon pt outside of [26,200] GeV. Setting those entries to their initial value.
There are 185 nan entries in the corrected pt. This might be due to the number of tracker layers hitting boundaries. Setting those entries to their initial value.
There are 44412 events with muon pt outside of [26,200] GeV. Setting those entries to their initial value.
There are 45750 events with muon pt outside of [26,200] GeV. Setting those entries to their initial value.
There are 45751 events with muon pt outside of [26,200] GeV. Setting those entries to their initial value.
There are 196 nan entries in the corrected pt. This might be due to the number of tracker layers hitting boundaries. Setting those entries to their initial value.
There are 50706 events with muon pt outside of [26,200] GeV. Setting those entries to their initial value.
There are 43554 events with muon pt outside of [26,200] GeV. Setting those entries to their initial value.
There are 43559 events with muon pt outside of [26,200] GeV. Setting those entries to their initial value.
There are 177 nan entries in the corrected pt. This might be due to the number of tracker layers hitting boundaries. Setting those entries to their initial value.
There are 47540 events with muon pt outside of [26,200] GeV. Setting those entries to their initial value.
There are 43414 events with muon pt outside of [26,200] GeV. Setting those entries to their initial value.
There are 43415 events with muon pt outside of [26,200] GeV. Setting those entries to their initial value.
There are 169 nan entries in the corrected pt. This might be due to the number of tracker layers hitting boundaries. Setting those entries to their initial value.
There are 48146 events with muon pt outside of [26,200] GeV. Setting those entries to their initial value.
There are 48385 events with muon pt outside of [26,200] GeV. Setting those entries to their initial value.
There are 48385 events with muon pt outside of [26,200] GeV. Setting those entries to their initial value.
There are 189 nan entries in the corrected pt. This might be due to the number of tracker layers hitting boundaries. Setting those entries to their initial value.
There are 53142 events with muon pt outside of [26,200] GeV. Setting those entries to their initial value.
There are 42054 events with muon pt outside of [26,200] GeV. Setting those entries to their initial value.
There are 42054 events with muon pt outside of [26,200] GeV. Setting those entries to their initial value.
There are 190 nan entries in the corrected pt. This might be due to the number of tracker layers hitting boundaries. Setting those entries to their initial value.
There are 46453 events with muon pt outside of [26,200] GeV. Setting those entries to their initial value.
There are 66188 events with muon pt outside of [26,200] GeV. Setting those entries to their initial value.
There are 66189 events with muon pt outside of [26,200] GeV. Setting those entries to their initial value.
There are 270 nan entries in the corrected pt. This might be due to the number of tracker layers hitting boundaries. Setting those entries to their initial value.
There are 72700 events with muon pt outside of [26,200] GeV. Setting those entries to their initial value.
There are 40644 events with muon pt outside of [26,200] GeV. Setting those entries to their initial value.
There are 40646 events with muon pt outside of [26,200] GeV. Setting those entries to their initial value.
There are 151 nan entries in the corrected pt. This might be due to the number of tracker layers hitting boundaries. Setting those entries to their initial value.
There are 44660 events with muon pt outside of [26,200] GeV. Setting those entries to their initial value.
There are 45949 events with muon pt outside of [26,200] GeV. Setting those entries to their initial value.
There are 45954 events with muon pt outside of [26,200] GeV. Setting those entries to their initial value.
There are 208 nan entries in the corrected pt. This might be due to the number of tracker layers hitting boundaries. Setting those entries to their initial value.
There are 50459 events with muon pt outside of [26,200] GeV. Setting those entries to their initial value.
There are 46239 events with muon pt outside of [26,200] GeV. Setting those entries to their initial value.
There are 46242 events with muon pt outside of [26,200] GeV. Setting those entries to their initial value.
There are 167 nan entries in the corrected pt. This might be due to the number of tracker layers hitting boundaries. Setting those entries to their initial value.
There are 50694 events with muon pt outside of [26,200] GeV. Setting those entries to their initial value.
There are 43363 events with muon pt outside of [26,200] GeV. Setting those entries to their initial value.
There are 43367 events with muon pt outside of [26,200] GeV. Setting those entries to their initial value.
There are 180 nan entries in the corrected pt. This might be due to the number of tracker layers hitting boundaries. Setting those entries to their initial value.
There are 47896 events with muon pt outside of [26,200] GeV. Setting those entries to their initial value.
There are 29232 events with muon pt outside of [26,200] GeV. Setting those entries to their initial value.
There are 29232 events with muon pt outside of [26,200] GeV. Setting those entries to their initial value.
There are 126 nan entries in the corrected pt. This might be due to the number of tracker layers hitting boundaries. Setting those entries to their initial value.
There are 32357 events with muon pt outside of [26,200] GeV. Setting those entries to their initial value.
There are 48119 events with muon pt outside of [26,200] GeV. Setting those entries to their initial value.
There are 48124 events with muon pt outside of [26,200] GeV. Setting those entries to their initial value.
There are 180 nan entries in the corrected pt. This might be due to the number of tracker layers hitting boundaries. Setting those entries to their initial value.
There are 53265 events with muon pt outside of [26,200] GeV. Setting those entries to their initial value.
There are 42415 events with muon pt outside of [26,200] GeV. Setting those entries to their initial value.
There are 42418 events with muon pt outside of [26,200] GeV. Setting those entries to their initial value.
There are 154 nan entries in the corrected pt. This might be due to the number of tracker layers hitting boundaries. Setting those entries to their initial value.
There are 46473 events with muon pt outside of [26,200] GeV. Setting those entries to their initial value.
There are 925 events with muon pt outside of [26,200] GeV. Setting those entries to their initial value.
There are 925 events with muon pt outside of [26,200] GeV. Setting those entries to their initial value.
There are 5 nan entries in the corrected pt. This might be due to the number of tracker layers hitting boundaries. Setting those entries to their initial value.
There are 1045 events with muon pt outside of [26,200] GeV. Setting those entries to their initial value.
There are 46277 events with muon pt outside of [26,200] GeV. Setting those entries to their initial value.
There are 46278 events with muon pt outside of [26,200] GeV. Setting those entries to their initial value.
There are 222 nan entries in the corrected pt. This might be due to the number of tracker layers hitting boundaries. Setting those entries to their initial value.
There are 50914 events with muon pt outside of [26,200] GeV. Setting those entries to their initial value.
There are 40730 events with muon pt outside of [26,200] GeV. Setting those entries to their initial value.
There are 40735 events with muon pt outside of [26,200] GeV. Setting those entries to their initial value.
There are 187 nan entries in the corrected pt. This might be due to the number of tracker layers hitting boundaries. Setting those entries to their initial value.
There are 44490 events with muon pt outside of [26,200] GeV. Setting those entries to their initial value.
There are 45956 events with muon pt outside of [26,200] GeV. Setting those entries to their initial value.
There are 45960 events with muon pt outside of [26,200] GeV. Setting those entries to their initial value.
There are 169 nan entries in the corrected pt. This might be due to the number of tracker layers hitting boundaries. Setting those entries to their initial value.
There are 50736 events with muon pt outside of [26,200] GeV. Setting those entries to their initial value.
There are 43522 events with muon pt outside of [26,200] GeV. Setting those entries to their initial value.
There are 43524 events with muon pt outside of [26,200] GeV. Setting those entries to their initial value.
There are 197 nan entries in the corrected pt. This might be due to the number of tracker layers hitting boundaries. Setting those entries to their initial value.
There are 48132 events with muon pt outside of [26,200] GeV. Setting those entries to their initial value.
There are 43252 events with muon pt outside of [26,200] GeV. Setting those entries to their initial value.
There are 43253 events with muon pt outside of [26,200] GeV. Setting those entries to their initial value.
There are 188 nan entries in the corrected pt. This might be due to the number of tracker layers hitting boundaries. Setting those entries to their initial value.
There are 47738 events with muon pt outside of [26,200] GeV. Setting those entries to their initial value.
There are 48253 events with muon pt outside of [26,200] GeV. Setting those entries to their initial value.
There are 48255 events with muon pt outside of [26,200] GeV. Setting those entries to their initial value.
There are 202 nan entries in the corrected pt. This might be due to the number of tracker layers hitting boundaries. Setting those entries to their initial value.
There are 52930 events with muon pt outside of [26,200] GeV. Setting those entries to their initial value.
There are 48257 events with muon pt outside of [26,200] GeV. Setting those entries to their initial value.
There are 48259 events with muon pt outside of [26,200] GeV. Setting those entries to their initial value.
There are 184 nan entries in the corrected pt. This might be due to the number of tracker layers hitting boundaries. Setting those entries to their initial value.
There are 53327 events with muon pt outside of [26,200] GeV. Setting those entries to their initial value.
There are 46026 events with muon pt outside of [26,200] GeV. Setting those entries to their initial value.
There are 46030 events with muon pt outside of [26,200] GeV. Setting those entries to their initial value.
There are 185 nan entries in the corrected pt. This might be due to the number of tracker layers hitting boundaries. Setting those entries to their initial value.
There are 50898 events with muon pt outside of [26,200] GeV. Setting those entries to their initial value.
There are 42798 events with muon pt outside of [26,200] GeV. Setting those entries to their initial value.
There are 42799 events with muon pt outside of [26,200] GeV. Setting those entries to their initial value.
There are 184 nan entries in the corrected pt. This might be due to the number of tracker layers hitting boundaries. Setting those entries to their initial value.
There are 47173 events with muon pt outside of [26,200] GeV. Setting those entries to their initial value.
There are 40879 events with muon pt outside of [26,200] GeV. Setting those entries to their initial value.
There are 40879 events with muon pt outside of [26,200] GeV. Setting those entries to their initial value.
There are 156 nan entries in the corrected pt. This might be due to the number of tracker layers hitting boundaries. Setting those entries to their initial value.
There are 44664 events with muon pt outside of [26,200] GeV. Setting those entries to their initial value.
There are 40345 events with muon pt outside of [26,200] GeV. Setting those entries to their initial value.
There are 40347 events with muon pt outside of [26,200] GeV. Setting those entries to their initial value.
There are 166 nan entries in the corrected pt. This might be due to the number of tracker layers hitting boundaries. Setting those entries to their initial value.
There are 44765 events with muon pt outside of [26,200] GeV. Setting those entries to their initial value.
There are 45920 events with muon pt outside of [26,200] GeV. Setting those entries to their initial value.
There are 45920 events with muon pt outside of [26,200] GeV. Setting those entries to their initial value.
There are 204 nan entries in the corrected pt. This might be due to the number of tracker layers hitting boundaries. Setting those entries to their initial value.
There are 50513 events with muon pt outside of [26,200] GeV. Setting those entries to their initial value.
There are 43462 events with muon pt outside of [26,200] GeV. Setting those entries to their initial value.
There are 43463 events with muon pt outside of [26,200] GeV. Setting those entries to their initial value.
There are 189 nan entries in the corrected pt. This might be due to the number of tracker layers hitting boundaries. Setting those entries to their initial value.
There are 48010 events with muon pt outside of [26,200] GeV. Setting those entries to their initial value.
There are 43302 events with muon pt outside of [26,200] GeV. Setting those entries to their initial value.
There are 43304 events with muon pt outside of [26,200] GeV. Setting those entries to their initial value.
There are 166 nan entries in the corrected pt. This might be due to the number of tracker layers hitting boundaries. Setting those entries to their initial value.
There are 47768 events with muon pt outside of [26,200] GeV. Setting those entries to their initial value.
There are 48395 events with muon pt outside of [26,200] GeV. Setting those entries to their initial value.
There are 48398 events with muon pt outside of [26,200] GeV. Setting those entries to their initial value.
There are 220 nan entries in the corrected pt. This might be due to the number of tracker layers hitting boundaries. Setting those entries to their initial value.
There are 52923 events with muon pt outside of [26,200] GeV. Setting those entries to their initial value.
There are 42443 events with muon pt outside of [26,200] GeV. Setting those entries to their initial value.
There are 42445 events with muon pt outside of [26,200] GeV. Setting those entries to their initial value.
There are 182 nan entries in the corrected pt. This might be due to the number of tracker layers hitting boundaries. Setting those entries to their initial value.
There are 46588 events with muon pt outside of [26,200] GeV. Setting those entries to their initial value.
There are 43053 events with muon pt outside of [26,200] GeV. Setting those entries to their initial value.
There are 43056 events with muon pt outside of [26,200] GeV. Setting those entries to their initial value.
There are 202 nan entries in the corrected pt. This might be due to the number of tracker layers hitting boundaries. Setting those entries to their initial value.
There are 47243 events with muon pt outside of [26,200] GeV. Setting those entries to their initial value.
