000 (14722387.009.000) 02/25 15:24:09 Job submitted from host: <188.184.90.62:9618?addrs=188.184.90.62-9618+[2001-1458-201-e4--100-238]-9618&alias=bigbird16.cern.ch&noUDP&sock=schedd_5196_9a2f>
...
040 (14722387.009.000) 02/25 15:27:10 Started transferring input files
	Transferring to host: <188.185.210.43:9618?addrs=188.185.210.43-9618+[2001-1458-303-1--100-27]-9618&alias=b9p21p4088.cern.ch&noUDP&sock=slot1_24_7271_d3c1_170252>
...
040 (14722387.009.000) 02/25 15:27:10 Finished transferring input files
...
001 (14722387.009.000) 02/25 15:27:11 Job executing on host: <188.185.210.43:9618?addrs=188.185.210.43-9618+[2001-1458-303-1--100-27]-9618&alias=b9p21p4088.cern.ch&noUDP&sock=startd_6573_1c19>
	SlotName: slot1_24@b9p21p4088.cern.ch
	CondorScratchDir = "/pool/condor/dir_4096031"
	Cpus = 1
	Disk = 3859
	GPUs = 0
	Memory = 3000
...
006 (14722387.009.000) 02/25 15:27:25 Image size of job updated: 493528
	482  -  MemoryUsage of job (MB)
	493528  -  ResidentSetSize of job (KB)
...
006 (14722387.009.000) 02/25 15:28:22 Image size of job updated: 593936
	482  -  MemoryUsage of job (MB)
	493528  -  ResidentSetSize of job (KB)
...
040 (14722387.009.000) 02/25 15:28:22 Started transferring output files
...
040 (14722387.009.000) 02/25 15:28:22 Finished transferring output files
...
005 (14722387.009.000) 02/25 15:28:22 Job terminated.
	(1) Normal termination (return value 1)
		Usr 0 00:00:23, Sys 0 00:00:02  -  Run Remote Usage
		Usr 0 00:00:00, Sys 0 00:00:00  -  Run Local Usage
		Usr 0 00:00:23, Sys 0 00:00:02  -  Total Remote Usage
		Usr 0 00:00:00, Sys 0 00:00:00  -  Total Local Usage
	10517  -  Run Bytes Sent By Job
	30224  -  Run Bytes Received By Job
	10517  -  Total Bytes Sent By Job
	30224  -  Total Bytes Received By Job
	Partitionable Resources :    Usage  Request Allocated 
	   Cpus                 :        0        1         1 
	   Disk (KB)            :       66       32      3859 
	   GPUs                 :                           0 
	   Memory (MB)          :      482     3000      3000 
	   TimeExecute (s)      :       71                    
	   TimeSlotBusy (s)     :       73                    

	Job terminated of its own accord at 2026-02-25T14:28:22Z with exit-code 1.
...
