000 (14752964.009.000) 02/26 16:23:24 Job submitted from host: <188.184.90.62:9618?addrs=188.184.90.62-9618+[2001-1458-201-e4--100-238]-9618&alias=bigbird16.cern.ch&noUDP&sock=schedd_5196_9a2f>
...
040 (14752964.009.000) 02/26 16:27:31 Started transferring input files
	Transferring to host: <188.185.205.220:9618?addrs=188.185.205.220-9618+[2001-1458-303-a--100-59]-9618&alias=b9p04p1288.cern.ch&noUDP&sock=slot1_20_8245_1928_157766>
...
040 (14752964.009.000) 02/26 16:27:31 Finished transferring input files
...
001 (14752964.009.000) 02/26 16:27:32 Job executing on host: <188.185.205.220:9618?addrs=188.185.205.220-9618+[2001-1458-303-a--100-59]-9618&alias=b9p04p1288.cern.ch&noUDP&sock=startd_7297_b6aa>
	SlotName: slot1_20@b9p04p1288.cern.ch
	CondorScratchDir = "/pool/condor/dir_1184864"
	Cpus = 1
	Disk = 3523
	GPUs = 0
	Memory = 3000
...
006 (14752964.009.000) 02/26 16:27:46 Image size of job updated: 493492
	482  -  MemoryUsage of job (MB)
	493492  -  ResidentSetSize of job (KB)
...
006 (14752964.009.000) 02/26 16:27:49 Image size of job updated: 493920
	482  -  MemoryUsage of job (MB)
	493492  -  ResidentSetSize of job (KB)
...
040 (14752964.009.000) 02/26 16:27:49 Started transferring output files
...
040 (14752964.009.000) 02/26 16:27:49 Finished transferring output files
...
005 (14752964.009.000) 02/26 16:27:49 Job terminated.
	(1) Normal termination (return value 1)
		Usr 0 00:00:04, Sys 0 00:00:02  -  Run Remote Usage
		Usr 0 00:00:00, Sys 0 00:00:00  -  Run Local Usage
		Usr 0 00:00:04, Sys 0 00:00:02  -  Total Remote Usage
		Usr 0 00:00:00, Sys 0 00:00:00  -  Total Local Usage
	10653  -  Run Bytes Sent By Job
	30315  -  Run Bytes Received By Job
	10653  -  Total Bytes Sent By Job
	30315  -  Total Bytes Received By Job
	Partitionable Resources :    Usage  Request Allocated 
	   Cpus                 :        0        1         1 
	   Disk (KB)            :       68       32      3523 
	   GPUs                 :                           0 
	   Memory (MB)          :      482     3000      3000 
	   TimeExecute (s)      :       17                    
	   TimeSlotBusy (s)     :       19                    

	Job terminated of its own accord at 2026-02-26T15:27:49Z with exit-code 1.
...
