000 (14729965.004.000) 02/25 17:14:46 Job submitted from host: <188.184.90.62:9618?addrs=188.184.90.62-9618+[2001-1458-201-e4--100-238]-9618&alias=bigbird16.cern.ch&noUDP&sock=schedd_5196_9a2f>
...
040 (14729965.004.000) 02/25 17:18:44 Started transferring input files
	Transferring to host: <188.185.212.27:9618?addrs=188.185.212.27-9618+[2001-1458-303-18--100-17]-9618&alias=b9p25p7739.cern.ch&noUDP&sock=slot1_9_2793087_3745_92239>
...
040 (14729965.004.000) 02/25 17:18:44 Finished transferring input files
...
001 (14729965.004.000) 02/25 17:18:45 Job executing on host: <188.185.212.27:9618?addrs=188.185.212.27-9618+[2001-1458-303-18--100-17]-9618&alias=b9p25p7739.cern.ch&noUDP&sock=startd_4608_487f>
	SlotName: slot1_9@b9p25p7739.cern.ch
	CondorScratchDir = "/pool/condor/dir_1226064"
	Cpus = 1
	Disk = 3805
	GPUs = 0
	Memory = 3000
...
006 (14729965.004.000) 02/25 17:18:59 Image size of job updated: 148116
	145  -  MemoryUsage of job (MB)
	148116  -  ResidentSetSize of job (KB)
...
006 (14729965.004.000) 02/25 17:24:00 Image size of job updated: 4019596
	3909  -  MemoryUsage of job (MB)
	4002428  -  ResidentSetSize of job (KB)
...
006 (14729965.004.000) 02/25 17:29:00 Image size of job updated: 4243032
	4144  -  MemoryUsage of job (MB)
	4243032  -  ResidentSetSize of job (KB)
...
006 (14729965.004.000) 02/25 17:34:01 Image size of job updated: 4689696
	4575  -  MemoryUsage of job (MB)
	4683832  -  ResidentSetSize of job (KB)
...
006 (14729965.004.000) 02/25 17:38:19 Image size of job updated: 4690492
	4575  -  MemoryUsage of job (MB)
	4683832  -  ResidentSetSize of job (KB)
...
040 (14729965.004.000) 02/25 17:38:19 Started transferring output files
...
040 (14729965.004.000) 02/25 17:38:19 Finished transferring output files
...
005 (14729965.004.000) 02/25 17:38:19 Job terminated.
	(1) Normal termination (return value 1)
		Usr 0 00:18:19, Sys 0 00:00:41  -  Run Remote Usage
		Usr 0 00:00:00, Sys 0 00:00:00  -  Run Local Usage
		Usr 0 00:18:19, Sys 0 00:00:41  -  Total Remote Usage
		Usr 0 00:00:00, Sys 0 00:00:00  -  Total Local Usage
	37924  -  Run Bytes Sent By Job
	30218  -  Run Bytes Received By Job
	37924  -  Total Bytes Sent By Job
	30218  -  Total Bytes Received By Job
	Partitionable Resources :    Usage  Request Allocated 
	   Cpus                 :     0.47        1         1 
	   Disk (KB)            :    93          32      3805 
	   GPUs                 :                           0 
	   Memory (MB)          :  4575        3000      3000 
	   TimeExecute (s)      :  1174                       
	   TimeSlotBusy (s)     :  1177                       

	Job terminated of its own accord at 2026-02-25T16:38:19Z with exit-code 1.
...
