000 (14722387.012.000) 02/25 15:24:09 Job submitted from host: <188.184.90.62:9618?addrs=188.184.90.62-9618+[2001-1458-201-e4--100-238]-9618&alias=bigbird16.cern.ch&noUDP&sock=schedd_5196_9a2f>
...
040 (14722387.012.000) 02/25 15:27:11 Started transferring input files
	Transferring to host: <188.185.213.48:9618?addrs=188.185.213.48-9618+[2001-1458-303-1a--100-2c]-9618&alias=b9p27p4287.cern.ch&noUDP&sock=slot1_38_5301_c8b1_168963>
...
040 (14722387.012.000) 02/25 15:27:11 Finished transferring input files
...
001 (14722387.012.000) 02/25 15:27:12 Job executing on host: <188.185.213.48:9618?addrs=188.185.213.48-9618+[2001-1458-303-1a--100-2c]-9618&alias=b9p27p4287.cern.ch&noUDP&sock=startd_4346_92af>
	SlotName: slot1_38@b9p27p4287.cern.ch
	CondorScratchDir = "/pool/condor/dir_2188720"
	Cpus = 1
	Disk = 3751
	GPUs = 0
	Memory = 3000
...
006 (14722387.012.000) 02/25 15:27:26 Image size of job updated: 550520
	538  -  MemoryUsage of job (MB)
	550520  -  ResidentSetSize of job (KB)
...
006 (14722387.012.000) 02/25 15:32:27 Image size of job updated: 3876012
	3786  -  MemoryUsage of job (MB)
	3876012  -  ResidentSetSize of job (KB)
...
006 (14722387.012.000) 02/25 15:35:00 Image size of job updated: 4478008
	3786  -  MemoryUsage of job (MB)
	3876012  -  ResidentSetSize of job (KB)
...
040 (14722387.012.000) 02/25 15:35:00 Started transferring output files
...
040 (14722387.012.000) 02/25 15:35:00 Finished transferring output files
...
005 (14722387.012.000) 02/25 15:35:00 Job terminated.
	(1) Normal termination (return value 1)
		Usr 0 00:09:31, Sys 0 00:00:25  -  Run Remote Usage
		Usr 0 00:00:00, Sys 0 00:00:00  -  Run Local Usage
		Usr 0 00:09:31, Sys 0 00:00:25  -  Total Remote Usage
		Usr 0 00:00:00, Sys 0 00:00:00  -  Total Local Usage
	29154  -  Run Bytes Sent By Job
	30224  -  Run Bytes Received By Job
	29154  -  Total Bytes Sent By Job
	30224  -  Total Bytes Received By Job
	Partitionable Resources :    Usage  Request Allocated 
	   Cpus                 :     3.36        1         1 
	   Disk (KB)            :    84          32      3751 
	   GPUs                 :                           0 
	   Memory (MB)          :  3786        3000      3000 
	   TimeExecute (s)      :   468                       
	   TimeSlotBusy (s)     :   470                       

	Job terminated of its own accord at 2026-02-25T14:35:00Z with exit-code 1.
...
