000 (14729965.005.000) 02/25 17:14:46 Job submitted from host: <188.184.90.62:9618?addrs=188.184.90.62-9618+[2001-1458-201-e4--100-238]-9618&alias=bigbird16.cern.ch&noUDP&sock=schedd_5196_9a2f>
...
040 (14729965.005.000) 02/25 17:18:44 Started transferring input files
	Transferring to host: <188.185.211.58:9618?addrs=188.185.211.58-9618+[2001-1458-303-16--100-36]-9618&alias=b9p23p3468.cern.ch&noUDP&sock=slot1_30_6433_615f_50193>
...
040 (14729965.005.000) 02/25 17:18:44 Finished transferring input files
...
001 (14729965.005.000) 02/25 17:18:45 Job executing on host: <188.185.211.58:9618?addrs=188.185.211.58-9618+[2001-1458-303-16--100-36]-9618&alias=b9p23p3468.cern.ch&noUDP&sock=startd_5786_4b10>
	SlotName: slot1_30@b9p23p3468.cern.ch
	CondorScratchDir = "/pool/condor/dir_2492455"
	Cpus = 1
	Disk = 3766
	GPUs = 0
	Memory = 3000
...
006 (14729965.005.000) 02/25 17:18:59 Image size of job updated: 129468
	127  -  MemoryUsage of job (MB)
	129468  -  ResidentSetSize of job (KB)
...
006 (14729965.005.000) 02/25 17:24:00 Image size of job updated: 3457696
	3377  -  MemoryUsage of job (MB)
	3457696  -  ResidentSetSize of job (KB)
...
006 (14729965.005.000) 02/25 17:29:00 Image size of job updated: 4469924
	4366  -  MemoryUsage of job (MB)
	4469924  -  ResidentSetSize of job (KB)
...
006 (14729965.005.000) 02/25 17:34:00 Image size of job updated: 5002380
	4799  -  MemoryUsage of job (MB)
	4914000  -  ResidentSetSize of job (KB)
...
040 (14729965.005.000) 02/25 17:34:35 Started transferring output files
...
040 (14729965.005.000) 02/25 17:34:35 Finished transferring output files
...
005 (14729965.005.000) 02/25 17:34:35 Job terminated.
	(1) Normal termination (return value 1)
		Usr 0 00:12:43, Sys 0 00:00:26  -  Run Remote Usage
		Usr 0 00:00:00, Sys 0 00:00:00  -  Run Local Usage
		Usr 0 00:12:43, Sys 0 00:00:26  -  Total Remote Usage
		Usr 0 00:00:00, Sys 0 00:00:00  -  Total Local Usage
	31426  -  Run Bytes Sent By Job
	30218  -  Run Bytes Received By Job
	31426  -  Total Bytes Sent By Job
	30218  -  Total Bytes Received By Job
	Partitionable Resources :    Usage  Request Allocated 
	   Cpus                 :     0.05        1         1 
	   Disk (KB)            :    86          32      3766 
	   GPUs                 :                           0 
	   Memory (MB)          :  4799        3000      3000 
	   TimeExecute (s)      :   950                       
	   TimeSlotBusy (s)     :   953                       

	Job terminated of its own accord at 2026-02-25T16:34:35Z with exit-code 1.
...
