000 (14752964.006.000) 02/26 16:23:24 Job submitted from host: <188.184.90.62:9618?addrs=188.184.90.62-9618+[2001-1458-201-e4--100-238]-9618&alias=bigbird16.cern.ch&noUDP&sock=schedd_5196_9a2f>
...
040 (14752964.006.000) 02/26 16:27:30 Started transferring input files
	Transferring to host: <188.185.208.85:9618?addrs=188.185.208.85-9618+[2001-1458-303-f--100-52]-9618&alias=b9p09p1103.cern.ch&noUDP&sock=slot1_30_10958_a6f7_149762>
...
040 (14752964.006.000) 02/26 16:27:30 Finished transferring input files
...
001 (14752964.006.000) 02/26 16:27:31 Job executing on host: <188.185.208.85:9618?addrs=188.185.208.85-9618+[2001-1458-303-f--100-52]-9618&alias=b9p09p1103.cern.ch&noUDP&sock=startd_10542_837d>
	SlotName: slot1_30@b9p09p1103.cern.ch
	CondorScratchDir = "/pool/condor/dir_1659909"
	Cpus = 1
	Disk = 3794
	GPUs = 0
	Memory = 3000
...
006 (14752964.006.000) 02/26 16:27:45 Image size of job updated: 158888
	10  -  MemoryUsage of job (MB)
	9584  -  ResidentSetSize of job (KB)
...
040 (14752964.006.000) 02/26 16:27:45 Started transferring output files
...
040 (14752964.006.000) 02/26 16:27:45 Finished transferring output files
...
005 (14752964.006.000) 02/26 16:27:46 Job terminated.
	(1) Normal termination (return value 1)
		Usr 0 00:00:04, Sys 0 00:00:01  -  Run Remote Usage
		Usr 0 00:00:00, Sys 0 00:00:00  -  Run Local Usage
		Usr 0 00:00:04, Sys 0 00:00:01  -  Total Remote Usage
		Usr 0 00:00:00, Sys 0 00:00:00  -  Total Local Usage
	10506  -  Run Bytes Sent By Job
	30315  -  Run Bytes Received By Job
	10506  -  Total Bytes Sent By Job
	30315  -  Total Bytes Received By Job
	Partitionable Resources :    Usage  Request Allocated 
	   Cpus                 :        0        1         1 
	   Disk (KB)            :       69       32      3794 
	   GPUs                 :                           0 
	   Memory (MB)          :       10     3000      3000 
	   TimeExecute (s)      :       14                    
	   TimeSlotBusy (s)     :       16                    

	Job terminated of its own accord at 2026-02-26T15:27:45Z with exit-code 1.
...
