000 (14737680.005.000) 02/25 20:32:49 Job submitted from host: <188.184.90.62:9618?addrs=188.184.90.62-9618+[2001-1458-201-e4--100-238]-9618&alias=bigbird16.cern.ch&noUDP&sock=schedd_5196_9a2f>
...
040 (14737680.005.000) 02/25 20:36:33 Started transferring input files
	Transferring to host: <128.142.33.21:9618?addrs=128.142.33.21-9618+[2001-1458-301-53--100-12]-9618&alias=b9g34p3169.cern.ch&noUDP&sock=slot1_4_3576879_95c6_87550>
...
040 (14737680.005.000) 02/25 20:36:33 Finished transferring input files
...
001 (14737680.005.000) 02/25 20:36:34 Job executing on host: <128.142.33.21:9618?addrs=128.142.33.21-9618+[2001-1458-301-53--100-12]-9618&alias=b9g34p3169.cern.ch&noUDP&sock=startd_3569_9d99>
	SlotName: slot1_4@b9g34p3169.cern.ch
	CondorScratchDir = "/pool/condor/dir_873362"
	Cpus = 1
	Disk = 3729
	GPUs = 0
	Memory = 3000
...
006 (14737680.005.000) 02/25 20:36:48 Image size of job updated: 494364
	483  -  MemoryUsage of job (MB)
	494364  -  ResidentSetSize of job (KB)
...
006 (14737680.005.000) 02/25 20:41:49 Image size of job updated: 2503632
	2322  -  MemoryUsage of job (MB)
	2377196  -  ResidentSetSize of job (KB)
...
006 (14737680.005.000) 02/25 20:45:32 Image size of job updated: 3340252
	2322  -  MemoryUsage of job (MB)
	2377196  -  ResidentSetSize of job (KB)
...
040 (14737680.005.000) 02/25 20:45:32 Started transferring output files
...
040 (14737680.005.000) 02/25 20:45:32 Finished transferring output files
...
005 (14737680.005.000) 02/25 20:45:32 Job terminated.
	(1) Normal termination (return value 1)
		Usr 0 00:14:25, Sys 0 00:00:17  -  Run Remote Usage
		Usr 0 00:00:00, Sys 0 00:00:00  -  Run Local Usage
		Usr 0 00:14:25, Sys 0 00:00:17  -  Total Remote Usage
		Usr 0 00:00:00, Sys 0 00:00:00  -  Total Local Usage
	31330  -  Run Bytes Sent By Job
	30315  -  Run Bytes Received By Job
	31330  -  Total Bytes Sent By Job
	30315  -  Total Bytes Received By Job
	Partitionable Resources :    Usage  Request Allocated 
	   Cpus                 :     1.77        1         1 
	   Disk (KB)            :    86          32      3729 
	   GPUs                 :                           0 
	   Memory (MB)          :  2322        3000      3000 
	   TimeExecute (s)      :   538                       
	   TimeSlotBusy (s)     :   540                       

	Job terminated of its own accord at 2026-02-25T19:45:32Z with exit-code 1.
...
