000 (14752964.003.000) 02/26 16:23:24 Job submitted from host: <188.184.90.62:9618?addrs=188.184.90.62-9618+[2001-1458-201-e4--100-238]-9618&alias=bigbird16.cern.ch&noUDP&sock=schedd_5196_9a2f>
...
040 (14752964.003.000) 02/26 16:27:29 Started transferring input files
	Transferring to host: <188.185.210.198:9618?addrs=188.185.210.198-9618+[2001-1458-303-15--100-42]-9618&alias=b9p22p0443.cern.ch&noUDP&sock=slot1_6_4203_24c4_40143>
...
040 (14752964.003.000) 02/26 16:27:29 Finished transferring input files
...
001 (14752964.003.000) 02/26 16:27:30 Job executing on host: <188.185.210.198:9618?addrs=188.185.210.198-9618+[2001-1458-303-15--100-42]-9618&alias=b9p22p0443.cern.ch&noUDP&sock=startd_3557_6276>
	SlotName: slot1_6@b9p22p0443.cern.ch
	CondorScratchDir = "/pool/condor/dir_588616"
	Cpus = 1
	Disk = 3798
	GPUs = 0
	Memory = 3000
...
006 (14752964.003.000) 02/26 16:27:44 Image size of job updated: 484408
	474  -  MemoryUsage of job (MB)
	484408  -  ResidentSetSize of job (KB)
...
040 (14752964.003.000) 02/26 16:27:46 Started transferring output files
...
040 (14752964.003.000) 02/26 16:27:46 Finished transferring output files
...
005 (14752964.003.000) 02/26 16:27:46 Job terminated.
	(1) Normal termination (return value 1)
		Usr 0 00:00:04, Sys 0 00:00:02  -  Run Remote Usage
		Usr 0 00:00:00, Sys 0 00:00:00  -  Run Local Usage
		Usr 0 00:00:04, Sys 0 00:00:02  -  Total Remote Usage
		Usr 0 00:00:00, Sys 0 00:00:00  -  Total Local Usage
	10280  -  Run Bytes Sent By Job
	30315  -  Run Bytes Received By Job
	10280  -  Total Bytes Sent By Job
	30315  -  Total Bytes Received By Job
	Partitionable Resources :    Usage  Request Allocated 
	   Cpus                 :        0        1         1 
	   Disk (KB)            :       66       32      3798 
	   GPUs                 :                           0 
	   Memory (MB)          :      474     3000      3000 
	   TimeExecute (s)      :       15                    
	   TimeSlotBusy (s)     :       18                    

	Job terminated of its own accord at 2026-02-26T15:27:45Z with exit-code 1.
...
