subject   : /DC=ch/DC=cern/OU=Organic Units/OU=Users/CN=driosper/CN=886669/CN=Diego Alejandro Rios Perez/CN=1573519443
issuer    : /DC=ch/DC=cern/OU=Organic Units/OU=Users/CN=driosper/CN=886669/CN=Diego Alejandro Rios Perez
identity  : /DC=ch/DC=cern/OU=Organic Units/OU=Users/CN=driosper/CN=886669/CN=Diego Alejandro Rios Perez
type      : RFC compliant proxy
strength  : 2048 bits
path      : /afs/cern.ch/user/d/driosper/private/x509up_u182284
timeleft  : 11:49:35
key usage : Digital Signature, Key Encipherment
=== VO cms extension information ===
VO        : cms
subject   : /DC=ch/DC=cern/OU=Organic Units/OU=Users/CN=driosper/CN=886669/CN=Diego Alejandro Rios Perez
issuer    : /DC=ch/DC=cern/OU=computers/CN=cms-auth.cern.ch
attribute : /cms/Role=NULL/Capability=NULL
timeleft  : 11:49:35
uri       : voms-cms-auth.cern.ch:15000
--workflow ztoee --year 2022preEE --output_path /eos/user/d/driosper/bsm3g_coffea/outputs/ztoee/2022preEE/TTtoLNu2Q --output_format coffea --dataset TTtoLNu2Q_6 --partition_json /srv/partition_fileset.json
  Preprocessing 100% ━━━━━━━━━━━━━━━━ 10/10 [ 0:00:17 < 0:00:00 | 0.6   file/s ]
Merging (local) 100% ━━━━━━━━━━━━━━━━ 10/10 [ 0:00:17 < 0:00:00 | ?   merges/s ]
     Processing   8% ━                 3/37 [ 0:00:51 < 0:00:44 | 0.8  chunk/s ]
Merging (local) 100% ━━━━━━━━━━━━━━━━━  2/2 [ 0:00:49 < 0:00:00 | ?   merges/s ]
There are 48787 events with muon pt outside of [26,200] GeV. Setting those entries to their initial value.
There are 48791 events with muon pt outside of [26,200] GeV. Setting those entries to their initial value.
There are 184 nan entries in the corrected pt. This might be due to the number of tracker layers hitting boundaries. Setting those entries to their initial value.
There are 54179 events with muon pt outside of [26,200] GeV. Setting those entries to their initial value.
There are 44692 events with muon pt outside of [26,200] GeV. Setting those entries to their initial value.
There are 44696 events with muon pt outside of [26,200] GeV. Setting those entries to their initial value.
There are 175 nan entries in the corrected pt. This might be due to the number of tracker layers hitting boundaries. Setting those entries to their initial value.
There are 49396 events with muon pt outside of [26,200] GeV. Setting those entries to their initial value.
There are 34489 events with muon pt outside of [26,200] GeV. Setting those entries to their initial value.
There are 34490 events with muon pt outside of [26,200] GeV. Setting those entries to their initial value.
There are 140 nan entries in the corrected pt. This might be due to the number of tracker layers hitting boundaries. Setting those entries to their initial value.
There are 37744 events with muon pt outside of [26,200] GeV. Setting those entries to their initial value.
There are 34451 events with muon pt outside of [26,200] GeV. Setting those entries to their initial value.
There are 34454 events with muon pt outside of [26,200] GeV. Setting those entries to their initial value.
There are 151 nan entries in the corrected pt. This might be due to the number of tracker layers hitting boundaries. Setting those entries to their initial value.
There are 38072 events with muon pt outside of [26,200] GeV. Setting those entries to their initial value.
There are 47573 events with muon pt outside of [26,200] GeV. Setting those entries to their initial value.
There are 47577 events with muon pt outside of [26,200] GeV. Setting those entries to their initial value.
There are 209 nan entries in the corrected pt. This might be due to the number of tracker layers hitting boundaries. Setting those entries to their initial value.
There are 52020 events with muon pt outside of [26,200] GeV. Setting those entries to their initial value.
There are 47453 events with muon pt outside of [26,200] GeV. Setting those entries to their initial value.
There are 47455 events with muon pt outside of [26,200] GeV. Setting those entries to their initial value.
There are 197 nan entries in the corrected pt. This might be due to the number of tracker layers hitting boundaries. Setting those entries to their initial value.
There are 52260 events with muon pt outside of [26,200] GeV. Setting those entries to their initial value.
There are 45496 events with muon pt outside of [26,200] GeV. Setting those entries to their initial value.
There are 45498 events with muon pt outside of [26,200] GeV. Setting those entries to their initial value.
There are 180 nan entries in the corrected pt. This might be due to the number of tracker layers hitting boundaries. Setting those entries to their initial value.
There are 50052 events with muon pt outside of [26,200] GeV. Setting those entries to their initial value.
There are 44701 events with muon pt outside of [26,200] GeV. Setting those entries to their initial value.
There are 44704 events with muon pt outside of [26,200] GeV. Setting those entries to their initial value.
There are 161 nan entries in the corrected pt. This might be due to the number of tracker layers hitting boundaries. Setting those entries to their initial value.
There are 49064 events with muon pt outside of [26,200] GeV. Setting those entries to their initial value.
There are 45043 events with muon pt outside of [26,200] GeV. Setting those entries to their initial value.
There are 45044 events with muon pt outside of [26,200] GeV. Setting those entries to their initial value.
There are 190 nan entries in the corrected pt. This might be due to the number of tracker layers hitting boundaries. Setting those entries to their initial value.
There are 49350 events with muon pt outside of [26,200] GeV. Setting those entries to their initial value.
There are 5524 events with muon pt outside of [26,200] GeV. Setting those entries to their initial value.
There are 5524 events with muon pt outside of [26,200] GeV. Setting those entries to their initial value.
There are 25 nan entries in the corrected pt. This might be due to the number of tracker layers hitting boundaries. Setting those entries to their initial value.
There are 6184 events with muon pt outside of [26,200] GeV. Setting those entries to their initial value.
There are 49098 events with muon pt outside of [26,200] GeV. Setting those entries to their initial value.
There are 49099 events with muon pt outside of [26,200] GeV. Setting those entries to their initial value.
There are 215 nan entries in the corrected pt. This might be due to the number of tracker layers hitting boundaries. Setting those entries to their initial value.
There are 54069 events with muon pt outside of [26,200] GeV. Setting those entries to their initial value.
There are 44756 events with muon pt outside of [26,200] GeV. Setting those entries to their initial value.
There are 44759 events with muon pt outside of [26,200] GeV. Setting those entries to their initial value.
There are 223 nan entries in the corrected pt. This might be due to the number of tracker layers hitting boundaries. Setting those entries to their initial value.
There are 49185 events with muon pt outside of [26,200] GeV. Setting those entries to their initial value.
There are 44758 events with muon pt outside of [26,200] GeV. Setting those entries to their initial value.
There are 44759 events with muon pt outside of [26,200] GeV. Setting those entries to their initial value.
There are 186 nan entries in the corrected pt. This might be due to the number of tracker layers hitting boundaries. Setting those entries to their initial value.
There are 49309 events with muon pt outside of [26,200] GeV. Setting those entries to their initial value.
There are 47373 events with muon pt outside of [26,200] GeV. Setting those entries to their initial value.
There are 47376 events with muon pt outside of [26,200] GeV. Setting those entries to their initial value.
There are 195 nan entries in the corrected pt. This might be due to the number of tracker layers hitting boundaries. Setting those entries to their initial value.
There are 52448 events with muon pt outside of [26,200] GeV. Setting those entries to their initial value.
There are 45447 events with muon pt outside of [26,200] GeV. Setting those entries to their initial value.
There are 45447 events with muon pt outside of [26,200] GeV. Setting those entries to their initial value.
There are 192 nan entries in the corrected pt. This might be due to the number of tracker layers hitting boundaries. Setting those entries to their initial value.
There are 49871 events with muon pt outside of [26,200] GeV. Setting those entries to their initial value.
There are 44640 events with muon pt outside of [26,200] GeV. Setting those entries to their initial value.
There are 44642 events with muon pt outside of [26,200] GeV. Setting those entries to their initial value.
There are 182 nan entries in the corrected pt. This might be due to the number of tracker layers hitting boundaries. Setting those entries to their initial value.
There are 49076 events with muon pt outside of [26,200] GeV. Setting those entries to their initial value.
There are 44626 events with muon pt outside of [26,200] GeV. Setting those entries to their initial value.
There are 44627 events with muon pt outside of [26,200] GeV. Setting those entries to their initial value.
There are 185 nan entries in the corrected pt. This might be due to the number of tracker layers hitting boundaries. Setting those entries to their initial value.
There are 49368 events with muon pt outside of [26,200] GeV. Setting those entries to their initial value.
There are 44470 events with muon pt outside of [26,200] GeV. Setting those entries to their initial value.
There are 44472 events with muon pt outside of [26,200] GeV. Setting those entries to their initial value.
There are 200 nan entries in the corrected pt. This might be due to the number of tracker layers hitting boundaries. Setting those entries to their initial value.
There are 49024 events with muon pt outside of [26,200] GeV. Setting those entries to their initial value.
There are 6317 events with muon pt outside of [26,200] GeV. Setting those entries to their initial value.
There are 6317 events with muon pt outside of [26,200] GeV. Setting those entries to their initial value.
There are 24 nan entries in the corrected pt. This might be due to the number of tracker layers hitting boundaries. Setting those entries to their initial value.
There are 7137 events with muon pt outside of [26,200] GeV. Setting those entries to their initial value.
There are 44675 events with muon pt outside of [26,200] GeV. Setting those entries to their initial value.
There are 44678 events with muon pt outside of [26,200] GeV. Setting those entries to their initial value.
There are 166 nan entries in the corrected pt. This might be due to the number of tracker layers hitting boundaries. Setting those entries to their initial value.
There are 49197 events with muon pt outside of [26,200] GeV. Setting those entries to their initial value.
There are 44708 events with muon pt outside of [26,200] GeV. Setting those entries to their initial value.
There are 44710 events with muon pt outside of [26,200] GeV. Setting those entries to their initial value.
There are 176 nan entries in the corrected pt. This might be due to the number of tracker layers hitting boundaries. Setting those entries to their initial value.
There are 49248 events with muon pt outside of [26,200] GeV. Setting those entries to their initial value.
There are 47665 events with muon pt outside of [26,200] GeV. Setting those entries to their initial value.
There are 47668 events with muon pt outside of [26,200] GeV. Setting those entries to their initial value.
There are 197 nan entries in the corrected pt. This might be due to the number of tracker layers hitting boundaries. Setting those entries to their initial value.
There are 52089 events with muon pt outside of [26,200] GeV. Setting those entries to their initial value.
There are 47560 events with muon pt outside of [26,200] GeV. Setting those entries to their initial value.
There are 47562 events with muon pt outside of [26,200] GeV. Setting those entries to their initial value.
There are 195 nan entries in the corrected pt. This might be due to the number of tracker layers hitting boundaries. Setting those entries to their initial value.
There are 52264 events with muon pt outside of [26,200] GeV. Setting those entries to their initial value.
There are 45207 events with muon pt outside of [26,200] GeV. Setting those entries to their initial value.
There are 45209 events with muon pt outside of [26,200] GeV. Setting those entries to their initial value.
There are 180 nan entries in the corrected pt. This might be due to the number of tracker layers hitting boundaries. Setting those entries to their initial value.
There are 49719 events with muon pt outside of [26,200] GeV. Setting those entries to their initial value.
There are 45373 events with muon pt outside of [26,200] GeV. Setting those entries to their initial value.
There are 45373 events with muon pt outside of [26,200] GeV. Setting those entries to their initial value.
There are 185 nan entries in the corrected pt. This might be due to the number of tracker layers hitting boundaries. Setting those entries to their initial value.
There are 49596 events with muon pt outside of [26,200] GeV. Setting those entries to their initial value.
There are 44763 events with muon pt outside of [26,200] GeV. Setting those entries to their initial value.
There are 44765 events with muon pt outside of [26,200] GeV. Setting those entries to their initial value.
There are 181 nan entries in the corrected pt. This might be due to the number of tracker layers hitting boundaries. Setting those entries to their initial value.
There are 49432 events with muon pt outside of [26,200] GeV. Setting those entries to their initial value.
There are 44953 events with muon pt outside of [26,200] GeV. Setting those entries to their initial value.
There are 44955 events with muon pt outside of [26,200] GeV. Setting those entries to their initial value.
There are 190 nan entries in the corrected pt. This might be due to the number of tracker layers hitting boundaries. Setting those entries to their initial value.
There are 49383 events with muon pt outside of [26,200] GeV. Setting those entries to their initial value.
There are 638 events with muon pt outside of [26,200] GeV. Setting those entries to their initial value.
There are 638 events with muon pt outside of [26,200] GeV. Setting those entries to their initial value.
There are 4 nan entries in the corrected pt. This might be due to the number of tracker layers hitting boundaries. Setting those entries to their initial value.
There are 664 events with muon pt outside of [26,200] GeV. Setting those entries to their initial value.
There are 49108 events with muon pt outside of [26,200] GeV. Setting those entries to their initial value.
There are 49110 events with muon pt outside of [26,200] GeV. Setting those entries to their initial value.
There are 175 nan entries in the corrected pt. This might be due to the number of tracker layers hitting boundaries. Setting those entries to their initial value.
There are 54138 events with muon pt outside of [26,200] GeV. Setting those entries to their initial value.
There are 44581 events with muon pt outside of [26,200] GeV. Setting those entries to their initial value.
There are 44583 events with muon pt outside of [26,200] GeV. Setting those entries to their initial value.
There are 174 nan entries in the corrected pt. This might be due to the number of tracker layers hitting boundaries. Setting those entries to their initial value.
There are 48812 events with muon pt outside of [26,200] GeV. Setting those entries to their initial value.
There are 44829 events with muon pt outside of [26,200] GeV. Setting those entries to their initial value.
There are 44830 events with muon pt outside of [26,200] GeV. Setting those entries to their initial value.
There are 161 nan entries in the corrected pt. This might be due to the number of tracker layers hitting boundaries. Setting those entries to their initial value.
There are 49174 events with muon pt outside of [26,200] GeV. Setting those entries to their initial value.
There are 47462 events with muon pt outside of [26,200] GeV. Setting those entries to their initial value.
There are 47465 events with muon pt outside of [26,200] GeV. Setting those entries to their initial value.
There are 187 nan entries in the corrected pt. This might be due to the number of tracker layers hitting boundaries. Setting those entries to their initial value.
There are 52177 events with muon pt outside of [26,200] GeV. Setting those entries to their initial value.
There are 45244 events with muon pt outside of [26,200] GeV. Setting those entries to their initial value.
There are 45248 events with muon pt outside of [26,200] GeV. Setting those entries to their initial value.
There are 186 nan entries in the corrected pt. This might be due to the number of tracker layers hitting boundaries. Setting those entries to their initial value.
There are 49854 events with muon pt outside of [26,200] GeV. Setting those entries to their initial value.
There are 45421 events with muon pt outside of [26,200] GeV. Setting those entries to their initial value.
There are 45424 events with muon pt outside of [26,200] GeV. Setting those entries to their initial value.
There are 183 nan entries in the corrected pt. This might be due to the number of tracker layers hitting boundaries. Setting those entries to their initial value.
There are 49760 events with muon pt outside of [26,200] GeV. Setting those entries to their initial value.
There are 44796 events with muon pt outside of [26,200] GeV. Setting those entries to their initial value.
There are 44797 events with muon pt outside of [26,200] GeV. Setting those entries to their initial value.
There are 198 nan entries in the corrected pt. This might be due to the number of tracker layers hitting boundaries. Setting those entries to their initial value.
There are 49519 events with muon pt outside of [26,200] GeV. Setting those entries to their initial value.
There are 44717 events with muon pt outside of [26,200] GeV. Setting those entries to their initial value.
There are 44719 events with muon pt outside of [26,200] GeV. Setting those entries to their initial value.
There are 181 nan entries in the corrected pt. This might be due to the number of tracker layers hitting boundaries. Setting those entries to their initial value.
There are 49272 events with muon pt outside of [26,200] GeV. Setting those entries to their initial value.
There are 38647 events with muon pt outside of [26,200] GeV. Setting those entries to their initial value.
There are 38649 events with muon pt outside of [26,200] GeV. Setting those entries to their initial value.
There are 166 nan entries in the corrected pt. This might be due to the number of tracker layers hitting boundaries. Setting those entries to their initial value.
There are 42709 events with muon pt outside of [26,200] GeV. Setting those entries to their initial value.
