000 (14752964.008.000) 02/26 16:23:24 Job submitted from host: <188.184.90.62:9618?addrs=188.184.90.62-9618+[2001-1458-201-e4--100-238]-9618&alias=bigbird16.cern.ch&noUDP&sock=schedd_5196_9a2f>
...
040 (14752964.008.000) 02/26 16:27:31 Started transferring input files
	Transferring to host: <188.185.211.196:9618?addrs=188.185.211.196-9618+[2001-1458-303-17--100-40]-9618&alias=b9p24p9657.cern.ch&noUDP&sock=slot1_5_7293_5402_93406>
...
040 (14752964.008.000) 02/26 16:27:31 Finished transferring input files
...
001 (14752964.008.000) 02/26 16:27:32 Job executing on host: <188.185.211.196:9618?addrs=188.185.211.196-9618+[2001-1458-303-17--100-40]-9618&alias=b9p24p9657.cern.ch&noUDP&sock=startd_6507_d6d8>
	SlotName: slot1_5@b9p24p9657.cern.ch
	CondorScratchDir = "/pool/condor/dir_3862197"
	Cpus = 1
	Disk = 3796
	GPUs = 0
	Memory = 3000
...
006 (14752964.008.000) 02/26 16:27:47 Image size of job updated: 113008
	111  -  MemoryUsage of job (MB)
	113008  -  ResidentSetSize of job (KB)
...
006 (14752964.008.000) 02/26 16:27:55 Image size of job updated: 530956
	111  -  MemoryUsage of job (MB)
	113008  -  ResidentSetSize of job (KB)
...
040 (14752964.008.000) 02/26 16:27:55 Started transferring output files
...
040 (14752964.008.000) 02/26 16:27:55 Finished transferring output files
...
005 (14752964.008.000) 02/26 16:27:55 Job terminated.
	(1) Normal termination (return value 1)
		Usr 0 00:00:06, Sys 0 00:00:02  -  Run Remote Usage
		Usr 0 00:00:00, Sys 0 00:00:00  -  Run Local Usage
		Usr 0 00:00:06, Sys 0 00:00:02  -  Total Remote Usage
		Usr 0 00:00:00, Sys 0 00:00:00  -  Total Local Usage
	10584  -  Run Bytes Sent By Job
	30315  -  Run Bytes Received By Job
	10584  -  Total Bytes Sent By Job
	30315  -  Total Bytes Received By Job
	Partitionable Resources :    Usage  Request Allocated 
	   Cpus                 :        0        1         1 
	   Disk (KB)            :       66       32      3796 
	   GPUs                 :                           0 
	   Memory (MB)          :      111     3000      3000 
	   TimeExecute (s)      :       23                    
	   TimeSlotBusy (s)     :       25                    

	Job terminated of its own accord at 2026-02-26T15:27:55Z with exit-code 1.
...
