000 (14737680.012.000) 02/25 20:32:49 Job submitted from host: <188.184.90.62:9618?addrs=188.184.90.62-9618+[2001-1458-201-e4--100-238]-9618&alias=bigbird16.cern.ch&noUDP&sock=schedd_5196_9a2f>
...
040 (14737680.012.000) 02/25 20:36:40 Started transferring input files
	Transferring to host: <188.185.207.140:9618?addrs=188.185.207.140-9618+[2001-1458-303-e--100-9]-9618&alias=b9p08p7307.cern.ch&noUDP&sock=slot1_11_3478419_9ba2_27728>
...
040 (14737680.012.000) 02/25 20:36:40 Finished transferring input files
...
001 (14737680.012.000) 02/25 20:36:41 Job executing on host: <188.185.207.140:9618?addrs=188.185.207.140-9618+[2001-1458-303-e--100-9]-9618&alias=b9p08p7307.cern.ch&noUDP&sock=startd_8867_9a5a>
	SlotName: slot1_11@b9p08p7307.cern.ch
	CondorScratchDir = "/pool/condor/dir_3512245"
	Cpus = 1
	Disk = 3761
	GPUs = 0
	Memory = 3000
...
006 (14737680.012.000) 02/25 20:36:55 Image size of job updated: 582520
	569  -  MemoryUsage of job (MB)
	582520  -  ResidentSetSize of job (KB)
...
006 (14737680.012.000) 02/25 20:41:56 Image size of job updated: 3762656
	3601  -  MemoryUsage of job (MB)
	3687000  -  ResidentSetSize of job (KB)
...
006 (14737680.012.000) 02/25 20:46:56 Image size of job updated: 4004996
	3912  -  MemoryUsage of job (MB)
	4004996  -  ResidentSetSize of job (KB)
...
006 (14737680.012.000) 02/25 20:51:57 Image size of job updated: 4017536
	3924  -  MemoryUsage of job (MB)
	4017536  -  ResidentSetSize of job (KB)
...
006 (14737680.012.000) 02/25 20:55:23 Image size of job updated: 4097720
	3924  -  MemoryUsage of job (MB)
	4017536  -  ResidentSetSize of job (KB)
...
040 (14737680.012.000) 02/25 20:55:23 Started transferring output files
...
040 (14737680.012.000) 02/25 20:55:23 Finished transferring output files
...
005 (14737680.012.000) 02/25 20:55:23 Job terminated.
	(1) Normal termination (return value 1)
		Usr 0 00:12:59, Sys 0 00:00:22  -  Run Remote Usage
		Usr 0 00:00:00, Sys 0 00:00:00  -  Run Local Usage
		Usr 0 00:12:59, Sys 0 00:00:22  -  Total Remote Usage
		Usr 0 00:00:00, Sys 0 00:00:00  -  Total Local Usage
	37977  -  Run Bytes Sent By Job
	30315  -  Run Bytes Received By Job
	37977  -  Total Bytes Sent By Job
	30315  -  Total Bytes Received By Job
	Partitionable Resources :    Usage  Request Allocated 
	   Cpus                 :     0.01        1         1 
	   Disk (KB)            :    96          32      3761 
	   GPUs                 :                           0 
	   Memory (MB)          :  3924        3000      3000 
	   TimeExecute (s)      :  1122                       
	   TimeSlotBusy (s)     :  1124                       

	Job terminated of its own accord at 2026-02-25T19:55:23Z with exit-code 1.
...
