000 (14729965.001.000) 02/25 17:14:46 Job submitted from host: <188.184.90.62:9618?addrs=188.184.90.62-9618+[2001-1458-201-e4--100-238]-9618&alias=bigbird16.cern.ch&noUDP&sock=schedd_5196_9a2f>
...
040 (14729965.001.000) 02/25 17:18:42 Started transferring input files
	Transferring to host: <188.185.215.13:9618?addrs=188.185.215.13-9618+[2001-1458-303-1e--100-9]-9618&alias=b9p31p2816.cern.ch&noUDP&sock=slot1_39_5737_fc42_174754>
...
040 (14729965.001.000) 02/25 17:18:43 Finished transferring input files
...
001 (14729965.001.000) 02/25 17:18:44 Job executing on host: <188.185.215.13:9618?addrs=188.185.215.13-9618+[2001-1458-303-1e--100-9]-9618&alias=b9p31p2816.cern.ch&noUDP&sock=startd_4826_d025>
	SlotName: slot1_39@b9p31p2816.cern.ch
	CondorScratchDir = "/pool/condor/dir_2304285"
	Cpus = 1
	Disk = 3767
	GPUs = 0
	Memory = 3000
...
006 (14729965.001.000) 02/25 17:18:58 Image size of job updated: 152244
	149  -  MemoryUsage of job (MB)
	152244  -  ResidentSetSize of job (KB)
...
006 (14729965.001.000) 02/25 17:23:59 Image size of job updated: 3311312
	3234  -  MemoryUsage of job (MB)
	3311312  -  ResidentSetSize of job (KB)
...
006 (14729965.001.000) 02/25 17:28:59 Image size of job updated: 4192476
	4002  -  MemoryUsage of job (MB)
	4097332  -  ResidentSetSize of job (KB)
...
006 (14729965.001.000) 02/25 17:34:00 Image size of job updated: 4662188
	4408  -  MemoryUsage of job (MB)
	4512940  -  ResidentSetSize of job (KB)
...
040 (14729965.001.000) 02/25 17:37:01 Started transferring output files
...
040 (14729965.001.000) 02/25 17:37:07 Finished transferring output files
...
005 (14729965.001.000) 02/25 17:37:08 Job terminated.
	(1) Normal termination (return value 1)
		Usr 0 00:16:32, Sys 0 00:00:41  -  Run Remote Usage
		Usr 0 00:00:00, Sys 0 00:00:00  -  Run Local Usage
		Usr 0 00:16:32, Sys 0 00:00:41  -  Total Remote Usage
		Usr 0 00:00:00, Sys 0 00:00:00  -  Total Local Usage
	35546  -  Run Bytes Sent By Job
	30218  -  Run Bytes Received By Job
	35546  -  Total Bytes Sent By Job
	30218  -  Total Bytes Received By Job
	Partitionable Resources :    Usage  Request Allocated 
	   Cpus                 :     1.07        1         1 
	   Disk (KB)            :    90          32      3767 
	   GPUs                 :                           0 
	   Memory (MB)          :  4408        3000      3000 
	   TimeExecute (s)      :  1097                       
	   TimeSlotBusy (s)     :  1107                       

	Job terminated of its own accord at 2026-02-25T16:37:00Z with exit-code 1.
...
