subject   : /DC=ch/DC=cern/OU=Organic Units/OU=Users/CN=driosper/CN=886669/CN=Diego Alejandro Rios Perez/CN=1573519443
issuer    : /DC=ch/DC=cern/OU=Organic Units/OU=Users/CN=driosper/CN=886669/CN=Diego Alejandro Rios Perez
identity  : /DC=ch/DC=cern/OU=Organic Units/OU=Users/CN=driosper/CN=886669/CN=Diego Alejandro Rios Perez
type      : RFC compliant proxy
strength  : 2048 bits
path      : /afs/cern.ch/user/d/driosper/private/x509up_u182284
timeleft  : 11:49:33
key usage : Digital Signature, Key Encipherment
=== VO cms extension information ===
VO        : cms
subject   : /DC=ch/DC=cern/OU=Organic Units/OU=Users/CN=driosper/CN=886669/CN=Diego Alejandro Rios Perez
issuer    : /DC=ch/DC=cern/OU=computers/CN=cms-auth.cern.ch
attribute : /cms/Role=NULL/Capability=NULL
timeleft  : 11:49:33
uri       : voms-cms-auth.cern.ch:15000
--workflow ztoee --year 2022preEE --output_path /eos/user/d/driosper/bsm3g_coffea/outputs/ztoee/2022preEE/TTtoLNu2Q --output_format coffea --dataset TTtoLNu2Q_10 --partition_json /srv/partition_fileset.json
  Preprocessing 100% ━━━━━━━━━━━━━━━━━━ 9/9 [ 0:00:14 < 0:00:00 | 0.7   file/s ]
Merging (local) 100% ━━━━━━━━━━━━━━━━━━ 9/9 [ 0:00:14 < 0:00:00 | ?   merges/s ]
     Processing  13% ━━                6/46 [ 0:01:03 < 0:09:44 | 0.1  chunk/s ]
Merging (local) 100% ━━━━━━━━━━━━━━━━━  5/5 [ 0:01:03 < 0:00:00 | ?   merges/s ]
There are 45177 events with muon pt outside of [26,200] GeV. Setting those entries to their initial value.
There are 45178 events with muon pt outside of [26,200] GeV. Setting those entries to their initial value.
There are 164 nan entries in the corrected pt. This might be due to the number of tracker layers hitting boundaries. Setting those entries to their initial value.
There are 49512 events with muon pt outside of [26,200] GeV. Setting those entries to their initial value.
There are 45180 events with muon pt outside of [26,200] GeV. Setting those entries to their initial value.
There are 45181 events with muon pt outside of [26,200] GeV. Setting those entries to their initial value.
There are 186 nan entries in the corrected pt. This might be due to the number of tracker layers hitting boundaries. Setting those entries to their initial value.
There are 49561 events with muon pt outside of [26,200] GeV. Setting those entries to their initial value.
There are 48264 events with muon pt outside of [26,200] GeV. Setting those entries to their initial value.
There are 48265 events with muon pt outside of [26,200] GeV. Setting those entries to their initial value.
There are 202 nan entries in the corrected pt. This might be due to the number of tracker layers hitting boundaries. Setting those entries to their initial value.
There are 53304 events with muon pt outside of [26,200] GeV. Setting those entries to their initial value.
There are 41451 events with muon pt outside of [26,200] GeV. Setting those entries to their initial value.
There are 41454 events with muon pt outside of [26,200] GeV. Setting those entries to their initial value.
There are 141 nan entries in the corrected pt. This might be due to the number of tracker layers hitting boundaries. Setting those entries to their initial value.
There are 45815 events with muon pt outside of [26,200] GeV. Setting those entries to their initial value.
There are 41597 events with muon pt outside of [26,200] GeV. Setting those entries to their initial value.
There are 41599 events with muon pt outside of [26,200] GeV. Setting those entries to their initial value.
There are 185 nan entries in the corrected pt. This might be due to the number of tracker layers hitting boundaries. Setting those entries to their initial value.
There are 45858 events with muon pt outside of [26,200] GeV. Setting those entries to their initial value.
There are 45605 events with muon pt outside of [26,200] GeV. Setting those entries to their initial value.
There are 45607 events with muon pt outside of [26,200] GeV. Setting those entries to their initial value.
There are 197 nan entries in the corrected pt. This might be due to the number of tracker layers hitting boundaries. Setting those entries to their initial value.
There are 50395 events with muon pt outside of [26,200] GeV. Setting those entries to their initial value.
There are 45684 events with muon pt outside of [26,200] GeV. Setting those entries to their initial value.
There are 45684 events with muon pt outside of [26,200] GeV. Setting those entries to their initial value.
There are 166 nan entries in the corrected pt. This might be due to the number of tracker layers hitting boundaries. Setting those entries to their initial value.
There are 50103 events with muon pt outside of [26,200] GeV. Setting those entries to their initial value.
There are 43355 events with muon pt outside of [26,200] GeV. Setting those entries to their initial value.
There are 43358 events with muon pt outside of [26,200] GeV. Setting those entries to their initial value.
There are 184 nan entries in the corrected pt. This might be due to the number of tracker layers hitting boundaries. Setting those entries to their initial value.
There are 47941 events with muon pt outside of [26,200] GeV. Setting those entries to their initial value.
There are 44411 events with muon pt outside of [26,200] GeV. Setting those entries to their initial value.
There are 44413 events with muon pt outside of [26,200] GeV. Setting those entries to their initial value.
There are 181 nan entries in the corrected pt. This might be due to the number of tracker layers hitting boundaries. Setting those entries to their initial value.
There are 48913 events with muon pt outside of [26,200] GeV. Setting those entries to their initial value.
There are 45077 events with muon pt outside of [26,200] GeV. Setting those entries to their initial value.
There are 45079 events with muon pt outside of [26,200] GeV. Setting those entries to their initial value.
There are 178 nan entries in the corrected pt. This might be due to the number of tracker layers hitting boundaries. Setting those entries to their initial value.
There are 50010 events with muon pt outside of [26,200] GeV. Setting those entries to their initial value.
There are 45114 events with muon pt outside of [26,200] GeV. Setting those entries to their initial value.
There are 45117 events with muon pt outside of [26,200] GeV. Setting those entries to their initial value.
There are 176 nan entries in the corrected pt. This might be due to the number of tracker layers hitting boundaries. Setting those entries to their initial value.
There are 49602 events with muon pt outside of [26,200] GeV. Setting those entries to their initial value.
There are 48315 events with muon pt outside of [26,200] GeV. Setting those entries to their initial value.
There are 48322 events with muon pt outside of [26,200] GeV. Setting those entries to their initial value.
There are 203 nan entries in the corrected pt. This might be due to the number of tracker layers hitting boundaries. Setting those entries to their initial value.
There are 53261 events with muon pt outside of [26,200] GeV. Setting those entries to their initial value.
There are 48370 events with muon pt outside of [26,200] GeV. Setting those entries to their initial value.
There are 48373 events with muon pt outside of [26,200] GeV. Setting those entries to their initial value.
There are 187 nan entries in the corrected pt. This might be due to the number of tracker layers hitting boundaries. Setting those entries to their initial value.
There are 53289 events with muon pt outside of [26,200] GeV. Setting those entries to their initial value.
There are 41126 events with muon pt outside of [26,200] GeV. Setting those entries to their initial value.
There are 41129 events with muon pt outside of [26,200] GeV. Setting those entries to their initial value.
There are 159 nan entries in the corrected pt. This might be due to the number of tracker layers hitting boundaries. Setting those entries to their initial value.
There are 45728 events with muon pt outside of [26,200] GeV. Setting those entries to their initial value.
There are 45654 events with muon pt outside of [26,200] GeV. Setting those entries to their initial value.
There are 45655 events with muon pt outside of [26,200] GeV. Setting those entries to their initial value.
There are 153 nan entries in the corrected pt. This might be due to the number of tracker layers hitting boundaries. Setting those entries to their initial value.
There are 50110 events with muon pt outside of [26,200] GeV. Setting those entries to their initial value.
There are 45794 events with muon pt outside of [26,200] GeV. Setting those entries to their initial value.
There are 45798 events with muon pt outside of [26,200] GeV. Setting those entries to their initial value.
There are 175 nan entries in the corrected pt. This might be due to the number of tracker layers hitting boundaries. Setting those entries to their initial value.
There are 50136 events with muon pt outside of [26,200] GeV. Setting those entries to their initial value.
There are 46529 events with muon pt outside of [26,200] GeV. Setting those entries to their initial value.
There are 46533 events with muon pt outside of [26,200] GeV. Setting those entries to their initial value.
There are 178 nan entries in the corrected pt. This might be due to the number of tracker layers hitting boundaries. Setting those entries to their initial value.
There are 50998 events with muon pt outside of [26,200] GeV. Setting those entries to their initial value.
There are 44305 events with muon pt outside of [26,200] GeV. Setting those entries to their initial value.
There are 44307 events with muon pt outside of [26,200] GeV. Setting those entries to their initial value.
There are 197 nan entries in the corrected pt. This might be due to the number of tracker layers hitting boundaries. Setting those entries to their initial value.
There are 48827 events with muon pt outside of [26,200] GeV. Setting those entries to their initial value.
There are 45160 events with muon pt outside of [26,200] GeV. Setting those entries to their initial value.
There are 45163 events with muon pt outside of [26,200] GeV. Setting those entries to their initial value.
There are 190 nan entries in the corrected pt. This might be due to the number of tracker layers hitting boundaries. Setting those entries to their initial value.
There are 49640 events with muon pt outside of [26,200] GeV. Setting those entries to their initial value.
There are 45110 events with muon pt outside of [26,200] GeV. Setting those entries to their initial value.
There are 45114 events with muon pt outside of [26,200] GeV. Setting those entries to their initial value.
There are 173 nan entries in the corrected pt. This might be due to the number of tracker layers hitting boundaries. Setting those entries to their initial value.
There are 49463 events with muon pt outside of [26,200] GeV. Setting those entries to their initial value.
There are 45048 events with muon pt outside of [26,200] GeV. Setting those entries to their initial value.
There are 45049 events with muon pt outside of [26,200] GeV. Setting those entries to their initial value.
There are 188 nan entries in the corrected pt. This might be due to the number of tracker layers hitting boundaries. Setting those entries to their initial value.
There are 49933 events with muon pt outside of [26,200] GeV. Setting those entries to their initial value.
There are 48440 events with muon pt outside of [26,200] GeV. Setting those entries to their initial value.
There are 48447 events with muon pt outside of [26,200] GeV. Setting those entries to their initial value.
There are 190 nan entries in the corrected pt. This might be due to the number of tracker layers hitting boundaries. Setting those entries to their initial value.
There are 53154 events with muon pt outside of [26,200] GeV. Setting those entries to their initial value.
There are 41413 events with muon pt outside of [26,200] GeV. Setting those entries to their initial value.
There are 41413 events with muon pt outside of [26,200] GeV. Setting those entries to their initial value.
There are 158 nan entries in the corrected pt. This might be due to the number of tracker layers hitting boundaries. Setting those entries to their initial value.
There are 45379 events with muon pt outside of [26,200] GeV. Setting those entries to their initial value.
There are 45516 events with muon pt outside of [26,200] GeV. Setting those entries to their initial value.
There are 45518 events with muon pt outside of [26,200] GeV. Setting those entries to their initial value.
There are 175 nan entries in the corrected pt. This might be due to the number of tracker layers hitting boundaries. Setting those entries to their initial value.
There are 50276 events with muon pt outside of [26,200] GeV. Setting those entries to their initial value.
There are 38030 events with muon pt outside of [26,200] GeV. Setting those entries to their initial value.
There are 38031 events with muon pt outside of [26,200] GeV. Setting those entries to their initial value.
There are 143 nan entries in the corrected pt. This might be due to the number of tracker layers hitting boundaries. Setting those entries to their initial value.
There are 42461 events with muon pt outside of [26,200] GeV. Setting those entries to their initial value.
There are 18555 events with muon pt outside of [26,200] GeV. Setting those entries to their initial value.
There are 18557 events with muon pt outside of [26,200] GeV. Setting those entries to their initial value.
There are 74 nan entries in the corrected pt. This might be due to the number of tracker layers hitting boundaries. Setting those entries to their initial value.
There are 20245 events with muon pt outside of [26,200] GeV. Setting those entries to their initial value.
There are 43460 events with muon pt outside of [26,200] GeV. Setting those entries to their initial value.
There are 43461 events with muon pt outside of [26,200] GeV. Setting those entries to their initial value.
There are 173 nan entries in the corrected pt. This might be due to the number of tracker layers hitting boundaries. Setting those entries to their initial value.
There are 48184 events with muon pt outside of [26,200] GeV. Setting those entries to their initial value.
There are 43655 events with muon pt outside of [26,200] GeV. Setting those entries to their initial value.
There are 43659 events with muon pt outside of [26,200] GeV. Setting those entries to their initial value.
There are 164 nan entries in the corrected pt. This might be due to the number of tracker layers hitting boundaries. Setting those entries to their initial value.
There are 48268 events with muon pt outside of [26,200] GeV. Setting those entries to their initial value.
There are 43509 events with muon pt outside of [26,200] GeV. Setting those entries to their initial value.
There are 43511 events with muon pt outside of [26,200] GeV. Setting those entries to their initial value.
There are 172 nan entries in the corrected pt. This might be due to the number of tracker layers hitting boundaries. Setting those entries to their initial value.
There are 48141 events with muon pt outside of [26,200] GeV. Setting those entries to their initial value.
There are 43700 events with muon pt outside of [26,200] GeV. Setting those entries to their initial value.
There are 43704 events with muon pt outside of [26,200] GeV. Setting those entries to their initial value.
There are 163 nan entries in the corrected pt. This might be due to the number of tracker layers hitting boundaries. Setting those entries to their initial value.
There are 48472 events with muon pt outside of [26,200] GeV. Setting those entries to their initial value.
There are 44043 events with muon pt outside of [26,200] GeV. Setting those entries to their initial value.
There are 44048 events with muon pt outside of [26,200] GeV. Setting those entries to their initial value.
There are 198 nan entries in the corrected pt. This might be due to the number of tracker layers hitting boundaries. Setting those entries to their initial value.
There are 48860 events with muon pt outside of [26,200] GeV. Setting those entries to their initial value.
There are 45254 events with muon pt outside of [26,200] GeV. Setting those entries to their initial value.
There are 45256 events with muon pt outside of [26,200] GeV. Setting those entries to their initial value.
There are 184 nan entries in the corrected pt. This might be due to the number of tracker layers hitting boundaries. Setting those entries to their initial value.
There are 49395 events with muon pt outside of [26,200] GeV. Setting those entries to their initial value.
There are 45345 events with muon pt outside of [26,200] GeV. Setting those entries to their initial value.
There are 45346 events with muon pt outside of [26,200] GeV. Setting those entries to their initial value.
There are 186 nan entries in the corrected pt. This might be due to the number of tracker layers hitting boundaries. Setting those entries to their initial value.
There are 49906 events with muon pt outside of [26,200] GeV. Setting those entries to their initial value.
There are 45177 events with muon pt outside of [26,200] GeV. Setting those entries to their initial value.
There are 45178 events with muon pt outside of [26,200] GeV. Setting those entries to their initial value.
There are 182 nan entries in the corrected pt. This might be due to the number of tracker layers hitting boundaries. Setting those entries to their initial value.
There are 49783 events with muon pt outside of [26,200] GeV. Setting those entries to their initial value.
There are 48547 events with muon pt outside of [26,200] GeV. Setting those entries to their initial value.
There are 48549 events with muon pt outside of [26,200] GeV. Setting those entries to their initial value.
There are 197 nan entries in the corrected pt. This might be due to the number of tracker layers hitting boundaries. Setting those entries to their initial value.
There are 53243 events with muon pt outside of [26,200] GeV. Setting those entries to their initial value.
There are 41293 events with muon pt outside of [26,200] GeV. Setting those entries to their initial value.
There are 41296 events with muon pt outside of [26,200] GeV. Setting those entries to their initial value.
There are 179 nan entries in the corrected pt. This might be due to the number of tracker layers hitting boundaries. Setting those entries to their initial value.
There are 45909 events with muon pt outside of [26,200] GeV. Setting those entries to their initial value.
There are 41679 events with muon pt outside of [26,200] GeV. Setting those entries to their initial value.
There are 41680 events with muon pt outside of [26,200] GeV. Setting those entries to their initial value.
There are 170 nan entries in the corrected pt. This might be due to the number of tracker layers hitting boundaries. Setting those entries to their initial value.
There are 45605 events with muon pt outside of [26,200] GeV. Setting those entries to their initial value.
There are 45730 events with muon pt outside of [26,200] GeV. Setting those entries to their initial value.
There are 45730 events with muon pt outside of [26,200] GeV. Setting those entries to their initial value.
There are 184 nan entries in the corrected pt. This might be due to the number of tracker layers hitting boundaries. Setting those entries to their initial value.
There are 50301 events with muon pt outside of [26,200] GeV. Setting those entries to their initial value.
There are 38386 events with muon pt outside of [26,200] GeV. Setting those entries to their initial value.
There are 38387 events with muon pt outside of [26,200] GeV. Setting those entries to their initial value.
There are 161 nan entries in the corrected pt. This might be due to the number of tracker layers hitting boundaries. Setting those entries to their initial value.
There are 42184 events with muon pt outside of [26,200] GeV. Setting those entries to their initial value.
There are 43546 events with muon pt outside of [26,200] GeV. Setting those entries to their initial value.
There are 43548 events with muon pt outside of [26,200] GeV. Setting those entries to their initial value.
There are 190 nan entries in the corrected pt. This might be due to the number of tracker layers hitting boundaries. Setting those entries to their initial value.
There are 47994 events with muon pt outside of [26,200] GeV. Setting those entries to their initial value.
There are 43412 events with muon pt outside of [26,200] GeV. Setting those entries to their initial value.
There are 43412 events with muon pt outside of [26,200] GeV. Setting those entries to their initial value.
There are 169 nan entries in the corrected pt. This might be due to the number of tracker layers hitting boundaries. Setting those entries to their initial value.
There are 48297 events with muon pt outside of [26,200] GeV. Setting those entries to their initial value.
There are 43715 events with muon pt outside of [26,200] GeV. Setting those entries to their initial value.
There are 43716 events with muon pt outside of [26,200] GeV. Setting those entries to their initial value.
There are 182 nan entries in the corrected pt. This might be due to the number of tracker layers hitting boundaries. Setting those entries to their initial value.
There are 47919 events with muon pt outside of [26,200] GeV. Setting those entries to their initial value.
There are 43585 events with muon pt outside of [26,200] GeV. Setting those entries to their initial value.
There are 43588 events with muon pt outside of [26,200] GeV. Setting those entries to their initial value.
There are 162 nan entries in the corrected pt. This might be due to the number of tracker layers hitting boundaries. Setting those entries to their initial value.
There are 48036 events with muon pt outside of [26,200] GeV. Setting those entries to their initial value.
There are 46511 events with muon pt outside of [26,200] GeV. Setting those entries to their initial value.
There are 46516 events with muon pt outside of [26,200] GeV. Setting those entries to their initial value.
There are 184 nan entries in the corrected pt. This might be due to the number of tracker layers hitting boundaries. Setting those entries to their initial value.
There are 51257 events with muon pt outside of [26,200] GeV. Setting those entries to their initial value.
There are 44262 events with muon pt outside of [26,200] GeV. Setting those entries to their initial value.
There are 44264 events with muon pt outside of [26,200] GeV. Setting those entries to their initial value.
There are 180 nan entries in the corrected pt. This might be due to the number of tracker layers hitting boundaries. Setting those entries to their initial value.
There are 48761 events with muon pt outside of [26,200] GeV. Setting those entries to their initial value.
There are 44307 events with muon pt outside of [26,200] GeV. Setting those entries to their initial value.
There are 44307 events with muon pt outside of [26,200] GeV. Setting those entries to their initial value.
There are 177 nan entries in the corrected pt. This might be due to the number of tracker layers hitting boundaries. Setting those entries to their initial value.
There are 48483 events with muon pt outside of [26,200] GeV. Setting those entries to their initial value.
