000 (14752964.002.000) 02/26 16:23:24 Job submitted from host: <188.184.90.62:9618?addrs=188.184.90.62-9618+[2001-1458-201-e4--100-238]-9618&alias=bigbird16.cern.ch&noUDP&sock=schedd_5196_9a2f>
...
040 (14752964.002.000) 02/26 16:27:29 Started transferring input files
	Transferring to host: <188.185.214.13:9618?addrs=188.185.214.13-9618+[2001-1458-303-1c--100-9]-9618&alias=b9p29p5951.cern.ch&noUDP&sock=slot1_9_8500_c4d3_200508>
...
040 (14752964.002.000) 02/26 16:27:29 Finished transferring input files
...
001 (14752964.002.000) 02/26 16:27:30 Job executing on host: <188.185.214.13:9618?addrs=188.185.214.13-9618+[2001-1458-303-1c--100-9]-9618&alias=b9p29p5951.cern.ch&noUDP&sock=startd_7268_d26b>
	SlotName: slot1_9@b9p29p5951.cern.ch
	CondorScratchDir = "/pool/condor/dir_111013"
	Cpus = 1
	Disk = 3823
	GPUs = 0
	Memory = 3000
...
006 (14752964.002.000) 02/26 16:27:43 Image size of job updated: 211844
	0  -  MemoryUsage of job (MB)
	0  -  ResidentSetSize of job (KB)
...
040 (14752964.002.000) 02/26 16:27:43 Started transferring output files
...
040 (14752964.002.000) 02/26 16:27:43 Finished transferring output files
...
005 (14752964.002.000) 02/26 16:27:44 Job terminated.
	(1) Normal termination (return value 1)
		Usr 0 00:00:03, Sys 0 00:00:01  -  Run Remote Usage
		Usr 0 00:00:00, Sys 0 00:00:00  -  Run Local Usage
		Usr 0 00:00:03, Sys 0 00:00:01  -  Total Remote Usage
		Usr 0 00:00:00, Sys 0 00:00:00  -  Total Local Usage
	14112  -  Run Bytes Sent By Job
	30315  -  Run Bytes Received By Job
	14112  -  Total Bytes Sent By Job
	30315  -  Total Bytes Received By Job
	Partitionable Resources :    Usage  Request Allocated 
	   Cpus                 :        0        1         1 
	   Disk (KB)            :       69       32      3823 
	   GPUs                 :                           0 
	   Memory (MB)          :        0     3000      3000 
	   TimeExecute (s)      :       13                    
	   TimeSlotBusy (s)     :       15                    

	Job terminated of its own accord at 2026-02-26T15:27:43Z with exit-code 1.
...
