000 (14722387.006.000) 02/25 15:24:09 Job submitted from host: <188.184.90.62:9618?addrs=188.184.90.62-9618+[2001-1458-201-e4--100-238]-9618&alias=bigbird16.cern.ch&noUDP&sock=schedd_5196_9a2f>
...
040 (14722387.006.000) 02/25 15:27:09 Started transferring input files
	Transferring to host: <188.185.213.226:9618?addrs=188.185.213.226-9618+[2001-1458-303-1b--100-5e]-9618&alias=b9p28p8143.cern.ch&noUDP&sock=slot1_47_5559_917b_201592>
...
040 (14722387.006.000) 02/25 15:27:09 Finished transferring input files
...
001 (14722387.006.000) 02/25 15:27:10 Job executing on host: <188.185.213.226:9618?addrs=188.185.213.226-9618+[2001-1458-303-1b--100-5e]-9618&alias=b9p28p8143.cern.ch&noUDP&sock=startd_4630_5f95>
	SlotName: slot1_47@b9p28p8143.cern.ch
	CondorScratchDir = "/pool/condor/dir_2533812"
	Cpus = 1
	Disk = 3792
	GPUs = 0
	Memory = 3000
...
006 (14722387.006.000) 02/25 15:27:24 Image size of job updated: 533892
	522  -  MemoryUsage of job (MB)
	533892  -  ResidentSetSize of job (KB)
...
006 (14722387.006.000) 02/25 15:28:21 Image size of job updated: 609728
	522  -  MemoryUsage of job (MB)
	534340  -  ResidentSetSize of job (KB)
...
040 (14722387.006.000) 02/25 15:28:21 Started transferring output files
...
040 (14722387.006.000) 02/25 15:28:21 Finished transferring output files
...
005 (14722387.006.000) 02/25 15:28:21 Job terminated.
	(1) Normal termination (return value 1)
		Usr 0 00:00:22, Sys 0 00:00:02  -  Run Remote Usage
		Usr 0 00:00:00, Sys 0 00:00:00  -  Run Local Usage
		Usr 0 00:00:22, Sys 0 00:00:02  -  Total Remote Usage
		Usr 0 00:00:00, Sys 0 00:00:00  -  Total Local Usage
	10525  -  Run Bytes Sent By Job
	30224  -  Run Bytes Received By Job
	10525  -  Total Bytes Sent By Job
	30224  -  Total Bytes Received By Job
	Partitionable Resources :    Usage  Request Allocated 
	   Cpus                 :        0        1         1 
	   Disk (KB)            :       66       32      3792 
	   GPUs                 :                           0 
	   Memory (MB)          :      522     3000      3000 
	   TimeExecute (s)      :       71                    
	   TimeSlotBusy (s)     :       73                    

	Job terminated of its own accord at 2026-02-25T14:28:21Z with exit-code 1.
...
