subject   : /DC=ch/DC=cern/OU=Organic Units/OU=Users/CN=driosper/CN=886669/CN=Diego Alejandro Rios Perez/CN=1573519443
issuer    : /DC=ch/DC=cern/OU=Organic Units/OU=Users/CN=driosper/CN=886669/CN=Diego Alejandro Rios Perez
identity  : /DC=ch/DC=cern/OU=Organic Units/OU=Users/CN=driosper/CN=886669/CN=Diego Alejandro Rios Perez
type      : RFC compliant proxy
strength  : 2048 bits
path      : /afs/cern.ch/user/d/driosper/private/x509up_u182284
timeleft  : 11:49:36
key usage : Digital Signature, Key Encipherment
=== VO cms extension information ===
VO        : cms
subject   : /DC=ch/DC=cern/OU=Organic Units/OU=Users/CN=driosper/CN=886669/CN=Diego Alejandro Rios Perez
issuer    : /DC=ch/DC=cern/OU=computers/CN=cms-auth.cern.ch
attribute : /cms/Role=NULL/Capability=NULL
timeleft  : 11:49:36
uri       : voms-cms-auth.cern.ch:15000
--workflow ztoee --year 2022preEE --output_path /eos/user/d/driosper/bsm3g_coffea/outputs/ztoee/2022preEE/TTtoLNu2Q --output_format coffea --dataset TTtoLNu2Q_2 --partition_json /srv/partition_fileset.json
  Preprocessing 100% ━━━━━━━━━━━━━━━━ 10/10 [ 0:00:16 < 0:00:00 | 0.6   file/s ]
Merging (local) 100% ━━━━━━━━━━━━━━━━ 10/10 [ 0:00:16 < 0:00:00 | ?   merges/s ]
     Processing   3% ╸                   1/37 [ 0:00:25 < -:--:-- | ?  chunk/s ]
Merging (local)   0% ━━━━━━━━━━━━━━━━━━━  0/0 [ 0:00:02 < 0:00:00 | ? merges/s ]
There are 41075 events with muon pt outside of [26,200] GeV. Setting those entries to their initial value.
There are 41076 events with muon pt outside of [26,200] GeV. Setting those entries to their initial value.
There are 168 nan entries in the corrected pt. This might be due to the number of tracker layers hitting boundaries. Setting those entries to their initial value.
There are 45476 events with muon pt outside of [26,200] GeV. Setting those entries to their initial value.
There are 41290 events with muon pt outside of [26,200] GeV. Setting those entries to their initial value.
There are 41292 events with muon pt outside of [26,200] GeV. Setting those entries to their initial value.
There are 171 nan entries in the corrected pt. This might be due to the number of tracker layers hitting boundaries. Setting those entries to their initial value.
There are 45156 events with muon pt outside of [26,200] GeV. Setting those entries to their initial value.
There are 42092 events with muon pt outside of [26,200] GeV. Setting those entries to their initial value.
There are 42092 events with muon pt outside of [26,200] GeV. Setting those entries to their initial value.
There are 173 nan entries in the corrected pt. This might be due to the number of tracker layers hitting boundaries. Setting those entries to their initial value.
There are 45964 events with muon pt outside of [26,200] GeV. Setting those entries to their initial value.
There are 42050 events with muon pt outside of [26,200] GeV. Setting those entries to their initial value.
There are 42051 events with muon pt outside of [26,200] GeV. Setting those entries to their initial value.
There are 179 nan entries in the corrected pt. This might be due to the number of tracker layers hitting boundaries. Setting those entries to their initial value.
There are 46071 events with muon pt outside of [26,200] GeV. Setting those entries to their initial value.
There are 47876 events with muon pt outside of [26,200] GeV. Setting those entries to their initial value.
There are 47880 events with muon pt outside of [26,200] GeV. Setting those entries to their initial value.
There are 185 nan entries in the corrected pt. This might be due to the number of tracker layers hitting boundaries. Setting those entries to their initial value.
There are 52330 events with muon pt outside of [26,200] GeV. Setting those entries to their initial value.
There are 47736 events with muon pt outside of [26,200] GeV. Setting those entries to their initial value.
There are 47738 events with muon pt outside of [26,200] GeV. Setting those entries to their initial value.
There are 204 nan entries in the corrected pt. This might be due to the number of tracker layers hitting boundaries. Setting those entries to their initial value.
There are 52472 events with muon pt outside of [26,200] GeV. Setting those entries to their initial value.
There are 48088 events with muon pt outside of [26,200] GeV. Setting those entries to their initial value.
There are 48089 events with muon pt outside of [26,200] GeV. Setting those entries to their initial value.
There are 211 nan entries in the corrected pt. This might be due to the number of tracker layers hitting boundaries. Setting those entries to their initial value.
There are 52768 events with muon pt outside of [26,200] GeV. Setting those entries to their initial value.
There are 48876 events with muon pt outside of [26,200] GeV. Setting those entries to their initial value.
There are 48879 events with muon pt outside of [26,200] GeV. Setting those entries to their initial value.
There are 195 nan entries in the corrected pt. This might be due to the number of tracker layers hitting boundaries. Setting those entries to their initial value.
There are 53992 events with muon pt outside of [26,200] GeV. Setting those entries to their initial value.
There are 40371 events with muon pt outside of [26,200] GeV. Setting those entries to their initial value.
There are 40374 events with muon pt outside of [26,200] GeV. Setting those entries to their initial value.
There are 152 nan entries in the corrected pt. This might be due to the number of tracker layers hitting boundaries. Setting those entries to their initial value.
There are 44404 events with muon pt outside of [26,200] GeV. Setting those entries to their initial value.
There are 41099 events with muon pt outside of [26,200] GeV. Setting those entries to their initial value.
There are 41102 events with muon pt outside of [26,200] GeV. Setting those entries to their initial value.
There are 167 nan entries in the corrected pt. This might be due to the number of tracker layers hitting boundaries. Setting those entries to their initial value.
There are 45281 events with muon pt outside of [26,200] GeV. Setting those entries to their initial value.
There are 37484 events with muon pt outside of [26,200] GeV. Setting those entries to their initial value.
There are 37486 events with muon pt outside of [26,200] GeV. Setting those entries to their initial value.
There are 164 nan entries in the corrected pt. This might be due to the number of tracker layers hitting boundaries. Setting those entries to their initial value.
There are 41124 events with muon pt outside of [26,200] GeV. Setting those entries to their initial value.
There are 42240 events with muon pt outside of [26,200] GeV. Setting those entries to their initial value.
There are 42247 events with muon pt outside of [26,200] GeV. Setting those entries to their initial value.
There are 168 nan entries in the corrected pt. This might be due to the number of tracker layers hitting boundaries. Setting those entries to their initial value.
There are 46219 events with muon pt outside of [26,200] GeV. Setting those entries to their initial value.
There are 41973 events with muon pt outside of [26,200] GeV. Setting those entries to their initial value.
There are 41974 events with muon pt outside of [26,200] GeV. Setting those entries to their initial value.
There are 172 nan entries in the corrected pt. This might be due to the number of tracker layers hitting boundaries. Setting those entries to their initial value.
There are 46206 events with muon pt outside of [26,200] GeV. Setting those entries to their initial value.
There are 47611 events with muon pt outside of [26,200] GeV. Setting those entries to their initial value.
There are 47614 events with muon pt outside of [26,200] GeV. Setting those entries to their initial value.
There are 208 nan entries in the corrected pt. This might be due to the number of tracker layers hitting boundaries. Setting those entries to their initial value.
There are 52709 events with muon pt outside of [26,200] GeV. Setting those entries to their initial value.
There are 47648 events with muon pt outside of [26,200] GeV. Setting those entries to their initial value.
There are 47649 events with muon pt outside of [26,200] GeV. Setting those entries to their initial value.
There are 163 nan entries in the corrected pt. This might be due to the number of tracker layers hitting boundaries. Setting those entries to their initial value.
There are 52797 events with muon pt outside of [26,200] GeV. Setting those entries to their initial value.
There are 47655 events with muon pt outside of [26,200] GeV. Setting those entries to their initial value.
There are 47656 events with muon pt outside of [26,200] GeV. Setting those entries to their initial value.
There are 209 nan entries in the corrected pt. This might be due to the number of tracker layers hitting boundaries. Setting those entries to their initial value.
There are 52660 events with muon pt outside of [26,200] GeV. Setting those entries to their initial value.
There are 40513 events with muon pt outside of [26,200] GeV. Setting those entries to their initial value.
There are 40513 events with muon pt outside of [26,200] GeV. Setting those entries to their initial value.
There are 169 nan entries in the corrected pt. This might be due to the number of tracker layers hitting boundaries. Setting those entries to their initial value.
There are 44674 events with muon pt outside of [26,200] GeV. Setting those entries to their initial value.
There are 40672 events with muon pt outside of [26,200] GeV. Setting those entries to their initial value.
There are 40673 events with muon pt outside of [26,200] GeV. Setting those entries to their initial value.
There are 154 nan entries in the corrected pt. This might be due to the number of tracker layers hitting boundaries. Setting those entries to their initial value.
There are 44553 events with muon pt outside of [26,200] GeV. Setting those entries to their initial value.
There are 40867 events with muon pt outside of [26,200] GeV. Setting those entries to their initial value.
There are 40868 events with muon pt outside of [26,200] GeV. Setting those entries to their initial value.
There are 144 nan entries in the corrected pt. This might be due to the number of tracker layers hitting boundaries. Setting those entries to their initial value.
There are 45451 events with muon pt outside of [26,200] GeV. Setting those entries to their initial value.
There are 37172 events with muon pt outside of [26,200] GeV. Setting those entries to their initial value.
There are 37173 events with muon pt outside of [26,200] GeV. Setting those entries to their initial value.
There are 142 nan entries in the corrected pt. This might be due to the number of tracker layers hitting boundaries. Setting those entries to their initial value.
There are 41085 events with muon pt outside of [26,200] GeV. Setting those entries to their initial value.
There are 42180 events with muon pt outside of [26,200] GeV. Setting those entries to their initial value.
There are 42184 events with muon pt outside of [26,200] GeV. Setting those entries to their initial value.
There are 159 nan entries in the corrected pt. This might be due to the number of tracker layers hitting boundaries. Setting those entries to their initial value.
There are 46233 events with muon pt outside of [26,200] GeV. Setting those entries to their initial value.
There are 42002 events with muon pt outside of [26,200] GeV. Setting those entries to their initial value.
There are 42004 events with muon pt outside of [26,200] GeV. Setting those entries to their initial value.
There are 165 nan entries in the corrected pt. This might be due to the number of tracker layers hitting boundaries. Setting those entries to their initial value.
There are 46366 events with muon pt outside of [26,200] GeV. Setting those entries to their initial value.
There are 47500 events with muon pt outside of [26,200] GeV. Setting those entries to their initial value.
There are 47501 events with muon pt outside of [26,200] GeV. Setting those entries to their initial value.
There are 204 nan entries in the corrected pt. This might be due to the number of tracker layers hitting boundaries. Setting those entries to their initial value.
There are 52506 events with muon pt outside of [26,200] GeV. Setting those entries to their initial value.
There are 47413 events with muon pt outside of [26,200] GeV. Setting those entries to their initial value.
There are 47415 events with muon pt outside of [26,200] GeV. Setting those entries to their initial value.
There are 221 nan entries in the corrected pt. This might be due to the number of tracker layers hitting boundaries. Setting those entries to their initial value.
There are 52552 events with muon pt outside of [26,200] GeV. Setting those entries to their initial value.
There are 47802 events with muon pt outside of [26,200] GeV. Setting those entries to their initial value.
There are 47807 events with muon pt outside of [26,200] GeV. Setting those entries to their initial value.
There are 182 nan entries in the corrected pt. This might be due to the number of tracker layers hitting boundaries. Setting those entries to their initial value.
There are 52928 events with muon pt outside of [26,200] GeV. Setting those entries to their initial value.
There are 65700 events with muon pt outside of [26,200] GeV. Setting those entries to their initial value.
There are 65707 events with muon pt outside of [26,200] GeV. Setting those entries to their initial value.
There are 261 nan entries in the corrected pt. This might be due to the number of tracker layers hitting boundaries. Setting those entries to their initial value.
There are 72073 events with muon pt outside of [26,200] GeV. Setting those entries to their initial value.
There are 55974 events with muon pt outside of [26,200] GeV. Setting those entries to their initial value.
There are 55975 events with muon pt outside of [26,200] GeV. Setting those entries to their initial value.
There are 205 nan entries in the corrected pt. This might be due to the number of tracker layers hitting boundaries. Setting those entries to their initial value.
There are 61181 events with muon pt outside of [26,200] GeV. Setting those entries to their initial value.
There are 41027 events with muon pt outside of [26,200] GeV. Setting those entries to their initial value.
There are 41028 events with muon pt outside of [26,200] GeV. Setting those entries to their initial value.
There are 198 nan entries in the corrected pt. This might be due to the number of tracker layers hitting boundaries. Setting those entries to their initial value.
There are 44852 events with muon pt outside of [26,200] GeV. Setting those entries to their initial value.
There are 41137 events with muon pt outside of [26,200] GeV. Setting those entries to their initial value.
There are 41141 events with muon pt outside of [26,200] GeV. Setting those entries to their initial value.
There are 198 nan entries in the corrected pt. This might be due to the number of tracker layers hitting boundaries. Setting those entries to their initial value.
There are 45305 events with muon pt outside of [26,200] GeV. Setting those entries to their initial value.
There are 42156 events with muon pt outside of [26,200] GeV. Setting those entries to their initial value.
There are 42157 events with muon pt outside of [26,200] GeV. Setting those entries to their initial value.
There are 168 nan entries in the corrected pt. This might be due to the number of tracker layers hitting boundaries. Setting those entries to their initial value.
There are 46232 events with muon pt outside of [26,200] GeV. Setting those entries to their initial value.
There are 42103 events with muon pt outside of [26,200] GeV. Setting those entries to their initial value.
There are 42104 events with muon pt outside of [26,200] GeV. Setting those entries to their initial value.
There are 178 nan entries in the corrected pt. This might be due to the number of tracker layers hitting boundaries. Setting those entries to their initial value.
There are 46280 events with muon pt outside of [26,200] GeV. Setting those entries to their initial value.
There are 41839 events with muon pt outside of [26,200] GeV. Setting those entries to their initial value.
There are 41842 events with muon pt outside of [26,200] GeV. Setting those entries to their initial value.
There are 184 nan entries in the corrected pt. This might be due to the number of tracker layers hitting boundaries. Setting those entries to their initial value.
There are 45887 events with muon pt outside of [26,200] GeV. Setting those entries to their initial value.
There are 47567 events with muon pt outside of [26,200] GeV. Setting those entries to their initial value.
There are 47569 events with muon pt outside of [26,200] GeV. Setting those entries to their initial value.
There are 167 nan entries in the corrected pt. This might be due to the number of tracker layers hitting boundaries. Setting those entries to their initial value.
There are 52389 events with muon pt outside of [26,200] GeV. Setting those entries to their initial value.
There are 27672 events with muon pt outside of [26,200] GeV. Setting those entries to their initial value.
There are 27674 events with muon pt outside of [26,200] GeV. Setting those entries to their initial value.
There are 119 nan entries in the corrected pt. This might be due to the number of tracker layers hitting boundaries. Setting those entries to their initial value.
There are 30413 events with muon pt outside of [26,200] GeV. Setting those entries to their initial value.
There are 47964 events with muon pt outside of [26,200] GeV. Setting those entries to their initial value.
There are 47965 events with muon pt outside of [26,200] GeV. Setting those entries to their initial value.
There are 169 nan entries in the corrected pt. This might be due to the number of tracker layers hitting boundaries. Setting those entries to their initial value.
There are 52708 events with muon pt outside of [26,200] GeV. Setting those entries to their initial value.
There are 40713 events with muon pt outside of [26,200] GeV. Setting those entries to their initial value.
There are 40719 events with muon pt outside of [26,200] GeV. Setting those entries to their initial value.
There are 134 nan entries in the corrected pt. This might be due to the number of tracker layers hitting boundaries. Setting those entries to their initial value.
There are 44649 events with muon pt outside of [26,200] GeV. Setting those entries to their initial value.
There are 40419 events with muon pt outside of [26,200] GeV. Setting those entries to their initial value.
There are 40422 events with muon pt outside of [26,200] GeV. Setting those entries to their initial value.
There are 149 nan entries in the corrected pt. This might be due to the number of tracker layers hitting boundaries. Setting those entries to their initial value.
There are 44867 events with muon pt outside of [26,200] GeV. Setting those entries to their initial value.
