000 (14729965.002.000) 02/25 17:14:46 Job submitted from host: <188.184.90.62:9618?addrs=188.184.90.62-9618+[2001-1458-201-e4--100-238]-9618&alias=bigbird16.cern.ch&noUDP&sock=schedd_5196_9a2f>
...
040 (14729965.002.000) 02/25 17:18:42 Started transferring input files
	Transferring to host: <188.185.215.51:9618?addrs=188.185.215.51-9618+[2001-1458-303-1e--100-2f]-9618&alias=b9p31p7647.cern.ch&noUDP&sock=slot1_24_4441_d60e_170353>
...
040 (14729965.002.000) 02/25 17:18:43 Finished transferring input files
...
001 (14729965.002.000) 02/25 17:18:44 Job executing on host: <188.185.215.51:9618?addrs=188.185.215.51-9618+[2001-1458-303-1e--100-2f]-9618&alias=b9p31p7647.cern.ch&noUDP&sock=startd_3755_3236>
	SlotName: slot1_24@b9p31p7647.cern.ch
	CondorScratchDir = "/pool/condor/dir_422267"
	Cpus = 1
	Disk = 3792
	GPUs = 0
	Memory = 3000
...
006 (14729965.002.000) 02/25 17:18:57 Image size of job updated: 481984
	471  -  MemoryUsage of job (MB)
	481984  -  ResidentSetSize of job (KB)
...
006 (14729965.002.000) 02/25 17:23:57 Image size of job updated: 3505000
	3423  -  MemoryUsage of job (MB)
	3505000  -  ResidentSetSize of job (KB)
...
006 (14729965.002.000) 02/25 17:28:32 Image size of job updated: 4634488
	3423  -  MemoryUsage of job (MB)
	3505000  -  ResidentSetSize of job (KB)
...
040 (14729965.002.000) 02/25 17:28:32 Started transferring output files
...
040 (14729965.002.000) 02/25 17:28:32 Finished transferring output files
...
005 (14729965.002.000) 02/25 17:28:33 Job terminated.
	(1) Normal termination (return value 1)
		Usr 0 00:12:17, Sys 0 00:00:26  -  Run Remote Usage
		Usr 0 00:00:00, Sys 0 00:00:00  -  Run Local Usage
		Usr 0 00:12:17, Sys 0 00:00:26  -  Total Remote Usage
		Usr 0 00:00:00, Sys 0 00:00:00  -  Total Local Usage
	30536  -  Run Bytes Sent By Job
	30218  -  Run Bytes Received By Job
	30536  -  Total Bytes Sent By Job
	30218  -  Total Bytes Received By Job
	Partitionable Resources :    Usage  Request Allocated 
	   Cpus                 :        0        1         1 
	   Disk (KB)            :       85       32      3792 
	   GPUs                 :                           0 
	   Memory (MB)          :     3423     3000      3000 
	   TimeExecute (s)      :      589                    
	   TimeSlotBusy (s)     :      591                    

	Job terminated of its own accord at 2026-02-25T16:28:32Z with exit-code 1.
...
