subject   : /DC=ch/DC=cern/OU=Organic Units/OU=Users/CN=driosper/CN=886669/CN=Diego Alejandro Rios Perez/CN=3192939875
issuer    : /DC=ch/DC=cern/OU=Organic Units/OU=Users/CN=driosper/CN=886669/CN=Diego Alejandro Rios Perez
identity  : /DC=ch/DC=cern/OU=Organic Units/OU=Users/CN=driosper/CN=886669/CN=Diego Alejandro Rios Perez
type      : RFC compliant proxy
strength  : 2048 bits
path      : /afs/cern.ch/user/d/driosper/private/x509up_u182284
timeleft  : 11:12:27
key usage : Digital Signature, Key Encipherment
=== VO cms extension information ===
VO        : cms
subject   : /DC=ch/DC=cern/OU=Organic Units/OU=Users/CN=driosper/CN=886669/CN=Diego Alejandro Rios Perez
issuer    : /DC=ch/DC=cern/OU=computers/CN=cms-auth.cern.ch
attribute : /cms/Role=NULL/Capability=NULL
timeleft  : 11:12:27
uri       : voms-cms-auth.cern.ch:15000
--workflow ztoee --year 2022preEE --output_path /eos/user/d/driosper/bsm3g_coffea/outputs/ztoee/2022preEE/TTtoLNu2Q --output_format coffea --dataset TTtoLNu2Q_12 --partition_json /srv/partition_fileset.json
  Preprocessing 100% ━━━━━━━━━━━━━━━━━━ 9/9 [ 0:00:28 < 0:00:00 | 0.3   file/s ]
Merging (local) 100% ━━━━━━━━━━━━━━━━━━ 9/9 [ 0:00:28 < 0:00:00 | ?   merges/s ]
     Processing   2%                     1/44 [ 0:00:41 < -:--:-- | ?  chunk/s ]
Merging (local)   0% ━━━━━━━━━━━━━━━━━━━  0/0 [ 0:00:02 < 0:00:00 | ? merges/s ]
There are 45306 events with muon pt outside of [26,200] GeV. Setting those entries to their initial value.
There are 45307 events with muon pt outside of [26,200] GeV. Setting those entries to their initial value.
There are 206 nan entries in the corrected pt. This might be due to the number of tracker layers hitting boundaries. Setting those entries to their initial value.
There are 49940 events with muon pt outside of [26,200] GeV. Setting those entries to their initial value.
There are 45375 events with muon pt outside of [26,200] GeV. Setting those entries to their initial value.
There are 45377 events with muon pt outside of [26,200] GeV. Setting those entries to their initial value.
There are 174 nan entries in the corrected pt. This might be due to the number of tracker layers hitting boundaries. Setting those entries to their initial value.
There are 49955 events with muon pt outside of [26,200] GeV. Setting those entries to their initial value.
There are 45213 events with muon pt outside of [26,200] GeV. Setting those entries to their initial value.
There are 45214 events with muon pt outside of [26,200] GeV. Setting those entries to their initial value.
There are 169 nan entries in the corrected pt. This might be due to the number of tracker layers hitting boundaries. Setting those entries to their initial value.
There are 49441 events with muon pt outside of [26,200] GeV. Setting those entries to their initial value.
There are 45112 events with muon pt outside of [26,200] GeV. Setting those entries to their initial value.
There are 45114 events with muon pt outside of [26,200] GeV. Setting those entries to their initial value.
There are 193 nan entries in the corrected pt. This might be due to the number of tracker layers hitting boundaries. Setting those entries to their initial value.
There are 49767 events with muon pt outside of [26,200] GeV. Setting those entries to their initial value.
There are 45356 events with muon pt outside of [26,200] GeV. Setting those entries to their initial value.
There are 45357 events with muon pt outside of [26,200] GeV. Setting those entries to their initial value.
There are 174 nan entries in the corrected pt. This might be due to the number of tracker layers hitting boundaries. Setting those entries to their initial value.
There are 49979 events with muon pt outside of [26,200] GeV. Setting those entries to their initial value.
There are 45201 events with muon pt outside of [26,200] GeV. Setting those entries to their initial value.
There are 45201 events with muon pt outside of [26,200] GeV. Setting those entries to their initial value.
There are 156 nan entries in the corrected pt. This might be due to the number of tracker layers hitting boundaries. Setting those entries to their initial value.
There are 49880 events with muon pt outside of [26,200] GeV. Setting those entries to their initial value.
There are 45507 events with muon pt outside of [26,200] GeV. Setting those entries to their initial value.
There are 45510 events with muon pt outside of [26,200] GeV. Setting those entries to their initial value.
There are 188 nan entries in the corrected pt. This might be due to the number of tracker layers hitting boundaries. Setting those entries to their initial value.
There are 49911 events with muon pt outside of [26,200] GeV. Setting those entries to their initial value.
There are 45251 events with muon pt outside of [26,200] GeV. Setting those entries to their initial value.
There are 45254 events with muon pt outside of [26,200] GeV. Setting those entries to their initial value.
There are 192 nan entries in the corrected pt. This might be due to the number of tracker layers hitting boundaries. Setting those entries to their initial value.
There are 49853 events with muon pt outside of [26,200] GeV. Setting those entries to their initial value.
There are 45205 events with muon pt outside of [26,200] GeV. Setting those entries to their initial value.
There are 45207 events with muon pt outside of [26,200] GeV. Setting those entries to their initial value.
There are 186 nan entries in the corrected pt. This might be due to the number of tracker layers hitting boundaries. Setting those entries to their initial value.
There are 49579 events with muon pt outside of [26,200] GeV. Setting those entries to their initial value.
There are 45281 events with muon pt outside of [26,200] GeV. Setting those entries to their initial value.
There are 45286 events with muon pt outside of [26,200] GeV. Setting those entries to their initial value.
There are 188 nan entries in the corrected pt. This might be due to the number of tracker layers hitting boundaries. Setting those entries to their initial value.
There are 49938 events with muon pt outside of [26,200] GeV. Setting those entries to their initial value.
There are 44946 events with muon pt outside of [26,200] GeV. Setting those entries to their initial value.
There are 44947 events with muon pt outside of [26,200] GeV. Setting those entries to their initial value.
There are 193 nan entries in the corrected pt. This might be due to the number of tracker layers hitting boundaries. Setting those entries to their initial value.
There are 49642 events with muon pt outside of [26,200] GeV. Setting those entries to their initial value.
There are 45313 events with muon pt outside of [26,200] GeV. Setting those entries to their initial value.
There are 45313 events with muon pt outside of [26,200] GeV. Setting those entries to their initial value.
There are 160 nan entries in the corrected pt. This might be due to the number of tracker layers hitting boundaries. Setting those entries to their initial value.
There are 49822 events with muon pt outside of [26,200] GeV. Setting those entries to their initial value.
There are 44951 events with muon pt outside of [26,200] GeV. Setting those entries to their initial value.
There are 44953 events with muon pt outside of [26,200] GeV. Setting those entries to their initial value.
There are 188 nan entries in the corrected pt. This might be due to the number of tracker layers hitting boundaries. Setting those entries to their initial value.
There are 49389 events with muon pt outside of [26,200] GeV. Setting those entries to their initial value.
There are 45454 events with muon pt outside of [26,200] GeV. Setting those entries to their initial value.
There are 45455 events with muon pt outside of [26,200] GeV. Setting those entries to their initial value.
There are 176 nan entries in the corrected pt. This might be due to the number of tracker layers hitting boundaries. Setting those entries to their initial value.
There are 49771 events with muon pt outside of [26,200] GeV. Setting those entries to their initial value.
There are 52038 events with muon pt outside of [26,200] GeV. Setting those entries to their initial value.
There are 52042 events with muon pt outside of [26,200] GeV. Setting those entries to their initial value.
There are 206 nan entries in the corrected pt. This might be due to the number of tracker layers hitting boundaries. Setting those entries to their initial value.
There are 57315 events with muon pt outside of [26,200] GeV. Setting those entries to their initial value.
There are 45289 events with muon pt outside of [26,200] GeV. Setting those entries to their initial value.
There are 45292 events with muon pt outside of [26,200] GeV. Setting those entries to their initial value.
There are 177 nan entries in the corrected pt. This might be due to the number of tracker layers hitting boundaries. Setting those entries to their initial value.
There are 50102 events with muon pt outside of [26,200] GeV. Setting those entries to their initial value.
There are 45374 events with muon pt outside of [26,200] GeV. Setting those entries to their initial value.
There are 45376 events with muon pt outside of [26,200] GeV. Setting those entries to their initial value.
There are 183 nan entries in the corrected pt. This might be due to the number of tracker layers hitting boundaries. Setting those entries to their initial value.
There are 50120 events with muon pt outside of [26,200] GeV. Setting those entries to their initial value.
There are 45501 events with muon pt outside of [26,200] GeV. Setting those entries to their initial value.
There are 45504 events with muon pt outside of [26,200] GeV. Setting those entries to their initial value.
There are 178 nan entries in the corrected pt. This might be due to the number of tracker layers hitting boundaries. Setting those entries to their initial value.
There are 49745 events with muon pt outside of [26,200] GeV. Setting those entries to their initial value.
There are 45318 events with muon pt outside of [26,200] GeV. Setting those entries to their initial value.
There are 45320 events with muon pt outside of [26,200] GeV. Setting those entries to their initial value.
There are 161 nan entries in the corrected pt. This might be due to the number of tracker layers hitting boundaries. Setting those entries to their initial value.
There are 49845 events with muon pt outside of [26,200] GeV. Setting those entries to their initial value.
There are 45387 events with muon pt outside of [26,200] GeV. Setting those entries to their initial value.
There are 45388 events with muon pt outside of [26,200] GeV. Setting those entries to their initial value.
There are 186 nan entries in the corrected pt. This might be due to the number of tracker layers hitting boundaries. Setting those entries to their initial value.
There are 49604 events with muon pt outside of [26,200] GeV. Setting those entries to their initial value.
There are 51258 events with muon pt outside of [26,200] GeV. Setting those entries to their initial value.
There are 51262 events with muon pt outside of [26,200] GeV. Setting those entries to their initial value.
There are 209 nan entries in the corrected pt. This might be due to the number of tracker layers hitting boundaries. Setting those entries to their initial value.
There are 56402 events with muon pt outside of [26,200] GeV. Setting those entries to their initial value.
There are 45256 events with muon pt outside of [26,200] GeV. Setting those entries to their initial value.
There are 45257 events with muon pt outside of [26,200] GeV. Setting those entries to their initial value.
There are 177 nan entries in the corrected pt. This might be due to the number of tracker layers hitting boundaries. Setting those entries to their initial value.
There are 50281 events with muon pt outside of [26,200] GeV. Setting those entries to their initial value.
There are 45262 events with muon pt outside of [26,200] GeV. Setting those entries to their initial value.
There are 45264 events with muon pt outside of [26,200] GeV. Setting those entries to their initial value.
There are 188 nan entries in the corrected pt. This might be due to the number of tracker layers hitting boundaries. Setting those entries to their initial value.
There are 49687 events with muon pt outside of [26,200] GeV. Setting those entries to their initial value.
There are 45418 events with muon pt outside of [26,200] GeV. Setting those entries to their initial value.
There are 45424 events with muon pt outside of [26,200] GeV. Setting those entries to their initial value.
There are 170 nan entries in the corrected pt. This might be due to the number of tracker layers hitting boundaries. Setting those entries to their initial value.
There are 49539 events with muon pt outside of [26,200] GeV. Setting those entries to their initial value.
There are 45011 events with muon pt outside of [26,200] GeV. Setting those entries to their initial value.
There are 45011 events with muon pt outside of [26,200] GeV. Setting those entries to their initial value.
There are 183 nan entries in the corrected pt. This might be due to the number of tracker layers hitting boundaries. Setting those entries to their initial value.
There are 49678 events with muon pt outside of [26,200] GeV. Setting those entries to their initial value.
There are 45238 events with muon pt outside of [26,200] GeV. Setting those entries to their initial value.
There are 45240 events with muon pt outside of [26,200] GeV. Setting those entries to their initial value.
There are 176 nan entries in the corrected pt. This might be due to the number of tracker layers hitting boundaries. Setting those entries to their initial value.
There are 49657 events with muon pt outside of [26,200] GeV. Setting those entries to their initial value.
There are 52115 events with muon pt outside of [26,200] GeV. Setting those entries to their initial value.
There are 52117 events with muon pt outside of [26,200] GeV. Setting those entries to their initial value.
There are 222 nan entries in the corrected pt. This might be due to the number of tracker layers hitting boundaries. Setting those entries to their initial value.
There are 57472 events with muon pt outside of [26,200] GeV. Setting those entries to their initial value.
There are 45563 events with muon pt outside of [26,200] GeV. Setting those entries to their initial value.
There are 45564 events with muon pt outside of [26,200] GeV. Setting those entries to their initial value.
There are 185 nan entries in the corrected pt. This might be due to the number of tracker layers hitting boundaries. Setting those entries to their initial value.
There are 50074 events with muon pt outside of [26,200] GeV. Setting those entries to their initial value.
There are 45219 events with muon pt outside of [26,200] GeV. Setting those entries to their initial value.
There are 45221 events with muon pt outside of [26,200] GeV. Setting those entries to their initial value.
There are 180 nan entries in the corrected pt. This might be due to the number of tracker layers hitting boundaries. Setting those entries to their initial value.
There are 50065 events with muon pt outside of [26,200] GeV. Setting those entries to their initial value.
There are 45089 events with muon pt outside of [26,200] GeV. Setting those entries to their initial value.
There are 45096 events with muon pt outside of [26,200] GeV. Setting those entries to their initial value.
There are 178 nan entries in the corrected pt. This might be due to the number of tracker layers hitting boundaries. Setting those entries to their initial value.
There are 49990 events with muon pt outside of [26,200] GeV. Setting those entries to their initial value.
There are 45432 events with muon pt outside of [26,200] GeV. Setting those entries to their initial value.
There are 45433 events with muon pt outside of [26,200] GeV. Setting those entries to their initial value.
There are 202 nan entries in the corrected pt. This might be due to the number of tracker layers hitting boundaries. Setting those entries to their initial value.
There are 49655 events with muon pt outside of [26,200] GeV. Setting those entries to their initial value.
There are 44996 events with muon pt outside of [26,200] GeV. Setting those entries to their initial value.
There are 44997 events with muon pt outside of [26,200] GeV. Setting those entries to their initial value.
There are 193 nan entries in the corrected pt. This might be due to the number of tracker layers hitting boundaries. Setting those entries to their initial value.
There are 49776 events with muon pt outside of [26,200] GeV. Setting those entries to their initial value.
There are 45067 events with muon pt outside of [26,200] GeV. Setting those entries to their initial value.
There are 45068 events with muon pt outside of [26,200] GeV. Setting those entries to their initial value.
There are 189 nan entries in the corrected pt. This might be due to the number of tracker layers hitting boundaries. Setting those entries to their initial value.
There are 50105 events with muon pt outside of [26,200] GeV. Setting those entries to their initial value.
There are 45366 events with muon pt outside of [26,200] GeV. Setting those entries to their initial value.
There are 45366 events with muon pt outside of [26,200] GeV. Setting those entries to their initial value.
There are 199 nan entries in the corrected pt. This might be due to the number of tracker layers hitting boundaries. Setting those entries to their initial value.
There are 49971 events with muon pt outside of [26,200] GeV. Setting those entries to their initial value.
There are 49988 events with muon pt outside of [26,200] GeV. Setting those entries to their initial value.
There are 49990 events with muon pt outside of [26,200] GeV. Setting those entries to their initial value.
There are 197 nan entries in the corrected pt. This might be due to the number of tracker layers hitting boundaries. Setting those entries to their initial value.
There are 55001 events with muon pt outside of [26,200] GeV. Setting those entries to their initial value.
There are 45139 events with muon pt outside of [26,200] GeV. Setting those entries to their initial value.
There are 45142 events with muon pt outside of [26,200] GeV. Setting those entries to their initial value.
There are 176 nan entries in the corrected pt. This might be due to the number of tracker layers hitting boundaries. Setting those entries to their initial value.
There are 49941 events with muon pt outside of [26,200] GeV. Setting those entries to their initial value.
There are 45082 events with muon pt outside of [26,200] GeV. Setting those entries to their initial value.
There are 45082 events with muon pt outside of [26,200] GeV. Setting those entries to their initial value.
There are 165 nan entries in the corrected pt. This might be due to the number of tracker layers hitting boundaries. Setting those entries to their initial value.
There are 49708 events with muon pt outside of [26,200] GeV. Setting those entries to their initial value.
There are 45578 events with muon pt outside of [26,200] GeV. Setting those entries to their initial value.
There are 45580 events with muon pt outside of [26,200] GeV. Setting those entries to their initial value.
There are 183 nan entries in the corrected pt. This might be due to the number of tracker layers hitting boundaries. Setting those entries to their initial value.
There are 49814 events with muon pt outside of [26,200] GeV. Setting those entries to their initial value.
There are 45561 events with muon pt outside of [26,200] GeV. Setting those entries to their initial value.
There are 45563 events with muon pt outside of [26,200] GeV. Setting those entries to their initial value.
There are 166 nan entries in the corrected pt. This might be due to the number of tracker layers hitting boundaries. Setting those entries to their initial value.
There are 50048 events with muon pt outside of [26,200] GeV. Setting those entries to their initial value.
There are 23821 events with muon pt outside of [26,200] GeV. Setting those entries to their initial value.
There are 23822 events with muon pt outside of [26,200] GeV. Setting those entries to their initial value.
There are 97 nan entries in the corrected pt. This might be due to the number of tracker layers hitting boundaries. Setting those entries to their initial value.
There are 26315 events with muon pt outside of [26,200] GeV. Setting those entries to their initial value.
There are 45212 events with muon pt outside of [26,200] GeV. Setting those entries to their initial value.
There are 45216 events with muon pt outside of [26,200] GeV. Setting those entries to their initial value.
There are 183 nan entries in the corrected pt. This might be due to the number of tracker layers hitting boundaries. Setting those entries to their initial value.
There are 49631 events with muon pt outside of [26,200] GeV. Setting those entries to their initial value.
There are 45211 events with muon pt outside of [26,200] GeV. Setting those entries to their initial value.
There are 45212 events with muon pt outside of [26,200] GeV. Setting those entries to their initial value.
There are 193 nan entries in the corrected pt. This might be due to the number of tracker layers hitting boundaries. Setting those entries to their initial value.
There are 49713 events with muon pt outside of [26,200] GeV. Setting those entries to their initial value.
There are 45216 events with muon pt outside of [26,200] GeV. Setting those entries to their initial value.
There are 45221 events with muon pt outside of [26,200] GeV. Setting those entries to their initial value.
There are 196 nan entries in the corrected pt. This might be due to the number of tracker layers hitting boundaries. Setting those entries to their initial value.
There are 50023 events with muon pt outside of [26,200] GeV. Setting those entries to their initial value.
There are 45740 events with muon pt outside of [26,200] GeV. Setting those entries to their initial value.
There are 45742 events with muon pt outside of [26,200] GeV. Setting those entries to their initial value.
There are 179 nan entries in the corrected pt. This might be due to the number of tracker layers hitting boundaries. Setting those entries to their initial value.
There are 50287 events with muon pt outside of [26,200] GeV. Setting those entries to their initial value.
