subject   : /DC=ch/DC=cern/OU=Organic Units/OU=Users/CN=driosper/CN=886669/CN=Diego Alejandro Rios Perez/CN=1573519443
issuer    : /DC=ch/DC=cern/OU=Organic Units/OU=Users/CN=driosper/CN=886669/CN=Diego Alejandro Rios Perez
identity  : /DC=ch/DC=cern/OU=Organic Units/OU=Users/CN=driosper/CN=886669/CN=Diego Alejandro Rios Perez
type      : RFC compliant proxy
strength  : 2048 bits
path      : /afs/cern.ch/user/d/driosper/private/x509up_u182284
timeleft  : 11:49:36
key usage : Digital Signature, Key Encipherment
=== VO cms extension information ===
VO        : cms
subject   : /DC=ch/DC=cern/OU=Organic Units/OU=Users/CN=driosper/CN=886669/CN=Diego Alejandro Rios Perez
issuer    : /DC=ch/DC=cern/OU=computers/CN=cms-auth.cern.ch
attribute : /cms/Role=NULL/Capability=NULL
timeleft  : 11:49:36
uri       : voms-cms-auth.cern.ch:15000
--workflow ztoee --year 2022preEE --output_path /eos/user/d/driosper/bsm3g_coffea/outputs/ztoee/2022preEE/TTtoLNu2Q --output_format coffea --dataset TTtoLNu2Q_1 --partition_json /srv/partition_fileset.json
  Preprocessing 100% ━━━━━━━━━━━━━━━━ 10/10 [ 0:00:16 < 0:00:00 | 0.7   file/s ]
Merging (local) 100% ━━━━━━━━━━━━━━━━ 10/10 [ 0:00:16 < 0:00:00 | ?   merges/s ]
     Processing  15% ━━╸                 4/26 [ 0:01:36 < -:--:-- | ?  chunk/s ]
Merging (local) 100% ━━━━━━━━━━━━━━━━━━━  3/3 [ 0:00:32 < 0:00:00 | ? merges/s ]
There are 43634 events with muon pt outside of [26,200] GeV. Setting those entries to their initial value.
There are 43637 events with muon pt outside of [26,200] GeV. Setting those entries to their initial value.
There are 182 nan entries in the corrected pt. This might be due to the number of tracker layers hitting boundaries. Setting those entries to their initial value.
There are 47984 events with muon pt outside of [26,200] GeV. Setting those entries to their initial value.
There are 46631 events with muon pt outside of [26,200] GeV. Setting those entries to their initial value.
There are 46636 events with muon pt outside of [26,200] GeV. Setting those entries to their initial value.
There are 193 nan entries in the corrected pt. This might be due to the number of tracker layers hitting boundaries. Setting those entries to their initial value.
There are 51260 events with muon pt outside of [26,200] GeV. Setting those entries to their initial value.
There are 47986 events with muon pt outside of [26,200] GeV. Setting those entries to their initial value.
There are 47989 events with muon pt outside of [26,200] GeV. Setting those entries to their initial value.
There are 185 nan entries in the corrected pt. This might be due to the number of tracker layers hitting boundaries. Setting those entries to their initial value.
There are 52799 events with muon pt outside of [26,200] GeV. Setting those entries to their initial value.
There are 48059 events with muon pt outside of [26,200] GeV. Setting those entries to their initial value.
There are 48063 events with muon pt outside of [26,200] GeV. Setting those entries to their initial value.
There are 209 nan entries in the corrected pt. This might be due to the number of tracker layers hitting boundaries. Setting those entries to their initial value.
There are 52775 events with muon pt outside of [26,200] GeV. Setting those entries to their initial value.
There are 47765 events with muon pt outside of [26,200] GeV. Setting those entries to their initial value.
There are 47765 events with muon pt outside of [26,200] GeV. Setting those entries to their initial value.
There are 203 nan entries in the corrected pt. This might be due to the number of tracker layers hitting boundaries. Setting those entries to their initial value.
There are 52879 events with muon pt outside of [26,200] GeV. Setting those entries to their initial value.
There are 48055 events with muon pt outside of [26,200] GeV. Setting those entries to their initial value.
There are 48058 events with muon pt outside of [26,200] GeV. Setting those entries to their initial value.
There are 203 nan entries in the corrected pt. This might be due to the number of tracker layers hitting boundaries. Setting those entries to their initial value.
There are 52735 events with muon pt outside of [26,200] GeV. Setting those entries to their initial value.
There are 47980 events with muon pt outside of [26,200] GeV. Setting those entries to their initial value.
There are 47984 events with muon pt outside of [26,200] GeV. Setting those entries to their initial value.
There are 198 nan entries in the corrected pt. This might be due to the number of tracker layers hitting boundaries. Setting those entries to their initial value.
There are 52961 events with muon pt outside of [26,200] GeV. Setting those entries to their initial value.
There are 47797 events with muon pt outside of [26,200] GeV. Setting those entries to their initial value.
There are 47799 events with muon pt outside of [26,200] GeV. Setting those entries to their initial value.
There are 188 nan entries in the corrected pt. This might be due to the number of tracker layers hitting boundaries. Setting those entries to their initial value.
There are 52703 events with muon pt outside of [26,200] GeV. Setting those entries to their initial value.
There are 36508 events with muon pt outside of [26,200] GeV. Setting those entries to their initial value.
There are 36511 events with muon pt outside of [26,200] GeV. Setting those entries to their initial value.
There are 136 nan entries in the corrected pt. This might be due to the number of tracker layers hitting boundaries. Setting those entries to their initial value.
There are 40233 events with muon pt outside of [26,200] GeV. Setting those entries to their initial value.
There are 13349 events with muon pt outside of [26,200] GeV. Setting those entries to their initial value.
There are 13349 events with muon pt outside of [26,200] GeV. Setting those entries to their initial value.
There are 46 nan entries in the corrected pt. This might be due to the number of tracker layers hitting boundaries. Setting those entries to their initial value.
There are 14651 events with muon pt outside of [26,200] GeV. Setting those entries to their initial value.
There are 43456 events with muon pt outside of [26,200] GeV. Setting those entries to their initial value.
There are 43460 events with muon pt outside of [26,200] GeV. Setting those entries to their initial value.
There are 185 nan entries in the corrected pt. This might be due to the number of tracker layers hitting boundaries. Setting those entries to their initial value.
There are 47889 events with muon pt outside of [26,200] GeV. Setting those entries to their initial value.
There are 46568 events with muon pt outside of [26,200] GeV. Setting those entries to their initial value.
There are 46573 events with muon pt outside of [26,200] GeV. Setting those entries to their initial value.
There are 188 nan entries in the corrected pt. This might be due to the number of tracker layers hitting boundaries. Setting those entries to their initial value.
There are 51155 events with muon pt outside of [26,200] GeV. Setting those entries to their initial value.
There are 48085 events with muon pt outside of [26,200] GeV. Setting those entries to their initial value.
There are 48087 events with muon pt outside of [26,200] GeV. Setting those entries to their initial value.
There are 174 nan entries in the corrected pt. This might be due to the number of tracker layers hitting boundaries. Setting those entries to their initial value.
There are 52315 events with muon pt outside of [26,200] GeV. Setting those entries to their initial value.
There are 47937 events with muon pt outside of [26,200] GeV. Setting those entries to their initial value.
There are 47939 events with muon pt outside of [26,200] GeV. Setting those entries to their initial value.
There are 193 nan entries in the corrected pt. This might be due to the number of tracker layers hitting boundaries. Setting those entries to their initial value.
There are 52647 events with muon pt outside of [26,200] GeV. Setting those entries to their initial value.
There are 47855 events with muon pt outside of [26,200] GeV. Setting those entries to their initial value.
There are 47858 events with muon pt outside of [26,200] GeV. Setting those entries to their initial value.
There are 179 nan entries in the corrected pt. This might be due to the number of tracker layers hitting boundaries. Setting those entries to their initial value.
There are 52892 events with muon pt outside of [26,200] GeV. Setting those entries to their initial value.
There are 47800 events with muon pt outside of [26,200] GeV. Setting those entries to their initial value.
There are 47801 events with muon pt outside of [26,200] GeV. Setting those entries to their initial value.
There are 202 nan entries in the corrected pt. This might be due to the number of tracker layers hitting boundaries. Setting those entries to their initial value.
There are 52835 events with muon pt outside of [26,200] GeV. Setting those entries to their initial value.
There are 8570 events with muon pt outside of [26,200] GeV. Setting those entries to their initial value.
There are 8571 events with muon pt outside of [26,200] GeV. Setting those entries to their initial value.
There are 26 nan entries in the corrected pt. This might be due to the number of tracker layers hitting boundaries. Setting those entries to their initial value.
There are 9485 events with muon pt outside of [26,200] GeV. Setting those entries to their initial value.
There are 36339 events with muon pt outside of [26,200] GeV. Setting those entries to their initial value.
There are 36342 events with muon pt outside of [26,200] GeV. Setting those entries to their initial value.
There are 141 nan entries in the corrected pt. This might be due to the number of tracker layers hitting boundaries. Setting those entries to their initial value.
There are 40046 events with muon pt outside of [26,200] GeV. Setting those entries to their initial value.
There are 9174 events with muon pt outside of [26,200] GeV. Setting those entries to their initial value.
There are 9174 events with muon pt outside of [26,200] GeV. Setting those entries to their initial value.
There are 33 nan entries in the corrected pt. This might be due to the number of tracker layers hitting boundaries. Setting those entries to their initial value.
There are 10182 events with muon pt outside of [26,200] GeV. Setting those entries to their initial value.
There are 45760 events with muon pt outside of [26,200] GeV. Setting those entries to their initial value.
There are 45761 events with muon pt outside of [26,200] GeV. Setting those entries to their initial value.
There are 178 nan entries in the corrected pt. This might be due to the number of tracker layers hitting boundaries. Setting those entries to their initial value.
There are 50644 events with muon pt outside of [26,200] GeV. Setting those entries to their initial value.
There are 46393 events with muon pt outside of [26,200] GeV. Setting those entries to their initial value.
There are 46397 events with muon pt outside of [26,200] GeV. Setting those entries to their initial value.
There are 190 nan entries in the corrected pt. This might be due to the number of tracker layers hitting boundaries. Setting those entries to their initial value.
There are 51364 events with muon pt outside of [26,200] GeV. Setting those entries to their initial value.
There are 46475 events with muon pt outside of [26,200] GeV. Setting those entries to their initial value.
There are 46479 events with muon pt outside of [26,200] GeV. Setting those entries to their initial value.
There are 202 nan entries in the corrected pt. This might be due to the number of tracker layers hitting boundaries. Setting those entries to their initial value.
There are 51308 events with muon pt outside of [26,200] GeV. Setting those entries to their initial value.
There are 18663 events with muon pt outside of [26,200] GeV. Setting those entries to their initial value.
There are 18664 events with muon pt outside of [26,200] GeV. Setting those entries to their initial value.
There are 87 nan entries in the corrected pt. This might be due to the number of tracker layers hitting boundaries. Setting those entries to their initial value.
There are 20670 events with muon pt outside of [26,200] GeV. Setting those entries to their initial value.
There are 45586 events with muon pt outside of [26,200] GeV. Setting those entries to their initial value.
There are 45589 events with muon pt outside of [26,200] GeV. Setting those entries to their initial value.
There are 164 nan entries in the corrected pt. This might be due to the number of tracker layers hitting boundaries. Setting those entries to their initial value.
There are 50481 events with muon pt outside of [26,200] GeV. Setting those entries to their initial value.
There are 46408 events with muon pt outside of [26,200] GeV. Setting those entries to their initial value.
There are 46410 events with muon pt outside of [26,200] GeV. Setting those entries to their initial value.
There are 183 nan entries in the corrected pt. This might be due to the number of tracker layers hitting boundaries. Setting those entries to their initial value.
There are 50995 events with muon pt outside of [26,200] GeV. Setting those entries to their initial value.
There are 46567 events with muon pt outside of [26,200] GeV. Setting those entries to their initial value.
There are 46572 events with muon pt outside of [26,200] GeV. Setting those entries to their initial value.
There are 179 nan entries in the corrected pt. This might be due to the number of tracker layers hitting boundaries. Setting those entries to their initial value.
There are 50912 events with muon pt outside of [26,200] GeV. Setting those entries to their initial value.
