000 (14729965.009.000) 02/25 17:14:47 Job submitted from host: <188.184.90.62:9618?addrs=188.184.90.62-9618+[2001-1458-201-e4--100-238]-9618&alias=bigbird16.cern.ch&noUDP&sock=schedd_5196_9a2f>
...
040 (14729965.009.000) 02/25 17:18:45 Started transferring input files
	Transferring to host: <188.185.213.78:9618?addrs=188.185.213.78-9618+[2001-1458-303-1a--100-4a]-9618&alias=b9p27p3655.cern.ch&noUDP&sock=slot1_2_7120_6f1b_169769>
...
040 (14729965.009.000) 02/25 17:18:45 Finished transferring input files
...
001 (14729965.009.000) 02/25 17:18:46 Job executing on host: <188.185.213.78:9618?addrs=188.185.213.78-9618+[2001-1458-303-1a--100-4a]-9618&alias=b9p27p3655.cern.ch&noUDP&sock=startd_6385_284b>
	SlotName: slot1_2@b9p27p3655.cern.ch
	CondorScratchDir = "/pool/condor/dir_2633491"
	Cpus = 1
	Disk = 3778
	GPUs = 0
	Memory = 3000
...
006 (14729965.009.000) 02/25 17:19:00 Image size of job updated: 477672
	467  -  MemoryUsage of job (MB)
	477672  -  ResidentSetSize of job (KB)
...
006 (14729965.009.000) 02/25 17:24:01 Image size of job updated: 4048012
	3954  -  MemoryUsage of job (MB)
	4048012  -  ResidentSetSize of job (KB)
...
006 (14729965.009.000) 02/25 17:28:01 Image size of job updated: 4627916
	3954  -  MemoryUsage of job (MB)
	4048012  -  ResidentSetSize of job (KB)
...
040 (14729965.009.000) 02/25 17:28:01 Started transferring output files
...
040 (14729965.009.000) 02/25 17:28:01 Finished transferring output files
...
005 (14729965.009.000) 02/25 17:28:02 Job terminated.
	(1) Normal termination (return value 1)
		Usr 0 00:11:25, Sys 0 00:00:27  -  Run Remote Usage
		Usr 0 00:00:00, Sys 0 00:00:00  -  Run Local Usage
		Usr 0 00:11:25, Sys 0 00:00:27  -  Total Remote Usage
		Usr 0 00:00:00, Sys 0 00:00:00  -  Total Local Usage
	31223  -  Run Bytes Sent By Job
	30218  -  Run Bytes Received By Job
	31223  -  Total Bytes Sent By Job
	30218  -  Total Bytes Received By Job
	Partitionable Resources :    Usage  Request Allocated 
	   Cpus                 :     0.76        1         1 
	   Disk (KB)            :    86          32      3778 
	   GPUs                 :                           0 
	   Memory (MB)          :  3954        3000      3000 
	   TimeExecute (s)      :   555                       
	   TimeSlotBusy (s)     :   557                       

	Job terminated of its own accord at 2026-02-25T16:28:01Z with exit-code 1.
...
