subject   : /DC=ch/DC=cern/OU=Organic Units/OU=Users/CN=driosper/CN=886669/CN=Diego Alejandro Rios Perez/CN=3192939875
issuer    : /DC=ch/DC=cern/OU=Organic Units/OU=Users/CN=driosper/CN=886669/CN=Diego Alejandro Rios Perez
identity  : /DC=ch/DC=cern/OU=Organic Units/OU=Users/CN=driosper/CN=886669/CN=Diego Alejandro Rios Perez
type      : RFC compliant proxy
strength  : 2048 bits
path      : /afs/cern.ch/user/d/driosper/private/x509up_u182284
timeleft  : 11:12:29
key usage : Digital Signature, Key Encipherment
=== VO cms extension information ===
VO        : cms
subject   : /DC=ch/DC=cern/OU=Organic Units/OU=Users/CN=driosper/CN=886669/CN=Diego Alejandro Rios Perez
issuer    : /DC=ch/DC=cern/OU=computers/CN=cms-auth.cern.ch
attribute : /cms/Role=NULL/Capability=NULL
timeleft  : 11:12:29
uri       : voms-cms-auth.cern.ch:15000
--workflow ztoee --year 2022preEE --output_path /eos/user/d/driosper/bsm3g_coffea/outputs/ztoee/2022preEE/TTtoLNu2Q --output_format coffea --dataset TTtoLNu2Q_11 --partition_json /srv/partition_fileset.json
  Preprocessing 100% ━━━━━━━━━━━━━━━━━━ 9/9 [ 0:00:16 < 0:00:00 | 0.6   file/s ]
Merging (local) 100% ━━━━━━━━━━━━━━━━━━ 9/9 [ 0:00:16 < 0:00:00 | ?   merges/s ]
     Processing   6% ╸                 2/36 [ 0:00:41 < 0:14:27 | 0.0  chunk/s ]
Merging (local) 100% ━━━━━━━━━━━━━━━━━  1/1 [ 0:00:16 < 0:00:00 | ?   merges/s ]
There are 27802 events with muon pt outside of [26,200] GeV. Setting those entries to their initial value.
There are 27803 events with muon pt outside of [26,200] GeV. Setting those entries to their initial value.
There are 129 nan entries in the corrected pt. This might be due to the number of tracker layers hitting boundaries. Setting those entries to their initial value.
There are 30403 events with muon pt outside of [26,200] GeV. Setting those entries to their initial value.
There are 45014 events with muon pt outside of [26,200] GeV. Setting those entries to their initial value.
There are 45016 events with muon pt outside of [26,200] GeV. Setting those entries to their initial value.
There are 182 nan entries in the corrected pt. This might be due to the number of tracker layers hitting boundaries. Setting those entries to their initial value.
There are 49167 events with muon pt outside of [26,200] GeV. Setting those entries to their initial value.
There are 42708 events with muon pt outside of [26,200] GeV. Setting those entries to their initial value.
There are 42709 events with muon pt outside of [26,200] GeV. Setting those entries to their initial value.
There are 178 nan entries in the corrected pt. This might be due to the number of tracker layers hitting boundaries. Setting those entries to their initial value.
There are 47011 events with muon pt outside of [26,200] GeV. Setting those entries to their initial value.
There are 42568 events with muon pt outside of [26,200] GeV. Setting those entries to their initial value.
There are 42570 events with muon pt outside of [26,200] GeV. Setting those entries to their initial value.
There are 152 nan entries in the corrected pt. This might be due to the number of tracker layers hitting boundaries. Setting those entries to their initial value.
There are 46854 events with muon pt outside of [26,200] GeV. Setting those entries to their initial value.
There are 44897 events with muon pt outside of [26,200] GeV. Setting those entries to their initial value.
There are 44902 events with muon pt outside of [26,200] GeV. Setting those entries to their initial value.
There are 168 nan entries in the corrected pt. This might be due to the number of tracker layers hitting boundaries. Setting those entries to their initial value.
There are 49767 events with muon pt outside of [26,200] GeV. Setting those entries to their initial value.
There are 45267 events with muon pt outside of [26,200] GeV. Setting those entries to their initial value.
There are 45271 events with muon pt outside of [26,200] GeV. Setting those entries to their initial value.
There are 183 nan entries in the corrected pt. This might be due to the number of tracker layers hitting boundaries. Setting those entries to their initial value.
There are 49740 events with muon pt outside of [26,200] GeV. Setting those entries to their initial value.
There are 45192 events with muon pt outside of [26,200] GeV. Setting those entries to their initial value.
There are 45192 events with muon pt outside of [26,200] GeV. Setting those entries to their initial value.
There are 181 nan entries in the corrected pt. This might be due to the number of tracker layers hitting boundaries. Setting those entries to their initial value.
There are 49294 events with muon pt outside of [26,200] GeV. Setting those entries to their initial value.
There are 42143 events with muon pt outside of [26,200] GeV. Setting those entries to their initial value.
There are 42144 events with muon pt outside of [26,200] GeV. Setting those entries to their initial value.
There are 153 nan entries in the corrected pt. This might be due to the number of tracker layers hitting boundaries. Setting those entries to their initial value.
There are 46248 events with muon pt outside of [26,200] GeV. Setting those entries to their initial value.
There are 44839 events with muon pt outside of [26,200] GeV. Setting those entries to their initial value.
There are 44841 events with muon pt outside of [26,200] GeV. Setting those entries to their initial value.
There are 180 nan entries in the corrected pt. This might be due to the number of tracker layers hitting boundaries. Setting those entries to their initial value.
There are 49662 events with muon pt outside of [26,200] GeV. Setting those entries to their initial value.
There are 44930 events with muon pt outside of [26,200] GeV. Setting those entries to their initial value.
There are 44931 events with muon pt outside of [26,200] GeV. Setting those entries to their initial value.
There are 160 nan entries in the corrected pt. This might be due to the number of tracker layers hitting boundaries. Setting those entries to their initial value.
There are 49476 events with muon pt outside of [26,200] GeV. Setting those entries to their initial value.
There are 42710 events with muon pt outside of [26,200] GeV. Setting those entries to their initial value.
There are 42711 events with muon pt outside of [26,200] GeV. Setting those entries to their initial value.
There are 150 nan entries in the corrected pt. This might be due to the number of tracker layers hitting boundaries. Setting those entries to their initial value.
There are 46936 events with muon pt outside of [26,200] GeV. Setting those entries to their initial value.
There are 36656 events with muon pt outside of [26,200] GeV. Setting those entries to their initial value.
There are 36657 events with muon pt outside of [26,200] GeV. Setting those entries to their initial value.
There are 153 nan entries in the corrected pt. This might be due to the number of tracker layers hitting boundaries. Setting those entries to their initial value.
There are 40078 events with muon pt outside of [26,200] GeV. Setting those entries to their initial value.
There are 45270 events with muon pt outside of [26,200] GeV. Setting those entries to their initial value.
There are 45272 events with muon pt outside of [26,200] GeV. Setting those entries to their initial value.
There are 173 nan entries in the corrected pt. This might be due to the number of tracker layers hitting boundaries. Setting those entries to their initial value.
There are 49849 events with muon pt outside of [26,200] GeV. Setting those entries to their initial value.
There are 45254 events with muon pt outside of [26,200] GeV. Setting those entries to their initial value.
There are 45255 events with muon pt outside of [26,200] GeV. Setting those entries to their initial value.
There are 172 nan entries in the corrected pt. This might be due to the number of tracker layers hitting boundaries. Setting those entries to their initial value.
There are 49585 events with muon pt outside of [26,200] GeV. Setting those entries to their initial value.
There are 41832 events with muon pt outside of [26,200] GeV. Setting those entries to their initial value.
There are 41834 events with muon pt outside of [26,200] GeV. Setting those entries to their initial value.
There are 165 nan entries in the corrected pt. This might be due to the number of tracker layers hitting boundaries. Setting those entries to their initial value.
There are 46285 events with muon pt outside of [26,200] GeV. Setting those entries to their initial value.
There are 42212 events with muon pt outside of [26,200] GeV. Setting those entries to their initial value.
There are 42213 events with muon pt outside of [26,200] GeV. Setting those entries to their initial value.
There are 161 nan entries in the corrected pt. This might be due to the number of tracker layers hitting boundaries. Setting those entries to their initial value.
There are 46146 events with muon pt outside of [26,200] GeV. Setting those entries to their initial value.
There are 41883 events with muon pt outside of [26,200] GeV. Setting those entries to their initial value.
There are 41884 events with muon pt outside of [26,200] GeV. Setting those entries to their initial value.
There are 157 nan entries in the corrected pt. This might be due to the number of tracker layers hitting boundaries. Setting those entries to their initial value.
There are 46357 events with muon pt outside of [26,200] GeV. Setting those entries to their initial value.
There are 4029 events with muon pt outside of [26,200] GeV. Setting those entries to their initial value.
There are 4029 events with muon pt outside of [26,200] GeV. Setting those entries to their initial value.
There are 18 nan entries in the corrected pt. This might be due to the number of tracker layers hitting boundaries. Setting those entries to their initial value.
There are 4428 events with muon pt outside of [26,200] GeV. Setting those entries to their initial value.
There are 44869 events with muon pt outside of [26,200] GeV. Setting those entries to their initial value.
There are 44871 events with muon pt outside of [26,200] GeV. Setting those entries to their initial value.
There are 160 nan entries in the corrected pt. This might be due to the number of tracker layers hitting boundaries. Setting those entries to their initial value.
There are 49249 events with muon pt outside of [26,200] GeV. Setting those entries to their initial value.
There are 44890 events with muon pt outside of [26,200] GeV. Setting those entries to their initial value.
There are 44892 events with muon pt outside of [26,200] GeV. Setting those entries to their initial value.
There are 175 nan entries in the corrected pt. This might be due to the number of tracker layers hitting boundaries. Setting those entries to their initial value.
There are 49451 events with muon pt outside of [26,200] GeV. Setting those entries to their initial value.
There are 42541 events with muon pt outside of [26,200] GeV. Setting those entries to their initial value.
There are 42542 events with muon pt outside of [26,200] GeV. Setting those entries to their initial value.
There are 161 nan entries in the corrected pt. This might be due to the number of tracker layers hitting boundaries. Setting those entries to their initial value.
There are 46600 events with muon pt outside of [26,200] GeV. Setting those entries to their initial value.
There are 42831 events with muon pt outside of [26,200] GeV. Setting those entries to their initial value.
There are 42835 events with muon pt outside of [26,200] GeV. Setting those entries to their initial value.
There are 173 nan entries in the corrected pt. This might be due to the number of tracker layers hitting boundaries. Setting those entries to their initial value.
There are 46961 events with muon pt outside of [26,200] GeV. Setting those entries to their initial value.
There are 44995 events with muon pt outside of [26,200] GeV. Setting those entries to their initial value.
There are 44999 events with muon pt outside of [26,200] GeV. Setting those entries to their initial value.
There are 166 nan entries in the corrected pt. This might be due to the number of tracker layers hitting boundaries. Setting those entries to their initial value.
There are 49667 events with muon pt outside of [26,200] GeV. Setting those entries to their initial value.
There are 45213 events with muon pt outside of [26,200] GeV. Setting those entries to their initial value.
There are 45216 events with muon pt outside of [26,200] GeV. Setting those entries to their initial value.
There are 162 nan entries in the corrected pt. This might be due to the number of tracker layers hitting boundaries. Setting those entries to their initial value.
There are 49786 events with muon pt outside of [26,200] GeV. Setting those entries to their initial value.
There are 45166 events with muon pt outside of [26,200] GeV. Setting those entries to their initial value.
There are 45168 events with muon pt outside of [26,200] GeV. Setting those entries to their initial value.
There are 187 nan entries in the corrected pt. This might be due to the number of tracker layers hitting boundaries. Setting those entries to their initial value.
There are 49721 events with muon pt outside of [26,200] GeV. Setting those entries to their initial value.
There are 42181 events with muon pt outside of [26,200] GeV. Setting those entries to their initial value.
There are 42183 events with muon pt outside of [26,200] GeV. Setting those entries to their initial value.
There are 161 nan entries in the corrected pt. This might be due to the number of tracker layers hitting boundaries. Setting those entries to their initial value.
There are 46272 events with muon pt outside of [26,200] GeV. Setting those entries to their initial value.
There are 58432 events with muon pt outside of [26,200] GeV. Setting those entries to their initial value.
There are 58434 events with muon pt outside of [26,200] GeV. Setting those entries to their initial value.
There are 230 nan entries in the corrected pt. This might be due to the number of tracker layers hitting boundaries. Setting those entries to their initial value.
There are 64574 events with muon pt outside of [26,200] GeV. Setting those entries to their initial value.
There are 2460 events with muon pt outside of [26,200] GeV. Setting those entries to their initial value.
There are 2460 events with muon pt outside of [26,200] GeV. Setting those entries to their initial value.
There are 9 nan entries in the corrected pt. This might be due to the number of tracker layers hitting boundaries. Setting those entries to their initial value.
There are 2701 events with muon pt outside of [26,200] GeV. Setting those entries to their initial value.
There are 44964 events with muon pt outside of [26,200] GeV. Setting those entries to their initial value.
There are 44966 events with muon pt outside of [26,200] GeV. Setting those entries to their initial value.
There are 182 nan entries in the corrected pt. This might be due to the number of tracker layers hitting boundaries. Setting those entries to their initial value.
There are 49174 events with muon pt outside of [26,200] GeV. Setting those entries to their initial value.
There are 42472 events with muon pt outside of [26,200] GeV. Setting those entries to their initial value.
There are 42475 events with muon pt outside of [26,200] GeV. Setting those entries to their initial value.
There are 179 nan entries in the corrected pt. This might be due to the number of tracker layers hitting boundaries. Setting those entries to their initial value.
There are 47112 events with muon pt outside of [26,200] GeV. Setting those entries to their initial value.
There are 42726 events with muon pt outside of [26,200] GeV. Setting those entries to their initial value.
There are 42728 events with muon pt outside of [26,200] GeV. Setting those entries to their initial value.
There are 169 nan entries in the corrected pt. This might be due to the number of tracker layers hitting boundaries. Setting those entries to their initial value.
There are 47069 events with muon pt outside of [26,200] GeV. Setting those entries to their initial value.
There are 42569 events with muon pt outside of [26,200] GeV. Setting those entries to their initial value.
There are 42570 events with muon pt outside of [26,200] GeV. Setting those entries to their initial value.
There are 165 nan entries in the corrected pt. This might be due to the number of tracker layers hitting boundaries. Setting those entries to their initial value.
There are 46700 events with muon pt outside of [26,200] GeV. Setting those entries to their initial value.
There are 45174 events with muon pt outside of [26,200] GeV. Setting those entries to their initial value.
There are 45177 events with muon pt outside of [26,200] GeV. Setting those entries to their initial value.
There are 194 nan entries in the corrected pt. This might be due to the number of tracker layers hitting boundaries. Setting those entries to their initial value.
There are 49886 events with muon pt outside of [26,200] GeV. Setting those entries to their initial value.
There are 45301 events with muon pt outside of [26,200] GeV. Setting those entries to their initial value.
There are 45302 events with muon pt outside of [26,200] GeV. Setting those entries to their initial value.
There are 168 nan entries in the corrected pt. This might be due to the number of tracker layers hitting boundaries. Setting those entries to their initial value.
There are 49905 events with muon pt outside of [26,200] GeV. Setting those entries to their initial value.
There are 42152 events with muon pt outside of [26,200] GeV. Setting those entries to their initial value.
There are 42157 events with muon pt outside of [26,200] GeV. Setting those entries to their initial value.
There are 162 nan entries in the corrected pt. This might be due to the number of tracker layers hitting boundaries. Setting those entries to their initial value.
There are 46354 events with muon pt outside of [26,200] GeV. Setting those entries to their initial value.
There are 42193 events with muon pt outside of [26,200] GeV. Setting those entries to their initial value.
There are 42194 events with muon pt outside of [26,200] GeV. Setting those entries to their initial value.
There are 158 nan entries in the corrected pt. This might be due to the number of tracker layers hitting boundaries. Setting those entries to their initial value.
There are 46434 events with muon pt outside of [26,200] GeV. Setting those entries to their initial value.
