000 (14737680.006.000) 02/25 20:32:49 Job submitted from host: <188.184.90.62:9618?addrs=188.184.90.62-9618+[2001-1458-201-e4--100-238]-9618&alias=bigbird16.cern.ch&noUDP&sock=schedd_5196_9a2f>
...
040 (14737680.006.000) 02/25 20:36:33 Started transferring input files
	Transferring to host: <188.185.207.10:9618?addrs=188.185.207.10-9618+[2001-1458-303-d--100-7]-9618&alias=b9p07p2827.cern.ch&noUDP&sock=slot1_26_4537_7a12_157003>
...
040 (14737680.006.000) 02/25 20:36:33 Finished transferring input files
...
001 (14737680.006.000) 02/25 20:36:34 Job executing on host: <188.185.207.10:9618?addrs=188.185.207.10-9618+[2001-1458-303-d--100-7]-9618&alias=b9p07p2827.cern.ch&noUDP&sock=startd_3751_73d5>
	SlotName: slot1_26@b9p07p2827.cern.ch
	CondorScratchDir = "/pool/condor/dir_2613031"
	Cpus = 1
	Disk = 3754
	GPUs = 0
	Memory = 3000
...
006 (14737680.006.000) 02/25 20:36:48 Image size of job updated: 569884
	557  -  MemoryUsage of job (MB)
	569884  -  ResidentSetSize of job (KB)
...
006 (14737680.006.000) 02/25 20:41:49 Image size of job updated: 3212064
	3032  -  MemoryUsage of job (MB)
	3104304  -  ResidentSetSize of job (KB)
...
006 (14737680.006.000) 02/25 20:43:19 Image size of job updated: 3583616
	3032  -  MemoryUsage of job (MB)
	3104304  -  ResidentSetSize of job (KB)
...
040 (14737680.006.000) 02/25 20:43:19 Started transferring output files
...
040 (14737680.006.000) 02/25 20:43:19 Finished transferring output files
...
005 (14737680.006.000) 02/25 20:43:19 Job terminated.
	(1) Normal termination (return value 1)
		Usr 0 00:09:59, Sys 0 00:00:25  -  Run Remote Usage
		Usr 0 00:00:00, Sys 0 00:00:00  -  Run Local Usage
		Usr 0 00:09:59, Sys 0 00:00:25  -  Total Remote Usage
		Usr 0 00:00:00, Sys 0 00:00:00  -  Total Local Usage
	29466  -  Run Bytes Sent By Job
	30315  -  Run Bytes Received By Job
	29466  -  Total Bytes Sent By Job
	30315  -  Total Bytes Received By Job
	Partitionable Resources :    Usage  Request Allocated 
	   Cpus                 :        0        1         1 
	   Disk (KB)            :       84       32      3754 
	   GPUs                 :                           0 
	   Memory (MB)          :     3032     3000      3000 
	   TimeExecute (s)      :      405                    
	   TimeSlotBusy (s)     :      407                    

	Job terminated of its own accord at 2026-02-25T19:43:19Z with exit-code 1.
...
