000 (14729965.011.000) 02/25 17:14:47 Job submitted from host: <188.184.90.62:9618?addrs=188.184.90.62-9618+[2001-1458-201-e4--100-238]-9618&alias=bigbird16.cern.ch&noUDP&sock=schedd_5196_9a2f>
...
040 (14729965.011.000) 02/25 17:18:45 Started transferring input files
	Transferring to host: <128.142.33.212:9618?addrs=128.142.33.212-9618+[2001-1458-301-39--100-11]-9618&alias=b9g24p7653.cern.ch&noUDP&sock=slot1_47_3432_e785_176168>
...
040 (14729965.011.000) 02/25 17:18:45 Finished transferring input files
...
001 (14729965.011.000) 02/25 17:18:46 Job executing on host: <128.142.33.212:9618?addrs=128.142.33.212-9618+[2001-1458-301-39--100-11]-9618&alias=b9g24p7653.cern.ch&noUDP&sock=startd_3004_1296>
	SlotName: slot1_47@b9g24p7653.cern.ch
	CondorScratchDir = "/pool/condor/dir_3352376"
	Cpus = 1
	Disk = 3892
	GPUs = 0
	Memory = 3000
...
006 (14729965.011.000) 02/25 17:19:00 Image size of job updated: 99064
	97  -  MemoryUsage of job (MB)
	99064  -  ResidentSetSize of job (KB)
...
006 (14729965.011.000) 02/25 17:24:00 Image size of job updated: 3498468
	3385  -  MemoryUsage of job (MB)
	3466140  -  ResidentSetSize of job (KB)
...
006 (14729965.011.000) 02/25 17:26:33 Image size of job updated: 4269276
	3385  -  MemoryUsage of job (MB)
	3466140  -  ResidentSetSize of job (KB)
...
040 (14729965.011.000) 02/25 17:26:33 Started transferring output files
...
040 (14729965.011.000) 02/25 17:26:33 Finished transferring output files
...
005 (14729965.011.000) 02/25 17:26:42 Job terminated.
	(1) Normal termination (return value 1)
		Usr 0 00:10:24, Sys 0 00:00:25  -  Run Remote Usage
		Usr 0 00:00:00, Sys 0 00:00:00  -  Run Local Usage
		Usr 0 00:10:24, Sys 0 00:00:25  -  Total Remote Usage
		Usr 0 00:00:00, Sys 0 00:00:00  -  Total Local Usage
	27880  -  Run Bytes Sent By Job
	30218  -  Run Bytes Received By Job
	27880  -  Total Bytes Sent By Job
	30218  -  Total Bytes Received By Job
	Partitionable Resources :    Usage  Request Allocated 
	   Cpus                 :     1.96        1         1 
	   Disk (KB)            :    83          32      3892 
	   GPUs                 :                           0 
	   Memory (MB)          :  3385        3000      3000 
	   TimeExecute (s)      :   467                       
	   TimeSlotBusy (s)     :   469                       

	Job terminated of its own accord at 2026-02-25T16:26:33Z with exit-code 1.
...
