000 (14729965.008.000) 02/25 17:14:46 Job submitted from host: <188.184.90.62:9618?addrs=188.184.90.62-9618+[2001-1458-201-e4--100-238]-9618&alias=bigbird16.cern.ch&noUDP&sock=schedd_5196_9a2f>
...
040 (14729965.008.000) 02/25 17:18:44 Started transferring input files
	Transferring to host: <188.185.211.137:9618?addrs=188.185.211.137-9618+[2001-1458-303-17--100-5]-9618&alias=b9p24p0933.cern.ch&noUDP&sock=slot1_9_8039_f3e0_168837>
...
040 (14729965.008.000) 02/25 17:18:44 Finished transferring input files
...
001 (14729965.008.000) 02/25 17:18:46 Job executing on host: <188.185.211.137:9618?addrs=188.185.211.137-9618+[2001-1458-303-17--100-5]-9618&alias=b9p24p0933.cern.ch&noUDP&sock=startd_7053_598e>
	SlotName: slot1_9@b9p24p0933.cern.ch
	CondorScratchDir = "/pool/condor/dir_1388676"
	Cpus = 1
	Disk = 3897
	GPUs = 0
	Memory = 3000
...
006 (14729965.008.000) 02/25 17:19:00 Image size of job updated: 115272
	113  -  MemoryUsage of job (MB)
	115272  -  ResidentSetSize of job (KB)
...
006 (14729965.008.000) 02/25 17:24:01 Image size of job updated: 3316612
	3239  -  MemoryUsage of job (MB)
	3316612  -  ResidentSetSize of job (KB)
...
006 (14729965.008.000) 02/25 17:29:01 Image size of job updated: 4801404
	4689  -  MemoryUsage of job (MB)
	4801404  -  ResidentSetSize of job (KB)
...
040 (14729965.008.000) 02/25 17:32:38 Started transferring output files
...
040 (14729965.008.000) 02/25 17:32:38 Finished transferring output files
...
005 (14729965.008.000) 02/25 17:32:38 Job terminated.
	(1) Normal termination (return value 1)
		Usr 0 00:14:22, Sys 0 00:00:27  -  Run Remote Usage
		Usr 0 00:00:00, Sys 0 00:00:00  -  Run Local Usage
		Usr 0 00:14:22, Sys 0 00:00:27  -  Total Remote Usage
		Usr 0 00:00:00, Sys 0 00:00:00  -  Total Local Usage
	34285  -  Run Bytes Sent By Job
	30218  -  Run Bytes Received By Job
	34285  -  Total Bytes Sent By Job
	30218  -  Total Bytes Received By Job
	Partitionable Resources :    Usage  Request Allocated 
	   Cpus                 :     1.26        1         1 
	   Disk (KB)            :    89          32      3897 
	   GPUs                 :                           0 
	   Memory (MB)          :  4689        3000      3000 
	   TimeExecute (s)      :   833                       
	   TimeSlotBusy (s)     :   835                       

	Job terminated of its own accord at 2026-02-25T16:32:38Z with exit-code 1.
...
