000 (14737680.003.000) 02/25 20:32:49 Job submitted from host: <188.184.90.62:9618?addrs=188.184.90.62-9618+[2001-1458-201-e4--100-238]-9618&alias=bigbird16.cern.ch&noUDP&sock=schedd_5196_9a2f>
...
040 (14737680.003.000) 02/25 20:36:32 Started transferring input files
	Transferring to host: <188.185.204.172:9618?addrs=188.185.204.172-9618+[2001-1458-303-8--100-a0]-9618&alias=b9p02p9818.cern.ch&noUDP&sock=slot1_17_7909_5b1b_158631>
...
040 (14737680.003.000) 02/25 20:36:32 Finished transferring input files
...
001 (14737680.003.000) 02/25 20:36:33 Job executing on host: <188.185.204.172:9618?addrs=188.185.204.172-9618+[2001-1458-303-8--100-a0]-9618&alias=b9p02p9818.cern.ch&noUDP&sock=startd_6791_a3be>
	SlotName: slot1_17@b9p02p9818.cern.ch
	CondorScratchDir = "/pool/condor/dir_3575844"
	Cpus = 1
	Disk = 3681
	GPUs = 0
	Memory = 3000
...
006 (14737680.003.000) 02/25 20:36:47 Image size of job updated: 540892
	529  -  MemoryUsage of job (MB)
	540892  -  ResidentSetSize of job (KB)
...
006 (14737680.003.000) 02/25 20:41:47 Image size of job updated: 3646516
	3559  -  MemoryUsage of job (MB)
	3644116  -  ResidentSetSize of job (KB)
...
006 (14737680.003.000) 02/25 20:46:48 Image size of job updated: 3661628
	3559  -  MemoryUsage of job (MB)
	3644116  -  ResidentSetSize of job (KB)
...
006 (14737680.003.000) 02/25 20:51:48 Image size of job updated: 3770108
	3579  -  MemoryUsage of job (MB)
	3664636  -  ResidentSetSize of job (KB)
...
040 (14737680.003.000) 02/25 20:54:33 Started transferring output files
...
040 (14737680.003.000) 02/25 20:54:33 Finished transferring output files
...
005 (14737680.003.000) 02/25 20:54:33 Job terminated.
	(1) Normal termination (return value 1)
		Usr 0 00:17:35, Sys 0 00:00:31  -  Run Remote Usage
		Usr 0 00:00:00, Sys 0 00:00:00  -  Run Local Usage
		Usr 0 00:17:35, Sys 0 00:00:31  -  Total Remote Usage
		Usr 0 00:00:00, Sys 0 00:00:00  -  Total Local Usage
	43933  -  Run Bytes Sent By Job
	30315  -  Run Bytes Received By Job
	43933  -  Total Bytes Sent By Job
	30315  -  Total Bytes Received By Job
	Partitionable Resources :    Usage  Request Allocated 
	   Cpus                 :     0.27        1         1 
	   Disk (KB)            :    99          32      3681 
	   GPUs                 :                           0 
	   Memory (MB)          :  3579        3000      3000 
	   TimeExecute (s)      :  1080                       
	   TimeSlotBusy (s)     :  1082                       

	Job terminated of its own accord at 2026-02-25T19:54:33Z with exit-code 1.
...
