000 (14752962.002.000) 02/26 16:23:24 Job submitted from host: <188.184.90.62:9618?addrs=188.184.90.62-9618+[2001-1458-201-e4--100-238]-9618&alias=bigbird16.cern.ch&noUDP&sock=schedd_5196_9a2f>
...
040 (14752962.002.000) 02/26 16:27:25 Started transferring input files
	Transferring to host: <128.142.33.207:9618?addrs=128.142.33.207-9618+[2001-1458-301-39--100-c]-9618&alias=b9g24p7173.cern.ch&noUDP&sock=slot1_17_4269_a587_173911>
...
040 (14752962.002.000) 02/26 16:27:25 Finished transferring input files
...
001 (14752962.002.000) 02/26 16:27:26 Job executing on host: <128.142.33.207:9618?addrs=128.142.33.207-9618+[2001-1458-301-39--100-c]-9618&alias=b9g24p7173.cern.ch&noUDP&sock=startd_3566_8ed0>
	SlotName: slot1_17@b9g24p7173.cern.ch
	CondorScratchDir = "/pool/condor/dir_751723"
	Cpus = 1
	Disk = 3829
	GPUs = 0
	Memory = 3000
...
006 (14752962.002.000) 02/26 16:27:40 Image size of job updated: 258248
	253  -  MemoryUsage of job (MB)
	258248  -  ResidentSetSize of job (KB)
...
006 (14752962.002.000) 02/26 16:27:44 Image size of job updated: 530756
	253  -  MemoryUsage of job (MB)
	258248  -  ResidentSetSize of job (KB)
...
040 (14752962.002.000) 02/26 16:27:44 Started transferring output files
...
040 (14752962.002.000) 02/26 16:27:44 Finished transferring output files
...
005 (14752962.002.000) 02/26 16:27:44 Job terminated.
	(1) Normal termination (return value 1)
		Usr 0 00:00:06, Sys 0 00:00:02  -  Run Remote Usage
		Usr 0 00:00:00, Sys 0 00:00:00  -  Run Local Usage
		Usr 0 00:00:06, Sys 0 00:00:02  -  Total Remote Usage
		Usr 0 00:00:00, Sys 0 00:00:00  -  Total Local Usage
	10647  -  Run Bytes Sent By Job
	17041  -  Run Bytes Received By Job
	10647  -  Total Bytes Sent By Job
	17041  -  Total Bytes Received By Job
	Partitionable Resources :    Usage  Request Allocated 
	   Cpus                 :        0        1         1 
	   Disk (KB)            :       53       20      3829 
	   GPUs                 :                           0 
	   Memory (MB)          :      253     3000      3000 
	   TimeExecute (s)      :       18                    
	   TimeSlotBusy (s)     :       20                    

	Job terminated of its own accord at 2026-02-26T15:27:44Z with exit-code 1.
...
