000 (14722385.000.000) 02/25 15:24:08 Job submitted from host: <188.184.90.62:9618?addrs=188.184.90.62-9618+[2001-1458-201-e4--100-238]-9618&alias=bigbird16.cern.ch&noUDP&sock=schedd_5196_9a2f>
...
040 (14722385.000.000) 02/25 15:27:04 Started transferring input files
	Transferring to host: <188.185.209.219:9618?addrs=188.185.209.219-9618+[2001-1458-303-12--100-58]-9618&alias=b9p12p3924.cern.ch&noUDP&sock=slot1_20_2279411_012d_85708>
...
040 (14722385.000.000) 02/25 15:27:04 Finished transferring input files
...
001 (14722385.000.000) 02/25 15:27:05 Job executing on host: <188.185.209.219:9618?addrs=188.185.209.219-9618+[2001-1458-303-12--100-58]-9618&alias=b9p12p3924.cern.ch&noUDP&sock=startd_3892_2ab0>
	SlotName: slot1_20@b9p12p3924.cern.ch
	CondorScratchDir = "/pool/condor/dir_3714855"
	Cpus = 1
	Disk = 3585
	GPUs = 0
	Memory = 3000
...
006 (14722385.000.000) 02/25 15:27:19 Image size of job updated: 525908
	514  -  MemoryUsage of job (MB)
	525908  -  ResidentSetSize of job (KB)
...
006 (14722385.000.000) 02/25 15:28:10 Image size of job updated: 581768
	515  -  MemoryUsage of job (MB)
	526684  -  ResidentSetSize of job (KB)
...
040 (14722385.000.000) 02/25 15:28:10 Started transferring output files
...
040 (14722385.000.000) 02/25 15:28:10 Finished transferring output files
...
005 (14722385.000.000) 02/25 15:28:10 Job terminated.
	(1) Normal termination (return value 1)
		Usr 0 00:00:20, Sys 0 00:00:02  -  Run Remote Usage
		Usr 0 00:00:00, Sys 0 00:00:00  -  Run Local Usage
		Usr 0 00:00:20, Sys 0 00:00:02  -  Total Remote Usage
		Usr 0 00:00:00, Sys 0 00:00:00  -  Total Local Usage
	15394  -  Run Bytes Sent By Job
	17180  -  Run Bytes Received By Job
	15394  -  Total Bytes Sent By Job
	17180  -  Total Bytes Received By Job
	Partitionable Resources :    Usage  Request Allocated 
	   Cpus                 :        0        1         1 
	   Disk (KB)            :       58       20      3585 
	   GPUs                 :                           0 
	   Memory (MB)          :      515     3000      3000 
	   TimeExecute (s)      :       65                    
	   TimeSlotBusy (s)     :       67                    

	Job terminated of its own accord at 2026-02-25T14:28:10Z with exit-code 1.
...
