000 (14752962.003.000) 02/26 16:23:24 Job submitted from host: <188.184.90.62:9618?addrs=188.184.90.62-9618+[2001-1458-201-e4--100-238]-9618&alias=bigbird16.cern.ch&noUDP&sock=schedd_5196_9a2f>
...
040 (14752962.003.000) 02/26 16:27:26 Started transferring input files
	Transferring to host: <188.185.205.216:9618?addrs=188.185.205.216-9618+[2001-1458-303-a--100-55]-9618&alias=b9p04p2069.cern.ch&noUDP&sock=slot1_23_6364_c37c_144985>
...
040 (14752962.003.000) 02/26 16:27:26 Finished transferring input files
...
001 (14752962.003.000) 02/26 16:27:27 Job executing on host: <188.185.205.216:9618?addrs=188.185.205.216-9618+[2001-1458-303-a--100-55]-9618&alias=b9p04p2069.cern.ch&noUDP&sock=startd_5470_8b22>
	SlotName: slot1_23@b9p04p2069.cern.ch
	CondorScratchDir = "/pool/condor/dir_1790539"
	Cpus = 1
	Disk = 3527
	GPUs = 0
	Memory = 3000
...
006 (14752962.003.000) 02/26 16:27:41 Image size of job updated: 565072
	552  -  MemoryUsage of job (MB)
	565072  -  ResidentSetSize of job (KB)
...
040 (14752962.003.000) 02/26 16:27:42 Started transferring output files
...
040 (14752962.003.000) 02/26 16:27:42 Finished transferring output files
...
005 (14752962.003.000) 02/26 16:27:42 Job terminated.
	(1) Normal termination (return value 1)
		Usr 0 00:00:06, Sys 0 00:00:02  -  Run Remote Usage
		Usr 0 00:00:00, Sys 0 00:00:00  -  Run Local Usage
		Usr 0 00:00:06, Sys 0 00:00:02  -  Total Remote Usage
		Usr 0 00:00:00, Sys 0 00:00:00  -  Total Local Usage
	15515  -  Run Bytes Sent By Job
	17041  -  Run Bytes Received By Job
	15515  -  Total Bytes Sent By Job
	17041  -  Total Bytes Received By Job
	Partitionable Resources :    Usage  Request Allocated 
	   Cpus                 :        0        1         1 
	   Disk (KB)            :       58       20      3527 
	   GPUs                 :                           0 
	   Memory (MB)          :      552     3000      3000 
	   TimeExecute (s)      :       15                    
	   TimeSlotBusy (s)     :       17                    

	Job terminated of its own accord at 2026-02-26T15:27:42Z with exit-code 1.
...
