000 (14752962.005.000) 02/26 16:23:24 Job submitted from host: <188.184.90.62:9618?addrs=188.184.90.62-9618+[2001-1458-201-e4--100-238]-9618&alias=bigbird16.cern.ch&noUDP&sock=schedd_5196_9a2f>
...
040 (14752962.005.000) 02/26 16:27:28 Started transferring input files
	Transferring to host: <188.185.205.137:9618?addrs=188.185.205.137-9618+[2001-1458-303-a--100-6]-9618&alias=b9p04p9214.cern.ch&noUDP&sock=slot1_13_4041_fffd_150540>
...
040 (14752962.005.000) 02/26 16:27:28 Finished transferring input files
...
001 (14752962.005.000) 02/26 16:27:29 Job executing on host: <188.185.205.137:9618?addrs=188.185.205.137-9618+[2001-1458-303-a--100-6]-9618&alias=b9p04p9214.cern.ch&noUDP&sock=startd_3571_fcc9>
	SlotName: slot1_13@b9p04p9214.cern.ch
	CondorScratchDir = "/pool/condor/dir_286133"
	Cpus = 1
	Disk = 3792
	GPUs = 0
	Memory = 3000
...
006 (14752962.005.000) 02/26 16:27:42 Image size of job updated: 502624
	491  -  MemoryUsage of job (MB)
	502624  -  ResidentSetSize of job (KB)
...
040 (14752962.005.000) 02/26 16:27:44 Started transferring output files
...
040 (14752962.005.000) 02/26 16:27:44 Finished transferring output files
...
005 (14752962.005.000) 02/26 16:27:44 Job terminated.
	(1) Normal termination (return value 1)
		Usr 0 00:00:04, Sys 0 00:00:02  -  Run Remote Usage
		Usr 0 00:00:00, Sys 0 00:00:00  -  Run Local Usage
		Usr 0 00:00:04, Sys 0 00:00:02  -  Total Remote Usage
		Usr 0 00:00:00, Sys 0 00:00:00  -  Total Local Usage
	14044  -  Run Bytes Sent By Job
	17041  -  Run Bytes Received By Job
	14044  -  Total Bytes Sent By Job
	17041  -  Total Bytes Received By Job
	Partitionable Resources :    Usage  Request Allocated 
	   Cpus                 :        0        1         1 
	   Disk (KB)            :       59       20      3792 
	   GPUs                 :                           0 
	   Memory (MB)          :      491     3000      3000 
	   TimeExecute (s)      :       15                    
	   TimeSlotBusy (s)     :       18                    

	Job terminated of its own accord at 2026-02-26T15:27:44Z with exit-code 1.
...
