000 (14752962.004.000) 02/26 16:23:24 Job submitted from host: <188.184.90.62:9618?addrs=188.184.90.62-9618+[2001-1458-201-e4--100-238]-9618&alias=bigbird16.cern.ch&noUDP&sock=schedd_5196_9a2f>
...
040 (14752962.004.000) 02/26 16:27:26 Started transferring input files
	Transferring to host: <188.185.211.206:9618?addrs=188.185.211.206-9618+[2001-1458-303-17--100-4a]-9618&alias=b9p24p9246.cern.ch&noUDP&sock=slot1_17_4821_949d_174187>
...
040 (14752962.004.000) 02/26 16:27:26 Finished transferring input files
...
001 (14752962.004.000) 02/26 16:27:27 Job executing on host: <188.185.211.206:9618?addrs=188.185.211.206-9618+[2001-1458-303-17--100-4a]-9618&alias=b9p24p9246.cern.ch&noUDP&sock=startd_4017_e806>
	SlotName: slot1_17@b9p24p9246.cern.ch
	CondorScratchDir = "/pool/condor/dir_3624393"
	Cpus = 1
	Disk = 3910
	GPUs = 0
	Memory = 3000
...
006 (14752962.004.000) 02/26 16:27:41 Image size of job updated: 516540
	505  -  MemoryUsage of job (MB)
	516540  -  ResidentSetSize of job (KB)
...
006 (14752962.004.000) 02/26 16:27:43 Image size of job updated: 516672
	505  -  MemoryUsage of job (MB)
	516672  -  ResidentSetSize of job (KB)
...
040 (14752962.004.000) 02/26 16:27:43 Started transferring output files
...
040 (14752962.004.000) 02/26 16:27:44 Finished transferring output files
...
005 (14752962.004.000) 02/26 16:27:44 Job terminated.
	(1) Normal termination (return value 1)
		Usr 0 00:00:07, Sys 0 00:00:02  -  Run Remote Usage
		Usr 0 00:00:00, Sys 0 00:00:00  -  Run Local Usage
		Usr 0 00:00:07, Sys 0 00:00:02  -  Total Remote Usage
		Usr 0 00:00:00, Sys 0 00:00:00  -  Total Local Usage
	15166  -  Run Bytes Sent By Job
	17041  -  Run Bytes Received By Job
	15166  -  Total Bytes Sent By Job
	17041  -  Total Bytes Received By Job
	Partitionable Resources :    Usage  Request Allocated 
	   Cpus                 :        0        1         1 
	   Disk (KB)            :       55       20      3910 
	   GPUs                 :                           0 
	   Memory (MB)          :      505     3000      3000 
	   TimeExecute (s)      :       16                    
	   TimeSlotBusy (s)     :       19                    

	Job terminated of its own accord at 2026-02-26T15:27:43Z with exit-code 1.
...
