000 (14729963.000.000) 02/25 17:14:45 Job submitted from host: <188.184.90.62:9618?addrs=188.184.90.62-9618+[2001-1458-201-e4--100-238]-9618&alias=bigbird16.cern.ch&noUDP&sock=schedd_5196_9a2f>
...
040 (14729963.000.000) 02/25 17:18:38 Started transferring input files
	Transferring to host: <188.185.211.62:9618?addrs=188.185.211.62-9618+[2001-1458-303-16--100-3a]-9618&alias=b9p23p1404.cern.ch&noUDP&sock=slot1_2_2945302_7413_89892>
...
040 (14729963.000.000) 02/25 17:18:38 Finished transferring input files
...
001 (14729963.000.000) 02/25 17:18:39 Job executing on host: <188.185.211.62:9618?addrs=188.185.211.62-9618+[2001-1458-303-16--100-3a]-9618&alias=b9p23p1404.cern.ch&noUDP&sock=startd_4153_30e8>
	SlotName: slot1_2@b9p23p1404.cern.ch
	CondorScratchDir = "/pool/condor/dir_3563915"
	Cpus = 1
	Disk = 3824
	GPUs = 0
	Memory = 3000
...
006 (14729963.000.000) 02/25 17:18:53 Image size of job updated: 475708
	465  -  MemoryUsage of job (MB)
	475708  -  ResidentSetSize of job (KB)
...
006 (14729963.000.000) 02/25 17:23:53 Image size of job updated: 3549396
	3450  -  MemoryUsage of job (MB)
	3532084  -  ResidentSetSize of job (KB)
...
040 (14729963.000.000) 02/25 17:24:05 Started transferring output files
...
040 (14729963.000.000) 02/25 17:24:05 Finished transferring output files
...
005 (14729963.000.000) 02/25 17:24:05 Job terminated.
	(1) Normal termination (return value 1)
		Usr 0 00:05:45, Sys 0 00:00:16  -  Run Remote Usage
		Usr 0 00:00:00, Sys 0 00:00:00  -  Run Local Usage
		Usr 0 00:05:45, Sys 0 00:00:16  -  Total Remote Usage
		Usr 0 00:00:00, Sys 0 00:00:00  -  Total Local Usage
	22592  -  Run Bytes Sent By Job
	16923  -  Run Bytes Received By Job
	22592  -  Total Bytes Sent By Job
	16923  -  Total Bytes Received By Job
	Partitionable Resources :    Usage  Request Allocated 
	   Cpus                 :     1.55        1         1 
	   Disk (KB)            :    65          20      3824 
	   GPUs                 :                           0 
	   Memory (MB)          :  3450        3000      3000 
	   TimeExecute (s)      :   326                       
	   TimeSlotBusy (s)     :   328                       

	Job terminated of its own accord at 2026-02-25T16:24:05Z with exit-code 1.
...
