subject   : /DC=ch/DC=cern/OU=Organic Units/OU=Users/CN=driosper/CN=886669/CN=Diego Alejandro Rios Perez/CN=3192939875
issuer    : /DC=ch/DC=cern/OU=Organic Units/OU=Users/CN=driosper/CN=886669/CN=Diego Alejandro Rios Perez
identity  : /DC=ch/DC=cern/OU=Organic Units/OU=Users/CN=driosper/CN=886669/CN=Diego Alejandro Rios Perez
type      : RFC compliant proxy
strength  : 2048 bits
path      : /afs/cern.ch/user/d/driosper/private/x509up_u182284
timeleft  : 9:20:58
key usage : Digital Signature, Key Encipherment
=== VO cms extension information ===
VO        : cms
subject   : /DC=ch/DC=cern/OU=Organic Units/OU=Users/CN=driosper/CN=886669/CN=Diego Alejandro Rios Perez
issuer    : /DC=ch/DC=cern/OU=computers/CN=cms-auth.cern.ch
attribute : /cms/Role=NULL/Capability=NULL
timeleft  : 9:20:58
uri       : voms-cms-auth.cern.ch:15000
--workflow ztoee --year 2022preEE --output_path /eos/user/d/driosper/bsm3g_coffea/outputs/ztoee/2022preEE/TTTo2L2Nu --output_format coffea --dataset TTTo2L2Nu_1 --partition_json /srv/partition_fileset.json
  Preprocessing 100% ━━━━━━━━━━━━━━━━ 10/10 [ 0:00:21 < 0:00:00 | 0.7   file/s ]
Merging (local) 100% ━━━━━━━━━━━━━━━━ 10/10 [ 0:00:21 < 0:00:00 | ?   merges/s ]
     Processing   5% ━                   1/19 [ 0:01:12 < -:--:-- | ?  chunk/s ]
Merging (local)   0% ━━━━━━━━━━━━━━━━━━━  0/0 [ 0:00:02 < 0:00:00 | ? merges/s ]
There are 44595 events with muon pt outside of [26,200] GeV. Setting those entries to their initial value.
There are 44598 events with muon pt outside of [26,200] GeV. Setting those entries to their initial value.
There are 228 nan entries in the corrected pt. This might be due to the number of tracker layers hitting boundaries. Setting those entries to their initial value.
There are 41740 events with muon pt outside of [26,200] GeV. Setting those entries to their initial value.
There are 44403 events with muon pt outside of [26,200] GeV. Setting those entries to their initial value.
There are 44407 events with muon pt outside of [26,200] GeV. Setting those entries to their initial value.
There are 223 nan entries in the corrected pt. This might be due to the number of tracker layers hitting boundaries. Setting those entries to their initial value.
There are 41628 events with muon pt outside of [26,200] GeV. Setting those entries to their initial value.
There are 53805 events with muon pt outside of [26,200] GeV. Setting those entries to their initial value.
There are 53811 events with muon pt outside of [26,200] GeV. Setting those entries to their initial value.
There are 234 nan entries in the corrected pt. This might be due to the number of tracker layers hitting boundaries. Setting those entries to their initial value.
There are 50444 events with muon pt outside of [26,200] GeV. Setting those entries to their initial value.
There are 41127 events with muon pt outside of [26,200] GeV. Setting those entries to their initial value.
There are 41129 events with muon pt outside of [26,200] GeV. Setting those entries to their initial value.
There are 174 nan entries in the corrected pt. This might be due to the number of tracker layers hitting boundaries. Setting those entries to their initial value.
There are 38812 events with muon pt outside of [26,200] GeV. Setting those entries to their initial value.
There are 44698 events with muon pt outside of [26,200] GeV. Setting those entries to their initial value.
There are 44702 events with muon pt outside of [26,200] GeV. Setting those entries to their initial value.
There are 208 nan entries in the corrected pt. This might be due to the number of tracker layers hitting boundaries. Setting those entries to their initial value.
There are 42180 events with muon pt outside of [26,200] GeV. Setting those entries to their initial value.
There are 37260 events with muon pt outside of [26,200] GeV. Setting those entries to their initial value.
There are 37263 events with muon pt outside of [26,200] GeV. Setting those entries to their initial value.
There are 183 nan entries in the corrected pt. This might be due to the number of tracker layers hitting boundaries. Setting those entries to their initial value.
There are 35192 events with muon pt outside of [26,200] GeV. Setting those entries to their initial value.
There are 58995 events with muon pt outside of [26,200] GeV. Setting those entries to their initial value.
There are 59000 events with muon pt outside of [26,200] GeV. Setting those entries to their initial value.
There are 276 nan entries in the corrected pt. This might be due to the number of tracker layers hitting boundaries. Setting those entries to their initial value.
There are 55396 events with muon pt outside of [26,200] GeV. Setting those entries to their initial value.
There are 41207 events with muon pt outside of [26,200] GeV. Setting those entries to their initial value.
There are 41214 events with muon pt outside of [26,200] GeV. Setting those entries to their initial value.
There are 205 nan entries in the corrected pt. This might be due to the number of tracker layers hitting boundaries. Setting those entries to their initial value.
There are 38956 events with muon pt outside of [26,200] GeV. Setting those entries to their initial value.
There are 15574 events with muon pt outside of [26,200] GeV. Setting those entries to their initial value.
There are 15576 events with muon pt outside of [26,200] GeV. Setting those entries to their initial value.
There are 77 nan entries in the corrected pt. This might be due to the number of tracker layers hitting boundaries. Setting those entries to their initial value.
There are 14457 events with muon pt outside of [26,200] GeV. Setting those entries to their initial value.
There are 44346 events with muon pt outside of [26,200] GeV. Setting those entries to their initial value.
There are 44351 events with muon pt outside of [26,200] GeV. Setting those entries to their initial value.
There are 187 nan entries in the corrected pt. This might be due to the number of tracker layers hitting boundaries. Setting those entries to their initial value.
There are 41939 events with muon pt outside of [26,200] GeV. Setting those entries to their initial value.
There are 6046 events with muon pt outside of [26,200] GeV. Setting those entries to their initial value.
There are 6047 events with muon pt outside of [26,200] GeV. Setting those entries to their initial value.
There are 39 nan entries in the corrected pt. This might be due to the number of tracker layers hitting boundaries. Setting those entries to their initial value.
There are 5636 events with muon pt outside of [26,200] GeV. Setting those entries to their initial value.
There are 49895 events with muon pt outside of [26,200] GeV. Setting those entries to their initial value.
There are 49899 events with muon pt outside of [26,200] GeV. Setting those entries to their initial value.
There are 234 nan entries in the corrected pt. This might be due to the number of tracker layers hitting boundaries. Setting those entries to their initial value.
There are 47406 events with muon pt outside of [26,200] GeV. Setting those entries to their initial value.
There are 53551 events with muon pt outside of [26,200] GeV. Setting those entries to their initial value.
There are 53559 events with muon pt outside of [26,200] GeV. Setting those entries to their initial value.
There are 270 nan entries in the corrected pt. This might be due to the number of tracker layers hitting boundaries. Setting those entries to their initial value.
There are 50225 events with muon pt outside of [26,200] GeV. Setting those entries to their initial value.
There are 22237 events with muon pt outside of [26,200] GeV. Setting those entries to their initial value.
There are 22238 events with muon pt outside of [26,200] GeV. Setting those entries to their initial value.
There are 121 nan entries in the corrected pt. This might be due to the number of tracker layers hitting boundaries. Setting those entries to their initial value.
There are 20936 events with muon pt outside of [26,200] GeV. Setting those entries to their initial value.
There are 44779 events with muon pt outside of [26,200] GeV. Setting those entries to their initial value.
There are 44785 events with muon pt outside of [26,200] GeV. Setting those entries to their initial value.
There are 209 nan entries in the corrected pt. This might be due to the number of tracker layers hitting boundaries. Setting those entries to their initial value.
There are 41897 events with muon pt outside of [26,200] GeV. Setting those entries to their initial value.
There are 49979 events with muon pt outside of [26,200] GeV. Setting those entries to their initial value.
There are 49984 events with muon pt outside of [26,200] GeV. Setting those entries to their initial value.
There are 222 nan entries in the corrected pt. This might be due to the number of tracker layers hitting boundaries. Setting those entries to their initial value.
There are 46978 events with muon pt outside of [26,200] GeV. Setting those entries to their initial value.
There are 59085 events with muon pt outside of [26,200] GeV. Setting those entries to their initial value.
There are 59086 events with muon pt outside of [26,200] GeV. Setting those entries to their initial value.
There are 306 nan entries in the corrected pt. This might be due to the number of tracker layers hitting boundaries. Setting those entries to their initial value.
There are 55595 events with muon pt outside of [26,200] GeV. Setting those entries to their initial value.
There are 41152 events with muon pt outside of [26,200] GeV. Setting those entries to their initial value.
There are 41153 events with muon pt outside of [26,200] GeV. Setting those entries to their initial value.
There are 165 nan entries in the corrected pt. This might be due to the number of tracker layers hitting boundaries. Setting those entries to their initial value.
There are 38694 events with muon pt outside of [26,200] GeV. Setting those entries to their initial value.
There are 3357 events with muon pt outside of [26,200] GeV. Setting those entries to their initial value.
There are 3357 events with muon pt outside of [26,200] GeV. Setting those entries to their initial value.
There are 15 nan entries in the corrected pt. This might be due to the number of tracker layers hitting boundaries. Setting those entries to their initial value.
There are 3064 events with muon pt outside of [26,200] GeV. Setting those entries to their initial value.
