subject   : /DC=ch/DC=cern/OU=Organic Units/OU=Users/CN=driosper/CN=886669/CN=Diego Alejandro Rios Perez/CN=3192939875
issuer    : /DC=ch/DC=cern/OU=Organic Units/OU=Users/CN=driosper/CN=886669/CN=Diego Alejandro Rios Perez
identity  : /DC=ch/DC=cern/OU=Organic Units/OU=Users/CN=driosper/CN=886669/CN=Diego Alejandro Rios Perez
type      : RFC compliant proxy
strength  : 2048 bits
path      : /afs/cern.ch/user/d/driosper/private/x509up_u182284
timeleft  : 9:20:54
key usage : Digital Signature, Key Encipherment
=== VO cms extension information ===
VO        : cms
subject   : /DC=ch/DC=cern/OU=Organic Units/OU=Users/CN=driosper/CN=886669/CN=Diego Alejandro Rios Perez
issuer    : /DC=ch/DC=cern/OU=computers/CN=cms-auth.cern.ch
attribute : /cms/Role=NULL/Capability=NULL
timeleft  : 9:20:54
uri       : voms-cms-auth.cern.ch:15000
--workflow ztoee --year 2022preEE --output_path /eos/user/d/driosper/bsm3g_coffea/outputs/ztoee/2022preEE/TTTo2L2Nu --output_format coffea --dataset TTTo2L2Nu_5 --partition_json /srv/partition_fileset.json
  Preprocessing 100% ━━━━━━━━━━━━━━━━━━ 9/9 [ 0:00:32 < 0:00:00 | 0.4   file/s ]
Merging (local) 100% ━━━━━━━━━━━━━━━━━━ 9/9 [ 0:00:32 < 0:00:00 | ?   merges/s ]
     Processing   2%                     1/40 [ 0:01:40 < -:--:-- | ?  chunk/s ]
Merging (local)   0% ━━━━━━━━━━━━━━━━━━━  0/0 [ 0:00:02 < 0:00:00 | ? merges/s ]
There are 48107 events with muon pt outside of [26,200] GeV. Setting those entries to their initial value.
There are 48108 events with muon pt outside of [26,200] GeV. Setting those entries to their initial value.
There are 251 nan entries in the corrected pt. This might be due to the number of tracker layers hitting boundaries. Setting those entries to their initial value.
There are 45334 events with muon pt outside of [26,200] GeV. Setting those entries to their initial value.
There are 48011 events with muon pt outside of [26,200] GeV. Setting those entries to their initial value.
There are 48017 events with muon pt outside of [26,200] GeV. Setting those entries to their initial value.
There are 226 nan entries in the corrected pt. This might be due to the number of tracker layers hitting boundaries. Setting those entries to their initial value.
There are 45212 events with muon pt outside of [26,200] GeV. Setting those entries to their initial value.
There are 48693 events with muon pt outside of [26,200] GeV. Setting those entries to their initial value.
There are 48698 events with muon pt outside of [26,200] GeV. Setting those entries to their initial value.
There are 245 nan entries in the corrected pt. This might be due to the number of tracker layers hitting boundaries. Setting those entries to their initial value.
There are 45590 events with muon pt outside of [26,200] GeV. Setting those entries to their initial value.
There are 48538 events with muon pt outside of [26,200] GeV. Setting those entries to their initial value.
There are 48542 events with muon pt outside of [26,200] GeV. Setting those entries to their initial value.
There are 245 nan entries in the corrected pt. This might be due to the number of tracker layers hitting boundaries. Setting those entries to their initial value.
There are 45844 events with muon pt outside of [26,200] GeV. Setting those entries to their initial value.
There are 48515 events with muon pt outside of [26,200] GeV. Setting those entries to their initial value.
There are 48517 events with muon pt outside of [26,200] GeV. Setting those entries to their initial value.
There are 227 nan entries in the corrected pt. This might be due to the number of tracker layers hitting boundaries. Setting those entries to their initial value.
There are 45850 events with muon pt outside of [26,200] GeV. Setting those entries to their initial value.
There are 49191 events with muon pt outside of [26,200] GeV. Setting those entries to their initial value.
There are 49196 events with muon pt outside of [26,200] GeV. Setting those entries to their initial value.
There are 224 nan entries in the corrected pt. This might be due to the number of tracker layers hitting boundaries. Setting those entries to their initial value.
There are 46416 events with muon pt outside of [26,200] GeV. Setting those entries to their initial value.
There are 47750 events with muon pt outside of [26,200] GeV. Setting those entries to their initial value.
There are 47752 events with muon pt outside of [26,200] GeV. Setting those entries to their initial value.
There are 236 nan entries in the corrected pt. This might be due to the number of tracker layers hitting boundaries. Setting those entries to their initial value.
There are 44899 events with muon pt outside of [26,200] GeV. Setting those entries to their initial value.
There are 47893 events with muon pt outside of [26,200] GeV. Setting those entries to their initial value.
There are 47897 events with muon pt outside of [26,200] GeV. Setting those entries to their initial value.
There are 221 nan entries in the corrected pt. This might be due to the number of tracker layers hitting boundaries. Setting those entries to their initial value.
There are 45077 events with muon pt outside of [26,200] GeV. Setting those entries to their initial value.
There are 69126 events with muon pt outside of [26,200] GeV. Setting those entries to their initial value.
There are 69135 events with muon pt outside of [26,200] GeV. Setting those entries to their initial value.
There are 342 nan entries in the corrected pt. This might be due to the number of tracker layers hitting boundaries. Setting those entries to their initial value.
There are 65218 events with muon pt outside of [26,200] GeV. Setting those entries to their initial value.
There are 7562 events with muon pt outside of [26,200] GeV. Setting those entries to their initial value.
There are 7562 events with muon pt outside of [26,200] GeV. Setting those entries to their initial value.
There are 39 nan entries in the corrected pt. This might be due to the number of tracker layers hitting boundaries. Setting those entries to their initial value.
There are 7141 events with muon pt outside of [26,200] GeV. Setting those entries to their initial value.
There are 48156 events with muon pt outside of [26,200] GeV. Setting those entries to their initial value.
There are 48158 events with muon pt outside of [26,200] GeV. Setting those entries to their initial value.
There are 226 nan entries in the corrected pt. This might be due to the number of tracker layers hitting boundaries. Setting those entries to their initial value.
There are 45133 events with muon pt outside of [26,200] GeV. Setting those entries to their initial value.
There are 42597 events with muon pt outside of [26,200] GeV. Setting those entries to their initial value.
There are 42601 events with muon pt outside of [26,200] GeV. Setting those entries to their initial value.
There are 190 nan entries in the corrected pt. This might be due to the number of tracker layers hitting boundaries. Setting those entries to their initial value.
There are 40067 events with muon pt outside of [26,200] GeV. Setting those entries to their initial value.
There are 42238 events with muon pt outside of [26,200] GeV. Setting those entries to their initial value.
There are 42242 events with muon pt outside of [26,200] GeV. Setting those entries to their initial value.
There are 211 nan entries in the corrected pt. This might be due to the number of tracker layers hitting boundaries. Setting those entries to their initial value.
There are 40226 events with muon pt outside of [26,200] GeV. Setting those entries to their initial value.
There are 48534 events with muon pt outside of [26,200] GeV. Setting those entries to their initial value.
There are 48536 events with muon pt outside of [26,200] GeV. Setting those entries to their initial value.
There are 219 nan entries in the corrected pt. This might be due to the number of tracker layers hitting boundaries. Setting those entries to their initial value.
There are 45629 events with muon pt outside of [26,200] GeV. Setting those entries to their initial value.
There are 48511 events with muon pt outside of [26,200] GeV. Setting those entries to their initial value.
There are 48514 events with muon pt outside of [26,200] GeV. Setting those entries to their initial value.
There are 217 nan entries in the corrected pt. This might be due to the number of tracker layers hitting boundaries. Setting those entries to their initial value.
There are 45768 events with muon pt outside of [26,200] GeV. Setting those entries to their initial value.
There are 49306 events with muon pt outside of [26,200] GeV. Setting those entries to their initial value.
There are 49309 events with muon pt outside of [26,200] GeV. Setting those entries to their initial value.
There are 235 nan entries in the corrected pt. This might be due to the number of tracker layers hitting boundaries. Setting those entries to their initial value.
There are 46389 events with muon pt outside of [26,200] GeV. Setting those entries to their initial value.
There are 49298 events with muon pt outside of [26,200] GeV. Setting those entries to their initial value.
There are 49302 events with muon pt outside of [26,200] GeV. Setting those entries to their initial value.
There are 245 nan entries in the corrected pt. This might be due to the number of tracker layers hitting boundaries. Setting those entries to their initial value.
There are 46258 events with muon pt outside of [26,200] GeV. Setting those entries to their initial value.
There are 47765 events with muon pt outside of [26,200] GeV. Setting those entries to their initial value.
There are 47768 events with muon pt outside of [26,200] GeV. Setting those entries to their initial value.
There are 234 nan entries in the corrected pt. This might be due to the number of tracker layers hitting boundaries. Setting those entries to their initial value.
There are 45332 events with muon pt outside of [26,200] GeV. Setting those entries to their initial value.
There are 51354 events with muon pt outside of [26,200] GeV. Setting those entries to their initial value.
There are 51356 events with muon pt outside of [26,200] GeV. Setting those entries to their initial value.
There are 240 nan entries in the corrected pt. This might be due to the number of tracker layers hitting boundaries. Setting those entries to their initial value.
There are 48341 events with muon pt outside of [26,200] GeV. Setting those entries to their initial value.
There are 49673 events with muon pt outside of [26,200] GeV. Setting those entries to their initial value.
There are 49677 events with muon pt outside of [26,200] GeV. Setting those entries to their initial value.
There are 254 nan entries in the corrected pt. This might be due to the number of tracker layers hitting boundaries. Setting those entries to their initial value.
There are 47101 events with muon pt outside of [26,200] GeV. Setting those entries to their initial value.
There are 48309 events with muon pt outside of [26,200] GeV. Setting those entries to their initial value.
There are 48309 events with muon pt outside of [26,200] GeV. Setting those entries to their initial value.
There are 219 nan entries in the corrected pt. This might be due to the number of tracker layers hitting boundaries. Setting those entries to their initial value.
There are 45259 events with muon pt outside of [26,200] GeV. Setting those entries to their initial value.
There are 47885 events with muon pt outside of [26,200] GeV. Setting those entries to their initial value.
There are 47887 events with muon pt outside of [26,200] GeV. Setting those entries to their initial value.
There are 217 nan entries in the corrected pt. This might be due to the number of tracker layers hitting boundaries. Setting those entries to their initial value.
There are 45202 events with muon pt outside of [26,200] GeV. Setting those entries to their initial value.
There are 42520 events with muon pt outside of [26,200] GeV. Setting those entries to their initial value.
There are 42523 events with muon pt outside of [26,200] GeV. Setting those entries to their initial value.
There are 209 nan entries in the corrected pt. This might be due to the number of tracker layers hitting boundaries. Setting those entries to their initial value.
There are 40147 events with muon pt outside of [26,200] GeV. Setting those entries to their initial value.
There are 48859 events with muon pt outside of [26,200] GeV. Setting those entries to their initial value.
There are 48861 events with muon pt outside of [26,200] GeV. Setting those entries to their initial value.
There are 251 nan entries in the corrected pt. This might be due to the number of tracker layers hitting boundaries. Setting those entries to their initial value.
There are 45622 events with muon pt outside of [26,200] GeV. Setting those entries to their initial value.
There are 48508 events with muon pt outside of [26,200] GeV. Setting those entries to their initial value.
There are 48513 events with muon pt outside of [26,200] GeV. Setting those entries to their initial value.
There are 243 nan entries in the corrected pt. This might be due to the number of tracker layers hitting boundaries. Setting those entries to their initial value.
There are 45925 events with muon pt outside of [26,200] GeV. Setting those entries to their initial value.
There are 48968 events with muon pt outside of [26,200] GeV. Setting those entries to their initial value.
There are 48972 events with muon pt outside of [26,200] GeV. Setting those entries to their initial value.
There are 225 nan entries in the corrected pt. This might be due to the number of tracker layers hitting boundaries. Setting those entries to their initial value.
There are 46523 events with muon pt outside of [26,200] GeV. Setting those entries to their initial value.
There are 47969 events with muon pt outside of [26,200] GeV. Setting those entries to their initial value.
There are 47972 events with muon pt outside of [26,200] GeV. Setting those entries to their initial value.
There are 231 nan entries in the corrected pt. This might be due to the number of tracker layers hitting boundaries. Setting those entries to their initial value.
There are 44985 events with muon pt outside of [26,200] GeV. Setting those entries to their initial value.
There are 51405 events with muon pt outside of [26,200] GeV. Setting those entries to their initial value.
There are 51408 events with muon pt outside of [26,200] GeV. Setting those entries to their initial value.
There are 253 nan entries in the corrected pt. This might be due to the number of tracker layers hitting boundaries. Setting those entries to their initial value.
There are 48258 events with muon pt outside of [26,200] GeV. Setting those entries to their initial value.
There are 49620 events with muon pt outside of [26,200] GeV. Setting those entries to their initial value.
There are 49623 events with muon pt outside of [26,200] GeV. Setting those entries to their initial value.
There are 241 nan entries in the corrected pt. This might be due to the number of tracker layers hitting boundaries. Setting those entries to their initial value.
There are 46872 events with muon pt outside of [26,200] GeV. Setting those entries to their initial value.
There are 49616 events with muon pt outside of [26,200] GeV. Setting those entries to their initial value.
There are 49621 events with muon pt outside of [26,200] GeV. Setting those entries to their initial value.
There are 223 nan entries in the corrected pt. This might be due to the number of tracker layers hitting boundaries. Setting those entries to their initial value.
There are 46478 events with muon pt outside of [26,200] GeV. Setting those entries to their initial value.
There are 48116 events with muon pt outside of [26,200] GeV. Setting those entries to their initial value.
There are 48118 events with muon pt outside of [26,200] GeV. Setting those entries to their initial value.
There are 243 nan entries in the corrected pt. This might be due to the number of tracker layers hitting boundaries. Setting those entries to their initial value.
There are 45125 events with muon pt outside of [26,200] GeV. Setting those entries to their initial value.
There are 47862 events with muon pt outside of [26,200] GeV. Setting those entries to their initial value.
There are 47865 events with muon pt outside of [26,200] GeV. Setting those entries to their initial value.
There are 212 nan entries in the corrected pt. This might be due to the number of tracker layers hitting boundaries. Setting those entries to their initial value.
There are 45237 events with muon pt outside of [26,200] GeV. Setting those entries to their initial value.
There are 48517 events with muon pt outside of [26,200] GeV. Setting those entries to their initial value.
There are 48520 events with muon pt outside of [26,200] GeV. Setting those entries to their initial value.
There are 244 nan entries in the corrected pt. This might be due to the number of tracker layers hitting boundaries. Setting those entries to their initial value.
There are 45605 events with muon pt outside of [26,200] GeV. Setting those entries to their initial value.
There are 48884 events with muon pt outside of [26,200] GeV. Setting those entries to their initial value.
There are 48886 events with muon pt outside of [26,200] GeV. Setting those entries to their initial value.
There are 239 nan entries in the corrected pt. This might be due to the number of tracker layers hitting boundaries. Setting those entries to their initial value.
There are 46037 events with muon pt outside of [26,200] GeV. Setting those entries to their initial value.
There are 48623 events with muon pt outside of [26,200] GeV. Setting those entries to their initial value.
There are 48627 events with muon pt outside of [26,200] GeV. Setting those entries to their initial value.
There are 231 nan entries in the corrected pt. This might be due to the number of tracker layers hitting boundaries. Setting those entries to their initial value.
There are 45760 events with muon pt outside of [26,200] GeV. Setting those entries to their initial value.
There are 49167 events with muon pt outside of [26,200] GeV. Setting those entries to their initial value.
There are 49172 events with muon pt outside of [26,200] GeV. Setting those entries to their initial value.
There are 225 nan entries in the corrected pt. This might be due to the number of tracker layers hitting boundaries. Setting those entries to their initial value.
There are 46416 events with muon pt outside of [26,200] GeV. Setting those entries to their initial value.
There are 47991 events with muon pt outside of [26,200] GeV. Setting those entries to their initial value.
There are 47997 events with muon pt outside of [26,200] GeV. Setting those entries to their initial value.
There are 237 nan entries in the corrected pt. This might be due to the number of tracker layers hitting boundaries. Setting those entries to their initial value.
There are 45108 events with muon pt outside of [26,200] GeV. Setting those entries to their initial value.
There are 47997 events with muon pt outside of [26,200] GeV. Setting those entries to their initial value.
There are 48001 events with muon pt outside of [26,200] GeV. Setting those entries to their initial value.
There are 237 nan entries in the corrected pt. This might be due to the number of tracker layers hitting boundaries. Setting those entries to their initial value.
There are 45049 events with muon pt outside of [26,200] GeV. Setting those entries to their initial value.
There are 49844 events with muon pt outside of [26,200] GeV. Setting those entries to their initial value.
There are 49852 events with muon pt outside of [26,200] GeV. Setting those entries to their initial value.
There are 235 nan entries in the corrected pt. This might be due to the number of tracker layers hitting boundaries. Setting those entries to their initial value.
There are 46710 events with muon pt outside of [26,200] GeV. Setting those entries to their initial value.
There are 49649 events with muon pt outside of [26,200] GeV. Setting those entries to their initial value.
There are 49653 events with muon pt outside of [26,200] GeV. Setting those entries to their initial value.
There are 241 nan entries in the corrected pt. This might be due to the number of tracker layers hitting boundaries. Setting those entries to their initial value.
There are 46613 events with muon pt outside of [26,200] GeV. Setting those entries to their initial value.
