subject   : /DC=ch/DC=cern/OU=Organic Units/OU=Users/CN=driosper/CN=886669/CN=Diego Alejandro Rios Perez/CN=1573519443
issuer    : /DC=ch/DC=cern/OU=Organic Units/OU=Users/CN=driosper/CN=886669/CN=Diego Alejandro Rios Perez
identity  : /DC=ch/DC=cern/OU=Organic Units/OU=Users/CN=driosper/CN=886669/CN=Diego Alejandro Rios Perez
type      : RFC compliant proxy
strength  : 2048 bits
path      : /afs/cern.ch/user/d/driosper/private/x509up_u182284
timeleft  : 11:49:42
key usage : Digital Signature, Key Encipherment
=== VO cms extension information ===
VO        : cms
subject   : /DC=ch/DC=cern/OU=Organic Units/OU=Users/CN=driosper/CN=886669/CN=Diego Alejandro Rios Perez
issuer    : /DC=ch/DC=cern/OU=computers/CN=cms-auth.cern.ch
attribute : /cms/Role=NULL/Capability=NULL
timeleft  : 11:49:42
uri       : voms-cms-auth.cern.ch:15000
--workflow ztoee --year 2022preEE --output_path /eos/user/d/driosper/bsm3g_coffea/outputs/ztoee/2022preEE/TTTo2L2Nu --output_format coffea --dataset TTTo2L2Nu_4 --partition_json /srv/partition_fileset.json
  Preprocessing 100% ━━━━━━━━━━━━━━━━ 10/10 [ 0:00:12 < 0:00:00 | 1.0   file/s ]
Merging (local) 100% ━━━━━━━━━━━━━━━━ 10/10 [ 0:00:12 < 0:00:00 | ?   merges/s ]
     Processing   3% ╸                   1/34 [ 0:00:40 < -:--:-- | ?  chunk/s ]
Merging (local)   0% ━━━━━━━━━━━━━━━━━━━  0/0 [ 0:00:02 < 0:00:00 | ? merges/s ]
There are 49523 events with muon pt outside of [26,200] GeV. Setting those entries to their initial value.
There are 49529 events with muon pt outside of [26,200] GeV. Setting those entries to their initial value.
There are 214 nan entries in the corrected pt. This might be due to the number of tracker layers hitting boundaries. Setting those entries to their initial value.
There are 46471 events with muon pt outside of [26,200] GeV. Setting those entries to their initial value.
There are 52271 events with muon pt outside of [26,200] GeV. Setting those entries to their initial value.
There are 52275 events with muon pt outside of [26,200] GeV. Setting those entries to their initial value.
There are 246 nan entries in the corrected pt. This might be due to the number of tracker layers hitting boundaries. Setting those entries to their initial value.
There are 49282 events with muon pt outside of [26,200] GeV. Setting those entries to their initial value.
There are 41868 events with muon pt outside of [26,200] GeV. Setting those entries to their initial value.
There are 41869 events with muon pt outside of [26,200] GeV. Setting those entries to their initial value.
There are 223 nan entries in the corrected pt. This might be due to the number of tracker layers hitting boundaries. Setting those entries to their initial value.
There are 39408 events with muon pt outside of [26,200] GeV. Setting those entries to their initial value.
There are 48630 events with muon pt outside of [26,200] GeV. Setting those entries to their initial value.
There are 48631 events with muon pt outside of [26,200] GeV. Setting those entries to their initial value.
There are 282 nan entries in the corrected pt. This might be due to the number of tracker layers hitting boundaries. Setting those entries to their initial value.
There are 45822 events with muon pt outside of [26,200] GeV. Setting those entries to their initial value.
There are 48661 events with muon pt outside of [26,200] GeV. Setting those entries to their initial value.
There are 48664 events with muon pt outside of [26,200] GeV. Setting those entries to their initial value.
There are 216 nan entries in the corrected pt. This might be due to the number of tracker layers hitting boundaries. Setting those entries to their initial value.
There are 45546 events with muon pt outside of [26,200] GeV. Setting those entries to their initial value.
There are 48473 events with muon pt outside of [26,200] GeV. Setting those entries to their initial value.
There are 48477 events with muon pt outside of [26,200] GeV. Setting those entries to their initial value.
There are 267 nan entries in the corrected pt. This might be due to the number of tracker layers hitting boundaries. Setting those entries to their initial value.
There are 45915 events with muon pt outside of [26,200] GeV. Setting those entries to their initial value.
There are 51461 events with muon pt outside of [26,200] GeV. Setting those entries to their initial value.
There are 51466 events with muon pt outside of [26,200] GeV. Setting those entries to their initial value.
There are 255 nan entries in the corrected pt. This might be due to the number of tracker layers hitting boundaries. Setting those entries to their initial value.
There are 48189 events with muon pt outside of [26,200] GeV. Setting those entries to their initial value.
There are 51321 events with muon pt outside of [26,200] GeV. Setting those entries to their initial value.
There are 51324 events with muon pt outside of [26,200] GeV. Setting those entries to their initial value.
There are 260 nan entries in the corrected pt. This might be due to the number of tracker layers hitting boundaries. Setting those entries to their initial value.
There are 48089 events with muon pt outside of [26,200] GeV. Setting those entries to their initial value.
There are 48896 events with muon pt outside of [26,200] GeV. Setting those entries to their initial value.
There are 48903 events with muon pt outside of [26,200] GeV. Setting those entries to their initial value.
There are 244 nan entries in the corrected pt. This might be due to the number of tracker layers hitting boundaries. Setting those entries to their initial value.
There are 45689 events with muon pt outside of [26,200] GeV. Setting those entries to their initial value.
There are 49401 events with muon pt outside of [26,200] GeV. Setting those entries to their initial value.
There are 49404 events with muon pt outside of [26,200] GeV. Setting those entries to their initial value.
There are 250 nan entries in the corrected pt. This might be due to the number of tracker layers hitting boundaries. Setting those entries to their initial value.
There are 47036 events with muon pt outside of [26,200] GeV. Setting those entries to their initial value.
There are 46774 events with muon pt outside of [26,200] GeV. Setting those entries to their initial value.
There are 46776 events with muon pt outside of [26,200] GeV. Setting those entries to their initial value.
There are 221 nan entries in the corrected pt. This might be due to the number of tracker layers hitting boundaries. Setting those entries to their initial value.
There are 43694 events with muon pt outside of [26,200] GeV. Setting those entries to their initial value.
There are 52449 events with muon pt outside of [26,200] GeV. Setting those entries to their initial value.
There are 52451 events with muon pt outside of [26,200] GeV. Setting those entries to their initial value.
There are 241 nan entries in the corrected pt. This might be due to the number of tracker layers hitting boundaries. Setting those entries to their initial value.
There are 49150 events with muon pt outside of [26,200] GeV. Setting those entries to their initial value.
There are 41677 events with muon pt outside of [26,200] GeV. Setting those entries to their initial value.
There are 41679 events with muon pt outside of [26,200] GeV. Setting those entries to their initial value.
There are 213 nan entries in the corrected pt. This might be due to the number of tracker layers hitting boundaries. Setting those entries to their initial value.
There are 39316 events with muon pt outside of [26,200] GeV. Setting those entries to their initial value.
There are 48292 events with muon pt outside of [26,200] GeV. Setting those entries to their initial value.
There are 48296 events with muon pt outside of [26,200] GeV. Setting those entries to their initial value.
There are 248 nan entries in the corrected pt. This might be due to the number of tracker layers hitting boundaries. Setting those entries to their initial value.
There are 45743 events with muon pt outside of [26,200] GeV. Setting those entries to their initial value.
There are 48652 events with muon pt outside of [26,200] GeV. Setting those entries to their initial value.
There are 48657 events with muon pt outside of [26,200] GeV. Setting those entries to their initial value.
There are 228 nan entries in the corrected pt. This might be due to the number of tracker layers hitting boundaries. Setting those entries to their initial value.
There are 45590 events with muon pt outside of [26,200] GeV. Setting those entries to their initial value.
There are 51385 events with muon pt outside of [26,200] GeV. Setting those entries to their initial value.
There are 51390 events with muon pt outside of [26,200] GeV. Setting those entries to their initial value.
There are 225 nan entries in the corrected pt. This might be due to the number of tracker layers hitting boundaries. Setting those entries to their initial value.
There are 48287 events with muon pt outside of [26,200] GeV. Setting those entries to their initial value.
There are 59279 events with muon pt outside of [26,200] GeV. Setting those entries to their initial value.
There are 59283 events with muon pt outside of [26,200] GeV. Setting those entries to their initial value.
There are 268 nan entries in the corrected pt. This might be due to the number of tracker layers hitting boundaries. Setting those entries to their initial value.
There are 55956 events with muon pt outside of [26,200] GeV. Setting those entries to their initial value.
There are 47031 events with muon pt outside of [26,200] GeV. Setting those entries to their initial value.
There are 47033 events with muon pt outside of [26,200] GeV. Setting those entries to their initial value.
There are 242 nan entries in the corrected pt. This might be due to the number of tracker layers hitting boundaries. Setting those entries to their initial value.
There are 43985 events with muon pt outside of [26,200] GeV. Setting those entries to their initial value.
There are 46780 events with muon pt outside of [26,200] GeV. Setting those entries to their initial value.
There are 46783 events with muon pt outside of [26,200] GeV. Setting those entries to their initial value.
There are 237 nan entries in the corrected pt. This might be due to the number of tracker layers hitting boundaries. Setting those entries to their initial value.
There are 43932 events with muon pt outside of [26,200] GeV. Setting those entries to their initial value.
There are 52571 events with muon pt outside of [26,200] GeV. Setting those entries to their initial value.
There are 52579 events with muon pt outside of [26,200] GeV. Setting those entries to their initial value.
There are 252 nan entries in the corrected pt. This might be due to the number of tracker layers hitting boundaries. Setting those entries to their initial value.
There are 49320 events with muon pt outside of [26,200] GeV. Setting those entries to their initial value.
There are 48727 events with muon pt outside of [26,200] GeV. Setting those entries to their initial value.
There are 48729 events with muon pt outside of [26,200] GeV. Setting those entries to their initial value.
There are 238 nan entries in the corrected pt. This might be due to the number of tracker layers hitting boundaries. Setting those entries to their initial value.
There are 45355 events with muon pt outside of [26,200] GeV. Setting those entries to their initial value.
There are 48505 events with muon pt outside of [26,200] GeV. Setting those entries to their initial value.
There are 48505 events with muon pt outside of [26,200] GeV. Setting those entries to their initial value.
There are 246 nan entries in the corrected pt. This might be due to the number of tracker layers hitting boundaries. Setting those entries to their initial value.
There are 45418 events with muon pt outside of [26,200] GeV. Setting those entries to their initial value.
There are 48413 events with muon pt outside of [26,200] GeV. Setting those entries to their initial value.
There are 48418 events with muon pt outside of [26,200] GeV. Setting those entries to their initial value.
There are 251 nan entries in the corrected pt. This might be due to the number of tracker layers hitting boundaries. Setting those entries to their initial value.
There are 45753 events with muon pt outside of [26,200] GeV. Setting those entries to their initial value.
There are 51206 events with muon pt outside of [26,200] GeV. Setting those entries to their initial value.
There are 51213 events with muon pt outside of [26,200] GeV. Setting those entries to their initial value.
There are 261 nan entries in the corrected pt. This might be due to the number of tracker layers hitting boundaries. Setting those entries to their initial value.
There are 47948 events with muon pt outside of [26,200] GeV. Setting those entries to their initial value.
There are 48488 events with muon pt outside of [26,200] GeV. Setting those entries to their initial value.
There are 48492 events with muon pt outside of [26,200] GeV. Setting those entries to their initial value.
There are 247 nan entries in the corrected pt. This might be due to the number of tracker layers hitting boundaries. Setting those entries to their initial value.
There are 45779 events with muon pt outside of [26,200] GeV. Setting those entries to their initial value.
There are 50015 events with muon pt outside of [26,200] GeV. Setting those entries to their initial value.
There are 50019 events with muon pt outside of [26,200] GeV. Setting those entries to their initial value.
There are 230 nan entries in the corrected pt. This might be due to the number of tracker layers hitting boundaries. Setting those entries to their initial value.
There are 46916 events with muon pt outside of [26,200] GeV. Setting those entries to their initial value.
There are 46984 events with muon pt outside of [26,200] GeV. Setting those entries to their initial value.
There are 46987 events with muon pt outside of [26,200] GeV. Setting those entries to their initial value.
There are 243 nan entries in the corrected pt. This might be due to the number of tracker layers hitting boundaries. Setting those entries to their initial value.
There are 44114 events with muon pt outside of [26,200] GeV. Setting those entries to their initial value.
There are 19884 events with muon pt outside of [26,200] GeV. Setting those entries to their initial value.
There are 19884 events with muon pt outside of [26,200] GeV. Setting those entries to their initial value.
There are 105 nan entries in the corrected pt. This might be due to the number of tracker layers hitting boundaries. Setting those entries to their initial value.
There are 18555 events with muon pt outside of [26,200] GeV. Setting those entries to their initial value.
There are 42140 events with muon pt outside of [26,200] GeV. Setting those entries to their initial value.
There are 42145 events with muon pt outside of [26,200] GeV. Setting those entries to their initial value.
There are 191 nan entries in the corrected pt. This might be due to the number of tracker layers hitting boundaries. Setting those entries to their initial value.
There are 39460 events with muon pt outside of [26,200] GeV. Setting those entries to their initial value.
There are 41941 events with muon pt outside of [26,200] GeV. Setting those entries to their initial value.
There are 41947 events with muon pt outside of [26,200] GeV. Setting those entries to their initial value.
There are 192 nan entries in the corrected pt. This might be due to the number of tracker layers hitting boundaries. Setting those entries to their initial value.
There are 39429 events with muon pt outside of [26,200] GeV. Setting those entries to their initial value.
There are 48395 events with muon pt outside of [26,200] GeV. Setting those entries to their initial value.
There are 48398 events with muon pt outside of [26,200] GeV. Setting those entries to their initial value.
There are 219 nan entries in the corrected pt. This might be due to the number of tracker layers hitting boundaries. Setting those entries to their initial value.
There are 45629 events with muon pt outside of [26,200] GeV. Setting those entries to their initial value.
There are 48345 events with muon pt outside of [26,200] GeV. Setting those entries to their initial value.
There are 48350 events with muon pt outside of [26,200] GeV. Setting those entries to their initial value.
There are 254 nan entries in the corrected pt. This might be due to the number of tracker layers hitting boundaries. Setting those entries to their initial value.
There are 45501 events with muon pt outside of [26,200] GeV. Setting those entries to their initial value.
There are 51357 events with muon pt outside of [26,200] GeV. Setting those entries to their initial value.
There are 51362 events with muon pt outside of [26,200] GeV. Setting those entries to their initial value.
There are 232 nan entries in the corrected pt. This might be due to the number of tracker layers hitting boundaries. Setting those entries to their initial value.
There are 48462 events with muon pt outside of [26,200] GeV. Setting those entries to their initial value.
There are 48742 events with muon pt outside of [26,200] GeV. Setting those entries to their initial value.
There are 48747 events with muon pt outside of [26,200] GeV. Setting those entries to their initial value.
There are 278 nan entries in the corrected pt. This might be due to the number of tracker layers hitting boundaries. Setting those entries to their initial value.
There are 45460 events with muon pt outside of [26,200] GeV. Setting those entries to their initial value.
