000 (14729963.003.000) 02/25 17:14:45 Job submitted from host: <188.184.90.62:9618?addrs=188.184.90.62-9618+[2001-1458-201-e4--100-238]-9618&alias=bigbird16.cern.ch&noUDP&sock=schedd_5196_9a2f>
...
040 (14729963.003.000) 02/25 17:18:39 Started transferring input files
	Transferring to host: <188.185.215.87:9618?addrs=188.185.215.87-9618+[2001-1458-303-1e--100-53]-9618&alias=b9p31p9523.cern.ch&noUDP&sock=slot1_4_770457_67bb_91966>
...
040 (14729963.003.000) 02/25 17:18:39 Finished transferring input files
...
001 (14729963.003.000) 02/25 17:18:40 Job executing on host: <188.185.215.87:9618?addrs=188.185.215.87-9618+[2001-1458-303-1e--100-53]-9618&alias=b9p31p9523.cern.ch&noUDP&sock=startd_769855_131e>
	SlotName: slot1_4@b9p31p9523.cern.ch
	CondorScratchDir = "/pool/condor/dir_1397162"
	Cpus = 1
	Disk = 3798
	GPUs = 0
	Memory = 3000
...
006 (14729963.003.000) 02/25 17:18:54 Image size of job updated: 478432
	468  -  MemoryUsage of job (MB)
	478432  -  ResidentSetSize of job (KB)
...
006 (14729963.003.000) 02/25 17:23:55 Image size of job updated: 3582024
	3499  -  MemoryUsage of job (MB)
	3582024  -  ResidentSetSize of job (KB)
...
006 (14729963.003.000) 02/25 17:27:51 Image size of job updated: 4607524
	3499  -  MemoryUsage of job (MB)
	3582024  -  ResidentSetSize of job (KB)
...
040 (14729963.003.000) 02/25 17:27:51 Started transferring output files
...
040 (14729963.003.000) 02/25 17:27:51 Finished transferring output files
...
005 (14729963.003.000) 02/25 17:27:51 Job terminated.
	(1) Normal termination (return value 1)
		Usr 0 00:08:59, Sys 0 00:00:21  -  Run Remote Usage
		Usr 0 00:00:00, Sys 0 00:00:00  -  Run Local Usage
		Usr 0 00:08:59, Sys 0 00:00:21  -  Total Remote Usage
		Usr 0 00:00:00, Sys 0 00:00:00  -  Total Local Usage
	29781  -  Run Bytes Sent By Job
	16923  -  Run Bytes Received By Job
	29781  -  Total Bytes Sent By Job
	16923  -  Total Bytes Received By Job
	Partitionable Resources :    Usage  Request Allocated 
	   Cpus                 :     0.24        1         1 
	   Disk (KB)            :    72          20      3798 
	   GPUs                 :                           0 
	   Memory (MB)          :  3499        3000      3000 
	   TimeExecute (s)      :   551                       
	   TimeSlotBusy (s)     :   553                       

	Job terminated of its own accord at 2026-02-25T16:27:51Z with exit-code 1.
...
