000 (14752962.006.000) 02/26 16:23:24 Job submitted from host: <188.184.90.62:9618?addrs=188.184.90.62-9618+[2001-1458-201-e4--100-238]-9618&alias=bigbird16.cern.ch&noUDP&sock=schedd_5196_9a2f>
...
040 (14752962.006.000) 02/26 16:27:38 Started transferring input files
	Transferring to host: <188.185.208.71:9618?addrs=188.185.208.71-9618+[2001-1458-303-f--100-44]-9618&alias=b9p09p5977.cern.ch&noUDP&sock=slot1_10_5999_968d_149510>
...
040 (14752962.006.000) 02/26 16:27:38 Finished transferring input files
...
001 (14752962.006.000) 02/26 16:27:39 Job executing on host: <188.185.208.71:9618?addrs=188.185.208.71-9618+[2001-1458-303-f--100-44]-9618&alias=b9p09p5977.cern.ch&noUDP&sock=startd_4952_3d14>
	SlotName: slot1_10@b9p09p5977.cern.ch
	CondorScratchDir = "/pool/condor/dir_814195"
	Cpus = 1
	Disk = 3754
	GPUs = 0
	Memory = 3000
...
006 (14752962.006.000) 02/26 16:27:53 Image size of job updated: 495392
	484  -  MemoryUsage of job (MB)
	495392  -  ResidentSetSize of job (KB)
...
040 (14752962.006.000) 02/26 16:27:55 Started transferring output files
...
040 (14752962.006.000) 02/26 16:27:55 Finished transferring output files
...
005 (14752962.006.000) 02/26 16:27:55 Job terminated.
	(1) Normal termination (return value 1)
		Usr 0 00:00:04, Sys 0 00:00:02  -  Run Remote Usage
		Usr 0 00:00:00, Sys 0 00:00:00  -  Run Local Usage
		Usr 0 00:00:04, Sys 0 00:00:02  -  Total Remote Usage
		Usr 0 00:00:00, Sys 0 00:00:00  -  Total Local Usage
	10272  -  Run Bytes Sent By Job
	17041  -  Run Bytes Received By Job
	10272  -  Total Bytes Sent By Job
	17041  -  Total Bytes Received By Job
	Partitionable Resources :    Usage  Request Allocated 
	   Cpus                 :        0        1         1 
	   Disk (KB)            :       56       20      3754 
	   GPUs                 :                           0 
	   Memory (MB)          :      484     3000      3000 
	   TimeExecute (s)      :       16                    
	   TimeSlotBusy (s)     :       18                    

	Job terminated of its own accord at 2026-02-26T15:27:55Z with exit-code 1.
...
