000 (14752962.001.000) 02/26 16:23:24 Job submitted from host: <188.184.90.62:9618?addrs=188.184.90.62-9618+[2001-1458-201-e4--100-238]-9618&alias=bigbird16.cern.ch&noUDP&sock=schedd_5196_9a2f>
...
040 (14752962.001.000) 02/26 16:27:25 Started transferring input files
	Transferring to host: <188.185.212.25:9618?addrs=188.185.212.25-9618+[2001-1458-303-18--100-15]-9618&alias=b9p25p0187.cern.ch&noUDP&sock=slot1_3_5518_ae19_173479>
...
040 (14752962.001.000) 02/26 16:27:25 Finished transferring input files
...
001 (14752962.001.000) 02/26 16:27:26 Job executing on host: <188.185.212.25:9618?addrs=188.185.212.25-9618+[2001-1458-303-18--100-15]-9618&alias=b9p25p0187.cern.ch&noUDP&sock=startd_4558_fcc3>
	SlotName: slot1_3@b9p25p0187.cern.ch
	CondorScratchDir = "/pool/condor/dir_2993502"
	Cpus = 1
	Disk = 3775
	GPUs = 0
	Memory = 3000
...
006 (14752962.001.000) 02/26 16:27:40 Image size of job updated: 486520
	476  -  MemoryUsage of job (MB)
	486520  -  ResidentSetSize of job (KB)
...
040 (14752962.001.000) 02/26 16:27:42 Started transferring output files
...
040 (14752962.001.000) 02/26 16:27:42 Finished transferring output files
...
005 (14752962.001.000) 02/26 16:27:42 Job terminated.
	(1) Normal termination (return value 1)
		Usr 0 00:00:04, Sys 0 00:00:02  -  Run Remote Usage
		Usr 0 00:00:00, Sys 0 00:00:00  -  Run Local Usage
		Usr 0 00:00:04, Sys 0 00:00:02  -  Total Remote Usage
		Usr 0 00:00:00, Sys 0 00:00:00  -  Total Local Usage
	10554  -  Run Bytes Sent By Job
	17041  -  Run Bytes Received By Job
	10554  -  Total Bytes Sent By Job
	17041  -  Total Bytes Received By Job
	Partitionable Resources :    Usage  Request Allocated 
	   Cpus                 :        0        1         1 
	   Disk (KB)            :       53       20      3775 
	   GPUs                 :                           0 
	   Memory (MB)          :      476     3000      3000 
	   TimeExecute (s)      :       15                    
	   TimeSlotBusy (s)     :       18                    

	Job terminated of its own accord at 2026-02-26T15:27:41Z with exit-code 1.
...
