000 (14722385.003.000) 02/25 15:24:08 Job submitted from host: <188.184.90.62:9618?addrs=188.184.90.62-9618+[2001-1458-201-e4--100-238]-9618&alias=bigbird16.cern.ch&noUDP&sock=schedd_5196_9a2f>
...
040 (14722385.003.000) 02/25 15:27:05 Started transferring input files
	Transferring to host: <188.185.209.15:9618?addrs=188.185.209.15-9618+[2001-1458-303-11--100-c]-9618&alias=b9p11p0957.cern.ch&noUDP&sock=slot1_20_7256_4220_146025>
...
040 (14722385.003.000) 02/25 15:27:06 Finished transferring input files
...
001 (14722385.003.000) 02/25 15:27:07 Job executing on host: <188.185.209.15:9618?addrs=188.185.209.15-9618+[2001-1458-303-11--100-c]-9618&alias=b9p11p0957.cern.ch&noUDP&sock=startd_6363_1135>
	SlotName: slot1_20@b9p11p0957.cern.ch
	CondorScratchDir = "/pool/condor/dir_3526744"
	Cpus = 1
	Disk = 3658
	GPUs = 0
	Memory = 3000
...
006 (14722385.003.000) 02/25 15:27:20 Image size of job updated: 508532
	497  -  MemoryUsage of job (MB)
	508532  -  ResidentSetSize of job (KB)
...
006 (14722385.003.000) 02/25 15:28:17 Image size of job updated: 618132
	497  -  MemoryUsage of job (MB)
	508680  -  ResidentSetSize of job (KB)
...
040 (14722385.003.000) 02/25 15:28:17 Started transferring output files
...
040 (14722385.003.000) 02/25 15:28:17 Finished transferring output files
...
005 (14722385.003.000) 02/25 15:28:17 Job terminated.
	(1) Normal termination (return value 1)
		Usr 0 00:00:26, Sys 0 00:00:02  -  Run Remote Usage
		Usr 0 00:00:00, Sys 0 00:00:00  -  Run Local Usage
		Usr 0 00:00:26, Sys 0 00:00:02  -  Total Remote Usage
		Usr 0 00:00:00, Sys 0 00:00:00  -  Total Local Usage
	10531  -  Run Bytes Sent By Job
	17180  -  Run Bytes Received By Job
	10531  -  Total Bytes Sent By Job
	17180  -  Total Bytes Received By Job
	Partitionable Resources :    Usage  Request Allocated 
	   Cpus                 :        0        1         1 
	   Disk (KB)            :       58       20      3658 
	   GPUs                 :                           0 
	   Memory (MB)          :      497     3000      3000 
	   TimeExecute (s)      :       70                    
	   TimeSlotBusy (s)     :       73                    

	Job terminated of its own accord at 2026-02-25T14:28:17Z with exit-code 1.
...
