subject   : /DC=ch/DC=cern/OU=Organic Units/OU=Users/CN=driosper/CN=886669/CN=Diego Alejandro Rios Perez/CN=1573519443
issuer    : /DC=ch/DC=cern/OU=Organic Units/OU=Users/CN=driosper/CN=886669/CN=Diego Alejandro Rios Perez
identity  : /DC=ch/DC=cern/OU=Organic Units/OU=Users/CN=driosper/CN=886669/CN=Diego Alejandro Rios Perez
type      : RFC compliant proxy
strength  : 2048 bits
path      : /afs/cern.ch/user/d/driosper/private/x509up_u182284
timeleft  : 11:49:43
key usage : Digital Signature, Key Encipherment
=== VO cms extension information ===
VO        : cms
subject   : /DC=ch/DC=cern/OU=Organic Units/OU=Users/CN=driosper/CN=886669/CN=Diego Alejandro Rios Perez
issuer    : /DC=ch/DC=cern/OU=computers/CN=cms-auth.cern.ch
attribute : /cms/Role=NULL/Capability=NULL
timeleft  : 11:49:43
uri       : voms-cms-auth.cern.ch:15000
--workflow ztoee --year 2022preEE --output_path /eos/user/d/driosper/bsm3g_coffea/outputs/ztoee/2022preEE/TTTo2L2Nu --output_format coffea --dataset TTTo2L2Nu_2 --partition_json /srv/partition_fileset.json
  Preprocessing 100% ━━━━━━━━━━━━━━━━ 10/10 [ 0:00:13 < 0:00:00 | 0.8   file/s ]
Merging (local) 100% ━━━━━━━━━━━━━━━━ 10/10 [ 0:00:13 < 0:00:00 | ?   merges/s ]
     Processing   3% ╸                   1/33 [ 0:00:29 < -:--:-- | ?  chunk/s ]
Merging (local)   0% ━━━━━━━━━━━━━━━━━━━  0/0 [ 0:00:02 < 0:00:00 | ? merges/s ]
There are 54525 events with muon pt outside of [26,200] GeV. Setting those entries to their initial value.
There are 54529 events with muon pt outside of [26,200] GeV. Setting those entries to their initial value.
There are 263 nan entries in the corrected pt. This might be due to the number of tracker layers hitting boundaries. Setting those entries to their initial value.
There are 51324 events with muon pt outside of [26,200] GeV. Setting those entries to their initial value.
There are 41355 events with muon pt outside of [26,200] GeV. Setting those entries to their initial value.
There are 41357 events with muon pt outside of [26,200] GeV. Setting those entries to their initial value.
There are 193 nan entries in the corrected pt. This might be due to the number of tracker layers hitting boundaries. Setting those entries to their initial value.
There are 39372 events with muon pt outside of [26,200] GeV. Setting those entries to their initial value.
There are 53961 events with muon pt outside of [26,200] GeV. Setting those entries to their initial value.
There are 53965 events with muon pt outside of [26,200] GeV. Setting those entries to their initial value.
There are 274 nan entries in the corrected pt. This might be due to the number of tracker layers hitting boundaries. Setting those entries to their initial value.
There are 50333 events with muon pt outside of [26,200] GeV. Setting those entries to their initial value.
There are 49405 events with muon pt outside of [26,200] GeV. Setting those entries to their initial value.
There are 49410 events with muon pt outside of [26,200] GeV. Setting those entries to their initial value.
There are 228 nan entries in the corrected pt. This might be due to the number of tracker layers hitting boundaries. Setting those entries to their initial value.
There are 46772 events with muon pt outside of [26,200] GeV. Setting those entries to their initial value.
There are 46160 events with muon pt outside of [26,200] GeV. Setting those entries to their initial value.
There are 46162 events with muon pt outside of [26,200] GeV. Setting those entries to their initial value.
There are 230 nan entries in the corrected pt. This might be due to the number of tracker layers hitting boundaries. Setting those entries to their initial value.
There are 43384 events with muon pt outside of [26,200] GeV. Setting those entries to their initial value.
There are 44377 events with muon pt outside of [26,200] GeV. Setting those entries to their initial value.
There are 44381 events with muon pt outside of [26,200] GeV. Setting those entries to their initial value.
There are 206 nan entries in the corrected pt. This might be due to the number of tracker layers hitting boundaries. Setting those entries to their initial value.
There are 41582 events with muon pt outside of [26,200] GeV. Setting those entries to their initial value.
There are 44238 events with muon pt outside of [26,200] GeV. Setting those entries to their initial value.
There are 44248 events with muon pt outside of [26,200] GeV. Setting those entries to their initial value.
There are 224 nan entries in the corrected pt. This might be due to the number of tracker layers hitting boundaries. Setting those entries to their initial value.
There are 41857 events with muon pt outside of [26,200] GeV. Setting those entries to their initial value.
There are 44309 events with muon pt outside of [26,200] GeV. Setting those entries to their initial value.
There are 44313 events with muon pt outside of [26,200] GeV. Setting those entries to their initial value.
There are 200 nan entries in the corrected pt. This might be due to the number of tracker layers hitting boundaries. Setting those entries to their initial value.
There are 41758 events with muon pt outside of [26,200] GeV. Setting those entries to their initial value.
There are 69419 events with muon pt outside of [26,200] GeV. Setting those entries to their initial value.
There are 69424 events with muon pt outside of [26,200] GeV. Setting those entries to their initial value.
There are 318 nan entries in the corrected pt. This might be due to the number of tracker layers hitting boundaries. Setting those entries to their initial value.
There are 65360 events with muon pt outside of [26,200] GeV. Setting those entries to their initial value.
There are 40232 events with muon pt outside of [26,200] GeV. Setting those entries to their initial value.
There are 40235 events with muon pt outside of [26,200] GeV. Setting those entries to their initial value.
There are 186 nan entries in the corrected pt. This might be due to the number of tracker layers hitting boundaries. Setting those entries to their initial value.
There are 37770 events with muon pt outside of [26,200] GeV. Setting those entries to their initial value.
There are 47318 events with muon pt outside of [26,200] GeV. Setting those entries to their initial value.
There are 47323 events with muon pt outside of [26,200] GeV. Setting those entries to their initial value.
There are 231 nan entries in the corrected pt. This might be due to the number of tracker layers hitting boundaries. Setting those entries to their initial value.
There are 44435 events with muon pt outside of [26,200] GeV. Setting those entries to their initial value.
There are 41941 events with muon pt outside of [26,200] GeV. Setting those entries to their initial value.
There are 41945 events with muon pt outside of [26,200] GeV. Setting those entries to their initial value.
There are 191 nan entries in the corrected pt. This might be due to the number of tracker layers hitting boundaries. Setting those entries to their initial value.
There are 39180 events with muon pt outside of [26,200] GeV. Setting those entries to their initial value.
There are 49776 events with muon pt outside of [26,200] GeV. Setting those entries to their initial value.
There are 49780 events with muon pt outside of [26,200] GeV. Setting those entries to their initial value.
There are 269 nan entries in the corrected pt. This might be due to the number of tracker layers hitting boundaries. Setting those entries to their initial value.
There are 46894 events with muon pt outside of [26,200] GeV. Setting those entries to their initial value.
There are 49835 events with muon pt outside of [26,200] GeV. Setting those entries to their initial value.
There are 49838 events with muon pt outside of [26,200] GeV. Setting those entries to their initial value.
There are 222 nan entries in the corrected pt. This might be due to the number of tracker layers hitting boundaries. Setting those entries to their initial value.
There are 46656 events with muon pt outside of [26,200] GeV. Setting those entries to their initial value.
There are 46177 events with muon pt outside of [26,200] GeV. Setting those entries to their initial value.
There are 46179 events with muon pt outside of [26,200] GeV. Setting those entries to their initial value.
There are 207 nan entries in the corrected pt. This might be due to the number of tracker layers hitting boundaries. Setting those entries to their initial value.
There are 43419 events with muon pt outside of [26,200] GeV. Setting those entries to their initial value.
There are 44539 events with muon pt outside of [26,200] GeV. Setting those entries to their initial value.
There are 44545 events with muon pt outside of [26,200] GeV. Setting those entries to their initial value.
There are 216 nan entries in the corrected pt. This might be due to the number of tracker layers hitting boundaries. Setting those entries to their initial value.
There are 41972 events with muon pt outside of [26,200] GeV. Setting those entries to their initial value.
There are 44779 events with muon pt outside of [26,200] GeV. Setting those entries to their initial value.
There are 44780 events with muon pt outside of [26,200] GeV. Setting those entries to their initial value.
There are 197 nan entries in the corrected pt. This might be due to the number of tracker layers hitting boundaries. Setting those entries to their initial value.
There are 42145 events with muon pt outside of [26,200] GeV. Setting those entries to their initial value.
There are 44398 events with muon pt outside of [26,200] GeV. Setting those entries to their initial value.
There are 44400 events with muon pt outside of [26,200] GeV. Setting those entries to their initial value.
There are 227 nan entries in the corrected pt. This might be due to the number of tracker layers hitting boundaries. Setting those entries to their initial value.
There are 41986 events with muon pt outside of [26,200] GeV. Setting those entries to their initial value.
There are 44370 events with muon pt outside of [26,200] GeV. Setting those entries to their initial value.
There are 44371 events with muon pt outside of [26,200] GeV. Setting those entries to their initial value.
There are 229 nan entries in the corrected pt. This might be due to the number of tracker layers hitting boundaries. Setting those entries to their initial value.
There are 41675 events with muon pt outside of [26,200] GeV. Setting those entries to their initial value.
There are 40319 events with muon pt outside of [26,200] GeV. Setting those entries to their initial value.
There are 40322 events with muon pt outside of [26,200] GeV. Setting those entries to their initial value.
There are 189 nan entries in the corrected pt. This might be due to the number of tracker layers hitting boundaries. Setting those entries to their initial value.
There are 38054 events with muon pt outside of [26,200] GeV. Setting those entries to their initial value.
There are 47336 events with muon pt outside of [26,200] GeV. Setting those entries to their initial value.
There are 47339 events with muon pt outside of [26,200] GeV. Setting those entries to their initial value.
There are 233 nan entries in the corrected pt. This might be due to the number of tracker layers hitting boundaries. Setting those entries to their initial value.
There are 44460 events with muon pt outside of [26,200] GeV. Setting those entries to their initial value.
There are 41711 events with muon pt outside of [26,200] GeV. Setting those entries to their initial value.
There are 41715 events with muon pt outside of [26,200] GeV. Setting those entries to their initial value.
There are 210 nan entries in the corrected pt. This might be due to the number of tracker layers hitting boundaries. Setting those entries to their initial value.
There are 39233 events with muon pt outside of [26,200] GeV. Setting those entries to their initial value.
There are 49581 events with muon pt outside of [26,200] GeV. Setting those entries to their initial value.
There are 49583 events with muon pt outside of [26,200] GeV. Setting those entries to their initial value.
There are 256 nan entries in the corrected pt. This might be due to the number of tracker layers hitting boundaries. Setting those entries to their initial value.
There are 46542 events with muon pt outside of [26,200] GeV. Setting those entries to their initial value.
There are 46206 events with muon pt outside of [26,200] GeV. Setting those entries to their initial value.
There are 46217 events with muon pt outside of [26,200] GeV. Setting those entries to their initial value.
There are 235 nan entries in the corrected pt. This might be due to the number of tracker layers hitting boundaries. Setting those entries to their initial value.
There are 43748 events with muon pt outside of [26,200] GeV. Setting those entries to their initial value.
There are 46516 events with muon pt outside of [26,200] GeV. Setting those entries to their initial value.
There are 46518 events with muon pt outside of [26,200] GeV. Setting those entries to their initial value.
There are 227 nan entries in the corrected pt. This might be due to the number of tracker layers hitting boundaries. Setting those entries to their initial value.
There are 43301 events with muon pt outside of [26,200] GeV. Setting those entries to their initial value.
There are 54528 events with muon pt outside of [26,200] GeV. Setting those entries to their initial value.
There are 54532 events with muon pt outside of [26,200] GeV. Setting those entries to their initial value.
There are 257 nan entries in the corrected pt. This might be due to the number of tracker layers hitting boundaries. Setting those entries to their initial value.
There are 51334 events with muon pt outside of [26,200] GeV. Setting those entries to their initial value.
There are 40279 events with muon pt outside of [26,200] GeV. Setting those entries to their initial value.
There are 40285 events with muon pt outside of [26,200] GeV. Setting those entries to their initial value.
There are 203 nan entries in the corrected pt. This might be due to the number of tracker layers hitting boundaries. Setting those entries to their initial value.
There are 37753 events with muon pt outside of [26,200] GeV. Setting those entries to their initial value.
There are 46731 events with muon pt outside of [26,200] GeV. Setting those entries to their initial value.
There are 46732 events with muon pt outside of [26,200] GeV. Setting those entries to their initial value.
There are 221 nan entries in the corrected pt. This might be due to the number of tracker layers hitting boundaries. Setting those entries to their initial value.
There are 43719 events with muon pt outside of [26,200] GeV. Setting those entries to their initial value.
There are 47334 events with muon pt outside of [26,200] GeV. Setting those entries to their initial value.
There are 47337 events with muon pt outside of [26,200] GeV. Setting those entries to their initial value.
There are 228 nan entries in the corrected pt. This might be due to the number of tracker layers hitting boundaries. Setting those entries to their initial value.
There are 44674 events with muon pt outside of [26,200] GeV. Setting those entries to their initial value.
There are 41714 events with muon pt outside of [26,200] GeV. Setting those entries to their initial value.
There are 41717 events with muon pt outside of [26,200] GeV. Setting those entries to their initial value.
There are 200 nan entries in the corrected pt. This might be due to the number of tracker layers hitting boundaries. Setting those entries to their initial value.
There are 39202 events with muon pt outside of [26,200] GeV. Setting those entries to their initial value.
There are 49571 events with muon pt outside of [26,200] GeV. Setting those entries to their initial value.
There are 49572 events with muon pt outside of [26,200] GeV. Setting those entries to their initial value.
There are 251 nan entries in the corrected pt. This might be due to the number of tracker layers hitting boundaries. Setting those entries to their initial value.
There are 46900 events with muon pt outside of [26,200] GeV. Setting those entries to their initial value.
There are 46092 events with muon pt outside of [26,200] GeV. Setting those entries to their initial value.
There are 46099 events with muon pt outside of [26,200] GeV. Setting those entries to their initial value.
There are 192 nan entries in the corrected pt. This might be due to the number of tracker layers hitting boundaries. Setting those entries to their initial value.
There are 43435 events with muon pt outside of [26,200] GeV. Setting those entries to their initial value.
There are 46273 events with muon pt outside of [26,200] GeV. Setting those entries to their initial value.
There are 46278 events with muon pt outside of [26,200] GeV. Setting those entries to their initial value.
There are 211 nan entries in the corrected pt. This might be due to the number of tracker layers hitting boundaries. Setting those entries to their initial value.
There are 43515 events with muon pt outside of [26,200] GeV. Setting those entries to their initial value.
