000 (14752962.000.000) 02/26 16:23:23 Job submitted from host: <188.184.90.62:9618?addrs=188.184.90.62-9618+[2001-1458-201-e4--100-238]-9618&alias=bigbird16.cern.ch&noUDP&sock=schedd_5196_9a2f>
...
040 (14752962.000.000) 02/26 16:27:25 Started transferring input files
	Transferring to host: <188.185.209.101:9618?addrs=188.185.209.101-9618+[2001-1458-303-11--100-62]-9618&alias=b9p11p7000.cern.ch&noUDP&sock=slot1_13_7015_73b6_150576>
...
040 (14752962.000.000) 02/26 16:27:25 Finished transferring input files
...
001 (14752962.000.000) 02/26 16:27:26 Job executing on host: <188.185.209.101:9618?addrs=188.185.209.101-9618+[2001-1458-303-11--100-62]-9618&alias=b9p11p7000.cern.ch&noUDP&sock=startd_6001_c3ec>
	SlotName: slot1_13@b9p11p7000.cern.ch
	CondorScratchDir = "/pool/condor/dir_2940811"
	Cpus = 1
	Disk = 3791
	GPUs = 0
	Memory = 3000
...
006 (14752962.000.000) 02/26 16:27:40 Image size of job updated: 519108
	507  -  MemoryUsage of job (MB)
	519108  -  ResidentSetSize of job (KB)
...
006 (14752962.000.000) 02/26 16:27:41 Image size of job updated: 519404
	508  -  MemoryUsage of job (MB)
	519404  -  ResidentSetSize of job (KB)
...
040 (14752962.000.000) 02/26 16:27:41 Started transferring output files
...
040 (14752962.000.000) 02/26 16:27:41 Finished transferring output files
...
005 (14752962.000.000) 02/26 16:27:41 Job terminated.
	(1) Normal termination (return value 1)
		Usr 0 00:00:05, Sys 0 00:00:02  -  Run Remote Usage
		Usr 0 00:00:00, Sys 0 00:00:00  -  Run Local Usage
		Usr 0 00:00:05, Sys 0 00:00:02  -  Total Remote Usage
		Usr 0 00:00:00, Sys 0 00:00:00  -  Total Local Usage
	15467  -  Run Bytes Sent By Job
	17041  -  Run Bytes Received By Job
	15467  -  Total Bytes Sent By Job
	17041  -  Total Bytes Received By Job
	Partitionable Resources :    Usage  Request Allocated 
	   Cpus                 :        0        1         1 
	   Disk (KB)            :       58       20      3791 
	   GPUs                 :                           0 
	   Memory (MB)          :      508     3000      3000 
	   TimeExecute (s)      :       15                    
	   TimeSlotBusy (s)     :       17                    

	Job terminated of its own accord at 2026-02-26T15:27:41Z with exit-code 1.
...
