000 (14722385.005.000) 02/25 15:24:08 Job submitted from host: <188.184.90.62:9618?addrs=188.184.90.62-9618+[2001-1458-201-e4--100-238]-9618&alias=bigbird16.cern.ch&noUDP&sock=schedd_5196_9a2f>
...
040 (14722385.005.000) 02/25 15:27:06 Started transferring input files
	Transferring to host: <188.185.205.198:9618?addrs=188.185.205.198-9618+[2001-1458-303-a--100-43]-9618&alias=b9p04p6457.cern.ch&noUDP&sock=slot1_5_4079_c63f_146441>
...
040 (14722385.005.000) 02/25 15:27:06 Finished transferring input files
...
001 (14722385.005.000) 02/25 15:27:07 Job executing on host: <188.185.205.198:9618?addrs=188.185.205.198-9618+[2001-1458-303-a--100-43]-9618&alias=b9p04p6457.cern.ch&noUDP&sock=startd_3610_bcfb>
	SlotName: slot1_5@b9p04p6457.cern.ch
	CondorScratchDir = "/pool/condor/dir_3081756"
	Cpus = 1
	Disk = 3685
	GPUs = 0
	Memory = 3000
...
006 (14722385.005.000) 02/25 15:27:21 Image size of job updated: 181412
	178  -  MemoryUsage of job (MB)
	181412  -  ResidentSetSize of job (KB)
...
006 (14722385.005.000) 02/25 15:28:21 Image size of job updated: 633692
	178  -  MemoryUsage of job (MB)
	181520  -  ResidentSetSize of job (KB)
...
040 (14722385.005.000) 02/25 15:28:21 Started transferring output files
...
040 (14722385.005.000) 02/25 15:28:22 Finished transferring output files
...
005 (14722385.005.000) 02/25 15:28:22 Job terminated.
	(1) Normal termination (return value 1)
		Usr 0 00:00:19, Sys 0 00:00:02  -  Run Remote Usage
		Usr 0 00:00:00, Sys 0 00:00:00  -  Run Local Usage
		Usr 0 00:00:19, Sys 0 00:00:02  -  Total Remote Usage
		Usr 0 00:00:00, Sys 0 00:00:00  -  Total Local Usage
	15177  -  Run Bytes Sent By Job
	17180  -  Run Bytes Received By Job
	15177  -  Total Bytes Sent By Job
	17180  -  Total Bytes Received By Job
	Partitionable Resources :    Usage  Request Allocated 
	   Cpus                 :        0        1         1 
	   Disk (KB)            :       59       20      3685 
	   GPUs                 :                           0 
	   Memory (MB)          :      178     3000      3000 
	   TimeExecute (s)      :       74                    
	   TimeSlotBusy (s)     :       77                    

	Job terminated of its own accord at 2026-02-25T14:28:21Z with exit-code 1.
...
