000 (14737678.005.000) 02/25 20:32:46 Job submitted from host: <188.184.90.62:9618?addrs=188.184.90.62-9618+[2001-1458-201-e4--100-238]-9618&alias=bigbird16.cern.ch&noUDP&sock=schedd_5196_9a2f>
...
040 (14737678.005.000) 02/25 20:36:27 Started transferring input files
	Transferring to host: <188.185.194.52:9618?addrs=188.185.194.52-9618+[2001-1458-303-21--100-30]-9618&alias=b9p20p4533.cern.ch&noUDP&sock=slot1_9_3255_311d_5519>
...
040 (14737678.005.000) 02/25 20:36:27 Finished transferring input files
...
001 (14737678.005.000) 02/25 20:36:28 Job executing on host: <188.185.194.52:9618?addrs=188.185.194.52-9618+[2001-1458-303-21--100-30]-9618&alias=b9p20p4533.cern.ch&noUDP&sock=startd_2523_2589>
	SlotName: slot1_9@b9p20p4533.cern.ch
	CondorScratchDir = "/pool/condor/dir_273261"
	Cpus = 1
	Disk = 3856
	GPUs = 0
	Memory = 3000
...
006 (14737678.005.000) 02/25 20:36:38 Image size of job updated: 27164
	27  -  MemoryUsage of job (MB)
	27164  -  ResidentSetSize of job (KB)
...
006 (14737678.005.000) 02/25 20:41:39 Image size of job updated: 3719380
	3633  -  MemoryUsage of job (MB)
	3719380  -  ResidentSetSize of job (KB)
...
006 (14737678.005.000) 02/25 20:45:23 Image size of job updated: 4365684
	3633  -  MemoryUsage of job (MB)
	3719380  -  ResidentSetSize of job (KB)
...
040 (14737678.005.000) 02/25 20:45:23 Started transferring output files
...
040 (14737678.005.000) 02/25 20:45:23 Finished transferring output files
...
005 (14737678.005.000) 02/25 20:45:23 Job terminated.
	(1) Normal termination (return value 1)
		Usr 0 00:17:13, Sys 0 00:00:28  -  Run Remote Usage
		Usr 0 00:00:00, Sys 0 00:00:00  -  Run Local Usage
		Usr 0 00:17:13, Sys 0 00:00:28  -  Total Remote Usage
		Usr 0 00:00:00, Sys 0 00:00:00  -  Total Local Usage
	27203  -  Run Bytes Sent By Job
	17041  -  Run Bytes Received By Job
	27203  -  Total Bytes Sent By Job
	17041  -  Total Bytes Received By Job
	Partitionable Resources :    Usage  Request Allocated 
	   Cpus                 :        0        1         1 
	   Disk (KB)            :       69       20      3856 
	   GPUs                 :                           0 
	   Memory (MB)          :     3633     3000      3000 
	   TimeExecute (s)      :      535                    
	   TimeSlotBusy (s)     :      537                    
...
