000 (14722385.002.000) 02/25 15:24:08 Job submitted from host: <188.184.90.62:9618?addrs=188.184.90.62-9618+[2001-1458-201-e4--100-238]-9618&alias=bigbird16.cern.ch&noUDP&sock=schedd_5196_9a2f>
...
040 (14722385.002.000) 02/25 15:27:06 Started transferring input files
	Transferring to host: <188.185.209.195:9618?addrs=188.185.209.195-9618+[2001-1458-303-12--100-40]-9618&alias=b9p12p6573.cern.ch&noUDP&sock=slot1_47_10552_96a6_147115>
...
040 (14722385.002.000) 02/25 15:27:06 Finished transferring input files
...
001 (14722385.002.000) 02/25 15:27:07 Job executing on host: <188.185.209.195:9618?addrs=188.185.209.195-9618+[2001-1458-303-12--100-40]-9618&alias=b9p12p6573.cern.ch&noUDP&sock=startd_9234_559c>
	SlotName: slot1_47@b9p12p6573.cern.ch
	CondorScratchDir = "/pool/condor/dir_996655"
	Cpus = 1
	Disk = 3759
	GPUs = 0
	Memory = 3000
...
006 (14722385.002.000) 02/25 15:27:20 Image size of job updated: 520232
	509  -  MemoryUsage of job (MB)
	520232  -  ResidentSetSize of job (KB)
...
006 (14722385.002.000) 02/25 15:28:12 Image size of job updated: 618244
	509  -  MemoryUsage of job (MB)
	520248  -  ResidentSetSize of job (KB)
...
040 (14722385.002.000) 02/25 15:28:12 Started transferring output files
...
040 (14722385.002.000) 02/25 15:28:12 Finished transferring output files
...
005 (14722385.002.000) 02/25 15:28:13 Job terminated.
	(1) Normal termination (return value 1)
		Usr 0 00:00:24, Sys 0 00:00:02  -  Run Remote Usage
		Usr 0 00:00:00, Sys 0 00:00:00  -  Run Local Usage
		Usr 0 00:00:24, Sys 0 00:00:02  -  Total Remote Usage
		Usr 0 00:00:00, Sys 0 00:00:00  -  Total Local Usage
	15388  -  Run Bytes Sent By Job
	17180  -  Run Bytes Received By Job
	15388  -  Total Bytes Sent By Job
	17180  -  Total Bytes Received By Job
	Partitionable Resources :    Usage  Request Allocated 
	   Cpus                 :     1.31        1         1 
	   Disk (KB)            :    60          20      3759 
	   GPUs                 :                           0 
	   Memory (MB)          :   509        3000      3000 
	   TimeExecute (s)      :    65                       
	   TimeSlotBusy (s)     :    68                       

	Job terminated of its own accord at 2026-02-25T14:28:12Z with exit-code 1.
...
