000 (14526958.003.000) 02/14 21:30:39 Job submitted from host: <188.184.90.62:9618?addrs=188.184.90.62-9618+[2001-1458-201-e4--100-238]-9618&alias=bigbird16.cern.ch&noUDP&sock=schedd_5196_9a2f>
...
040 (14526958.003.000) 02/14 21:31:52 Started transferring input files
	Transferring to host: <188.185.215.45:9618?addrs=188.185.215.45-9618+[2001-1458-303-1e--100-29]-9618&alias=b9p31p9045.cern.ch&noUDP&sock=slot1_12_4687_2a58_159029>
...
040 (14526958.003.000) 02/14 21:31:52 Finished transferring input files
...
001 (14526958.003.000) 02/14 21:31:53 Job executing on host: <188.185.215.45:9618?addrs=188.185.215.45-9618+[2001-1458-303-1e--100-29]-9618&alias=b9p31p9045.cern.ch&noUDP&sock=startd_3872_72cb>
	SlotName: slot1_12@b9p31p9045.cern.ch
	CondorScratchDir = "/pool/condor/dir_3297724"
	Cpus = 1
	Disk = 3854
	GPUs = 0
	Memory = 3000
...
006 (14526958.003.000) 02/14 21:32:07 Image size of job updated: 264796
	259  -  MemoryUsage of job (MB)
	264796  -  ResidentSetSize of job (KB)
...
006 (14526958.003.000) 02/14 21:32:29 Image size of job updated: 584424
	260  -  MemoryUsage of job (MB)
	265260  -  ResidentSetSize of job (KB)
...
040 (14526958.003.000) 02/14 21:32:29 Started transferring output files
...
040 (14526958.003.000) 02/14 21:32:29 Finished transferring output files
...
005 (14526958.003.000) 02/14 21:32:29 Job terminated.
	(1) Normal termination (return value 1)
		Usr 0 00:00:11, Sys 0 00:00:02  -  Run Remote Usage
		Usr 0 00:00:00, Sys 0 00:00:00  -  Run Local Usage
		Usr 0 00:00:11, Sys 0 00:00:02  -  Total Remote Usage
		Usr 0 00:00:00, Sys 0 00:00:00  -  Total Local Usage
	14357  -  Run Bytes Sent By Job
	9792  -  Run Bytes Received By Job
	14357  -  Total Bytes Sent By Job
	9792  -  Total Bytes Received By Job
	Partitionable Resources :    Usage  Request Allocated 
	   Cpus                 :        0        1         1 
	   Disk (KB)            :       50       12      3854 
	   GPUs                 :                           0 
	   Memory (MB)          :      260     3000      3000 
	   TimeExecute (s)      :       36                    
	   TimeSlotBusy (s)     :       38                    

	Job terminated of its own accord at 2026-02-14T20:32:29Z with exit-code 1.
...
