000 (14526958.002.000) 02/14 21:30:39 Job submitted from host: <188.184.90.62:9618?addrs=188.184.90.62-9618+[2001-1458-201-e4--100-238]-9618&alias=bigbird16.cern.ch&noUDP&sock=schedd_5196_9a2f>
...
040 (14526958.002.000) 02/14 21:31:51 Started transferring input files
	Transferring to host: <188.185.193.148:9618?addrs=188.185.193.148-9618+[2001-1458-303-20--100-90]-9618&alias=b9p19p8519.cern.ch&noUDP&sock=slot1_4_8103_0be3_142941>
...
040 (14526958.002.000) 02/14 21:31:51 Finished transferring input files
...
001 (14526958.002.000) 02/14 21:31:52 Job executing on host: <188.185.193.148:9618?addrs=188.185.193.148-9618+[2001-1458-303-20--100-90]-9618&alias=b9p19p8519.cern.ch&noUDP&sock=startd_7102_f5b2>
	SlotName: slot1_4@b9p19p8519.cern.ch
	CondorScratchDir = "/pool/condor/dir_1429018"
	Cpus = 1
	Disk = 3808
	GPUs = 0
	Memory = 3000
...
006 (14526958.002.000) 02/14 21:32:06 Image size of job updated: 142404
	140  -  MemoryUsage of job (MB)
	142404  -  ResidentSetSize of job (KB)
...
006 (14526958.002.000) 02/14 21:35:40 Image size of job updated: 2368080
	140  -  MemoryUsage of job (MB)
	142404  -  ResidentSetSize of job (KB)
...
040 (14526958.002.000) 02/14 21:35:40 Started transferring output files
...
040 (14526958.002.000) 02/14 21:35:40 Finished transferring output files
...
004 (14526958.002.000) 02/14 21:35:40 Job was evicted.
	(0) CPU times
		Usr 0 00:10:17, Sys 0 00:00:14  -  Run Remote Usage
		Usr 0 00:00:00, Sys 0 00:00:00  -  Run Local Usage
	6799  -  Run Bytes Sent By Job
	9792  -  Run Bytes Received By Job
	Partitionable Resources :    Usage  Request Allocated 
	   Cpus                 :        0        1         1 
	   Disk (KB)            :       42       12      3808 
	   GPUs                 :                           0 
	   Memory (MB)          :      140     3000      3000 
	   TimeExecute (s)      :      228                    
	   TimeSlotBusy (s)     :      230                    
...
009 (14526958.002.000) 02/14 21:35:40 Job was aborted.
	via condor_rm (by user driosper)
...
