000 (14526954.002.000) 02/14 21:30:32 Job submitted from host: <188.184.90.62:9618?addrs=188.184.90.62-9618+[2001-1458-201-e4--100-238]-9618&alias=bigbird16.cern.ch&noUDP&sock=schedd_5196_9a2f>
...
040 (14526954.002.000) 02/14 21:31:32 Started transferring input files
	Transferring to host: <188.185.213.26:9618?addrs=188.185.213.26-9618+[2001-1458-303-1a--100-16]-9618&alias=b9p27p0753.cern.ch&noUDP&sock=slot1_4_4459_84ce_159687>
...
040 (14526954.002.000) 02/14 21:31:32 Finished transferring input files
...
001 (14526954.002.000) 02/14 21:31:33 Job executing on host: <188.185.213.26:9618?addrs=188.185.213.26-9618+[2001-1458-303-1a--100-16]-9618&alias=b9p27p0753.cern.ch&noUDP&sock=startd_3764_5e91>
	SlotName: slot1_4@b9p27p0753.cern.ch
	CondorScratchDir = "/pool/condor/dir_3540702"
	Cpus = 1
	Disk = 3884
	GPUs = 0
	Memory = 3000
...
006 (14526954.002.000) 02/14 21:31:47 Image size of job updated: 36836
	36  -  MemoryUsage of job (MB)
	36836  -  ResidentSetSize of job (KB)
...
006 (14526954.002.000) 02/14 21:35:35 Image size of job updated: 2678776
	36  -  MemoryUsage of job (MB)
	36836  -  ResidentSetSize of job (KB)
...
040 (14526954.002.000) 02/14 21:35:35 Started transferring output files
...
040 (14526954.002.000) 02/14 21:35:35 Finished transferring output files
...
004 (14526954.002.000) 02/14 21:35:35 Job was evicted.
	(0) CPU times
		Usr 0 00:07:23, Sys 0 00:00:17  -  Run Remote Usage
		Usr 0 00:00:00, Sys 0 00:00:00  -  Run Local Usage
	6938  -  Run Bytes Sent By Job
	47002  -  Run Bytes Received By Job
	Partitionable Resources :    Usage  Request Allocated 
	   Cpus                 :        0        1         1 
	   Disk (KB)            :       79       50      3884 
	   GPUs                 :                           0 
	   Memory (MB)          :       36     3000      3000 
	   TimeExecute (s)      :      242                    
	   TimeSlotBusy (s)     :      244                    
...
009 (14526954.002.000) 02/14 21:35:35 Job was aborted.
	via condor_rm (by user driosper)
...
