000 (14526954.011.000) 02/14 21:30:32 Job submitted from host: <188.184.90.62:9618?addrs=188.184.90.62-9618+[2001-1458-201-e4--100-238]-9618&alias=bigbird16.cern.ch&noUDP&sock=schedd_5196_9a2f>
...
040 (14526954.011.000) 02/14 21:31:35 Started transferring input files
	Transferring to host: <188.185.215.77:9618?addrs=188.185.215.77-9618+[2001-1458-303-1e--100-49]-9618&alias=b9p31p6444.cern.ch&noUDP&sock=slot1_12_3234_653d_158039>
...
040 (14526954.011.000) 02/14 21:31:35 Finished transferring input files
...
001 (14526954.011.000) 02/14 21:31:36 Job executing on host: <188.185.215.77:9618?addrs=188.185.215.77-9618+[2001-1458-303-1e--100-49]-9618&alias=b9p31p6444.cern.ch&noUDP&sock=startd_2823_ebf2>
	SlotName: slot1_12@b9p31p6444.cern.ch
	CondorScratchDir = "/pool/condor/dir_102196"
	Cpus = 1
	Disk = 3768
	GPUs = 0
	Memory = 3000
...
006 (14526954.011.000) 02/14 21:31:50 Image size of job updated: 544868
	533  -  MemoryUsage of job (MB)
	544868  -  ResidentSetSize of job (KB)
...
006 (14526954.011.000) 02/14 21:35:35 Image size of job updated: 2656888
	533  -  MemoryUsage of job (MB)
	544988  -  ResidentSetSize of job (KB)
...
040 (14526954.011.000) 02/14 21:35:35 Started transferring output files
...
040 (14526954.011.000) 02/14 21:35:35 Finished transferring output files
...
004 (14526954.011.000) 02/14 21:35:36 Job was evicted.
	(0) CPU times
		Usr 0 00:09:42, Sys 0 00:00:19  -  Run Remote Usage
		Usr 0 00:00:00, Sys 0 00:00:00  -  Run Local Usage
	12477  -  Run Bytes Sent By Job
	47002  -  Run Bytes Received By Job
	Partitionable Resources :    Usage  Request Allocated 
	   Cpus                 :        0        1         1 
	   Disk (KB)            :       81       50      3768 
	   GPUs                 :                           0 
	   Memory (MB)          :      533     3000      3000 
	   TimeExecute (s)      :      239                    
	   TimeSlotBusy (s)     :      241                    
...
009 (14526954.011.000) 02/14 21:35:36 Job was aborted.
	via condor_rm (by user driosper)
...
