000 (14526954.005.000) 02/14 21:30:32 Job submitted from host: <188.184.90.62:9618?addrs=188.184.90.62-9618+[2001-1458-201-e4--100-238]-9618&alias=bigbird16.cern.ch&noUDP&sock=schedd_5196_9a2f>
...
040 (14526954.005.000) 02/14 21:31:33 Started transferring input files
	Transferring to host: <128.142.33.36:9618?addrs=128.142.33.36-9618+[2001-1458-301-53--100-21]-9618&alias=b9g34p5207.cern.ch&noUDP&sock=slot1_2_7069_7ff9_140867>
...
040 (14526954.005.000) 02/14 21:31:33 Finished transferring input files
...
001 (14526954.005.000) 02/14 21:31:34 Job executing on host: <128.142.33.36:9618?addrs=128.142.33.36-9618+[2001-1458-301-53--100-21]-9618&alias=b9g34p5207.cern.ch&noUDP&sock=startd_6177_7c98>
	SlotName: slot1_2@b9g34p5207.cern.ch
	CondorScratchDir = "/pool/condor/dir_690952"
	Cpus = 1
	Disk = 3697
	GPUs = 0
	Memory = 3000
...
006 (14526954.005.000) 02/14 21:31:48 Image size of job updated: 127976
	125  -  MemoryUsage of job (MB)
	127976  -  ResidentSetSize of job (KB)
...
006 (14526954.005.000) 02/14 21:35:35 Image size of job updated: 2644476
	125  -  MemoryUsage of job (MB)
	127976  -  ResidentSetSize of job (KB)
...
040 (14526954.005.000) 02/14 21:35:35 Started transferring output files
...
040 (14526954.005.000) 02/14 21:35:35 Finished transferring output files
...
004 (14526954.005.000) 02/14 21:35:35 Job was evicted.
	(0) CPU times
		Usr 0 00:12:07, Sys 0 00:00:21  -  Run Remote Usage
		Usr 0 00:00:00, Sys 0 00:00:00  -  Run Local Usage
	7291  -  Run Bytes Sent By Job
	47002  -  Run Bytes Received By Job
	Partitionable Resources :    Usage  Request Allocated 
	   Cpus                 :        0        1         1 
	   Disk (KB)            :       79       50      3697 
	   GPUs                 :                           0 
	   Memory (MB)          :      125     3000      3000 
	   TimeExecute (s)      :      241                    
	   TimeSlotBusy (s)     :      243                    
...
009 (14526954.005.000) 02/14 21:35:35 Job was aborted.
	via condor_rm (by user driosper)
...
