000 (14526954.017.000) 02/14 21:30:32 Job submitted from host: <188.184.90.62:9618?addrs=188.184.90.62-9618+[2001-1458-201-e4--100-238]-9618&alias=bigbird16.cern.ch&noUDP&sock=schedd_5196_9a2f>
...
040 (14526954.017.000) 02/14 21:31:37 Started transferring input files
	Transferring to host: <188.185.215.48:9618?addrs=188.185.215.48-9618+[2001-1458-303-1e--100-2c]-9618&alias=b9p31p8185.cern.ch&noUDP&sock=slot1_6_8480_ad52_104400>
...
040 (14526954.017.000) 02/14 21:31:37 Finished transferring input files
...
001 (14526954.017.000) 02/14 21:31:38 Job executing on host: <188.185.215.48:9618?addrs=188.185.215.48-9618+[2001-1458-303-1e--100-2c]-9618&alias=b9p31p8185.cern.ch&noUDP&sock=startd_8385_fdb4>
	SlotName: slot1_6@b9p31p8185.cern.ch
	CondorScratchDir = "/pool/condor/dir_2069936"
	Cpus = 1
	Disk = 3808
	GPUs = 0
	Memory = 3000
...
006 (14526954.017.000) 02/14 21:31:52 Image size of job updated: 261376
	256  -  MemoryUsage of job (MB)
	261376  -  ResidentSetSize of job (KB)
...
006 (14526954.017.000) 02/14 21:35:36 Image size of job updated: 2701640
	256  -  MemoryUsage of job (MB)
	261376  -  ResidentSetSize of job (KB)
...
040 (14526954.017.000) 02/14 21:35:36 Started transferring output files
...
040 (14526954.017.000) 02/14 21:35:36 Finished transferring output files
...
004 (14526954.017.000) 02/14 21:35:36 Job was evicted.
	(0) CPU times
		Usr 0 00:09:24, Sys 0 00:00:19  -  Run Remote Usage
		Usr 0 00:00:00, Sys 0 00:00:00  -  Run Local Usage
	12101  -  Run Bytes Sent By Job
	47002  -  Run Bytes Received By Job
	Partitionable Resources :    Usage  Request Allocated 
	   Cpus                 :        0        1         1 
	   Disk (KB)            :       81       50      3808 
	   GPUs                 :                           0 
	   Memory (MB)          :      256     3000      3000 
	   TimeExecute (s)      :      238                    
	   TimeSlotBusy (s)     :      240                    
...
009 (14526954.017.000) 02/14 21:35:36 Job was aborted.
	via condor_rm (by user driosper)
...
