000 (14526954.009.000) 02/14 21:30:32 Job submitted from host: <188.184.90.62:9618?addrs=188.184.90.62-9618+[2001-1458-201-e4--100-238]-9618&alias=bigbird16.cern.ch&noUDP&sock=schedd_5196_9a2f>
...
040 (14526954.009.000) 02/14 21:31:34 Started transferring input files
	Transferring to host: <188.185.214.48:9618?addrs=188.185.214.48-9618+[2001-1458-303-1c--100-2c]-9618&alias=b9p29p4214.cern.ch&noUDP&sock=slot1_1_4483_6dcf_191820>
...
040 (14526954.009.000) 02/14 21:31:34 Finished transferring input files
...
001 (14526954.009.000) 02/14 21:31:35 Job executing on host: <188.185.214.48:9618?addrs=188.185.214.48-9618+[2001-1458-303-1c--100-2c]-9618&alias=b9p29p4214.cern.ch&noUDP&sock=startd_3713_633c>
	SlotName: slot1_1@b9p29p4214.cern.ch
	CondorScratchDir = "/pool/condor/dir_263168"
	Cpus = 1
	Disk = 3796
	GPUs = 0
	Memory = 3000
...
006 (14526954.009.000) 02/14 21:31:49 Image size of job updated: 576552
	564  -  MemoryUsage of job (MB)
	576552  -  ResidentSetSize of job (KB)
...
006 (14526954.009.000) 02/14 21:35:35 Image size of job updated: 2775316
	564  -  MemoryUsage of job (MB)
	576552  -  ResidentSetSize of job (KB)
...
040 (14526954.009.000) 02/14 21:35:35 Started transferring output files
...
040 (14526954.009.000) 02/14 21:35:35 Finished transferring output files
...
004 (14526954.009.000) 02/14 21:35:35 Job was evicted.
	(0) CPU times
		Usr 0 00:10:01, Sys 0 00:00:16  -  Run Remote Usage
		Usr 0 00:00:00, Sys 0 00:00:00  -  Run Local Usage
	7357  -  Run Bytes Sent By Job
	47002  -  Run Bytes Received By Job
	Partitionable Resources :    Usage  Request Allocated 
	   Cpus                 :        0        1         1 
	   Disk (KB)            :       79       50      3796 
	   GPUs                 :                           0 
	   Memory (MB)          :      564     3000      3000 
	   TimeExecute (s)      :      240                    
	   TimeSlotBusy (s)     :      242                    
...
009 (14526954.009.000) 02/14 21:35:35 Job was aborted.
	via condor_rm (by user driosper)
...
