000 (14526954.019.000) 02/14 21:30:32 Job submitted from host: <188.184.90.62:9618?addrs=188.184.90.62-9618+[2001-1458-201-e4--100-238]-9618&alias=bigbird16.cern.ch&noUDP&sock=schedd_5196_9a2f>
...
040 (14526954.019.000) 02/14 21:31:38 Started transferring input files
	Transferring to host: <188.185.214.63:9618?addrs=188.185.214.63-9618+[2001-1458-303-1c--100-3b]-9618&alias=b9p29p3403.cern.ch&noUDP&sock=slot1_5_6531_6e23_187610>
...
040 (14526954.019.000) 02/14 21:31:38 Finished transferring input files
...
001 (14526954.019.000) 02/14 21:31:39 Job executing on host: <188.185.214.63:9618?addrs=188.185.214.63-9618+[2001-1458-303-1c--100-3b]-9618&alias=b9p29p3403.cern.ch&noUDP&sock=startd_5571_d233>
	SlotName: slot1_5@b9p29p3403.cern.ch
	CondorScratchDir = "/pool/condor/dir_3574392"
	Cpus = 1
	Disk = 3732
	GPUs = 0
	Memory = 3000
...
006 (14526954.019.000) 02/14 21:31:53 Image size of job updated: 406364
	397  -  MemoryUsage of job (MB)
	406364  -  ResidentSetSize of job (KB)
...
006 (14526954.019.000) 02/14 21:35:36 Image size of job updated: 2736324
	397  -  MemoryUsage of job (MB)
	406516  -  ResidentSetSize of job (KB)
...
040 (14526954.019.000) 02/14 21:35:36 Started transferring output files
...
040 (14526954.019.000) 02/14 21:35:36 Finished transferring output files
...
004 (14526954.019.000) 02/14 21:35:36 Job was evicted.
	(0) CPU times
		Usr 0 00:10:50, Sys 0 00:00:21  -  Run Remote Usage
		Usr 0 00:00:00, Sys 0 00:00:00  -  Run Local Usage
	11860  -  Run Bytes Sent By Job
	47002  -  Run Bytes Received By Job
	Partitionable Resources :    Usage  Request Allocated 
	   Cpus                 :     3.17        1         1 
	   Disk (KB)            :    81          50      3732 
	   GPUs                 :                           0 
	   Memory (MB)          :   397        3000      3000 
	   TimeExecute (s)      :   237                       
	   TimeSlotBusy (s)     :   239                       
...
009 (14526954.019.000) 02/14 21:35:36 Job was aborted.
	via condor_rm (by user driosper)
...
