000 (14526954.004.000) 02/14 21:30:32 Job submitted from host: <188.184.90.62:9618?addrs=188.184.90.62-9618+[2001-1458-201-e4--100-238]-9618&alias=bigbird16.cern.ch&noUDP&sock=schedd_5196_9a2f>
...
040 (14526954.004.000) 02/14 21:31:33 Started transferring input files
	Transferring to host: <188.185.194.95:9618?addrs=188.185.194.95-9618+[2001-1458-303-21--100-5b]-9618&alias=b9p20p2820.cern.ch&noUDP&sock=slot1_1_5355_d4f3_140893>
...
040 (14526954.004.000) 02/14 21:31:33 Finished transferring input files
...
001 (14526954.004.000) 02/14 21:31:34 Job executing on host: <188.185.194.95:9618?addrs=188.185.194.95-9618+[2001-1458-303-21--100-5b]-9618&alias=b9p20p2820.cern.ch&noUDP&sock=startd_4273_8045>
	SlotName: slot1_1@b9p20p2820.cern.ch
	CondorScratchDir = "/pool/condor/dir_3893928"
	Cpus = 1
	Disk = 3852
	GPUs = 0
	Memory = 3000
...
006 (14526954.004.000) 02/14 21:31:48 Image size of job updated: 136312
	134  -  MemoryUsage of job (MB)
	136312  -  ResidentSetSize of job (KB)
...
006 (14526954.004.000) 02/14 21:35:35 Image size of job updated: 2424904
	134  -  MemoryUsage of job (MB)
	136312  -  ResidentSetSize of job (KB)
...
040 (14526954.004.000) 02/14 21:35:35 Started transferring output files
...
040 (14526954.004.000) 02/14 21:35:35 Finished transferring output files
...
004 (14526954.004.000) 02/14 21:35:35 Job was evicted.
	(0) CPU times
		Usr 0 00:05:27, Sys 0 00:00:14  -  Run Remote Usage
		Usr 0 00:00:00, Sys 0 00:00:00  -  Run Local Usage
	6185  -  Run Bytes Sent By Job
	47002  -  Run Bytes Received By Job
	Partitionable Resources :    Usage  Request Allocated 
	   Cpus                 :        0        1         1 
	   Disk (KB)            :       78       50      3852 
	   GPUs                 :                           0 
	   Memory (MB)          :      134     3000      3000 
	   TimeExecute (s)      :      241                    
	   TimeSlotBusy (s)     :      243                    
...
009 (14526954.004.000) 02/14 21:35:35 Job was aborted.
	via condor_rm (by user driosper)
...
