000 (14526954.012.000) 02/14 21:30:32 Job submitted from host: <188.184.90.62:9618?addrs=188.184.90.62-9618+[2001-1458-201-e4--100-238]-9618&alias=bigbird16.cern.ch&noUDP&sock=schedd_5196_9a2f>
...
040 (14526954.012.000) 02/14 21:31:35 Started transferring input files
	Transferring to host: <188.185.211.43:9618?addrs=188.185.211.43-9618+[2001-1458-303-16--100-27]-9618&alias=b9p23p3884.cern.ch&noUDP&sock=slot1_7_3597_296b_152989>
...
040 (14526954.012.000) 02/14 21:31:35 Finished transferring input files
...
001 (14526954.012.000) 02/14 21:31:36 Job executing on host: <188.185.211.43:9618?addrs=188.185.211.43-9618+[2001-1458-303-16--100-27]-9618&alias=b9p23p3884.cern.ch&noUDP&sock=startd_3022_6b4b>
	SlotName: slot1_7@b9p23p3884.cern.ch
	CondorScratchDir = "/pool/condor/dir_313562"
	Cpus = 1
	Disk = 3752
	GPUs = 0
	Memory = 3000
...
006 (14526954.012.000) 02/14 21:31:50 Image size of job updated: 170980
	167  -  MemoryUsage of job (MB)
	170980  -  ResidentSetSize of job (KB)
...
006 (14526954.012.000) 02/14 21:35:36 Image size of job updated: 2428768
	167  -  MemoryUsage of job (MB)
	170980  -  ResidentSetSize of job (KB)
...
040 (14526954.012.000) 02/14 21:35:36 Started transferring output files
...
040 (14526954.012.000) 02/14 21:35:36 Finished transferring output files
...
004 (14526954.012.000) 02/14 21:35:36 Job was evicted.
	(0) CPU times
		Usr 0 00:06:05, Sys 0 00:00:22  -  Run Remote Usage
		Usr 0 00:00:00, Sys 0 00:00:00  -  Run Local Usage
	12040  -  Run Bytes Sent By Job
	47002  -  Run Bytes Received By Job
	Partitionable Resources :    Usage  Request Allocated 
	   Cpus                 :        0        1         1 
	   Disk (KB)            :       81       50      3752 
	   GPUs                 :                           0 
	   Memory (MB)          :      167     3000      3000 
	   TimeExecute (s)      :      240                    
	   TimeSlotBusy (s)     :      242                    
...
009 (14526954.012.000) 02/14 21:35:36 Job was aborted.
	via condor_rm (by user driosper)
...
