000 (14526954.007.000) 02/14 21:30:32 Job submitted from host: <188.184.90.62:9618?addrs=188.184.90.62-9618+[2001-1458-201-e4--100-238]-9618&alias=bigbird16.cern.ch&noUDP&sock=schedd_5196_9a2f>
...
040 (14526954.007.000) 02/14 21:31:34 Started transferring input files
	Transferring to host: <188.185.207.47:9618?addrs=188.185.207.47-9618+[2001-1458-303-d--100-2c]-9618&alias=b9p07p0819.cern.ch&noUDP&sock=slot1_18_3519790_3854_20508>
...
040 (14526954.007.000) 02/14 21:31:34 Finished transferring input files
...
001 (14526954.007.000) 02/14 21:31:35 Job executing on host: <188.185.207.47:9618?addrs=188.185.207.47-9618+[2001-1458-303-d--100-2c]-9618&alias=b9p07p0819.cern.ch&noUDP&sock=startd_3746_05dc>
	SlotName: slot1_18@b9p07p0819.cern.ch
	CondorScratchDir = "/pool/condor/dir_2603803"
	Cpus = 1
	Disk = 3796
	GPUs = 0
	Memory = 3000
...
006 (14526954.007.000) 02/14 21:31:50 Image size of job updated: 113296
	111  -  MemoryUsage of job (MB)
	113296  -  ResidentSetSize of job (KB)
...
006 (14526954.007.000) 02/14 21:35:35 Image size of job updated: 2565968
	111  -  MemoryUsage of job (MB)
	113368  -  ResidentSetSize of job (KB)
...
040 (14526954.007.000) 02/14 21:35:35 Started transferring output files
...
040 (14526954.007.000) 02/14 21:35:35 Finished transferring output files
...
004 (14526954.007.000) 02/14 21:35:36 Job was evicted.
	(0) CPU times
		Usr 0 00:06:48, Sys 0 00:00:16  -  Run Remote Usage
		Usr 0 00:00:00, Sys 0 00:00:00  -  Run Local Usage
	12056  -  Run Bytes Sent By Job
	47002  -  Run Bytes Received By Job
	Partitionable Resources :    Usage  Request Allocated 
	   Cpus                 :        0        1         1 
	   Disk (KB)            :       85       50      3796 
	   GPUs                 :                           0 
	   Memory (MB)          :      111     3000      3000 
	   TimeExecute (s)      :      240                    
	   TimeSlotBusy (s)     :      242                    
...
009 (14526954.007.000) 02/14 21:35:36 Job was aborted.
	via condor_rm (by user driosper)
...
