000 (14526954.000.000) 02/14 21:30:32 Job submitted from host: <188.184.90.62:9618?addrs=188.184.90.62-9618+[2001-1458-201-e4--100-238]-9618&alias=bigbird16.cern.ch&noUDP&sock=schedd_5196_9a2f>
...
040 (14526954.000.000) 02/14 21:31:31 Started transferring input files
	Transferring to host: <188.185.194.40:9618?addrs=188.185.194.40-9618+[2001-1458-303-21--100-24]-9618&alias=b9p20p0551.cern.ch&noUDP&sock=slot1_1_9406_20b8_142292>
...
040 (14526954.000.000) 02/14 21:31:31 Finished transferring input files
...
001 (14526954.000.000) 02/14 21:31:32 Job executing on host: <188.185.194.40:9618?addrs=188.185.194.40-9618+[2001-1458-303-21--100-24]-9618&alias=b9p20p0551.cern.ch&noUDP&sock=startd_8020_a1a3>
	SlotName: slot1_1@b9p20p0551.cern.ch
	CondorScratchDir = "/pool/condor/dir_394564"
	Cpus = 1
	Disk = 3838
	GPUs = 0
	Memory = 3000
...
006 (14526954.000.000) 02/14 21:31:46 Image size of job updated: 173800
	170  -  MemoryUsage of job (MB)
	173800  -  ResidentSetSize of job (KB)
...
006 (14526954.000.000) 02/14 21:35:34 Image size of job updated: 2557588
	170  -  MemoryUsage of job (MB)
	173828  -  ResidentSetSize of job (KB)
...
040 (14526954.000.000) 02/14 21:35:34 Started transferring output files
...
040 (14526954.000.000) 02/14 21:35:34 Finished transferring output files
...
004 (14526954.000.000) 02/14 21:35:34 Job was evicted.
	(0) CPU times
		Usr 0 00:11:12, Sys 0 00:00:14  -  Run Remote Usage
		Usr 0 00:00:00, Sys 0 00:00:00  -  Run Local Usage
	12067  -  Run Bytes Sent By Job
	47002  -  Run Bytes Received By Job
	Partitionable Resources :    Usage  Request Allocated 
	   Cpus                 :     3.27        1         1 
	   Disk (KB)            :    81          50      3838 
	   GPUs                 :                           0 
	   Memory (MB)          :   170        3000      3000 
	   TimeExecute (s)      :   242                       
	   TimeSlotBusy (s)     :   244                       
...
009 (14526954.000.000) 02/14 21:35:34 Job was aborted.
	via condor_rm (by user driosper)
...
