000 (14526943.000.000) 02/14 21:30:12 Job submitted from host: <188.184.90.62:9618?addrs=188.184.90.62-9618+[2001-1458-201-e4--100-238]-9618&alias=bigbird16.cern.ch&noUDP&sock=schedd_5196_9a2f>
...
040 (14526943.000.000) 02/14 21:31:59 Started transferring input files
	Transferring to host: <128.142.192.201:9618?addrs=128.142.192.201-9618+[2001-1458-301-56--100-45]-9618&alias=b9g18p2334.cern.ch&noUDP&sock=slot1_12_5163_8ceb_16143>
...
040 (14526943.000.000) 02/14 21:31:59 Finished transferring input files
...
001 (14526943.000.000) 02/14 21:32:00 Job executing on host: <128.142.192.201:9618?addrs=128.142.192.201-9618+[2001-1458-301-56--100-45]-9618&alias=b9g18p2334.cern.ch&noUDP&sock=startd_4270_717c>
	SlotName: slot1_12@b9g18p2334.cern.ch
	CondorScratchDir = "/pool/condor/dir_1521903"
	Cpus = 1
	Disk = 3832
	GPUs = 0
	Memory = 3000
...
006 (14526943.000.000) 02/14 21:32:14 Image size of job updated: 501040
	490  -  MemoryUsage of job (MB)
	501040  -  ResidentSetSize of job (KB)
...
006 (14526943.000.000) 02/14 21:35:26 Image size of job updated: 1478276
	490  -  MemoryUsage of job (MB)
	501108  -  ResidentSetSize of job (KB)
...
040 (14526943.000.000) 02/14 21:35:26 Started transferring output files
...
040 (14526943.000.000) 02/14 21:35:26 Finished transferring output files
...
004 (14526943.000.000) 02/14 21:35:26 Job was evicted.
	(0) CPU times
		Usr 0 00:08:24, Sys 0 00:00:13  -  Run Remote Usage
		Usr 0 00:00:00, Sys 0 00:00:00  -  Run Local Usage
	10498  -  Run Bytes Sent By Job
	8815  -  Run Bytes Received By Job
	Partitionable Resources :    Usage  Request Allocated 
	   Cpus                 :        0        1         1 
	   Disk (KB)            :       42       12      3832 
	   GPUs                 :                           0 
	   Memory (MB)          :      490     3000      3000 
	   TimeExecute (s)      :      206                    
	   TimeSlotBusy (s)     :      207                    
...
009 (14526943.000.000) 02/14 21:35:26 Job was aborted.
	via condor_rm (by user driosper)
...
