000 (14526943.001.000) 02/14 21:30:12 Job submitted from host: <188.184.90.62:9618?addrs=188.184.90.62-9618+[2001-1458-201-e4--100-238]-9618&alias=bigbird16.cern.ch&noUDP&sock=schedd_5196_9a2f>
...
040 (14526943.001.000) 02/14 21:31:07 Started transferring input files
	Transferring to host: <128.142.137.183:9618?addrs=128.142.137.183-9618+[2001-1458-301-5e--100-ab]-9618&alias=b9g19p0635.cern.ch&noUDP&sock=slot1_13_2823_cf0c_168403>
...
040 (14526943.001.000) 02/14 21:31:07 Finished transferring input files
...
001 (14526943.001.000) 02/14 21:31:08 Job executing on host: <128.142.137.183:9618?addrs=128.142.137.183-9618+[2001-1458-301-5e--100-ab]-9618&alias=b9g19p0635.cern.ch&noUDP&sock=startd_2436_78cb>
	SlotName: slot1_13@b9g19p0635.cern.ch
	CondorScratchDir = "/pool/condor/dir_1979155"
	Cpus = 1
	Disk = 2575
	GPUs = 0
	Memory = 3000
...
006 (14526943.001.000) 02/14 21:31:22 Image size of job updated: 173120
	170  -  MemoryUsage of job (MB)
	173120  -  ResidentSetSize of job (KB)
...
006 (14526943.001.000) 02/14 21:35:27 Image size of job updated: 1368072
	170  -  MemoryUsage of job (MB)
	173264  -  ResidentSetSize of job (KB)
...
040 (14526943.001.000) 02/14 21:35:27 Started transferring output files
...
040 (14526943.001.000) 02/14 21:35:27 Finished transferring output files
...
004 (14526943.001.000) 02/14 21:35:27 Job was evicted.
	(0) CPU times
		Usr 0 00:11:09, Sys 0 00:00:19  -  Run Remote Usage
		Usr 0 00:00:00, Sys 0 00:00:00  -  Run Local Usage
	10301  -  Run Bytes Sent By Job
	8815  -  Run Bytes Received By Job
	Partitionable Resources :    Usage  Request Allocated 
	   Cpus                 :     2.99        1         1 
	   Disk (KB)            :    42          12      2575 
	   GPUs                 :                           0 
	   Memory (MB)          :   170        3000      3000 
	   TimeExecute (s)      :   259                       
	   TimeSlotBusy (s)     :   261                       
...
009 (14526943.001.000) 02/14 21:35:27 Job was aborted.
	via condor_rm (by user driosper)
...
