000 (14526947.007.000) 02/14 21:30:19 Job submitted from host: <188.184.90.62:9618?addrs=188.184.90.62-9618+[2001-1458-201-e4--100-238]-9618&alias=bigbird16.cern.ch&noUDP&sock=schedd_5196_9a2f>
...
040 (14526947.007.000) 02/14 21:31:15 Started transferring input files
	Transferring to host: <188.185.210.26:9618?addrs=188.185.210.26-9618+[2001-1458-303-1--100-16]-9618&alias=b9p21p4443.cern.ch&noUDP&sock=slot1_3_4653_3596_155041>
...
040 (14526947.007.000) 02/14 21:31:15 Finished transferring input files
...
001 (14526947.007.000) 02/14 21:31:16 Job executing on host: <188.185.210.26:9618?addrs=188.185.210.26-9618+[2001-1458-303-1--100-16]-9618&alias=b9p21p4443.cern.ch&noUDP&sock=startd_3882_4ebd>
	SlotName: slot1_3@b9p21p4443.cern.ch
	CondorScratchDir = "/pool/condor/dir_3721684"
	Cpus = 1
	Disk = 3773
	GPUs = 0
	Memory = 3000
...
006 (14526947.007.000) 02/14 21:31:30 Image size of job updated: 261584
	256  -  MemoryUsage of job (MB)
	261584  -  ResidentSetSize of job (KB)
...
006 (14526947.007.000) 02/14 21:35:29 Image size of job updated: 2388180
	256  -  MemoryUsage of job (MB)
	261584  -  ResidentSetSize of job (KB)
...
040 (14526947.007.000) 02/14 21:35:29 Started transferring output files
...
040 (14526947.007.000) 02/14 21:35:29 Finished transferring output files
...
004 (14526947.007.000) 02/14 21:35:29 Job was evicted.
	(0) CPU times
		Usr 0 00:12:11, Sys 0 00:00:21  -  Run Remote Usage
		Usr 0 00:00:00, Sys 0 00:00:00  -  Run Local Usage
	7559  -  Run Bytes Sent By Job
	37821  -  Run Bytes Received By Job
	Partitionable Resources :    Usage  Request Allocated 
	   Cpus                 :     3.30        1         1 
	   Disk (KB)            :    70          40      3773 
	   GPUs                 :                           0 
	   Memory (MB)          :   256        3000      3000 
	   TimeExecute (s)      :   253                       
	   TimeSlotBusy (s)     :   255                       
...
009 (14526947.007.000) 02/14 21:35:30 Job was aborted.
	via condor_rm (by user driosper)
...
