000 (14526947.009.000) 02/14 21:30:19 Job submitted from host: <188.184.90.62:9618?addrs=188.184.90.62-9618+[2001-1458-201-e4--100-238]-9618&alias=bigbird16.cern.ch&noUDP&sock=schedd_5196_9a2f>
...
040 (14526947.009.000) 02/14 21:31:16 Started transferring input files
	Transferring to host: <188.185.215.93:9618?addrs=188.185.215.93-9618+[2001-1458-303-1e--100-59]-9618&alias=b9p31p1036.cern.ch&noUDP&sock=slot1_11_3986995_686b_83257>
...
040 (14526947.009.000) 02/14 21:31:16 Finished transferring input files
...
001 (14526947.009.000) 02/14 21:31:18 Job executing on host: <188.185.215.93:9618?addrs=188.185.215.93-9618+[2001-1458-303-1e--100-59]-9618&alias=b9p31p1036.cern.ch&noUDP&sock=startd_5642_856d>
	SlotName: slot1_11@b9p31p1036.cern.ch
	CondorScratchDir = "/pool/condor/dir_1618488"
	Cpus = 1
	Disk = 3809
	GPUs = 0
	Memory = 3000
...
006 (14526947.009.000) 02/14 21:31:32 Image size of job updated: 404168
	395  -  MemoryUsage of job (MB)
	404168  -  ResidentSetSize of job (KB)
...
006 (14526947.009.000) 02/14 21:35:29 Image size of job updated: 2316732
	395  -  MemoryUsage of job (MB)
	404224  -  ResidentSetSize of job (KB)
...
040 (14526947.009.000) 02/14 21:35:29 Started transferring output files
...
040 (14526947.009.000) 02/14 21:35:29 Finished transferring output files
...
004 (14526947.009.000) 02/14 21:35:29 Job was evicted.
	(0) CPU times
		Usr 0 00:10:57, Sys 0 00:00:25  -  Run Remote Usage
		Usr 0 00:00:00, Sys 0 00:00:00  -  Run Local Usage
	7352  -  Run Bytes Sent By Job
	37821  -  Run Bytes Received By Job
	Partitionable Resources :    Usage  Request Allocated 
	   Cpus                 :        0        1         1 
	   Disk (KB)            :       70       40      3809 
	   GPUs                 :                           0 
	   Memory (MB)          :      395     3000      3000 
	   TimeExecute (s)      :      252                    
	   TimeSlotBusy (s)     :      254                    
...
009 (14526947.009.000) 02/14 21:35:30 Job was aborted.
	via condor_rm (by user driosper)
...
