000 (14526947.014.000) 02/14 21:30:19 Job submitted from host: <188.184.90.62:9618?addrs=188.184.90.62-9618+[2001-1458-201-e4--100-238]-9618&alias=bigbird16.cern.ch&noUDP&sock=schedd_5196_9a2f>
...
040 (14526947.014.000) 02/14 21:31:18 Started transferring input files
	Transferring to host: <188.185.211.163:9618?addrs=188.185.211.163-9618+[2001-1458-303-17--100-1f]-9618&alias=b9p24p4770.cern.ch&noUDP&sock=slot1_10_1129531_8585_81282>
...
040 (14526947.014.000) 02/14 21:31:18 Finished transferring input files
...
001 (14526947.014.000) 02/14 21:31:19 Job executing on host: <188.185.211.163:9618?addrs=188.185.211.163-9618+[2001-1458-303-17--100-1f]-9618&alias=b9p24p4770.cern.ch&noUDP&sock=startd_1129465_9fa4>
	SlotName: slot1_10@b9p24p4770.cern.ch
	CondorScratchDir = "/pool/condor/dir_3316516"
	Cpus = 1
	Disk = 3771
	GPUs = 0
	Memory = 3000
...
006 (14526947.014.000) 02/14 21:31:33 Image size of job updated: 254784
	249  -  MemoryUsage of job (MB)
	254784  -  ResidentSetSize of job (KB)
...
006 (14526947.014.000) 02/14 21:35:30 Image size of job updated: 2297844
	250  -  MemoryUsage of job (MB)
	255060  -  ResidentSetSize of job (KB)
...
040 (14526947.014.000) 02/14 21:35:30 Started transferring output files
...
040 (14526947.014.000) 02/14 21:35:30 Finished transferring output files
...
004 (14526947.014.000) 02/14 21:35:30 Job was evicted.
	(0) CPU times
		Usr 0 00:10:46, Sys 0 00:00:22  -  Run Remote Usage
		Usr 0 00:00:00, Sys 0 00:00:00  -  Run Local Usage
	7153  -  Run Bytes Sent By Job
	37821  -  Run Bytes Received By Job
	Partitionable Resources :    Usage  Request Allocated 
	   Cpus                 :        0        1         1 
	   Disk (KB)            :       70       40      3771 
	   GPUs                 :                           0 
	   Memory (MB)          :      250     3000      3000 
	   TimeExecute (s)      :      251                    
	   TimeSlotBusy (s)     :      254                    
...
009 (14526947.014.000) 02/14 21:35:30 Job was aborted.
	via condor_rm (by user driosper)
...
