000 (14526947.001.000) 02/14 21:30:19 Job submitted from host: <188.184.90.62:9618?addrs=188.184.90.62-9618+[2001-1458-201-e4--100-238]-9618&alias=bigbird16.cern.ch&noUDP&sock=schedd_5196_9a2f>
...
040 (14526947.001.000) 02/14 21:31:13 Started transferring input files
	Transferring to host: <128.142.192.208:9618?addrs=128.142.192.208-9618+[2001-1458-301-56--100-4c]-9618&alias=b9g18p2076.cern.ch&noUDP&sock=slot1_15_4143_de42_181254>
...
040 (14526947.001.000) 02/14 21:31:13 Finished transferring input files
...
001 (14526947.001.000) 02/14 21:31:14 Job executing on host: <128.142.192.208:9618?addrs=128.142.192.208-9618+[2001-1458-301-56--100-4c]-9618&alias=b9g18p2076.cern.ch&noUDP&sock=startd_3129_cfed>
	SlotName: slot1_15@b9g18p2076.cern.ch
	CondorScratchDir = "/pool/condor/dir_247151"
	Cpus = 1
	Disk = 3777
	GPUs = 0
	Memory = 3000
...
006 (14526947.001.000) 02/14 21:31:28 Image size of job updated: 177800
	174  -  MemoryUsage of job (MB)
	177800  -  ResidentSetSize of job (KB)
...
006 (14526947.001.000) 02/14 21:35:29 Image size of job updated: 2248872
	174  -  MemoryUsage of job (MB)
	177820  -  ResidentSetSize of job (KB)
...
040 (14526947.001.000) 02/14 21:35:29 Started transferring output files
...
040 (14526947.001.000) 02/14 21:35:29 Finished transferring output files
...
004 (14526947.001.000) 02/14 21:35:29 Job was evicted.
	(0) CPU times
		Usr 0 00:12:48, Sys 0 00:00:18  -  Run Remote Usage
		Usr 0 00:00:00, Sys 0 00:00:00  -  Run Local Usage
	7177  -  Run Bytes Sent By Job
	37821  -  Run Bytes Received By Job
	Partitionable Resources :    Usage  Request Allocated 
	   Cpus                 :     0.08        1         1 
	   Disk (KB)            :    70          40      3777 
	   GPUs                 :                           0 
	   Memory (MB)          :   174        3000      3000 
	   TimeExecute (s)      :   255                       
	   TimeSlotBusy (s)     :   257                       
...
009 (14526947.001.000) 02/14 21:35:29 Job was aborted.
	via condor_rm (by user driosper)
...
