000 (14526947.006.000) 02/14 21:30:19 Job submitted from host: <188.184.90.62:9618?addrs=188.184.90.62-9618+[2001-1458-201-e4--100-238]-9618&alias=bigbird16.cern.ch&noUDP&sock=schedd_5196_9a2f>
...
040 (14526947.006.000) 02/14 21:31:15 Started transferring input files
	Transferring to host: <188.185.212.22:9618?addrs=188.185.212.22-9618+[2001-1458-303-18--100-12]-9618&alias=b9p25p1647.cern.ch&noUDP&sock=slot1_18_4722_d379_159346>
...
040 (14526947.006.000) 02/14 21:31:15 Finished transferring input files
...
001 (14526947.006.000) 02/14 21:31:16 Job executing on host: <188.185.212.22:9618?addrs=188.185.212.22-9618+[2001-1458-303-18--100-12]-9618&alias=b9p25p1647.cern.ch&noUDP&sock=startd_3905_156b>
	SlotName: slot1_18@b9p25p1647.cern.ch
	CondorScratchDir = "/pool/condor/dir_2119174"
	Cpus = 1
	Disk = 3818
	GPUs = 0
	Memory = 3000
...
006 (14526947.006.000) 02/14 21:31:30 Image size of job updated: 228684
	224  -  MemoryUsage of job (MB)
	228684  -  ResidentSetSize of job (KB)
...
006 (14526947.006.000) 02/14 21:35:29 Image size of job updated: 2237400
	224  -  MemoryUsage of job (MB)
	228892  -  ResidentSetSize of job (KB)
...
040 (14526947.006.000) 02/14 21:35:29 Started transferring output files
...
040 (14526947.006.000) 02/14 21:35:29 Finished transferring output files
...
004 (14526947.006.000) 02/14 21:35:29 Job was evicted.
	(0) CPU times
		Usr 0 00:10:13, Sys 0 00:00:25  -  Run Remote Usage
		Usr 0 00:00:00, Sys 0 00:00:00  -  Run Local Usage
	7367  -  Run Bytes Sent By Job
	37821  -  Run Bytes Received By Job
	Partitionable Resources :    Usage  Request Allocated 
	   Cpus                 :     2.62        1         1 
	   Disk (KB)            :    70          40      3818 
	   GPUs                 :                           0 
	   Memory (MB)          :   224        3000      3000 
	   TimeExecute (s)      :   253                       
	   TimeSlotBusy (s)     :   255                       
...
009 (14526947.006.000) 02/14 21:35:30 Job was aborted.
	via condor_rm (by user driosper)
...
