000 (14526947.002.000) 02/14 21:30:19 Job submitted from host: <188.184.90.62:9618?addrs=188.184.90.62-9618+[2001-1458-201-e4--100-238]-9618&alias=bigbird16.cern.ch&noUDP&sock=schedd_5196_9a2f>
...
040 (14526947.002.000) 02/14 21:32:00 Started transferring input files
	Transferring to host: <188.185.214.100:9618?addrs=188.185.214.100-9618+[2001-1458-303-1c--100-60]-9618&alias=b9p29p3255.cern.ch&noUDP&sock=slot1_10_1569481_18a8_92851>
...
040 (14526947.002.000) 02/14 21:32:00 Finished transferring input files
...
001 (14526947.002.000) 02/14 21:32:01 Job executing on host: <188.185.214.100:9618?addrs=188.185.214.100-9618+[2001-1458-303-1c--100-60]-9618&alias=b9p29p3255.cern.ch&noUDP&sock=startd_1568930_0f7b>
	SlotName: slot1_10@b9p29p3255.cern.ch
	CondorScratchDir = "/pool/condor/dir_1789289"
	Cpus = 1
	Disk = 3877
	GPUs = 0
	Memory = 3000
...
006 (14526947.002.000) 02/14 21:32:15 Image size of job updated: 614912
	601  -  MemoryUsage of job (MB)
	614912  -  ResidentSetSize of job (KB)
...
006 (14526947.002.000) 02/14 21:35:29 Image size of job updated: 2255176
	601  -  MemoryUsage of job (MB)
	615028  -  ResidentSetSize of job (KB)
...
040 (14526947.002.000) 02/14 21:35:29 Started transferring output files
...
040 (14526947.002.000) 02/14 21:35:29 Finished transferring output files
...
004 (14526947.002.000) 02/14 21:35:29 Job was evicted.
	(0) CPU times
		Usr 0 00:08:10, Sys 0 00:00:13  -  Run Remote Usage
		Usr 0 00:00:00, Sys 0 00:00:00  -  Run Local Usage
	7330  -  Run Bytes Sent By Job
	37821  -  Run Bytes Received By Job
	Partitionable Resources :    Usage  Request Allocated 
	   Cpus                 :        0        1         1 
	   Disk (KB)            :       70       40      3877 
	   GPUs                 :                           0 
	   Memory (MB)          :      601     3000      3000 
	   TimeExecute (s)      :      208                    
	   TimeSlotBusy (s)     :      209                    
...
009 (14526947.002.000) 02/14 21:35:29 Job was aborted.
	via condor_rm (by user driosper)
...
