000 (14526947.008.000) 02/14 21:30:19 Job submitted from host: <188.184.90.62:9618?addrs=188.184.90.62-9618+[2001-1458-201-e4--100-238]-9618&alias=bigbird16.cern.ch&noUDP&sock=schedd_5196_9a2f>
...
040 (14526947.008.000) 02/14 21:31:15 Started transferring input files
	Transferring to host: <188.185.211.176:9618?addrs=188.185.211.176-9618+[2001-1458-303-17--100-2c]-9618&alias=b9p24p9529.cern.ch&noUDP&sock=slot1_31_530865_2aad_81639>
...
040 (14526947.008.000) 02/14 21:31:15 Finished transferring input files
...
001 (14526947.008.000) 02/14 21:31:16 Job executing on host: <188.185.211.176:9618?addrs=188.185.211.176-9618+[2001-1458-303-17--100-2c]-9618&alias=b9p24p9529.cern.ch&noUDP&sock=startd_3746_05dc>
	SlotName: slot1_31@b9p24p9529.cern.ch
	CondorScratchDir = "/pool/condor/dir_3410366"
	Cpus = 1
	Disk = 3768
	GPUs = 0
	Memory = 3000
...
006 (14526947.008.000) 02/14 21:31:30 Image size of job updated: 238532
	233  -  MemoryUsage of job (MB)
	238532  -  ResidentSetSize of job (KB)
...
006 (14526947.008.000) 02/14 21:35:29 Image size of job updated: 2375372
	233  -  MemoryUsage of job (MB)
	238532  -  ResidentSetSize of job (KB)
...
040 (14526947.008.000) 02/14 21:35:29 Started transferring output files
...
040 (14526947.008.000) 02/14 21:35:29 Finished transferring output files
...
004 (14526947.008.000) 02/14 21:35:30 Job was evicted.
	(0) CPU times
		Usr 0 00:11:28, Sys 0 00:00:21  -  Run Remote Usage
		Usr 0 00:00:00, Sys 0 00:00:00  -  Run Local Usage
	7355  -  Run Bytes Sent By Job
	37821  -  Run Bytes Received By Job
	Partitionable Resources :    Usage  Request Allocated 
	   Cpus                 :        0        1         1 
	   Disk (KB)            :       70       40      3768 
	   GPUs                 :                           0 
	   Memory (MB)          :      233     3000      3000 
	   TimeExecute (s)      :      253                    
	   TimeSlotBusy (s)     :      255                    
...
009 (14526947.008.000) 02/14 21:35:30 Job was aborted.
	via condor_rm (by user driosper)
...
