000 (14526947.013.000) 02/14 21:30:19 Job submitted from host: <188.184.90.62:9618?addrs=188.184.90.62-9618+[2001-1458-201-e4--100-238]-9618&alias=bigbird16.cern.ch&noUDP&sock=schedd_5196_9a2f>
...
040 (14526947.013.000) 02/14 21:31:18 Started transferring input files
	Transferring to host: <188.185.213.186:9618?addrs=188.185.213.186-9618+[2001-1458-303-1b--100-36]-9618&alias=b9p28p9859.cern.ch&noUDP&sock=slot1_8_3932_3319_186295>
...
040 (14526947.013.000) 02/14 21:31:18 Finished transferring input files
...
001 (14526947.013.000) 02/14 21:31:19 Job executing on host: <188.185.213.186:9618?addrs=188.185.213.186-9618+[2001-1458-303-1b--100-36]-9618&alias=b9p28p9859.cern.ch&noUDP&sock=startd_3214_1d7a>
	SlotName: slot1_8@b9p28p9859.cern.ch
	CondorScratchDir = "/pool/condor/dir_386593"
	Cpus = 1
	Disk = 3788
	GPUs = 0
	Memory = 3000
...
006 (14526947.013.000) 02/14 21:31:33 Image size of job updated: 226044
	221  -  MemoryUsage of job (MB)
	226044  -  ResidentSetSize of job (KB)
...
006 (14526947.013.000) 02/14 21:35:30 Image size of job updated: 2310404
	221  -  MemoryUsage of job (MB)
	226076  -  ResidentSetSize of job (KB)
...
040 (14526947.013.000) 02/14 21:35:30 Started transferring output files
...
040 (14526947.013.000) 02/14 21:35:30 Finished transferring output files
...
004 (14526947.013.000) 02/14 21:35:30 Job was evicted.
	(0) CPU times
		Usr 0 00:10:04, Sys 0 00:00:28  -  Run Remote Usage
		Usr 0 00:00:00, Sys 0 00:00:00  -  Run Local Usage
	7542  -  Run Bytes Sent By Job
	37821  -  Run Bytes Received By Job
	Partitionable Resources :    Usage  Request Allocated 
	   Cpus                 :        0        1         1 
	   Disk (KB)            :       70       40      3788 
	   GPUs                 :                           0 
	   Memory (MB)          :      221     3000      3000 
	   TimeExecute (s)      :      251                    
	   TimeSlotBusy (s)     :      254                    
...
009 (14526947.013.000) 02/14 21:35:30 Job was aborted.
	via condor_rm (by user driosper)
...
