000 (14793312.001.000) 03/05 15:53:05 Job submitted from host: <188.184.90.62:9618?addrs=188.184.90.62-9618+[2001-1458-201-e4--100-238]-9618&alias=bigbird16.cern.ch&noUDP&sock=schedd_5196_9a2f>
...
040 (14793312.001.000) 03/05 16:27:39 Started transferring input files
	Transferring to host: <188.185.195.82:9618?addrs=188.185.195.82-9618+[2001-1458-303-22--100-4e]-9618&alias=b9p17p8232.cern.ch&noUDP&sock=slot1_42_3253_c85d_7661>
...
040 (14793312.001.000) 03/05 16:27:39 Finished transferring input files
...
001 (14793312.001.000) 03/05 16:27:41 Job executing on host: <188.185.195.82:9618?addrs=188.185.195.82-9618+[2001-1458-303-22--100-4e]-9618&alias=b9p17p8232.cern.ch&noUDP&sock=startd_2962_439c>
	SlotName: slot1_42@b9p17p8232.cern.ch
	CondorScratchDir = "/pool/condor/dir_2202735"
	Cpus = 1
	Disk = 3893
	GPUs = 0
	Memory = 3000
...
006 (14793312.001.000) 03/05 16:27:55 Image size of job updated: 219196
	215  -  MemoryUsage of job (MB)
	219196  -  ResidentSetSize of job (KB)
...
006 (14793312.001.000) 03/05 16:32:56 Image size of job updated: 1499776
	1409  -  MemoryUsage of job (MB)
	1442060  -  ResidentSetSize of job (KB)
...
006 (14793312.001.000) 03/05 16:37:57 Image size of job updated: 1584124
	1475  -  MemoryUsage of job (MB)
	1509924  -  ResidentSetSize of job (KB)
...
006 (14793312.001.000) 03/05 16:42:57 Image size of job updated: 1663180
	1587  -  MemoryUsage of job (MB)
	1624932  -  ResidentSetSize of job (KB)
...
006 (14793312.001.000) 03/05 16:47:58 Image size of job updated: 1676628
	1634  -  MemoryUsage of job (MB)
	1672816  -  ResidentSetSize of job (KB)
...
006 (14793312.001.000) 03/05 16:51:52 Image size of job updated: 1697016
	1634  -  MemoryUsage of job (MB)
	1672816  -  ResidentSetSize of job (KB)
...
040 (14793312.001.000) 03/05 16:51:52 Started transferring output files
...
040 (14793312.001.000) 03/05 16:51:52 Finished transferring output files
...
005 (14793312.001.000) 03/05 16:51:52 Job terminated.
	(1) Normal termination (return value 0)
		Usr 0 00:55:44, Sys 0 00:00:36  -  Run Remote Usage
		Usr 0 00:00:00, Sys 0 00:00:00  -  Run Local Usage
		Usr 0 00:55:44, Sys 0 00:00:36  -  Total Remote Usage
		Usr 0 00:00:00, Sys 0 00:00:00  -  Total Local Usage
	18428  -  Run Bytes Sent By Job
	20816  -  Run Bytes Received By Job
	18428  -  Total Bytes Sent By Job
	20816  -  Total Bytes Received By Job
	Partitionable Resources :    Usage  Request Allocated 
	   Cpus                 :     2.62        1         1 
	   Disk (KB)            :    64          25      3893 
	   GPUs                 :                           0 
	   Memory (MB)          :  1634        3000      3000 
	   TimeExecute (s)      :  1452                       
	   TimeSlotBusy (s)     :  1454                       

	Job terminated of its own accord at 2026-03-05T15:51:52Z with exit-code 0.
...
