subject   : /DC=ch/DC=cern/OU=Organic Units/OU=Users/CN=driosper/CN=886669/CN=Diego Alejandro Rios Perez/CN=2603696693
issuer    : /DC=ch/DC=cern/OU=Organic Units/OU=Users/CN=driosper/CN=886669/CN=Diego Alejandro Rios Perez
identity  : /DC=ch/DC=cern/OU=Organic Units/OU=Users/CN=driosper/CN=886669/CN=Diego Alejandro Rios Perez
type      : RFC compliant proxy
strength  : 2048 bits
path      : /afs/cern.ch/user/d/driosper/private/x509up_u182284
timeleft  : 10:07:55
key usage : Digital Signature, Key Encipherment
=== VO cms extension information ===
VO        : cms
subject   : /DC=ch/DC=cern/OU=Organic Units/OU=Users/CN=driosper/CN=886669/CN=Diego Alejandro Rios Perez
issuer    : /DC=ch/DC=cern/OU=computers/CN=cms-auth.cern.ch
attribute : /cms/Role=NULL/Capability=NULL
timeleft  : 10:07:55
uri       : voms-cms-auth.cern.ch:15000
--workflow qcd_tf_mu --year 2022preEE --output_path /eos/user/d/driosper/bsm3g_coffea/outputs/qcd_tf_mu/2022preEE/MuonC --output_format coffea --dataset MuonC_7 --partition_json /srv/partition_fileset.json
  Preprocessing 100% ━━━━━━━━━━━━━━━━ 10/10 [ 0:00:17 < 0:00:00 | 0.6   file/s ]
Merging (local) 100% ━━━━━━━━━━━━━━━━ 10/10 [ 0:00:17 < 0:00:00 | ?   merges/s ]
     Processing 100% ━━━━━━━━━━━━━━ 116/116 [ 0:23:37 < 0:00:00 | 0.1  chunk/s ]
Merging (local) 100% ━━━━━━━━━━━━━━ 116/116 [ 0:23:37 < 0:00:00 | ?   merges/s ]
There are 43879 events with muon pt outside of [26,200] GeV. Setting those entries to their initial value.
There are 55472 events with muon pt outside of [26,200] GeV. Setting those entries to their initial value.
There are 58458 events with muon pt outside of [26,200] GeV. Setting those entries to their initial value.
There are 55687 events with muon pt outside of [26,200] GeV. Setting those entries to their initial value.
There are 50414 events with muon pt outside of [26,200] GeV. Setting those entries to their initial value.
There are 50070 events with muon pt outside of [26,200] GeV. Setting those entries to their initial value.
There are 54169 events with muon pt outside of [26,200] GeV. Setting those entries to their initial value.
There are 51698 events with muon pt outside of [26,200] GeV. Setting those entries to their initial value.
There are 52982 events with muon pt outside of [26,200] GeV. Setting those entries to their initial value.
There are 52771 events with muon pt outside of [26,200] GeV. Setting those entries to their initial value.
There are 52081 events with muon pt outside of [26,200] GeV. Setting those entries to their initial value.
There are 55494 events with muon pt outside of [26,200] GeV. Setting those entries to their initial value.
There are 46107 events with muon pt outside of [26,200] GeV. Setting those entries to their initial value.
There are 57573 events with muon pt outside of [26,200] GeV. Setting those entries to their initial value.
There are 45070 events with muon pt outside of [26,200] GeV. Setting those entries to their initial value.
There are 51831 events with muon pt outside of [26,200] GeV. Setting those entries to their initial value.
There are 52388 events with muon pt outside of [26,200] GeV. Setting those entries to their initial value.
There are 61348 events with muon pt outside of [26,200] GeV. Setting those entries to their initial value.
There are 42367 events with muon pt outside of [26,200] GeV. Setting those entries to their initial value.
There are 53550 events with muon pt outside of [26,200] GeV. Setting those entries to their initial value.
There are 57734 events with muon pt outside of [26,200] GeV. Setting those entries to their initial value.
There are 56784 events with muon pt outside of [26,200] GeV. Setting those entries to their initial value.
There are 54541 events with muon pt outside of [26,200] GeV. Setting those entries to their initial value.
There are 50574 events with muon pt outside of [26,200] GeV. Setting those entries to their initial value.
There are 52310 events with muon pt outside of [26,200] GeV. Setting those entries to their initial value.
There are 55153 events with muon pt outside of [26,200] GeV. Setting those entries to their initial value.
There are 57613 events with muon pt outside of [26,200] GeV. Setting those entries to their initial value.
There are 45021 events with muon pt outside of [26,200] GeV. Setting those entries to their initial value.
There are 56246 events with muon pt outside of [26,200] GeV. Setting those entries to their initial value.
There are 53927 events with muon pt outside of [26,200] GeV. Setting those entries to their initial value.
There are 47894 events with muon pt outside of [26,200] GeV. Setting those entries to their initial value.
There are 50840 events with muon pt outside of [26,200] GeV. Setting those entries to their initial value.
There are 58600 events with muon pt outside of [26,200] GeV. Setting those entries to their initial value.
There are 50027 events with muon pt outside of [26,200] GeV. Setting those entries to their initial value.
There are 52732 events with muon pt outside of [26,200] GeV. Setting those entries to their initial value.
There are 54693 events with muon pt outside of [26,200] GeV. Setting those entries to their initial value.
There are 48752 events with muon pt outside of [26,200] GeV. Setting those entries to their initial value.
There are 52109 events with muon pt outside of [26,200] GeV. Setting those entries to their initial value.
There are 58554 events with muon pt outside of [26,200] GeV. Setting those entries to their initial value.
There are 53942 events with muon pt outside of [26,200] GeV. Setting those entries to their initial value.
There are 52890 events with muon pt outside of [26,200] GeV. Setting those entries to their initial value.
There are 45314 events with muon pt outside of [26,200] GeV. Setting those entries to their initial value.
There are 56900 events with muon pt outside of [26,200] GeV. Setting those entries to their initial value.
There are 56216 events with muon pt outside of [26,200] GeV. Setting those entries to their initial value.
There are 50516 events with muon pt outside of [26,200] GeV. Setting those entries to their initial value.
There are 54130 events with muon pt outside of [26,200] GeV. Setting those entries to their initial value.
There are 59489 events with muon pt outside of [26,200] GeV. Setting those entries to their initial value.
There are 58433 events with muon pt outside of [26,200] GeV. Setting those entries to their initial value.
There are 47932 events with muon pt outside of [26,200] GeV. Setting those entries to their initial value.
There are 50827 events with muon pt outside of [26,200] GeV. Setting those entries to their initial value.
There are 48668 events with muon pt outside of [26,200] GeV. Setting those entries to their initial value.
There are 59033 events with muon pt outside of [26,200] GeV. Setting those entries to their initial value.
There are 44816 events with muon pt outside of [26,200] GeV. Setting those entries to their initial value.
There are 52387 events with muon pt outside of [26,200] GeV. Setting those entries to their initial value.
There are 57170 events with muon pt outside of [26,200] GeV. Setting those entries to their initial value.
There are 51206 events with muon pt outside of [26,200] GeV. Setting those entries to their initial value.
There are 50262 events with muon pt outside of [26,200] GeV. Setting those entries to their initial value.
There are 49870 events with muon pt outside of [26,200] GeV. Setting those entries to their initial value.
There are 54556 events with muon pt outside of [26,200] GeV. Setting those entries to their initial value.
There are 53227 events with muon pt outside of [26,200] GeV. Setting those entries to their initial value.
There are 43913 events with muon pt outside of [26,200] GeV. Setting those entries to their initial value.
There are 52335 events with muon pt outside of [26,200] GeV. Setting those entries to their initial value.
There are 55538 events with muon pt outside of [26,200] GeV. Setting those entries to their initial value.
There are 50995 events with muon pt outside of [26,200] GeV. Setting those entries to their initial value.
There are 45493 events with muon pt outside of [26,200] GeV. Setting those entries to their initial value.
There are 55080 events with muon pt outside of [26,200] GeV. Setting those entries to their initial value.
There are 51881 events with muon pt outside of [26,200] GeV. Setting those entries to their initial value.
There are 50975 events with muon pt outside of [26,200] GeV. Setting those entries to their initial value.
There are 48339 events with muon pt outside of [26,200] GeV. Setting those entries to their initial value.
There are 45623 events with muon pt outside of [26,200] GeV. Setting those entries to their initial value.
There are 53159 events with muon pt outside of [26,200] GeV. Setting those entries to their initial value.
There are 60582 events with muon pt outside of [26,200] GeV. Setting those entries to their initial value.
There are 46181 events with muon pt outside of [26,200] GeV. Setting those entries to their initial value.
There are 48768 events with muon pt outside of [26,200] GeV. Setting those entries to their initial value.
There are 55838 events with muon pt outside of [26,200] GeV. Setting those entries to their initial value.
There are 61679 events with muon pt outside of [26,200] GeV. Setting those entries to their initial value.
There are 41449 events with muon pt outside of [26,200] GeV. Setting those entries to their initial value.
There are 51222 events with muon pt outside of [26,200] GeV. Setting those entries to their initial value.
There are 52206 events with muon pt outside of [26,200] GeV. Setting those entries to their initial value.
There are 56975 events with muon pt outside of [26,200] GeV. Setting those entries to their initial value.
There are 57389 events with muon pt outside of [26,200] GeV. Setting those entries to their initial value.
There are 53327 events with muon pt outside of [26,200] GeV. Setting those entries to their initial value.
There are 55952 events with muon pt outside of [26,200] GeV. Setting those entries to their initial value.
There are 55886 events with muon pt outside of [26,200] GeV. Setting those entries to their initial value.
There are 55101 events with muon pt outside of [26,200] GeV. Setting those entries to their initial value.
There are 52501 events with muon pt outside of [26,200] GeV. Setting those entries to their initial value.
There are 58709 events with muon pt outside of [26,200] GeV. Setting those entries to their initial value.
There are 48949 events with muon pt outside of [26,200] GeV. Setting those entries to their initial value.
There are 44038 events with muon pt outside of [26,200] GeV. Setting those entries to their initial value.
There are 57333 events with muon pt outside of [26,200] GeV. Setting those entries to their initial value.
There are 57692 events with muon pt outside of [26,200] GeV. Setting those entries to their initial value.
There are 43960 events with muon pt outside of [26,200] GeV. Setting those entries to their initial value.
There are 50811 events with muon pt outside of [26,200] GeV. Setting those entries to their initial value.
There are 57442 events with muon pt outside of [26,200] GeV. Setting those entries to their initial value.
There are 43682 events with muon pt outside of [26,200] GeV. Setting those entries to their initial value.
There are 52952 events with muon pt outside of [26,200] GeV. Setting those entries to their initial value.
There are 52145 events with muon pt outside of [26,200] GeV. Setting those entries to their initial value.
There are 48606 events with muon pt outside of [26,200] GeV. Setting those entries to their initial value.
There are 47111 events with muon pt outside of [26,200] GeV. Setting those entries to their initial value.
There are 56305 events with muon pt outside of [26,200] GeV. Setting those entries to their initial value.
There are 42909 events with muon pt outside of [26,200] GeV. Setting those entries to their initial value.
There are 53846 events with muon pt outside of [26,200] GeV. Setting those entries to their initial value.
There are 48769 events with muon pt outside of [26,200] GeV. Setting those entries to their initial value.
There are 56947 events with muon pt outside of [26,200] GeV. Setting those entries to their initial value.
There are 57133 events with muon pt outside of [26,200] GeV. Setting those entries to their initial value.
There are 52731 events with muon pt outside of [26,200] GeV. Setting those entries to their initial value.
There are 49218 events with muon pt outside of [26,200] GeV. Setting those entries to their initial value.
There are 46335 events with muon pt outside of [26,200] GeV. Setting those entries to their initial value.
There are 57808 events with muon pt outside of [26,200] GeV. Setting those entries to their initial value.
There are 45479 events with muon pt outside of [26,200] GeV. Setting those entries to their initial value.
There are 51079 events with muon pt outside of [26,200] GeV. Setting those entries to their initial value.
There are 52756 events with muon pt outside of [26,200] GeV. Setting those entries to their initial value.
There are 56210 events with muon pt outside of [26,200] GeV. Setting those entries to their initial value.
There are 53401 events with muon pt outside of [26,200] GeV. Setting those entries to their initial value.
There are 53761 events with muon pt outside of [26,200] GeV. Setting those entries to their initial value.
There are 57385 events with muon pt outside of [26,200] GeV. Setting those entries to their initial value.
