000 (14793312.000.000) 03/05 15:53:05 Job submitted from host: <188.184.90.62:9618?addrs=188.184.90.62-9618+[2001-1458-201-e4--100-238]-9618&alias=bigbird16.cern.ch&noUDP&sock=schedd_5196_9a2f>
...
040 (14793312.000.000) 03/05 16:27:01 Started transferring input files
	Transferring to host: <188.185.208.22:9618?addrs=188.185.208.22-9618+[2001-1458-303-f--100-13]-9618&alias=b9p09p3120.cern.ch&noUDP&sock=slot1_17_6314_88ba_156434>
...
001 (14793312.000.000) 03/05 16:27:03 Job executing on host: <188.185.208.22:9618?addrs=188.185.208.22-9618+[2001-1458-303-f--100-13]-9618&alias=b9p09p3120.cern.ch&noUDP&sock=startd_5483_75de>
	SlotName: slot1_17@b9p09p3120.cern.ch
	CondorScratchDir = "/pool/condor/dir_2696356"
	Cpus = 1
	Disk = 3786
	GPUs = 0
	Memory = 3000
...
040 (14793312.000.000) 03/05 16:27:03 Finished transferring input files
...
006 (14793312.000.000) 03/05 16:27:17 Image size of job updated: 235184
	230  -  MemoryUsage of job (MB)
	235184  -  ResidentSetSize of job (KB)
...
006 (14793312.000.000) 03/05 16:27:29 Image size of job updated: 529300
	230  -  MemoryUsage of job (MB)
	235184  -  ResidentSetSize of job (KB)
...
040 (14793312.000.000) 03/05 16:27:29 Started transferring output files
...
040 (14793312.000.000) 03/05 16:27:29 Finished transferring output files
...
005 (14793312.000.000) 03/05 16:27:30 Job terminated.
	(1) Normal termination (return value 1)
		Usr 0 00:00:26, Sys 0 00:00:02  -  Run Remote Usage
		Usr 0 00:00:00, Sys 0 00:00:00  -  Run Local Usage
		Usr 0 00:00:26, Sys 0 00:00:02  -  Total Remote Usage
		Usr 0 00:00:00, Sys 0 00:00:00  -  Total Local Usage
	12999  -  Run Bytes Sent By Job
	20816  -  Run Bytes Received By Job
	12999  -  Total Bytes Sent By Job
	20816  -  Total Bytes Received By Job
	Partitionable Resources :    Usage  Request Allocated 
	   Cpus                 :        0        1         1 
	   Disk (KB)            :       62       25      3786 
	   GPUs                 :                           0 
	   Memory (MB)          :      230     3000      3000 
	   TimeExecute (s)      :       26                    
	   TimeSlotBusy (s)     :       29                    

	Job terminated of its own accord at 2026-03-05T15:27:29Z with exit-code 1.
...
