000 (14788606.001.000) 03/03 04:17:58 Job submitted from host: <188.184.90.62:9618?addrs=188.184.90.62-9618+[2001-1458-201-e4--100-238]-9618&alias=bigbird16.cern.ch&noUDP&sock=schedd_5196_9a2f>
...
040 (14788606.001.000) 03/03 04:18:49 Started transferring input files
	Transferring to host: <188.185.206.199:9618?addrs=188.185.206.199-9618+[2001-1458-303-c--100-44]-9618&alias=b9p06p5438.cern.ch&noUDP&sock=slot1_13_4075_f4bf_153688>
...
040 (14788606.001.000) 03/03 04:18:49 Finished transferring input files
...
001 (14788606.001.000) 03/03 04:18:51 Job executing on host: <188.185.206.199:9618?addrs=188.185.206.199-9618+[2001-1458-303-c--100-44]-9618&alias=b9p06p5438.cern.ch&noUDP&sock=startd_3623_a7b6>
	SlotName: slot1_13@b9p06p5438.cern.ch
	CondorScratchDir = "/pool/condor/dir_2924036"
	Cpus = 1
	Disk = 3709
	GPUs = 0
	Memory = 3000
...
006 (14788606.001.000) 03/03 04:19:04 Image size of job updated: 535748
	524  -  MemoryUsage of job (MB)
	535748  -  ResidentSetSize of job (KB)
...
006 (14788606.001.000) 03/03 04:22:04 Image size of job updated: 3224884
	524  -  MemoryUsage of job (MB)
	535924  -  ResidentSetSize of job (KB)
...
040 (14788606.001.000) 03/03 04:22:04 Started transferring output files
...
040 (14788606.001.000) 03/03 04:22:04 Finished transferring output files
...
005 (14788606.001.000) 03/03 04:22:04 Job terminated.
	(1) Normal termination (return value 1)
		Usr 0 00:07:15, Sys 0 00:00:13  -  Run Remote Usage
		Usr 0 00:00:00, Sys 0 00:00:00  -  Run Local Usage
		Usr 0 00:07:15, Sys 0 00:00:13  -  Total Remote Usage
		Usr 0 00:00:00, Sys 0 00:00:00  -  Total Local Usage
	23839  -  Run Bytes Sent By Job
	11485  -  Run Bytes Received By Job
	23839  -  Total Bytes Sent By Job
	11485  -  Total Bytes Received By Job
	Partitionable Resources :    Usage  Request Allocated 
	   Cpus                 :        0        1         1 
	   Disk (KB)            :       63       15      3709 
	   GPUs                 :                           0 
	   Memory (MB)          :      524     3000      3000 
	   TimeExecute (s)      :      193                    
	   TimeSlotBusy (s)     :      196                    

	Job terminated of its own accord at 2026-03-03T03:22:04Z with exit-code 1.
...
