subject   : /DC=ch/DC=cern/OU=Organic Units/OU=Users/CN=driosper/CN=886669/CN=Diego Alejandro Rios Perez/CN=2735051137
issuer    : /DC=ch/DC=cern/OU=Organic Units/OU=Users/CN=driosper/CN=886669/CN=Diego Alejandro Rios Perez
identity  : /DC=ch/DC=cern/OU=Organic Units/OU=Users/CN=driosper/CN=886669/CN=Diego Alejandro Rios Perez
type      : RFC compliant proxy
strength  : 2048 bits
path      : /afs/cern.ch/user/d/driosper/private/x509up_u182284
timeleft  : 5:18:42
key usage : Digital Signature, Key Encipherment
=== VO cms extension information ===
VO        : cms
subject   : /DC=ch/DC=cern/OU=Organic Units/OU=Users/CN=driosper/CN=886669/CN=Diego Alejandro Rios Perez
issuer    : /DC=ch/DC=cern/OU=computers/CN=cms-auth.cern.ch
attribute : /cms/Role=NULL/Capability=NULL
timeleft  : 5:18:42
uri       : voms-cms-auth.cern.ch:15000
--workflow 2b1mu --year 2022preEE --output_path /eos/user/d/driosper/bsm3g_coffea/outputs/2b1mu/2022preEE/WZ --output_format coffea --dataset WZ_3 --partition_json /srv/partition_fileset.json
  Preprocessing 100% ━━━━━━━━━━━━━━━━━━ 9/9 [ 0:00:18 < 0:00:00 | 0.5   file/s ]
Merging (local) 100% ━━━━━━━━━━━━━━━━━━ 9/9 [ 0:00:18 < 0:00:00 | ?   merges/s ]
     Processing   9% ━╸                  1/11 [ 0:00:45 < -:--:-- | ?  chunk/s ]
Merging (local)   0% ━━━━━━━━━━━━━━━━━━━  0/0 [ 0:00:02 < 0:00:00 | ? merges/s ]
There are 26655 events with muon pt outside of [26,200] GeV. Setting those entries to their initial value.
There are 26658 events with muon pt outside of [26,200] GeV. Setting those entries to their initial value.
There are 126 nan entries in the corrected pt. This might be due to the number of tracker layers hitting boundaries. Setting those entries to their initial value.
No LHEPdf Weights in dataset, skiping PDF/AlphaS systematic Weight
There are 19192 events with muon pt outside of [26,200] GeV. Setting those entries to their initial value.
There are 19192 events with muon pt outside of [26,200] GeV. Setting those entries to their initial value.
There are 95 nan entries in the corrected pt. This might be due to the number of tracker layers hitting boundaries. Setting those entries to their initial value.
No LHEPdf Weights in dataset, skiping PDF/AlphaS systematic Weight
There are 8029 events with muon pt outside of [26,200] GeV. Setting those entries to their initial value.
There are 8029 events with muon pt outside of [26,200] GeV. Setting those entries to their initial value.
There are 54 nan entries in the corrected pt. This might be due to the number of tracker layers hitting boundaries. Setting those entries to their initial value.
No LHEPdf Weights in dataset, skiping PDF/AlphaS systematic Weight
There are 301 events with muon pt outside of [26,200] GeV. Setting those entries to their initial value.
There are 301 events with muon pt outside of [26,200] GeV. Setting those entries to their initial value.
There are 3 nan entries in the corrected pt. This might be due to the number of tracker layers hitting boundaries. Setting those entries to their initial value.
There are 16847 events with muon pt outside of [26,200] GeV. Setting those entries to their initial value.
There are 16847 events with muon pt outside of [26,200] GeV. Setting those entries to their initial value.
There are 83 nan entries in the corrected pt. This might be due to the number of tracker layers hitting boundaries. Setting those entries to their initial value.
No LHEPdf Weights in dataset, skiping PDF/AlphaS systematic Weight
There are 5574 events with muon pt outside of [26,200] GeV. Setting those entries to their initial value.
There are 5574 events with muon pt outside of [26,200] GeV. Setting those entries to their initial value.
There are 33 nan entries in the corrected pt. This might be due to the number of tracker layers hitting boundaries. Setting those entries to their initial value.
No LHEPdf Weights in dataset, skiping PDF/AlphaS systematic Weight
There are 19158 events with muon pt outside of [26,200] GeV. Setting those entries to their initial value.
There are 19159 events with muon pt outside of [26,200] GeV. Setting those entries to their initial value.
There are 122 nan entries in the corrected pt. This might be due to the number of tracker layers hitting boundaries. Setting those entries to their initial value.
No LHEPdf Weights in dataset, skiping PDF/AlphaS systematic Weight
There are 13423 events with muon pt outside of [26,200] GeV. Setting those entries to their initial value.
There are 13423 events with muon pt outside of [26,200] GeV. Setting those entries to their initial value.
There are 87 nan entries in the corrected pt. This might be due to the number of tracker layers hitting boundaries. Setting those entries to their initial value.
No LHEPdf Weights in dataset, skiping PDF/AlphaS systematic Weight
There are 14162 events with muon pt outside of [26,200] GeV. Setting those entries to their initial value.
There are 14163 events with muon pt outside of [26,200] GeV. Setting those entries to their initial value.
There are 80 nan entries in the corrected pt. This might be due to the number of tracker layers hitting boundaries. Setting those entries to their initial value.
No LHEPdf Weights in dataset, skiping PDF/AlphaS systematic Weight
There are 2176 events with muon pt outside of [26,200] GeV. Setting those entries to their initial value.
There are 2176 events with muon pt outside of [26,200] GeV. Setting those entries to their initial value.
There are 9 nan entries in the corrected pt. This might be due to the number of tracker layers hitting boundaries. Setting those entries to their initial value.
No LHEPdf Weights in dataset, skiping PDF/AlphaS systematic Weight
There are 16962 events with muon pt outside of [26,200] GeV. Setting those entries to their initial value.
There are 16963 events with muon pt outside of [26,200] GeV. Setting those entries to their initial value.
There are 103 nan entries in the corrected pt. This might be due to the number of tracker layers hitting boundaries. Setting those entries to their initial value.
No LHEPdf Weights in dataset, skiping PDF/AlphaS systematic Weight
