000 (14737669.011.000) 02/25 20:32:32 Job submitted from host: <188.184.90.62:9618?addrs=188.184.90.62-9618+[2001-1458-201-e4--100-238]-9618&alias=bigbird16.cern.ch&noUDP&sock=schedd_5196_9a2f>
...
040 (14737669.011.000) 02/25 20:36:13 Started transferring input files
	Transferring to host: <188.185.208.153:9618?addrs=188.185.208.153-9618+[2001-1458-303-10--100-16]-9618&alias=b9p10p5024.cern.ch&noUDP&sock=slot1_14_1215722_e0d6_35128>
...
040 (14737669.011.000) 02/25 20:36:13 Finished transferring input files
...
001 (14737669.011.000) 02/25 20:36:14 Job executing on host: <188.185.208.153:9618?addrs=188.185.208.153-9618+[2001-1458-303-10--100-16]-9618&alias=b9p10p5024.cern.ch&noUDP&sock=startd_9152_16d8>
	SlotName: slot1_14@b9p10p5024.cern.ch
	CondorScratchDir = "/pool/condor/dir_1132685"
	Cpus = 1
	Disk = 3674
	GPUs = 0
	Memory = 3000
...
006 (14737669.011.000) 02/25 20:36:28 Image size of job updated: 525392
	514  -  MemoryUsage of job (MB)
	525392  -  ResidentSetSize of job (KB)
...
006 (14737669.011.000) 02/25 20:41:24 Image size of job updated: 1365384
	514  -  MemoryUsage of job (MB)
	525536  -  ResidentSetSize of job (KB)
...
040 (14737669.011.000) 02/25 20:41:27 Started transferring output files
...
040 (14737669.011.000) 02/25 20:41:30 Finished transferring output files
...
005 (14737669.011.000) 02/25 20:41:35 Job terminated.
	(1) Normal termination (return value 0)
		Usr 0 00:11:13, Sys 0 00:00:19  -  Run Remote Usage
		Usr 0 00:00:00, Sys 0 00:00:00  -  Run Local Usage
		Usr 0 00:11:13, Sys 0 00:00:19  -  Total Remote Usage
		Usr 0 00:00:00, Sys 0 00:00:00  -  Total Local Usage
	29338  -  Run Bytes Sent By Job
	36997  -  Run Bytes Received By Job
	29338  -  Total Bytes Sent By Job
	36997  -  Total Bytes Received By Job
	Partitionable Resources :    Usage  Request Allocated 
	   Cpus                 :     2.42        1         1 
	   Disk (KB)            :    95          40      3674 
	   GPUs                 :                           0 
	   Memory (MB)          :   514        3000      3000 
	   TimeExecute (s)      :   310                       
	   TimeSlotBusy (s)     :   319                       

	Job terminated of its own accord at 2026-02-25T19:41:24Z with exit-code 0.
...
