subject   : /DC=ch/DC=cern/OU=Organic Units/OU=Users/CN=driosper/CN=886669/CN=Diego Alejandro Rios Perez/CN=1573519443
issuer    : /DC=ch/DC=cern/OU=Organic Units/OU=Users/CN=driosper/CN=886669/CN=Diego Alejandro Rios Perez
identity  : /DC=ch/DC=cern/OU=Organic Units/OU=Users/CN=driosper/CN=886669/CN=Diego Alejandro Rios Perez
type      : RFC compliant proxy
strength  : 2048 bits
path      : /afs/cern.ch/user/d/driosper/private/x509up_u182284
timeleft  : 11:49:55
key usage : Digital Signature, Key Encipherment
=== VO cms extension information ===
VO        : cms
subject   : /DC=ch/DC=cern/OU=Organic Units/OU=Users/CN=driosper/CN=886669/CN=Diego Alejandro Rios Perez
issuer    : /DC=ch/DC=cern/OU=computers/CN=cms-auth.cern.ch
attribute : /cms/Role=NULL/Capability=NULL
timeleft  : 11:49:55
uri       : voms-cms-auth.cern.ch:15000
--workflow ztoee --year 2022preEE --output_path /eos/user/d/driosper/bsm3g_coffea/outputs/ztoee/2022preEE/DYJetsToLL_inclusive_10to50 --output_format coffea --dataset DYJetsToLL_inclusive_10to50_11 --partition_json /srv/partition_fileset.json
  Preprocessing 100% ━━━━━━━━━━━━━━━━ 10/10 [ 0:00:11 < 0:00:00 | 1.0   file/s ]
Merging (local) 100% ━━━━━━━━━━━━━━━━ 10/10 [ 0:00:11 < 0:00:00 | ?   merges/s ]
     Processing 100% ━━━━━━━━━━━━━━━━ 32/32 [ 0:02:49 < 0:00:00 | 0.2  chunk/s ]
Merging (local) 100% ━━━━━━━━━━━━━━━━ 32/32 [ 0:02:49 < 0:00:00 | ?   merges/s ]
There are 26639 events with muon pt outside of [26,200] GeV. Setting those entries to their initial value.
There are 26639 events with muon pt outside of [26,200] GeV. Setting those entries to their initial value.
There are 78 nan entries in the corrected pt. This might be due to the number of tracker layers hitting boundaries. Setting those entries to their initial value.
There are 18924 events with muon pt outside of [26,200] GeV. Setting those entries to their initial value.
There are 26277 events with muon pt outside of [26,200] GeV. Setting those entries to their initial value.
There are 26277 events with muon pt outside of [26,200] GeV. Setting those entries to their initial value.
There are 79 nan entries in the corrected pt. This might be due to the number of tracker layers hitting boundaries. Setting those entries to their initial value.
There are 18895 events with muon pt outside of [26,200] GeV. Setting those entries to their initial value.
There are 25777 events with muon pt outside of [26,200] GeV. Setting those entries to their initial value.
There are 25778 events with muon pt outside of [26,200] GeV. Setting those entries to their initial value.
There are 73 nan entries in the corrected pt. This might be due to the number of tracker layers hitting boundaries. Setting those entries to their initial value.
There are 18127 events with muon pt outside of [26,200] GeV. Setting those entries to their initial value.
There are 26047 events with muon pt outside of [26,200] GeV. Setting those entries to their initial value.
There are 26047 events with muon pt outside of [26,200] GeV. Setting those entries to their initial value.
There are 77 nan entries in the corrected pt. This might be due to the number of tracker layers hitting boundaries. Setting those entries to their initial value.
There are 18339 events with muon pt outside of [26,200] GeV. Setting those entries to their initial value.
There are 25594 events with muon pt outside of [26,200] GeV. Setting those entries to their initial value.
There are 25594 events with muon pt outside of [26,200] GeV. Setting those entries to their initial value.
There are 85 nan entries in the corrected pt. This might be due to the number of tracker layers hitting boundaries. Setting those entries to their initial value.
There are 18304 events with muon pt outside of [26,200] GeV. Setting those entries to their initial value.
There are 26774 events with muon pt outside of [26,200] GeV. Setting those entries to their initial value.
There are 26774 events with muon pt outside of [26,200] GeV. Setting those entries to their initial value.
There are 96 nan entries in the corrected pt. This might be due to the number of tracker layers hitting boundaries. Setting those entries to their initial value.
There are 19158 events with muon pt outside of [26,200] GeV. Setting those entries to their initial value.
There are 26968 events with muon pt outside of [26,200] GeV. Setting those entries to their initial value.
There are 26969 events with muon pt outside of [26,200] GeV. Setting those entries to their initial value.
There are 76 nan entries in the corrected pt. This might be due to the number of tracker layers hitting boundaries. Setting those entries to their initial value.
There are 19124 events with muon pt outside of [26,200] GeV. Setting those entries to their initial value.
There are 26643 events with muon pt outside of [26,200] GeV. Setting those entries to their initial value.
There are 26643 events with muon pt outside of [26,200] GeV. Setting those entries to their initial value.
There are 89 nan entries in the corrected pt. This might be due to the number of tracker layers hitting boundaries. Setting those entries to their initial value.
There are 19248 events with muon pt outside of [26,200] GeV. Setting those entries to their initial value.
There are 26627 events with muon pt outside of [26,200] GeV. Setting those entries to their initial value.
There are 26627 events with muon pt outside of [26,200] GeV. Setting those entries to their initial value.
There are 96 nan entries in the corrected pt. This might be due to the number of tracker layers hitting boundaries. Setting those entries to their initial value.
There are 19021 events with muon pt outside of [26,200] GeV. Setting those entries to their initial value.
There are 26479 events with muon pt outside of [26,200] GeV. Setting those entries to their initial value.
There are 26480 events with muon pt outside of [26,200] GeV. Setting those entries to their initial value.
There are 82 nan entries in the corrected pt. This might be due to the number of tracker layers hitting boundaries. Setting those entries to their initial value.
There are 19138 events with muon pt outside of [26,200] GeV. Setting those entries to their initial value.
There are 25486 events with muon pt outside of [26,200] GeV. Setting those entries to their initial value.
There are 25486 events with muon pt outside of [26,200] GeV. Setting those entries to their initial value.
There are 70 nan entries in the corrected pt. This might be due to the number of tracker layers hitting boundaries. Setting those entries to their initial value.
There are 18589 events with muon pt outside of [26,200] GeV. Setting those entries to their initial value.
There are 25433 events with muon pt outside of [26,200] GeV. Setting those entries to their initial value.
There are 25434 events with muon pt outside of [26,200] GeV. Setting those entries to their initial value.
There are 71 nan entries in the corrected pt. This might be due to the number of tracker layers hitting boundaries. Setting those entries to their initial value.
There are 18316 events with muon pt outside of [26,200] GeV. Setting those entries to their initial value.
There are 25772 events with muon pt outside of [26,200] GeV. Setting those entries to their initial value.
There are 25773 events with muon pt outside of [26,200] GeV. Setting those entries to their initial value.
There are 78 nan entries in the corrected pt. This might be due to the number of tracker layers hitting boundaries. Setting those entries to their initial value.
There are 18553 events with muon pt outside of [26,200] GeV. Setting those entries to their initial value.
There are 8220 events with muon pt outside of [26,200] GeV. Setting those entries to their initial value.
There are 8220 events with muon pt outside of [26,200] GeV. Setting those entries to their initial value.
There are 33 nan entries in the corrected pt. This might be due to the number of tracker layers hitting boundaries. Setting those entries to their initial value.
There are 5835 events with muon pt outside of [26,200] GeV. Setting those entries to their initial value.
There are 26888 events with muon pt outside of [26,200] GeV. Setting those entries to their initial value.
There are 26888 events with muon pt outside of [26,200] GeV. Setting those entries to their initial value.
There are 83 nan entries in the corrected pt. This might be due to the number of tracker layers hitting boundaries. Setting those entries to their initial value.
There are 19142 events with muon pt outside of [26,200] GeV. Setting those entries to their initial value.
There are 26630 events with muon pt outside of [26,200] GeV. Setting those entries to their initial value.
There are 26630 events with muon pt outside of [26,200] GeV. Setting those entries to their initial value.
There are 93 nan entries in the corrected pt. This might be due to the number of tracker layers hitting boundaries. Setting those entries to their initial value.
There are 19203 events with muon pt outside of [26,200] GeV. Setting those entries to their initial value.
There are 32100 events with muon pt outside of [26,200] GeV. Setting those entries to their initial value.
There are 32100 events with muon pt outside of [26,200] GeV. Setting those entries to their initial value.
There are 125 nan entries in the corrected pt. This might be due to the number of tracker layers hitting boundaries. Setting those entries to their initial value.
There are 23142 events with muon pt outside of [26,200] GeV. Setting those entries to their initial value.
There are 26375 events with muon pt outside of [26,200] GeV. Setting those entries to their initial value.
There are 26376 events with muon pt outside of [26,200] GeV. Setting those entries to their initial value.
There are 78 nan entries in the corrected pt. This might be due to the number of tracker layers hitting boundaries. Setting those entries to their initial value.
There are 19015 events with muon pt outside of [26,200] GeV. Setting those entries to their initial value.
There are 26423 events with muon pt outside of [26,200] GeV. Setting those entries to their initial value.
There are 26423 events with muon pt outside of [26,200] GeV. Setting those entries to their initial value.
There are 69 nan entries in the corrected pt. This might be due to the number of tracker layers hitting boundaries. Setting those entries to their initial value.
There are 19002 events with muon pt outside of [26,200] GeV. Setting those entries to their initial value.
There are 25579 events with muon pt outside of [26,200] GeV. Setting those entries to their initial value.
There are 25579 events with muon pt outside of [26,200] GeV. Setting those entries to their initial value.
There are 81 nan entries in the corrected pt. This might be due to the number of tracker layers hitting boundaries. Setting those entries to their initial value.
There are 18159 events with muon pt outside of [26,200] GeV. Setting those entries to their initial value.
There are 26449 events with muon pt outside of [26,200] GeV. Setting those entries to their initial value.
There are 26449 events with muon pt outside of [26,200] GeV. Setting those entries to their initial value.
There are 89 nan entries in the corrected pt. This might be due to the number of tracker layers hitting boundaries. Setting those entries to their initial value.
There are 19094 events with muon pt outside of [26,200] GeV. Setting those entries to their initial value.
There are 26788 events with muon pt outside of [26,200] GeV. Setting those entries to their initial value.
There are 26788 events with muon pt outside of [26,200] GeV. Setting those entries to their initial value.
There are 73 nan entries in the corrected pt. This might be due to the number of tracker layers hitting boundaries. Setting those entries to their initial value.
There are 19257 events with muon pt outside of [26,200] GeV. Setting those entries to their initial value.
There are 26953 events with muon pt outside of [26,200] GeV. Setting those entries to their initial value.
There are 26953 events with muon pt outside of [26,200] GeV. Setting those entries to their initial value.
There are 67 nan entries in the corrected pt. This might be due to the number of tracker layers hitting boundaries. Setting those entries to their initial value.
There are 19133 events with muon pt outside of [26,200] GeV. Setting those entries to their initial value.
There are 10782 events with muon pt outside of [26,200] GeV. Setting those entries to their initial value.
There are 10783 events with muon pt outside of [26,200] GeV. Setting those entries to their initial value.
There are 45 nan entries in the corrected pt. This might be due to the number of tracker layers hitting boundaries. Setting those entries to their initial value.
There are 7537 events with muon pt outside of [26,200] GeV. Setting those entries to their initial value.
There are 5402 events with muon pt outside of [26,200] GeV. Setting those entries to their initial value.
There are 5402 events with muon pt outside of [26,200] GeV. Setting those entries to their initial value.
There are 16 nan entries in the corrected pt. This might be due to the number of tracker layers hitting boundaries. Setting those entries to their initial value.
There are 3919 events with muon pt outside of [26,200] GeV. Setting those entries to their initial value.
There are 26401 events with muon pt outside of [26,200] GeV. Setting those entries to their initial value.
There are 26402 events with muon pt outside of [26,200] GeV. Setting those entries to their initial value.
There are 88 nan entries in the corrected pt. This might be due to the number of tracker layers hitting boundaries. Setting those entries to their initial value.
There are 18913 events with muon pt outside of [26,200] GeV. Setting those entries to their initial value.
There are 25622 events with muon pt outside of [26,200] GeV. Setting those entries to their initial value.
There are 25622 events with muon pt outside of [26,200] GeV. Setting those entries to their initial value.
There are 75 nan entries in the corrected pt. This might be due to the number of tracker layers hitting boundaries. Setting those entries to their initial value.
There are 18222 events with muon pt outside of [26,200] GeV. Setting those entries to their initial value.
There are 25705 events with muon pt outside of [26,200] GeV. Setting those entries to their initial value.
There are 25706 events with muon pt outside of [26,200] GeV. Setting those entries to their initial value.
There are 75 nan entries in the corrected pt. This might be due to the number of tracker layers hitting boundaries. Setting those entries to their initial value.
There are 18285 events with muon pt outside of [26,200] GeV. Setting those entries to their initial value.
There are 25707 events with muon pt outside of [26,200] GeV. Setting those entries to their initial value.
There are 25708 events with muon pt outside of [26,200] GeV. Setting those entries to their initial value.
There are 75 nan entries in the corrected pt. This might be due to the number of tracker layers hitting boundaries. Setting those entries to their initial value.
There are 18348 events with muon pt outside of [26,200] GeV. Setting those entries to their initial value.
There are 1956 events with muon pt outside of [26,200] GeV. Setting those entries to their initial value.
There are 1957 events with muon pt outside of [26,200] GeV. Setting those entries to their initial value.
There are 5 nan entries in the corrected pt. This might be due to the number of tracker layers hitting boundaries. Setting those entries to their initial value.
There are 1364 events with muon pt outside of [26,200] GeV. Setting those entries to their initial value.
There are 26732 events with muon pt outside of [26,200] GeV. Setting those entries to their initial value.
There are 26732 events with muon pt outside of [26,200] GeV. Setting those entries to their initial value.
There are 79 nan entries in the corrected pt. This might be due to the number of tracker layers hitting boundaries. Setting those entries to their initial value.
There are 19198 events with muon pt outside of [26,200] GeV. Setting those entries to their initial value.
There are 2846 events with muon pt outside of [26,200] GeV. Setting those entries to their initial value.
There are 2846 events with muon pt outside of [26,200] GeV. Setting those entries to their initial value.
There are 8 nan entries in the corrected pt. This might be due to the number of tracker layers hitting boundaries. Setting those entries to their initial value.
There are 2055 events with muon pt outside of [26,200] GeV. Setting those entries to their initial value.
