000 (14729949.002.000) 02/25 17:14:35 Job submitted from host: <188.184.90.62:9618?addrs=188.184.90.62-9618+[2001-1458-201-e4--100-238]-9618&alias=bigbird16.cern.ch&noUDP&sock=schedd_5196_9a2f>
...
040 (14729949.002.000) 02/25 17:18:28 Started transferring input files
	Transferring to host: <188.185.207.26:9618?addrs=188.185.207.26-9618+[2001-1458-303-d--100-17]-9618&alias=b9p07p1421.cern.ch&noUDP&sock=slot1_26_6861_f1f0_153757>
...
040 (14729949.002.000) 02/25 17:18:28 Finished transferring input files
...
001 (14729949.002.000) 02/25 17:18:30 Job executing on host: <188.185.207.26:9618?addrs=188.185.207.26-9618+[2001-1458-303-d--100-17]-9618&alias=b9p07p1421.cern.ch&noUDP&sock=startd_5778_ce4e>
	SlotName: slot1_26@b9p07p1421.cern.ch
	CondorScratchDir = "/pool/condor/dir_2936322"
	Cpus = 1
	Disk = 3658
	GPUs = 0
	Memory = 3000
...
006 (14729949.002.000) 02/25 17:18:44 Image size of job updated: 95320
	94  -  MemoryUsage of job (MB)
	95320  -  ResidentSetSize of job (KB)
...
006 (14729949.002.000) 02/25 17:23:44 Image size of job updated: 1304968
	1201  -  MemoryUsage of job (MB)
	1229564  -  ResidentSetSize of job (KB)
...
040 (14729949.002.000) 02/25 17:26:27 Started transferring output files
...
040 (14729949.002.000) 02/25 17:26:27 Finished transferring output files
...
005 (14729949.002.000) 02/25 17:26:27 Job terminated.
	(1) Normal termination (return value 1)
		Usr 0 00:13:46, Sys 0 00:00:19  -  Run Remote Usage
		Usr 0 00:00:00, Sys 0 00:00:00  -  Run Local Usage
		Usr 0 00:13:46, Sys 0 00:00:19  -  Total Remote Usage
		Usr 0 00:00:00, Sys 0 00:00:00  -  Total Local Usage
	38967  -  Run Bytes Sent By Job
	35304  -  Run Bytes Received By Job
	38967  -  Total Bytes Sent By Job
	35304  -  Total Bytes Received By Job
	Partitionable Resources :    Usage  Request Allocated 
	   Cpus                 :     2.27        1         1 
	   Disk (KB)            :   102          37      3658 
	   GPUs                 :                           0 
	   Memory (MB)          :  1201        3000      3000 
	   TimeExecute (s)      :   478                       
	   TimeSlotBusy (s)     :   480                       

	Job terminated of its own accord at 2026-02-25T16:26:27Z with exit-code 1.
...
