subject   : /DC=ch/DC=cern/OU=Organic Units/OU=Users/CN=driosper/CN=886669/CN=Diego Alejandro Rios Perez/CN=1573519443
issuer    : /DC=ch/DC=cern/OU=Organic Units/OU=Users/CN=driosper/CN=886669/CN=Diego Alejandro Rios Perez
identity  : /DC=ch/DC=cern/OU=Organic Units/OU=Users/CN=driosper/CN=886669/CN=Diego Alejandro Rios Perez
type      : RFC compliant proxy
strength  : 2048 bits
path      : /afs/cern.ch/user/d/driosper/private/x509up_u182284
timeleft  : 11:49:54
key usage : Digital Signature, Key Encipherment
=== VO cms extension information ===
VO        : cms
subject   : /DC=ch/DC=cern/OU=Organic Units/OU=Users/CN=driosper/CN=886669/CN=Diego Alejandro Rios Perez
issuer    : /DC=ch/DC=cern/OU=computers/CN=cms-auth.cern.ch
attribute : /cms/Role=NULL/Capability=NULL
timeleft  : 11:49:54
uri       : voms-cms-auth.cern.ch:15000
--workflow ztoee --year 2022preEE --output_path /eos/user/d/driosper/bsm3g_coffea/outputs/ztoee/2022preEE/DYJetsToLL_inclusive_10to50 --output_format coffea --dataset DYJetsToLL_inclusive_10to50_13 --partition_json /srv/partition_fileset.json
  Preprocessing 100% ━━━━━━━━━━━━━━━━ 10/10 [ 0:00:16 < 0:00:00 | 0.7   file/s ]
Merging (local) 100% ━━━━━━━━━━━━━━━━ 10/10 [ 0:00:16 < 0:00:00 | ?   merges/s ]
     Processing 100% ━━━━━━━━━━━━━━━━ 32/32 [ 0:05:08 < 0:00:00 | 0.2  chunk/s ]
Merging (local) 100% ━━━━━━━━━━━━━━━━ 32/32 [ 0:05:08 < 0:00:00 | ?   merges/s ]
There are 24441 events with muon pt outside of [26,200] GeV. Setting those entries to their initial value.
There are 24441 events with muon pt outside of [26,200] GeV. Setting those entries to their initial value.
There are 74 nan entries in the corrected pt. This might be due to the number of tracker layers hitting boundaries. Setting those entries to their initial value.
There are 17559 events with muon pt outside of [26,200] GeV. Setting those entries to their initial value.
There are 24448 events with muon pt outside of [26,200] GeV. Setting those entries to their initial value.
There are 24448 events with muon pt outside of [26,200] GeV. Setting those entries to their initial value.
There are 62 nan entries in the corrected pt. This might be due to the number of tracker layers hitting boundaries. Setting those entries to their initial value.
There are 17426 events with muon pt outside of [26,200] GeV. Setting those entries to their initial value.
There are 23997 events with muon pt outside of [26,200] GeV. Setting those entries to their initial value.
There are 23998 events with muon pt outside of [26,200] GeV. Setting those entries to their initial value.
There are 64 nan entries in the corrected pt. This might be due to the number of tracker layers hitting boundaries. Setting those entries to their initial value.
There are 16872 events with muon pt outside of [26,200] GeV. Setting those entries to their initial value.
There are 24183 events with muon pt outside of [26,200] GeV. Setting those entries to their initial value.
There are 24183 events with muon pt outside of [26,200] GeV. Setting those entries to their initial value.
There are 61 nan entries in the corrected pt. This might be due to the number of tracker layers hitting boundaries. Setting those entries to their initial value.
There are 17438 events with muon pt outside of [26,200] GeV. Setting those entries to their initial value.
There are 23908 events with muon pt outside of [26,200] GeV. Setting those entries to their initial value.
There are 23908 events with muon pt outside of [26,200] GeV. Setting those entries to their initial value.
There are 64 nan entries in the corrected pt. This might be due to the number of tracker layers hitting boundaries. Setting those entries to their initial value.
There are 16886 events with muon pt outside of [26,200] GeV. Setting those entries to their initial value.
There are 24726 events with muon pt outside of [26,200] GeV. Setting those entries to their initial value.
There are 24726 events with muon pt outside of [26,200] GeV. Setting those entries to their initial value.
There are 61 nan entries in the corrected pt. This might be due to the number of tracker layers hitting boundaries. Setting those entries to their initial value.
There are 17454 events with muon pt outside of [26,200] GeV. Setting those entries to their initial value.
There are 24978 events with muon pt outside of [26,200] GeV. Setting those entries to their initial value.
There are 24980 events with muon pt outside of [26,200] GeV. Setting those entries to their initial value.
There are 90 nan entries in the corrected pt. This might be due to the number of tracker layers hitting boundaries. Setting those entries to their initial value.
There are 17213 events with muon pt outside of [26,200] GeV. Setting those entries to their initial value.
There are 2878 events with muon pt outside of [26,200] GeV. Setting those entries to their initial value.
There are 2878 events with muon pt outside of [26,200] GeV. Setting those entries to their initial value.
There are 13 nan entries in the corrected pt. This might be due to the number of tracker layers hitting boundaries. Setting those entries to their initial value.
There are 2059 events with muon pt outside of [26,200] GeV. Setting those entries to their initial value.
There are 2901 events with muon pt outside of [26,200] GeV. Setting those entries to their initial value.
There are 2901 events with muon pt outside of [26,200] GeV. Setting those entries to their initial value.
There are 7 nan entries in the corrected pt. This might be due to the number of tracker layers hitting boundaries. Setting those entries to their initial value.
There are 2084 events with muon pt outside of [26,200] GeV. Setting those entries to their initial value.
There are 24501 events with muon pt outside of [26,200] GeV. Setting those entries to their initial value.
There are 24502 events with muon pt outside of [26,200] GeV. Setting those entries to their initial value.
There are 67 nan entries in the corrected pt. This might be due to the number of tracker layers hitting boundaries. Setting those entries to their initial value.
There are 17387 events with muon pt outside of [26,200] GeV. Setting those entries to their initial value.
There are 26080 events with muon pt outside of [26,200] GeV. Setting those entries to their initial value.
There are 26080 events with muon pt outside of [26,200] GeV. Setting those entries to their initial value.
There are 81 nan entries in the corrected pt. This might be due to the number of tracker layers hitting boundaries. Setting those entries to their initial value.
There are 18668 events with muon pt outside of [26,200] GeV. Setting those entries to their initial value.
There are 24218 events with muon pt outside of [26,200] GeV. Setting those entries to their initial value.
There are 24220 events with muon pt outside of [26,200] GeV. Setting those entries to their initial value.
There are 61 nan entries in the corrected pt. This might be due to the number of tracker layers hitting boundaries. Setting those entries to their initial value.
There are 17270 events with muon pt outside of [26,200] GeV. Setting those entries to their initial value.
There are 24230 events with muon pt outside of [26,200] GeV. Setting those entries to their initial value.
There are 24231 events with muon pt outside of [26,200] GeV. Setting those entries to their initial value.
There are 80 nan entries in the corrected pt. This might be due to the number of tracker layers hitting boundaries. Setting those entries to their initial value.
There are 17287 events with muon pt outside of [26,200] GeV. Setting those entries to their initial value.
There are 24597 events with muon pt outside of [26,200] GeV. Setting those entries to their initial value.
There are 24598 events with muon pt outside of [26,200] GeV. Setting those entries to their initial value.
There are 87 nan entries in the corrected pt. This might be due to the number of tracker layers hitting boundaries. Setting those entries to their initial value.
There are 17730 events with muon pt outside of [26,200] GeV. Setting those entries to their initial value.
There are 29888 events with muon pt outside of [26,200] GeV. Setting those entries to their initial value.
There are 29888 events with muon pt outside of [26,200] GeV. Setting those entries to their initial value.
There are 94 nan entries in the corrected pt. This might be due to the number of tracker layers hitting boundaries. Setting those entries to their initial value.
There are 21549 events with muon pt outside of [26,200] GeV. Setting those entries to their initial value.
There are 24292 events with muon pt outside of [26,200] GeV. Setting those entries to their initial value.
There are 24292 events with muon pt outside of [26,200] GeV. Setting those entries to their initial value.
There are 82 nan entries in the corrected pt. This might be due to the number of tracker layers hitting boundaries. Setting those entries to their initial value.
There are 17570 events with muon pt outside of [26,200] GeV. Setting those entries to their initial value.
There are 24318 events with muon pt outside of [26,200] GeV. Setting those entries to their initial value.
There are 24318 events with muon pt outside of [26,200] GeV. Setting those entries to their initial value.
There are 66 nan entries in the corrected pt. This might be due to the number of tracker layers hitting boundaries. Setting those entries to their initial value.
There are 17414 events with muon pt outside of [26,200] GeV. Setting those entries to their initial value.
There are 25935 events with muon pt outside of [26,200] GeV. Setting those entries to their initial value.
There are 25935 events with muon pt outside of [26,200] GeV. Setting those entries to their initial value.
There are 76 nan entries in the corrected pt. This might be due to the number of tracker layers hitting boundaries. Setting those entries to their initial value.
There are 18459 events with muon pt outside of [26,200] GeV. Setting those entries to their initial value.
There are 23914 events with muon pt outside of [26,200] GeV. Setting those entries to their initial value.
There are 23915 events with muon pt outside of [26,200] GeV. Setting those entries to their initial value.
There are 50 nan entries in the corrected pt. This might be due to the number of tracker layers hitting boundaries. Setting those entries to their initial value.
There are 17062 events with muon pt outside of [26,200] GeV. Setting those entries to their initial value.
There are 23993 events with muon pt outside of [26,200] GeV. Setting those entries to their initial value.
There are 23993 events with muon pt outside of [26,200] GeV. Setting those entries to their initial value.
There are 61 nan entries in the corrected pt. This might be due to the number of tracker layers hitting boundaries. Setting those entries to their initial value.
There are 17369 events with muon pt outside of [26,200] GeV. Setting those entries to their initial value.
There are 24516 events with muon pt outside of [26,200] GeV. Setting those entries to their initial value.
There are 24516 events with muon pt outside of [26,200] GeV. Setting those entries to their initial value.
There are 66 nan entries in the corrected pt. This might be due to the number of tracker layers hitting boundaries. Setting those entries to their initial value.
There are 17489 events with muon pt outside of [26,200] GeV. Setting those entries to their initial value.
There are 24334 events with muon pt outside of [26,200] GeV. Setting those entries to their initial value.
There are 24334 events with muon pt outside of [26,200] GeV. Setting those entries to their initial value.
There are 74 nan entries in the corrected pt. This might be due to the number of tracker layers hitting boundaries. Setting those entries to their initial value.
There are 17689 events with muon pt outside of [26,200] GeV. Setting those entries to their initial value.
There are 399 events with muon pt outside of [26,200] GeV. Setting those entries to their initial value.
There are 399 events with muon pt outside of [26,200] GeV. Setting those entries to their initial value.
There are 1 nan entries in the corrected pt. This might be due to the number of tracker layers hitting boundaries. Setting those entries to their initial value.
There are 298 events with muon pt outside of [26,200] GeV. Setting those entries to their initial value.
There are 12148 events with muon pt outside of [26,200] GeV. Setting those entries to their initial value.
There are 12148 events with muon pt outside of [26,200] GeV. Setting those entries to their initial value.
There are 42 nan entries in the corrected pt. This might be due to the number of tracker layers hitting boundaries. Setting those entries to their initial value.
There are 8649 events with muon pt outside of [26,200] GeV. Setting those entries to their initial value.
There are 13469 events with muon pt outside of [26,200] GeV. Setting those entries to their initial value.
There are 13469 events with muon pt outside of [26,200] GeV. Setting those entries to their initial value.
There are 45 nan entries in the corrected pt. This might be due to the number of tracker layers hitting boundaries. Setting those entries to their initial value.
There are 9460 events with muon pt outside of [26,200] GeV. Setting those entries to their initial value.
There are 24609 events with muon pt outside of [26,200] GeV. Setting those entries to their initial value.
There are 24610 events with muon pt outside of [26,200] GeV. Setting those entries to their initial value.
There are 78 nan entries in the corrected pt. This might be due to the number of tracker layers hitting boundaries. Setting those entries to their initial value.
There are 17757 events with muon pt outside of [26,200] GeV. Setting those entries to their initial value.
There are 25890 events with muon pt outside of [26,200] GeV. Setting those entries to their initial value.
There are 25891 events with muon pt outside of [26,200] GeV. Setting those entries to their initial value.
There are 95 nan entries in the corrected pt. This might be due to the number of tracker layers hitting boundaries. Setting those entries to their initial value.
There are 18745 events with muon pt outside of [26,200] GeV. Setting those entries to their initial value.
There are 23941 events with muon pt outside of [26,200] GeV. Setting those entries to their initial value.
There are 23941 events with muon pt outside of [26,200] GeV. Setting those entries to their initial value.
There are 64 nan entries in the corrected pt. This might be due to the number of tracker layers hitting boundaries. Setting those entries to their initial value.
There are 17080 events with muon pt outside of [26,200] GeV. Setting those entries to their initial value.
There are 24231 events with muon pt outside of [26,200] GeV. Setting those entries to their initial value.
There are 24232 events with muon pt outside of [26,200] GeV. Setting those entries to their initial value.
There are 81 nan entries in the corrected pt. This might be due to the number of tracker layers hitting boundaries. Setting those entries to their initial value.
There are 17246 events with muon pt outside of [26,200] GeV. Setting those entries to their initial value.
There are 24480 events with muon pt outside of [26,200] GeV. Setting those entries to their initial value.
There are 24480 events with muon pt outside of [26,200] GeV. Setting those entries to their initial value.
There are 66 nan entries in the corrected pt. This might be due to the number of tracker layers hitting boundaries. Setting those entries to their initial value.
There are 17485 events with muon pt outside of [26,200] GeV. Setting those entries to their initial value.
There are 24574 events with muon pt outside of [26,200] GeV. Setting those entries to their initial value.
There are 24574 events with muon pt outside of [26,200] GeV. Setting those entries to their initial value.
There are 79 nan entries in the corrected pt. This might be due to the number of tracker layers hitting boundaries. Setting those entries to their initial value.
There are 17741 events with muon pt outside of [26,200] GeV. Setting those entries to their initial value.
There are 30384 events with muon pt outside of [26,200] GeV. Setting those entries to their initial value.
There are 30384 events with muon pt outside of [26,200] GeV. Setting those entries to their initial value.
There are 80 nan entries in the corrected pt. This might be due to the number of tracker layers hitting boundaries. Setting those entries to their initial value.
There are 21059 events with muon pt outside of [26,200] GeV. Setting those entries to their initial value.
