000 (14737669.007.000) 02/25 20:32:32 Job submitted from host: <188.184.90.62:9618?addrs=188.184.90.62-9618+[2001-1458-201-e4--100-238]-9618&alias=bigbird16.cern.ch&noUDP&sock=schedd_5196_9a2f>
...
040 (14737669.007.000) 02/25 20:36:12 Started transferring input files
	Transferring to host: <188.185.215.25:9618?addrs=188.185.215.25-9618+[2001-1458-303-1e--100-15]-9618&alias=b9p31p7278.cern.ch&noUDP&sock=slot1_8_4950_7902_169505>
...
040 (14737669.007.000) 02/25 20:36:12 Finished transferring input files
...
001 (14737669.007.000) 02/25 20:36:13 Job executing on host: <188.185.215.25:9618?addrs=188.185.215.25-9618+[2001-1458-303-1e--100-15]-9618&alias=b9p31p7278.cern.ch&noUDP&sock=startd_3992_c228>
	SlotName: slot1_8@b9p31p7278.cern.ch
	CondorScratchDir = "/pool/condor/dir_2912789"
	Cpus = 1
	Disk = 3856
	GPUs = 0
	Memory = 3000
...
006 (14737669.007.000) 02/25 20:36:27 Image size of job updated: 502284
	491  -  MemoryUsage of job (MB)
	502284  -  ResidentSetSize of job (KB)
...
006 (14737669.007.000) 02/25 20:41:28 Image size of job updated: 1241232
	1182  -  MemoryUsage of job (MB)
	1209980  -  ResidentSetSize of job (KB)
...
006 (14737669.007.000) 02/25 20:46:28 Image size of job updated: 1251080
	1218  -  MemoryUsage of job (MB)
	1246700  -  ResidentSetSize of job (KB)
...
006 (14737669.007.000) 02/25 20:49:41 Image size of job updated: 1297592
	1218  -  MemoryUsage of job (MB)
	1246700  -  ResidentSetSize of job (KB)
...
040 (14737669.007.000) 02/25 20:49:41 Started transferring output files
...
040 (14737669.007.000) 02/25 20:49:41 Finished transferring output files
...
005 (14737669.007.000) 02/25 20:49:41 Job terminated.
	(1) Normal termination (return value 0)
		Usr 0 00:17:06, Sys 0 00:00:26  -  Run Remote Usage
		Usr 0 00:00:00, Sys 0 00:00:00  -  Run Local Usage
		Usr 0 00:17:06, Sys 0 00:00:26  -  Total Remote Usage
		Usr 0 00:00:00, Sys 0 00:00:00  -  Total Local Usage
	41408  -  Run Bytes Sent By Job
	36997  -  Run Bytes Received By Job
	41408  -  Total Bytes Sent By Job
	36997  -  Total Bytes Received By Job
	Partitionable Resources :    Usage  Request Allocated 
	   Cpus                 :     0.09        1         1 
	   Disk (KB)            :   103          40      3856 
	   GPUs                 :                           0 
	   Memory (MB)          :  1218        3000      3000 
	   TimeExecute (s)      :   808                       
	   TimeSlotBusy (s)     :   810                       

	Job terminated of its own accord at 2026-02-25T19:49:41Z with exit-code 0.
...
