subject   : /DC=ch/DC=cern/OU=Organic Units/OU=Users/CN=driosper/CN=886669/CN=Diego Alejandro Rios Perez/CN=1573519443
issuer    : /DC=ch/DC=cern/OU=Organic Units/OU=Users/CN=driosper/CN=886669/CN=Diego Alejandro Rios Perez
identity  : /DC=ch/DC=cern/OU=Organic Units/OU=Users/CN=driosper/CN=886669/CN=Diego Alejandro Rios Perez
type      : RFC compliant proxy
strength  : 2048 bits
path      : /afs/cern.ch/user/d/driosper/private/x509up_u182284
timeleft  : 11:49:58
key usage : Digital Signature, Key Encipherment
=== VO cms extension information ===
VO        : cms
subject   : /DC=ch/DC=cern/OU=Organic Units/OU=Users/CN=driosper/CN=886669/CN=Diego Alejandro Rios Perez
issuer    : /DC=ch/DC=cern/OU=computers/CN=cms-auth.cern.ch
attribute : /cms/Role=NULL/Capability=NULL
timeleft  : 11:49:58
uri       : voms-cms-auth.cern.ch:15000
--workflow ztoee --year 2022preEE --output_path /eos/user/d/driosper/bsm3g_coffea/outputs/ztoee/2022preEE/DYJetsToLL_inclusive_10to50 --output_format coffea --dataset DYJetsToLL_inclusive_10to50_4 --partition_json /srv/partition_fileset.json
  Preprocessing 100% ━━━━━━━━━━━━━━━━ 10/10 [ 0:00:15 < 0:00:00 | 0.7   file/s ]
Merging (local) 100% ━━━━━━━━━━━━━━━━ 10/10 [ 0:00:15 < 0:00:00 | ?   merges/s ]
     Processing 100% ━━━━━━━━━━━━━━━━ 56/56 [ 0:08:15 < 0:00:00 | 0.1  chunk/s ]
Merging (local) 100% ━━━━━━━━━━━━━━━━ 56/56 [ 0:08:15 < 0:00:00 | ?   merges/s ]
There are 9713 events with muon pt outside of [26,200] GeV. Setting those entries to their initial value.
There are 9713 events with muon pt outside of [26,200] GeV. Setting those entries to their initial value.
There are 29 nan entries in the corrected pt. This might be due to the number of tracker layers hitting boundaries. Setting those entries to their initial value.
There are 7119 events with muon pt outside of [26,200] GeV. Setting those entries to their initial value.
There are 24259 events with muon pt outside of [26,200] GeV. Setting those entries to their initial value.
There are 24259 events with muon pt outside of [26,200] GeV. Setting those entries to their initial value.
There are 70 nan entries in the corrected pt. This might be due to the number of tracker layers hitting boundaries. Setting those entries to their initial value.
There are 17558 events with muon pt outside of [26,200] GeV. Setting those entries to their initial value.
There are 24423 events with muon pt outside of [26,200] GeV. Setting those entries to their initial value.
There are 24423 events with muon pt outside of [26,200] GeV. Setting those entries to their initial value.
There are 67 nan entries in the corrected pt. This might be due to the number of tracker layers hitting boundaries. Setting those entries to their initial value.
There are 17403 events with muon pt outside of [26,200] GeV. Setting those entries to their initial value.
There are 24374 events with muon pt outside of [26,200] GeV. Setting those entries to their initial value.
There are 24374 events with muon pt outside of [26,200] GeV. Setting those entries to their initial value.
There are 70 nan entries in the corrected pt. This might be due to the number of tracker layers hitting boundaries. Setting those entries to their initial value.
There are 17294 events with muon pt outside of [26,200] GeV. Setting those entries to their initial value.
There are 24257 events with muon pt outside of [26,200] GeV. Setting those entries to their initial value.
There are 24258 events with muon pt outside of [26,200] GeV. Setting those entries to their initial value.
There are 85 nan entries in the corrected pt. This might be due to the number of tracker layers hitting boundaries. Setting those entries to their initial value.
There are 17403 events with muon pt outside of [26,200] GeV. Setting those entries to their initial value.
There are 24204 events with muon pt outside of [26,200] GeV. Setting those entries to their initial value.
There are 24204 events with muon pt outside of [26,200] GeV. Setting those entries to their initial value.
There are 83 nan entries in the corrected pt. This might be due to the number of tracker layers hitting boundaries. Setting those entries to their initial value.
There are 17644 events with muon pt outside of [26,200] GeV. Setting those entries to their initial value.
There are 24582 events with muon pt outside of [26,200] GeV. Setting those entries to their initial value.
There are 24582 events with muon pt outside of [26,200] GeV. Setting those entries to their initial value.
There are 76 nan entries in the corrected pt. This might be due to the number of tracker layers hitting boundaries. Setting those entries to their initial value.
There are 17524 events with muon pt outside of [26,200] GeV. Setting those entries to their initial value.
There are 25719 events with muon pt outside of [26,200] GeV. Setting those entries to their initial value.
There are 25720 events with muon pt outside of [26,200] GeV. Setting those entries to their initial value.
There are 78 nan entries in the corrected pt. This might be due to the number of tracker layers hitting boundaries. Setting those entries to their initial value.
There are 18110 events with muon pt outside of [26,200] GeV. Setting those entries to their initial value.
There are 25671 events with muon pt outside of [26,200] GeV. Setting those entries to their initial value.
There are 25671 events with muon pt outside of [26,200] GeV. Setting those entries to their initial value.
There are 76 nan entries in the corrected pt. This might be due to the number of tracker layers hitting boundaries. Setting those entries to their initial value.
There are 18058 events with muon pt outside of [26,200] GeV. Setting those entries to their initial value.
There are 24990 events with muon pt outside of [26,200] GeV. Setting those entries to their initial value.
There are 24991 events with muon pt outside of [26,200] GeV. Setting those entries to their initial value.
There are 79 nan entries in the corrected pt. This might be due to the number of tracker layers hitting boundaries. Setting those entries to their initial value.
There are 17719 events with muon pt outside of [26,200] GeV. Setting those entries to their initial value.
There are 22662 events with muon pt outside of [26,200] GeV. Setting those entries to their initial value.
There are 22662 events with muon pt outside of [26,200] GeV. Setting those entries to their initial value.
There are 69 nan entries in the corrected pt. This might be due to the number of tracker layers hitting boundaries. Setting those entries to their initial value.
There are 16411 events with muon pt outside of [26,200] GeV. Setting those entries to their initial value.
There are 25216 events with muon pt outside of [26,200] GeV. Setting those entries to their initial value.
There are 25216 events with muon pt outside of [26,200] GeV. Setting those entries to their initial value.
There are 72 nan entries in the corrected pt. This might be due to the number of tracker layers hitting boundaries. Setting those entries to their initial value.
There are 18071 events with muon pt outside of [26,200] GeV. Setting those entries to their initial value.
There are 25368 events with muon pt outside of [26,200] GeV. Setting those entries to their initial value.
There are 25369 events with muon pt outside of [26,200] GeV. Setting those entries to their initial value.
There are 72 nan entries in the corrected pt. This might be due to the number of tracker layers hitting boundaries. Setting those entries to their initial value.
There are 18023 events with muon pt outside of [26,200] GeV. Setting those entries to their initial value.
There are 25238 events with muon pt outside of [26,200] GeV. Setting those entries to their initial value.
There are 25238 events with muon pt outside of [26,200] GeV. Setting those entries to their initial value.
There are 68 nan entries in the corrected pt. This might be due to the number of tracker layers hitting boundaries. Setting those entries to their initial value.
There are 18153 events with muon pt outside of [26,200] GeV. Setting those entries to their initial value.
There are 21480 events with muon pt outside of [26,200] GeV. Setting those entries to their initial value.
There are 21480 events with muon pt outside of [26,200] GeV. Setting those entries to their initial value.
There are 56 nan entries in the corrected pt. This might be due to the number of tracker layers hitting boundaries. Setting those entries to their initial value.
There are 15342 events with muon pt outside of [26,200] GeV. Setting those entries to their initial value.
There are 24570 events with muon pt outside of [26,200] GeV. Setting those entries to their initial value.
There are 24570 events with muon pt outside of [26,200] GeV. Setting those entries to their initial value.
There are 62 nan entries in the corrected pt. This might be due to the number of tracker layers hitting boundaries. Setting those entries to their initial value.
There are 17653 events with muon pt outside of [26,200] GeV. Setting those entries to their initial value.
There are 24530 events with muon pt outside of [26,200] GeV. Setting those entries to their initial value.
There are 24530 events with muon pt outside of [26,200] GeV. Setting those entries to their initial value.
There are 69 nan entries in the corrected pt. This might be due to the number of tracker layers hitting boundaries. Setting those entries to their initial value.
There are 17375 events with muon pt outside of [26,200] GeV. Setting those entries to their initial value.
There are 24477 events with muon pt outside of [26,200] GeV. Setting those entries to their initial value.
There are 24477 events with muon pt outside of [26,200] GeV. Setting those entries to their initial value.
There are 71 nan entries in the corrected pt. This might be due to the number of tracker layers hitting boundaries. Setting those entries to their initial value.
There are 17397 events with muon pt outside of [26,200] GeV. Setting those entries to their initial value.
There are 24398 events with muon pt outside of [26,200] GeV. Setting those entries to their initial value.
There are 24398 events with muon pt outside of [26,200] GeV. Setting those entries to their initial value.
There are 72 nan entries in the corrected pt. This might be due to the number of tracker layers hitting boundaries. Setting those entries to their initial value.
There are 17408 events with muon pt outside of [26,200] GeV. Setting those entries to their initial value.
There are 24591 events with muon pt outside of [26,200] GeV. Setting those entries to their initial value.
There are 24591 events with muon pt outside of [26,200] GeV. Setting those entries to their initial value.
There are 78 nan entries in the corrected pt. This might be due to the number of tracker layers hitting boundaries. Setting those entries to their initial value.
There are 17216 events with muon pt outside of [26,200] GeV. Setting those entries to their initial value.
There are 24508 events with muon pt outside of [26,200] GeV. Setting those entries to their initial value.
There are 24508 events with muon pt outside of [26,200] GeV. Setting those entries to their initial value.
There are 59 nan entries in the corrected pt. This might be due to the number of tracker layers hitting boundaries. Setting those entries to their initial value.
There are 17397 events with muon pt outside of [26,200] GeV. Setting those entries to their initial value.
There are 25450 events with muon pt outside of [26,200] GeV. Setting those entries to their initial value.
There are 25450 events with muon pt outside of [26,200] GeV. Setting those entries to their initial value.
There are 80 nan entries in the corrected pt. This might be due to the number of tracker layers hitting boundaries. Setting those entries to their initial value.
There are 17908 events with muon pt outside of [26,200] GeV. Setting those entries to their initial value.
There are 25633 events with muon pt outside of [26,200] GeV. Setting those entries to their initial value.
There are 25633 events with muon pt outside of [26,200] GeV. Setting those entries to their initial value.
There are 59 nan entries in the corrected pt. This might be due to the number of tracker layers hitting boundaries. Setting those entries to their initial value.
There are 18114 events with muon pt outside of [26,200] GeV. Setting those entries to their initial value.
There are 25536 events with muon pt outside of [26,200] GeV. Setting those entries to their initial value.
There are 25537 events with muon pt outside of [26,200] GeV. Setting those entries to their initial value.
There are 73 nan entries in the corrected pt. This might be due to the number of tracker layers hitting boundaries. Setting those entries to their initial value.
There are 18388 events with muon pt outside of [26,200] GeV. Setting those entries to their initial value.
There are 25115 events with muon pt outside of [26,200] GeV. Setting those entries to their initial value.
There are 25115 events with muon pt outside of [26,200] GeV. Setting those entries to their initial value.
There are 57 nan entries in the corrected pt. This might be due to the number of tracker layers hitting boundaries. Setting those entries to their initial value.
There are 18023 events with muon pt outside of [26,200] GeV. Setting those entries to their initial value.
There are 25015 events with muon pt outside of [26,200] GeV. Setting those entries to their initial value.
There are 25015 events with muon pt outside of [26,200] GeV. Setting those entries to their initial value.
There are 73 nan entries in the corrected pt. This might be due to the number of tracker layers hitting boundaries. Setting those entries to their initial value.
There are 18036 events with muon pt outside of [26,200] GeV. Setting those entries to their initial value.
There are 25320 events with muon pt outside of [26,200] GeV. Setting those entries to their initial value.
There are 25320 events with muon pt outside of [26,200] GeV. Setting those entries to their initial value.
There are 84 nan entries in the corrected pt. This might be due to the number of tracker layers hitting boundaries. Setting those entries to their initial value.
There are 18062 events with muon pt outside of [26,200] GeV. Setting those entries to their initial value.
There are 25332 events with muon pt outside of [26,200] GeV. Setting those entries to their initial value.
There are 25333 events with muon pt outside of [26,200] GeV. Setting those entries to their initial value.
There are 78 nan entries in the corrected pt. This might be due to the number of tracker layers hitting boundaries. Setting those entries to their initial value.
There are 17967 events with muon pt outside of [26,200] GeV. Setting those entries to their initial value.
There are 21566 events with muon pt outside of [26,200] GeV. Setting those entries to their initial value.
There are 21566 events with muon pt outside of [26,200] GeV. Setting those entries to their initial value.
There are 72 nan entries in the corrected pt. This might be due to the number of tracker layers hitting boundaries. Setting those entries to their initial value.
There are 15677 events with muon pt outside of [26,200] GeV. Setting those entries to their initial value.
There are 24209 events with muon pt outside of [26,200] GeV. Setting those entries to their initial value.
There are 24209 events with muon pt outside of [26,200] GeV. Setting those entries to their initial value.
There are 78 nan entries in the corrected pt. This might be due to the number of tracker layers hitting boundaries. Setting those entries to their initial value.
There are 17583 events with muon pt outside of [26,200] GeV. Setting those entries to their initial value.
There are 24212 events with muon pt outside of [26,200] GeV. Setting those entries to their initial value.
There are 24213 events with muon pt outside of [26,200] GeV. Setting those entries to their initial value.
There are 73 nan entries in the corrected pt. This might be due to the number of tracker layers hitting boundaries. Setting those entries to their initial value.
There are 17609 events with muon pt outside of [26,200] GeV. Setting those entries to their initial value.
There are 24465 events with muon pt outside of [26,200] GeV. Setting those entries to their initial value.
There are 24465 events with muon pt outside of [26,200] GeV. Setting those entries to their initial value.
There are 79 nan entries in the corrected pt. This might be due to the number of tracker layers hitting boundaries. Setting those entries to their initial value.
There are 17443 events with muon pt outside of [26,200] GeV. Setting those entries to their initial value.
There are 24490 events with muon pt outside of [26,200] GeV. Setting those entries to their initial value.
There are 24490 events with muon pt outside of [26,200] GeV. Setting those entries to their initial value.
There are 53 nan entries in the corrected pt. This might be due to the number of tracker layers hitting boundaries. Setting those entries to their initial value.
There are 17744 events with muon pt outside of [26,200] GeV. Setting those entries to their initial value.
There are 24544 events with muon pt outside of [26,200] GeV. Setting those entries to their initial value.
There are 24545 events with muon pt outside of [26,200] GeV. Setting those entries to their initial value.
There are 58 nan entries in the corrected pt. This might be due to the number of tracker layers hitting boundaries. Setting those entries to their initial value.
There are 17524 events with muon pt outside of [26,200] GeV. Setting those entries to their initial value.
There are 24367 events with muon pt outside of [26,200] GeV. Setting those entries to their initial value.
There are 24367 events with muon pt outside of [26,200] GeV. Setting those entries to their initial value.
There are 84 nan entries in the corrected pt. This might be due to the number of tracker layers hitting boundaries. Setting those entries to their initial value.
There are 17411 events with muon pt outside of [26,200] GeV. Setting those entries to their initial value.
There are 25384 events with muon pt outside of [26,200] GeV. Setting those entries to their initial value.
There are 25385 events with muon pt outside of [26,200] GeV. Setting those entries to their initial value.
There are 81 nan entries in the corrected pt. This might be due to the number of tracker layers hitting boundaries. Setting those entries to their initial value.
There are 18311 events with muon pt outside of [26,200] GeV. Setting those entries to their initial value.
There are 25508 events with muon pt outside of [26,200] GeV. Setting those entries to their initial value.
There are 25508 events with muon pt outside of [26,200] GeV. Setting those entries to their initial value.
There are 63 nan entries in the corrected pt. This might be due to the number of tracker layers hitting boundaries. Setting those entries to their initial value.
There are 18093 events with muon pt outside of [26,200] GeV. Setting those entries to their initial value.
There are 24604 events with muon pt outside of [26,200] GeV. Setting those entries to their initial value.
There are 24604 events with muon pt outside of [26,200] GeV. Setting those entries to their initial value.
There are 84 nan entries in the corrected pt. This might be due to the number of tracker layers hitting boundaries. Setting those entries to their initial value.
There are 17907 events with muon pt outside of [26,200] GeV. Setting those entries to their initial value.
There are 22986 events with muon pt outside of [26,200] GeV. Setting those entries to their initial value.
There are 22987 events with muon pt outside of [26,200] GeV. Setting those entries to their initial value.
There are 72 nan entries in the corrected pt. This might be due to the number of tracker layers hitting boundaries. Setting those entries to their initial value.
There are 16424 events with muon pt outside of [26,200] GeV. Setting those entries to their initial value.
There are 25401 events with muon pt outside of [26,200] GeV. Setting those entries to their initial value.
There are 25401 events with muon pt outside of [26,200] GeV. Setting those entries to their initial value.
There are 81 nan entries in the corrected pt. This might be due to the number of tracker layers hitting boundaries. Setting those entries to their initial value.
There are 17886 events with muon pt outside of [26,200] GeV. Setting those entries to their initial value.
There are 25342 events with muon pt outside of [26,200] GeV. Setting those entries to their initial value.
There are 25343 events with muon pt outside of [26,200] GeV. Setting those entries to their initial value.
There are 68 nan entries in the corrected pt. This might be due to the number of tracker layers hitting boundaries. Setting those entries to their initial value.
There are 17937 events with muon pt outside of [26,200] GeV. Setting those entries to their initial value.
There are 25073 events with muon pt outside of [26,200] GeV. Setting those entries to their initial value.
There are 25073 events with muon pt outside of [26,200] GeV. Setting those entries to their initial value.
There are 71 nan entries in the corrected pt. This might be due to the number of tracker layers hitting boundaries. Setting those entries to their initial value.
There are 18009 events with muon pt outside of [26,200] GeV. Setting those entries to their initial value.
There are 21680 events with muon pt outside of [26,200] GeV. Setting those entries to their initial value.
There are 21681 events with muon pt outside of [26,200] GeV. Setting those entries to their initial value.
There are 70 nan entries in the corrected pt. This might be due to the number of tracker layers hitting boundaries. Setting those entries to their initial value.
There are 15546 events with muon pt outside of [26,200] GeV. Setting those entries to their initial value.
There are 24706 events with muon pt outside of [26,200] GeV. Setting those entries to their initial value.
There are 24706 events with muon pt outside of [26,200] GeV. Setting those entries to their initial value.
There are 61 nan entries in the corrected pt. This might be due to the number of tracker layers hitting boundaries. Setting those entries to their initial value.
There are 17470 events with muon pt outside of [26,200] GeV. Setting those entries to their initial value.
There are 24230 events with muon pt outside of [26,200] GeV. Setting those entries to their initial value.
There are 24230 events with muon pt outside of [26,200] GeV. Setting those entries to their initial value.
There are 73 nan entries in the corrected pt. This might be due to the number of tracker layers hitting boundaries. Setting those entries to their initial value.
There are 17582 events with muon pt outside of [26,200] GeV. Setting those entries to their initial value.
There are 24338 events with muon pt outside of [26,200] GeV. Setting those entries to their initial value.
There are 24339 events with muon pt outside of [26,200] GeV. Setting those entries to their initial value.
There are 85 nan entries in the corrected pt. This might be due to the number of tracker layers hitting boundaries. Setting those entries to their initial value.
There are 17249 events with muon pt outside of [26,200] GeV. Setting those entries to their initial value.
There are 24564 events with muon pt outside of [26,200] GeV. Setting those entries to their initial value.
There are 24564 events with muon pt outside of [26,200] GeV. Setting those entries to their initial value.
There are 73 nan entries in the corrected pt. This might be due to the number of tracker layers hitting boundaries. Setting those entries to their initial value.
There are 17483 events with muon pt outside of [26,200] GeV. Setting those entries to their initial value.
There are 24365 events with muon pt outside of [26,200] GeV. Setting those entries to their initial value.
There are 24365 events with muon pt outside of [26,200] GeV. Setting those entries to their initial value.
There are 85 nan entries in the corrected pt. This might be due to the number of tracker layers hitting boundaries. Setting those entries to their initial value.
There are 17513 events with muon pt outside of [26,200] GeV. Setting those entries to their initial value.
There are 24388 events with muon pt outside of [26,200] GeV. Setting those entries to their initial value.
There are 24388 events with muon pt outside of [26,200] GeV. Setting those entries to their initial value.
There are 77 nan entries in the corrected pt. This might be due to the number of tracker layers hitting boundaries. Setting those entries to their initial value.
There are 17318 events with muon pt outside of [26,200] GeV. Setting those entries to their initial value.
There are 25510 events with muon pt outside of [26,200] GeV. Setting those entries to their initial value.
There are 25510 events with muon pt outside of [26,200] GeV. Setting those entries to their initial value.
There are 76 nan entries in the corrected pt. This might be due to the number of tracker layers hitting boundaries. Setting those entries to their initial value.
There are 18392 events with muon pt outside of [26,200] GeV. Setting those entries to their initial value.
There are 25432 events with muon pt outside of [26,200] GeV. Setting those entries to their initial value.
There are 25432 events with muon pt outside of [26,200] GeV. Setting those entries to their initial value.
There are 85 nan entries in the corrected pt. This might be due to the number of tracker layers hitting boundaries. Setting those entries to their initial value.
There are 18051 events with muon pt outside of [26,200] GeV. Setting those entries to their initial value.
There are 24946 events with muon pt outside of [26,200] GeV. Setting those entries to their initial value.
There are 24946 events with muon pt outside of [26,200] GeV. Setting those entries to their initial value.
There are 70 nan entries in the corrected pt. This might be due to the number of tracker layers hitting boundaries. Setting those entries to their initial value.
There are 17893 events with muon pt outside of [26,200] GeV. Setting those entries to their initial value.
There are 25141 events with muon pt outside of [26,200] GeV. Setting those entries to their initial value.
There are 25143 events with muon pt outside of [26,200] GeV. Setting those entries to their initial value.
There are 77 nan entries in the corrected pt. This might be due to the number of tracker layers hitting boundaries. Setting those entries to their initial value.
There are 18021 events with muon pt outside of [26,200] GeV. Setting those entries to their initial value.
There are 25269 events with muon pt outside of [26,200] GeV. Setting those entries to their initial value.
There are 25269 events with muon pt outside of [26,200] GeV. Setting those entries to their initial value.
There are 73 nan entries in the corrected pt. This might be due to the number of tracker layers hitting boundaries. Setting those entries to their initial value.
There are 18080 events with muon pt outside of [26,200] GeV. Setting those entries to their initial value.
There are 25305 events with muon pt outside of [26,200] GeV. Setting those entries to their initial value.
There are 25305 events with muon pt outside of [26,200] GeV. Setting those entries to their initial value.
There are 77 nan entries in the corrected pt. This might be due to the number of tracker layers hitting boundaries. Setting those entries to their initial value.
There are 18061 events with muon pt outside of [26,200] GeV. Setting those entries to their initial value.
There are 25111 events with muon pt outside of [26,200] GeV. Setting those entries to their initial value.
There are 25111 events with muon pt outside of [26,200] GeV. Setting those entries to their initial value.
There are 89 nan entries in the corrected pt. This might be due to the number of tracker layers hitting boundaries. Setting those entries to their initial value.
There are 18176 events with muon pt outside of [26,200] GeV. Setting those entries to their initial value.
