000 (14729949.001.000) 02/25 17:14:35 Job submitted from host: <188.184.90.62:9618?addrs=188.184.90.62-9618+[2001-1458-201-e4--100-238]-9618&alias=bigbird16.cern.ch&noUDP&sock=schedd_5196_9a2f>
...
040 (14729949.001.000) 02/25 17:18:28 Started transferring input files
	Transferring to host: <188.185.206.173:9618?addrs=188.185.206.173-9618+[2001-1458-303-c--100-2a]-9618&alias=b9p06p1080.cern.ch&noUDP&sock=slot1_2_4658_bb76_147404>
...
040 (14729949.001.000) 02/25 17:18:28 Finished transferring input files
...
001 (14729949.001.000) 02/25 17:18:29 Job executing on host: <188.185.206.173:9618?addrs=188.185.206.173-9618+[2001-1458-303-c--100-2a]-9618&alias=b9p06p1080.cern.ch&noUDP&sock=startd_3950_f32e>
	SlotName: slot1_2@b9p06p1080.cern.ch
	CondorScratchDir = "/pool/condor/dir_48716"
	Cpus = 1
	Disk = 3759
	GPUs = 0
	Memory = 3000
...
006 (14729949.001.000) 02/25 17:18:46 Image size of job updated: 34300
	34  -  MemoryUsage of job (MB)
	34300  -  ResidentSetSize of job (KB)
...
006 (14729949.001.000) 02/25 17:23:47 Image size of job updated: 1186400
	1078  -  MemoryUsage of job (MB)
	1103552  -  ResidentSetSize of job (KB)
...
006 (14729949.001.000) 02/25 17:28:47 Image size of job updated: 1362216
	1279  -  MemoryUsage of job (MB)
	1309508  -  ResidentSetSize of job (KB)
...
006 (14729949.001.000) 02/25 17:30:34 Image size of job updated: 1539396
	1279  -  MemoryUsage of job (MB)
	1309508  -  ResidentSetSize of job (KB)
...
040 (14729949.001.000) 02/25 17:30:34 Started transferring output files
...
040 (14729949.001.000) 02/25 17:30:34 Finished transferring output files
...
005 (14729949.001.000) 02/25 17:30:34 Job terminated.
	(1) Normal termination (return value 1)
		Usr 0 00:15:54, Sys 0 00:00:25  -  Run Remote Usage
		Usr 0 00:00:00, Sys 0 00:00:00  -  Run Local Usage
		Usr 0 00:15:54, Sys 0 00:00:25  -  Total Remote Usage
		Usr 0 00:00:00, Sys 0 00:00:00  -  Total Local Usage
	40889  -  Run Bytes Sent By Job
	35304  -  Run Bytes Received By Job
	40889  -  Total Bytes Sent By Job
	35304  -  Total Bytes Received By Job
	Partitionable Resources :    Usage  Request Allocated 
	   Cpus                 :     1.46        1         1 
	   Disk (KB)            :   105          37      3759 
	   GPUs                 :                           0 
	   Memory (MB)          :  1279        3000      3000 
	   TimeExecute (s)      :   725                       
	   TimeSlotBusy (s)     :   727                       

	Job terminated of its own accord at 2026-02-25T16:30:34Z with exit-code 1.
...
