000 (14722377.002.000) 02/25 15:24:04 Job submitted from host: <188.184.90.62:9618?addrs=188.184.90.62-9618+[2001-1458-201-e4--100-238]-9618&alias=bigbird16.cern.ch&noUDP&sock=schedd_5196_9a2f>
...
040 (14722377.002.000) 02/25 15:26:55 Started transferring input files
	Transferring to host: <188.185.214.29:9618?addrs=188.185.214.29-9618+[2001-1458-303-1c--100-19]-9618&alias=b9p29p6384.cern.ch&noUDP&sock=slot1_8_1237093_ae5b_90505>
...
040 (14722377.002.000) 02/25 15:26:55 Finished transferring input files
...
001 (14722377.002.000) 02/25 15:26:56 Job executing on host: <188.185.214.29:9618?addrs=188.185.214.29-9618+[2001-1458-303-1c--100-19]-9618&alias=b9p29p6384.cern.ch&noUDP&sock=startd_1235302_00a1>
	SlotName: slot1_8@b9p29p6384.cern.ch
	CondorScratchDir = "/pool/condor/dir_2470404"
	Cpus = 1
	Disk = 3783
	GPUs = 0
	Memory = 3000
...
006 (14722377.002.000) 02/25 15:27:10 Image size of job updated: 478764
	468  -  MemoryUsage of job (MB)
	478764  -  ResidentSetSize of job (KB)
...
006 (14722377.002.000) 02/25 15:32:11 Image size of job updated: 1302652
	1209  -  MemoryUsage of job (MB)
	1237248  -  ResidentSetSize of job (KB)
...
006 (14722377.002.000) 02/25 15:35:54 Image size of job updated: 1455392
	1209  -  MemoryUsage of job (MB)
	1237248  -  ResidentSetSize of job (KB)
...
040 (14722377.002.000) 02/25 15:35:55 Started transferring output files
...
040 (14722377.002.000) 02/25 15:35:55 Finished transferring output files
...
005 (14722377.002.000) 02/25 15:35:55 Job terminated.
	(1) Normal termination (return value 1)
		Usr 0 00:14:25, Sys 0 00:00:16  -  Run Remote Usage
		Usr 0 00:00:00, Sys 0 00:00:00  -  Run Local Usage
		Usr 0 00:14:25, Sys 0 00:00:16  -  Total Remote Usage
		Usr 0 00:00:00, Sys 0 00:00:00  -  Total Local Usage
	39098  -  Run Bytes Sent By Job
	36859  -  Run Bytes Received By Job
	39098  -  Total Bytes Sent By Job
	36859  -  Total Bytes Received By Job
	Partitionable Resources :    Usage  Request Allocated 
	   Cpus                 :     1.66        1         1 
	   Disk (KB)            :   100          40      3783 
	   GPUs                 :                           0 
	   Memory (MB)          :  1209        3000      3000 
	   TimeExecute (s)      :   538                       
	   TimeSlotBusy (s)     :   541                       

	Job terminated of its own accord at 2026-02-25T14:35:54Z with exit-code 1.
...
