000 (14737669.002.000) 02/25 20:32:32 Job submitted from host: <188.184.90.62:9618?addrs=188.184.90.62-9618+[2001-1458-201-e4--100-238]-9618&alias=bigbird16.cern.ch&noUDP&sock=schedd_5196_9a2f>
...
040 (14737669.002.000) 02/25 20:36:10 Started transferring input files
	Transferring to host: <188.185.212.8:9618?addrs=188.185.212.8-9618+[2001-1458-303-18--100-4]-9618&alias=b9p25p0259.cern.ch&noUDP&sock=slot1_20_7050_1cd8_172471>
...
040 (14737669.002.000) 02/25 20:36:10 Finished transferring input files
...
001 (14737669.002.000) 02/25 20:36:11 Job executing on host: <188.185.212.8:9618?addrs=188.185.212.8-9618+[2001-1458-303-18--100-4]-9618&alias=b9p25p0259.cern.ch&noUDP&sock=startd_6110_87bf>
	SlotName: slot1_20@b9p25p0259.cern.ch
	CondorScratchDir = "/pool/condor/dir_3749840"
	Cpus = 1
	Disk = 3800
	GPUs = 0
	Memory = 3000
...
006 (14737669.002.000) 02/25 20:36:26 Image size of job updated: 45048
	44  -  MemoryUsage of job (MB)
	45048  -  ResidentSetSize of job (KB)
...
006 (14737669.002.000) 02/25 20:39:52 Image size of job updated: 1312716
	45  -  MemoryUsage of job (MB)
	45724  -  ResidentSetSize of job (KB)
...
040 (14737669.002.000) 02/25 20:39:52 Started transferring output files
...
040 (14737669.002.000) 02/25 20:39:52 Finished transferring output files
...
005 (14737669.002.000) 02/25 20:39:52 Job terminated.
	(1) Normal termination (return value 0)
		Usr 0 00:06:26, Sys 0 00:00:12  -  Run Remote Usage
		Usr 0 00:00:00, Sys 0 00:00:00  -  Run Local Usage
		Usr 0 00:06:26, Sys 0 00:00:12  -  Total Remote Usage
		Usr 0 00:00:00, Sys 0 00:00:00  -  Total Local Usage
	19511  -  Run Bytes Sent By Job
	36997  -  Run Bytes Received By Job
	19511  -  Total Bytes Sent By Job
	36997  -  Total Bytes Received By Job
	Partitionable Resources :    Usage  Request Allocated 
	   Cpus                 :     2.14        1         1 
	   Disk (KB)            :    81          40      3800 
	   GPUs                 :                           0 
	   Memory (MB)          :    45        3000      3000 
	   TimeExecute (s)      :   221                       
	   TimeSlotBusy (s)     :   223                       

	Job terminated of its own accord at 2026-02-25T19:39:52Z with exit-code 0.
...
