000 (14722377.003.000) 02/25 15:24:04 Job submitted from host: <188.184.90.62:9618?addrs=188.184.90.62-9618+[2001-1458-201-e4--100-238]-9618&alias=bigbird16.cern.ch&noUDP&sock=schedd_5196_9a2f>
...
040 (14722377.003.000) 02/25 15:26:55 Started transferring input files
	Transferring to host: <128.142.161.141:9618?addrs=128.142.161.141-9618+[2001-1458-301-b9--100-a]-9618&alias=b9g03p9248.cern.ch&noUDP&sock=slot1_11_6565_62e4_152077>
...
040 (14722377.003.000) 02/25 15:26:55 Finished transferring input files
...
001 (14722377.003.000) 02/25 15:26:56 Job executing on host: <128.142.161.141:9618?addrs=128.142.161.141-9618+[2001-1458-301-b9--100-a]-9618&alias=b9g03p9248.cern.ch&noUDP&sock=startd_5849_8187>
	SlotName: slot1_11@b9g03p9248.cern.ch
	CondorScratchDir = "/pool/condor/dir_3229214"
	Cpus = 1
	Disk = 3863
	GPUs = 0
	Memory = 3000
...
006 (14722377.003.000) 02/25 15:27:10 Image size of job updated: 102568
	101  -  MemoryUsage of job (MB)
	102568  -  ResidentSetSize of job (KB)
...
006 (14722377.003.000) 02/25 15:32:11 Image size of job updated: 1448860
	1408  -  MemoryUsage of job (MB)
	1441236  -  ResidentSetSize of job (KB)
...
006 (14722377.003.000) 02/25 15:34:48 Image size of job updated: 1536864
	1408  -  MemoryUsage of job (MB)
	1441236  -  ResidentSetSize of job (KB)
...
040 (14722377.003.000) 02/25 15:34:48 Started transferring output files
...
040 (14722377.003.000) 02/25 15:34:48 Finished transferring output files
...
005 (14722377.003.000) 02/25 15:34:48 Job terminated.
	(1) Normal termination (return value 1)
		Usr 0 00:19:01, Sys 0 00:00:21  -  Run Remote Usage
		Usr 0 00:00:00, Sys 0 00:00:00  -  Run Local Usage
		Usr 0 00:19:01, Sys 0 00:00:21  -  Total Remote Usage
		Usr 0 00:00:00, Sys 0 00:00:00  -  Total Local Usage
	35318  -  Run Bytes Sent By Job
	36859  -  Run Bytes Received By Job
	35318  -  Total Bytes Sent By Job
	36859  -  Total Bytes Received By Job
	Partitionable Resources :    Usage  Request Allocated 
	   Cpus                 :     2.45        1         1 
	   Disk (KB)            :    97          40      3863 
	   GPUs                 :                           0 
	   Memory (MB)          :  1408        3000      3000 
	   TimeExecute (s)      :   472                       
	   TimeSlotBusy (s)     :   474                       

	Job terminated of its own accord at 2026-02-25T14:34:48Z with exit-code 1.
...
