000 (14737669.010.000) 02/25 20:32:32 Job submitted from host: <188.184.90.62:9618?addrs=188.184.90.62-9618+[2001-1458-201-e4--100-238]-9618&alias=bigbird16.cern.ch&noUDP&sock=schedd_5196_9a2f>
...
040 (14737669.010.000) 02/25 20:36:13 Started transferring input files
	Transferring to host: <188.185.212.45:9618?addrs=188.185.212.45-9618+[2001-1458-303-18--100-29]-9618&alias=b9p25p8932.cern.ch&noUDP&sock=slot1_1_10070_f9d3_172478>
...
040 (14737669.010.000) 02/25 20:36:13 Finished transferring input files
...
001 (14737669.010.000) 02/25 20:36:14 Job executing on host: <188.185.212.45:9618?addrs=188.185.212.45-9618+[2001-1458-303-18--100-29]-9618&alias=b9p25p8932.cern.ch&noUDP&sock=startd_9326_7053>
	SlotName: slot1_1@b9p25p8932.cern.ch
	CondorScratchDir = "/pool/condor/dir_734275"
	Cpus = 1
	Disk = 3861
	GPUs = 0
	Memory = 3000
...
006 (14737669.010.000) 02/25 20:36:28 Image size of job updated: 528968
	517  -  MemoryUsage of job (MB)
	528968  -  ResidentSetSize of job (KB)
...
006 (14737669.010.000) 02/25 20:39:27 Image size of job updated: 1348368
	517  -  MemoryUsage of job (MB)
	528996  -  ResidentSetSize of job (KB)
...
040 (14737669.010.000) 02/25 20:39:27 Started transferring output files
...
040 (14737669.010.000) 02/25 20:39:27 Finished transferring output files
...
005 (14737669.010.000) 02/25 20:39:27 Job terminated.
	(1) Normal termination (return value 0)
		Usr 0 00:07:51, Sys 0 00:00:13  -  Run Remote Usage
		Usr 0 00:00:00, Sys 0 00:00:00  -  Run Local Usage
		Usr 0 00:07:51, Sys 0 00:00:13  -  Total Remote Usage
		Usr 0 00:00:00, Sys 0 00:00:00  -  Total Local Usage
	23955  -  Run Bytes Sent By Job
	36997  -  Run Bytes Received By Job
	23955  -  Total Bytes Sent By Job
	36997  -  Total Bytes Received By Job
	Partitionable Resources :    Usage  Request Allocated 
	   Cpus                 :        0        1         1 
	   Disk (KB)            :       86       40      3861 
	   GPUs                 :                           0 
	   Memory (MB)          :      517     3000      3000 
	   TimeExecute (s)      :      193                    
	   TimeSlotBusy (s)     :      195                    

	Job terminated of its own accord at 2026-02-25T19:39:27Z with exit-code 0.
...
