subject   : /DC=ch/DC=cern/OU=Organic Units/OU=Users/CN=driosper/CN=886669/CN=Diego Alejandro Rios Perez/CN=1573519443
issuer    : /DC=ch/DC=cern/OU=Organic Units/OU=Users/CN=driosper/CN=886669/CN=Diego Alejandro Rios Perez
identity  : /DC=ch/DC=cern/OU=Organic Units/OU=Users/CN=driosper/CN=886669/CN=Diego Alejandro Rios Perez
type      : RFC compliant proxy
strength  : 2048 bits
path      : /afs/cern.ch/user/d/driosper/private/x509up_u182284
timeleft  : 11:49:57
key usage : Digital Signature, Key Encipherment
=== VO cms extension information ===
VO        : cms
subject   : /DC=ch/DC=cern/OU=Organic Units/OU=Users/CN=driosper/CN=886669/CN=Diego Alejandro Rios Perez
issuer    : /DC=ch/DC=cern/OU=computers/CN=cms-auth.cern.ch
attribute : /cms/Role=NULL/Capability=NULL
timeleft  : 11:49:57
uri       : voms-cms-auth.cern.ch:15000
--workflow ztoee --year 2022preEE --output_path /eos/user/d/driosper/bsm3g_coffea/outputs/ztoee/2022preEE/DYJetsToLL_inclusive_10to50 --output_format coffea --dataset DYJetsToLL_inclusive_10to50_7 --partition_json /srv/partition_fileset.json
  Preprocessing 100% ━━━━━━━━━━━━━━━━ 10/10 [ 0:00:11 < 0:00:00 | 1.1   file/s ]
Merging (local) 100% ━━━━━━━━━━━━━━━━ 10/10 [ 0:00:11 < 0:00:00 | ?   merges/s ]
     Processing  62% ━━━━━━━━━━       45/72 [ 0:05:57 < 0:01:42 | 0.3  chunk/s ]
Merging (local) 100% ━━━━━━━━━━━━━━━━ 44/44 [ 0:05:57 < 0:00:00 | ?   merges/s ]
There are 25547 events with muon pt outside of [26,200] GeV. Setting those entries to their initial value.
There are 25548 events with muon pt outside of [26,200] GeV. Setting those entries to their initial value.
There are 70 nan entries in the corrected pt. This might be due to the number of tracker layers hitting boundaries. Setting those entries to their initial value.
There are 18201 events with muon pt outside of [26,200] GeV. Setting those entries to their initial value.
There are 25641 events with muon pt outside of [26,200] GeV. Setting those entries to their initial value.
There are 25641 events with muon pt outside of [26,200] GeV. Setting those entries to their initial value.
There are 85 nan entries in the corrected pt. This might be due to the number of tracker layers hitting boundaries. Setting those entries to their initial value.
There are 18249 events with muon pt outside of [26,200] GeV. Setting those entries to their initial value.
There are 25570 events with muon pt outside of [26,200] GeV. Setting those entries to their initial value.
There are 25570 events with muon pt outside of [26,200] GeV. Setting those entries to their initial value.
There are 75 nan entries in the corrected pt. This might be due to the number of tracker layers hitting boundaries. Setting those entries to their initial value.
There are 18452 events with muon pt outside of [26,200] GeV. Setting those entries to their initial value.
There are 25448 events with muon pt outside of [26,200] GeV. Setting those entries to their initial value.
There are 25448 events with muon pt outside of [26,200] GeV. Setting those entries to their initial value.
There are 62 nan entries in the corrected pt. This might be due to the number of tracker layers hitting boundaries. Setting those entries to their initial value.
There are 18301 events with muon pt outside of [26,200] GeV. Setting those entries to their initial value.
There are 25865 events with muon pt outside of [26,200] GeV. Setting those entries to their initial value.
There are 25865 events with muon pt outside of [26,200] GeV. Setting those entries to their initial value.
There are 72 nan entries in the corrected pt. This might be due to the number of tracker layers hitting boundaries. Setting those entries to their initial value.
There are 18209 events with muon pt outside of [26,200] GeV. Setting those entries to their initial value.
There are 25682 events with muon pt outside of [26,200] GeV. Setting those entries to their initial value.
There are 25682 events with muon pt outside of [26,200] GeV. Setting those entries to their initial value.
There are 69 nan entries in the corrected pt. This might be due to the number of tracker layers hitting boundaries. Setting those entries to their initial value.
There are 18664 events with muon pt outside of [26,200] GeV. Setting those entries to their initial value.
There are 25817 events with muon pt outside of [26,200] GeV. Setting those entries to their initial value.
There are 25818 events with muon pt outside of [26,200] GeV. Setting those entries to their initial value.
There are 69 nan entries in the corrected pt. This might be due to the number of tracker layers hitting boundaries. Setting those entries to their initial value.
There are 18612 events with muon pt outside of [26,200] GeV. Setting those entries to their initial value.
There are 25098 events with muon pt outside of [26,200] GeV. Setting those entries to their initial value.
There are 25098 events with muon pt outside of [26,200] GeV. Setting those entries to their initial value.
There are 90 nan entries in the corrected pt. This might be due to the number of tracker layers hitting boundaries. Setting those entries to their initial value.
There are 18094 events with muon pt outside of [26,200] GeV. Setting those entries to their initial value.
There are 25102 events with muon pt outside of [26,200] GeV. Setting those entries to their initial value.
There are 25103 events with muon pt outside of [26,200] GeV. Setting those entries to their initial value.
There are 84 nan entries in the corrected pt. This might be due to the number of tracker layers hitting boundaries. Setting those entries to their initial value.
There are 18213 events with muon pt outside of [26,200] GeV. Setting those entries to their initial value.
There are 26515 events with muon pt outside of [26,200] GeV. Setting those entries to their initial value.
There are 26515 events with muon pt outside of [26,200] GeV. Setting those entries to their initial value.
There are 85 nan entries in the corrected pt. This might be due to the number of tracker layers hitting boundaries. Setting those entries to their initial value.
There are 19124 events with muon pt outside of [26,200] GeV. Setting those entries to their initial value.
There are 24983 events with muon pt outside of [26,200] GeV. Setting those entries to their initial value.
There are 24983 events with muon pt outside of [26,200] GeV. Setting those entries to their initial value.
There are 78 nan entries in the corrected pt. This might be due to the number of tracker layers hitting boundaries. Setting those entries to their initial value.
There are 17845 events with muon pt outside of [26,200] GeV. Setting those entries to their initial value.
There are 24807 events with muon pt outside of [26,200] GeV. Setting those entries to their initial value.
There are 24807 events with muon pt outside of [26,200] GeV. Setting those entries to their initial value.
There are 89 nan entries in the corrected pt. This might be due to the number of tracker layers hitting boundaries. Setting those entries to their initial value.
There are 17582 events with muon pt outside of [26,200] GeV. Setting those entries to their initial value.
There are 24774 events with muon pt outside of [26,200] GeV. Setting those entries to their initial value.
There are 24774 events with muon pt outside of [26,200] GeV. Setting those entries to their initial value.
There are 80 nan entries in the corrected pt. This might be due to the number of tracker layers hitting boundaries. Setting those entries to their initial value.
There are 17528 events with muon pt outside of [26,200] GeV. Setting those entries to their initial value.
There are 26594 events with muon pt outside of [26,200] GeV. Setting those entries to their initial value.
There are 26594 events with muon pt outside of [26,200] GeV. Setting those entries to their initial value.
There are 78 nan entries in the corrected pt. This might be due to the number of tracker layers hitting boundaries. Setting those entries to their initial value.
There are 19090 events with muon pt outside of [26,200] GeV. Setting those entries to their initial value.
There are 26776 events with muon pt outside of [26,200] GeV. Setting those entries to their initial value.
There are 26777 events with muon pt outside of [26,200] GeV. Setting those entries to their initial value.
There are 73 nan entries in the corrected pt. This might be due to the number of tracker layers hitting boundaries. Setting those entries to their initial value.
There are 19055 events with muon pt outside of [26,200] GeV. Setting those entries to their initial value.
There are 25206 events with muon pt outside of [26,200] GeV. Setting those entries to their initial value.
There are 25206 events with muon pt outside of [26,200] GeV. Setting those entries to their initial value.
There are 77 nan entries in the corrected pt. This might be due to the number of tracker layers hitting boundaries. Setting those entries to their initial value.
There are 18125 events with muon pt outside of [26,200] GeV. Setting those entries to their initial value.
There are 25301 events with muon pt outside of [26,200] GeV. Setting those entries to their initial value.
There are 25302 events with muon pt outside of [26,200] GeV. Setting those entries to their initial value.
There are 89 nan entries in the corrected pt. This might be due to the number of tracker layers hitting boundaries. Setting those entries to their initial value.
There are 25384 events with muon pt outside of [26,200] GeV. Setting those entries to their initial value.
There are 25384 events with muon pt outside of [26,200] GeV. Setting those entries to their initial value.
There are 86 nan entries in the corrected pt. This might be due to the number of tracker layers hitting boundaries. Setting those entries to their initial value.
There are 18482 events with muon pt outside of [26,200] GeV. Setting those entries to their initial value.
There are 25335 events with muon pt outside of [26,200] GeV. Setting those entries to their initial value.
There are 25336 events with muon pt outside of [26,200] GeV. Setting those entries to their initial value.
There are 84 nan entries in the corrected pt. This might be due to the number of tracker layers hitting boundaries. Setting those entries to their initial value.
There are 18258 events with muon pt outside of [26,200] GeV. Setting those entries to their initial value.
There are 25379 events with muon pt outside of [26,200] GeV. Setting those entries to their initial value.
There are 25380 events with muon pt outside of [26,200] GeV. Setting those entries to their initial value.
There are 76 nan entries in the corrected pt. This might be due to the number of tracker layers hitting boundaries. Setting those entries to their initial value.
There are 18218 events with muon pt outside of [26,200] GeV. Setting those entries to their initial value.
There are 25406 events with muon pt outside of [26,200] GeV. Setting those entries to their initial value.
There are 25406 events with muon pt outside of [26,200] GeV. Setting those entries to their initial value.
There are 79 nan entries in the corrected pt. This might be due to the number of tracker layers hitting boundaries. Setting those entries to their initial value.
There are 18302 events with muon pt outside of [26,200] GeV. Setting those entries to their initial value.
There are 25814 events with muon pt outside of [26,200] GeV. Setting those entries to their initial value.
There are 25814 events with muon pt outside of [26,200] GeV. Setting those entries to their initial value.
There are 82 nan entries in the corrected pt. This might be due to the number of tracker layers hitting boundaries. Setting those entries to their initial value.
There are 18727 events with muon pt outside of [26,200] GeV. Setting those entries to their initial value.
There are 25472 events with muon pt outside of [26,200] GeV. Setting those entries to their initial value.
There are 25472 events with muon pt outside of [26,200] GeV. Setting those entries to their initial value.
There are 86 nan entries in the corrected pt. This might be due to the number of tracker layers hitting boundaries. Setting those entries to their initial value.
There are 18476 events with muon pt outside of [26,200] GeV. Setting those entries to their initial value.
There are 24945 events with muon pt outside of [26,200] GeV. Setting those entries to their initial value.
There are 24946 events with muon pt outside of [26,200] GeV. Setting those entries to their initial value.
There are 81 nan entries in the corrected pt. This might be due to the number of tracker layers hitting boundaries. Setting those entries to their initial value.
There are 18243 events with muon pt outside of [26,200] GeV. Setting those entries to their initial value.
There are 5384 events with muon pt outside of [26,200] GeV. Setting those entries to their initial value.
There are 5384 events with muon pt outside of [26,200] GeV. Setting those entries to their initial value.
There are 13 nan entries in the corrected pt. This might be due to the number of tracker layers hitting boundaries. Setting those entries to their initial value.
There are 3800 events with muon pt outside of [26,200] GeV. Setting those entries to their initial value.
There are 5405 events with muon pt outside of [26,200] GeV. Setting those entries to their initial value.
There are 5405 events with muon pt outside of [26,200] GeV. Setting those entries to their initial value.
There are 24 nan entries in the corrected pt. This might be due to the number of tracker layers hitting boundaries. Setting those entries to their initial value.
There are 3874 events with muon pt outside of [26,200] GeV. Setting those entries to their initial value.
There are 26692 events with muon pt outside of [26,200] GeV. Setting those entries to their initial value.
There are 26692 events with muon pt outside of [26,200] GeV. Setting those entries to their initial value.
There are 71 nan entries in the corrected pt. This might be due to the number of tracker layers hitting boundaries. Setting those entries to their initial value.
There are 19100 events with muon pt outside of [26,200] GeV. Setting those entries to their initial value.
There are 25058 events with muon pt outside of [26,200] GeV. Setting those entries to their initial value.
There are 25058 events with muon pt outside of [26,200] GeV. Setting those entries to their initial value.
There are 68 nan entries in the corrected pt. This might be due to the number of tracker layers hitting boundaries. Setting those entries to their initial value.
There are 17868 events with muon pt outside of [26,200] GeV. Setting those entries to their initial value.
There are 25133 events with muon pt outside of [26,200] GeV. Setting those entries to their initial value.
There are 25133 events with muon pt outside of [26,200] GeV. Setting those entries to their initial value.
There are 65 nan entries in the corrected pt. This might be due to the number of tracker layers hitting boundaries. Setting those entries to their initial value.
There are 17905 events with muon pt outside of [26,200] GeV. Setting those entries to their initial value.
There are 24992 events with muon pt outside of [26,200] GeV. Setting those entries to their initial value.
There are 24992 events with muon pt outside of [26,200] GeV. Setting those entries to their initial value.
There are 94 nan entries in the corrected pt. This might be due to the number of tracker layers hitting boundaries. Setting those entries to their initial value.
There are 17773 events with muon pt outside of [26,200] GeV. Setting those entries to their initial value.
There are 27116 events with muon pt outside of [26,200] GeV. Setting those entries to their initial value.
There are 27116 events with muon pt outside of [26,200] GeV. Setting those entries to their initial value.
There are 85 nan entries in the corrected pt. This might be due to the number of tracker layers hitting boundaries. Setting those entries to their initial value.
There are 18995 events with muon pt outside of [26,200] GeV. Setting those entries to their initial value.
There are 26623 events with muon pt outside of [26,200] GeV. Setting those entries to their initial value.
There are 26625 events with muon pt outside of [26,200] GeV. Setting those entries to their initial value.
There are 92 nan entries in the corrected pt. This might be due to the number of tracker layers hitting boundaries. Setting those entries to their initial value.
There are 19086 events with muon pt outside of [26,200] GeV. Setting those entries to their initial value.
There are 25430 events with muon pt outside of [26,200] GeV. Setting those entries to their initial value.
There are 25430 events with muon pt outside of [26,200] GeV. Setting those entries to their initial value.
There are 70 nan entries in the corrected pt. This might be due to the number of tracker layers hitting boundaries. Setting those entries to their initial value.
There are 18115 events with muon pt outside of [26,200] GeV. Setting those entries to their initial value.
There are 25301 events with muon pt outside of [26,200] GeV. Setting those entries to their initial value.
There are 25302 events with muon pt outside of [26,200] GeV. Setting those entries to their initial value.
There are 86 nan entries in the corrected pt. This might be due to the number of tracker layers hitting boundaries. Setting those entries to their initial value.
There are 25666 events with muon pt outside of [26,200] GeV. Setting those entries to their initial value.
There are 25667 events with muon pt outside of [26,200] GeV. Setting those entries to their initial value.
There are 80 nan entries in the corrected pt. This might be due to the number of tracker layers hitting boundaries. Setting those entries to their initial value.
There are 18384 events with muon pt outside of [26,200] GeV. Setting those entries to their initial value.
There are 25384 events with muon pt outside of [26,200] GeV. Setting those entries to their initial value.
There are 25384 events with muon pt outside of [26,200] GeV. Setting those entries to their initial value.
There are 88 nan entries in the corrected pt. This might be due to the number of tracker layers hitting boundaries. Setting those entries to their initial value.
There are 18102 events with muon pt outside of [26,200] GeV. Setting those entries to their initial value.
There are 25788 events with muon pt outside of [26,200] GeV. Setting those entries to their initial value.
There are 25789 events with muon pt outside of [26,200] GeV. Setting those entries to their initial value.
There are 85 nan entries in the corrected pt. This might be due to the number of tracker layers hitting boundaries. Setting those entries to their initial value.
There are 18255 events with muon pt outside of [26,200] GeV. Setting those entries to their initial value.
There are 25633 events with muon pt outside of [26,200] GeV. Setting those entries to their initial value.
There are 25634 events with muon pt outside of [26,200] GeV. Setting those entries to their initial value.
There are 76 nan entries in the corrected pt. This might be due to the number of tracker layers hitting boundaries. Setting those entries to their initial value.
There are 18446 events with muon pt outside of [26,200] GeV. Setting those entries to their initial value.
There are 25718 events with muon pt outside of [26,200] GeV. Setting those entries to their initial value.
There are 25718 events with muon pt outside of [26,200] GeV. Setting those entries to their initial value.
There are 79 nan entries in the corrected pt. This might be due to the number of tracker layers hitting boundaries. Setting those entries to their initial value.
There are 18342 events with muon pt outside of [26,200] GeV. Setting those entries to their initial value.
There are 25976 events with muon pt outside of [26,200] GeV. Setting those entries to their initial value.
There are 25977 events with muon pt outside of [26,200] GeV. Setting those entries to their initial value.
There are 83 nan entries in the corrected pt. This might be due to the number of tracker layers hitting boundaries. Setting those entries to their initial value.
There are 18314 events with muon pt outside of [26,200] GeV. Setting those entries to their initial value.
There are 25044 events with muon pt outside of [26,200] GeV. Setting those entries to their initial value.
There are 25045 events with muon pt outside of [26,200] GeV. Setting those entries to their initial value.
There are 63 nan entries in the corrected pt. This might be due to the number of tracker layers hitting boundaries. Setting those entries to their initial value.
There are 17964 events with muon pt outside of [26,200] GeV. Setting those entries to their initial value.
There are 25308 events with muon pt outside of [26,200] GeV. Setting those entries to their initial value.
There are 25309 events with muon pt outside of [26,200] GeV. Setting those entries to their initial value.
There are 72 nan entries in the corrected pt. This might be due to the number of tracker layers hitting boundaries. Setting those entries to their initial value.
There are 18139 events with muon pt outside of [26,200] GeV. Setting those entries to their initial value.
There are 26523 events with muon pt outside of [26,200] GeV. Setting those entries to their initial value.
There are 26523 events with muon pt outside of [26,200] GeV. Setting those entries to their initial value.
There are 92 nan entries in the corrected pt. This might be due to the number of tracker layers hitting boundaries. Setting those entries to their initial value.
There are 19176 events with muon pt outside of [26,200] GeV. Setting those entries to their initial value.
There are 26367 events with muon pt outside of [26,200] GeV. Setting those entries to their initial value.
There are 26367 events with muon pt outside of [26,200] GeV. Setting those entries to their initial value.
There are 65 nan entries in the corrected pt. This might be due to the number of tracker layers hitting boundaries. Setting those entries to their initial value.
There are 19308 events with muon pt outside of [26,200] GeV. Setting those entries to their initial value.
There are 24789 events with muon pt outside of [26,200] GeV. Setting those entries to their initial value.
There are 24789 events with muon pt outside of [26,200] GeV. Setting those entries to their initial value.
There are 64 nan entries in the corrected pt. This might be due to the number of tracker layers hitting boundaries. Setting those entries to their initial value.
There are 17655 events with muon pt outside of [26,200] GeV. Setting those entries to their initial value.
There are 26527 events with muon pt outside of [26,200] GeV. Setting those entries to their initial value.
There are 26529 events with muon pt outside of [26,200] GeV. Setting those entries to their initial value.
There are 76 nan entries in the corrected pt. This might be due to the number of tracker layers hitting boundaries. Setting those entries to their initial value.
There are 18826 events with muon pt outside of [26,200] GeV. Setting those entries to their initial value.
There are 26938 events with muon pt outside of [26,200] GeV. Setting those entries to their initial value.
There are 26938 events with muon pt outside of [26,200] GeV. Setting those entries to their initial value.
There are 84 nan entries in the corrected pt. This might be due to the number of tracker layers hitting boundaries. Setting those entries to their initial value.
There are 19152 events with muon pt outside of [26,200] GeV. Setting those entries to their initial value.
There are 26822 events with muon pt outside of [26,200] GeV. Setting those entries to their initial value.
There are 26822 events with muon pt outside of [26,200] GeV. Setting those entries to their initial value.
There are 68 nan entries in the corrected pt. This might be due to the number of tracker layers hitting boundaries. Setting those entries to their initial value.
There are 18882 events with muon pt outside of [26,200] GeV. Setting those entries to their initial value.
There are 25533 events with muon pt outside of [26,200] GeV. Setting those entries to their initial value.
There are 25533 events with muon pt outside of [26,200] GeV. Setting those entries to their initial value.
There are 67 nan entries in the corrected pt. This might be due to the number of tracker layers hitting boundaries. Setting those entries to their initial value.
There are 18076 events with muon pt outside of [26,200] GeV. Setting those entries to their initial value.
There are 25240 events with muon pt outside of [26,200] GeV. Setting those entries to their initial value.
There are 25241 events with muon pt outside of [26,200] GeV. Setting those entries to their initial value.
There are 76 nan entries in the corrected pt. This might be due to the number of tracker layers hitting boundaries. Setting those entries to their initial value.
There are 18366 events with muon pt outside of [26,200] GeV. Setting those entries to their initial value.
There are 24084 events with muon pt outside of [26,200] GeV. Setting those entries to their initial value.
There are 24084 events with muon pt outside of [26,200] GeV. Setting those entries to their initial value.
There are 83 nan entries in the corrected pt. This might be due to the number of tracker layers hitting boundaries. Setting those entries to their initial value.
There are 25566 events with muon pt outside of [26,200] GeV. Setting those entries to their initial value.
There are 25566 events with muon pt outside of [26,200] GeV. Setting those entries to their initial value.
There are 79 nan entries in the corrected pt. This might be due to the number of tracker layers hitting boundaries. Setting those entries to their initial value.
There are 18505 events with muon pt outside of [26,200] GeV. Setting those entries to their initial value.
There are 25643 events with muon pt outside of [26,200] GeV. Setting those entries to their initial value.
There are 25643 events with muon pt outside of [26,200] GeV. Setting those entries to their initial value.
There are 74 nan entries in the corrected pt. This might be due to the number of tracker layers hitting boundaries. Setting those entries to their initial value.
There are 18121 events with muon pt outside of [26,200] GeV. Setting those entries to their initial value.
There are 25560 events with muon pt outside of [26,200] GeV. Setting those entries to their initial value.
There are 25560 events with muon pt outside of [26,200] GeV. Setting those entries to their initial value.
There are 102 nan entries in the corrected pt. This might be due to the number of tracker layers hitting boundaries. Setting those entries to their initial value.
There are 18191 events with muon pt outside of [26,200] GeV. Setting those entries to their initial value.
There are 25740 events with muon pt outside of [26,200] GeV. Setting those entries to their initial value.
There are 25741 events with muon pt outside of [26,200] GeV. Setting those entries to their initial value.
There are 87 nan entries in the corrected pt. This might be due to the number of tracker layers hitting boundaries. Setting those entries to their initial value.
There are 18511 events with muon pt outside of [26,200] GeV. Setting those entries to their initial value.
There are 25777 events with muon pt outside of [26,200] GeV. Setting those entries to their initial value.
There are 25777 events with muon pt outside of [26,200] GeV. Setting those entries to their initial value.
There are 82 nan entries in the corrected pt. This might be due to the number of tracker layers hitting boundaries. Setting those entries to their initial value.
There are 18345 events with muon pt outside of [26,200] GeV. Setting those entries to their initial value.
There are 25511 events with muon pt outside of [26,200] GeV. Setting those entries to their initial value.
There are 25511 events with muon pt outside of [26,200] GeV. Setting those entries to their initial value.
There are 85 nan entries in the corrected pt. This might be due to the number of tracker layers hitting boundaries. Setting those entries to their initial value.
There are 18569 events with muon pt outside of [26,200] GeV. Setting those entries to their initial value.
There are 25226 events with muon pt outside of [26,200] GeV. Setting those entries to their initial value.
There are 25226 events with muon pt outside of [26,200] GeV. Setting those entries to their initial value.
There are 80 nan entries in the corrected pt. This might be due to the number of tracker layers hitting boundaries. Setting those entries to their initial value.
There are 18006 events with muon pt outside of [26,200] GeV. Setting those entries to their initial value.
There are 25184 events with muon pt outside of [26,200] GeV. Setting those entries to their initial value.
There are 25184 events with muon pt outside of [26,200] GeV. Setting those entries to their initial value.
There are 85 nan entries in the corrected pt. This might be due to the number of tracker layers hitting boundaries. Setting those entries to their initial value.
There are 17864 events with muon pt outside of [26,200] GeV. Setting those entries to their initial value.
There are 26667 events with muon pt outside of [26,200] GeV. Setting those entries to their initial value.
There are 26667 events with muon pt outside of [26,200] GeV. Setting those entries to their initial value.
There are 75 nan entries in the corrected pt. This might be due to the number of tracker layers hitting boundaries. Setting those entries to their initial value.
There are 19192 events with muon pt outside of [26,200] GeV. Setting those entries to their initial value.
There are 24966 events with muon pt outside of [26,200] GeV. Setting those entries to their initial value.
There are 24966 events with muon pt outside of [26,200] GeV. Setting those entries to their initial value.
There are 78 nan entries in the corrected pt. This might be due to the number of tracker layers hitting boundaries. Setting those entries to their initial value.
There are 17806 events with muon pt outside of [26,200] GeV. Setting those entries to their initial value.
There are 24851 events with muon pt outside of [26,200] GeV. Setting those entries to their initial value.
There are 24852 events with muon pt outside of [26,200] GeV. Setting those entries to their initial value.
There are 70 nan entries in the corrected pt. This might be due to the number of tracker layers hitting boundaries. Setting those entries to their initial value.
There are 17762 events with muon pt outside of [26,200] GeV. Setting those entries to their initial value.
There are 26693 events with muon pt outside of [26,200] GeV. Setting those entries to their initial value.
There are 26694 events with muon pt outside of [26,200] GeV. Setting those entries to their initial value.
There are 98 nan entries in the corrected pt. This might be due to the number of tracker layers hitting boundaries. Setting those entries to their initial value.
There are 19155 events with muon pt outside of [26,200] GeV. Setting those entries to their initial value.
There are 26749 events with muon pt outside of [26,200] GeV. Setting those entries to their initial value.
There are 26749 events with muon pt outside of [26,200] GeV. Setting those entries to their initial value.
There are 78 nan entries in the corrected pt. This might be due to the number of tracker layers hitting boundaries. Setting those entries to their initial value.
There are 19118 events with muon pt outside of [26,200] GeV. Setting those entries to their initial value.
There are 25260 events with muon pt outside of [26,200] GeV. Setting those entries to their initial value.
There are 25260 events with muon pt outside of [26,200] GeV. Setting those entries to their initial value.
There are 88 nan entries in the corrected pt. This might be due to the number of tracker layers hitting boundaries. Setting those entries to their initial value.
There are 18155 events with muon pt outside of [26,200] GeV. Setting those entries to their initial value.
There are 25539 events with muon pt outside of [26,200] GeV. Setting those entries to their initial value.
There are 25540 events with muon pt outside of [26,200] GeV. Setting those entries to their initial value.
There are 76 nan entries in the corrected pt. This might be due to the number of tracker layers hitting boundaries. Setting those entries to their initial value.
There are 18250 events with muon pt outside of [26,200] GeV. Setting those entries to their initial value.
There are 23900 events with muon pt outside of [26,200] GeV. Setting those entries to their initial value.
There are 23900 events with muon pt outside of [26,200] GeV. Setting those entries to their initial value.
There are 76 nan entries in the corrected pt. This might be due to the number of tracker layers hitting boundaries. Setting those entries to their initial value.
There are 17176 events with muon pt outside of [26,200] GeV. Setting those entries to their initial value.
There are 24092 events with muon pt outside of [26,200] GeV. Setting those entries to their initial value.
There are 24093 events with muon pt outside of [26,200] GeV. Setting those entries to their initial value.
There are 84 nan entries in the corrected pt. This might be due to the number of tracker layers hitting boundaries. Setting those entries to their initial value.
There are 17026 events with muon pt outside of [26,200] GeV. Setting those entries to their initial value.
There are 17281 events with muon pt outside of [26,200] GeV. Setting those entries to their initial value.
There are 24084 events with muon pt outside of [26,200] GeV. Setting those entries to their initial value.
There are 24084 events with muon pt outside of [26,200] GeV. Setting those entries to their initial value.
There are 73 nan entries in the corrected pt. This might be due to the number of tracker layers hitting boundaries. Setting those entries to their initial value.
There are 17170 events with muon pt outside of [26,200] GeV. Setting those entries to their initial value.
There are 18093 events with muon pt outside of [26,200] GeV. Setting those entries to their initial value.
There are 25169 events with muon pt outside of [26,200] GeV. Setting those entries to their initial value.
There are 25169 events with muon pt outside of [26,200] GeV. Setting those entries to their initial value.
There are 81 nan entries in the corrected pt. This might be due to the number of tracker layers hitting boundaries. Setting those entries to their initial value.
There are 18272 events with muon pt outside of [26,200] GeV. Setting those entries to their initial value.
There are 18238 events with muon pt outside of [26,200] GeV. Setting those entries to their initial value.
There are 23955 events with muon pt outside of [26,200] GeV. Setting those entries to their initial value.
There are 23955 events with muon pt outside of [26,200] GeV. Setting those entries to their initial value.
There are 84 nan entries in the corrected pt. This might be due to the number of tracker layers hitting boundaries. Setting those entries to their initial value.
There are 17291 events with muon pt outside of [26,200] GeV. Setting those entries to their initial value.
There are 24051 events with muon pt outside of [26,200] GeV. Setting those entries to their initial value.
There are 24051 events with muon pt outside of [26,200] GeV. Setting those entries to their initial value.
There are 79 nan entries in the corrected pt. This might be due to the number of tracker layers hitting boundaries. Setting those entries to their initial value.
There are 16979 events with muon pt outside of [26,200] GeV. Setting those entries to their initial value.
