000 (14737669.009.000) 02/25 20:32:32 Job submitted from host: <188.184.90.62:9618?addrs=188.184.90.62-9618+[2001-1458-201-e4--100-238]-9618&alias=bigbird16.cern.ch&noUDP&sock=schedd_5196_9a2f>
...
040 (14737669.009.000) 02/25 20:36:12 Started transferring input files
	Transferring to host: <188.185.193.83:9618?addrs=188.185.193.83-9618+[2001-1458-303-20--100-4f]-9618&alias=b9p19p9863.cern.ch&noUDP&sock=slot1_1_7770_6af5_156163>
...
040 (14737669.009.000) 02/25 20:36:12 Finished transferring input files
...
001 (14737669.009.000) 02/25 20:36:13 Job executing on host: <188.185.193.83:9618?addrs=188.185.193.83-9618+[2001-1458-303-20--100-4f]-9618&alias=b9p19p9863.cern.ch&noUDP&sock=startd_6442_4130>
	SlotName: slot1_1@b9p19p9863.cern.ch
	CondorScratchDir = "/pool/condor/dir_2573270"
	Cpus = 1
	Disk = 3856
	GPUs = 0
	Memory = 3000
...
006 (14737669.009.000) 02/25 20:36:27 Image size of job updated: 508772
	497  -  MemoryUsage of job (MB)
	508772  -  ResidentSetSize of job (KB)
...
006 (14737669.009.000) 02/25 20:41:28 Image size of job updated: 1266780
	1186  -  MemoryUsage of job (MB)
	1214300  -  ResidentSetSize of job (KB)
...
006 (14737669.009.000) 02/25 20:46:28 Image size of job updated: 1278180
	1249  -  MemoryUsage of job (MB)
	1278180  -  ResidentSetSize of job (KB)
...
006 (14737669.009.000) 02/25 20:46:52 Image size of job updated: 1311360
	1249  -  MemoryUsage of job (MB)
	1278180  -  ResidentSetSize of job (KB)
...
040 (14737669.009.000) 02/25 20:46:52 Started transferring output files
...
040 (14737669.009.000) 02/25 20:46:52 Finished transferring output files
...
005 (14737669.009.000) 02/25 20:46:52 Job terminated.
	(1) Normal termination (return value 0)
		Usr 0 00:25:24, Sys 0 00:00:23  -  Run Remote Usage
		Usr 0 00:00:00, Sys 0 00:00:00  -  Run Local Usage
		Usr 0 00:25:24, Sys 0 00:00:23  -  Total Remote Usage
		Usr 0 00:00:00, Sys 0 00:00:00  -  Total Local Usage
	37976  -  Run Bytes Sent By Job
	36997  -  Run Bytes Received By Job
	37976  -  Total Bytes Sent By Job
	36997  -  Total Bytes Received By Job
	Partitionable Resources :    Usage  Request Allocated 
	   Cpus                 :     3.16        1         1 
	   Disk (KB)            :    99          40      3856 
	   GPUs                 :                           0 
	   Memory (MB)          :  1249        3000      3000 
	   TimeExecute (s)      :   639                       
	   TimeSlotBusy (s)     :   641                       

	Job terminated of its own accord at 2026-02-25T19:46:52Z with exit-code 0.
...
