000 (14729949.003.000) 02/25 17:14:35 Job submitted from host: <188.184.90.62:9618?addrs=188.184.90.62-9618+[2001-1458-201-e4--100-238]-9618&alias=bigbird16.cern.ch&noUDP&sock=schedd_5196_9a2f>
...
040 (14729949.003.000) 02/25 17:18:29 Started transferring input files
	Transferring to host: <188.185.206.205:9618?addrs=188.185.206.205-9618+[2001-1458-303-c--100-4a]-9618&alias=b9p06p1318.cern.ch&noUDP&sock=slot1_32_4020_341d_149594>
...
040 (14729949.003.000) 02/25 17:18:29 Finished transferring input files
...
001 (14729949.003.000) 02/25 17:18:30 Job executing on host: <188.185.206.205:9618?addrs=188.185.206.205-9618+[2001-1458-303-c--100-4a]-9618&alias=b9p06p1318.cern.ch&noUDP&sock=startd_3572_ac61>
	SlotName: slot1_32@b9p06p1318.cern.ch
	CondorScratchDir = "/pool/condor/dir_1842991"
	Cpus = 1
	Disk = 3670
	GPUs = 0
	Memory = 3000
...
006 (14729949.003.000) 02/25 17:18:44 Image size of job updated: 480216
	469  -  MemoryUsage of job (MB)
	480216  -  ResidentSetSize of job (KB)
...
006 (14729949.003.000) 02/25 17:23:44 Image size of job updated: 1343004
	1246  -  MemoryUsage of job (MB)
	1275128  -  ResidentSetSize of job (KB)
...
006 (14729949.003.000) 02/25 17:24:39 Image size of job updated: 1385084
	1246  -  MemoryUsage of job (MB)
	1275128  -  ResidentSetSize of job (KB)
...
040 (14729949.003.000) 02/25 17:24:39 Started transferring output files
...
040 (14729949.003.000) 02/25 17:24:39 Finished transferring output files
...
005 (14729949.003.000) 02/25 17:24:39 Job terminated.
	(1) Normal termination (return value 1)
		Usr 0 00:10:48, Sys 0 00:00:18  -  Run Remote Usage
		Usr 0 00:00:00, Sys 0 00:00:00  -  Run Local Usage
		Usr 0 00:10:48, Sys 0 00:00:18  -  Total Remote Usage
		Usr 0 00:00:00, Sys 0 00:00:00  -  Total Local Usage
	35096  -  Run Bytes Sent By Job
	35304  -  Run Bytes Received By Job
	35096  -  Total Bytes Sent By Job
	35304  -  Total Bytes Received By Job
	Partitionable Resources :    Usage  Request Allocated 
	   Cpus                 :     0.20        1         1 
	   Disk (KB)            :   100          37      3670 
	   GPUs                 :                           0 
	   Memory (MB)          :  1246        3000      3000 
	   TimeExecute (s)      :   369                       
	   TimeSlotBusy (s)     :   371                       

	Job terminated of its own accord at 2026-02-25T16:24:39Z with exit-code 1.
...
