subject   : /DC=ch/DC=cern/OU=Organic Units/OU=Users/CN=driosper/CN=886669/CN=Diego Alejandro Rios Perez/CN=3192939875
issuer    : /DC=ch/DC=cern/OU=Organic Units/OU=Users/CN=driosper/CN=886669/CN=Diego Alejandro Rios Perez
identity  : /DC=ch/DC=cern/OU=Organic Units/OU=Users/CN=driosper/CN=886669/CN=Diego Alejandro Rios Perez
type      : RFC compliant proxy
strength  : 2048 bits
path      : /afs/cern.ch/user/d/driosper/private/x509up_u182284
timeleft  : 11:12:41
key usage : Digital Signature, Key Encipherment
=== VO cms extension information ===
VO        : cms
subject   : /DC=ch/DC=cern/OU=Organic Units/OU=Users/CN=driosper/CN=886669/CN=Diego Alejandro Rios Perez
issuer    : /DC=ch/DC=cern/OU=computers/CN=cms-auth.cern.ch
attribute : /cms/Role=NULL/Capability=NULL
timeleft  : 11:12:41
uri       : voms-cms-auth.cern.ch:15000
--workflow ztoee --year 2022preEE --output_path /eos/user/d/driosper/bsm3g_coffea/outputs/ztoee/2022preEE/DYJetsToLL_inclusive_10to50 --output_format coffea --dataset DYJetsToLL_inclusive_10to50_5 --partition_json /srv/partition_fileset.json
  Preprocessing 100% ━━━━━━━━━━━━━━━━ 10/10 [ 0:00:20 < 0:00:00 | 0.6   file/s ]
Merging (local) 100% ━━━━━━━━━━━━━━━━ 10/10 [ 0:00:20 < 0:00:00 | ?   merges/s ]
     Processing  85% ━━━━━━━━━━━━━╸   44/52 [ 0:07:11 < 0:01:34 | 0.1  chunk/s ]
Merging (local) 100% ━━━━━━━━━━━━━━━━ 43/43 [ 0:07:02 < 0:00:00 | ?   merges/s ]
There are 24370 events with muon pt outside of [26,200] GeV. Setting those entries to their initial value.
There are 24370 events with muon pt outside of [26,200] GeV. Setting those entries to their initial value.
There are 83 nan entries in the corrected pt. This might be due to the number of tracker layers hitting boundaries. Setting those entries to their initial value.
There are 17105 events with muon pt outside of [26,200] GeV. Setting those entries to their initial value.
There are 24084 events with muon pt outside of [26,200] GeV. Setting those entries to their initial value.
There are 24084 events with muon pt outside of [26,200] GeV. Setting those entries to their initial value.
There are 68 nan entries in the corrected pt. This might be due to the number of tracker layers hitting boundaries. Setting those entries to their initial value.
There are 17422 events with muon pt outside of [26,200] GeV. Setting those entries to their initial value.
There are 26078 events with muon pt outside of [26,200] GeV. Setting those entries to their initial value.
There are 26079 events with muon pt outside of [26,200] GeV. Setting those entries to their initial value.
There are 81 nan entries in the corrected pt. This might be due to the number of tracker layers hitting boundaries. Setting those entries to their initial value.
There are 18872 events with muon pt outside of [26,200] GeV. Setting those entries to their initial value.
There are 24404 events with muon pt outside of [26,200] GeV. Setting those entries to their initial value.
There are 24404 events with muon pt outside of [26,200] GeV. Setting those entries to their initial value.
There are 85 nan entries in the corrected pt. This might be due to the number of tracker layers hitting boundaries. Setting those entries to their initial value.
There are 17590 events with muon pt outside of [26,200] GeV. Setting those entries to their initial value.
There are 24598 events with muon pt outside of [26,200] GeV. Setting those entries to their initial value.
There are 24598 events with muon pt outside of [26,200] GeV. Setting those entries to their initial value.
There are 65 nan entries in the corrected pt. This might be due to the number of tracker layers hitting boundaries. Setting those entries to their initial value.
There are 17560 events with muon pt outside of [26,200] GeV. Setting those entries to their initial value.
There are 27792 events with muon pt outside of [26,200] GeV. Setting those entries to their initial value.
There are 27793 events with muon pt outside of [26,200] GeV. Setting those entries to their initial value.
There are 68 nan entries in the corrected pt. This might be due to the number of tracker layers hitting boundaries. Setting those entries to their initial value.
There are 20129 events with muon pt outside of [26,200] GeV. Setting those entries to their initial value.
There are 25614 events with muon pt outside of [26,200] GeV. Setting those entries to their initial value.
There are 25614 events with muon pt outside of [26,200] GeV. Setting those entries to their initial value.
There are 73 nan entries in the corrected pt. This might be due to the number of tracker layers hitting boundaries. Setting those entries to their initial value.
There are 18758 events with muon pt outside of [26,200] GeV. Setting those entries to their initial value.
There are 24803 events with muon pt outside of [26,200] GeV. Setting those entries to their initial value.
There are 24803 events with muon pt outside of [26,200] GeV. Setting those entries to their initial value.
There are 74 nan entries in the corrected pt. This might be due to the number of tracker layers hitting boundaries. Setting those entries to their initial value.
There are 17518 events with muon pt outside of [26,200] GeV. Setting those entries to their initial value.
There are 25401 events with muon pt outside of [26,200] GeV. Setting those entries to their initial value.
There are 25402 events with muon pt outside of [26,200] GeV. Setting those entries to their initial value.
There are 64 nan entries in the corrected pt. This might be due to the number of tracker layers hitting boundaries. Setting those entries to their initial value.
There are 17950 events with muon pt outside of [26,200] GeV. Setting those entries to their initial value.
There are 24096 events with muon pt outside of [26,200] GeV. Setting those entries to their initial value.
There are 24096 events with muon pt outside of [26,200] GeV. Setting those entries to their initial value.
There are 67 nan entries in the corrected pt. This might be due to the number of tracker layers hitting boundaries. Setting those entries to their initial value.
There are 17582 events with muon pt outside of [26,200] GeV. Setting those entries to their initial value.
There are 24086 events with muon pt outside of [26,200] GeV. Setting those entries to their initial value.
There are 24086 events with muon pt outside of [26,200] GeV. Setting those entries to their initial value.
There are 67 nan entries in the corrected pt. This might be due to the number of tracker layers hitting boundaries. Setting those entries to their initial value.
There are 17099 events with muon pt outside of [26,200] GeV. Setting those entries to their initial value.
There are 24088 events with muon pt outside of [26,200] GeV. Setting those entries to their initial value.
There are 24089 events with muon pt outside of [26,200] GeV. Setting those entries to their initial value.
There are 69 nan entries in the corrected pt. This might be due to the number of tracker layers hitting boundaries. Setting those entries to their initial value.
There are 17310 events with muon pt outside of [26,200] GeV. Setting those entries to their initial value.
There are 26245 events with muon pt outside of [26,200] GeV. Setting those entries to their initial value.
There are 26245 events with muon pt outside of [26,200] GeV. Setting those entries to their initial value.
There are 81 nan entries in the corrected pt. This might be due to the number of tracker layers hitting boundaries. Setting those entries to their initial value.
There are 18999 events with muon pt outside of [26,200] GeV. Setting those entries to their initial value.
There are 24467 events with muon pt outside of [26,200] GeV. Setting those entries to their initial value.
There are 24467 events with muon pt outside of [26,200] GeV. Setting those entries to their initial value.
There are 65 nan entries in the corrected pt. This might be due to the number of tracker layers hitting boundaries. Setting those entries to their initial value.
There are 17570 events with muon pt outside of [26,200] GeV. Setting those entries to their initial value.
There are 24741 events with muon pt outside of [26,200] GeV. Setting those entries to their initial value.
There are 24742 events with muon pt outside of [26,200] GeV. Setting those entries to their initial value.
There are 64 nan entries in the corrected pt. This might be due to the number of tracker layers hitting boundaries. Setting those entries to their initial value.
There are 17477 events with muon pt outside of [26,200] GeV. Setting those entries to their initial value.
There are 27973 events with muon pt outside of [26,200] GeV. Setting those entries to their initial value.
There are 27973 events with muon pt outside of [26,200] GeV. Setting those entries to their initial value.
There are 93 nan entries in the corrected pt. This might be due to the number of tracker layers hitting boundaries. Setting those entries to their initial value.
There are 19869 events with muon pt outside of [26,200] GeV. Setting those entries to their initial value.
There are 27654 events with muon pt outside of [26,200] GeV. Setting those entries to their initial value.
There are 27655 events with muon pt outside of [26,200] GeV. Setting those entries to their initial value.
There are 83 nan entries in the corrected pt. This might be due to the number of tracker layers hitting boundaries. Setting those entries to their initial value.
There are 19949 events with muon pt outside of [26,200] GeV. Setting those entries to their initial value.
There are 25295 events with muon pt outside of [26,200] GeV. Setting those entries to their initial value.
There are 25295 events with muon pt outside of [26,200] GeV. Setting those entries to their initial value.
There are 80 nan entries in the corrected pt. This might be due to the number of tracker layers hitting boundaries. Setting those entries to their initial value.
There are 18330 events with muon pt outside of [26,200] GeV. Setting those entries to their initial value.
There are 24691 events with muon pt outside of [26,200] GeV. Setting those entries to their initial value.
There are 24691 events with muon pt outside of [26,200] GeV. Setting those entries to their initial value.
There are 78 nan entries in the corrected pt. This might be due to the number of tracker layers hitting boundaries. Setting those entries to their initial value.
There are 17872 events with muon pt outside of [26,200] GeV. Setting those entries to their initial value.
There are 24857 events with muon pt outside of [26,200] GeV. Setting those entries to their initial value.
There are 24857 events with muon pt outside of [26,200] GeV. Setting those entries to their initial value.
There are 69 nan entries in the corrected pt. This might be due to the number of tracker layers hitting boundaries. Setting those entries to their initial value.
There are 17814 events with muon pt outside of [26,200] GeV. Setting those entries to their initial value.
There are 25185 events with muon pt outside of [26,200] GeV. Setting those entries to their initial value.
There are 25185 events with muon pt outside of [26,200] GeV. Setting those entries to their initial value.
There are 58 nan entries in the corrected pt. This might be due to the number of tracker layers hitting boundaries. Setting those entries to their initial value.
There are 18077 events with muon pt outside of [26,200] GeV. Setting those entries to their initial value.
There are 25146 events with muon pt outside of [26,200] GeV. Setting those entries to their initial value.
There are 25147 events with muon pt outside of [26,200] GeV. Setting those entries to their initial value.
There are 70 nan entries in the corrected pt. This might be due to the number of tracker layers hitting boundaries. Setting those entries to their initial value.
There are 18206 events with muon pt outside of [26,200] GeV. Setting those entries to their initial value.
There are 24141 events with muon pt outside of [26,200] GeV. Setting those entries to their initial value.
There are 24141 events with muon pt outside of [26,200] GeV. Setting those entries to their initial value.
There are 75 nan entries in the corrected pt. This might be due to the number of tracker layers hitting boundaries. Setting those entries to their initial value.
There are 17368 events with muon pt outside of [26,200] GeV. Setting those entries to their initial value.
There are 24555 events with muon pt outside of [26,200] GeV. Setting those entries to their initial value.
There are 24555 events with muon pt outside of [26,200] GeV. Setting those entries to their initial value.
There are 67 nan entries in the corrected pt. This might be due to the number of tracker layers hitting boundaries. Setting those entries to their initial value.
There are 17225 events with muon pt outside of [26,200] GeV. Setting those entries to their initial value.
There are 24388 events with muon pt outside of [26,200] GeV. Setting those entries to their initial value.
There are 24388 events with muon pt outside of [26,200] GeV. Setting those entries to their initial value.
There are 76 nan entries in the corrected pt. This might be due to the number of tracker layers hitting boundaries. Setting those entries to their initial value.
There are 17161 events with muon pt outside of [26,200] GeV. Setting those entries to their initial value.
There are 26336 events with muon pt outside of [26,200] GeV. Setting those entries to their initial value.
There are 26336 events with muon pt outside of [26,200] GeV. Setting those entries to their initial value.
There are 89 nan entries in the corrected pt. This might be due to the number of tracker layers hitting boundaries. Setting those entries to their initial value.
There are 18620 events with muon pt outside of [26,200] GeV. Setting those entries to their initial value.
There are 24583 events with muon pt outside of [26,200] GeV. Setting those entries to their initial value.
There are 24583 events with muon pt outside of [26,200] GeV. Setting those entries to their initial value.
There are 71 nan entries in the corrected pt. This might be due to the number of tracker layers hitting boundaries. Setting those entries to their initial value.
There are 17589 events with muon pt outside of [26,200] GeV. Setting those entries to their initial value.
There are 24539 events with muon pt outside of [26,200] GeV. Setting those entries to their initial value.
There are 24539 events with muon pt outside of [26,200] GeV. Setting those entries to their initial value.
There are 85 nan entries in the corrected pt. This might be due to the number of tracker layers hitting boundaries. Setting those entries to their initial value.
There are 17555 events with muon pt outside of [26,200] GeV. Setting those entries to their initial value.
There are 24526 events with muon pt outside of [26,200] GeV. Setting those entries to their initial value.
There are 24526 events with muon pt outside of [26,200] GeV. Setting those entries to their initial value.
There are 80 nan entries in the corrected pt. This might be due to the number of tracker layers hitting boundaries. Setting those entries to their initial value.
There are 17390 events with muon pt outside of [26,200] GeV. Setting those entries to their initial value.
There are 27887 events with muon pt outside of [26,200] GeV. Setting those entries to their initial value.
There are 27888 events with muon pt outside of [26,200] GeV. Setting those entries to their initial value.
There are 73 nan entries in the corrected pt. This might be due to the number of tracker layers hitting boundaries. Setting those entries to their initial value.
There are 19805 events with muon pt outside of [26,200] GeV. Setting those entries to their initial value.
There are 25686 events with muon pt outside of [26,200] GeV. Setting those entries to their initial value.
There are 25686 events with muon pt outside of [26,200] GeV. Setting those entries to their initial value.
There are 68 nan entries in the corrected pt. This might be due to the number of tracker layers hitting boundaries. Setting those entries to their initial value.
There are 18312 events with muon pt outside of [26,200] GeV. Setting those entries to their initial value.
There are 24636 events with muon pt outside of [26,200] GeV. Setting those entries to their initial value.
There are 24637 events with muon pt outside of [26,200] GeV. Setting those entries to their initial value.
There are 74 nan entries in the corrected pt. This might be due to the number of tracker layers hitting boundaries. Setting those entries to their initial value.
There are 17729 events with muon pt outside of [26,200] GeV. Setting those entries to their initial value.
There are 24944 events with muon pt outside of [26,200] GeV. Setting those entries to their initial value.
There are 24944 events with muon pt outside of [26,200] GeV. Setting those entries to their initial value.
There are 75 nan entries in the corrected pt. This might be due to the number of tracker layers hitting boundaries. Setting those entries to their initial value.
There are 17740 events with muon pt outside of [26,200] GeV. Setting those entries to their initial value.
There are 24696 events with muon pt outside of [26,200] GeV. Setting those entries to their initial value.
There are 24696 events with muon pt outside of [26,200] GeV. Setting those entries to their initial value.
There are 79 nan entries in the corrected pt. This might be due to the number of tracker layers hitting boundaries. Setting those entries to their initial value.
There are 17728 events with muon pt outside of [26,200] GeV. Setting those entries to their initial value.
There are 25322 events with muon pt outside of [26,200] GeV. Setting those entries to their initial value.
There are 25322 events with muon pt outside of [26,200] GeV. Setting those entries to their initial value.
There are 89 nan entries in the corrected pt. This might be due to the number of tracker layers hitting boundaries. Setting those entries to their initial value.
There are 18232 events with muon pt outside of [26,200] GeV. Setting those entries to their initial value.
There are 25311 events with muon pt outside of [26,200] GeV. Setting those entries to their initial value.
There are 25311 events with muon pt outside of [26,200] GeV. Setting those entries to their initial value.
There are 75 nan entries in the corrected pt. This might be due to the number of tracker layers hitting boundaries. Setting those entries to their initial value.
There are 17926 events with muon pt outside of [26,200] GeV. Setting those entries to their initial value.
There are 25029 events with muon pt outside of [26,200] GeV. Setting those entries to their initial value.
There are 25029 events with muon pt outside of [26,200] GeV. Setting those entries to their initial value.
There are 71 nan entries in the corrected pt. This might be due to the number of tracker layers hitting boundaries. Setting those entries to their initial value.
There are 17882 events with muon pt outside of [26,200] GeV. Setting those entries to their initial value.
There are 24288 events with muon pt outside of [26,200] GeV. Setting those entries to their initial value.
There are 24288 events with muon pt outside of [26,200] GeV. Setting those entries to their initial value.
There are 81 nan entries in the corrected pt. This might be due to the number of tracker layers hitting boundaries. Setting those entries to their initial value.
There are 17214 events with muon pt outside of [26,200] GeV. Setting those entries to their initial value.
There are 24284 events with muon pt outside of [26,200] GeV. Setting those entries to their initial value.
There are 24285 events with muon pt outside of [26,200] GeV. Setting those entries to their initial value.
There are 81 nan entries in the corrected pt. This might be due to the number of tracker layers hitting boundaries. Setting those entries to their initial value.
There are 17444 events with muon pt outside of [26,200] GeV. Setting those entries to their initial value.
There are 24195 events with muon pt outside of [26,200] GeV. Setting those entries to their initial value.
There are 24195 events with muon pt outside of [26,200] GeV. Setting those entries to their initial value.
There are 84 nan entries in the corrected pt. This might be due to the number of tracker layers hitting boundaries. Setting those entries to their initial value.
There are 17392 events with muon pt outside of [26,200] GeV. Setting those entries to their initial value.
There are 26370 events with muon pt outside of [26,200] GeV. Setting those entries to their initial value.
There are 26370 events with muon pt outside of [26,200] GeV. Setting those entries to their initial value.
There are 79 nan entries in the corrected pt. This might be due to the number of tracker layers hitting boundaries. Setting those entries to their initial value.
There are 18722 events with muon pt outside of [26,200] GeV. Setting those entries to their initial value.
There are 24360 events with muon pt outside of [26,200] GeV. Setting those entries to their initial value.
There are 24361 events with muon pt outside of [26,200] GeV. Setting those entries to their initial value.
There are 82 nan entries in the corrected pt. This might be due to the number of tracker layers hitting boundaries. Setting those entries to their initial value.
There are 17488 events with muon pt outside of [26,200] GeV. Setting those entries to their initial value.
There are 24825 events with muon pt outside of [26,200] GeV. Setting those entries to their initial value.
There are 24826 events with muon pt outside of [26,200] GeV. Setting those entries to their initial value.
There are 70 nan entries in the corrected pt. This might be due to the number of tracker layers hitting boundaries. Setting those entries to their initial value.
There are 17532 events with muon pt outside of [26,200] GeV. Setting those entries to their initial value.
There are 28003 events with muon pt outside of [26,200] GeV. Setting those entries to their initial value.
There are 28003 events with muon pt outside of [26,200] GeV. Setting those entries to their initial value.
There are 80 nan entries in the corrected pt. This might be due to the number of tracker layers hitting boundaries. Setting those entries to their initial value.
There are 19818 events with muon pt outside of [26,200] GeV. Setting those entries to their initial value.
There are 25332 events with muon pt outside of [26,200] GeV. Setting those entries to their initial value.
There are 25333 events with muon pt outside of [26,200] GeV. Setting those entries to their initial value.
There are 84 nan entries in the corrected pt. This might be due to the number of tracker layers hitting boundaries. Setting those entries to their initial value.
There are 18204 events with muon pt outside of [26,200] GeV. Setting those entries to their initial value.
There are 25646 events with muon pt outside of [26,200] GeV. Setting those entries to their initial value.
There are 25647 events with muon pt outside of [26,200] GeV. Setting those entries to their initial value.
There are 80 nan entries in the corrected pt. This might be due to the number of tracker layers hitting boundaries. Setting those entries to their initial value.
There are 18119 events with muon pt outside of [26,200] GeV. Setting those entries to their initial value.
There are 24660 events with muon pt outside of [26,200] GeV. Setting those entries to their initial value.
There are 24660 events with muon pt outside of [26,200] GeV. Setting those entries to their initial value.
There are 76 nan entries in the corrected pt. This might be due to the number of tracker layers hitting boundaries. Setting those entries to their initial value.
There are 17612 events with muon pt outside of [26,200] GeV. Setting those entries to their initial value.
There are 24613 events with muon pt outside of [26,200] GeV. Setting those entries to their initial value.
There are 24613 events with muon pt outside of [26,200] GeV. Setting those entries to their initial value.
There are 83 nan entries in the corrected pt. This might be due to the number of tracker layers hitting boundaries. Setting those entries to their initial value.
There are 17881 events with muon pt outside of [26,200] GeV. Setting those entries to their initial value.
There are 25123 events with muon pt outside of [26,200] GeV. Setting those entries to their initial value.
There are 25123 events with muon pt outside of [26,200] GeV. Setting those entries to their initial value.
There are 74 nan entries in the corrected pt. This might be due to the number of tracker layers hitting boundaries. Setting those entries to their initial value.
There are 18146 events with muon pt outside of [26,200] GeV. Setting those entries to their initial value.
There are 10889 events with muon pt outside of [26,200] GeV. Setting those entries to their initial value.
There are 10889 events with muon pt outside of [26,200] GeV. Setting those entries to their initial value.
There are 38 nan entries in the corrected pt. This might be due to the number of tracker layers hitting boundaries. Setting those entries to their initial value.
There are 7637 events with muon pt outside of [26,200] GeV. Setting those entries to their initial value.
There are 25268 events with muon pt outside of [26,200] GeV. Setting those entries to their initial value.
There are 25268 events with muon pt outside of [26,200] GeV. Setting those entries to their initial value.
There are 92 nan entries in the corrected pt. This might be due to the number of tracker layers hitting boundaries. Setting those entries to their initial value.
There are 17828 events with muon pt outside of [26,200] GeV. Setting those entries to their initial value.
There are 3678 events with muon pt outside of [26,200] GeV. Setting those entries to their initial value.
There are 3678 events with muon pt outside of [26,200] GeV. Setting those entries to their initial value.
There are 13 nan entries in the corrected pt. This might be due to the number of tracker layers hitting boundaries. Setting those entries to their initial value.
There are 2626 events with muon pt outside of [26,200] GeV. Setting those entries to their initial value.
