000 (14737669.005.000) 02/25 20:32:32 Job submitted from host: <188.184.90.62:9618?addrs=188.184.90.62-9618+[2001-1458-201-e4--100-238]-9618&alias=bigbird16.cern.ch&noUDP&sock=schedd_5196_9a2f>
...
040 (14737669.005.000) 02/25 20:36:11 Started transferring input files
	Transferring to host: <188.185.209.12:9618?addrs=188.185.209.12-9618+[2001-1458-303-11--100-9]-9618&alias=b9p11p3922.cern.ch&noUDP&sock=slot1_10_2116563_db4e_135737>
...
040 (14737669.005.000) 02/25 20:36:11 Finished transferring input files
...
001 (14737669.005.000) 02/25 20:36:12 Job executing on host: <188.185.209.12:9618?addrs=188.185.209.12-9618+[2001-1458-303-11--100-9]-9618&alias=b9p11p3922.cern.ch&noUDP&sock=startd_7254_3817>
	SlotName: slot1_10@b9p11p3922.cern.ch
	CondorScratchDir = "/pool/condor/dir_794870"
	Cpus = 1
	Disk = 3748
	GPUs = 0
	Memory = 3000
...
006 (14737669.005.000) 02/25 20:36:26 Image size of job updated: 579528
	566  -  MemoryUsage of job (MB)
	579528  -  ResidentSetSize of job (KB)
...
006 (14737669.005.000) 02/25 20:41:27 Image size of job updated: 1252916
	1185  -  MemoryUsage of job (MB)
	1213272  -  ResidentSetSize of job (KB)
...
040 (14737669.005.000) 02/25 20:42:17 Started transferring output files
...
040 (14737669.005.000) 02/25 20:42:17 Finished transferring output files
...
005 (14737669.005.000) 02/25 20:42:17 Job terminated.
	(1) Normal termination (return value 0)
		Usr 0 00:11:44, Sys 0 00:00:19  -  Run Remote Usage
		Usr 0 00:00:00, Sys 0 00:00:00  -  Run Local Usage
		Usr 0 00:11:44, Sys 0 00:00:19  -  Total Remote Usage
		Usr 0 00:00:00, Sys 0 00:00:00  -  Total Local Usage
	29835  -  Run Bytes Sent By Job
	36997  -  Run Bytes Received By Job
	29835  -  Total Bytes Sent By Job
	36997  -  Total Bytes Received By Job
	Partitionable Resources :    Usage  Request Allocated 
	   Cpus                 :        0        1         1 
	   Disk (KB)            :       95       40      3748 
	   GPUs                 :                           0 
	   Memory (MB)          :     1185     3000      3000 
	   TimeExecute (s)      :      365                    
	   TimeSlotBusy (s)     :      367                    

	Job terminated of its own accord at 2026-02-25T19:42:17Z with exit-code 0.
...
