000 (14722377.001.000) 02/25 15:24:04 Job submitted from host: <188.184.90.62:9618?addrs=188.184.90.62-9618+[2001-1458-201-e4--100-238]-9618&alias=bigbird16.cern.ch&noUDP&sock=schedd_5196_9a2f>
...
040 (14722377.001.000) 02/25 15:26:54 Started transferring input files
	Transferring to host: <188.185.212.60:9618?addrs=188.185.212.60-9618+[2001-1458-303-18--100-38]-9618&alias=b9p25p5962.cern.ch&noUDP&sock=slot1_28_4316_c329_168169>
...
040 (14722377.001.000) 02/25 15:26:54 Finished transferring input files
...
001 (14722377.001.000) 02/25 15:26:55 Job executing on host: <188.185.212.60:9618?addrs=188.185.212.60-9618+[2001-1458-303-18--100-38]-9618&alias=b9p25p5962.cern.ch&noUDP&sock=startd_3640_50d2>
	SlotName: slot1_28@b9p25p5962.cern.ch
	CondorScratchDir = "/pool/condor/dir_1487938"
	Cpus = 1
	Disk = 3896
	GPUs = 0
	Memory = 3000
...
006 (14722377.001.000) 02/25 15:27:09 Image size of job updated: 482632
	472  -  MemoryUsage of job (MB)
	482632  -  ResidentSetSize of job (KB)
...
006 (14722377.001.000) 02/25 15:32:09 Image size of job updated: 1324484
	1294  -  MemoryUsage of job (MB)
	1324484  -  ResidentSetSize of job (KB)
...
006 (14722377.001.000) 02/25 15:34:49 Image size of job updated: 1542976
	1294  -  MemoryUsage of job (MB)
	1324484  -  ResidentSetSize of job (KB)
...
040 (14722377.001.000) 02/25 15:34:49 Started transferring output files
...
040 (14722377.001.000) 02/25 15:34:49 Finished transferring output files
...
005 (14722377.001.000) 02/25 15:34:49 Job terminated.
	(1) Normal termination (return value 1)
		Usr 0 00:15:22, Sys 0 00:00:28  -  Run Remote Usage
		Usr 0 00:00:00, Sys 0 00:00:00  -  Run Local Usage
		Usr 0 00:15:22, Sys 0 00:00:28  -  Total Remote Usage
		Usr 0 00:00:00, Sys 0 00:00:00  -  Total Local Usage
	41043  -  Run Bytes Sent By Job
	36859  -  Run Bytes Received By Job
	41043  -  Total Bytes Sent By Job
	36859  -  Total Bytes Received By Job
	Partitionable Resources :    Usage  Request Allocated 
	   Cpus                 :        0        1         1 
	   Disk (KB)            :      102       40      3896 
	   GPUs                 :                           0 
	   Memory (MB)          :     1294     3000      3000 
	   TimeExecute (s)      :      474                    
	   TimeSlotBusy (s)     :      476                    

	Job terminated of its own accord at 2026-02-25T14:34:49Z with exit-code 1.
...
