subject   : /DC=ch/DC=cern/OU=Organic Units/OU=Users/CN=driosper/CN=886669/CN=Diego Alejandro Rios Perez/CN=1573519443
issuer    : /DC=ch/DC=cern/OU=Organic Units/OU=Users/CN=driosper/CN=886669/CN=Diego Alejandro Rios Perez
identity  : /DC=ch/DC=cern/OU=Organic Units/OU=Users/CN=driosper/CN=886669/CN=Diego Alejandro Rios Perez
type      : RFC compliant proxy
strength  : 2048 bits
path      : /afs/cern.ch/user/d/driosper/private/x509up_u182284
timeleft  : 11:49:55
key usage : Digital Signature, Key Encipherment
=== VO cms extension information ===
VO        : cms
subject   : /DC=ch/DC=cern/OU=Organic Units/OU=Users/CN=driosper/CN=886669/CN=Diego Alejandro Rios Perez
issuer    : /DC=ch/DC=cern/OU=computers/CN=cms-auth.cern.ch
attribute : /cms/Role=NULL/Capability=NULL
timeleft  : 11:49:55
uri       : voms-cms-auth.cern.ch:15000
--workflow ztoee --year 2022preEE --output_path /eos/user/d/driosper/bsm3g_coffea/outputs/ztoee/2022preEE/DYJetsToLL_inclusive_10to50 --output_format coffea --dataset DYJetsToLL_inclusive_10to50_12 --partition_json /srv/partition_fileset.json
  Preprocessing 100% ━━━━━━━━━━━━━━━━ 10/10 [ 0:00:13 < 0:00:00 | 0.8   file/s ]
Merging (local) 100% ━━━━━━━━━━━━━━━━ 10/10 [ 0:00:13 < 0:00:00 | ?   merges/s ]
     Processing 100% ━━━━━━━━━━━━━━━━ 43/43 [ 0:04:42 < 0:00:00 | 0.2  chunk/s ]
Merging (local) 100% ━━━━━━━━━━━━━━━━ 43/43 [ 0:04:42 < 0:00:00 | ?   merges/s ]
There are 27849 events with muon pt outside of [26,200] GeV. Setting those entries to their initial value.
There are 27850 events with muon pt outside of [26,200] GeV. Setting those entries to their initial value.
There are 72 nan entries in the corrected pt. This might be due to the number of tracker layers hitting boundaries. Setting those entries to their initial value.
There are 19913 events with muon pt outside of [26,200] GeV. Setting those entries to their initial value.
There are 23243 events with muon pt outside of [26,200] GeV. Setting those entries to their initial value.
There are 23243 events with muon pt outside of [26,200] GeV. Setting those entries to their initial value.
There are 55 nan entries in the corrected pt. This might be due to the number of tracker layers hitting boundaries. Setting those entries to their initial value.
There are 16611 events with muon pt outside of [26,200] GeV. Setting those entries to their initial value.
There are 28107 events with muon pt outside of [26,200] GeV. Setting those entries to their initial value.
There are 28108 events with muon pt outside of [26,200] GeV. Setting those entries to their initial value.
There are 97 nan entries in the corrected pt. This might be due to the number of tracker layers hitting boundaries. Setting those entries to their initial value.
There are 20021 events with muon pt outside of [26,200] GeV. Setting those entries to their initial value.
There are 25525 events with muon pt outside of [26,200] GeV. Setting those entries to their initial value.
There are 25526 events with muon pt outside of [26,200] GeV. Setting those entries to their initial value.
There are 67 nan entries in the corrected pt. This might be due to the number of tracker layers hitting boundaries. Setting those entries to their initial value.
There are 18229 events with muon pt outside of [26,200] GeV. Setting those entries to their initial value.
There are 36292 events with muon pt outside of [26,200] GeV. Setting those entries to their initial value.
There are 36294 events with muon pt outside of [26,200] GeV. Setting those entries to their initial value.
There are 107 nan entries in the corrected pt. This might be due to the number of tracker layers hitting boundaries. Setting those entries to their initial value.
There are 26080 events with muon pt outside of [26,200] GeV. Setting those entries to their initial value.
There are 24407 events with muon pt outside of [26,200] GeV. Setting those entries to their initial value.
There are 24407 events with muon pt outside of [26,200] GeV. Setting those entries to their initial value.
There are 75 nan entries in the corrected pt. This might be due to the number of tracker layers hitting boundaries. Setting those entries to their initial value.
There are 17497 events with muon pt outside of [26,200] GeV. Setting those entries to their initial value.
There are 24355 events with muon pt outside of [26,200] GeV. Setting those entries to their initial value.
There are 24355 events with muon pt outside of [26,200] GeV. Setting those entries to their initial value.
There are 76 nan entries in the corrected pt. This might be due to the number of tracker layers hitting boundaries. Setting those entries to their initial value.
There are 17131 events with muon pt outside of [26,200] GeV. Setting those entries to their initial value.
There are 26665 events with muon pt outside of [26,200] GeV. Setting those entries to their initial value.
There are 26665 events with muon pt outside of [26,200] GeV. Setting those entries to their initial value.
There are 76 nan entries in the corrected pt. This might be due to the number of tracker layers hitting boundaries. Setting those entries to their initial value.
There are 19016 events with muon pt outside of [26,200] GeV. Setting those entries to their initial value.
There are 25241 events with muon pt outside of [26,200] GeV. Setting those entries to their initial value.
There are 25242 events with muon pt outside of [26,200] GeV. Setting those entries to their initial value.
There are 63 nan entries in the corrected pt. This might be due to the number of tracker layers hitting boundaries. Setting those entries to their initial value.
There are 17962 events with muon pt outside of [26,200] GeV. Setting those entries to their initial value.
There are 25038 events with muon pt outside of [26,200] GeV. Setting those entries to their initial value.
There are 25038 events with muon pt outside of [26,200] GeV. Setting those entries to their initial value.
There are 63 nan entries in the corrected pt. This might be due to the number of tracker layers hitting boundaries. Setting those entries to their initial value.
There are 17760 events with muon pt outside of [26,200] GeV. Setting those entries to their initial value.
There are 28081 events with muon pt outside of [26,200] GeV. Setting those entries to their initial value.
There are 28081 events with muon pt outside of [26,200] GeV. Setting those entries to their initial value.
There are 69 nan entries in the corrected pt. This might be due to the number of tracker layers hitting boundaries. Setting those entries to their initial value.
There are 19832 events with muon pt outside of [26,200] GeV. Setting those entries to their initial value.
There are 23361 events with muon pt outside of [26,200] GeV. Setting those entries to their initial value.
There are 23361 events with muon pt outside of [26,200] GeV. Setting those entries to their initial value.
There are 66 nan entries in the corrected pt. This might be due to the number of tracker layers hitting boundaries. Setting those entries to their initial value.
There are 16745 events with muon pt outside of [26,200] GeV. Setting those entries to their initial value.
There are 28503 events with muon pt outside of [26,200] GeV. Setting those entries to their initial value.
There are 28503 events with muon pt outside of [26,200] GeV. Setting those entries to their initial value.
There are 89 nan entries in the corrected pt. This might be due to the number of tracker layers hitting boundaries. Setting those entries to their initial value.
There are 20165 events with muon pt outside of [26,200] GeV. Setting those entries to their initial value.
There are 25357 events with muon pt outside of [26,200] GeV. Setting those entries to their initial value.
There are 25357 events with muon pt outside of [26,200] GeV. Setting those entries to their initial value.
There are 72 nan entries in the corrected pt. This might be due to the number of tracker layers hitting boundaries. Setting those entries to their initial value.
There are 18154 events with muon pt outside of [26,200] GeV. Setting those entries to their initial value.
There are 25260 events with muon pt outside of [26,200] GeV. Setting those entries to their initial value.
There are 25260 events with muon pt outside of [26,200] GeV. Setting those entries to their initial value.
There are 85 nan entries in the corrected pt. This might be due to the number of tracker layers hitting boundaries. Setting those entries to their initial value.
There are 18011 events with muon pt outside of [26,200] GeV. Setting those entries to their initial value.
There are 24497 events with muon pt outside of [26,200] GeV. Setting those entries to their initial value.
There are 24497 events with muon pt outside of [26,200] GeV. Setting those entries to their initial value.
There are 84 nan entries in the corrected pt. This might be due to the number of tracker layers hitting boundaries. Setting those entries to their initial value.
There are 17421 events with muon pt outside of [26,200] GeV. Setting those entries to their initial value.
There are 24425 events with muon pt outside of [26,200] GeV. Setting those entries to their initial value.
There are 24425 events with muon pt outside of [26,200] GeV. Setting those entries to their initial value.
There are 72 nan entries in the corrected pt. This might be due to the number of tracker layers hitting boundaries. Setting those entries to their initial value.
There are 17323 events with muon pt outside of [26,200] GeV. Setting those entries to their initial value.
There are 29506 events with muon pt outside of [26,200] GeV. Setting those entries to their initial value.
There are 29506 events with muon pt outside of [26,200] GeV. Setting those entries to their initial value.
There are 94 nan entries in the corrected pt. This might be due to the number of tracker layers hitting boundaries. Setting those entries to their initial value.
There are 20871 events with muon pt outside of [26,200] GeV. Setting those entries to their initial value.
There are 26723 events with muon pt outside of [26,200] GeV. Setting those entries to their initial value.
There are 26723 events with muon pt outside of [26,200] GeV. Setting those entries to their initial value.
There are 68 nan entries in the corrected pt. This might be due to the number of tracker layers hitting boundaries. Setting those entries to their initial value.
There are 18991 events with muon pt outside of [26,200] GeV. Setting those entries to their initial value.
There are 25000 events with muon pt outside of [26,200] GeV. Setting those entries to their initial value.
There are 25000 events with muon pt outside of [26,200] GeV. Setting those entries to their initial value.
There are 63 nan entries in the corrected pt. This might be due to the number of tracker layers hitting boundaries. Setting those entries to their initial value.
There are 17790 events with muon pt outside of [26,200] GeV. Setting those entries to their initial value.
There are 25097 events with muon pt outside of [26,200] GeV. Setting those entries to their initial value.
There are 25098 events with muon pt outside of [26,200] GeV. Setting those entries to their initial value.
There are 56 nan entries in the corrected pt. This might be due to the number of tracker layers hitting boundaries. Setting those entries to their initial value.
There are 17873 events with muon pt outside of [26,200] GeV. Setting those entries to their initial value.
There are 27912 events with muon pt outside of [26,200] GeV. Setting those entries to their initial value.
There are 27912 events with muon pt outside of [26,200] GeV. Setting those entries to their initial value.
There are 85 nan entries in the corrected pt. This might be due to the number of tracker layers hitting boundaries. Setting those entries to their initial value.
There are 19739 events with muon pt outside of [26,200] GeV. Setting those entries to their initial value.
There are 1177 events with muon pt outside of [26,200] GeV. Setting those entries to their initial value.
There are 1177 events with muon pt outside of [26,200] GeV. Setting those entries to their initial value.
There are 4 nan entries in the corrected pt. This might be due to the number of tracker layers hitting boundaries. Setting those entries to their initial value.
There are 868 events with muon pt outside of [26,200] GeV. Setting those entries to their initial value.
There are 23136 events with muon pt outside of [26,200] GeV. Setting those entries to their initial value.
There are 23137 events with muon pt outside of [26,200] GeV. Setting those entries to their initial value.
There are 71 nan entries in the corrected pt. This might be due to the number of tracker layers hitting boundaries. Setting those entries to their initial value.
There are 16489 events with muon pt outside of [26,200] GeV. Setting those entries to their initial value.
There are 25357 events with muon pt outside of [26,200] GeV. Setting those entries to their initial value.
There are 25357 events with muon pt outside of [26,200] GeV. Setting those entries to their initial value.
There are 73 nan entries in the corrected pt. This might be due to the number of tracker layers hitting boundaries. Setting those entries to their initial value.
There are 18065 events with muon pt outside of [26,200] GeV. Setting those entries to their initial value.
There are 25266 events with muon pt outside of [26,200] GeV. Setting those entries to their initial value.
There are 25266 events with muon pt outside of [26,200] GeV. Setting those entries to their initial value.
There are 81 nan entries in the corrected pt. This might be due to the number of tracker layers hitting boundaries. Setting those entries to their initial value.
There are 18094 events with muon pt outside of [26,200] GeV. Setting those entries to their initial value.
There are 24342 events with muon pt outside of [26,200] GeV. Setting those entries to their initial value.
There are 24342 events with muon pt outside of [26,200] GeV. Setting those entries to their initial value.
There are 72 nan entries in the corrected pt. This might be due to the number of tracker layers hitting boundaries. Setting those entries to their initial value.
There are 17387 events with muon pt outside of [26,200] GeV. Setting those entries to their initial value.
There are 24352 events with muon pt outside of [26,200] GeV. Setting those entries to their initial value.
There are 24352 events with muon pt outside of [26,200] GeV. Setting those entries to their initial value.
There are 57 nan entries in the corrected pt. This might be due to the number of tracker layers hitting boundaries. Setting those entries to their initial value.
There are 17302 events with muon pt outside of [26,200] GeV. Setting those entries to their initial value.
There are 29312 events with muon pt outside of [26,200] GeV. Setting those entries to their initial value.
There are 29312 events with muon pt outside of [26,200] GeV. Setting those entries to their initial value.
There are 77 nan entries in the corrected pt. This might be due to the number of tracker layers hitting boundaries. Setting those entries to their initial value.
There are 20805 events with muon pt outside of [26,200] GeV. Setting those entries to their initial value.
There are 26639 events with muon pt outside of [26,200] GeV. Setting those entries to their initial value.
There are 26640 events with muon pt outside of [26,200] GeV. Setting those entries to their initial value.
There are 87 nan entries in the corrected pt. This might be due to the number of tracker layers hitting boundaries. Setting those entries to their initial value.
There are 19102 events with muon pt outside of [26,200] GeV. Setting those entries to their initial value.
There are 25080 events with muon pt outside of [26,200] GeV. Setting those entries to their initial value.
There are 25080 events with muon pt outside of [26,200] GeV. Setting those entries to their initial value.
There are 81 nan entries in the corrected pt. This might be due to the number of tracker layers hitting boundaries. Setting those entries to their initial value.
There are 17866 events with muon pt outside of [26,200] GeV. Setting those entries to their initial value.
There are 25236 events with muon pt outside of [26,200] GeV. Setting those entries to their initial value.
There are 25236 events with muon pt outside of [26,200] GeV. Setting those entries to their initial value.
There are 66 nan entries in the corrected pt. This might be due to the number of tracker layers hitting boundaries. Setting those entries to their initial value.
There are 17776 events with muon pt outside of [26,200] GeV. Setting those entries to their initial value.
There are 27697 events with muon pt outside of [26,200] GeV. Setting those entries to their initial value.
There are 27697 events with muon pt outside of [26,200] GeV. Setting those entries to their initial value.
There are 101 nan entries in the corrected pt. This might be due to the number of tracker layers hitting boundaries. Setting those entries to their initial value.
There are 19981 events with muon pt outside of [26,200] GeV. Setting those entries to their initial value.
There are 23174 events with muon pt outside of [26,200] GeV. Setting those entries to their initial value.
There are 23175 events with muon pt outside of [26,200] GeV. Setting those entries to their initial value.
There are 72 nan entries in the corrected pt. This might be due to the number of tracker layers hitting boundaries. Setting those entries to their initial value.
There are 16582 events with muon pt outside of [26,200] GeV. Setting those entries to their initial value.
There are 27950 events with muon pt outside of [26,200] GeV. Setting those entries to their initial value.
There are 27953 events with muon pt outside of [26,200] GeV. Setting those entries to their initial value.
There are 70 nan entries in the corrected pt. This might be due to the number of tracker layers hitting boundaries. Setting those entries to their initial value.
There are 20220 events with muon pt outside of [26,200] GeV. Setting those entries to their initial value.
There are 25279 events with muon pt outside of [26,200] GeV. Setting those entries to their initial value.
There are 25279 events with muon pt outside of [26,200] GeV. Setting those entries to their initial value.
There are 91 nan entries in the corrected pt. This might be due to the number of tracker layers hitting boundaries. Setting those entries to their initial value.
There are 18000 events with muon pt outside of [26,200] GeV. Setting those entries to their initial value.
There are 24417 events with muon pt outside of [26,200] GeV. Setting those entries to their initial value.
There are 24418 events with muon pt outside of [26,200] GeV. Setting those entries to their initial value.
There are 64 nan entries in the corrected pt. This might be due to the number of tracker layers hitting boundaries. Setting those entries to their initial value.
There are 17329 events with muon pt outside of [26,200] GeV. Setting those entries to their initial value.
There are 24184 events with muon pt outside of [26,200] GeV. Setting those entries to their initial value.
There are 24184 events with muon pt outside of [26,200] GeV. Setting those entries to their initial value.
There are 93 nan entries in the corrected pt. This might be due to the number of tracker layers hitting boundaries. Setting those entries to their initial value.
There are 17506 events with muon pt outside of [26,200] GeV. Setting those entries to their initial value.
There are 24289 events with muon pt outside of [26,200] GeV. Setting those entries to their initial value.
There are 24289 events with muon pt outside of [26,200] GeV. Setting those entries to their initial value.
There are 78 nan entries in the corrected pt. This might be due to the number of tracker layers hitting boundaries. Setting those entries to their initial value.
There are 17483 events with muon pt outside of [26,200] GeV. Setting those entries to their initial value.
There are 29213 events with muon pt outside of [26,200] GeV. Setting those entries to their initial value.
There are 29214 events with muon pt outside of [26,200] GeV. Setting those entries to their initial value.
There are 69 nan entries in the corrected pt. This might be due to the number of tracker layers hitting boundaries. Setting those entries to their initial value.
There are 20577 events with muon pt outside of [26,200] GeV. Setting those entries to their initial value.
There are 25021 events with muon pt outside of [26,200] GeV. Setting those entries to their initial value.
There are 25021 events with muon pt outside of [26,200] GeV. Setting those entries to their initial value.
There are 70 nan entries in the corrected pt. This might be due to the number of tracker layers hitting boundaries. Setting those entries to their initial value.
There are 17868 events with muon pt outside of [26,200] GeV. Setting those entries to their initial value.
There are 24870 events with muon pt outside of [26,200] GeV. Setting those entries to their initial value.
There are 24871 events with muon pt outside of [26,200] GeV. Setting those entries to their initial value.
There are 65 nan entries in the corrected pt. This might be due to the number of tracker layers hitting boundaries. Setting those entries to their initial value.
There are 17922 events with muon pt outside of [26,200] GeV. Setting those entries to their initial value.
There are 24961 events with muon pt outside of [26,200] GeV. Setting those entries to their initial value.
There are 24961 events with muon pt outside of [26,200] GeV. Setting those entries to their initial value.
There are 66 nan entries in the corrected pt. This might be due to the number of tracker layers hitting boundaries. Setting those entries to their initial value.
There are 18152 events with muon pt outside of [26,200] GeV. Setting those entries to their initial value.
