000 (14737669.003.000) 02/25 20:32:32 Job submitted from host: <188.184.90.62:9618?addrs=188.184.90.62-9618+[2001-1458-201-e4--100-238]-9618&alias=bigbird16.cern.ch&noUDP&sock=schedd_5196_9a2f>
...
040 (14737669.003.000) 02/25 20:36:10 Started transferring input files
	Transferring to host: <188.185.194.67:9618?addrs=188.185.194.67-9618+[2001-1458-303-21--100-3f]-9618&alias=b9p20p6532.cern.ch&noUDP&sock=slot1_9_7913_2c9b_151386>
...
040 (14737669.003.000) 02/25 20:36:10 Finished transferring input files
...
001 (14737669.003.000) 02/25 20:36:11 Job executing on host: <188.185.194.67:9618?addrs=188.185.194.67-9618+[2001-1458-303-21--100-3f]-9618&alias=b9p20p6532.cern.ch&noUDP&sock=startd_6669_f530>
	SlotName: slot1_9@b9p20p6532.cern.ch
	CondorScratchDir = "/pool/condor/dir_3191775"
	Cpus = 1
	Disk = 3819
	GPUs = 0
	Memory = 3000
...
006 (14737669.003.000) 02/25 20:36:25 Image size of job updated: 492924
	482  -  MemoryUsage of job (MB)
	492924  -  ResidentSetSize of job (KB)
...
006 (14737669.003.000) 02/25 20:41:26 Image size of job updated: 1224484
	1153  -  MemoryUsage of job (MB)
	1180592  -  ResidentSetSize of job (KB)
...
006 (14737669.003.000) 02/25 20:44:56 Image size of job updated: 1295144
	1153  -  MemoryUsage of job (MB)
	1180592  -  ResidentSetSize of job (KB)
...
040 (14737669.003.000) 02/25 20:44:56 Started transferring output files
...
040 (14737669.003.000) 02/25 20:44:56 Finished transferring output files
...
005 (14737669.003.000) 02/25 20:44:56 Job terminated.
	(1) Normal termination (return value 0)
		Usr 0 00:22:12, Sys 0 00:00:21  -  Run Remote Usage
		Usr 0 00:00:00, Sys 0 00:00:00  -  Run Local Usage
		Usr 0 00:22:12, Sys 0 00:00:21  -  Total Remote Usage
		Usr 0 00:00:00, Sys 0 00:00:00  -  Total Local Usage
	35629  -  Run Bytes Sent By Job
	36997  -  Run Bytes Received By Job
	35629  -  Total Bytes Sent By Job
	36997  -  Total Bytes Received By Job
	Partitionable Resources :    Usage  Request Allocated 
	   Cpus                 :     2.77        1         1 
	   Disk (KB)            :    97          40      3819 
	   GPUs                 :                           0 
	   Memory (MB)          :  1153        3000      3000 
	   TimeExecute (s)      :   525                       
	   TimeSlotBusy (s)     :   527                       

	Job terminated of its own accord at 2026-02-25T19:44:56Z with exit-code 0.
...
