subject   : /DC=ch/DC=cern/OU=Organic Units/OU=Users/CN=driosper/CN=886669/CN=Diego Alejandro Rios Perez/CN=3192939875
issuer    : /DC=ch/DC=cern/OU=Organic Units/OU=Users/CN=driosper/CN=886669/CN=Diego Alejandro Rios Perez
identity  : /DC=ch/DC=cern/OU=Organic Units/OU=Users/CN=driosper/CN=886669/CN=Diego Alejandro Rios Perez
type      : RFC compliant proxy
strength  : 2048 bits
path      : /afs/cern.ch/user/d/driosper/private/x509up_u182284
timeleft  : 11:12:23
key usage : Digital Signature, Key Encipherment
=== VO cms extension information ===
VO        : cms
subject   : /DC=ch/DC=cern/OU=Organic Units/OU=Users/CN=driosper/CN=886669/CN=Diego Alejandro Rios Perez
issuer    : /DC=ch/DC=cern/OU=computers/CN=cms-auth.cern.ch
attribute : /cms/Role=NULL/Capability=NULL
timeleft  : 11:12:23
uri       : voms-cms-auth.cern.ch:15000
--workflow ztoee --year 2022preEE --output_path /eos/user/d/driosper/bsm3g_coffea/outputs/ztoee/2022preEE/WW --output_format coffea --dataset WW_7 --partition_json /srv/partition_fileset.json
  Preprocessing 100% ━━━━━━━━━━━━━━━━━━ 9/9 [ 0:00:17 < 0:00:00 | 0.5   file/s ]
Merging (local) 100% ━━━━━━━━━━━━━━━━━━ 9/9 [ 0:00:17 < 0:00:00 | ?   merges/s ]
     Processing   5% ━                   1/19 [ 0:00:15 < -:--:-- | ?  chunk/s ]
Merging (local)   0% ━━━━━━━━━━━━━━━━━━━  0/0 [ 0:00:02 < 0:00:00 | ? merges/s ]
There are 3035 events with muon pt outside of [26,200] GeV. Setting those entries to their initial value.
There are 3035 events with muon pt outside of [26,200] GeV. Setting those entries to their initial value.
There are 23 nan entries in the corrected pt. This might be due to the number of tracker layers hitting boundaries. Setting those entries to their initial value.
There are 4157 events with muon pt outside of [26,200] GeV. Setting those entries to their initial value.
There are 19705 events with muon pt outside of [26,200] GeV. Setting those entries to their initial value.
There are 19706 events with muon pt outside of [26,200] GeV. Setting those entries to their initial value.
There are 121 nan entries in the corrected pt. This might be due to the number of tracker layers hitting boundaries. Setting those entries to their initial value.
There are 26844 events with muon pt outside of [26,200] GeV. Setting those entries to their initial value.
There are 19732 events with muon pt outside of [26,200] GeV. Setting those entries to their initial value.
There are 19734 events with muon pt outside of [26,200] GeV. Setting those entries to their initial value.
There are 105 nan entries in the corrected pt. This might be due to the number of tracker layers hitting boundaries. Setting those entries to their initial value.
There are 26802 events with muon pt outside of [26,200] GeV. Setting those entries to their initial value.
There are 19456 events with muon pt outside of [26,200] GeV. Setting those entries to their initial value.
There are 19456 events with muon pt outside of [26,200] GeV. Setting those entries to their initial value.
There are 120 nan entries in the corrected pt. This might be due to the number of tracker layers hitting boundaries. Setting those entries to their initial value.
There are 26628 events with muon pt outside of [26,200] GeV. Setting those entries to their initial value.
There are 662 events with muon pt outside of [26,200] GeV. Setting those entries to their initial value.
There are 662 events with muon pt outside of [26,200] GeV. Setting those entries to their initial value.
There are 6 nan entries in the corrected pt. This might be due to the number of tracker layers hitting boundaries. Setting those entries to their initial value.
There are 1000 events with muon pt outside of [26,200] GeV. Setting those entries to their initial value.
There are 19757 events with muon pt outside of [26,200] GeV. Setting those entries to their initial value.
There are 19758 events with muon pt outside of [26,200] GeV. Setting those entries to their initial value.
There are 105 nan entries in the corrected pt. This might be due to the number of tracker layers hitting boundaries. Setting those entries to their initial value.
There are 26905 events with muon pt outside of [26,200] GeV. Setting those entries to their initial value.
There are 19604 events with muon pt outside of [26,200] GeV. Setting those entries to their initial value.
There are 19604 events with muon pt outside of [26,200] GeV. Setting those entries to their initial value.
There are 128 nan entries in the corrected pt. This might be due to the number of tracker layers hitting boundaries. Setting those entries to their initial value.
There are 26849 events with muon pt outside of [26,200] GeV. Setting those entries to their initial value.
There are 19762 events with muon pt outside of [26,200] GeV. Setting those entries to their initial value.
There are 19763 events with muon pt outside of [26,200] GeV. Setting those entries to their initial value.
There are 121 nan entries in the corrected pt. This might be due to the number of tracker layers hitting boundaries. Setting those entries to their initial value.
There are 26633 events with muon pt outside of [26,200] GeV. Setting those entries to their initial value.
There are 22956 events with muon pt outside of [26,200] GeV. Setting those entries to their initial value.
There are 22957 events with muon pt outside of [26,200] GeV. Setting those entries to their initial value.
There are 145 nan entries in the corrected pt. This might be due to the number of tracker layers hitting boundaries. Setting those entries to their initial value.
There are 31184 events with muon pt outside of [26,200] GeV. Setting those entries to their initial value.
There are 19695 events with muon pt outside of [26,200] GeV. Setting those entries to their initial value.
There are 19695 events with muon pt outside of [26,200] GeV. Setting those entries to their initial value.
There are 110 nan entries in the corrected pt. This might be due to the number of tracker layers hitting boundaries. Setting those entries to their initial value.
There are 26788 events with muon pt outside of [26,200] GeV. Setting those entries to their initial value.
There are 19805 events with muon pt outside of [26,200] GeV. Setting those entries to their initial value.
There are 19807 events with muon pt outside of [26,200] GeV. Setting those entries to their initial value.
There are 114 nan entries in the corrected pt. This might be due to the number of tracker layers hitting boundaries. Setting those entries to their initial value.
There are 26793 events with muon pt outside of [26,200] GeV. Setting those entries to their initial value.
There are 19673 events with muon pt outside of [26,200] GeV. Setting those entries to their initial value.
There are 19674 events with muon pt outside of [26,200] GeV. Setting those entries to their initial value.
There are 127 nan entries in the corrected pt. This might be due to the number of tracker layers hitting boundaries. Setting those entries to their initial value.
There are 26884 events with muon pt outside of [26,200] GeV. Setting those entries to their initial value.
There are 156 events with muon pt outside of [26,200] GeV. Setting those entries to their initial value.
There are 156 events with muon pt outside of [26,200] GeV. Setting those entries to their initial value.
There are 2 nan entries in the corrected pt. This might be due to the number of tracker layers hitting boundaries. Setting those entries to their initial value.
There are 192 events with muon pt outside of [26,200] GeV. Setting those entries to their initial value.
There are 25650 events with muon pt outside of [26,200] GeV. Setting those entries to their initial value.
There are 25650 events with muon pt outside of [26,200] GeV. Setting those entries to their initial value.
There are 148 nan entries in the corrected pt. This might be due to the number of tracker layers hitting boundaries. Setting those entries to their initial value.
There are 34998 events with muon pt outside of [26,200] GeV. Setting those entries to their initial value.
There are 606 events with muon pt outside of [26,200] GeV. Setting those entries to their initial value.
There are 606 events with muon pt outside of [26,200] GeV. Setting those entries to their initial value.
There are 5 nan entries in the corrected pt. This might be due to the number of tracker layers hitting boundaries. Setting those entries to their initial value.
There are 783 events with muon pt outside of [26,200] GeV. Setting those entries to their initial value.
There are 19622 events with muon pt outside of [26,200] GeV. Setting those entries to their initial value.
There are 19623 events with muon pt outside of [26,200] GeV. Setting those entries to their initial value.
There are 115 nan entries in the corrected pt. This might be due to the number of tracker layers hitting boundaries. Setting those entries to their initial value.
There are 27075 events with muon pt outside of [26,200] GeV. Setting those entries to their initial value.
There are 19607 events with muon pt outside of [26,200] GeV. Setting those entries to their initial value.
There are 19609 events with muon pt outside of [26,200] GeV. Setting those entries to their initial value.
There are 116 nan entries in the corrected pt. This might be due to the number of tracker layers hitting boundaries. Setting those entries to their initial value.
There are 26615 events with muon pt outside of [26,200] GeV. Setting those entries to their initial value.
There are 140 events with muon pt outside of [26,200] GeV. Setting those entries to their initial value.
There are 140 events with muon pt outside of [26,200] GeV. Setting those entries to their initial value.
There are 2 nan entries in the corrected pt. This might be due to the number of tracker layers hitting boundaries. Setting those entries to their initial value.
There are 199 events with muon pt outside of [26,200] GeV. Setting those entries to their initial value.
There are 22970 events with muon pt outside of [26,200] GeV. Setting those entries to their initial value.
There are 22972 events with muon pt outside of [26,200] GeV. Setting those entries to their initial value.
There are 150 nan entries in the corrected pt. This might be due to the number of tracker layers hitting boundaries. Setting those entries to their initial value.
There are 31386 events with muon pt outside of [26,200] GeV. Setting those entries to their initial value.
