000 (14722388.002.000) 02/25 15:24:10 Job submitted from host: <188.184.90.62:9618?addrs=188.184.90.62-9618+[2001-1458-201-e4--100-238]-9618&alias=bigbird16.cern.ch&noUDP&sock=schedd_5196_9a2f>
...
040 (14722388.002.000) 02/25 15:27:13 Started transferring input files
	Transferring to host: <188.185.194.137:9618?addrs=188.185.194.137-9618+[2001-1458-303-21--100-85]-9618&alias=b9p20p1306.cern.ch&noUDP&sock=slot1_18_9347_8e95_150353>
...
040 (14722388.002.000) 02/25 15:27:13 Finished transferring input files
...
001 (14722388.002.000) 02/25 15:27:14 Job executing on host: <188.185.194.137:9618?addrs=188.185.194.137-9618+[2001-1458-303-21--100-85]-9618&alias=b9p20p1306.cern.ch&noUDP&sock=startd_7897_437d>
	SlotName: slot1_18@b9p20p1306.cern.ch
	CondorScratchDir = "/pool/condor/dir_2877341"
	Cpus = 1
	Disk = 3979
	GPUs = 0
	Memory = 3000
...
006 (14722388.002.000) 02/25 15:27:28 Image size of job updated: 490404
	479  -  MemoryUsage of job (MB)
	490404  -  ResidentSetSize of job (KB)
...
006 (14722388.002.000) 02/25 15:32:29 Image size of job updated: 2811304
	2746  -  MemoryUsage of job (MB)
	2811304  -  ResidentSetSize of job (KB)
...
006 (14722388.002.000) 02/25 15:35:27 Image size of job updated: 3058620
	2746  -  MemoryUsage of job (MB)
	2811304  -  ResidentSetSize of job (KB)
...
040 (14722388.002.000) 02/25 15:35:27 Started transferring output files
...
040 (14722388.002.000) 02/25 15:35:27 Finished transferring output files
...
005 (14722388.002.000) 02/25 15:35:27 Job terminated.
	(1) Normal termination (return value 1)
		Usr 0 00:14:00, Sys 0 00:00:16  -  Run Remote Usage
		Usr 0 00:00:00, Sys 0 00:00:00  -  Run Local Usage
		Usr 0 00:14:00, Sys 0 00:00:16  -  Total Remote Usage
		Usr 0 00:00:00, Sys 0 00:00:00  -  Total Local Usage
	26912  -  Run Bytes Sent By Job
	15172  -  Run Bytes Received By Job
	26912  -  Total Bytes Sent By Job
	15172  -  Total Bytes Received By Job
	Partitionable Resources :    Usage  Request Allocated 
	   Cpus                 :     2.06        1         1 
	   Disk (KB)            :    67          17      3979 
	   GPUs                 :                           0 
	   Memory (MB)          :  2746        3000      3000 
	   TimeExecute (s)      :   493                       
	   TimeSlotBusy (s)     :   495                       

	Job terminated of its own accord at 2026-02-25T14:35:27Z with exit-code 1.
...
