000 (14737681.006.000) 02/25 20:32:51 Job submitted from host: <188.184.90.62:9618?addrs=188.184.90.62-9618+[2001-1458-201-e4--100-238]-9618&alias=bigbird16.cern.ch&noUDP&sock=schedd_5196_9a2f>
...
040 (14737681.006.000) 02/25 20:36:37 Started transferring input files
	Transferring to host: <188.185.196.136:9618?addrs=188.185.196.136-9618+[2001-1458-303-23--100-84]-9618&alias=b9p16p7012.cern.ch&noUDP&sock=slot1_4_3239_eb1d_1153>
...
040 (14737681.006.000) 02/25 20:36:37 Finished transferring input files
...
001 (14737681.006.000) 02/25 20:36:38 Job executing on host: <188.185.196.136:9618?addrs=188.185.196.136-9618+[2001-1458-303-23--100-84]-9618&alias=b9p16p7012.cern.ch&noUDP&sock=startd_2799_75ac>
	SlotName: slot1_4@b9p16p7012.cern.ch
	CondorScratchDir = "/pool/condor/dir_823572"
	Cpus = 1
	Disk = 3803
	GPUs = 0
	Memory = 3000
...
006 (14737681.006.000) 02/25 20:36:52 Image size of job updated: 548112
	536  -  MemoryUsage of job (MB)
	548112  -  ResidentSetSize of job (KB)
...
006 (14737681.006.000) 02/25 20:39:50 Image size of job updated: 2428552
	536  -  MemoryUsage of job (MB)
	548128  -  ResidentSetSize of job (KB)
...
040 (14737681.006.000) 02/25 20:39:50 Started transferring output files
...
040 (14737681.006.000) 02/25 20:39:50 Finished transferring output files
...
005 (14737681.006.000) 02/25 20:39:50 Job terminated.
	(1) Normal termination (return value 1)
		Usr 0 00:05:09, Sys 0 00:00:06  -  Run Remote Usage
		Usr 0 00:00:00, Sys 0 00:00:00  -  Run Local Usage
		Usr 0 00:05:09, Sys 0 00:00:06  -  Total Remote Usage
		Usr 0 00:00:00, Sys 0 00:00:00  -  Total Local Usage
	22094  -  Run Bytes Sent By Job
	15304  -  Run Bytes Received By Job
	22094  -  Total Bytes Sent By Job
	15304  -  Total Bytes Received By Job
	Partitionable Resources :    Usage  Request Allocated 
	   Cpus                 :     1.64        1         1 
	   Disk (KB)            :    62          17      3803 
	   GPUs                 :                           0 
	   Memory (MB)          :   536        3000      3000 
	   TimeExecute (s)      :   192                       
	   TimeSlotBusy (s)     :   194                       

	Job terminated of its own accord at 2026-02-25T19:39:50Z with exit-code 1.
...
