000 (14737681.002.000) 02/25 20:32:51 Job submitted from host: <188.184.90.62:9618?addrs=188.184.90.62-9618+[2001-1458-201-e4--100-238]-9618&alias=bigbird16.cern.ch&noUDP&sock=schedd_5196_9a2f>
...
040 (14737681.002.000) 02/25 20:36:36 Started transferring input files
	Transferring to host: <188.185.207.32:9618?addrs=188.185.207.32-9618+[2001-1458-303-d--100-1d]-9618&alias=b9p07p7557.cern.ch&noUDP&sock=slot1_9_5244_9f4e_150183>
...
040 (14737681.002.000) 02/25 20:36:36 Finished transferring input files
...
001 (14737681.002.000) 02/25 20:36:37 Job executing on host: <188.185.207.32:9618?addrs=188.185.207.32-9618+[2001-1458-303-d--100-1d]-9618&alias=b9p07p7557.cern.ch&noUDP&sock=startd_4364_eb63>
	SlotName: slot1_9@b9p07p7557.cern.ch
	CondorScratchDir = "/pool/condor/dir_127757"
	Cpus = 1
	Disk = 3595
	GPUs = 0
	Memory = 3000
...
006 (14737681.002.000) 02/25 20:36:52 Image size of job updated: 182032
	178  -  MemoryUsage of job (MB)
	182032  -  ResidentSetSize of job (KB)
...
006 (14737681.002.000) 02/25 20:41:12 Image size of job updated: 2748796
	178  -  MemoryUsage of job (MB)
	182068  -  ResidentSetSize of job (KB)
...
040 (14737681.002.000) 02/25 20:41:12 Started transferring output files
...
040 (14737681.002.000) 02/25 20:41:12 Finished transferring output files
...
005 (14737681.002.000) 02/25 20:41:12 Job terminated.
	(1) Normal termination (return value 1)
		Usr 0 00:08:15, Sys 0 00:00:16  -  Run Remote Usage
		Usr 0 00:00:00, Sys 0 00:00:00  -  Run Local Usage
		Usr 0 00:08:15, Sys 0 00:00:16  -  Total Remote Usage
		Usr 0 00:00:00, Sys 0 00:00:00  -  Total Local Usage
	26916  -  Run Bytes Sent By Job
	15304  -  Run Bytes Received By Job
	26916  -  Total Bytes Sent By Job
	15304  -  Total Bytes Received By Job
	Partitionable Resources :    Usage  Request Allocated 
	   Cpus                 :        0        1         1 
	   Disk (KB)            :       71       17      3595 
	   GPUs                 :                           0 
	   Memory (MB)          :      178     3000      3000 
	   TimeExecute (s)      :      275                    
	   TimeSlotBusy (s)     :      277                    

	Job terminated of its own accord at 2026-02-25T19:41:12Z with exit-code 1.
...
