000 (14737681.004.000) 02/25 20:32:51 Job submitted from host: <188.184.90.62:9618?addrs=188.184.90.62-9618+[2001-1458-201-e4--100-238]-9618&alias=bigbird16.cern.ch&noUDP&sock=schedd_5196_9a2f>
...
040 (14737681.004.000) 02/25 20:36:36 Started transferring input files
	Transferring to host: <188.185.204.245:9618?addrs=188.185.204.245-9618+[2001-1458-303-8--100-72]-9618&alias=b9p02p6702.cern.ch&noUDP&sock=slot1_40_1026793_4e73_78553>
...
040 (14737681.004.000) 02/25 20:36:36 Finished transferring input files
...
001 (14737681.004.000) 02/25 20:36:37 Job executing on host: <188.185.204.245:9618?addrs=188.185.204.245-9618+[2001-1458-303-8--100-72]-9618&alias=b9p02p6702.cern.ch&noUDP&sock=startd_6334_2cf6>
	SlotName: slot1_40@b9p02p6702.cern.ch
	CondorScratchDir = "/pool/condor/dir_933273"
	Cpus = 1
	Disk = 3732
	GPUs = 0
	Memory = 3000
...
006 (14737681.004.000) 02/25 20:36:52 Image size of job updated: 180560
	177  -  MemoryUsage of job (MB)
	180560  -  ResidentSetSize of job (KB)
...
006 (14737681.004.000) 02/25 20:39:56 Image size of job updated: 2682088
	177  -  MemoryUsage of job (MB)
	180560  -  ResidentSetSize of job (KB)
...
040 (14737681.004.000) 02/25 20:39:56 Started transferring output files
...
040 (14737681.004.000) 02/25 20:39:56 Finished transferring output files
...
005 (14737681.004.000) 02/25 20:39:56 Job terminated.
	(1) Normal termination (return value 1)
		Usr 0 00:07:15, Sys 0 00:00:14  -  Run Remote Usage
		Usr 0 00:00:00, Sys 0 00:00:00  -  Run Local Usage
		Usr 0 00:07:15, Sys 0 00:00:14  -  Total Remote Usage
		Usr 0 00:00:00, Sys 0 00:00:00  -  Total Local Usage
	25994  -  Run Bytes Sent By Job
	15304  -  Run Bytes Received By Job
	25994  -  Total Bytes Sent By Job
	15304  -  Total Bytes Received By Job
	Partitionable Resources :    Usage  Request Allocated 
	   Cpus                 :        0        1         1 
	   Disk (KB)            :       70       17      3732 
	   GPUs                 :                           0 
	   Memory (MB)          :      177     3000      3000 
	   TimeExecute (s)      :      199                    
	   TimeSlotBusy (s)     :      201                    

	Job terminated of its own accord at 2026-02-25T19:39:56Z with exit-code 1.
...
