subject   : /DC=ch/DC=cern/OU=Organic Units/OU=Users/CN=driosper/CN=886669/CN=Diego Alejandro Rios Perez/CN=3192939875
issuer    : /DC=ch/DC=cern/OU=Organic Units/OU=Users/CN=driosper/CN=886669/CN=Diego Alejandro Rios Perez
identity  : /DC=ch/DC=cern/OU=Organic Units/OU=Users/CN=driosper/CN=886669/CN=Diego Alejandro Rios Perez
type      : RFC compliant proxy
strength  : 2048 bits
path      : /afs/cern.ch/user/d/driosper/private/x509up_u182284
timeleft  : 11:12:23
key usage : Digital Signature, Key Encipherment
=== VO cms extension information ===
VO        : cms
subject   : /DC=ch/DC=cern/OU=Organic Units/OU=Users/CN=driosper/CN=886669/CN=Diego Alejandro Rios Perez
issuer    : /DC=ch/DC=cern/OU=computers/CN=cms-auth.cern.ch
attribute : /cms/Role=NULL/Capability=NULL
timeleft  : 11:12:23
uri       : voms-cms-auth.cern.ch:15000
--workflow ztoee --year 2022preEE --output_path /eos/user/d/driosper/bsm3g_coffea/outputs/ztoee/2022preEE/WW --output_format coffea --dataset WW_6 --partition_json /srv/partition_fileset.json
  Preprocessing 100% ━━━━━━━━━━━━━━━━━━ 9/9 [ 0:00:11 < 0:00:00 | 0.8   file/s ]
Merging (local) 100% ━━━━━━━━━━━━━━━━━━ 9/9 [ 0:00:11 < 0:00:00 | ?   merges/s ]
     Processing   7% ━                   1/15 [ 0:00:21 < -:--:-- | ?  chunk/s ]
Merging (local)   0% ━━━━━━━━━━━━━━━━━━━  0/0 [ 0:00:02 < 0:00:00 | ? merges/s ]
There are 19365 events with muon pt outside of [26,200] GeV. Setting those entries to their initial value.
There are 19368 events with muon pt outside of [26,200] GeV. Setting those entries to their initial value.
There are 117 nan entries in the corrected pt. This might be due to the number of tracker layers hitting boundaries. Setting those entries to their initial value.
There are 26631 events with muon pt outside of [26,200] GeV. Setting those entries to their initial value.
There are 19427 events with muon pt outside of [26,200] GeV. Setting those entries to their initial value.
There are 19428 events with muon pt outside of [26,200] GeV. Setting those entries to their initial value.
There are 98 nan entries in the corrected pt. This might be due to the number of tracker layers hitting boundaries. Setting those entries to their initial value.
There are 26439 events with muon pt outside of [26,200] GeV. Setting those entries to their initial value.
There are 2499 events with muon pt outside of [26,200] GeV. Setting those entries to their initial value.
There are 2499 events with muon pt outside of [26,200] GeV. Setting those entries to their initial value.
There are 15 nan entries in the corrected pt. This might be due to the number of tracker layers hitting boundaries. Setting those entries to their initial value.
There are 3478 events with muon pt outside of [26,200] GeV. Setting those entries to their initial value.
There are 289 events with muon pt outside of [26,200] GeV. Setting those entries to their initial value.
There are 289 events with muon pt outside of [26,200] GeV. Setting those entries to their initial value.
There are 2 nan entries in the corrected pt. This might be due to the number of tracker layers hitting boundaries. Setting those entries to their initial value.
There are 398 events with muon pt outside of [26,200] GeV. Setting those entries to their initial value.
There are 19215 events with muon pt outside of [26,200] GeV. Setting those entries to their initial value.
There are 19217 events with muon pt outside of [26,200] GeV. Setting those entries to their initial value.
There are 114 nan entries in the corrected pt. This might be due to the number of tracker layers hitting boundaries. Setting those entries to their initial value.
There are 26501 events with muon pt outside of [26,200] GeV. Setting those entries to their initial value.
There are 141 events with muon pt outside of [26,200] GeV. Setting those entries to their initial value.
There are 141 events with muon pt outside of [26,200] GeV. Setting those entries to their initial value.
There are 4 nan entries in the corrected pt. This might be due to the number of tracker layers hitting boundaries. Setting those entries to their initial value.
There are 217 events with muon pt outside of [26,200] GeV. Setting those entries to their initial value.
There are 6928 events with muon pt outside of [26,200] GeV. Setting those entries to their initial value.
There are 6928 events with muon pt outside of [26,200] GeV. Setting those entries to their initial value.
There are 44 nan entries in the corrected pt. This might be due to the number of tracker layers hitting boundaries. Setting those entries to their initial value.
There are 9376 events with muon pt outside of [26,200] GeV. Setting those entries to their initial value.
There are 19476 events with muon pt outside of [26,200] GeV. Setting those entries to their initial value.
There are 19478 events with muon pt outside of [26,200] GeV. Setting those entries to their initial value.
There are 124 nan entries in the corrected pt. This might be due to the number of tracker layers hitting boundaries. Setting those entries to their initial value.
There are 26245 events with muon pt outside of [26,200] GeV. Setting those entries to their initial value.
There are 19408 events with muon pt outside of [26,200] GeV. Setting those entries to their initial value.
There are 19408 events with muon pt outside of [26,200] GeV. Setting those entries to their initial value.
There are 109 nan entries in the corrected pt. This might be due to the number of tracker layers hitting boundaries. Setting those entries to their initial value.
There are 26363 events with muon pt outside of [26,200] GeV. Setting those entries to their initial value.
There are 419 events with muon pt outside of [26,200] GeV. Setting those entries to their initial value.
There are 419 events with muon pt outside of [26,200] GeV. Setting those entries to their initial value.
There are 4 nan entries in the corrected pt. This might be due to the number of tracker layers hitting boundaries. Setting those entries to their initial value.
There are 609 events with muon pt outside of [26,200] GeV. Setting those entries to their initial value.
There are 5145 events with muon pt outside of [26,200] GeV. Setting those entries to their initial value.
There are 5145 events with muon pt outside of [26,200] GeV. Setting those entries to their initial value.
There are 28 nan entries in the corrected pt. This might be due to the number of tracker layers hitting boundaries. Setting those entries to their initial value.
There are 6954 events with muon pt outside of [26,200] GeV. Setting those entries to their initial value.
There are 19433 events with muon pt outside of [26,200] GeV. Setting those entries to their initial value.
There are 19434 events with muon pt outside of [26,200] GeV. Setting those entries to their initial value.
There are 130 nan entries in the corrected pt. This might be due to the number of tracker layers hitting boundaries. Setting those entries to their initial value.
There are 26551 events with muon pt outside of [26,200] GeV. Setting those entries to their initial value.
There are 19406 events with muon pt outside of [26,200] GeV. Setting those entries to their initial value.
There are 19407 events with muon pt outside of [26,200] GeV. Setting those entries to their initial value.
There are 123 nan entries in the corrected pt. This might be due to the number of tracker layers hitting boundaries. Setting those entries to their initial value.
There are 26359 events with muon pt outside of [26,200] GeV. Setting those entries to their initial value.
There are 573 events with muon pt outside of [26,200] GeV. Setting those entries to their initial value.
There are 573 events with muon pt outside of [26,200] GeV. Setting those entries to their initial value.
There are 5 nan entries in the corrected pt. This might be due to the number of tracker layers hitting boundaries. Setting those entries to their initial value.
There are 818 events with muon pt outside of [26,200] GeV. Setting those entries to their initial value.
There are 6627 events with muon pt outside of [26,200] GeV. Setting those entries to their initial value.
There are 6627 events with muon pt outside of [26,200] GeV. Setting those entries to their initial value.
There are 32 nan entries in the corrected pt. This might be due to the number of tracker layers hitting boundaries. Setting those entries to their initial value.
There are 9072 events with muon pt outside of [26,200] GeV. Setting those entries to their initial value.
