subject   : /DC=ch/DC=cern/OU=Organic Units/OU=Users/CN=driosper/CN=886669/CN=Diego Alejandro Rios Perez/CN=3192939875
issuer    : /DC=ch/DC=cern/OU=Organic Units/OU=Users/CN=driosper/CN=886669/CN=Diego Alejandro Rios Perez
identity  : /DC=ch/DC=cern/OU=Organic Units/OU=Users/CN=driosper/CN=886669/CN=Diego Alejandro Rios Perez
type      : RFC compliant proxy
strength  : 2048 bits
path      : /afs/cern.ch/user/d/driosper/private/x509up_u182284
timeleft  : 9:20:50
key usage : Digital Signature, Key Encipherment
=== VO cms extension information ===
VO        : cms
subject   : /DC=ch/DC=cern/OU=Organic Units/OU=Users/CN=driosper/CN=886669/CN=Diego Alejandro Rios Perez
issuer    : /DC=ch/DC=cern/OU=computers/CN=cms-auth.cern.ch
attribute : /cms/Role=NULL/Capability=NULL
timeleft  : 9:20:50
uri       : voms-cms-auth.cern.ch:15000
--workflow ztoee --year 2022preEE --output_path /eos/user/d/driosper/bsm3g_coffea/outputs/ztoee/2022preEE/WW --output_format coffea --dataset WW_3 --partition_json /srv/partition_fileset.json
  Preprocessing 100% ━━━━━━━━━━━━━━━━━━ 9/9 [ 0:00:18 < 0:00:00 | 0.6   file/s ]
Merging (local) 100% ━━━━━━━━━━━━━━━━━━ 9/9 [ 0:00:18 < 0:00:00 | ?   merges/s ]
     Processing   3% ╸                   1/29 [ 0:00:23 < -:--:-- | ?  chunk/s ]
Merging (local)   0% ━━━━━━━━━━━━━━━━━━━  0/0 [ 0:00:02 < 0:00:00 | ? merges/s ]
There are 19837 events with muon pt outside of [26,200] GeV. Setting those entries to their initial value.
There are 19837 events with muon pt outside of [26,200] GeV. Setting those entries to their initial value.
There are 106 nan entries in the corrected pt. This might be due to the number of tracker layers hitting boundaries. Setting those entries to their initial value.
There are 26700 events with muon pt outside of [26,200] GeV. Setting those entries to their initial value.
There are 19566 events with muon pt outside of [26,200] GeV. Setting those entries to their initial value.
There are 19569 events with muon pt outside of [26,200] GeV. Setting those entries to their initial value.
There are 107 nan entries in the corrected pt. This might be due to the number of tracker layers hitting boundaries. Setting those entries to their initial value.
There are 26563 events with muon pt outside of [26,200] GeV. Setting those entries to their initial value.
There are 19096 events with muon pt outside of [26,200] GeV. Setting those entries to their initial value.
There are 19096 events with muon pt outside of [26,200] GeV. Setting those entries to their initial value.
There are 131 nan entries in the corrected pt. This might be due to the number of tracker layers hitting boundaries. Setting those entries to their initial value.
There are 26463 events with muon pt outside of [26,200] GeV. Setting those entries to their initial value.
There are 19442 events with muon pt outside of [26,200] GeV. Setting those entries to their initial value.
There are 19442 events with muon pt outside of [26,200] GeV. Setting those entries to their initial value.
There are 120 nan entries in the corrected pt. This might be due to the number of tracker layers hitting boundaries. Setting those entries to their initial value.
There are 26326 events with muon pt outside of [26,200] GeV. Setting those entries to their initial value.
There are 19775 events with muon pt outside of [26,200] GeV. Setting those entries to their initial value.
There are 19775 events with muon pt outside of [26,200] GeV. Setting those entries to their initial value.
There are 118 nan entries in the corrected pt. This might be due to the number of tracker layers hitting boundaries. Setting those entries to their initial value.
There are 26902 events with muon pt outside of [26,200] GeV. Setting those entries to their initial value.
There are 18897 events with muon pt outside of [26,200] GeV. Setting those entries to their initial value.
There are 18897 events with muon pt outside of [26,200] GeV. Setting those entries to their initial value.
There are 94 nan entries in the corrected pt. This might be due to the number of tracker layers hitting boundaries. Setting those entries to their initial value.
There are 24921 events with muon pt outside of [26,200] GeV. Setting those entries to their initial value.
There are 1146 events with muon pt outside of [26,200] GeV. Setting those entries to their initial value.
There are 1146 events with muon pt outside of [26,200] GeV. Setting those entries to their initial value.
There are 11 nan entries in the corrected pt. This might be due to the number of tracker layers hitting boundaries. Setting those entries to their initial value.
There are 1564 events with muon pt outside of [26,200] GeV. Setting those entries to their initial value.
There are 2096 events with muon pt outside of [26,200] GeV. Setting those entries to their initial value.
There are 2096 events with muon pt outside of [26,200] GeV. Setting those entries to their initial value.
There are 18 nan entries in the corrected pt. This might be due to the number of tracker layers hitting boundaries. Setting those entries to their initial value.
There are 2832 events with muon pt outside of [26,200] GeV. Setting those entries to their initial value.
There are 20020 events with muon pt outside of [26,200] GeV. Setting those entries to their initial value.
There are 20024 events with muon pt outside of [26,200] GeV. Setting those entries to their initial value.
There are 139 nan entries in the corrected pt. This might be due to the number of tracker layers hitting boundaries. Setting those entries to their initial value.
There are 26679 events with muon pt outside of [26,200] GeV. Setting those entries to their initial value.
There are 4072 events with muon pt outside of [26,200] GeV. Setting those entries to their initial value.
There are 4072 events with muon pt outside of [26,200] GeV. Setting those entries to their initial value.
There are 27 nan entries in the corrected pt. This might be due to the number of tracker layers hitting boundaries. Setting those entries to their initial value.
There are 5611 events with muon pt outside of [26,200] GeV. Setting those entries to their initial value.
There are 19281 events with muon pt outside of [26,200] GeV. Setting those entries to their initial value.
There are 19283 events with muon pt outside of [26,200] GeV. Setting those entries to their initial value.
There are 119 nan entries in the corrected pt. This might be due to the number of tracker layers hitting boundaries. Setting those entries to their initial value.
There are 26377 events with muon pt outside of [26,200] GeV. Setting those entries to their initial value.
There are 19342 events with muon pt outside of [26,200] GeV. Setting those entries to their initial value.
There are 19344 events with muon pt outside of [26,200] GeV. Setting those entries to their initial value.
There are 115 nan entries in the corrected pt. This might be due to the number of tracker layers hitting boundaries. Setting those entries to their initial value.
There are 26495 events with muon pt outside of [26,200] GeV. Setting those entries to their initial value.
There are 19902 events with muon pt outside of [26,200] GeV. Setting those entries to their initial value.
There are 19902 events with muon pt outside of [26,200] GeV. Setting those entries to their initial value.
There are 124 nan entries in the corrected pt. This might be due to the number of tracker layers hitting boundaries. Setting those entries to their initial value.
There are 27099 events with muon pt outside of [26,200] GeV. Setting those entries to their initial value.
There are 18254 events with muon pt outside of [26,200] GeV. Setting those entries to their initial value.
There are 18254 events with muon pt outside of [26,200] GeV. Setting those entries to their initial value.
There are 110 nan entries in the corrected pt. This might be due to the number of tracker layers hitting boundaries. Setting those entries to their initial value.
There are 25324 events with muon pt outside of [26,200] GeV. Setting those entries to their initial value.
There are 17214 events with muon pt outside of [26,200] GeV. Setting those entries to their initial value.
There are 17216 events with muon pt outside of [26,200] GeV. Setting those entries to their initial value.
There are 109 nan entries in the corrected pt. This might be due to the number of tracker layers hitting boundaries. Setting those entries to their initial value.
There are 23081 events with muon pt outside of [26,200] GeV. Setting those entries to their initial value.
There are 19424 events with muon pt outside of [26,200] GeV. Setting those entries to their initial value.
There are 19425 events with muon pt outside of [26,200] GeV. Setting those entries to their initial value.
There are 121 nan entries in the corrected pt. This might be due to the number of tracker layers hitting boundaries. Setting those entries to their initial value.
There are 26659 events with muon pt outside of [26,200] GeV. Setting those entries to their initial value.
There are 19569 events with muon pt outside of [26,200] GeV. Setting those entries to their initial value.
There are 19570 events with muon pt outside of [26,200] GeV. Setting those entries to their initial value.
There are 119 nan entries in the corrected pt. This might be due to the number of tracker layers hitting boundaries. Setting those entries to their initial value.
There are 26449 events with muon pt outside of [26,200] GeV. Setting those entries to their initial value.
There are 19252 events with muon pt outside of [26,200] GeV. Setting those entries to their initial value.
There are 19254 events with muon pt outside of [26,200] GeV. Setting those entries to their initial value.
There are 96 nan entries in the corrected pt. This might be due to the number of tracker layers hitting boundaries. Setting those entries to their initial value.
There are 26431 events with muon pt outside of [26,200] GeV. Setting those entries to their initial value.
There are 19778 events with muon pt outside of [26,200] GeV. Setting those entries to their initial value.
There are 19779 events with muon pt outside of [26,200] GeV. Setting those entries to their initial value.
There are 119 nan entries in the corrected pt. This might be due to the number of tracker layers hitting boundaries. Setting those entries to their initial value.
There are 27569 events with muon pt outside of [26,200] GeV. Setting those entries to their initial value.
There are 19867 events with muon pt outside of [26,200] GeV. Setting those entries to their initial value.
There are 19868 events with muon pt outside of [26,200] GeV. Setting those entries to their initial value.
There are 109 nan entries in the corrected pt. This might be due to the number of tracker layers hitting boundaries. Setting those entries to their initial value.
There are 27130 events with muon pt outside of [26,200] GeV. Setting those entries to their initial value.
There are 145 events with muon pt outside of [26,200] GeV. Setting those entries to their initial value.
There are 145 events with muon pt outside of [26,200] GeV. Setting those entries to their initial value.
There are 1 nan entries in the corrected pt. This might be due to the number of tracker layers hitting boundaries. Setting those entries to their initial value.
There are 210 events with muon pt outside of [26,200] GeV. Setting those entries to their initial value.
There are 17224 events with muon pt outside of [26,200] GeV. Setting those entries to their initial value.
There are 17225 events with muon pt outside of [26,200] GeV. Setting those entries to their initial value.
There are 97 nan entries in the corrected pt. This might be due to the number of tracker layers hitting boundaries. Setting those entries to their initial value.
There are 23157 events with muon pt outside of [26,200] GeV. Setting those entries to their initial value.
There are 19720 events with muon pt outside of [26,200] GeV. Setting those entries to their initial value.
There are 19723 events with muon pt outside of [26,200] GeV. Setting those entries to their initial value.
There are 100 nan entries in the corrected pt. This might be due to the number of tracker layers hitting boundaries. Setting those entries to their initial value.
There are 26700 events with muon pt outside of [26,200] GeV. Setting those entries to their initial value.
There are 19740 events with muon pt outside of [26,200] GeV. Setting those entries to their initial value.
There are 19740 events with muon pt outside of [26,200] GeV. Setting those entries to their initial value.
There are 120 nan entries in the corrected pt. This might be due to the number of tracker layers hitting boundaries. Setting those entries to their initial value.
There are 26737 events with muon pt outside of [26,200] GeV. Setting those entries to their initial value.
There are 19657 events with muon pt outside of [26,200] GeV. Setting those entries to their initial value.
There are 19659 events with muon pt outside of [26,200] GeV. Setting those entries to their initial value.
There are 102 nan entries in the corrected pt. This might be due to the number of tracker layers hitting boundaries. Setting those entries to their initial value.
There are 26299 events with muon pt outside of [26,200] GeV. Setting those entries to their initial value.
There are 19507 events with muon pt outside of [26,200] GeV. Setting those entries to their initial value.
There are 19510 events with muon pt outside of [26,200] GeV. Setting those entries to their initial value.
There are 114 nan entries in the corrected pt. This might be due to the number of tracker layers hitting boundaries. Setting those entries to their initial value.
There are 26269 events with muon pt outside of [26,200] GeV. Setting those entries to their initial value.
There are 19968 events with muon pt outside of [26,200] GeV. Setting those entries to their initial value.
There are 19969 events with muon pt outside of [26,200] GeV. Setting those entries to their initial value.
There are 120 nan entries in the corrected pt. This might be due to the number of tracker layers hitting boundaries. Setting those entries to their initial value.
There are 27174 events with muon pt outside of [26,200] GeV. Setting those entries to their initial value.
There are 18555 events with muon pt outside of [26,200] GeV. Setting those entries to their initial value.
There are 18555 events with muon pt outside of [26,200] GeV. Setting those entries to their initial value.
There are 109 nan entries in the corrected pt. This might be due to the number of tracker layers hitting boundaries. Setting those entries to their initial value.
There are 25131 events with muon pt outside of [26,200] GeV. Setting those entries to their initial value.
There are 17019 events with muon pt outside of [26,200] GeV. Setting those entries to their initial value.
There are 17021 events with muon pt outside of [26,200] GeV. Setting those entries to their initial value.
There are 104 nan entries in the corrected pt. This might be due to the number of tracker layers hitting boundaries. Setting those entries to their initial value.
There are 23278 events with muon pt outside of [26,200] GeV. Setting those entries to their initial value.
