000 (14722388.000.000) 02/25 15:24:10 Job submitted from host: <188.184.90.62:9618?addrs=188.184.90.62-9618+[2001-1458-201-e4--100-238]-9618&alias=bigbird16.cern.ch&noUDP&sock=schedd_5196_9a2f>
...
040 (14722388.000.000) 02/25 15:27:12 Started transferring input files
	Transferring to host: <188.185.213.142:9618?addrs=188.185.213.142-9618+[2001-1458-303-1b--100-a]-9618&alias=b9p28p1864.cern.ch&noUDP&sock=slot1_27_4280_65a7_3233>
...
040 (14722388.000.000) 02/25 15:27:12 Finished transferring input files
...
001 (14722388.000.000) 02/25 15:27:13 Job executing on host: <188.185.213.142:9618?addrs=188.185.213.142-9618+[2001-1458-303-1b--100-a]-9618&alias=b9p28p1864.cern.ch&noUDP&sock=startd_3644_0f33>
	SlotName: slot1_27@b9p28p1864.cern.ch
	CondorScratchDir = "/pool/condor/dir_3075828"
	Cpus = 1
	Disk = 3830
	GPUs = 0
	Memory = 3000
...
006 (14722388.000.000) 02/25 15:27:22 Image size of job updated: 472988
	462  -  MemoryUsage of job (MB)
	472988  -  ResidentSetSize of job (KB)
...
006 (14722388.000.000) 02/25 15:28:42 Image size of job updated: 628812
	462  -  MemoryUsage of job (MB)
	472988  -  ResidentSetSize of job (KB)
...
040 (14722388.000.000) 02/25 15:28:42 Started transferring output files
...
040 (14722388.000.000) 02/25 15:28:42 Finished transferring output files
...
005 (14722388.000.000) 02/25 15:28:42 Job terminated.
	(1) Normal termination (return value 1)
		Usr 0 00:00:20, Sys 0 00:00:03  -  Run Remote Usage
		Usr 0 00:00:00, Sys 0 00:00:00  -  Run Local Usage
		Usr 0 00:00:20, Sys 0 00:00:03  -  Total Remote Usage
		Usr 0 00:00:00, Sys 0 00:00:00  -  Total Local Usage
	10019  -  Run Bytes Sent By Job
	15172  -  Run Bytes Received By Job
	10019  -  Total Bytes Sent By Job
	15172  -  Total Bytes Received By Job
	Partitionable Resources :    Usage  Request Allocated 
	   Cpus                 :        0        1         1 
	   Disk (KB)            :       50       17      3830 
	   GPUs                 :                           0 
	   Memory (MB)          :      462     3000      3000 
	   TimeExecute (s)      :       89                    
	   TimeSlotBusy (s)     :       91                    
...
