000 (14722388.004.000) 02/25 15:24:10 Job submitted from host: <188.184.90.62:9618?addrs=188.184.90.62-9618+[2001-1458-201-e4--100-238]-9618&alias=bigbird16.cern.ch&noUDP&sock=schedd_5196_9a2f>
...
040 (14722388.004.000) 02/25 15:27:14 Started transferring input files
	Transferring to host: <188.185.210.149:9618?addrs=188.185.210.149-9618+[2001-1458-303-15--100-11]-9618&alias=b9p22p4349.cern.ch&noUDP&sock=slot1_30_4334_71e9_175360>
...
040 (14722388.004.000) 02/25 15:27:14 Finished transferring input files
...
001 (14722388.004.000) 02/25 15:27:15 Job executing on host: <188.185.210.149:9618?addrs=188.185.210.149-9618+[2001-1458-303-15--100-11]-9618&alias=b9p22p4349.cern.ch&noUDP&sock=startd_3688_3d5e>
	SlotName: slot1_30@b9p22p4349.cern.ch
	CondorScratchDir = "/pool/condor/dir_928398"
	Cpus = 1
	Disk = 3914
	GPUs = 0
	Memory = 3000
...
006 (14722388.004.000) 02/25 15:27:29 Image size of job updated: 547240
	535  -  MemoryUsage of job (MB)
	547240  -  ResidentSetSize of job (KB)
...
006 (14722388.004.000) 02/25 15:31:52 Image size of job updated: 3164136
	535  -  MemoryUsage of job (MB)
	547304  -  ResidentSetSize of job (KB)
...
040 (14722388.004.000) 02/25 15:31:52 Started transferring output files
...
040 (14722388.004.000) 02/25 15:31:52 Finished transferring output files
...
005 (14722388.004.000) 02/25 15:31:52 Job terminated.
	(1) Normal termination (return value 1)
		Usr 0 00:06:00, Sys 0 00:00:16  -  Run Remote Usage
		Usr 0 00:00:00, Sys 0 00:00:00  -  Run Local Usage
		Usr 0 00:06:00, Sys 0 00:00:16  -  Total Remote Usage
		Usr 0 00:00:00, Sys 0 00:00:00  -  Total Local Usage
	25899  -  Run Bytes Sent By Job
	15172  -  Run Bytes Received By Job
	25899  -  Total Bytes Sent By Job
	15172  -  Total Bytes Received By Job
	Partitionable Resources :    Usage  Request Allocated 
	   Cpus                 :     0.30        1         1 
	   Disk (KB)            :    66          17      3914 
	   GPUs                 :                           0 
	   Memory (MB)          :   535        3000      3000 
	   TimeExecute (s)      :   277                       
	   TimeSlotBusy (s)     :   279                       

	Job terminated of its own accord at 2026-02-25T14:31:52Z with exit-code 1.
...
