000 (14752965.006.000) 02/26 16:23:25 Job submitted from host: <188.184.90.62:9618?addrs=188.184.90.62-9618+[2001-1458-201-e4--100-238]-9618&alias=bigbird16.cern.ch&noUDP&sock=schedd_5196_9a2f>
...
040 (14752965.006.000) 02/26 16:27:34 Started transferring input files
	Transferring to host: <188.185.214.22:9618?addrs=188.185.214.22-9618+[2001-1458-303-1c--100-12]-9618&alias=b9p29p3973.cern.ch&noUDP&sock=slot1_13_5978_caac_201984>
...
040 (14752965.006.000) 02/26 16:27:34 Finished transferring input files
...
001 (14752965.006.000) 02/26 16:27:35 Job executing on host: <188.185.214.22:9618?addrs=188.185.214.22-9618+[2001-1458-303-1c--100-12]-9618&alias=b9p29p3973.cern.ch&noUDP&sock=startd_5083_17fc>
	SlotName: slot1_13@b9p29p3973.cern.ch
	CondorScratchDir = "/pool/condor/dir_1517087"
	Cpus = 1
	Disk = 3733
	GPUs = 0
	Memory = 3000
...
006 (14752965.006.000) 02/26 16:27:49 Image size of job updated: 509116
	498  -  MemoryUsage of job (MB)
	509116  -  ResidentSetSize of job (KB)
...
006 (14752965.006.000) 02/26 16:28:43 Image size of job updated: 509532
	498  -  MemoryUsage of job (MB)
	509116  -  ResidentSetSize of job (KB)
...
040 (14752965.006.000) 02/26 16:28:43 Started transferring output files
...
040 (14752965.006.000) 02/26 16:28:43 Finished transferring output files
...
005 (14752965.006.000) 02/26 16:28:43 Job terminated.
	(1) Normal termination (return value 1)
		Usr 0 00:00:03, Sys 0 00:00:01  -  Run Remote Usage
		Usr 0 00:00:00, Sys 0 00:00:00  -  Run Local Usage
		Usr 0 00:00:03, Sys 0 00:00:01  -  Total Remote Usage
		Usr 0 00:00:00, Sys 0 00:00:00  -  Total Local Usage
	10086  -  Run Bytes Sent By Job
	15304  -  Run Bytes Received By Job
	10086  -  Total Bytes Sent By Job
	15304  -  Total Bytes Received By Job
	Partitionable Resources :    Usage  Request Allocated 
	   Cpus                 :        0        1         1 
	   Disk (KB)            :       50       17      3733 
	   GPUs                 :                           0 
	   Memory (MB)          :      498     3000      3000 
	   TimeExecute (s)      :       68                    
	   TimeSlotBusy (s)     :       70                    

	Job terminated of its own accord at 2026-02-26T15:28:43Z with exit-code 1.
...
