000 (14729966.000.000) 02/25 17:14:47 Job submitted from host: <188.184.90.62:9618?addrs=188.184.90.62-9618+[2001-1458-201-e4--100-238]-9618&alias=bigbird16.cern.ch&noUDP&sock=schedd_5196_9a2f>
...
040 (14729966.000.000) 02/25 17:18:46 Started transferring input files
	Transferring to host: <188.185.213.89:9618?addrs=188.185.213.89-9618+[2001-1458-303-1a--100-55]-9618&alias=b9p27p3133.cern.ch&noUDP&sock=slot1_7_6884_2691_171794>
...
040 (14729966.000.000) 02/25 17:18:46 Finished transferring input files
...
001 (14729966.000.000) 02/25 17:18:47 Job executing on host: <188.185.213.89:9618?addrs=188.185.213.89-9618+[2001-1458-303-1a--100-55]-9618&alias=b9p27p3133.cern.ch&noUDP&sock=startd_6001_c3ec>
	SlotName: slot1_7@b9p27p3133.cern.ch
	CondorScratchDir = "/pool/condor/dir_362337"
	Cpus = 1
	Disk = 3808
	GPUs = 0
	Memory = 3000
...
006 (14729966.000.000) 02/25 17:19:02 Image size of job updated: 124620
	122  -  MemoryUsage of job (MB)
	124620  -  ResidentSetSize of job (KB)
...
006 (14729966.000.000) 02/25 17:24:03 Image size of job updated: 3183112
	3109  -  MemoryUsage of job (MB)
	3183112  -  ResidentSetSize of job (KB)
...
006 (14729966.000.000) 02/25 17:27:24 Image size of job updated: 3405172
	3109  -  MemoryUsage of job (MB)
	3183112  -  ResidentSetSize of job (KB)
...
040 (14729966.000.000) 02/25 17:27:24 Started transferring output files
...
040 (14729966.000.000) 02/25 17:27:24 Finished transferring output files
...
005 (14729966.000.000) 02/25 17:27:24 Job terminated.
	(1) Normal termination (return value 1)
		Usr 0 00:11:28, Sys 0 00:00:18  -  Run Remote Usage
		Usr 0 00:00:00, Sys 0 00:00:00  -  Run Local Usage
		Usr 0 00:11:28, Sys 0 00:00:18  -  Total Remote Usage
		Usr 0 00:00:00, Sys 0 00:00:00  -  Total Local Usage
	32418  -  Run Bytes Sent By Job
	15860  -  Run Bytes Received By Job
	32418  -  Total Bytes Sent By Job
	15860  -  Total Bytes Received By Job
	Partitionable Resources :    Usage  Request Allocated 
	   Cpus                 :     0.40        1         1 
	   Disk (KB)            :    73          20      3808 
	   GPUs                 :                           0 
	   Memory (MB)          :  3109        3000      3000 
	   TimeExecute (s)      :   517                       
	   TimeSlotBusy (s)     :   519                       

	Job terminated of its own accord at 2026-02-25T16:27:24Z with exit-code 1.
...
