000 (14722388.006.000) 02/25 15:24:10 Job submitted from host: <188.184.90.62:9618?addrs=188.184.90.62-9618+[2001-1458-201-e4--100-238]-9618&alias=bigbird16.cern.ch&noUDP&sock=schedd_5196_9a2f>
...
040 (14722388.006.000) 02/25 15:27:14 Started transferring input files
	Transferring to host: <188.185.208.161:9618?addrs=188.185.208.161-9618+[2001-1458-303-10--100-1e]-9618&alias=b9p10p5491.cern.ch&noUDP&sock=slot1_14_6216_7bf6_148404>
...
040 (14722388.006.000) 02/25 15:27:14 Finished transferring input files
...
001 (14722388.006.000) 02/25 15:27:15 Job executing on host: <188.185.208.161:9618?addrs=188.185.208.161-9618+[2001-1458-303-10--100-1e]-9618&alias=b9p10p5491.cern.ch&noUDP&sock=startd_5235_5a61>
	SlotName: slot1_14@b9p10p5491.cern.ch
	CondorScratchDir = "/pool/condor/dir_199129"
	Cpus = 1
	Disk = 3734
	GPUs = 0
	Memory = 3000
...
006 (14722388.006.000) 02/25 15:27:29 Image size of job updated: 553544
	541  -  MemoryUsage of job (MB)
	553544  -  ResidentSetSize of job (KB)
...
006 (14722388.006.000) 02/25 15:31:30 Image size of job updated: 2825244
	542  -  MemoryUsage of job (MB)
	554080  -  ResidentSetSize of job (KB)
...
040 (14722388.006.000) 02/25 15:31:30 Started transferring output files
...
040 (14722388.006.000) 02/25 15:31:30 Finished transferring output files
...
005 (14722388.006.000) 02/25 15:31:30 Job terminated.
	(1) Normal termination (return value 1)
		Usr 0 00:04:49, Sys 0 00:00:11  -  Run Remote Usage
		Usr 0 00:00:00, Sys 0 00:00:00  -  Run Local Usage
		Usr 0 00:04:49, Sys 0 00:00:11  -  Total Remote Usage
		Usr 0 00:00:00, Sys 0 00:00:00  -  Total Local Usage
	22019  -  Run Bytes Sent By Job
	15172  -  Run Bytes Received By Job
	22019  -  Total Bytes Sent By Job
	15172  -  Total Bytes Received By Job
	Partitionable Resources :    Usage  Request Allocated 
	   Cpus                 :        0        1         1 
	   Disk (KB)            :       65       17      3734 
	   GPUs                 :                           0 
	   Memory (MB)          :      542     3000      3000 
	   TimeExecute (s)      :      255                    
	   TimeSlotBusy (s)     :      257                    

	Job terminated of its own accord at 2026-02-25T14:31:30Z with exit-code 1.
...
