000 (14729966.002.000) 02/25 17:14:47 Job submitted from host: <188.184.90.62:9618?addrs=188.184.90.62-9618+[2001-1458-201-e4--100-238]-9618&alias=bigbird16.cern.ch&noUDP&sock=schedd_5196_9a2f>
...
040 (14729966.002.000) 02/25 17:18:47 Started transferring input files
	Transferring to host: <128.142.196.65:9618?addrs=128.142.196.65-9618+[2001-1458-301-3c--100-3f]-9618&alias=b9g32p1856.cern.ch&noUDP&sock=slot1_27_3161_f5da_173600>
...
040 (14729966.002.000) 02/25 17:18:47 Finished transferring input files
...
001 (14729966.002.000) 02/25 17:18:48 Job executing on host: <128.142.196.65:9618?addrs=128.142.196.65-9618+[2001-1458-301-3c--100-3f]-9618&alias=b9g32p1856.cern.ch&noUDP&sock=startd_2735_8f9c>
	SlotName: slot1_27@b9g32p1856.cern.ch
	CondorScratchDir = "/pool/condor/dir_468623"
	Cpus = 1
	Disk = 3858
	GPUs = 0
	Memory = 3000
...
006 (14729966.002.000) 02/25 17:19:02 Image size of job updated: 486240
	475  -  MemoryUsage of job (MB)
	486240  -  ResidentSetSize of job (KB)
...
006 (14729966.002.000) 02/25 17:24:03 Image size of job updated: 2846712
	2780  -  MemoryUsage of job (MB)
	2846712  -  ResidentSetSize of job (KB)
...
006 (14729966.002.000) 02/25 17:24:57 Image size of job updated: 2856128
	2780  -  MemoryUsage of job (MB)
	2846712  -  ResidentSetSize of job (KB)
...
040 (14729966.002.000) 02/25 17:24:57 Started transferring output files
...
040 (14729966.002.000) 02/25 17:24:57 Finished transferring output files
...
005 (14729966.002.000) 02/25 17:24:57 Job terminated.
	(1) Normal termination (return value 1)
		Usr 0 00:06:47, Sys 0 00:00:16  -  Run Remote Usage
		Usr 0 00:00:00, Sys 0 00:00:00  -  Run Local Usage
		Usr 0 00:06:47, Sys 0 00:00:16  -  Total Remote Usage
		Usr 0 00:00:00, Sys 0 00:00:00  -  Total Local Usage
	27078  -  Run Bytes Sent By Job
	15860  -  Run Bytes Received By Job
	27078  -  Total Bytes Sent By Job
	15860  -  Total Bytes Received By Job
	Partitionable Resources :    Usage  Request Allocated 
	   Cpus                 :        0        1         1 
	   Disk (KB)            :       68       20      3858 
	   GPUs                 :                           0 
	   Memory (MB)          :     2780     3000      3000 
	   TimeExecute (s)      :      369                    
	   TimeSlotBusy (s)     :      371                    

	Job terminated of its own accord at 2026-02-25T16:24:57Z with exit-code 1.
...
