000 (14722388.001.000) 02/25 15:24:10 Job submitted from host: <188.184.90.62:9618?addrs=188.184.90.62-9618+[2001-1458-201-e4--100-238]-9618&alias=bigbird16.cern.ch&noUDP&sock=schedd_5196_9a2f>
...
040 (14722388.001.000) 02/25 15:27:12 Started transferring input files
	Transferring to host: <188.185.210.164:9618?addrs=188.185.210.164-9618+[2001-1458-303-15--100-20]-9618&alias=b9p22p8944.cern.ch&noUDP&sock=slot1_19_3122_7b38_199862>
...
040 (14722388.001.000) 02/25 15:27:12 Finished transferring input files
...
001 (14722388.001.000) 02/25 15:27:13 Job executing on host: <188.185.210.164:9618?addrs=188.185.210.164-9618+[2001-1458-303-15--100-20]-9618&alias=b9p22p8944.cern.ch&noUDP&sock=startd_2680_d5e7>
	SlotName: slot1_19@b9p22p8944.cern.ch
	CondorScratchDir = "/pool/condor/dir_3224936"
	Cpus = 1
	Disk = 3728
	GPUs = 0
	Memory = 3000
...
006 (14722388.001.000) 02/25 15:27:27 Image size of job updated: 546436
	534  -  MemoryUsage of job (MB)
	546436  -  ResidentSetSize of job (KB)
...
006 (14722388.001.000) 02/25 15:32:27 Image size of job updated: 3272920
	3171  -  MemoryUsage of job (MB)
	3246568  -  ResidentSetSize of job (KB)
...
040 (14722388.001.000) 02/25 15:33:20 Started transferring output files
...
040 (14722388.001.000) 02/25 15:33:21 Finished transferring output files
...
005 (14722388.001.000) 02/25 15:33:21 Job terminated.
	(1) Normal termination (return value 1)
		Usr 0 00:08:52, Sys 0 00:00:22  -  Run Remote Usage
		Usr 0 00:00:00, Sys 0 00:00:00  -  Run Local Usage
		Usr 0 00:08:52, Sys 0 00:00:22  -  Total Remote Usage
		Usr 0 00:00:00, Sys 0 00:00:00  -  Total Local Usage
	31281  -  Run Bytes Sent By Job
	15172  -  Run Bytes Received By Job
	31281  -  Total Bytes Sent By Job
	15172  -  Total Bytes Received By Job
	Partitionable Resources :    Usage  Request Allocated 
	   Cpus                 :        0        1         1 
	   Disk (KB)            :       71       17      3728 
	   GPUs                 :                           0 
	   Memory (MB)          :     3171     3000      3000 
	   TimeExecute (s)      :      367                    
	   TimeSlotBusy (s)     :      370                    

	Job terminated of its own accord at 2026-02-25T14:33:20Z with exit-code 1.
...
