000 (14752965.004.000) 02/26 16:23:25 Job submitted from host: <188.184.90.62:9618?addrs=188.184.90.62-9618+[2001-1458-201-e4--100-238]-9618&alias=bigbird16.cern.ch&noUDP&sock=schedd_5196_9a2f>
...
040 (14752965.004.000) 02/26 16:27:34 Started transferring input files
	Transferring to host: <188.185.214.57:9618?addrs=188.185.214.57-9618+[2001-1458-303-1c--100-35]-9618&alias=b9p29p2773.cern.ch&noUDP&sock=slot1_5_5352_b7d3_214003>
...
040 (14752965.004.000) 02/26 16:27:34 Finished transferring input files
...
001 (14752965.004.000) 02/26 16:27:35 Job executing on host: <188.185.214.57:9618?addrs=188.185.214.57-9618+[2001-1458-303-1c--100-35]-9618&alias=b9p29p2773.cern.ch&noUDP&sock=startd_4287_1a99>
	SlotName: slot1_5@b9p29p2773.cern.ch
	CondorScratchDir = "/pool/condor/dir_3316899"
	Cpus = 1
	Disk = 3834
	GPUs = 0
	Memory = 3000
...
006 (14752965.004.000) 02/26 16:27:49 Image size of job updated: 511044
	500  -  MemoryUsage of job (MB)
	511044  -  ResidentSetSize of job (KB)
...
006 (14752965.004.000) 02/26 16:28:42 Image size of job updated: 511060
	500  -  MemoryUsage of job (MB)
	511044  -  ResidentSetSize of job (KB)
...
040 (14752965.004.000) 02/26 16:28:42 Started transferring output files
...
040 (14752965.004.000) 02/26 16:28:42 Finished transferring output files
...
005 (14752965.004.000) 02/26 16:28:42 Job terminated.
	(1) Normal termination (return value 1)
		Usr 0 00:00:03, Sys 0 00:00:01  -  Run Remote Usage
		Usr 0 00:00:00, Sys 0 00:00:00  -  Run Local Usage
		Usr 0 00:00:03, Sys 0 00:00:01  -  Total Remote Usage
		Usr 0 00:00:00, Sys 0 00:00:00  -  Total Local Usage
	10093  -  Run Bytes Sent By Job
	15304  -  Run Bytes Received By Job
	10093  -  Total Bytes Sent By Job
	15304  -  Total Bytes Received By Job
	Partitionable Resources :    Usage  Request Allocated 
	   Cpus                 :        0        1         1 
	   Disk (KB)            :       50       17      3834 
	   GPUs                 :                           0 
	   Memory (MB)          :      500     3000      3000 
	   TimeExecute (s)      :       67                    
	   TimeSlotBusy (s)     :       69                    

	Job terminated of its own accord at 2026-02-26T15:28:42Z with exit-code 1.
...
