subject   : /DC=ch/DC=cern/OU=Organic Units/OU=Users/CN=driosper/CN=886669/CN=Diego Alejandro Rios Perez/CN=3192939875
issuer    : /DC=ch/DC=cern/OU=Organic Units/OU=Users/CN=driosper/CN=886669/CN=Diego Alejandro Rios Perez
identity  : /DC=ch/DC=cern/OU=Organic Units/OU=Users/CN=driosper/CN=886669/CN=Diego Alejandro Rios Perez
type      : RFC compliant proxy
strength  : 2048 bits
path      : /afs/cern.ch/user/d/driosper/private/x509up_u182284
timeleft  : 9:20:50
key usage : Digital Signature, Key Encipherment
=== VO cms extension information ===
VO        : cms
subject   : /DC=ch/DC=cern/OU=Organic Units/OU=Users/CN=driosper/CN=886669/CN=Diego Alejandro Rios Perez
issuer    : /DC=ch/DC=cern/OU=computers/CN=cms-auth.cern.ch
attribute : /cms/Role=NULL/Capability=NULL
timeleft  : 9:20:50
uri       : voms-cms-auth.cern.ch:15000
--workflow ztoee --year 2022preEE --output_path /eos/user/d/driosper/bsm3g_coffea/outputs/ztoee/2022preEE/WW --output_format coffea --dataset WW_4 --partition_json /srv/partition_fileset.json
  Preprocessing 100% ━━━━━━━━━━━━━━━━━━ 9/9 [ 0:00:16 < 0:00:00 | 0.7   file/s ]
Merging (local) 100% ━━━━━━━━━━━━━━━━━━ 9/9 [ 0:00:16 < 0:00:00 | ?   merges/s ]
     Processing   7% ━                   1/14 [ 0:00:22 < -:--:-- | ?  chunk/s ]
Merging (local)   0% ━━━━━━━━━━━━━━━━━━━  0/0 [ 0:00:02 < 0:00:00 | ? merges/s ]
There are 707 events with muon pt outside of [26,200] GeV. Setting those entries to their initial value.
There are 707 events with muon pt outside of [26,200] GeV. Setting those entries to their initial value.
There are 4 nan entries in the corrected pt. This might be due to the number of tracker layers hitting boundaries. Setting those entries to their initial value.
There are 956 events with muon pt outside of [26,200] GeV. Setting those entries to their initial value.
There are 19526 events with muon pt outside of [26,200] GeV. Setting those entries to their initial value.
There are 19529 events with muon pt outside of [26,200] GeV. Setting those entries to their initial value.
There are 107 nan entries in the corrected pt. This might be due to the number of tracker layers hitting boundaries. Setting those entries to their initial value.
There are 26517 events with muon pt outside of [26,200] GeV. Setting those entries to their initial value.
There are 19439 events with muon pt outside of [26,200] GeV. Setting those entries to their initial value.
There are 19440 events with muon pt outside of [26,200] GeV. Setting those entries to their initial value.
There are 110 nan entries in the corrected pt. This might be due to the number of tracker layers hitting boundaries. Setting those entries to their initial value.
There are 26396 events with muon pt outside of [26,200] GeV. Setting those entries to their initial value.
There are 2859 events with muon pt outside of [26,200] GeV. Setting those entries to their initial value.
There are 2859 events with muon pt outside of [26,200] GeV. Setting those entries to their initial value.
There are 15 nan entries in the corrected pt. This might be due to the number of tracker layers hitting boundaries. Setting those entries to their initial value.
There are 3840 events with muon pt outside of [26,200] GeV. Setting those entries to their initial value.
There are 19332 events with muon pt outside of [26,200] GeV. Setting those entries to their initial value.
There are 19337 events with muon pt outside of [26,200] GeV. Setting those entries to their initial value.
There are 109 nan entries in the corrected pt. This might be due to the number of tracker layers hitting boundaries. Setting those entries to their initial value.
There are 26489 events with muon pt outside of [26,200] GeV. Setting those entries to their initial value.
There are 9707 events with muon pt outside of [26,200] GeV. Setting those entries to their initial value.
There are 9707 events with muon pt outside of [26,200] GeV. Setting those entries to their initial value.
There are 49 nan entries in the corrected pt. This might be due to the number of tracker layers hitting boundaries. Setting those entries to their initial value.
There are 13221 events with muon pt outside of [26,200] GeV. Setting those entries to their initial value.
There are 3539 events with muon pt outside of [26,200] GeV. Setting those entries to their initial value.
There are 3539 events with muon pt outside of [26,200] GeV. Setting those entries to their initial value.
There are 23 nan entries in the corrected pt. This might be due to the number of tracker layers hitting boundaries. Setting those entries to their initial value.
There are 4859 events with muon pt outside of [26,200] GeV. Setting those entries to their initial value.
There are 19378 events with muon pt outside of [26,200] GeV. Setting those entries to their initial value.
There are 19378 events with muon pt outside of [26,200] GeV. Setting those entries to their initial value.
There are 114 nan entries in the corrected pt. This might be due to the number of tracker layers hitting boundaries. Setting those entries to their initial value.
There are 26431 events with muon pt outside of [26,200] GeV. Setting those entries to their initial value.
There are 19453 events with muon pt outside of [26,200] GeV. Setting those entries to their initial value.
There are 19453 events with muon pt outside of [26,200] GeV. Setting those entries to their initial value.
There are 130 nan entries in the corrected pt. This might be due to the number of tracker layers hitting boundaries. Setting those entries to their initial value.
There are 26440 events with muon pt outside of [26,200] GeV. Setting those entries to their initial value.
There are 8258 events with muon pt outside of [26,200] GeV. Setting those entries to their initial value.
There are 8259 events with muon pt outside of [26,200] GeV. Setting those entries to their initial value.
There are 60 nan entries in the corrected pt. This might be due to the number of tracker layers hitting boundaries. Setting those entries to their initial value.
There are 11305 events with muon pt outside of [26,200] GeV. Setting those entries to their initial value.
There are 4259 events with muon pt outside of [26,200] GeV. Setting those entries to their initial value.
There are 4260 events with muon pt outside of [26,200] GeV. Setting those entries to their initial value.
There are 31 nan entries in the corrected pt. This might be due to the number of tracker layers hitting boundaries. Setting those entries to their initial value.
There are 5659 events with muon pt outside of [26,200] GeV. Setting those entries to their initial value.
There are 19429 events with muon pt outside of [26,200] GeV. Setting those entries to their initial value.
There are 19430 events with muon pt outside of [26,200] GeV. Setting those entries to their initial value.
There are 105 nan entries in the corrected pt. This might be due to the number of tracker layers hitting boundaries. Setting those entries to their initial value.
There are 26343 events with muon pt outside of [26,200] GeV. Setting those entries to their initial value.
There are 24024 events with muon pt outside of [26,200] GeV. Setting those entries to their initial value.
There are 24025 events with muon pt outside of [26,200] GeV. Setting those entries to their initial value.
There are 149 nan entries in the corrected pt. This might be due to the number of tracker layers hitting boundaries. Setting those entries to their initial value.
There are 32478 events with muon pt outside of [26,200] GeV. Setting those entries to their initial value.
There are 708 events with muon pt outside of [26,200] GeV. Setting those entries to their initial value.
There are 708 events with muon pt outside of [26,200] GeV. Setting those entries to their initial value.
There are 6 nan entries in the corrected pt. This might be due to the number of tracker layers hitting boundaries. Setting those entries to their initial value.
There are 965 events with muon pt outside of [26,200] GeV. Setting those entries to their initial value.
