000 (14737681.005.000) 02/25 20:32:51 Job submitted from host: <188.184.90.62:9618?addrs=188.184.90.62-9618+[2001-1458-201-e4--100-238]-9618&alias=bigbird16.cern.ch&noUDP&sock=schedd_5196_9a2f>
...
040 (14737681.005.000) 02/25 20:36:37 Started transferring input files
	Transferring to host: <188.185.207.27:9618?addrs=188.185.207.27-9618+[2001-1458-303-d--100-18]-9618&alias=b9p07p3688.cern.ch&noUDP&sock=slot1_23_5503_1c79_148104>
...
040 (14737681.005.000) 02/25 20:36:37 Finished transferring input files
...
001 (14737681.005.000) 02/25 20:36:38 Job executing on host: <188.185.207.27:9618?addrs=188.185.207.27-9618+[2001-1458-303-d--100-18]-9618&alias=b9p07p3688.cern.ch&noUDP&sock=startd_4538_44de>
	SlotName: slot1_23@b9p07p3688.cern.ch
	CondorScratchDir = "/pool/condor/dir_3393723"
	Cpus = 1
	Disk = 3718
	GPUs = 0
	Memory = 3000
...
006 (14737681.005.000) 02/25 20:36:52 Image size of job updated: 553924
	541  -  MemoryUsage of job (MB)
	553924  -  ResidentSetSize of job (KB)
...
006 (14737681.005.000) 02/25 20:38:35 Image size of job updated: 1702012
	541  -  MemoryUsage of job (MB)
	553964  -  ResidentSetSize of job (KB)
...
040 (14737681.005.000) 02/25 20:38:35 Started transferring output files
...
040 (14737681.005.000) 02/25 20:38:35 Finished transferring output files
...
005 (14737681.005.000) 02/25 20:38:35 Job terminated.
	(1) Normal termination (return value 1)
		Usr 0 00:03:42, Sys 0 00:00:07  -  Run Remote Usage
		Usr 0 00:00:00, Sys 0 00:00:00  -  Run Local Usage
		Usr 0 00:03:42, Sys 0 00:00:07  -  Total Remote Usage
		Usr 0 00:00:00, Sys 0 00:00:00  -  Total Local Usage
	20170  -  Run Bytes Sent By Job
	15304  -  Run Bytes Received By Job
	20170  -  Total Bytes Sent By Job
	15304  -  Total Bytes Received By Job
	Partitionable Resources :    Usage  Request Allocated 
	   Cpus                 :        0        1         1 
	   Disk (KB)            :       65       17      3718 
	   GPUs                 :                           0 
	   Memory (MB)          :      541     3000      3000 
	   TimeExecute (s)      :      117                    
	   TimeSlotBusy (s)     :      119                    

	Job terminated of its own accord at 2026-02-25T19:38:35Z with exit-code 1.
...
