000 (14752965.003.000) 02/26 16:23:25 Job submitted from host: <188.184.90.62:9618?addrs=188.184.90.62-9618+[2001-1458-201-e4--100-238]-9618&alias=bigbird16.cern.ch&noUDP&sock=schedd_5196_9a2f>
...
040 (14752965.003.000) 02/26 16:27:33 Started transferring input files
	Transferring to host: <188.185.210.232:9618?addrs=188.185.210.232-9618+[2001-1458-303-15--100-64]-9618&alias=b9p22p3068.cern.ch&noUDP&sock=slot1_3_419666_6963_107075>
...
040 (14752965.003.000) 02/26 16:27:33 Finished transferring input files
...
001 (14752965.003.000) 02/26 16:27:34 Job executing on host: <188.185.210.232:9618?addrs=188.185.210.232-9618+[2001-1458-303-15--100-64]-9618&alias=b9p22p3068.cern.ch&noUDP&sock=startd_6653_fbac>
	SlotName: slot1_3@b9p22p3068.cern.ch
	CondorScratchDir = "/pool/condor/dir_1993709"
	Cpus = 1
	Disk = 3652
	GPUs = 0
	Memory = 3000
...
006 (14752965.003.000) 02/26 16:27:48 Image size of job updated: 492476
	481  -  MemoryUsage of job (MB)
	492476  -  ResidentSetSize of job (KB)
...
006 (14752965.003.000) 02/26 16:28:42 Image size of job updated: 492508
	481  -  MemoryUsage of job (MB)
	492476  -  ResidentSetSize of job (KB)
...
040 (14752965.003.000) 02/26 16:28:42 Started transferring output files
...
040 (14752965.003.000) 02/26 16:28:42 Finished transferring output files
...
005 (14752965.003.000) 02/26 16:28:42 Job terminated.
	(1) Normal termination (return value 1)
		Usr 0 00:00:04, Sys 0 00:00:02  -  Run Remote Usage
		Usr 0 00:00:00, Sys 0 00:00:00  -  Run Local Usage
		Usr 0 00:00:04, Sys 0 00:00:02  -  Total Remote Usage
		Usr 0 00:00:00, Sys 0 00:00:00  -  Total Local Usage
	10064  -  Run Bytes Sent By Job
	15304  -  Run Bytes Received By Job
	10064  -  Total Bytes Sent By Job
	15304  -  Total Bytes Received By Job
	Partitionable Resources :    Usage  Request Allocated 
	   Cpus                 :        0        1         1 
	   Disk (KB)            :       50       17      3652 
	   GPUs                 :                           0 
	   Memory (MB)          :      481     3000      3000 
	   TimeExecute (s)      :       68                    
	   TimeSlotBusy (s)     :       70                    

	Job terminated of its own accord at 2026-02-26T15:28:42Z with exit-code 1.
...
