subject   : /DC=ch/DC=cern/OU=Organic Units/OU=Users/CN=driosper/CN=886669/CN=Diego Alejandro Rios Perez/CN=3192939875
issuer    : /DC=ch/DC=cern/OU=Organic Units/OU=Users/CN=driosper/CN=886669/CN=Diego Alejandro Rios Perez
identity  : /DC=ch/DC=cern/OU=Organic Units/OU=Users/CN=driosper/CN=886669/CN=Diego Alejandro Rios Perez
type      : RFC compliant proxy
strength  : 2048 bits
path      : /afs/cern.ch/user/d/driosper/private/x509up_u182284
timeleft  : 11:12:25
key usage : Digital Signature, Key Encipherment
=== VO cms extension information ===
VO        : cms
subject   : /DC=ch/DC=cern/OU=Organic Units/OU=Users/CN=driosper/CN=886669/CN=Diego Alejandro Rios Perez
issuer    : /DC=ch/DC=cern/OU=computers/CN=cms-auth.cern.ch
attribute : /cms/Role=NULL/Capability=NULL
timeleft  : 11:12:25
uri       : voms-cms-auth.cern.ch:15000
--workflow ztoee --year 2022preEE --output_path /eos/user/d/driosper/bsm3g_coffea/outputs/ztoee/2022preEE/WW --output_format coffea --dataset WW_2 --partition_json /srv/partition_fileset.json
  Preprocessing 100% ━━━━━━━━━━━━━━━━━━ 9/9 [ 0:00:11 < 0:00:00 | 0.8   file/s ]
Merging (local) 100% ━━━━━━━━━━━━━━━━━━ 9/9 [ 0:00:11 < 0:00:00 | ?   merges/s ]
     Processing   3% ╸                   1/38 [ 0:00:15 < -:--:-- | ?  chunk/s ]
Merging (local)   0% ━━━━━━━━━━━━━━━━━━━  0/0 [ 0:00:02 < 0:00:00 | ? merges/s ]
There are 21019 events with muon pt outside of [26,200] GeV. Setting those entries to their initial value.
There are 21022 events with muon pt outside of [26,200] GeV. Setting those entries to their initial value.
There are 142 nan entries in the corrected pt. This might be due to the number of tracker layers hitting boundaries. Setting those entries to their initial value.
There are 28794 events with muon pt outside of [26,200] GeV. Setting those entries to their initial value.
There are 21035 events with muon pt outside of [26,200] GeV. Setting those entries to their initial value.
There are 21038 events with muon pt outside of [26,200] GeV. Setting those entries to their initial value.
There are 122 nan entries in the corrected pt. This might be due to the number of tracker layers hitting boundaries. Setting those entries to their initial value.
There are 28658 events with muon pt outside of [26,200] GeV. Setting those entries to their initial value.
There are 20154 events with muon pt outside of [26,200] GeV. Setting those entries to their initial value.
There are 20155 events with muon pt outside of [26,200] GeV. Setting those entries to their initial value.
There are 132 nan entries in the corrected pt. This might be due to the number of tracker layers hitting boundaries. Setting those entries to their initial value.
There are 27308 events with muon pt outside of [26,200] GeV. Setting those entries to their initial value.
There are 20208 events with muon pt outside of [26,200] GeV. Setting those entries to their initial value.
There are 20208 events with muon pt outside of [26,200] GeV. Setting those entries to their initial value.
There are 134 nan entries in the corrected pt. This might be due to the number of tracker layers hitting boundaries. Setting those entries to their initial value.
There are 27259 events with muon pt outside of [26,200] GeV. Setting those entries to their initial value.
There are 20551 events with muon pt outside of [26,200] GeV. Setting those entries to their initial value.
There are 20552 events with muon pt outside of [26,200] GeV. Setting those entries to their initial value.
There are 118 nan entries in the corrected pt. This might be due to the number of tracker layers hitting boundaries. Setting those entries to their initial value.
There are 28331 events with muon pt outside of [26,200] GeV. Setting those entries to their initial value.
There are 19058 events with muon pt outside of [26,200] GeV. Setting those entries to their initial value.
There are 19060 events with muon pt outside of [26,200] GeV. Setting those entries to their initial value.
There are 126 nan entries in the corrected pt. This might be due to the number of tracker layers hitting boundaries. Setting those entries to their initial value.
There are 26486 events with muon pt outside of [26,200] GeV. Setting those entries to their initial value.
There are 15712 events with muon pt outside of [26,200] GeV. Setting those entries to their initial value.
There are 15715 events with muon pt outside of [26,200] GeV. Setting those entries to their initial value.
There are 93 nan entries in the corrected pt. This might be due to the number of tracker layers hitting boundaries. Setting those entries to their initial value.
There are 21567 events with muon pt outside of [26,200] GeV. Setting those entries to their initial value.
There are 4778 events with muon pt outside of [26,200] GeV. Setting those entries to their initial value.
There are 4778 events with muon pt outside of [26,200] GeV. Setting those entries to their initial value.
There are 26 nan entries in the corrected pt. This might be due to the number of tracker layers hitting boundaries. Setting those entries to their initial value.
There are 6393 events with muon pt outside of [26,200] GeV. Setting those entries to their initial value.
There are 21096 events with muon pt outside of [26,200] GeV. Setting those entries to their initial value.
There are 21101 events with muon pt outside of [26,200] GeV. Setting those entries to their initial value.
There are 139 nan entries in the corrected pt. This might be due to the number of tracker layers hitting boundaries. Setting those entries to their initial value.
There are 28256 events with muon pt outside of [26,200] GeV. Setting those entries to their initial value.
There are 20886 events with muon pt outside of [26,200] GeV. Setting those entries to their initial value.
There are 20886 events with muon pt outside of [26,200] GeV. Setting those entries to their initial value.
There are 132 nan entries in the corrected pt. This might be due to the number of tracker layers hitting boundaries. Setting those entries to their initial value.
There are 28593 events with muon pt outside of [26,200] GeV. Setting those entries to their initial value.
There are 19905 events with muon pt outside of [26,200] GeV. Setting those entries to their initial value.
There are 19906 events with muon pt outside of [26,200] GeV. Setting those entries to their initial value.
There are 128 nan entries in the corrected pt. This might be due to the number of tracker layers hitting boundaries. Setting those entries to their initial value.
There are 27313 events with muon pt outside of [26,200] GeV. Setting those entries to their initial value.
There are 20178 events with muon pt outside of [26,200] GeV. Setting those entries to their initial value.
There are 20178 events with muon pt outside of [26,200] GeV. Setting those entries to their initial value.
There are 117 nan entries in the corrected pt. This might be due to the number of tracker layers hitting boundaries. Setting those entries to their initial value.
There are 27314 events with muon pt outside of [26,200] GeV. Setting those entries to their initial value.
There are 21641 events with muon pt outside of [26,200] GeV. Setting those entries to their initial value.
There are 21644 events with muon pt outside of [26,200] GeV. Setting those entries to their initial value.
There are 134 nan entries in the corrected pt. This might be due to the number of tracker layers hitting boundaries. Setting those entries to their initial value.
There are 29315 events with muon pt outside of [26,200] GeV. Setting those entries to their initial value.
There are 19034 events with muon pt outside of [26,200] GeV. Setting those entries to their initial value.
There are 19034 events with muon pt outside of [26,200] GeV. Setting those entries to their initial value.
There are 122 nan entries in the corrected pt. This might be due to the number of tracker layers hitting boundaries. Setting those entries to their initial value.
There are 26216 events with muon pt outside of [26,200] GeV. Setting those entries to their initial value.
There are 19228 events with muon pt outside of [26,200] GeV. Setting those entries to their initial value.
There are 19229 events with muon pt outside of [26,200] GeV. Setting those entries to their initial value.
There are 109 nan entries in the corrected pt. This might be due to the number of tracker layers hitting boundaries. Setting those entries to their initial value.
There are 26463 events with muon pt outside of [26,200] GeV. Setting those entries to their initial value.
There are 19341 events with muon pt outside of [26,200] GeV. Setting those entries to their initial value.
There are 19342 events with muon pt outside of [26,200] GeV. Setting those entries to their initial value.
There are 139 nan entries in the corrected pt. This might be due to the number of tracker layers hitting boundaries. Setting those entries to their initial value.
There are 26055 events with muon pt outside of [26,200] GeV. Setting those entries to their initial value.
There are 19784 events with muon pt outside of [26,200] GeV. Setting those entries to their initial value.
There are 19785 events with muon pt outside of [26,200] GeV. Setting those entries to their initial value.
There are 106 nan entries in the corrected pt. This might be due to the number of tracker layers hitting boundaries. Setting those entries to their initial value.
There are 26867 events with muon pt outside of [26,200] GeV. Setting those entries to their initial value.
There are 21053 events with muon pt outside of [26,200] GeV. Setting those entries to their initial value.
There are 21055 events with muon pt outside of [26,200] GeV. Setting those entries to their initial value.
There are 137 nan entries in the corrected pt. This might be due to the number of tracker layers hitting boundaries. Setting those entries to their initial value.
There are 28405 events with muon pt outside of [26,200] GeV. Setting those entries to their initial value.
There are 21014 events with muon pt outside of [26,200] GeV. Setting those entries to their initial value.
There are 21016 events with muon pt outside of [26,200] GeV. Setting those entries to their initial value.
There are 114 nan entries in the corrected pt. This might be due to the number of tracker layers hitting boundaries. Setting those entries to their initial value.
There are 28528 events with muon pt outside of [26,200] GeV. Setting those entries to their initial value.
There are 683 events with muon pt outside of [26,200] GeV. Setting those entries to their initial value.
There are 683 events with muon pt outside of [26,200] GeV. Setting those entries to their initial value.
There are 4 nan entries in the corrected pt. This might be due to the number of tracker layers hitting boundaries. Setting those entries to their initial value.
There are 975 events with muon pt outside of [26,200] GeV. Setting those entries to their initial value.
There are 20078 events with muon pt outside of [26,200] GeV. Setting those entries to their initial value.
There are 20080 events with muon pt outside of [26,200] GeV. Setting those entries to their initial value.
There are 110 nan entries in the corrected pt. This might be due to the number of tracker layers hitting boundaries. Setting those entries to their initial value.
There are 27137 events with muon pt outside of [26,200] GeV. Setting those entries to their initial value.
There are 20118 events with muon pt outside of [26,200] GeV. Setting those entries to their initial value.
There are 20121 events with muon pt outside of [26,200] GeV. Setting those entries to their initial value.
There are 125 nan entries in the corrected pt. This might be due to the number of tracker layers hitting boundaries. Setting those entries to their initial value.
There are 27346 events with muon pt outside of [26,200] GeV. Setting those entries to their initial value.
There are 20037 events with muon pt outside of [26,200] GeV. Setting those entries to their initial value.
There are 20038 events with muon pt outside of [26,200] GeV. Setting those entries to their initial value.
There are 110 nan entries in the corrected pt. This might be due to the number of tracker layers hitting boundaries. Setting those entries to their initial value.
There are 27583 events with muon pt outside of [26,200] GeV. Setting those entries to their initial value.
There are 20112 events with muon pt outside of [26,200] GeV. Setting those entries to their initial value.
There are 20114 events with muon pt outside of [26,200] GeV. Setting those entries to their initial value.
There are 125 nan entries in the corrected pt. This might be due to the number of tracker layers hitting boundaries. Setting those entries to their initial value.
There are 27496 events with muon pt outside of [26,200] GeV. Setting those entries to their initial value.
There are 21582 events with muon pt outside of [26,200] GeV. Setting those entries to their initial value.
There are 21583 events with muon pt outside of [26,200] GeV. Setting those entries to their initial value.
There are 157 nan entries in the corrected pt. This might be due to the number of tracker layers hitting boundaries. Setting those entries to their initial value.
There are 29432 events with muon pt outside of [26,200] GeV. Setting those entries to their initial value.
There are 19294 events with muon pt outside of [26,200] GeV. Setting those entries to their initial value.
There are 19295 events with muon pt outside of [26,200] GeV. Setting those entries to their initial value.
There are 121 nan entries in the corrected pt. This might be due to the number of tracker layers hitting boundaries. Setting those entries to their initial value.
There are 26230 events with muon pt outside of [26,200] GeV. Setting those entries to their initial value.
There are 19223 events with muon pt outside of [26,200] GeV. Setting those entries to their initial value.
There are 19224 events with muon pt outside of [26,200] GeV. Setting those entries to their initial value.
There are 118 nan entries in the corrected pt. This might be due to the number of tracker layers hitting boundaries. Setting those entries to their initial value.
There are 26107 events with muon pt outside of [26,200] GeV. Setting those entries to their initial value.
There are 19185 events with muon pt outside of [26,200] GeV. Setting those entries to their initial value.
There are 19185 events with muon pt outside of [26,200] GeV. Setting those entries to their initial value.
There are 93 nan entries in the corrected pt. This might be due to the number of tracker layers hitting boundaries. Setting those entries to their initial value.
There are 26071 events with muon pt outside of [26,200] GeV. Setting those entries to their initial value.
There are 19510 events with muon pt outside of [26,200] GeV. Setting those entries to their initial value.
There are 19513 events with muon pt outside of [26,200] GeV. Setting those entries to their initial value.
There are 108 nan entries in the corrected pt. This might be due to the number of tracker layers hitting boundaries. Setting those entries to their initial value.
There are 26676 events with muon pt outside of [26,200] GeV. Setting those entries to their initial value.
There are 19730 events with muon pt outside of [26,200] GeV. Setting those entries to their initial value.
There are 19732 events with muon pt outside of [26,200] GeV. Setting those entries to their initial value.
There are 121 nan entries in the corrected pt. This might be due to the number of tracker layers hitting boundaries. Setting those entries to their initial value.
There are 26903 events with muon pt outside of [26,200] GeV. Setting those entries to their initial value.
There are 21004 events with muon pt outside of [26,200] GeV. Setting those entries to their initial value.
There are 21004 events with muon pt outside of [26,200] GeV. Setting those entries to their initial value.
There are 139 nan entries in the corrected pt. This might be due to the number of tracker layers hitting boundaries. Setting those entries to their initial value.
There are 28481 events with muon pt outside of [26,200] GeV. Setting those entries to their initial value.
There are 20663 events with muon pt outside of [26,200] GeV. Setting those entries to their initial value.
There are 20665 events with muon pt outside of [26,200] GeV. Setting those entries to their initial value.
There are 121 nan entries in the corrected pt. This might be due to the number of tracker layers hitting boundaries. Setting those entries to their initial value.
There are 28638 events with muon pt outside of [26,200] GeV. Setting those entries to their initial value.
There are 19950 events with muon pt outside of [26,200] GeV. Setting those entries to their initial value.
There are 19950 events with muon pt outside of [26,200] GeV. Setting those entries to their initial value.
There are 130 nan entries in the corrected pt. This might be due to the number of tracker layers hitting boundaries. Setting those entries to their initial value.
There are 27023 events with muon pt outside of [26,200] GeV. Setting those entries to their initial value.
There are 19944 events with muon pt outside of [26,200] GeV. Setting those entries to their initial value.
There are 19945 events with muon pt outside of [26,200] GeV. Setting those entries to their initial value.
There are 129 nan entries in the corrected pt. This might be due to the number of tracker layers hitting boundaries. Setting those entries to their initial value.
There are 27225 events with muon pt outside of [26,200] GeV. Setting those entries to their initial value.
There are 21541 events with muon pt outside of [26,200] GeV. Setting those entries to their initial value.
There are 21542 events with muon pt outside of [26,200] GeV. Setting those entries to their initial value.
There are 129 nan entries in the corrected pt. This might be due to the number of tracker layers hitting boundaries. Setting those entries to their initial value.
There are 29243 events with muon pt outside of [26,200] GeV. Setting those entries to their initial value.
There are 19095 events with muon pt outside of [26,200] GeV. Setting those entries to their initial value.
There are 19095 events with muon pt outside of [26,200] GeV. Setting those entries to their initial value.
There are 99 nan entries in the corrected pt. This might be due to the number of tracker layers hitting boundaries. Setting those entries to their initial value.
There are 26296 events with muon pt outside of [26,200] GeV. Setting those entries to their initial value.
There are 15916 events with muon pt outside of [26,200] GeV. Setting those entries to their initial value.
There are 15917 events with muon pt outside of [26,200] GeV. Setting those entries to their initial value.
There are 98 nan entries in the corrected pt. This might be due to the number of tracker layers hitting boundaries. Setting those entries to their initial value.
There are 21537 events with muon pt outside of [26,200] GeV. Setting those entries to their initial value.
There are 19864 events with muon pt outside of [26,200] GeV. Setting those entries to their initial value.
There are 19864 events with muon pt outside of [26,200] GeV. Setting those entries to their initial value.
There are 124 nan entries in the corrected pt. This might be due to the number of tracker layers hitting boundaries. Setting those entries to their initial value.
There are 26818 events with muon pt outside of [26,200] GeV. Setting those entries to their initial value.
