000 (14729966.004.000) 02/25 17:14:47 Job submitted from host: <188.184.90.62:9618?addrs=188.184.90.62-9618+[2001-1458-201-e4--100-238]-9618&alias=bigbird16.cern.ch&noUDP&sock=schedd_5196_9a2f>
...
040 (14729966.004.000) 02/25 17:18:47 Started transferring input files
	Transferring to host: <188.185.213.140:9618?addrs=188.185.213.140-9618+[2001-1458-303-1b--100-8]-9618&alias=b9p28p4880.cern.ch&noUDP&sock=slot1_14_9065_dcca_201111>
...
040 (14729966.004.000) 02/25 17:18:47 Finished transferring input files
...
001 (14729966.004.000) 02/25 17:18:48 Job executing on host: <188.185.213.140:9618?addrs=188.185.213.140-9618+[2001-1458-303-1b--100-8]-9618&alias=b9p28p4880.cern.ch&noUDP&sock=startd_7780_02e8>
	SlotName: slot1_14@b9p28p4880.cern.ch
	CondorScratchDir = "/pool/condor/dir_3020543"
	Cpus = 1
	Disk = 3848
	GPUs = 0
	Memory = 3000
...
006 (14729966.004.000) 02/25 17:19:02 Image size of job updated: 473904
	463  -  MemoryUsage of job (MB)
	473904  -  ResidentSetSize of job (KB)
...
006 (14729966.004.000) 02/25 17:24:03 Image size of job updated: 2941124
	2873  -  MemoryUsage of job (MB)
	2941124  -  ResidentSetSize of job (KB)
...
006 (14729966.004.000) 02/25 17:24:18 Image size of job updated: 3006384
	2873  -  MemoryUsage of job (MB)
	2941124  -  ResidentSetSize of job (KB)
...
040 (14729966.004.000) 02/25 17:24:18 Started transferring output files
...
040 (14729966.004.000) 02/25 17:24:18 Finished transferring output files
...
005 (14729966.004.000) 02/25 17:24:18 Job terminated.
	(1) Normal termination (return value 1)
		Usr 0 00:06:10, Sys 0 00:00:14  -  Run Remote Usage
		Usr 0 00:00:00, Sys 0 00:00:00  -  Run Local Usage
		Usr 0 00:06:10, Sys 0 00:00:14  -  Total Remote Usage
		Usr 0 00:00:00, Sys 0 00:00:00  -  Total Local Usage
	26071  -  Run Bytes Sent By Job
	15860  -  Run Bytes Received By Job
	26071  -  Total Bytes Sent By Job
	15860  -  Total Bytes Received By Job
	Partitionable Resources :    Usage  Request Allocated 
	   Cpus                 :     0.35        1         1 
	   Disk (KB)            :    67          20      3848 
	   GPUs                 :                           0 
	   Memory (MB)          :  2873        3000      3000 
	   TimeExecute (s)      :   330                       
	   TimeSlotBusy (s)     :   332                       

	Job terminated of its own accord at 2026-02-25T16:24:18Z with exit-code 1.
...
