000 (14752965.005.000) 02/26 16:23:25 Job submitted from host: <188.184.90.62:9618?addrs=188.184.90.62-9618+[2001-1458-201-e4--100-238]-9618&alias=bigbird16.cern.ch&noUDP&sock=schedd_5196_9a2f>
...
040 (14752965.005.000) 02/26 16:27:34 Started transferring input files
	Transferring to host: <188.185.213.182:9618?addrs=188.185.213.182-9618+[2001-1458-303-1b--100-32]-9618&alias=b9p28p3646.cern.ch&noUDP&sock=slot1_14_4730_7679_211333>
...
040 (14752965.005.000) 02/26 16:27:34 Finished transferring input files
...
001 (14752965.005.000) 02/26 16:27:35 Job executing on host: <188.185.213.182:9618?addrs=188.185.213.182-9618+[2001-1458-303-1b--100-32]-9618&alias=b9p28p3646.cern.ch&noUDP&sock=startd_3933_4a12>
	SlotName: slot1_14@b9p28p3646.cern.ch
	CondorScratchDir = "/pool/condor/dir_1794725"
	Cpus = 1
	Disk = 3773
	GPUs = 0
	Memory = 3000
...
006 (14752965.005.000) 02/26 16:27:49 Image size of job updated: 146712
	0  -  MemoryUsage of job (MB)
	0  -  ResidentSetSize of job (KB)
...
040 (14752965.005.000) 02/26 16:27:49 Started transferring output files
...
040 (14752965.005.000) 02/26 16:27:49 Finished transferring output files
...
005 (14752965.005.000) 02/26 16:27:49 Job terminated.
	(1) Normal termination (return value 1)
		Usr 0 00:00:03, Sys 0 00:00:01  -  Run Remote Usage
		Usr 0 00:00:00, Sys 0 00:00:00  -  Run Local Usage
		Usr 0 00:00:03, Sys 0 00:00:01  -  Total Remote Usage
		Usr 0 00:00:00, Sys 0 00:00:00  -  Total Local Usage
	10064  -  Run Bytes Sent By Job
	15304  -  Run Bytes Received By Job
	10064  -  Total Bytes Sent By Job
	15304  -  Total Bytes Received By Job
	Partitionable Resources :    Usage  Request Allocated 
	   Cpus                 :        0        1         1 
	   Disk (KB)            :       50       17      3773 
	   GPUs                 :                           0 
	   Memory (MB)          :        0     3000      3000 
	   TimeExecute (s)      :       14                    
	   TimeSlotBusy (s)     :       16                    

	Job terminated of its own accord at 2026-02-26T15:27:49Z with exit-code 1.
...
