000 (14752965.002.000) 02/26 16:23:25 Job submitted from host: <188.184.90.62:9618?addrs=188.184.90.62-9618+[2001-1458-201-e4--100-238]-9618&alias=bigbird16.cern.ch&noUDP&sock=schedd_5196_9a2f>
...
040 (14752965.002.000) 02/26 16:27:33 Started transferring input files
	Transferring to host: <188.185.209.214:9618?addrs=188.185.209.214-9618+[2001-1458-303-12--100-53]-9618&alias=b9p12p0096.cern.ch&noUDP&sock=slot1_27_11096_e2bc_152311>
...
040 (14752965.002.000) 02/26 16:27:33 Finished transferring input files
...
001 (14752965.002.000) 02/26 16:27:34 Job executing on host: <188.185.209.214:9618?addrs=188.185.209.214-9618+[2001-1458-303-12--100-53]-9618&alias=b9p12p0096.cern.ch&noUDP&sock=startd_10702_42a4>
	SlotName: slot1_27@b9p12p0096.cern.ch
	CondorScratchDir = "/pool/condor/dir_3485703"
	Cpus = 1
	Disk = 3730
	GPUs = 0
	Memory = 3000
...
006 (14752965.002.000) 02/26 16:27:48 Image size of job updated: 244812
	240  -  MemoryUsage of job (MB)
	244812  -  ResidentSetSize of job (KB)
...
006 (14752965.002.000) 02/26 16:28:45 Image size of job updated: 507732
	243  -  MemoryUsage of job (MB)
	248256  -  ResidentSetSize of job (KB)
...
040 (14752965.002.000) 02/26 16:28:45 Started transferring output files
...
040 (14752965.002.000) 02/26 16:28:45 Finished transferring output files
...
005 (14752965.002.000) 02/26 16:28:45 Job terminated.
	(1) Normal termination (return value 1)
		Usr 0 00:00:04, Sys 0 00:00:02  -  Run Remote Usage
		Usr 0 00:00:00, Sys 0 00:00:00  -  Run Local Usage
		Usr 0 00:00:04, Sys 0 00:00:02  -  Total Remote Usage
		Usr 0 00:00:00, Sys 0 00:00:00  -  Total Local Usage
	10097  -  Run Bytes Sent By Job
	15304  -  Run Bytes Received By Job
	10097  -  Total Bytes Sent By Job
	15304  -  Total Bytes Received By Job
	Partitionable Resources :    Usage  Request Allocated 
	   Cpus                 :     0.00        1         1 
	   Disk (KB)            :    55          17      3730 
	   GPUs                 :                           0 
	   Memory (MB)          :   243        3000      3000 
	   TimeExecute (s)      :    71                       
	   TimeSlotBusy (s)     :    73                       

	Job terminated of its own accord at 2026-02-26T15:28:45Z with exit-code 1.
...
