000 (14737681.000.000) 02/25 20:32:51 Job submitted from host: <188.184.90.62:9618?addrs=188.184.90.62-9618+[2001-1458-201-e4--100-238]-9618&alias=bigbird16.cern.ch&noUDP&sock=schedd_5196_9a2f>
...
040 (14737681.000.000) 02/25 20:36:35 Started transferring input files
	Transferring to host: <188.185.204.237:9618?addrs=188.185.204.237-9618+[2001-1458-303-8--100-6a]-9618&alias=b9p02p4140.cern.ch&noUDP&sock=slot1_34_3786_5453_147480>
...
040 (14737681.000.000) 02/25 20:36:35 Finished transferring input files
...
001 (14737681.000.000) 02/25 20:36:36 Job executing on host: <188.185.204.237:9618?addrs=188.185.204.237-9618+[2001-1458-303-8--100-6a]-9618&alias=b9p02p4140.cern.ch&noUDP&sock=startd_3333_bd3f>
	SlotName: slot1_34@b9p02p4140.cern.ch
	CondorScratchDir = "/pool/condor/dir_1723172"
	Cpus = 1
	Disk = 3687
	GPUs = 0
	Memory = 3000
...
006 (14737681.000.000) 02/25 20:36:50 Image size of job updated: 510788
	499  -  MemoryUsage of job (MB)
	510788  -  ResidentSetSize of job (KB)
...
006 (14737681.000.000) 02/25 20:41:15 Image size of job updated: 2996060
	499  -  MemoryUsage of job (MB)
	510788  -  ResidentSetSize of job (KB)
...
040 (14737681.000.000) 02/25 20:41:15 Started transferring output files
...
040 (14737681.000.000) 02/25 20:41:15 Finished transferring output files
...
005 (14737681.000.000) 02/25 20:41:15 Job terminated.
	(1) Normal termination (return value 1)
		Usr 0 00:08:45, Sys 0 00:00:18  -  Run Remote Usage
		Usr 0 00:00:00, Sys 0 00:00:00  -  Run Local Usage
		Usr 0 00:08:45, Sys 0 00:00:18  -  Total Remote Usage
		Usr 0 00:00:00, Sys 0 00:00:00  -  Total Local Usage
	32374  -  Run Bytes Sent By Job
	15304  -  Run Bytes Received By Job
	32374  -  Total Bytes Sent By Job
	15304  -  Total Bytes Received By Job
	Partitionable Resources :    Usage  Request Allocated 
	   Cpus                 :        0        1         1 
	   Disk (KB)            :       76       17      3687 
	   GPUs                 :                           0 
	   Memory (MB)          :      499     3000      3000 
	   TimeExecute (s)      :      279                    
	   TimeSlotBusy (s)     :      281                    

	Job terminated of its own accord at 2026-02-25T19:41:15Z with exit-code 1.
...
