000 (14729966.005.000) 02/25 17:14:47 Job submitted from host: <188.184.90.62:9618?addrs=188.184.90.62-9618+[2001-1458-201-e4--100-238]-9618&alias=bigbird16.cern.ch&noUDP&sock=schedd_5196_9a2f>
...
040 (14729966.005.000) 02/25 17:18:48 Started transferring input files
	Transferring to host: <188.185.212.187:9618?addrs=188.185.212.187-9618+[2001-1458-303-19--100-37]-9618&alias=b9p26p5978.cern.ch&noUDP&sock=slot1_10_5763_4e03_173209>
...
040 (14729966.005.000) 02/25 17:18:48 Finished transferring input files
...
001 (14729966.005.000) 02/25 17:18:49 Job executing on host: <188.185.212.187:9618?addrs=188.185.212.187-9618+[2001-1458-303-19--100-37]-9618&alias=b9p26p5978.cern.ch&noUDP&sock=startd_5095_531f>
	SlotName: slot1_10@b9p26p5978.cern.ch
	CondorScratchDir = "/pool/condor/dir_1229033"
	Cpus = 1
	Disk = 3868
	GPUs = 0
	Memory = 3000
...
006 (14729966.005.000) 02/25 17:19:03 Image size of job updated: 479428
	469  -  MemoryUsage of job (MB)
	479428  -  ResidentSetSize of job (KB)
...
006 (14729966.005.000) 02/25 17:19:17 Image size of job updated: 591936
	469  -  MemoryUsage of job (MB)
	479428  -  ResidentSetSize of job (KB)
...
040 (14729966.005.000) 02/25 17:19:17 Started transferring output files
...
040 (14729966.005.000) 02/25 17:19:17 Finished transferring output files
...
005 (14729966.005.000) 02/25 17:19:17 Job terminated.
	(1) Normal termination (return value 1)
		Usr 0 00:00:24, Sys 0 00:00:02  -  Run Remote Usage
		Usr 0 00:00:00, Sys 0 00:00:00  -  Run Local Usage
		Usr 0 00:00:24, Sys 0 00:00:02  -  Total Remote Usage
		Usr 0 00:00:00, Sys 0 00:00:00  -  Total Local Usage
	13356  -  Run Bytes Sent By Job
	15860  -  Run Bytes Received By Job
	13356  -  Total Bytes Sent By Job
	15860  -  Total Bytes Received By Job
	Partitionable Resources :    Usage  Request Allocated 
	   Cpus                 :        0        1         1 
	   Disk (KB)            :       55       20      3868 
	   GPUs                 :                           0 
	   Memory (MB)          :      469     3000      3000 
	   TimeExecute (s)      :       28                    
	   TimeSlotBusy (s)     :       30                    

	Job terminated of its own accord at 2026-02-25T16:19:17Z with exit-code 1.
...
