subject   : /DC=ch/DC=cern/OU=Organic Units/OU=Users/CN=driosper/CN=886669/CN=Diego Alejandro Rios Perez/CN=2603696693
issuer    : /DC=ch/DC=cern/OU=Organic Units/OU=Users/CN=driosper/CN=886669/CN=Diego Alejandro Rios Perez
identity  : /DC=ch/DC=cern/OU=Organic Units/OU=Users/CN=driosper/CN=886669/CN=Diego Alejandro Rios Perez
type      : RFC compliant proxy
strength  : 2048 bits
path      : /afs/cern.ch/user/d/driosper/private/x509up_u182284
timeleft  : 10:07:57
key usage : Digital Signature, Key Encipherment
=== VO cms extension information ===
VO        : cms
subject   : /DC=ch/DC=cern/OU=Organic Units/OU=Users/CN=driosper/CN=886669/CN=Diego Alejandro Rios Perez
issuer    : /DC=ch/DC=cern/OU=computers/CN=cms-auth.cern.ch
attribute : /cms/Role=NULL/Capability=NULL
timeleft  : 10:07:57
uri       : voms-cms-auth.cern.ch:15000
--workflow qcd_tf_mu --year 2022preEE --output_path /eos/user/d/driosper/bsm3g_coffea/outputs/qcd_tf_mu/2022preEE/TBbarQ --output_format coffea --dataset TBbarQ_5 --partition_json /srv/partition_fileset.json
  Preprocessing 100% ━━━━━━━━━━━━━━━━━━ 8/8 [ 0:00:04 < 0:00:00 | 2.6   file/s ]
Merging (local) 100% ━━━━━━━━━━━━━━━━━━ 8/8 [ 0:00:04 < 0:00:00 | ?   merges/s ]
     Processing  25% ━━━━╸              2/8 [ 0:00:19 < 0:00:12 | 0.5  chunk/s ]
Merging (local) 100% ━━━━━━━━━━━━━━━━━━ 1/1 [ 0:00:18 < 0:00:00 | ?   merges/s ]
There are 11670 events with muon pt outside of [26,200] GeV. Setting those entries to their initial value.
There are 11670 events with muon pt outside of [26,200] GeV. Setting those entries to their initial value.
There are 34 nan entries in the corrected pt. This might be due to the number of tracker layers hitting boundaries. Setting those entries to their initial value.
There are 5376 events with muon pt outside of [26,200] GeV. Setting those entries to their initial value.
There are 5376 events with muon pt outside of [26,200] GeV. Setting those entries to their initial value.
There are 27 nan entries in the corrected pt. This might be due to the number of tracker layers hitting boundaries. Setting those entries to their initial value.
There are 14576 events with muon pt outside of [26,200] GeV. Setting those entries to their initial value.
There are 14576 events with muon pt outside of [26,200] GeV. Setting those entries to their initial value.
There are 52 nan entries in the corrected pt. This might be due to the number of tracker layers hitting boundaries. Setting those entries to their initial value.
There are 17385 events with muon pt outside of [26,200] GeV. Setting those entries to their initial value.
There are 17387 events with muon pt outside of [26,200] GeV. Setting those entries to their initial value.
There are 73 nan entries in the corrected pt. This might be due to the number of tracker layers hitting boundaries. Setting those entries to their initial value.
There are 33781 events with muon pt outside of [26,200] GeV. Setting those entries to their initial value.
There are 33781 events with muon pt outside of [26,200] GeV. Setting those entries to their initial value.
There are 122 nan entries in the corrected pt. This might be due to the number of tracker layers hitting boundaries. Setting those entries to their initial value.
There are 1110 events with muon pt outside of [26,200] GeV. Setting those entries to their initial value.
There are 1110 events with muon pt outside of [26,200] GeV. Setting those entries to their initial value.
There are 4 nan entries in the corrected pt. This might be due to the number of tracker layers hitting boundaries. Setting those entries to their initial value.
There are 38858 events with muon pt outside of [26,200] GeV. Setting those entries to their initial value.
There are 38859 events with muon pt outside of [26,200] GeV. Setting those entries to their initial value.
There are 142 nan entries in the corrected pt. This might be due to the number of tracker layers hitting boundaries. Setting those entries to their initial value.
There are 10965 events with muon pt outside of [26,200] GeV. Setting those entries to their initial value.
There are 10966 events with muon pt outside of [26,200] GeV. Setting those entries to their initial value.
There are 36 nan entries in the corrected pt. This might be due to the number of tracker layers hitting boundaries. Setting those entries to their initial value.
