000 (14793322.002.000) 03/05 15:53:23 Job submitted from host: <188.184.90.62:9618?addrs=188.184.90.62-9618+[2001-1458-201-e4--100-238]-9618&alias=bigbird16.cern.ch&noUDP&sock=schedd_5196_9a2f>
...
040 (14793322.002.000) 03/05 16:27:16 Started transferring input files
	Transferring to host: <188.185.214.23:9618?addrs=188.185.214.23-9618+[2001-1458-303-1c--100-13]-9618&alias=b9p29p7170.cern.ch&noUDP&sock=slot1_11_4604_af34_179440>
...
040 (14793322.002.000) 03/05 16:27:16 Finished transferring input files
...
001 (14793322.002.000) 03/05 16:27:17 Job executing on host: <188.185.214.23:9618?addrs=188.185.214.23-9618+[2001-1458-303-1c--100-13]-9618&alias=b9p29p7170.cern.ch&noUDP&sock=startd_3888_6c4f>
	SlotName: slot1_11@b9p29p7170.cern.ch
	CondorScratchDir = "/pool/condor/dir_911897"
	Cpus = 1
	Disk = 3834
	GPUs = 0
	Memory = 3000
...
006 (14793322.002.000) 03/05 16:27:31 Image size of job updated: 387276
	379  -  MemoryUsage of job (MB)
	387276  -  ResidentSetSize of job (KB)
...
006 (14793322.002.000) 03/05 16:30:02 Image size of job updated: 1876456
	380  -  MemoryUsage of job (MB)
	388464  -  ResidentSetSize of job (KB)
...
040 (14793322.002.000) 03/05 16:30:02 Started transferring output files
...
040 (14793322.002.000) 03/05 16:30:02 Finished transferring output files
...
005 (14793322.002.000) 03/05 16:30:03 Job terminated.
	(1) Normal termination (return value 1)
		Usr 0 00:03:17, Sys 0 00:00:08  -  Run Remote Usage
		Usr 0 00:00:00, Sys 0 00:00:00  -  Run Local Usage
		Usr 0 00:03:17, Sys 0 00:00:08  -  Total Remote Usage
		Usr 0 00:00:00, Sys 0 00:00:00  -  Total Local Usage
	18027  -  Run Bytes Sent By Job
	12510  -  Run Bytes Received By Job
	18027  -  Total Bytes Sent By Job
	12510  -  Total Bytes Received By Job
	Partitionable Resources :    Usage  Request Allocated 
	   Cpus                 :        0        1         1 
	   Disk (KB)            :       56       15      3834 
	   GPUs                 :                           0 
	   Memory (MB)          :      380     3000      3000 
	   TimeExecute (s)      :      165                    
	   TimeSlotBusy (s)     :      167                    

	Job terminated of its own accord at 2026-03-05T15:30:02Z with exit-code 1.
...
