000 (14793322.001.000) 03/05 15:53:23 Job submitted from host: <188.184.90.62:9618?addrs=188.184.90.62-9618+[2001-1458-201-e4--100-238]-9618&alias=bigbird16.cern.ch&noUDP&sock=schedd_5196_9a2f>
...
040 (14793322.001.000) 03/05 16:27:16 Started transferring input files
	Transferring to host: <188.185.214.200:9618?addrs=188.185.214.200-9618+[2001-1458-303-1d--100-44]-9618&alias=b9p30p1702.cern.ch&noUDP&sock=slot1_38_3956_1c1a_118511>
...
040 (14793322.001.000) 03/05 16:27:16 Finished transferring input files
...
001 (14793322.001.000) 03/05 16:27:17 Job executing on host: <188.185.214.200:9618?addrs=188.185.214.200-9618+[2001-1458-303-1d--100-44]-9618&alias=b9p30p1702.cern.ch&noUDP&sock=startd_3278_0389>
	SlotName: slot1_38@b9p30p1702.cern.ch
	CondorScratchDir = "/pool/condor/dir_1138555"
	Cpus = 1
	Disk = 3798
	GPUs = 0
	Memory = 3000
...
006 (14793322.001.000) 03/05 16:27:31 Image size of job updated: 385160
	377  -  MemoryUsage of job (MB)
	385160  -  ResidentSetSize of job (KB)
...
006 (14793322.001.000) 03/05 16:29:44 Image size of job updated: 1514584
	377  -  MemoryUsage of job (MB)
	385236  -  ResidentSetSize of job (KB)
...
040 (14793322.001.000) 03/05 16:29:44 Started transferring output files
...
040 (14793322.001.000) 03/05 16:29:44 Finished transferring output files
...
005 (14793322.001.000) 03/05 16:29:44 Job terminated.
	(1) Normal termination (return value 1)
		Usr 0 00:03:04, Sys 0 00:00:07  -  Run Remote Usage
		Usr 0 00:00:00, Sys 0 00:00:00  -  Run Local Usage
		Usr 0 00:03:04, Sys 0 00:00:07  -  Total Remote Usage
		Usr 0 00:00:00, Sys 0 00:00:00  -  Total Local Usage
	17354  -  Run Bytes Sent By Job
	12510  -  Run Bytes Received By Job
	17354  -  Total Bytes Sent By Job
	12510  -  Total Bytes Received By Job
	Partitionable Resources :    Usage  Request Allocated 
	   Cpus                 :        0        1         1 
	   Disk (KB)            :       55       15      3798 
	   GPUs                 :                           0 
	   Memory (MB)          :      377     3000      3000 
	   TimeExecute (s)      :      147                    
	   TimeSlotBusy (s)     :      149                    

	Job terminated of its own accord at 2026-03-05T15:29:44Z with exit-code 1.
...
