000 (14793322.003.000) 03/05 15:53:23 Job submitted from host: <188.184.90.62:9618?addrs=188.184.90.62-9618+[2001-1458-201-e4--100-238]-9618&alias=bigbird16.cern.ch&noUDP&sock=schedd_5196_9a2f>
...
040 (14793322.003.000) 03/05 16:27:39 Started transferring input files
	Transferring to host: <188.185.215.144:9618?addrs=188.185.215.144-9618+[2001-1458-303-26--100-c]-9618&alias=b9p18p7232.cern.ch&noUDP&sock=slot1_29_6043_970f_167725>
...
040 (14793322.003.000) 03/05 16:27:39 Finished transferring input files
...
001 (14793322.003.000) 03/05 16:27:41 Job executing on host: <188.185.215.144:9618?addrs=188.185.215.144-9618+[2001-1458-303-26--100-c]-9618&alias=b9p18p7232.cern.ch&noUDP&sock=startd_4850_466b>
	SlotName: slot1_29@b9p18p7232.cern.ch
	CondorScratchDir = "/pool/condor/dir_1048670"
	Cpus = 1
	Disk = 3828
	GPUs = 0
	Memory = 3000
...
006 (14793322.003.000) 03/05 16:27:55 Image size of job updated: 124448
	122  -  MemoryUsage of job (MB)
	124448  -  ResidentSetSize of job (KB)
...
006 (14793322.003.000) 03/05 16:32:55 Image size of job updated: 1883312
	1840  -  MemoryUsage of job (MB)
	1883312  -  ResidentSetSize of job (KB)
...
006 (14793322.003.000) 03/05 16:33:41 Image size of job updated: 1939360
	1840  -  MemoryUsage of job (MB)
	1883312  -  ResidentSetSize of job (KB)
...
040 (14793322.003.000) 03/05 16:33:42 Started transferring output files
...
040 (14793322.003.000) 03/05 16:33:45 Finished transferring output files
...
005 (14793322.003.000) 03/05 16:34:12 Job terminated.
	(1) Normal termination (return value 1)
		Usr 0 00:05:57, Sys 0 00:00:07  -  Run Remote Usage
		Usr 0 00:00:00, Sys 0 00:00:00  -  Run Local Usage
		Usr 0 00:05:57, Sys 0 00:00:07  -  Total Remote Usage
		Usr 0 00:00:00, Sys 0 00:00:00  -  Total Local Usage
	17759  -  Run Bytes Sent By Job
	12510  -  Run Bytes Received By Job
	17759  -  Total Bytes Sent By Job
	12510  -  Total Bytes Received By Job
	Partitionable Resources :    Usage  Request Allocated 
	   Cpus                 :                 1         1 
	   Disk (KB)            :       47       15      3828 
	   GPUs                 :                           0 
	   Memory (MB)          :     1840     3000      3000 
	   TimeExecute (s)      :      361                    
	   TimeSlotBusy (s)     :      377                    

	Job terminated of its own accord at 2026-03-05T15:33:41Z with exit-code 1.
...
