000 (14526966.000.000) 02/14 21:30:54 Job submitted from host: <188.184.90.62:9618?addrs=188.184.90.62-9618+[2001-1458-201-e4--100-238]-9618&alias=bigbird16.cern.ch&noUDP&sock=schedd_5196_9a2f>
...
040 (14526966.000.000) 02/14 21:32:00 Started transferring input files
	Transferring to host: <188.185.206.216:9618?addrs=188.185.206.216-9618+[2001-1458-303-c--100-55]-9618&alias=b9p06p6434.cern.ch&noUDP&sock=slot1_8_4074_405f_136810>
...
040 (14526966.000.000) 02/14 21:32:00 Finished transferring input files
...
001 (14526966.000.000) 02/14 21:32:01 Job executing on host: <188.185.206.216:9618?addrs=188.185.206.216-9618+[2001-1458-303-c--100-55]-9618&alias=b9p06p6434.cern.ch&noUDP&sock=startd_3611_6c93>
	SlotName: slot1_8@b9p06p6434.cern.ch
	CondorScratchDir = "/pool/condor/dir_1718153"
	Cpus = 1
	Disk = 3665
	GPUs = 0
	Memory = 3000
...
006 (14526966.000.000) 02/14 21:32:15 Image size of job updated: 292448
	286  -  MemoryUsage of job (MB)
	292448  -  ResidentSetSize of job (KB)
...
006 (14526966.000.000) 02/14 21:35:42 Image size of job updated: 2303168
	286  -  MemoryUsage of job (MB)
	292508  -  ResidentSetSize of job (KB)
...
040 (14526966.000.000) 02/14 21:35:42 Started transferring output files
...
040 (14526966.000.000) 02/14 21:35:42 Finished transferring output files
...
004 (14526966.000.000) 02/14 21:35:42 Job was evicted.
	(0) CPU times
		Usr 0 00:08:25, Sys 0 00:00:15  -  Run Remote Usage
		Usr 0 00:00:00, Sys 0 00:00:00  -  Run Local Usage
	5439  -  Run Bytes Sent By Job
	2376  -  Run Bytes Received By Job
	Partitionable Resources :    Usage  Request Allocated 
	   Cpus                 :        0        1         1 
	   Disk (KB)            :       37        5      3665 
	   GPUs                 :                           0 
	   Memory (MB)          :      286     3000      3000 
	   TimeExecute (s)      :      221                    
	   TimeSlotBusy (s)     :      223                    
...
009 (14526966.000.000) 02/14 21:35:42 Job was aborted.
	via condor_rm (by user driosper)
...
