000 (14526957.003.000) 02/14 21:30:37 Job submitted from host: <188.184.90.62:9618?addrs=188.184.90.62-9618+[2001-1458-201-e4--100-238]-9618&alias=bigbird16.cern.ch&noUDP&sock=schedd_5196_9a2f>
...
040 (14526957.003.000) 02/14 21:31:50 Started transferring input files
	Transferring to host: <188.185.192.45:9618?addrs=188.185.192.45-9618+[2001-1458-303-1f--100-29]-9618&alias=b9p13p0317.cern.ch&noUDP&sock=slot1_2_877718_7ba5_146459>
...
040 (14526957.003.000) 02/14 21:31:50 Finished transferring input files
...
001 (14526957.003.000) 02/14 21:31:51 Job executing on host: <188.185.192.45:9618?addrs=188.185.192.45-9618+[2001-1458-303-1f--100-29]-9618&alias=b9p13p0317.cern.ch&noUDP&sock=startd_7408_d9ad>
	SlotName: slot1_2@b9p13p0317.cern.ch
	CondorScratchDir = "/pool/condor/dir_520045"
	Cpus = 1
	Disk = 3969
	GPUs = 0
	Memory = 3000
...
006 (14526957.003.000) 02/14 21:32:05 Image size of job updated: 312552
	306  -  MemoryUsage of job (MB)
	312552  -  ResidentSetSize of job (KB)
...
006 (14526957.003.000) 02/14 21:35:40 Image size of job updated: 2830228
	308  -  MemoryUsage of job (MB)
	314700  -  ResidentSetSize of job (KB)
...
040 (14526957.003.000) 02/14 21:35:40 Started transferring output files
...
040 (14526957.003.000) 02/14 21:35:40 Finished transferring output files
...
004 (14526957.003.000) 02/14 21:35:40 Job was evicted.
	(0) CPU times
		Usr 0 00:10:40, Sys 0 00:00:15  -  Run Remote Usage
		Usr 0 00:00:00, Sys 0 00:00:00  -  Run Local Usage
	12234  -  Run Bytes Sent By Job
	9679  -  Run Bytes Received By Job
	Partitionable Resources :    Usage  Request Allocated 
	   Cpus                 :     2.97        1         1 
	   Disk (KB)            :    44          12      3969 
	   GPUs                 :                           0 
	   Memory (MB)          :   308        3000      3000 
	   TimeExecute (s)      :   229                       
	   TimeSlotBusy (s)     :   231                       
...
009 (14526957.003.000) 02/14 21:35:40 Job was aborted.
	via condor_rm (by user driosper)
...
