subject   : /DC=ch/DC=cern/OU=Organic Units/OU=Users/CN=driosper/CN=886669/CN=Diego Alejandro Rios Perez/CN=3192939875
issuer    : /DC=ch/DC=cern/OU=Organic Units/OU=Users/CN=driosper/CN=886669/CN=Diego Alejandro Rios Perez
identity  : /DC=ch/DC=cern/OU=Organic Units/OU=Users/CN=driosper/CN=886669/CN=Diego Alejandro Rios Perez
type      : RFC compliant proxy
strength  : 2048 bits
path      : /afs/cern.ch/user/d/driosper/private/x509up_u182284
timeleft  : 9:21:05
key usage : Digital Signature, Key Encipherment
=== VO cms extension information ===
VO        : cms
subject   : /DC=ch/DC=cern/OU=Organic Units/OU=Users/CN=driosper/CN=886669/CN=Diego Alejandro Rios Perez
issuer    : /DC=ch/DC=cern/OU=computers/CN=cms-auth.cern.ch
attribute : /cms/Role=NULL/Capability=NULL
timeleft  : 9:21:05
uri       : voms-cms-auth.cern.ch:15000
--workflow ztoee --year 2022preEE --output_path /eos/user/d/driosper/bsm3g_coffea/outputs/ztoee/2022preEE/TWminustoLNu2Q --output_format coffea --dataset TWminustoLNu2Q_6 --partition_json /srv/partition_fileset.json
  Preprocessing 100% ━━━━━━━━━━━━━━━━━━━━ 9/9 [ 0:01:10 < 0:00:00 | ?   file/s ]
Merging (local) 100% ━━━━━━━━━━━━━━━━━━━━ 9/9 [ 0:01:10 < 0:00:00 | ? merges/s ]
     Processing   8% ━                   1/13 [ 0:00:27 < -:--:-- | ?  chunk/s ]
Merging (local)   0% ━━━━━━━━━━━━━━━━━━━  0/0 [ 0:00:02 < 0:00:00 | ? merges/s ]
There are 35409 events with muon pt outside of [26,200] GeV. Setting those entries to their initial value.
There are 35411 events with muon pt outside of [26,200] GeV. Setting those entries to their initial value.
There are 136 nan entries in the corrected pt. This might be due to the number of tracker layers hitting boundaries. Setting those entries to their initial value.
There are 38829 events with muon pt outside of [26,200] GeV. Setting those entries to their initial value.
There are 35540 events with muon pt outside of [26,200] GeV. Setting those entries to their initial value.
There are 35542 events with muon pt outside of [26,200] GeV. Setting those entries to their initial value.
There are 154 nan entries in the corrected pt. This might be due to the number of tracker layers hitting boundaries. Setting those entries to their initial value.
There are 38668 events with muon pt outside of [26,200] GeV. Setting those entries to their initial value.
There are 19589 events with muon pt outside of [26,200] GeV. Setting those entries to their initial value.
There are 19592 events with muon pt outside of [26,200] GeV. Setting those entries to their initial value.
There are 77 nan entries in the corrected pt. This might be due to the number of tracker layers hitting boundaries. Setting those entries to their initial value.
There are 21451 events with muon pt outside of [26,200] GeV. Setting those entries to their initial value.
There are 35292 events with muon pt outside of [26,200] GeV. Setting those entries to their initial value.
There are 35293 events with muon pt outside of [26,200] GeV. Setting those entries to their initial value.
There are 134 nan entries in the corrected pt. This might be due to the number of tracker layers hitting boundaries. Setting those entries to their initial value.
There are 39089 events with muon pt outside of [26,200] GeV. Setting those entries to their initial value.
There are 9845 events with muon pt outside of [26,200] GeV. Setting those entries to their initial value.
There are 9847 events with muon pt outside of [26,200] GeV. Setting those entries to their initial value.
There are 46 nan entries in the corrected pt. This might be due to the number of tracker layers hitting boundaries. Setting those entries to their initial value.
There are 10995 events with muon pt outside of [26,200] GeV. Setting those entries to their initial value.
There are 23867 events with muon pt outside of [26,200] GeV. Setting those entries to their initial value.
There are 23868 events with muon pt outside of [26,200] GeV. Setting those entries to their initial value.
There are 82 nan entries in the corrected pt. This might be due to the number of tracker layers hitting boundaries. Setting those entries to their initial value.
There are 25790 events with muon pt outside of [26,200] GeV. Setting those entries to their initial value.
There are 35465 events with muon pt outside of [26,200] GeV. Setting those entries to their initial value.
There are 35469 events with muon pt outside of [26,200] GeV. Setting those entries to their initial value.
There are 125 nan entries in the corrected pt. This might be due to the number of tracker layers hitting boundaries. Setting those entries to their initial value.
There are 38822 events with muon pt outside of [26,200] GeV. Setting those entries to their initial value.
There are 3304 events with muon pt outside of [26,200] GeV. Setting those entries to their initial value.
There are 3304 events with muon pt outside of [26,200] GeV. Setting those entries to their initial value.
There are 14 nan entries in the corrected pt. This might be due to the number of tracker layers hitting boundaries. Setting those entries to their initial value.
There are 3627 events with muon pt outside of [26,200] GeV. Setting those entries to their initial value.
There are 50209 events with muon pt outside of [26,200] GeV. Setting those entries to their initial value.
There are 50213 events with muon pt outside of [26,200] GeV. Setting those entries to their initial value.
There are 233 nan entries in the corrected pt. This might be due to the number of tracker layers hitting boundaries. Setting those entries to their initial value.
There are 54979 events with muon pt outside of [26,200] GeV. Setting those entries to their initial value.
There are 35187 events with muon pt outside of [26,200] GeV. Setting those entries to their initial value.
There are 35190 events with muon pt outside of [26,200] GeV. Setting those entries to their initial value.
There are 136 nan entries in the corrected pt. This might be due to the number of tracker layers hitting boundaries. Setting those entries to their initial value.
There are 38617 events with muon pt outside of [26,200] GeV. Setting those entries to their initial value.
There are 15337 events with muon pt outside of [26,200] GeV. Setting those entries to their initial value.
There are 15338 events with muon pt outside of [26,200] GeV. Setting those entries to their initial value.
There are 77 nan entries in the corrected pt. This might be due to the number of tracker layers hitting boundaries. Setting those entries to their initial value.
There are 16698 events with muon pt outside of [26,200] GeV. Setting those entries to their initial value.
There are 9610 events with muon pt outside of [26,200] GeV. Setting those entries to their initial value.
There are 9613 events with muon pt outside of [26,200] GeV. Setting those entries to their initial value.
There are 34 nan entries in the corrected pt. This might be due to the number of tracker layers hitting boundaries. Setting those entries to their initial value.
There are 10715 events with muon pt outside of [26,200] GeV. Setting those entries to their initial value.
There are 7327 events with muon pt outside of [26,200] GeV. Setting those entries to their initial value.
There are 7329 events with muon pt outside of [26,200] GeV. Setting those entries to their initial value.
There are 32 nan entries in the corrected pt. This might be due to the number of tracker layers hitting boundaries. Setting those entries to their initial value.
There are 8038 events with muon pt outside of [26,200] GeV. Setting those entries to their initial value.
