000 (14729952.004.000) 02/25 17:14:37 Job submitted from host: <188.184.90.62:9618?addrs=188.184.90.62-9618+[2001-1458-201-e4--100-238]-9618&alias=bigbird16.cern.ch&noUDP&sock=schedd_5196_9a2f>
...
040 (14729952.004.000) 02/25 17:18:32 Started transferring input files
	Transferring to host: <188.185.207.177:9618?addrs=188.185.207.177-9618+[2001-1458-303-e--100-2e]-9618&alias=b9p08p0553.cern.ch&noUDP&sock=slot1_41_3916_ed18_146357>
...
040 (14729952.004.000) 02/25 17:18:32 Finished transferring input files
...
001 (14729952.004.000) 02/25 17:18:33 Job executing on host: <188.185.207.177:9618?addrs=188.185.207.177-9618+[2001-1458-303-e--100-2e]-9618&alias=b9p08p0553.cern.ch&noUDP&sock=startd_3497_3ac7>
	SlotName: slot1_41@b9p08p0553.cern.ch
	CondorScratchDir = "/pool/condor/dir_3106442"
	Cpus = 1
	Disk = 3628
	GPUs = 0
	Memory = 3000
...
006 (14729952.004.000) 02/25 17:18:48 Image size of job updated: 45920
	45  -  MemoryUsage of job (MB)
	45920  -  ResidentSetSize of job (KB)
...
006 (14729952.004.000) 02/25 17:22:16 Image size of job updated: 3033000
	45  -  MemoryUsage of job (MB)
	45988  -  ResidentSetSize of job (KB)
...
040 (14729952.004.000) 02/25 17:22:16 Started transferring output files
...
040 (14729952.004.000) 02/25 17:22:16 Finished transferring output files
...
005 (14729952.004.000) 02/25 17:22:16 Job terminated.
	(1) Normal termination (return value 1)
		Usr 0 00:05:01, Sys 0 00:00:11  -  Run Remote Usage
		Usr 0 00:00:00, Sys 0 00:00:00  -  Run Local Usage
		Usr 0 00:05:01, Sys 0 00:00:11  -  Total Remote Usage
		Usr 0 00:00:00, Sys 0 00:00:00  -  Total Local Usage
	20846  -  Run Bytes Sent By Job
	17201  -  Run Bytes Received By Job
	20846  -  Total Bytes Sent By Job
	17201  -  Total Bytes Received By Job
	Partitionable Resources :    Usage  Request Allocated 
	   Cpus                 :        0        1         1 
	   Disk (KB)            :       69       20      3628 
	   GPUs                 :                           0 
	   Memory (MB)          :       45     3000      3000 
	   TimeExecute (s)      :      223                    
	   TimeSlotBusy (s)     :      225                    

	Job terminated of its own accord at 2026-02-25T16:22:16Z with exit-code 1.
...
