000 (14737672.003.000) 02/25 20:32:36 Job submitted from host: <188.184.90.62:9618?addrs=188.184.90.62-9618+[2001-1458-201-e4--100-238]-9618&alias=bigbird16.cern.ch&noUDP&sock=schedd_5196_9a2f>
...
040 (14737672.003.000) 02/25 20:36:18 Started transferring input files
	Transferring to host: <188.185.212.214:9618?addrs=188.185.212.214-9618+[2001-1458-303-19--100-52]-9618&alias=b9p26p0366.cern.ch&noUDP&sock=slot1_5_812801_9575_90385>
...
040 (14737672.003.000) 02/25 20:36:18 Finished transferring input files
...
001 (14737672.003.000) 02/25 20:36:19 Job executing on host: <188.185.212.214:9618?addrs=188.185.212.214-9618+[2001-1458-303-19--100-52]-9618&alias=b9p26p0366.cern.ch&noUDP&sock=startd_812580_def7>
	SlotName: slot1_5@b9p26p0366.cern.ch
	CondorScratchDir = "/pool/condor/dir_222050"
	Cpus = 1
	Disk = 3826
	GPUs = 0
	Memory = 3000
...
006 (14737672.003.000) 02/25 20:36:33 Image size of job updated: 131584
	129  -  MemoryUsage of job (MB)
	131584  -  ResidentSetSize of job (KB)
...
006 (14737672.003.000) 02/25 20:38:10 Image size of job updated: 1756400
	129  -  MemoryUsage of job (MB)
	131620  -  ResidentSetSize of job (KB)
...
040 (14737672.003.000) 02/25 20:38:10 Started transferring output files
...
040 (14737672.003.000) 02/25 20:38:10 Finished transferring output files
...
005 (14737672.003.000) 02/25 20:38:10 Job terminated.
	(1) Normal termination (return value 1)
		Usr 0 00:03:03, Sys 0 00:00:09  -  Run Remote Usage
		Usr 0 00:00:00, Sys 0 00:00:00  -  Run Local Usage
		Usr 0 00:03:03, Sys 0 00:00:09  -  Total Remote Usage
		Usr 0 00:00:00, Sys 0 00:00:00  -  Total Local Usage
	18100  -  Run Bytes Sent By Job
	16817  -  Run Bytes Received By Job
	18100  -  Total Bytes Sent By Job
	16817  -  Total Bytes Received By Job
	Partitionable Resources :    Usage  Request Allocated 
	   Cpus                 :        0        1         1 
	   Disk (KB)            :       60       20      3826 
	   GPUs                 :                           0 
	   Memory (MB)          :      129     3000      3000 
	   TimeExecute (s)      :      111                    
	   TimeSlotBusy (s)     :      113                    

	Job terminated of its own accord at 2026-02-25T19:38:10Z with exit-code 1.
...
