subject   : /DC=ch/DC=cern/OU=Organic Units/OU=Users/CN=driosper/CN=886669/CN=Diego Alejandro Rios Perez/CN=3192939875
issuer    : /DC=ch/DC=cern/OU=Organic Units/OU=Users/CN=driosper/CN=886669/CN=Diego Alejandro Rios Perez
identity  : /DC=ch/DC=cern/OU=Organic Units/OU=Users/CN=driosper/CN=886669/CN=Diego Alejandro Rios Perez
type      : RFC compliant proxy
strength  : 2048 bits
path      : /afs/cern.ch/user/d/driosper/private/x509up_u182284
timeleft  : 9:21:04
key usage : Digital Signature, Key Encipherment
=== VO cms extension information ===
VO        : cms
subject   : /DC=ch/DC=cern/OU=Organic Units/OU=Users/CN=driosper/CN=886669/CN=Diego Alejandro Rios Perez
issuer    : /DC=ch/DC=cern/OU=computers/CN=cms-auth.cern.ch
attribute : /cms/Role=NULL/Capability=NULL
timeleft  : 9:21:04
uri       : voms-cms-auth.cern.ch:15000
--workflow ztoee --year 2022preEE --output_path /eos/user/d/driosper/bsm3g_coffea/outputs/ztoee/2022preEE/TWminustoLNu2Q --output_format coffea --dataset TWminustoLNu2Q_2 --partition_json /srv/partition_fileset.json
  Preprocessing 100% ━━━━━━━━━━━━━━━━━━ 9/9 [ 0:00:10 < 0:00:00 | 1.0   file/s ]
Merging (local) 100% ━━━━━━━━━━━━━━━━━━ 9/9 [ 0:00:10 < 0:00:00 | ?   merges/s ]
     Processing  10% ━╸                  1/10 [ 0:00:19 < -:--:-- | ?  chunk/s ]
Merging (local)   0% ━━━━━━━━━━━━━━━━━━━  0/0 [ 0:00:02 < 0:00:00 | ? merges/s ]
There are 31461 events with muon pt outside of [26,200] GeV. Setting those entries to their initial value.
There are 31463 events with muon pt outside of [26,200] GeV. Setting those entries to their initial value.
There are 144 nan entries in the corrected pt. This might be due to the number of tracker layers hitting boundaries. Setting those entries to their initial value.
There are 34364 events with muon pt outside of [26,200] GeV. Setting those entries to their initial value.
There are 9919 events with muon pt outside of [26,200] GeV. Setting those entries to their initial value.
There are 9921 events with muon pt outside of [26,200] GeV. Setting those entries to their initial value.
There are 29 nan entries in the corrected pt. This might be due to the number of tracker layers hitting boundaries. Setting those entries to their initial value.
There are 10851 events with muon pt outside of [26,200] GeV. Setting those entries to their initial value.
There are 3557 events with muon pt outside of [26,200] GeV. Setting those entries to their initial value.
There are 3557 events with muon pt outside of [26,200] GeV. Setting those entries to their initial value.
There are 16 nan entries in the corrected pt. This might be due to the number of tracker layers hitting boundaries. Setting those entries to their initial value.
There are 3956 events with muon pt outside of [26,200] GeV. Setting those entries to their initial value.
There are 8852 events with muon pt outside of [26,200] GeV. Setting those entries to their initial value.
There are 8852 events with muon pt outside of [26,200] GeV. Setting those entries to their initial value.
There are 41 nan entries in the corrected pt. This might be due to the number of tracker layers hitting boundaries. Setting those entries to their initial value.
There are 9791 events with muon pt outside of [26,200] GeV. Setting those entries to their initial value.
There are 2509 events with muon pt outside of [26,200] GeV. Setting those entries to their initial value.
There are 2509 events with muon pt outside of [26,200] GeV. Setting those entries to their initial value.
There are 11 nan entries in the corrected pt. This might be due to the number of tracker layers hitting boundaries. Setting those entries to their initial value.
There are 2785 events with muon pt outside of [26,200] GeV. Setting those entries to their initial value.
There are 5854 events with muon pt outside of [26,200] GeV. Setting those entries to their initial value.
There are 5854 events with muon pt outside of [26,200] GeV. Setting those entries to their initial value.
There are 26 nan entries in the corrected pt. This might be due to the number of tracker layers hitting boundaries. Setting those entries to their initial value.
There are 6343 events with muon pt outside of [26,200] GeV. Setting those entries to their initial value.
There are 3595 events with muon pt outside of [26,200] GeV. Setting those entries to their initial value.
There are 3595 events with muon pt outside of [26,200] GeV. Setting those entries to their initial value.
There are 18 nan entries in the corrected pt. This might be due to the number of tracker layers hitting boundaries. Setting those entries to their initial value.
There are 3912 events with muon pt outside of [26,200] GeV. Setting those entries to their initial value.
There are 39507 events with muon pt outside of [26,200] GeV. Setting those entries to their initial value.
There are 39511 events with muon pt outside of [26,200] GeV. Setting those entries to their initial value.
There are 165 nan entries in the corrected pt. This might be due to the number of tracker layers hitting boundaries. Setting those entries to their initial value.
There are 43616 events with muon pt outside of [26,200] GeV. Setting those entries to their initial value.
There are 15425 events with muon pt outside of [26,200] GeV. Setting those entries to their initial value.
There are 15426 events with muon pt outside of [26,200] GeV. Setting those entries to their initial value.
There are 74 nan entries in the corrected pt. This might be due to the number of tracker layers hitting boundaries. Setting those entries to their initial value.
There are 16663 events with muon pt outside of [26,200] GeV. Setting those entries to their initial value.
There are 39663 events with muon pt outside of [26,200] GeV. Setting those entries to their initial value.
There are 39666 events with muon pt outside of [26,200] GeV. Setting those entries to their initial value.
There are 148 nan entries in the corrected pt. This might be due to the number of tracker layers hitting boundaries. Setting those entries to their initial value.
There are 43693 events with muon pt outside of [26,200] GeV. Setting those entries to their initial value.
