000 (14729952.002.000) 02/25 17:14:37 Job submitted from host: <188.184.90.62:9618?addrs=188.184.90.62-9618+[2001-1458-201-e4--100-238]-9618&alias=bigbird16.cern.ch&noUDP&sock=schedd_5196_9a2f>
...
040 (14729952.002.000) 02/25 17:18:31 Started transferring input files
	Transferring to host: <188.185.204.237:9618?addrs=188.185.204.237-9618+[2001-1458-303-8--100-6a]-9618&alias=b9p02p4140.cern.ch&noUDP&sock=slot1_43_3786_5453_147322>
...
040 (14729952.002.000) 02/25 17:18:31 Finished transferring input files
...
001 (14729952.002.000) 02/25 17:18:32 Job executing on host: <188.185.204.237:9618?addrs=188.185.204.237-9618+[2001-1458-303-8--100-6a]-9618&alias=b9p02p4140.cern.ch&noUDP&sock=startd_3333_bd3f>
	SlotName: slot1_43@b9p02p4140.cern.ch
	CondorScratchDir = "/pool/condor/dir_1019744"
	Cpus = 1
	Disk = 3731
	GPUs = 0
	Memory = 3000
...
006 (14729952.002.000) 02/25 17:18:46 Image size of job updated: 546416
	534  -  MemoryUsage of job (MB)
	546416  -  ResidentSetSize of job (KB)
...
006 (14729952.002.000) 02/25 17:23:47 Image size of job updated: 1105164
	1080  -  MemoryUsage of job (MB)
	1105164  -  ResidentSetSize of job (KB)
...
006 (14729952.002.000) 02/25 17:28:47 Image size of job updated: 1107048
	1080  -  MemoryUsage of job (MB)
	1105700  -  ResidentSetSize of job (KB)
...
040 (14729952.002.000) 02/25 17:31:19 Started transferring output files
...
040 (14729952.002.000) 02/25 17:31:20 Finished transferring output files
...
005 (14729952.002.000) 02/25 17:31:20 Job terminated.
	(1) Normal termination (return value 1)
		Usr 0 00:02:08, Sys 0 00:00:05  -  Run Remote Usage
		Usr 0 00:00:00, Sys 0 00:00:00  -  Run Local Usage
		Usr 0 00:02:08, Sys 0 00:00:05  -  Total Remote Usage
		Usr 0 00:00:00, Sys 0 00:00:00  -  Total Local Usage
	17626  -  Run Bytes Sent By Job
	17201  -  Run Bytes Received By Job
	17626  -  Total Bytes Sent By Job
	17201  -  Total Bytes Received By Job
	Partitionable Resources :    Usage  Request Allocated 
	   Cpus                 :     0.01        1         1 
	   Disk (KB)            :    64          20      3731 
	   GPUs                 :                           0 
	   Memory (MB)          :  1080        3000      3000 
	   TimeExecute (s)      :   767                       
	   TimeSlotBusy (s)     :   770                       

	Job terminated of its own accord at 2026-02-25T16:31:19Z with exit-code 1.
...
