subject   : /DC=ch/DC=cern/OU=Organic Units/OU=Users/CN=driosper/CN=886669/CN=Diego Alejandro Rios Perez/CN=3192939875
issuer    : /DC=ch/DC=cern/OU=Organic Units/OU=Users/CN=driosper/CN=886669/CN=Diego Alejandro Rios Perez
identity  : /DC=ch/DC=cern/OU=Organic Units/OU=Users/CN=driosper/CN=886669/CN=Diego Alejandro Rios Perez
type      : RFC compliant proxy
strength  : 2048 bits
path      : /afs/cern.ch/user/d/driosper/private/x509up_u182284
timeleft  : 9:21:06
key usage : Digital Signature, Key Encipherment
=== VO cms extension information ===
VO        : cms
subject   : /DC=ch/DC=cern/OU=Organic Units/OU=Users/CN=driosper/CN=886669/CN=Diego Alejandro Rios Perez
issuer    : /DC=ch/DC=cern/OU=computers/CN=cms-auth.cern.ch
attribute : /cms/Role=NULL/Capability=NULL
timeleft  : 9:21:06
uri       : voms-cms-auth.cern.ch:15000
--workflow ztoee --year 2022preEE --output_path /eos/user/d/driosper/bsm3g_coffea/outputs/ztoee/2022preEE/TWminustoLNu2Q --output_format coffea --dataset TWminustoLNu2Q_3 --partition_json /srv/partition_fileset.json
  Preprocessing 100% ━━━━━━━━━━━━━━━━━━ 9/9 [ 0:00:08 < 0:00:00 | 1.2   file/s ]
Merging (local) 100% ━━━━━━━━━━━━━━━━━━ 9/9 [ 0:00:08 < 0:00:00 | ?   merges/s ]
     Processing  22% ━━━━               2/9 [ 0:00:26 < 0:00:32 | 0.2  chunk/s ]
Merging (local) 100% ━━━━━━━━━━━━━━━━━━ 1/1 [ 0:00:21 < 0:00:00 | ?   merges/s ]
There are 278 events with muon pt outside of [26,200] GeV. Setting those entries to their initial value.
There are 278 events with muon pt outside of [26,200] GeV. Setting those entries to their initial value.
There are 2 nan entries in the corrected pt. This might be due to the number of tracker layers hitting boundaries. Setting those entries to their initial value.
There are 266 events with muon pt outside of [26,200] GeV. Setting those entries to their initial value.
There are 3790 events with muon pt outside of [26,200] GeV. Setting those entries to their initial value.
There are 3790 events with muon pt outside of [26,200] GeV. Setting those entries to their initial value.
There are 22 nan entries in the corrected pt. This might be due to the number of tracker layers hitting boundaries. Setting those entries to their initial value.
There are 4052 events with muon pt outside of [26,200] GeV. Setting those entries to their initial value.
There are 1287 events with muon pt outside of [26,200] GeV. Setting those entries to their initial value.
There are 1287 events with muon pt outside of [26,200] GeV. Setting those entries to their initial value.
There are 11 nan entries in the corrected pt. This might be due to the number of tracker layers hitting boundaries. Setting those entries to their initial value.
There are 1415 events with muon pt outside of [26,200] GeV. Setting those entries to their initial value.
There are 3840 events with muon pt outside of [26,200] GeV. Setting those entries to their initial value.
There are 3840 events with muon pt outside of [26,200] GeV. Setting those entries to their initial value.
There are 15 nan entries in the corrected pt. This might be due to the number of tracker layers hitting boundaries. Setting those entries to their initial value.
There are 4250 events with muon pt outside of [26,200] GeV. Setting those entries to their initial value.
There are 6923 events with muon pt outside of [26,200] GeV. Setting those entries to their initial value.
There are 6924 events with muon pt outside of [26,200] GeV. Setting those entries to their initial value.
There are 27 nan entries in the corrected pt. This might be due to the number of tracker layers hitting boundaries. Setting those entries to their initial value.
There are 7809 events with muon pt outside of [26,200] GeV. Setting those entries to their initial value.
There are 514 events with muon pt outside of [26,200] GeV. Setting those entries to their initial value.
There are 514 events with muon pt outside of [26,200] GeV. Setting those entries to their initial value.
There are 1 nan entries in the corrected pt. This might be due to the number of tracker layers hitting boundaries. Setting those entries to their initial value.
There are 531 events with muon pt outside of [26,200] GeV. Setting those entries to their initial value.
There are 18663 events with muon pt outside of [26,200] GeV. Setting those entries to their initial value.
There are 18665 events with muon pt outside of [26,200] GeV. Setting those entries to their initial value.
There are 68 nan entries in the corrected pt. This might be due to the number of tracker layers hitting boundaries. Setting those entries to their initial value.
There are 20614 events with muon pt outside of [26,200] GeV. Setting those entries to their initial value.
There are 1543 events with muon pt outside of [26,200] GeV. Setting those entries to their initial value.
There are 1543 events with muon pt outside of [26,200] GeV. Setting those entries to their initial value.
There are 5 nan entries in the corrected pt. This might be due to the number of tracker layers hitting boundaries. Setting those entries to their initial value.
There are 1698 events with muon pt outside of [26,200] GeV. Setting those entries to their initial value.
There are 25451 events with muon pt outside of [26,200] GeV. Setting those entries to their initial value.
There are 25451 events with muon pt outside of [26,200] GeV. Setting those entries to their initial value.
There are 98 nan entries in the corrected pt. This might be due to the number of tracker layers hitting boundaries. Setting those entries to their initial value.
There are 28086 events with muon pt outside of [26,200] GeV. Setting those entries to their initial value.
