000 (14729952.006.000) 02/25 17:14:38 Job submitted from host: <188.184.90.62:9618?addrs=188.184.90.62-9618+[2001-1458-201-e4--100-238]-9618&alias=bigbird16.cern.ch&noUDP&sock=schedd_5196_9a2f>
...
040 (14729952.006.000) 02/25 17:18:32 Started transferring input files
	Transferring to host: <188.185.207.49:9618?addrs=188.185.207.49-9618+[2001-1458-303-d--100-2e]-9618&alias=b9p07p8967.cern.ch&noUDP&sock=slot1_31_10808_f6b1_149762>
...
040 (14729952.006.000) 02/25 17:18:32 Finished transferring input files
...
001 (14729952.006.000) 02/25 17:18:33 Job executing on host: <188.185.207.49:9618?addrs=188.185.207.49-9618+[2001-1458-303-d--100-2e]-9618&alias=b9p07p8967.cern.ch&noUDP&sock=startd_10304_43f2>
	SlotName: slot1_31@b9p07p8967.cern.ch
	CondorScratchDir = "/pool/condor/dir_1571966"
	Cpus = 1
	Disk = 3707
	GPUs = 0
	Memory = 3000
...
006 (14729952.006.000) 02/25 17:18:47 Image size of job updated: 547992
	536  -  MemoryUsage of job (MB)
	547992  -  ResidentSetSize of job (KB)
...
006 (14729952.006.000) 02/25 17:20:00 Image size of job updated: 590500
	536  -  MemoryUsage of job (MB)
	548516  -  ResidentSetSize of job (KB)
...
040 (14729952.006.000) 02/25 17:20:00 Started transferring output files
...
040 (14729952.006.000) 02/25 17:20:00 Finished transferring output files
...
005 (14729952.006.000) 02/25 17:20:00 Job terminated.
	(1) Normal termination (return value 1)
		Usr 0 00:00:16, Sys 0 00:00:02  -  Run Remote Usage
		Usr 0 00:00:00, Sys 0 00:00:00  -  Run Local Usage
		Usr 0 00:00:16, Sys 0 00:00:02  -  Total Remote Usage
		Usr 0 00:00:00, Sys 0 00:00:00  -  Total Local Usage
	10602  -  Run Bytes Sent By Job
	17201  -  Run Bytes Received By Job
	10602  -  Total Bytes Sent By Job
	17201  -  Total Bytes Received By Job
	Partitionable Resources :    Usage  Request Allocated 
	   Cpus                 :        0        1         1 
	   Disk (KB)            :       57       20      3707 
	   GPUs                 :                           0 
	   Memory (MB)          :      536     3000      3000 
	   TimeExecute (s)      :       87                    
	   TimeSlotBusy (s)     :       89                    

	Job terminated of its own accord at 2026-02-25T16:20:00Z with exit-code 1.
...
