000 (14752957.002.000) 02/26 16:23:22 Job submitted from host: <188.184.90.62:9618?addrs=188.184.90.62-9618+[2001-1458-201-e4--100-238]-9618&alias=bigbird16.cern.ch&noUDP&sock=schedd_5196_9a2f>
...
040 (14752957.002.000) 02/26 16:27:21 Started transferring input files
	Transferring to host: <188.185.209.92:9618?addrs=188.185.209.92-9618+[2001-1458-303-11--100-59]-9618&alias=b9p11p6024.cern.ch&noUDP&sock=slot1_7_1112790_f8fc_85543>
...
040 (14752957.002.000) 02/26 16:27:21 Finished transferring input files
...
001 (14752957.002.000) 02/26 16:27:22 Job executing on host: <188.185.209.92:9618?addrs=188.185.209.92-9618+[2001-1458-303-11--100-59]-9618&alias=b9p11p6024.cern.ch&noUDP&sock=startd_3659_591f>
	SlotName: slot1_7@b9p11p6024.cern.ch
	CondorScratchDir = "/pool/condor/dir_223481"
	Cpus = 1
	Disk = 3806
	GPUs = 0
	Memory = 3000
...
006 (14752957.002.000) 02/26 16:27:36 Image size of job updated: 496804
	486  -  MemoryUsage of job (MB)
	496804  -  ResidentSetSize of job (KB)
...
040 (14752957.002.000) 02/26 16:27:37 Started transferring output files
...
040 (14752957.002.000) 02/26 16:27:37 Finished transferring output files
...
005 (14752957.002.000) 02/26 16:27:37 Job terminated.
	(1) Normal termination (return value 1)
		Usr 0 00:00:04, Sys 0 00:00:02  -  Run Remote Usage
		Usr 0 00:00:00, Sys 0 00:00:00  -  Run Local Usage
		Usr 0 00:00:04, Sys 0 00:00:02  -  Total Remote Usage
		Usr 0 00:00:00, Sys 0 00:00:00  -  Total Local Usage
	10480  -  Run Bytes Sent By Job
	16813  -  Run Bytes Received By Job
	10480  -  Total Bytes Sent By Job
	16813  -  Total Bytes Received By Job
	Partitionable Resources :    Usage  Request Allocated 
	   Cpus                 :        0        1         1 
	   Disk (KB)            :       55       20      3806 
	   GPUs                 :                           0 
	   Memory (MB)          :      486     3000      3000 
	   TimeExecute (s)      :       15                    
	   TimeSlotBusy (s)     :       17                    

	Job terminated of its own accord at 2026-02-26T15:27:37Z with exit-code 1.
...
