subject   : /DC=ch/DC=cern/OU=Organic Units/OU=Users/CN=driosper/CN=886669/CN=Diego Alejandro Rios Perez/CN=1573519443
issuer    : /DC=ch/DC=cern/OU=Organic Units/OU=Users/CN=driosper/CN=886669/CN=Diego Alejandro Rios Perez
identity  : /DC=ch/DC=cern/OU=Organic Units/OU=Users/CN=driosper/CN=886669/CN=Diego Alejandro Rios Perez
type      : RFC compliant proxy
strength  : 2048 bits
path      : /afs/cern.ch/user/d/driosper/private/x509up_u182284
timeleft  : 11:49:49
key usage : Digital Signature, Key Encipherment
=== VO cms extension information ===
VO        : cms
subject   : /DC=ch/DC=cern/OU=Organic Units/OU=Users/CN=driosper/CN=886669/CN=Diego Alejandro Rios Perez
issuer    : /DC=ch/DC=cern/OU=computers/CN=cms-auth.cern.ch
attribute : /cms/Role=NULL/Capability=NULL
timeleft  : 11:49:49
uri       : voms-cms-auth.cern.ch:15000
--workflow ztoee --year 2022preEE --output_path /eos/user/d/driosper/bsm3g_coffea/outputs/ztoee/2022preEE/TWminustoLNu2Q --output_format coffea --dataset TWminustoLNu2Q_4 --partition_json /srv/partition_fileset.json
  Preprocessing 100% ━━━━━━━━━━━━━━━━━━ 9/9 [ 0:00:10 < 0:00:00 | 1.0   file/s ]
Merging (local) 100% ━━━━━━━━━━━━━━━━━━ 9/9 [ 0:00:10 < 0:00:00 | ?   merges/s ]
     Processing  40% ━━━━━━╸           4/10 [ 0:00:37 < 0:00:29 | 0.2  chunk/s ]
Merging (local) 100% ━━━━━━━━━━━━━━━━━  3/3 [ 0:00:30 < 0:00:00 | ?   merges/s ]
There are 5045 events with muon pt outside of [26,200] GeV. Setting those entries to their initial value.
There are 5045 events with muon pt outside of [26,200] GeV. Setting those entries to their initial value.
There are 27 nan entries in the corrected pt. This might be due to the number of tracker layers hitting boundaries. Setting those entries to their initial value.
There are 5701 events with muon pt outside of [26,200] GeV. Setting those entries to their initial value.
There are 11321 events with muon pt outside of [26,200] GeV. Setting those entries to their initial value.
There are 11321 events with muon pt outside of [26,200] GeV. Setting those entries to their initial value.
There are 41 nan entries in the corrected pt. This might be due to the number of tracker layers hitting boundaries. Setting those entries to their initial value.
There are 12517 events with muon pt outside of [26,200] GeV. Setting those entries to their initial value.
There are 9901 events with muon pt outside of [26,200] GeV. Setting those entries to their initial value.
There are 9902 events with muon pt outside of [26,200] GeV. Setting those entries to their initial value.
There are 28 nan entries in the corrected pt. This might be due to the number of tracker layers hitting boundaries. Setting those entries to their initial value.
There are 10920 events with muon pt outside of [26,200] GeV. Setting those entries to their initial value.
There are 1268 events with muon pt outside of [26,200] GeV. Setting those entries to their initial value.
There are 1268 events with muon pt outside of [26,200] GeV. Setting those entries to their initial value.
There are 2 nan entries in the corrected pt. This might be due to the number of tracker layers hitting boundaries. Setting those entries to their initial value.
There are 1412 events with muon pt outside of [26,200] GeV. Setting those entries to their initial value.
There are 40043 events with muon pt outside of [26,200] GeV. Setting those entries to their initial value.
There are 40045 events with muon pt outside of [26,200] GeV. Setting those entries to their initial value.
There are 179 nan entries in the corrected pt. This might be due to the number of tracker layers hitting boundaries. Setting those entries to their initial value.
There are 43804 events with muon pt outside of [26,200] GeV. Setting those entries to their initial value.
There are 9082 events with muon pt outside of [26,200] GeV. Setting those entries to their initial value.
There are 9083 events with muon pt outside of [26,200] GeV. Setting those entries to their initial value.
There are 41 nan entries in the corrected pt. This might be due to the number of tracker layers hitting boundaries. Setting those entries to their initial value.
There are 9942 events with muon pt outside of [26,200] GeV. Setting those entries to their initial value.
There are 40302 events with muon pt outside of [26,200] GeV. Setting those entries to their initial value.
There are 40306 events with muon pt outside of [26,200] GeV. Setting those entries to their initial value.
There are 177 nan entries in the corrected pt. This might be due to the number of tracker layers hitting boundaries. Setting those entries to their initial value.
There are 43837 events with muon pt outside of [26,200] GeV. Setting those entries to their initial value.
There are 1284 events with muon pt outside of [26,200] GeV. Setting those entries to their initial value.
There are 1284 events with muon pt outside of [26,200] GeV. Setting those entries to their initial value.
There are 2 nan entries in the corrected pt. This might be due to the number of tracker layers hitting boundaries. Setting those entries to their initial value.
There are 1424 events with muon pt outside of [26,200] GeV. Setting those entries to their initial value.
There are 52107 events with muon pt outside of [26,200] GeV. Setting those entries to their initial value.
There are 52110 events with muon pt outside of [26,200] GeV. Setting those entries to their initial value.
There are 211 nan entries in the corrected pt. This might be due to the number of tracker layers hitting boundaries. Setting those entries to their initial value.
There are 57295 events with muon pt outside of [26,200] GeV. Setting those entries to their initial value.
There are 50243 events with muon pt outside of [26,200] GeV. Setting those entries to their initial value.
There are 50247 events with muon pt outside of [26,200] GeV. Setting those entries to their initial value.
There are 182 nan entries in the corrected pt. This might be due to the number of tracker layers hitting boundaries. Setting those entries to their initial value.
There are 55136 events with muon pt outside of [26,200] GeV. Setting those entries to their initial value.
