subject   : /DC=ch/DC=cern/OU=Organic Units/OU=Users/CN=driosper/CN=886669/CN=Diego Alejandro Rios Perez/CN=1573519443
issuer    : /DC=ch/DC=cern/OU=Organic Units/OU=Users/CN=driosper/CN=886669/CN=Diego Alejandro Rios Perez
identity  : /DC=ch/DC=cern/OU=Organic Units/OU=Users/CN=driosper/CN=886669/CN=Diego Alejandro Rios Perez
type      : RFC compliant proxy
strength  : 2048 bits
path      : /afs/cern.ch/user/d/driosper/private/x509up_u182284
timeleft  : 11:49:50
key usage : Digital Signature, Key Encipherment
=== VO cms extension information ===
VO        : cms
subject   : /DC=ch/DC=cern/OU=Organic Units/OU=Users/CN=driosper/CN=886669/CN=Diego Alejandro Rios Perez
issuer    : /DC=ch/DC=cern/OU=computers/CN=cms-auth.cern.ch
attribute : /cms/Role=NULL/Capability=NULL
timeleft  : 11:49:50
uri       : voms-cms-auth.cern.ch:15000
--workflow ztoee --year 2022preEE --output_path /eos/user/d/driosper/bsm3g_coffea/outputs/ztoee/2022preEE/TWminustoLNu2Q --output_format coffea --dataset TWminustoLNu2Q_1 --partition_json /srv/partition_fileset.json
  Preprocessing 100% ━━━━━━━━━━━━━━━━ 10/10 [ 0:00:13 < 0:00:00 | 0.8   file/s ]
Merging (local) 100% ━━━━━━━━━━━━━━━━ 10/10 [ 0:00:13 < 0:00:00 | ?   merges/s ]
     Processing  60% ━━━━━━━━━━        6/10 [ 0:00:37 < 0:00:19 | 0.2  chunk/s ]
Merging (local) 100% ━━━━━━━━━━━━━━━━━  5/5 [ 0:00:27 < 0:00:00 | ?   merges/s ]
There are 11467 events with muon pt outside of [26,200] GeV. Setting those entries to their initial value.
There are 11468 events with muon pt outside of [26,200] GeV. Setting those entries to their initial value.
There are 56 nan entries in the corrected pt. This might be due to the number of tracker layers hitting boundaries. Setting those entries to their initial value.
There are 12582 events with muon pt outside of [26,200] GeV. Setting those entries to their initial value.
There are 2523 events with muon pt outside of [26,200] GeV. Setting those entries to their initial value.
There are 2523 events with muon pt outside of [26,200] GeV. Setting those entries to their initial value.
There are 8 nan entries in the corrected pt. This might be due to the number of tracker layers hitting boundaries. Setting those entries to their initial value.
There are 2776 events with muon pt outside of [26,200] GeV. Setting those entries to their initial value.
There are 755 events with muon pt outside of [26,200] GeV. Setting those entries to their initial value.
There are 755 events with muon pt outside of [26,200] GeV. Setting those entries to their initial value.
There are 6 nan entries in the corrected pt. This might be due to the number of tracker layers hitting boundaries. Setting those entries to their initial value.
There are 809 events with muon pt outside of [26,200] GeV. Setting those entries to their initial value.
There are 260 events with muon pt outside of [26,200] GeV. Setting those entries to their initial value.
There are 260 events with muon pt outside of [26,200] GeV. Setting those entries to their initial value.
There are 1 nan entries in the corrected pt. This might be due to the number of tracker layers hitting boundaries. Setting those entries to their initial value.
There are 276 events with muon pt outside of [26,200] GeV. Setting those entries to their initial value.
There are 35501 events with muon pt outside of [26,200] GeV. Setting those entries to their initial value.
There are 35503 events with muon pt outside of [26,200] GeV. Setting those entries to their initial value.
There are 138 nan entries in the corrected pt. This might be due to the number of tracker layers hitting boundaries. Setting those entries to their initial value.
There are 38907 events with muon pt outside of [26,200] GeV. Setting those entries to their initial value.
There are 1792 events with muon pt outside of [26,200] GeV. Setting those entries to their initial value.
There are 1792 events with muon pt outside of [26,200] GeV. Setting those entries to their initial value.
There are 3 nan entries in the corrected pt. This might be due to the number of tracker layers hitting boundaries. Setting those entries to their initial value.
There are 1924 events with muon pt outside of [26,200] GeV. Setting those entries to their initial value.
There are 255 events with muon pt outside of [26,200] GeV. Setting those entries to their initial value.
There are 255 events with muon pt outside of [26,200] GeV. Setting those entries to their initial value.
There are 276 events with muon pt outside of [26,200] GeV. Setting those entries to their initial value.
There are 28946 events with muon pt outside of [26,200] GeV. Setting those entries to their initial value.
There are 28951 events with muon pt outside of [26,200] GeV. Setting those entries to their initial value.
There are 127 nan entries in the corrected pt. This might be due to the number of tracker layers hitting boundaries. Setting those entries to their initial value.
There are 31987 events with muon pt outside of [26,200] GeV. Setting those entries to their initial value.
There are 13937 events with muon pt outside of [26,200] GeV. Setting those entries to their initial value.
There are 13940 events with muon pt outside of [26,200] GeV. Setting those entries to their initial value.
There are 64 nan entries in the corrected pt. This might be due to the number of tracker layers hitting boundaries. Setting those entries to their initial value.
There are 15420 events with muon pt outside of [26,200] GeV. Setting those entries to their initial value.
There are 33885 events with muon pt outside of [26,200] GeV. Setting those entries to their initial value.
There are 33888 events with muon pt outside of [26,200] GeV. Setting those entries to their initial value.
There are 154 nan entries in the corrected pt. This might be due to the number of tracker layers hitting boundaries. Setting those entries to their initial value.
There are 37315 events with muon pt outside of [26,200] GeV. Setting those entries to their initial value.
