000 (14722380.005.000) 02/25 15:24:05 Job submitted from host: <188.184.90.62:9618?addrs=188.184.90.62-9618+[2001-1458-201-e4--100-238]-9618&alias=bigbird16.cern.ch&noUDP&sock=schedd_5196_9a2f>
...
040 (14722380.005.000) 02/25 15:26:59 Started transferring input files
	Transferring to host: <128.142.192.185:9618?addrs=128.142.192.185-9618+[2001-1458-301-56--100-35]-9618&alias=b9g18p5987.cern.ch&noUDP&sock=slot1_1_4250_4266_164326>
...
040 (14722380.005.000) 02/25 15:26:59 Finished transferring input files
...
001 (14722380.005.000) 02/25 15:27:00 Job executing on host: <128.142.192.185:9618?addrs=128.142.192.185-9618+[2001-1458-301-56--100-35]-9618&alias=b9g18p5987.cern.ch&noUDP&sock=startd_3622_f81e>
	SlotName: slot1_1@b9g18p5987.cern.ch
	CondorScratchDir = "/pool/condor/dir_272542"
	Cpus = 1
	Disk = 3902
	GPUs = 0
	Memory = 3000
...
006 (14722380.005.000) 02/25 15:27:14 Image size of job updated: 45184
	45  -  MemoryUsage of job (MB)
	45184  -  ResidentSetSize of job (KB)
...
006 (14722380.005.000) 02/25 15:28:33 Image size of job updated: 606804
	45  -  MemoryUsage of job (MB)
	45248  -  ResidentSetSize of job (KB)
...
040 (14722380.005.000) 02/25 15:28:33 Started transferring output files
...
040 (14722380.005.000) 02/25 15:28:33 Finished transferring output files
...
005 (14722380.005.000) 02/25 15:28:33 Job terminated.
	(1) Normal termination (return value 1)
		Usr 0 00:00:37, Sys 0 00:00:02  -  Run Remote Usage
		Usr 0 00:00:00, Sys 0 00:00:00  -  Run Local Usage
		Usr 0 00:00:37, Sys 0 00:00:02  -  Total Remote Usage
		Usr 0 00:00:00, Sys 0 00:00:00  -  Total Local Usage
	10479  -  Run Bytes Sent By Job
	16820  -  Run Bytes Received By Job
	10479  -  Total Bytes Sent By Job
	16820  -  Total Bytes Received By Job
	Partitionable Resources :    Usage  Request Allocated 
	   Cpus                 :     0.08        1         1 
	   Disk (KB)            :    53          20      3902 
	   GPUs                 :                           0 
	   Memory (MB)          :    45        3000      3000 
	   TimeExecute (s)      :    93                       
	   TimeSlotBusy (s)     :    96                       

	Job terminated of its own accord at 2026-02-25T14:28:33Z with exit-code 1.
...
