000 (14729952.005.000) 02/25 17:14:38 Job submitted from host: <188.184.90.62:9618?addrs=188.184.90.62-9618+[2001-1458-201-e4--100-238]-9618&alias=bigbird16.cern.ch&noUDP&sock=schedd_5196_9a2f>
...
040 (14729952.005.000) 02/25 17:18:32 Started transferring input files
	Transferring to host: <188.185.205.161:9618?addrs=188.185.205.161-9618+[2001-1458-303-a--100-1e]-9618&alias=b9p04p8568.cern.ch&noUDP&sock=slot1_10_4402_5b6c_147044>
...
040 (14729952.005.000) 02/25 17:18:32 Finished transferring input files
...
001 (14729952.005.000) 02/25 17:18:33 Job executing on host: <188.185.205.161:9618?addrs=188.185.205.161-9618+[2001-1458-303-a--100-1e]-9618&alias=b9p04p8568.cern.ch&noUDP&sock=startd_3923_6e1f>
	SlotName: slot1_10@b9p04p8568.cern.ch
	CondorScratchDir = "/pool/condor/dir_299099"
	Cpus = 1
	Disk = 3566
	GPUs = 0
	Memory = 3000
...
006 (14729952.005.000) 02/25 17:18:47 Image size of job updated: 525088
	513  -  MemoryUsage of job (MB)
	525088  -  ResidentSetSize of job (KB)
...
006 (14729952.005.000) 02/25 17:23:47 Image size of job updated: 2485184
	2389  -  MemoryUsage of job (MB)
	2445728  -  ResidentSetSize of job (KB)
...
006 (14729952.005.000) 02/25 17:28:47 Image size of job updated: 2485184
	2389  -  MemoryUsage of job (MB)
	2445776  -  ResidentSetSize of job (KB)
...
040 (14729952.005.000) 02/25 17:37:12 Started transferring output files
...
040 (14729952.005.000) 02/25 17:37:13 Finished transferring output files
...
005 (14729952.005.000) 02/25 17:37:13 Job terminated.
	(1) Normal termination (return value 1)
		Usr 0 00:03:41, Sys 0 00:00:09  -  Run Remote Usage
		Usr 0 00:00:00, Sys 0 00:00:00  -  Run Local Usage
		Usr 0 00:03:41, Sys 0 00:00:09  -  Total Remote Usage
		Usr 0 00:00:00, Sys 0 00:00:00  -  Total Local Usage
	19585  -  Run Bytes Sent By Job
	17201  -  Run Bytes Received By Job
	19585  -  Total Bytes Sent By Job
	17201  -  Total Bytes Received By Job
	Partitionable Resources :    Usage  Request Allocated 
	   Cpus                 :        0        1         1 
	   Disk (KB)            :       66       20      3566 
	   GPUs                 :                           0 
	   Memory (MB)          :     2389     3000      3000 
	   TimeExecute (s)      :     1119                    
	   TimeSlotBusy (s)     :     1122                    

	Job terminated of its own accord at 2026-02-25T16:37:12Z with exit-code 1.
...
