000 (14752957.004.000) 02/26 16:23:22 Job submitted from host: <188.184.90.62:9618?addrs=188.184.90.62-9618+[2001-1458-201-e4--100-238]-9618&alias=bigbird16.cern.ch&noUDP&sock=schedd_5196_9a2f>
...
040 (14752957.004.000) 02/26 16:27:21 Started transferring input files
	Transferring to host: <188.185.215.182:9618?addrs=188.185.215.182-9618+[2001-1458-303-26--100-32]-9618&alias=b9p18p1448.cern.ch&noUDP&sock=slot1_2_2018700_8523_91304>
...
040 (14752957.004.000) 02/26 16:27:21 Finished transferring input files
...
001 (14752957.004.000) 02/26 16:27:22 Job executing on host: <188.185.215.182:9618?addrs=188.185.215.182-9618+[2001-1458-303-26--100-32]-9618&alias=b9p18p1448.cern.ch&noUDP&sock=startd_2015149_2df8>
	SlotName: slot1_2@b9p18p1448.cern.ch
	CondorScratchDir = "/pool/condor/dir_3595003"
	Cpus = 1
	Disk = 3811
	GPUs = 0
	Memory = 3000
...
006 (14752957.004.000) 02/26 16:27:36 Image size of job updated: 138720
	136  -  MemoryUsage of job (MB)
	138720  -  ResidentSetSize of job (KB)
...
006 (14752957.004.000) 02/26 16:27:42 Image size of job updated: 149212
	136  -  MemoryUsage of job (MB)
	138736  -  ResidentSetSize of job (KB)
...
040 (14752957.004.000) 02/26 16:27:42 Started transferring output files
...
040 (14752957.004.000) 02/26 16:27:42 Finished transferring output files
...
005 (14752957.004.000) 02/26 16:27:42 Job terminated.
	(1) Normal termination (return value 1)
		Usr 0 00:00:04, Sys 0 00:00:02  -  Run Remote Usage
		Usr 0 00:00:00, Sys 0 00:00:00  -  Run Local Usage
		Usr 0 00:00:04, Sys 0 00:00:02  -  Total Remote Usage
		Usr 0 00:00:00, Sys 0 00:00:00  -  Total Local Usage
	10527  -  Run Bytes Sent By Job
	16813  -  Run Bytes Received By Job
	10527  -  Total Bytes Sent By Job
	16813  -  Total Bytes Received By Job
	Partitionable Resources :    Usage  Request Allocated 
	   Cpus                 :        0        1         1 
	   Disk (KB)            :       53       20      3811 
	   GPUs                 :                           0 
	   Memory (MB)          :      136     3000      3000 
	   TimeExecute (s)      :       20                    
	   TimeSlotBusy (s)     :       22                    

	Job terminated of its own accord at 2026-02-26T15:27:42Z with exit-code 1.
...
