000 (14752957.001.000) 02/26 16:23:22 Job submitted from host: <188.184.90.62:9618?addrs=188.184.90.62-9618+[2001-1458-201-e4--100-238]-9618&alias=bigbird16.cern.ch&noUDP&sock=schedd_5196_9a2f>
...
040 (14752957.001.000) 02/26 16:27:20 Started transferring input files
	Transferring to host: <188.185.212.202:9618?addrs=188.185.212.202-9618+[2001-1458-303-19--100-46]-9618&alias=b9p26p9899.cern.ch&noUDP&sock=slot1_13_3726499_690a_93924>
...
040 (14752957.001.000) 02/26 16:27:20 Finished transferring input files
...
001 (14752957.001.000) 02/26 16:27:21 Job executing on host: <188.185.212.202:9618?addrs=188.185.212.202-9618+[2001-1458-303-19--100-46]-9618&alias=b9p26p9899.cern.ch&noUDP&sock=startd_3725920_ca2c>
	SlotName: slot1_13@b9p26p9899.cern.ch
	CondorScratchDir = "/pool/condor/dir_1838270"
	Cpus = 1
	Disk = 3871
	GPUs = 0
	Memory = 3000
...
006 (14752957.001.000) 02/26 16:27:35 Image size of job updated: 109540
	107  -  MemoryUsage of job (MB)
	109540  -  ResidentSetSize of job (KB)
...
006 (14752957.001.000) 02/26 16:27:43 Image size of job updated: 513924
	108  -  MemoryUsage of job (MB)
	109720  -  ResidentSetSize of job (KB)
...
040 (14752957.001.000) 02/26 16:27:43 Started transferring output files
...
040 (14752957.001.000) 02/26 16:27:43 Finished transferring output files
...
005 (14752957.001.000) 02/26 16:27:44 Job terminated.
	(1) Normal termination (return value 1)
		Usr 0 00:00:04, Sys 0 00:00:02  -  Run Remote Usage
		Usr 0 00:00:00, Sys 0 00:00:00  -  Run Local Usage
		Usr 0 00:00:04, Sys 0 00:00:02  -  Total Remote Usage
		Usr 0 00:00:00, Sys 0 00:00:00  -  Total Local Usage
	10405  -  Run Bytes Sent By Job
	16813  -  Run Bytes Received By Job
	10405  -  Total Bytes Sent By Job
	16813  -  Total Bytes Received By Job
	Partitionable Resources :    Usage  Request Allocated 
	   Cpus                 :        0        1         1 
	   Disk (KB)            :       53       20      3871 
	   GPUs                 :                           0 
	   Memory (MB)          :      108     3000      3000 
	   TimeExecute (s)      :       22                    
	   TimeSlotBusy (s)     :       24                    

	Job terminated of its own accord at 2026-02-26T15:27:43Z with exit-code 1.
...
