000 (14737672.004.000) 02/25 20:32:36 Job submitted from host: <188.184.90.62:9618?addrs=188.184.90.62-9618+[2001-1458-201-e4--100-238]-9618&alias=bigbird16.cern.ch&noUDP&sock=schedd_5196_9a2f>
...
040 (14737672.004.000) 02/25 20:36:18 Started transferring input files
	Transferring to host: <188.185.213.58:9618?addrs=188.185.213.58-9618+[2001-1458-303-1a--100-36]-9618&alias=b9p27p2430.cern.ch&noUDP&sock=slot1_5_2339270_15cf_90044>
...
040 (14737672.004.000) 02/25 20:36:18 Finished transferring input files
...
001 (14737672.004.000) 02/25 20:36:19 Job executing on host: <188.185.213.58:9618?addrs=188.185.213.58-9618+[2001-1458-303-1a--100-36]-9618&alias=b9p27p2430.cern.ch&noUDP&sock=startd_4019_4737>
	SlotName: slot1_5@b9p27p2430.cern.ch
	CondorScratchDir = "/pool/condor/dir_3184029"
	Cpus = 1
	Disk = 3832
	GPUs = 0
	Memory = 3000
...
006 (14737672.004.000) 02/25 20:36:33 Image size of job updated: 511492
	500  -  MemoryUsage of job (MB)
	511492  -  ResidentSetSize of job (KB)
...
006 (14737672.004.000) 02/25 20:38:56 Image size of job updated: 2450640
	501  -  MemoryUsage of job (MB)
	512036  -  ResidentSetSize of job (KB)
...
040 (14737672.004.000) 02/25 20:38:56 Started transferring output files
...
040 (14737672.004.000) 02/25 20:38:56 Finished transferring output files
...
005 (14737672.004.000) 02/25 20:38:57 Job terminated.
	(1) Normal termination (return value 1)
		Usr 0 00:04:57, Sys 0 00:00:13  -  Run Remote Usage
		Usr 0 00:00:00, Sys 0 00:00:00  -  Run Local Usage
		Usr 0 00:04:57, Sys 0 00:00:13  -  Total Remote Usage
		Usr 0 00:00:00, Sys 0 00:00:00  -  Total Local Usage
	20900  -  Run Bytes Sent By Job
	16817  -  Run Bytes Received By Job
	20900  -  Total Bytes Sent By Job
	16817  -  Total Bytes Received By Job
	Partitionable Resources :    Usage  Request Allocated 
	   Cpus                 :        0        1         1 
	   Disk (KB)            :       63       20      3832 
	   GPUs                 :                           0 
	   Memory (MB)          :      501     3000      3000 
	   TimeExecute (s)      :      157                    
	   TimeSlotBusy (s)     :      159                    

	Job terminated of its own accord at 2026-02-25T19:38:56Z with exit-code 1.
...
