000 (14722380.006.000) 02/25 15:24:05 Job submitted from host: <188.184.90.62:9618?addrs=188.184.90.62-9618+[2001-1458-201-e4--100-238]-9618&alias=bigbird16.cern.ch&noUDP&sock=schedd_5196_9a2f>
...
040 (14722380.006.000) 02/25 15:26:58 Started transferring input files
	Transferring to host: <128.142.132.160:9618?addrs=128.142.132.160-9618+[2001-1458-301-5a--100-94]-9618&alias=b9g12p5248.cern.ch&noUDP&sock=slot1_16_2828_54ec_160923>
...
040 (14722380.006.000) 02/25 15:26:59 Finished transferring input files
...
001 (14722380.006.000) 02/25 15:27:00 Job executing on host: <128.142.132.160:9618?addrs=128.142.132.160-9618+[2001-1458-301-5a--100-94]-9618&alias=b9g12p5248.cern.ch&noUDP&sock=startd_2440_372c>
	SlotName: slot1_16@b9g12p5248.cern.ch
	CondorScratchDir = "/pool/condor/dir_3417105"
	Cpus = 1
	Disk = 2753
	GPUs = 0
	Memory = 3000
...
006 (14722380.006.000) 02/25 15:27:13 Image size of job updated: 199688
	196  -  MemoryUsage of job (MB)
	199688  -  ResidentSetSize of job (KB)
...
006 (14722380.006.000) 02/25 15:29:16 Image size of job updated: 613196
	233  -  MemoryUsage of job (MB)
	238556  -  ResidentSetSize of job (KB)
...
040 (14722380.006.000) 02/25 15:29:17 Started transferring output files
...
040 (14722380.006.000) 02/25 15:29:17 Finished transferring output files
...
005 (14722380.006.000) 02/25 15:29:17 Job terminated.
	(1) Normal termination (return value 1)
		Usr 0 00:00:34, Sys 0 00:00:02  -  Run Remote Usage
		Usr 0 00:00:00, Sys 0 00:00:00  -  Run Local Usage
		Usr 0 00:00:34, Sys 0 00:00:02  -  Total Remote Usage
		Usr 0 00:00:00, Sys 0 00:00:00  -  Total Local Usage
	10388  -  Run Bytes Sent By Job
	16820  -  Run Bytes Received By Job
	10388  -  Total Bytes Sent By Job
	16820  -  Total Bytes Received By Job
	Partitionable Resources :    Usage  Request Allocated 
	   Cpus                 :        0        1         1 
	   Disk (KB)            :       52       20      2753 
	   GPUs                 :                           0 
	   Memory (MB)          :      233     3000      3000 
	   TimeExecute (s)      :      136                    
	   TimeSlotBusy (s)     :      140                    

	Job terminated of its own accord at 2026-02-25T14:29:16Z with exit-code 1.
...
