000 (14737672.001.000) 02/25 20:32:36 Job submitted from host: <188.184.90.62:9618?addrs=188.184.90.62-9618+[2001-1458-201-e4--100-238]-9618&alias=bigbird16.cern.ch&noUDP&sock=schedd_5196_9a2f>
...
040 (14737672.001.000) 02/25 20:36:17 Started transferring input files
	Transferring to host: <188.185.211.172:9618?addrs=188.185.211.172-9618+[2001-1458-303-17--100-28]-9618&alias=b9p24p8652.cern.ch&noUDP&sock=slot1_6_7234_c1df_163206>
...
040 (14737672.001.000) 02/25 20:36:17 Finished transferring input files
...
001 (14737672.001.000) 02/25 20:36:18 Job executing on host: <188.185.211.172:9618?addrs=188.185.211.172-9618+[2001-1458-303-17--100-28]-9618&alias=b9p24p8652.cern.ch&noUDP&sock=startd_6330_6e95>
	SlotName: slot1_6@b9p24p8652.cern.ch
	CondorScratchDir = "/pool/condor/dir_652411"
	Cpus = 1
	Disk = 3792
	GPUs = 0
	Memory = 3000
...
006 (14737672.001.000) 02/25 20:36:32 Image size of job updated: 528484
	517  -  MemoryUsage of job (MB)
	528484  -  ResidentSetSize of job (KB)
...
006 (14737672.001.000) 02/25 20:37:47 Image size of job updated: 1330308
	517  -  MemoryUsage of job (MB)
	528616  -  ResidentSetSize of job (KB)
...
040 (14737672.001.000) 02/25 20:37:47 Started transferring output files
...
040 (14737672.001.000) 02/25 20:37:47 Finished transferring output files
...
005 (14737672.001.000) 02/25 20:37:47 Job terminated.
	(1) Normal termination (return value 0)
		Usr 0 00:02:56, Sys 0 00:00:07  -  Run Remote Usage
		Usr 0 00:00:00, Sys 0 00:00:00  -  Run Local Usage
		Usr 0 00:02:56, Sys 0 00:00:07  -  Total Remote Usage
		Usr 0 00:00:00, Sys 0 00:00:00  -  Total Local Usage
	12830  -  Run Bytes Sent By Job
	16817  -  Run Bytes Received By Job
	12830  -  Total Bytes Sent By Job
	16817  -  Total Bytes Received By Job
	Partitionable Resources :    Usage  Request Allocated 
	   Cpus                 :        0        1         1 
	   Disk (KB)            :       55       20      3792 
	   GPUs                 :                           0 
	   Memory (MB)          :      517     3000      3000 
	   TimeExecute (s)      :       89                    
	   TimeSlotBusy (s)     :       91                    

	Job terminated of its own accord at 2026-02-25T19:37:47Z with exit-code 0.
...
