000 (14737672.002.000) 02/25 20:32:36 Job submitted from host: <188.184.90.62:9618?addrs=188.184.90.62-9618+[2001-1458-201-e4--100-238]-9618&alias=bigbird16.cern.ch&noUDP&sock=schedd_5196_9a2f>
...
040 (14737672.002.000) 02/25 20:36:17 Started transferring input files
	Transferring to host: <188.185.204.171:9618?addrs=188.185.204.171-9618+[2001-1458-303-8--100-9f]-9618&alias=b9p02p3945.cern.ch&noUDP&sock=slot1_15_4627_e3d5_148349>
...
040 (14737672.002.000) 02/25 20:36:17 Finished transferring input files
...
001 (14737672.002.000) 02/25 20:36:18 Job executing on host: <188.185.204.171:9618?addrs=188.185.204.171-9618+[2001-1458-303-8--100-9f]-9618&alias=b9p02p3945.cern.ch&noUDP&sock=startd_3890_cb7f>
	SlotName: slot1_15@b9p02p3945.cern.ch
	CondorScratchDir = "/pool/condor/dir_2039121"
	Cpus = 1
	Disk = 3809
	GPUs = 0
	Memory = 3000
...
006 (14737672.002.000) 02/25 20:36:32 Image size of job updated: 532164
	520  -  MemoryUsage of job (MB)
	532164  -  ResidentSetSize of job (KB)
...
006 (14737672.002.000) 02/25 20:38:05 Image size of job updated: 992872
	521  -  MemoryUsage of job (MB)
	532556  -  ResidentSetSize of job (KB)
...
040 (14737672.002.000) 02/25 20:38:06 Started transferring output files
...
040 (14737672.002.000) 02/25 20:38:06 Finished transferring output files
...
005 (14737672.002.000) 02/25 20:38:06 Job terminated.
	(1) Normal termination (return value 0)
		Usr 0 00:02:37, Sys 0 00:00:06  -  Run Remote Usage
		Usr 0 00:00:00, Sys 0 00:00:00  -  Run Local Usage
		Usr 0 00:02:37, Sys 0 00:00:06  -  Total Remote Usage
		Usr 0 00:00:00, Sys 0 00:00:00  -  Total Local Usage
	12330  -  Run Bytes Sent By Job
	16817  -  Run Bytes Received By Job
	12330  -  Total Bytes Sent By Job
	16817  -  Total Bytes Received By Job
	Partitionable Resources :    Usage  Request Allocated 
	   Cpus                 :        0        1         1 
	   Disk (KB)            :       58       20      3809 
	   GPUs                 :                           0 
	   Memory (MB)          :      521     3000      3000 
	   TimeExecute (s)      :      107                    
	   TimeSlotBusy (s)     :      110                    

	Job terminated of its own accord at 2026-02-25T19:38:05Z with exit-code 0.
...
