000 (14752957.003.000) 02/26 16:23:22 Job submitted from host: <188.184.90.62:9618?addrs=188.184.90.62-9618+[2001-1458-201-e4--100-238]-9618&alias=bigbird16.cern.ch&noUDP&sock=schedd_5196_9a2f>
...
040 (14752957.003.000) 02/26 16:27:21 Started transferring input files
	Transferring to host: <188.185.206.176:9618?addrs=188.185.206.176-9618+[2001-1458-303-c--100-2d]-9618&alias=b9p06p2041.cern.ch&noUDP&sock=slot1_19_4350_b7ea_148243>
...
040 (14752957.003.000) 02/26 16:27:21 Finished transferring input files
...
001 (14752957.003.000) 02/26 16:27:22 Job executing on host: <188.185.206.176:9618?addrs=188.185.206.176-9618+[2001-1458-303-c--100-2d]-9618&alias=b9p06p2041.cern.ch&noUDP&sock=startd_3873_2263>
	SlotName: slot1_19@b9p06p2041.cern.ch
	CondorScratchDir = "/pool/condor/dir_3678"
	Cpus = 1
	Disk = 3773
	GPUs = 0
	Memory = 3000
...
006 (14752957.003.000) 02/26 16:27:35 Image size of job updated: 167884
	0  -  MemoryUsage of job (MB)
	0  -  ResidentSetSize of job (KB)
...
040 (14752957.003.000) 02/26 16:27:35 Started transferring output files
...
040 (14752957.003.000) 02/26 16:27:35 Finished transferring output files
...
005 (14752957.003.000) 02/26 16:27:36 Job terminated.
	(1) Normal termination (return value 1)
		Usr 0 00:00:03, Sys 0 00:00:01  -  Run Remote Usage
		Usr 0 00:00:00, Sys 0 00:00:00  -  Run Local Usage
		Usr 0 00:00:03, Sys 0 00:00:01  -  Total Remote Usage
		Usr 0 00:00:00, Sys 0 00:00:00  -  Total Local Usage
	10427  -  Run Bytes Sent By Job
	16813  -  Run Bytes Received By Job
	10427  -  Total Bytes Sent By Job
	16813  -  Total Bytes Received By Job
	Partitionable Resources :    Usage  Request Allocated 
	   Cpus                 :        0        1         1 
	   Disk (KB)            :       55       20      3773 
	   GPUs                 :                           0 
	   Memory (MB)          :        0     3000      3000 
	   TimeExecute (s)      :       13                    
	   TimeSlotBusy (s)     :       15                    

	Job terminated of its own accord at 2026-02-26T15:27:35Z with exit-code 1.
...
