000 (14737672.005.000) 02/25 20:32:36 Job submitted from host: <188.184.90.62:9618?addrs=188.184.90.62-9618+[2001-1458-201-e4--100-238]-9618&alias=bigbird16.cern.ch&noUDP&sock=schedd_5196_9a2f>
...
040 (14737672.005.000) 02/25 20:36:18 Started transferring input files
	Transferring to host: <188.185.212.208:9618?addrs=188.185.212.208-9618+[2001-1458-303-19--100-4c]-9618&alias=b9p26p3374.cern.ch&noUDP&sock=slot1_5_68516_785b_89751>
...
040 (14737672.005.000) 02/25 20:36:18 Finished transferring input files
...
001 (14737672.005.000) 02/25 20:36:19 Job executing on host: <188.185.212.208:9618?addrs=188.185.212.208-9618+[2001-1458-303-19--100-4c]-9618&alias=b9p26p3374.cern.ch&noUDP&sock=startd_68424_c04f>
	SlotName: slot1_5@b9p26p3374.cern.ch
	CondorScratchDir = "/pool/condor/dir_2558434"
	Cpus = 1
	Disk = 3818
	GPUs = 0
	Memory = 3000
...
006 (14737672.005.000) 02/25 20:36:34 Image size of job updated: 144132
	141  -  MemoryUsage of job (MB)
	144132  -  ResidentSetSize of job (KB)
...
006 (14737672.005.000) 02/25 20:40:11 Image size of job updated: 1797372
	142  -  MemoryUsage of job (MB)
	144948  -  ResidentSetSize of job (KB)
...
040 (14737672.005.000) 02/25 20:40:11 Started transferring output files
...
040 (14737672.005.000) 02/25 20:40:12 Finished transferring output files
...
005 (14737672.005.000) 02/25 20:40:12 Job terminated.
	(1) Normal termination (return value 1)
		Usr 0 00:04:19, Sys 0 00:00:09  -  Run Remote Usage
		Usr 0 00:00:00, Sys 0 00:00:00  -  Run Local Usage
		Usr 0 00:04:19, Sys 0 00:00:09  -  Total Remote Usage
		Usr 0 00:00:00, Sys 0 00:00:00  -  Total Local Usage
	19571  -  Run Bytes Sent By Job
	16817  -  Run Bytes Received By Job
	19571  -  Total Bytes Sent By Job
	16817  -  Total Bytes Received By Job
	Partitionable Resources :    Usage  Request Allocated 
	   Cpus                 :        0        1         1 
	   Disk (KB)            :       62       20      3818 
	   GPUs                 :                           0 
	   Memory (MB)          :      142     3000      3000 
	   TimeExecute (s)      :      232                    
	   TimeSlotBusy (s)     :      235                    

	Job terminated of its own accord at 2026-02-25T19:40:11Z with exit-code 1.
...
