000 (14722380.003.000) 02/25 15:24:05 Job submitted from host: <188.184.90.62:9618?addrs=188.184.90.62-9618+[2001-1458-201-e4--100-238]-9618&alias=bigbird16.cern.ch&noUDP&sock=schedd_5196_9a2f>
...
040 (14722380.003.000) 02/25 15:27:25 Started transferring input files
	Transferring to host: <188.185.212.139:9618?addrs=188.185.212.139-9618+[2001-1458-303-19--100-7]-9618&alias=b9p26p2376.cern.ch&noUDP&sock=slot1_42_5627_7afe_167339>
...
040 (14722380.003.000) 02/25 15:27:25 Finished transferring input files
...
001 (14722380.003.000) 02/25 15:27:26 Job executing on host: <188.185.212.139:9618?addrs=188.185.212.139-9618+[2001-1458-303-19--100-7]-9618&alias=b9p26p2376.cern.ch&noUDP&sock=startd_4620_83a2>
	SlotName: slot1_42@b9p26p2376.cern.ch
	CondorScratchDir = "/pool/condor/dir_3034494"
	Cpus = 1
	Disk = 3815
	GPUs = 0
	Memory = 3000
...
006 (14722380.003.000) 02/25 15:27:40 Image size of job updated: 520196
	509  -  MemoryUsage of job (MB)
	520196  -  ResidentSetSize of job (KB)
...
006 (14722380.003.000) 02/25 15:31:07 Image size of job updated: 2322192
	509  -  MemoryUsage of job (MB)
	520216  -  ResidentSetSize of job (KB)
...
040 (14722380.003.000) 02/25 15:31:07 Started transferring output files
...
040 (14722380.003.000) 02/25 15:31:08 Finished transferring output files
...
005 (14722380.003.000) 02/25 15:31:08 Job terminated.
	(1) Normal termination (return value 1)
		Usr 0 00:03:10, Sys 0 00:00:10  -  Run Remote Usage
		Usr 0 00:00:00, Sys 0 00:00:00  -  Run Local Usage
		Usr 0 00:03:10, Sys 0 00:00:10  -  Total Remote Usage
		Usr 0 00:00:00, Sys 0 00:00:00  -  Total Local Usage
	18138  -  Run Bytes Sent By Job
	16820  -  Run Bytes Received By Job
	18138  -  Total Bytes Sent By Job
	16820  -  Total Bytes Received By Job
	Partitionable Resources :    Usage  Request Allocated 
	   Cpus                 :     0.02        1         1 
	   Disk (KB)            :    61          20      3815 
	   GPUs                 :                           0 
	   Memory (MB)          :   509        3000      3000 
	   TimeExecute (s)      :   221                       
	   TimeSlotBusy (s)     :   223                       

	Job terminated of its own accord at 2026-02-25T14:31:07Z with exit-code 1.
...
