000 (14729952.000.000) 02/25 17:14:37 Job submitted from host: <188.184.90.62:9618?addrs=188.184.90.62-9618+[2001-1458-201-e4--100-238]-9618&alias=bigbird16.cern.ch&noUDP&sock=schedd_5196_9a2f>
...
040 (14729952.000.000) 02/25 17:18:30 Started transferring input files
	Transferring to host: <188.185.207.161:9618?addrs=188.185.207.161-9618+[2001-1458-303-e--100-1e]-9618&alias=b9p08p3056.cern.ch&noUDP&sock=slot1_15_6629_7ae7_144070>
...
040 (14729952.000.000) 02/25 17:18:30 Finished transferring input files
...
001 (14729952.000.000) 02/25 17:18:31 Job executing on host: <188.185.207.161:9618?addrs=188.185.207.161-9618+[2001-1458-303-e--100-1e]-9618&alias=b9p08p3056.cern.ch&noUDP&sock=startd_5647_f366>
	SlotName: slot1_15@b9p08p3056.cern.ch
	CondorScratchDir = "/pool/condor/dir_1956034"
	Cpus = 1
	Disk = 3488
	GPUs = 0
	Memory = 3000
...
006 (14729952.000.000) 02/25 17:18:45 Image size of job updated: 579568
	566  -  MemoryUsage of job (MB)
	579568  -  ResidentSetSize of job (KB)
...
006 (14729952.000.000) 02/25 17:23:37 Image size of job updated: 1652156
	567  -  MemoryUsage of job (MB)
	579768  -  ResidentSetSize of job (KB)
...
040 (14729952.000.000) 02/25 17:23:37 Started transferring output files
...
040 (14729952.000.000) 02/25 17:23:37 Finished transferring output files
...
005 (14729952.000.000) 02/25 17:23:38 Job terminated.
	(1) Normal termination (return value 1)
		Usr 0 00:02:29, Sys 0 00:00:06  -  Run Remote Usage
		Usr 0 00:00:00, Sys 0 00:00:00  -  Run Local Usage
		Usr 0 00:02:29, Sys 0 00:00:06  -  Total Remote Usage
		Usr 0 00:00:00, Sys 0 00:00:00  -  Total Local Usage
	18398  -  Run Bytes Sent By Job
	17201  -  Run Bytes Received By Job
	18398  -  Total Bytes Sent By Job
	17201  -  Total Bytes Received By Job
	Partitionable Resources :    Usage  Request Allocated 
	   Cpus                 :        0        1         1 
	   Disk (KB)            :       63       20      3488 
	   GPUs                 :                           0 
	   Memory (MB)          :      567     3000      3000 
	   TimeExecute (s)      :      306                    
	   TimeSlotBusy (s)     :      308                    

	Job terminated of its own accord at 2026-02-25T16:23:37Z with exit-code 1.
...
