000 (14737672.000.000) 02/25 20:32:36 Job submitted from host: <188.184.90.62:9618?addrs=188.184.90.62-9618+[2001-1458-201-e4--100-238]-9618&alias=bigbird16.cern.ch&noUDP&sock=schedd_5196_9a2f>
...
040 (14737672.000.000) 02/25 20:36:17 Started transferring input files
	Transferring to host: <188.185.204.154:9618?addrs=188.185.204.154-9618+[2001-1458-303-8--100-8e]-9618&alias=b9p02p9176.cern.ch&noUDP&sock=slot1_16_7069_7ff9_145434>
...
040 (14737672.000.000) 02/25 20:36:17 Finished transferring input files
...
001 (14737672.000.000) 02/25 20:36:18 Job executing on host: <188.185.204.154:9618?addrs=188.185.204.154-9618+[2001-1458-303-8--100-8e]-9618&alias=b9p02p9176.cern.ch&noUDP&sock=startd_6059_8c6b>
	SlotName: slot1_16@b9p02p9176.cern.ch
	CondorScratchDir = "/pool/condor/dir_1929199"
	Cpus = 1
	Disk = 3705
	GPUs = 0
	Memory = 3000
...
006 (14737672.000.000) 02/25 20:36:32 Image size of job updated: 598316
	585  -  MemoryUsage of job (MB)
	598316  -  ResidentSetSize of job (KB)
...
006 (14737672.000.000) 02/25 20:37:54 Image size of job updated: 1510652
	585  -  MemoryUsage of job (MB)
	598392  -  ResidentSetSize of job (KB)
...
040 (14737672.000.000) 02/25 20:37:54 Started transferring output files
...
040 (14737672.000.000) 02/25 20:37:54 Finished transferring output files
...
005 (14737672.000.000) 02/25 20:37:59 Job terminated.
	(1) Normal termination (return value 1)
		Usr 0 00:02:32, Sys 0 00:00:06  -  Run Remote Usage
		Usr 0 00:00:00, Sys 0 00:00:00  -  Run Local Usage
		Usr 0 00:02:32, Sys 0 00:00:06  -  Total Remote Usage
		Usr 0 00:00:00, Sys 0 00:00:00  -  Total Local Usage
	18204  -  Run Bytes Sent By Job
	16817  -  Run Bytes Received By Job
	18204  -  Total Bytes Sent By Job
	16817  -  Total Bytes Received By Job
	Partitionable Resources :    Usage  Request Allocated 
	   Cpus                 :     2.26        1         1 
	   Disk (KB)            :    63          20      3705 
	   GPUs                 :                           0 
	   Memory (MB)          :   585        3000      3000 
	   TimeExecute (s)      :    96                       
	   TimeSlotBusy (s)     :   102                       

	Job terminated of its own accord at 2026-02-25T19:37:54Z with exit-code 1.
...
