000 (14788602.000.000) 03/03 04:17:56 Job submitted from host: <188.184.90.62:9618?addrs=188.184.90.62-9618+[2001-1458-201-e4--100-238]-9618&alias=bigbird16.cern.ch&noUDP&sock=schedd_5196_9a2f>
...
040 (14788602.000.000) 03/03 04:18:37 Started transferring input files
	Transferring to host: <188.185.204.250:9618?addrs=188.185.204.250-9618+[2001-1458-303-8--100-77]-9618&alias=b9p02p6861.cern.ch&noUDP&sock=slot1_48_6790_eb4d_153170>
...
040 (14788602.000.000) 03/03 04:18:37 Finished transferring input files
...
001 (14788602.000.000) 03/03 04:18:38 Job executing on host: <188.185.204.250:9618?addrs=188.185.204.250-9618+[2001-1458-303-8--100-77]-9618&alias=b9p02p6861.cern.ch&noUDP&sock=startd_5948_6967>
	SlotName: slot1_48@b9p02p6861.cern.ch
	CondorScratchDir = "/pool/condor/dir_677730"
	Cpus = 1
	Disk = 3620
	GPUs = 0
	Memory = 3000
...
006 (14788602.000.000) 03/03 04:18:52 Image size of job updated: 532500
	521  -  MemoryUsage of job (MB)
	532500  -  ResidentSetSize of job (KB)
...
006 (14788602.000.000) 03/03 04:19:59 Image size of job updated: 591456
	521  -  MemoryUsage of job (MB)
	532584  -  ResidentSetSize of job (KB)
...
040 (14788602.000.000) 03/03 04:19:59 Started transferring output files
...
040 (14788602.000.000) 03/03 04:19:59 Finished transferring output files
...
005 (14788602.000.000) 03/03 04:19:59 Job terminated.
	(1) Normal termination (return value 1)
		Usr 0 00:00:22, Sys 0 00:00:03  -  Run Remote Usage
		Usr 0 00:00:00, Sys 0 00:00:00  -  Run Local Usage
		Usr 0 00:00:22, Sys 0 00:00:03  -  Total Remote Usage
		Usr 0 00:00:00, Sys 0 00:00:00  -  Total Local Usage
	10538  -  Run Bytes Sent By Job
	17135  -  Run Bytes Received By Job
	10538  -  Total Bytes Sent By Job
	17135  -  Total Bytes Received By Job
	Partitionable Resources :    Usage  Request Allocated 
	   Cpus                 :        0        1         1 
	   Disk (KB)            :       57       20      3620 
	   GPUs                 :                           0 
	   Memory (MB)          :      521     3000      3000 
	   TimeExecute (s)      :       81                    
	   TimeSlotBusy (s)     :       84                    

	Job terminated of its own accord at 2026-03-03T03:19:59Z with exit-code 1.
...
