000 (14788602.004.000) 03/03 04:17:56 Job submitted from host: <188.184.90.62:9618?addrs=188.184.90.62-9618+[2001-1458-201-e4--100-238]-9618&alias=bigbird16.cern.ch&noUDP&sock=schedd_5196_9a2f>
...
040 (14788602.004.000) 03/03 04:18:37 Started transferring input files
	Transferring to host: <128.142.192.191:9618?addrs=128.142.192.191-9618+[2001-1458-301-56--100-3b]-9618&alias=b9g18p8202.cern.ch&noUDP&sock=slot1_2_3482257_d37e_111332>
...
040 (14788602.004.000) 03/03 04:18:37 Finished transferring input files
...
001 (14788602.004.000) 03/03 04:18:38 Job executing on host: <128.142.192.191:9618?addrs=128.142.192.191-9618+[2001-1458-301-56--100-3b]-9618&alias=b9g18p8202.cern.ch&noUDP&sock=startd_2653_50d8>
	SlotName: slot1_2@b9g18p8202.cern.ch
	CondorScratchDir = "/pool/condor/dir_4110487"
	Cpus = 1
	Disk = 3794
	GPUs = 0
	Memory = 3000
...
006 (14788602.004.000) 03/03 04:18:52 Image size of job updated: 485204
	474  -  MemoryUsage of job (MB)
	485204  -  ResidentSetSize of job (KB)
...
006 (14788602.004.000) 03/03 04:23:53 Image size of job updated: 3695592
	3560  -  MemoryUsage of job (MB)
	3644720  -  ResidentSetSize of job (KB)
...
006 (14788602.004.000) 03/03 04:28:54 Image size of job updated: 4118316
	4014  -  MemoryUsage of job (MB)
	4110240  -  ResidentSetSize of job (KB)
...
006 (14788602.004.000) 03/03 04:31:45 Image size of job updated: 4262380
	4014  -  MemoryUsage of job (MB)
	4110240  -  ResidentSetSize of job (KB)
...
040 (14788602.004.000) 03/03 04:31:45 Started transferring output files
...
040 (14788602.004.000) 03/03 04:31:45 Finished transferring output files
...
005 (14788602.004.000) 03/03 04:31:45 Job terminated.
	(1) Normal termination (return value 1)
		Usr 0 00:25:30, Sys 0 00:00:40  -  Run Remote Usage
		Usr 0 00:00:00, Sys 0 00:00:00  -  Run Local Usage
		Usr 0 00:25:30, Sys 0 00:00:40  -  Total Remote Usage
		Usr 0 00:00:00, Sys 0 00:00:00  -  Total Local Usage
	28357  -  Run Bytes Sent By Job
	17135  -  Run Bytes Received By Job
	28357  -  Total Bytes Sent By Job
	17135  -  Total Bytes Received By Job
	Partitionable Resources :    Usage  Request Allocated 
	   Cpus                 :     0.97        1         1 
	   Disk (KB)            :    70          20      3794 
	   GPUs                 :                           0 
	   Memory (MB)          :  4014        3000      3000 
	   TimeExecute (s)      :   787                       
	   TimeSlotBusy (s)     :   789                       

	Job terminated of its own accord at 2026-03-03T03:31:45Z with exit-code 1.
...
