000 (14788602.002.000) 03/03 04:17:56 Job submitted from host: <188.184.90.62:9618?addrs=188.184.90.62-9618+[2001-1458-201-e4--100-238]-9618&alias=bigbird16.cern.ch&noUDP&sock=schedd_5196_9a2f>
...
040 (14788602.002.000) 03/03 04:18:37 Started transferring input files
	Transferring to host: <188.185.204.169:9618?addrs=188.185.204.169-9618+[2001-1458-303-8--100-9d]-9618&alias=b9p02p9794.cern.ch&noUDP&sock=slot1_29_525961_dae5_144338>
...
040 (14788602.002.000) 03/03 04:18:37 Finished transferring input files
...
001 (14788602.002.000) 03/03 04:18:38 Job executing on host: <188.185.204.169:9618?addrs=188.185.204.169-9618+[2001-1458-303-8--100-9d]-9618&alias=b9p02p9794.cern.ch&noUDP&sock=startd_7226_0371>
	SlotName: slot1_29@b9p02p9794.cern.ch
	CondorScratchDir = "/pool/condor/dir_3962587"
	Cpus = 1
	Disk = 3737
	GPUs = 0
	Memory = 3000
...
006 (14788602.002.000) 03/03 04:18:52 Image size of job updated: 520792
	509  -  MemoryUsage of job (MB)
	520792  -  ResidentSetSize of job (KB)
...
006 (14788602.002.000) 03/03 04:19:51 Image size of job updated: 631816
	509  -  MemoryUsage of job (MB)
	520792  -  ResidentSetSize of job (KB)
...
040 (14788602.002.000) 03/03 04:19:51 Started transferring output files
...
040 (14788602.002.000) 03/03 04:19:51 Finished transferring output files
...
005 (14788602.002.000) 03/03 04:19:51 Job terminated.
	(1) Normal termination (return value 1)
		Usr 0 00:00:30, Sys 0 00:00:03  -  Run Remote Usage
		Usr 0 00:00:00, Sys 0 00:00:00  -  Run Local Usage
		Usr 0 00:00:30, Sys 0 00:00:03  -  Total Remote Usage
		Usr 0 00:00:00, Sys 0 00:00:00  -  Total Local Usage
	10469  -  Run Bytes Sent By Job
	17135  -  Run Bytes Received By Job
	10469  -  Total Bytes Sent By Job
	17135  -  Total Bytes Received By Job
	Partitionable Resources :    Usage  Request Allocated 
	   Cpus                 :     0.07        1         1 
	   Disk (KB)            :    56          20      3737 
	   GPUs                 :                           0 
	   Memory (MB)          :   509        3000      3000 
	   TimeExecute (s)      :    73                       
	   TimeSlotBusy (s)     :    75                       

	Job terminated of its own accord at 2026-03-03T03:19:51Z with exit-code 1.
...
