000 (14788602.006.000) 03/03 04:17:56 Job submitted from host: <188.184.90.62:9618?addrs=188.184.90.62-9618+[2001-1458-201-e4--100-238]-9618&alias=bigbird16.cern.ch&noUDP&sock=schedd_5196_9a2f>
...
040 (14788602.006.000) 03/03 04:18:38 Started transferring input files
	Transferring to host: <188.185.211.81:9618?addrs=188.185.211.81-9618+[2001-1458-303-16--100-4d]-9618&alias=b9p23p2815.cern.ch&noUDP&sock=slot1_28_7089_9779_180403>
...
040 (14788602.006.000) 03/03 04:18:38 Finished transferring input files
...
001 (14788602.006.000) 03/03 04:18:39 Job executing on host: <188.185.211.81:9618?addrs=188.185.211.81-9618+[2001-1458-303-16--100-4d]-9618&alias=b9p23p2815.cern.ch&noUDP&sock=startd_6296_1c5d>
	SlotName: slot1_28@b9p23p2815.cern.ch
	CondorScratchDir = "/pool/condor/dir_1619335"
	Cpus = 1
	Disk = 3813
	GPUs = 0
	Memory = 3000
...
006 (14788602.006.000) 03/03 04:18:53 Image size of job updated: 509456
	498  -  MemoryUsage of job (MB)
	509456  -  ResidentSetSize of job (KB)
...
006 (14788602.006.000) 03/03 04:20:00 Image size of job updated: 649304
	498  -  MemoryUsage of job (MB)
	509456  -  ResidentSetSize of job (KB)
...
040 (14788602.006.000) 03/03 04:20:01 Started transferring output files
...
040 (14788602.006.000) 03/03 04:20:01 Finished transferring output files
...
005 (14788602.006.000) 03/03 04:20:01 Job terminated.
	(1) Normal termination (return value 1)
		Usr 0 00:00:22, Sys 0 00:00:02  -  Run Remote Usage
		Usr 0 00:00:00, Sys 0 00:00:00  -  Run Local Usage
		Usr 0 00:00:22, Sys 0 00:00:02  -  Total Remote Usage
		Usr 0 00:00:00, Sys 0 00:00:00  -  Total Local Usage
	10270  -  Run Bytes Sent By Job
	17135  -  Run Bytes Received By Job
	10270  -  Total Bytes Sent By Job
	17135  -  Total Bytes Received By Job
	Partitionable Resources :    Usage  Request Allocated 
	   Cpus                 :        0        1         1 
	   Disk (KB)            :       53       20      3813 
	   GPUs                 :                           0 
	   Memory (MB)          :      498     3000      3000 
	   TimeExecute (s)      :       81                    
	   TimeSlotBusy (s)     :       84                    

	Job terminated of its own accord at 2026-03-03T03:20:00Z with exit-code 1.
...
