000 (14788602.005.000) 03/03 04:17:56 Job submitted from host: <188.184.90.62:9618?addrs=188.184.90.62-9618+[2001-1458-201-e4--100-238]-9618&alias=bigbird16.cern.ch&noUDP&sock=schedd_5196_9a2f>
...
040 (14788602.005.000) 03/03 04:18:38 Started transferring input files
	Transferring to host: <188.185.209.218:9618?addrs=188.185.209.218-9618+[2001-1458-303-12--100-57]-9618&alias=b9p12p0668.cern.ch&noUDP&sock=slot1_27_3974007_2fdb_54403>
...
040 (14788602.005.000) 03/03 04:18:38 Finished transferring input files
...
001 (14788602.005.000) 03/03 04:18:39 Job executing on host: <188.185.209.218:9618?addrs=188.185.209.218-9618+[2001-1458-303-12--100-57]-9618&alias=b9p12p0668.cern.ch&noUDP&sock=startd_7136_47ea>
	SlotName: slot1_27@b9p12p0668.cern.ch
	CondorScratchDir = "/pool/condor/dir_3315929"
	Cpus = 1
	Disk = 3736
	GPUs = 0
	Memory = 3000
...
006 (14788602.005.000) 03/03 04:18:53 Image size of job updated: 575684
	563  -  MemoryUsage of job (MB)
	575684  -  ResidentSetSize of job (KB)
...
006 (14788602.005.000) 03/03 04:23:54 Image size of job updated: 4170356
	3973  -  MemoryUsage of job (MB)
	4068192  -  ResidentSetSize of job (KB)
...
006 (14788602.005.000) 03/03 04:24:36 Image size of job updated: 4278000
	3973  -  MemoryUsage of job (MB)
	4068192  -  ResidentSetSize of job (KB)
...
040 (14788602.005.000) 03/03 04:24:36 Started transferring output files
...
040 (14788602.005.000) 03/03 04:24:36 Finished transferring output files
...
005 (14788602.005.000) 03/03 04:24:37 Job terminated.
	(1) Normal termination (return value 1)
		Usr 0 00:09:34, Sys 0 00:00:20  -  Run Remote Usage
		Usr 0 00:00:00, Sys 0 00:00:00  -  Run Local Usage
		Usr 0 00:09:34, Sys 0 00:00:20  -  Total Remote Usage
		Usr 0 00:00:00, Sys 0 00:00:00  -  Total Local Usage
	23394  -  Run Bytes Sent By Job
	17135  -  Run Bytes Received By Job
	23394  -  Total Bytes Sent By Job
	17135  -  Total Bytes Received By Job
	Partitionable Resources :    Usage  Request Allocated 
	   Cpus                 :     1.36        1         1 
	   Disk (KB)            :    68          20      3736 
	   GPUs                 :                           0 
	   Memory (MB)          :  3973        3000      3000 
	   TimeExecute (s)      :   357                       
	   TimeSlotBusy (s)     :   360                       

	Job terminated of its own accord at 2026-03-03T03:24:36Z with exit-code 1.
...
