000 (14793319.001.000) 03/05 15:53:19 Job submitted from host: <188.184.90.62:9618?addrs=188.184.90.62-9618+[2001-1458-201-e4--100-238]-9618&alias=bigbird16.cern.ch&noUDP&sock=schedd_5196_9a2f>
...
040 (14793319.001.000) 03/05 16:27:13 Started transferring input files
	Transferring to host: <188.185.195.25:9618?addrs=188.185.195.25-9618+[2001-1458-303-22--100-15]-9618&alias=b9p17p0523.cern.ch&noUDP&sock=slot1_46_4837_da9e_164983>
...
040 (14793319.001.000) 03/05 16:27:13 Finished transferring input files
...
001 (14793319.001.000) 03/05 16:27:15 Job executing on host: <188.185.195.25:9618?addrs=188.185.195.25-9618+[2001-1458-303-22--100-15]-9618&alias=b9p17p0523.cern.ch&noUDP&sock=startd_3763_aef8>
	SlotName: slot1_46@b9p17p0523.cern.ch
	CondorScratchDir = "/pool/condor/dir_1371442"
	Cpus = 1
	Disk = 3930
	GPUs = 0
	Memory = 3000
...
006 (14793319.001.000) 03/05 16:27:28 Image size of job updated: 176472
	173  -  MemoryUsage of job (MB)
	176472  -  ResidentSetSize of job (KB)
...
006 (14793319.001.000) 03/05 16:30:52 Image size of job updated: 2018136
	173  -  MemoryUsage of job (MB)
	176724  -  ResidentSetSize of job (KB)
...
040 (14793319.001.000) 03/05 16:30:52 Started transferring output files
...
040 (14793319.001.000) 03/05 16:30:52 Finished transferring output files
...
005 (14793319.001.000) 03/05 16:30:53 Job terminated.
	(1) Normal termination (return value 1)
		Usr 0 00:04:37, Sys 0 00:00:07  -  Run Remote Usage
		Usr 0 00:00:00, Sys 0 00:00:00  -  Run Local Usage
		Usr 0 00:04:37, Sys 0 00:00:07  -  Total Remote Usage
		Usr 0 00:00:00, Sys 0 00:00:00  -  Total Local Usage
	16589  -  Run Bytes Sent By Job
	7612  -  Run Bytes Received By Job
	16589  -  Total Bytes Sent By Job
	7612  -  Total Bytes Received By Job
	Partitionable Resources :    Usage  Request Allocated 
	   Cpus                 :     0.16        1         1 
	   Disk (KB)            :    50          10      3930 
	   GPUs                 :                           0 
	   Memory (MB)          :   173        3000      3000 
	   TimeExecute (s)      :   217                       
	   TimeSlotBusy (s)     :   221                       

	Job terminated of its own accord at 2026-03-05T15:30:52Z with exit-code 1.
...
