000 (14793319.000.000) 03/05 15:53:19 Job submitted from host: <188.184.90.62:9618?addrs=188.184.90.62-9618+[2001-1458-201-e4--100-238]-9618&alias=bigbird16.cern.ch&noUDP&sock=schedd_5196_9a2f>
...
040 (14793319.000.000) 03/05 16:27:13 Started transferring input files
	Transferring to host: <128.142.161.137:9618?addrs=128.142.161.137-9618+[2001-1458-301-b9--100-6]-9618&alias=b9g03p1001.cern.ch&noUDP&sock=slot1_13_5472_44d8_95492>
...
040 (14793319.000.000) 03/05 16:27:13 Finished transferring input files
...
001 (14793319.000.000) 03/05 16:27:15 Job executing on host: <128.142.161.137:9618?addrs=128.142.161.137-9618+[2001-1458-301-b9--100-6]-9618&alias=b9g03p1001.cern.ch&noUDP&sock=startd_4903_a0f0>
	SlotName: slot1_13@b9g03p1001.cern.ch
	CondorScratchDir = "/pool/condor/dir_1528697"
	Cpus = 1
	Disk = 3982
	GPUs = 0
	Memory = 3000
...
006 (14793319.000.000) 03/05 16:27:28 Image size of job updated: 173800
	170  -  MemoryUsage of job (MB)
	173800  -  ResidentSetSize of job (KB)
...
006 (14793319.000.000) 03/05 16:30:16 Image size of job updated: 2676020
	170  -  MemoryUsage of job (MB)
	173860  -  ResidentSetSize of job (KB)
...
040 (14793319.000.000) 03/05 16:30:17 Started transferring output files
...
040 (14793319.000.000) 03/05 16:30:18 Finished transferring output files
...
005 (14793319.000.000) 03/05 16:30:20 Job terminated.
	(1) Normal termination (return value 1)
		Usr 0 00:04:38, Sys 0 00:00:09  -  Run Remote Usage
		Usr 0 00:00:00, Sys 0 00:00:00  -  Run Local Usage
		Usr 0 00:04:38, Sys 0 00:00:09  -  Total Remote Usage
		Usr 0 00:00:00, Sys 0 00:00:00  -  Total Local Usage
	17670  -  Run Bytes Sent By Job
	7612  -  Run Bytes Received By Job
	17670  -  Total Bytes Sent By Job
	7612  -  Total Bytes Received By Job
	Partitionable Resources :    Usage  Request Allocated 
	   Cpus                 :        0        1         1 
	   Disk (KB)            :       50       10      3982 
	   GPUs                 :                           0 
	   Memory (MB)          :      170     3000      3000 
	   TimeExecute (s)      :      182                    
	   TimeSlotBusy (s)     :      186                    

	Job terminated of its own accord at 2026-03-05T15:30:16Z with exit-code 1.
...
