000 (14793319.002.000) 03/05 15:53:19 Job submitted from host: <188.184.90.62:9618?addrs=188.184.90.62-9618+[2001-1458-201-e4--100-238]-9618&alias=bigbird16.cern.ch&noUDP&sock=schedd_5196_9a2f>
...
040 (14793319.002.000) 03/05 16:27:13 Started transferring input files
	Transferring to host: <188.185.212.31:9618?addrs=188.185.212.31-9618+[2001-1458-303-18--100-1b]-9618&alias=b9p25p2573.cern.ch&noUDP&sock=slot1_22_4901_f2a0_175879>
...
040 (14793319.002.000) 03/05 16:27:14 Finished transferring input files
...
001 (14793319.002.000) 03/05 16:27:15 Job executing on host: <188.185.212.31:9618?addrs=188.185.212.31-9618+[2001-1458-303-18--100-1b]-9618&alias=b9p25p2573.cern.ch&noUDP&sock=startd_3989_b360>
	SlotName: slot1_22@b9p25p2573.cern.ch
	CondorScratchDir = "/pool/condor/dir_3507321"
	Cpus = 1
	Disk = 3863
	GPUs = 0
	Memory = 3000
...
006 (14793319.002.000) 03/05 16:27:28 Image size of job updated: 215364
	211  -  MemoryUsage of job (MB)
	215364  -  ResidentSetSize of job (KB)
...
006 (14793319.002.000) 03/05 16:30:09 Image size of job updated: 2664168
	211  -  MemoryUsage of job (MB)
	215364  -  ResidentSetSize of job (KB)
...
040 (14793319.002.000) 03/05 16:30:10 Started transferring output files
...
040 (14793319.002.000) 03/05 16:30:13 Finished transferring output files
...
005 (14793319.002.000) 03/05 16:30:18 Job terminated.
	(1) Normal termination (return value 1)
		Usr 0 00:04:01, Sys 0 00:00:10  -  Run Remote Usage
		Usr 0 00:00:00, Sys 0 00:00:00  -  Run Local Usage
		Usr 0 00:04:01, Sys 0 00:00:10  -  Total Remote Usage
		Usr 0 00:00:00, Sys 0 00:00:00  -  Total Local Usage
	18111  -  Run Bytes Sent By Job
	7612  -  Run Bytes Received By Job
	18111  -  Total Bytes Sent By Job
	7612  -  Total Bytes Received By Job
	Partitionable Resources :    Usage  Request Allocated 
	   Cpus                 :        0        1         1 
	   Disk (KB)            :       51       10      3863 
	   GPUs                 :                           0 
	   Memory (MB)          :      211     3000      3000 
	   TimeExecute (s)      :      174                    
	   TimeSlotBusy (s)     :      184                    

	Job terminated of its own accord at 2026-03-05T15:30:09Z with exit-code 1.
...
