000 (14793325.004.000) 03/05 15:53:25 Job submitted from host: <188.184.90.62:9618?addrs=188.184.90.62-9618+[2001-1458-201-e4--100-238]-9618&alias=bigbird16.cern.ch&noUDP&sock=schedd_5196_9a2f>
...
040 (14793325.004.000) 03/05 16:27:22 Started transferring input files
	Transferring to host: <188.185.214.55:9618?addrs=188.185.214.55-9618+[2001-1458-303-1c--100-33]-9618&alias=b9p29p7002.cern.ch&noUDP&sock=slot1_29_773441_e735_98043>
...
040 (14793325.004.000) 03/05 16:27:22 Finished transferring input files
...
001 (14793325.004.000) 03/05 16:27:24 Job executing on host: <188.185.214.55:9618?addrs=188.185.214.55-9618+[2001-1458-303-1c--100-33]-9618&alias=b9p29p7002.cern.ch&noUDP&sock=startd_4917_3b43>
	SlotName: slot1_29@b9p29p7002.cern.ch
	CondorScratchDir = "/pool/condor/dir_2726002"
	Cpus = 1
	Disk = 3861
	GPUs = 0
	Memory = 3000
...
006 (14793325.004.000) 03/05 16:27:38 Image size of job updated: 320148
	313  -  MemoryUsage of job (MB)
	320148  -  ResidentSetSize of job (KB)
...
006 (14793325.004.000) 03/05 16:32:39 Image size of job updated: 4310324
	4210  -  MemoryUsage of job (MB)
	4310324  -  ResidentSetSize of job (KB)
...
006 (14793325.004.000) 03/05 16:37:40 Image size of job updated: 4828280
	4470  -  MemoryUsage of job (MB)
	4576768  -  ResidentSetSize of job (KB)
...
006 (14793325.004.000) 03/05 16:38:19 Image size of job updated: 4828280
	4470  -  MemoryUsage of job (MB)
	4576812  -  ResidentSetSize of job (KB)
...
040 (14793325.004.000) 03/05 16:38:19 Started transferring output files
...
040 (14793325.004.000) 03/05 16:38:19 Finished transferring output files
...
005 (14793325.004.000) 03/05 16:38:19 Job terminated.
	(1) Normal termination (return value 1)
		Usr 0 00:17:30, Sys 0 00:00:40  -  Run Remote Usage
		Usr 0 00:00:00, Sys 0 00:00:00  -  Run Local Usage
		Usr 0 00:17:30, Sys 0 00:00:40  -  Total Remote Usage
		Usr 0 00:00:00, Sys 0 00:00:00  -  Total Local Usage
	33155  -  Run Bytes Sent By Job
	30489  -  Run Bytes Received By Job
	33155  -  Total Bytes Sent By Job
	30489  -  Total Bytes Received By Job
	Partitionable Resources :    Usage  Request Allocated 
	   Cpus                 :     2.56        1         1 
	   Disk (KB)            :    88          32      3861 
	   GPUs                 :                           0 
	   Memory (MB)          :  4470        3000      3000 
	   TimeExecute (s)      :   656                       
	   TimeSlotBusy (s)     :   658                       

	Job terminated of its own accord at 2026-03-05T15:38:19Z with exit-code 1.
...
