subject   : /DC=ch/DC=cern/OU=Organic Units/OU=Users/CN=driosper/CN=886669/CN=Diego Alejandro Rios Perez/CN=2603696693
issuer    : /DC=ch/DC=cern/OU=Organic Units/OU=Users/CN=driosper/CN=886669/CN=Diego Alejandro Rios Perez
identity  : /DC=ch/DC=cern/OU=Organic Units/OU=Users/CN=driosper/CN=886669/CN=Diego Alejandro Rios Perez
type      : RFC compliant proxy
strength  : 2048 bits
path      : /afs/cern.ch/user/d/driosper/private/x509up_u182284
timeleft  : 10:08:12
key usage : Digital Signature, Key Encipherment
=== VO cms extension information ===
VO        : cms
subject   : /DC=ch/DC=cern/OU=Organic Units/OU=Users/CN=driosper/CN=886669/CN=Diego Alejandro Rios Perez
issuer    : /DC=ch/DC=cern/OU=computers/CN=cms-auth.cern.ch
attribute : /cms/Role=NULL/Capability=NULL
timeleft  : 10:08:12
uri       : voms-cms-auth.cern.ch:15000
--workflow qcd_tf_mu --year 2022preEE --output_path /eos/user/d/driosper/bsm3g_coffea/outputs/qcd_tf_mu/2022preEE/TTtoLNu2Q --output_format coffea --dataset TTtoLNu2Q_13 --partition_json /srv/partition_fileset.json
  Preprocessing 100% ━━━━━━━━━━━━━━━━━━ 9/9 [ 0:00:14 < 0:00:00 | 0.7   file/s ]
Merging (local) 100% ━━━━━━━━━━━━━━━━━━ 9/9 [ 0:00:14 < 0:00:00 | ?   merges/s ]
     Processing   2%                     1/51 [ 0:00:49 < -:--:-- | ?  chunk/s ]
Merging (local)   0% ━━━━━━━━━━━━━━━━━━━  0/0 [ 0:00:02 < 0:00:00 | ? merges/s ]
There are 44232 events with muon pt outside of [26,200] GeV. Setting those entries to their initial value.
There are 44235 events with muon pt outside of [26,200] GeV. Setting those entries to their initial value.
There are 192 nan entries in the corrected pt. This might be due to the number of tracker layers hitting boundaries. Setting those entries to their initial value.
There are 44340 events with muon pt outside of [26,200] GeV. Setting those entries to their initial value.
There are 44345 events with muon pt outside of [26,200] GeV. Setting those entries to their initial value.
There are 171 nan entries in the corrected pt. This might be due to the number of tracker layers hitting boundaries. Setting those entries to their initial value.
There are 47059 events with muon pt outside of [26,200] GeV. Setting those entries to their initial value.
There are 47062 events with muon pt outside of [26,200] GeV. Setting those entries to their initial value.
There are 175 nan entries in the corrected pt. This might be due to the number of tracker layers hitting boundaries. Setting those entries to their initial value.
There are 47005 events with muon pt outside of [26,200] GeV. Setting those entries to their initial value.
There are 47008 events with muon pt outside of [26,200] GeV. Setting those entries to their initial value.
There are 188 nan entries in the corrected pt. This might be due to the number of tracker layers hitting boundaries. Setting those entries to their initial value.
There are 46880 events with muon pt outside of [26,200] GeV. Setting those entries to their initial value.
There are 46881 events with muon pt outside of [26,200] GeV. Setting those entries to their initial value.
There are 187 nan entries in the corrected pt. This might be due to the number of tracker layers hitting boundaries. Setting those entries to their initial value.
There are 41998 events with muon pt outside of [26,200] GeV. Setting those entries to their initial value.
There are 41998 events with muon pt outside of [26,200] GeV. Setting those entries to their initial value.
There are 162 nan entries in the corrected pt. This might be due to the number of tracker layers hitting boundaries. Setting those entries to their initial value.
There are 47372 events with muon pt outside of [26,200] GeV. Setting those entries to their initial value.
There are 47374 events with muon pt outside of [26,200] GeV. Setting those entries to their initial value.
There are 199 nan entries in the corrected pt. This might be due to the number of tracker layers hitting boundaries. Setting those entries to their initial value.
There are 47387 events with muon pt outside of [26,200] GeV. Setting those entries to their initial value.
There are 47388 events with muon pt outside of [26,200] GeV. Setting those entries to their initial value.
There are 189 nan entries in the corrected pt. This might be due to the number of tracker layers hitting boundaries. Setting those entries to their initial value.
There are 47192 events with muon pt outside of [26,200] GeV. Setting those entries to their initial value.
There are 47197 events with muon pt outside of [26,200] GeV. Setting those entries to their initial value.
There are 207 nan entries in the corrected pt. This might be due to the number of tracker layers hitting boundaries. Setting those entries to their initial value.
There are 42617 events with muon pt outside of [26,200] GeV. Setting those entries to their initial value.
There are 42620 events with muon pt outside of [26,200] GeV. Setting those entries to their initial value.
There are 161 nan entries in the corrected pt. This might be due to the number of tracker layers hitting boundaries. Setting those entries to their initial value.
There are 45318 events with muon pt outside of [26,200] GeV. Setting those entries to their initial value.
There are 45321 events with muon pt outside of [26,200] GeV. Setting those entries to their initial value.
There are 173 nan entries in the corrected pt. This might be due to the number of tracker layers hitting boundaries. Setting those entries to their initial value.
There are 45005 events with muon pt outside of [26,200] GeV. Setting those entries to their initial value.
There are 45008 events with muon pt outside of [26,200] GeV. Setting those entries to their initial value.
There are 178 nan entries in the corrected pt. This might be due to the number of tracker layers hitting boundaries. Setting those entries to their initial value.
There are 44993 events with muon pt outside of [26,200] GeV. Setting those entries to their initial value.
There are 44993 events with muon pt outside of [26,200] GeV. Setting those entries to their initial value.
There are 166 nan entries in the corrected pt. This might be due to the number of tracker layers hitting boundaries. Setting those entries to their initial value.
There are 44409 events with muon pt outside of [26,200] GeV. Setting those entries to their initial value.
There are 44411 events with muon pt outside of [26,200] GeV. Setting those entries to their initial value.
There are 190 nan entries in the corrected pt. This might be due to the number of tracker layers hitting boundaries. Setting those entries to their initial value.
There are 44131 events with muon pt outside of [26,200] GeV. Setting those entries to their initial value.
There are 44133 events with muon pt outside of [26,200] GeV. Setting those entries to their initial value.
There are 190 nan entries in the corrected pt. This might be due to the number of tracker layers hitting boundaries. Setting those entries to their initial value.
There are 44149 events with muon pt outside of [26,200] GeV. Setting those entries to their initial value.
There are 44149 events with muon pt outside of [26,200] GeV. Setting those entries to their initial value.
There are 170 nan entries in the corrected pt. This might be due to the number of tracker layers hitting boundaries. Setting those entries to their initial value.
There are 47243 events with muon pt outside of [26,200] GeV. Setting those entries to their initial value.
There are 47247 events with muon pt outside of [26,200] GeV. Setting those entries to their initial value.
There are 187 nan entries in the corrected pt. This might be due to the number of tracker layers hitting boundaries. Setting those entries to their initial value.
There are 42230 events with muon pt outside of [26,200] GeV. Setting those entries to their initial value.
There are 42233 events with muon pt outside of [26,200] GeV. Setting those entries to their initial value.
There are 174 nan entries in the corrected pt. This might be due to the number of tracker layers hitting boundaries. Setting those entries to their initial value.
There are 41793 events with muon pt outside of [26,200] GeV. Setting those entries to their initial value.
There are 41796 events with muon pt outside of [26,200] GeV. Setting those entries to their initial value.
There are 182 nan entries in the corrected pt. This might be due to the number of tracker layers hitting boundaries. Setting those entries to their initial value.
There are 46943 events with muon pt outside of [26,200] GeV. Setting those entries to their initial value.
There are 46948 events with muon pt outside of [26,200] GeV. Setting those entries to their initial value.
There are 186 nan entries in the corrected pt. This might be due to the number of tracker layers hitting boundaries. Setting those entries to their initial value.
There are 42535 events with muon pt outside of [26,200] GeV. Setting those entries to their initial value.
There are 42537 events with muon pt outside of [26,200] GeV. Setting those entries to their initial value.
There are 169 nan entries in the corrected pt. This might be due to the number of tracker layers hitting boundaries. Setting those entries to their initial value.
There are 42352 events with muon pt outside of [26,200] GeV. Setting those entries to their initial value.
There are 42356 events with muon pt outside of [26,200] GeV. Setting those entries to their initial value.
There are 182 nan entries in the corrected pt. This might be due to the number of tracker layers hitting boundaries. Setting those entries to their initial value.
There are 45260 events with muon pt outside of [26,200] GeV. Setting those entries to their initial value.
There are 45264 events with muon pt outside of [26,200] GeV. Setting those entries to their initial value.
There are 176 nan entries in the corrected pt. This might be due to the number of tracker layers hitting boundaries. Setting those entries to their initial value.
There are 45307 events with muon pt outside of [26,200] GeV. Setting those entries to their initial value.
There are 45307 events with muon pt outside of [26,200] GeV. Setting those entries to their initial value.
There are 195 nan entries in the corrected pt. This might be due to the number of tracker layers hitting boundaries. Setting those entries to their initial value.
There are 45249 events with muon pt outside of [26,200] GeV. Setting those entries to their initial value.
There are 45253 events with muon pt outside of [26,200] GeV. Setting those entries to their initial value.
There are 215 nan entries in the corrected pt. This might be due to the number of tracker layers hitting boundaries. Setting those entries to their initial value.
There are 45161 events with muon pt outside of [26,200] GeV. Setting those entries to their initial value.
There are 45164 events with muon pt outside of [26,200] GeV. Setting those entries to their initial value.
There are 188 nan entries in the corrected pt. This might be due to the number of tracker layers hitting boundaries. Setting those entries to their initial value.
There are 44471 events with muon pt outside of [26,200] GeV. Setting those entries to their initial value.
There are 44472 events with muon pt outside of [26,200] GeV. Setting those entries to their initial value.
There are 179 nan entries in the corrected pt. This might be due to the number of tracker layers hitting boundaries. Setting those entries to their initial value.
There are 44405 events with muon pt outside of [26,200] GeV. Setting those entries to their initial value.
There are 44410 events with muon pt outside of [26,200] GeV. Setting those entries to their initial value.
There are 185 nan entries in the corrected pt. This might be due to the number of tracker layers hitting boundaries. Setting those entries to their initial value.
There are 44108 events with muon pt outside of [26,200] GeV. Setting those entries to their initial value.
There are 44109 events with muon pt outside of [26,200] GeV. Setting those entries to their initial value.
There are 169 nan entries in the corrected pt. This might be due to the number of tracker layers hitting boundaries. Setting those entries to their initial value.
There are 47186 events with muon pt outside of [26,200] GeV. Setting those entries to their initial value.
There are 47186 events with muon pt outside of [26,200] GeV. Setting those entries to their initial value.
There are 188 nan entries in the corrected pt. This might be due to the number of tracker layers hitting boundaries. Setting those entries to their initial value.
There are 42342 events with muon pt outside of [26,200] GeV. Setting those entries to their initial value.
There are 42345 events with muon pt outside of [26,200] GeV. Setting those entries to their initial value.
There are 158 nan entries in the corrected pt. This might be due to the number of tracker layers hitting boundaries. Setting those entries to their initial value.
There are 41983 events with muon pt outside of [26,200] GeV. Setting those entries to their initial value.
There are 41984 events with muon pt outside of [26,200] GeV. Setting those entries to their initial value.
There are 153 nan entries in the corrected pt. This might be due to the number of tracker layers hitting boundaries. Setting those entries to their initial value.
There are 47374 events with muon pt outside of [26,200] GeV. Setting those entries to their initial value.
There are 47376 events with muon pt outside of [26,200] GeV. Setting those entries to their initial value.
There are 162 nan entries in the corrected pt. This might be due to the number of tracker layers hitting boundaries. Setting those entries to their initial value.
There are 42554 events with muon pt outside of [26,200] GeV. Setting those entries to their initial value.
There are 42554 events with muon pt outside of [26,200] GeV. Setting those entries to their initial value.
There are 201 nan entries in the corrected pt. This might be due to the number of tracker layers hitting boundaries. Setting those entries to their initial value.
There are 45284 events with muon pt outside of [26,200] GeV. Setting those entries to their initial value.
There are 45290 events with muon pt outside of [26,200] GeV. Setting those entries to their initial value.
There are 191 nan entries in the corrected pt. This might be due to the number of tracker layers hitting boundaries. Setting those entries to their initial value.
There are 45011 events with muon pt outside of [26,200] GeV. Setting those entries to their initial value.
There are 45013 events with muon pt outside of [26,200] GeV. Setting those entries to their initial value.
There are 197 nan entries in the corrected pt. This might be due to the number of tracker layers hitting boundaries. Setting those entries to their initial value.
There are 45143 events with muon pt outside of [26,200] GeV. Setting those entries to their initial value.
There are 45145 events with muon pt outside of [26,200] GeV. Setting those entries to their initial value.
There are 209 nan entries in the corrected pt. This might be due to the number of tracker layers hitting boundaries. Setting those entries to their initial value.
There are 45322 events with muon pt outside of [26,200] GeV. Setting those entries to their initial value.
There are 45323 events with muon pt outside of [26,200] GeV. Setting those entries to their initial value.
There are 164 nan entries in the corrected pt. This might be due to the number of tracker layers hitting boundaries. Setting those entries to their initial value.
There are 44248 events with muon pt outside of [26,200] GeV. Setting those entries to their initial value.
There are 44250 events with muon pt outside of [26,200] GeV. Setting those entries to their initial value.
There are 195 nan entries in the corrected pt. This might be due to the number of tracker layers hitting boundaries. Setting those entries to their initial value.
There are 44422 events with muon pt outside of [26,200] GeV. Setting those entries to their initial value.
There are 44423 events with muon pt outside of [26,200] GeV. Setting those entries to their initial value.
There are 194 nan entries in the corrected pt. This might be due to the number of tracker layers hitting boundaries. Setting those entries to their initial value.
There are 47234 events with muon pt outside of [26,200] GeV. Setting those entries to their initial value.
There are 47235 events with muon pt outside of [26,200] GeV. Setting those entries to their initial value.
There are 174 nan entries in the corrected pt. This might be due to the number of tracker layers hitting boundaries. Setting those entries to their initial value.
There are 47147 events with muon pt outside of [26,200] GeV. Setting those entries to their initial value.
There are 47149 events with muon pt outside of [26,200] GeV. Setting those entries to their initial value.
There are 169 nan entries in the corrected pt. This might be due to the number of tracker layers hitting boundaries. Setting those entries to their initial value.
There are 1223 events with muon pt outside of [26,200] GeV. Setting those entries to their initial value.
There are 1223 events with muon pt outside of [26,200] GeV. Setting those entries to their initial value.
There are 4 nan entries in the corrected pt. This might be due to the number of tracker layers hitting boundaries. Setting those entries to their initial value.
There are 41969 events with muon pt outside of [26,200] GeV. Setting those entries to their initial value.
There are 41970 events with muon pt outside of [26,200] GeV. Setting those entries to their initial value.
There are 141 nan entries in the corrected pt. This might be due to the number of tracker layers hitting boundaries. Setting those entries to their initial value.
There are 41976 events with muon pt outside of [26,200] GeV. Setting those entries to their initial value.
There are 41980 events with muon pt outside of [26,200] GeV. Setting those entries to their initial value.
There are 187 nan entries in the corrected pt. This might be due to the number of tracker layers hitting boundaries. Setting those entries to their initial value.
There are 7004 events with muon pt outside of [26,200] GeV. Setting those entries to their initial value.
There are 7004 events with muon pt outside of [26,200] GeV. Setting those entries to their initial value.
There are 33 nan entries in the corrected pt. This might be due to the number of tracker layers hitting boundaries. Setting those entries to their initial value.
There are 42441 events with muon pt outside of [26,200] GeV. Setting those entries to their initial value.
There are 42443 events with muon pt outside of [26,200] GeV. Setting those entries to their initial value.
There are 186 nan entries in the corrected pt. This might be due to the number of tracker layers hitting boundaries. Setting those entries to their initial value.
There are 44825 events with muon pt outside of [26,200] GeV. Setting those entries to their initial value.
There are 44827 events with muon pt outside of [26,200] GeV. Setting those entries to their initial value.
There are 198 nan entries in the corrected pt. This might be due to the number of tracker layers hitting boundaries. Setting those entries to their initial value.
There are 45095 events with muon pt outside of [26,200] GeV. Setting those entries to their initial value.
There are 45097 events with muon pt outside of [26,200] GeV. Setting those entries to their initial value.
There are 171 nan entries in the corrected pt. This might be due to the number of tracker layers hitting boundaries. Setting those entries to their initial value.
There are 44952 events with muon pt outside of [26,200] GeV. Setting those entries to their initial value.
There are 44952 events with muon pt outside of [26,200] GeV. Setting those entries to their initial value.
There are 173 nan entries in the corrected pt. This might be due to the number of tracker layers hitting boundaries. Setting those entries to their initial value.
There are 44996 events with muon pt outside of [26,200] GeV. Setting those entries to their initial value.
There are 44998 events with muon pt outside of [26,200] GeV. Setting those entries to their initial value.
There are 159 nan entries in the corrected pt. This might be due to the number of tracker layers hitting boundaries. Setting those entries to their initial value.
