000 (14793325.010.000) 03/05 15:53:25 Job submitted from host: <188.184.90.62:9618?addrs=188.184.90.62-9618+[2001-1458-201-e4--100-238]-9618&alias=bigbird16.cern.ch&noUDP&sock=schedd_5196_9a2f>
...
040 (14793325.010.000) 03/05 16:27:24 Started transferring input files
	Transferring to host: <188.185.195.99:9618?addrs=188.185.195.99-9618+[2001-1458-303-22--100-5f]-9618&alias=b9p17p5083.cern.ch&noUDP&sock=slot1_5_1436073_1777_167482>
...
040 (14793325.010.000) 03/05 16:27:25 Finished transferring input files
...
001 (14793325.010.000) 03/05 16:27:26 Job executing on host: <188.185.195.99:9618?addrs=188.185.195.99-9618+[2001-1458-303-22--100-5f]-9618&alias=b9p17p5083.cern.ch&noUDP&sock=startd_1436032_1622>
	SlotName: slot1_5@b9p17p5083.cern.ch
	CondorScratchDir = "/pool/condor/dir_2736167"
	Cpus = 1
	Disk = 3806
	GPUs = 0
	Memory = 3000
...
006 (14793325.010.000) 03/05 16:27:40 Image size of job updated: 123804
	121  -  MemoryUsage of job (MB)
	123804  -  ResidentSetSize of job (KB)
...
006 (14793325.010.000) 03/05 16:32:40 Image size of job updated: 3612400
	3504  -  MemoryUsage of job (MB)
	3588088  -  ResidentSetSize of job (KB)
...
006 (14793325.010.000) 03/05 16:37:41 Image size of job updated: 3923836
	3819  -  MemoryUsage of job (MB)
	3909780  -  ResidentSetSize of job (KB)
...
006 (14793325.010.000) 03/05 16:42:20 Image size of job updated: 4651104
	3819  -  MemoryUsage of job (MB)
	3909780  -  ResidentSetSize of job (KB)
...
040 (14793325.010.000) 03/05 16:42:20 Started transferring output files
...
040 (14793325.010.000) 03/05 16:42:21 Finished transferring output files
...
005 (14793325.010.000) 03/05 16:42:21 Job terminated.
	(1) Normal termination (return value 1)
		Usr 0 00:18:35, Sys 0 00:00:24  -  Run Remote Usage
		Usr 0 00:00:00, Sys 0 00:00:00  -  Run Local Usage
		Usr 0 00:18:35, Sys 0 00:00:24  -  Total Remote Usage
		Usr 0 00:00:00, Sys 0 00:00:00  -  Total Local Usage
	26289  -  Run Bytes Sent By Job
	30489  -  Run Bytes Received By Job
	26289  -  Total Bytes Sent By Job
	30489  -  Total Bytes Received By Job
	Partitionable Resources :    Usage  Request Allocated 
	   Cpus                 :     1.83        1         1 
	   Disk (KB)            :    82          32      3806 
	   GPUs                 :                           0 
	   Memory (MB)          :  3819        3000      3000 
	   TimeExecute (s)      :   894                       
	   TimeSlotBusy (s)     :   898                       

	Job terminated of its own accord at 2026-03-05T15:42:20Z with exit-code 1.
...
