000 (14793325.008.000) 03/05 15:53:25 Job submitted from host: <188.184.90.62:9618?addrs=188.184.90.62-9618+[2001-1458-201-e4--100-238]-9618&alias=bigbird16.cern.ch&noUDP&sock=schedd_5196_9a2f>
...
040 (14793325.008.000) 03/05 16:27:23 Started transferring input files
	Transferring to host: <188.185.192.141:9618?addrs=188.185.192.141-9618+[2001-1458-303-1f--100-89]-9618&alias=b9p13p6301.cern.ch&noUDP&sock=slot1_12_193885_45a5_158531>
...
040 (14793325.008.000) 03/05 16:27:23 Finished transferring input files
...
001 (14793325.008.000) 03/05 16:27:25 Job executing on host: <188.185.192.141:9618?addrs=188.185.192.141-9618+[2001-1458-303-1f--100-89]-9618&alias=b9p13p6301.cern.ch&noUDP&sock=startd_4757_7c1c>
	SlotName: slot1_12@b9p13p6301.cern.ch
	CondorScratchDir = "/pool/condor/dir_3541317"
	Cpus = 1
	Disk = 3823
	GPUs = 0
	Memory = 3000
...
006 (14793325.008.000) 03/05 16:27:39 Image size of job updated: 217560
	213  -  MemoryUsage of job (MB)
	217560  -  ResidentSetSize of job (KB)
...
006 (14793325.008.000) 03/05 16:32:40 Image size of job updated: 3639476
	3550  -  MemoryUsage of job (MB)
	3634364  -  ResidentSetSize of job (KB)
...
006 (14793325.008.000) 03/05 16:37:41 Image size of job updated: 4025844
	3932  -  MemoryUsage of job (MB)
	4025844  -  ResidentSetSize of job (KB)
...
006 (14793325.008.000) 03/05 16:42:41 Image size of job updated: 4235188
	4114  -  MemoryUsage of job (MB)
	4212152  -  ResidentSetSize of job (KB)
...
006 (14793325.008.000) 03/05 16:43:19 Image size of job updated: 4334428
	4114  -  MemoryUsage of job (MB)
	4212152  -  ResidentSetSize of job (KB)
...
040 (14793325.008.000) 03/05 16:43:19 Started transferring output files
...
040 (14793325.008.000) 03/05 16:43:19 Finished transferring output files
...
005 (14793325.008.000) 03/05 16:43:19 Job terminated.
	(1) Normal termination (return value 1)
		Usr 0 00:22:39, Sys 0 00:00:28  -  Run Remote Usage
		Usr 0 00:00:00, Sys 0 00:00:00  -  Run Local Usage
		Usr 0 00:22:39, Sys 0 00:00:28  -  Total Remote Usage
		Usr 0 00:00:00, Sys 0 00:00:00  -  Total Local Usage
	30427  -  Run Bytes Sent By Job
	30489  -  Run Bytes Received By Job
	30427  -  Total Bytes Sent By Job
	30489  -  Total Bytes Received By Job
	Partitionable Resources :    Usage  Request Allocated 
	   Cpus                 :     0.27        1         1 
	   Disk (KB)            :    86          32      3823 
	   GPUs                 :                           0 
	   Memory (MB)          :  4114        3000      3000 
	   TimeExecute (s)      :   955                       
	   TimeSlotBusy (s)     :   957                       

	Job terminated of its own accord at 2026-03-05T15:43:19Z with exit-code 1.
...
