000 (14793325.007.000) 03/05 15:53:25 Job submitted from host: <188.184.90.62:9618?addrs=188.184.90.62-9618+[2001-1458-201-e4--100-238]-9618&alias=bigbird16.cern.ch&noUDP&sock=schedd_5196_9a2f>
...
040 (14793325.007.000) 03/05 16:27:23 Started transferring input files
	Transferring to host: <188.185.210.165:9618?addrs=188.185.210.165-9618+[2001-1458-303-15--100-21]-9618&alias=b9p22p6122.cern.ch&noUDP&sock=slot1_29_6357_d4dc_180000>
...
040 (14793325.007.000) 03/05 16:27:23 Finished transferring input files
...
001 (14793325.007.000) 03/05 16:27:25 Job executing on host: <188.185.210.165:9618?addrs=188.185.210.165-9618+[2001-1458-303-15--100-21]-9618&alias=b9p22p6122.cern.ch&noUDP&sock=startd_5553_797f>
	SlotName: slot1_29@b9p22p6122.cern.ch
	CondorScratchDir = "/pool/condor/dir_2337777"
	Cpus = 1
	Disk = 3825
	GPUs = 0
	Memory = 3000
...
006 (14793325.007.000) 03/05 16:27:39 Image size of job updated: 317908
	311  -  MemoryUsage of job (MB)
	317908  -  ResidentSetSize of job (KB)
...
006 (14793325.007.000) 03/05 16:32:40 Image size of job updated: 4912564
	4767  -  MemoryUsage of job (MB)
	4881136  -  ResidentSetSize of job (KB)
...
040 (14793325.007.000) 03/05 16:40:41 Started transferring output files
...
040 (14793325.007.000) 03/05 16:40:43 Finished transferring output files
...
005 (14793325.007.000) 03/05 16:40:55 Job terminated.
	(1) Normal termination (return value 1)
		Usr 0 00:20:45, Sys 0 00:00:32  -  Run Remote Usage
		Usr 0 00:00:00, Sys 0 00:00:00  -  Run Local Usage
		Usr 0 00:20:45, Sys 0 00:00:32  -  Total Remote Usage
		Usr 0 00:00:00, Sys 0 00:00:00  -  Total Local Usage
	37951  -  Run Bytes Sent By Job
	30489  -  Run Bytes Received By Job
	37951  -  Total Bytes Sent By Job
	30489  -  Total Bytes Received By Job
	Partitionable Resources :    Usage  Request Allocated 
	   Cpus                 :     1.63        1         1 
	   Disk (KB)            :    93          32      3825 
	   GPUs                 :                           0 
	   Memory (MB)          :  4767        3000      3000 
	   TimeExecute (s)      :   792                       
	   TimeSlotBusy (s)     :   805                       

	Job terminated of its own accord at 2026-03-05T15:40:36Z with exit-code 1.
...
