000 (14793325.000.000) 03/05 15:53:25 Job submitted from host: <188.184.90.62:9618?addrs=188.184.90.62-9618+[2001-1458-201-e4--100-238]-9618&alias=bigbird16.cern.ch&noUDP&sock=schedd_5196_9a2f>
...
040 (14793325.000.000) 03/05 16:27:31 Started transferring input files
	Transferring to host: <188.185.211.39:9618?addrs=188.185.211.39-9618+[2001-1458-303-16--100-23]-9618&alias=b9p23p1835.cern.ch&noUDP&sock=slot1_16_8041_5ca0_180817>
...
040 (14793325.000.000) 03/05 16:27:31 Finished transferring input files
...
001 (14793325.000.000) 03/05 16:27:32 Job executing on host: <188.185.211.39:9618?addrs=188.185.211.39-9618+[2001-1458-303-16--100-23]-9618&alias=b9p23p1835.cern.ch&noUDP&sock=startd_7137_f783>
	SlotName: slot1_16@b9p23p1835.cern.ch
	CondorScratchDir = "/pool/condor/dir_1812031"
	Cpus = 1
	Disk = 3831
	GPUs = 0
	Memory = 3000
...
006 (14793325.000.000) 03/05 16:27:46 Image size of job updated: 471280
	461  -  MemoryUsage of job (MB)
	471280  -  ResidentSetSize of job (KB)
...
006 (14793325.000.000) 03/05 16:32:41 Image size of job updated: 4418004
	461  -  MemoryUsage of job (MB)
	471588  -  ResidentSetSize of job (KB)
...
040 (14793325.000.000) 03/05 16:32:42 Started transferring output files
...
040 (14793325.000.000) 03/05 16:32:43 Finished transferring output files
...
005 (14793325.000.000) 03/05 16:32:46 Job terminated.
	(1) Normal termination (return value 1)
		Usr 0 00:08:31, Sys 0 00:00:17  -  Run Remote Usage
		Usr 0 00:00:00, Sys 0 00:00:00  -  Run Local Usage
		Usr 0 00:08:31, Sys 0 00:00:17  -  Total Remote Usage
		Usr 0 00:00:00, Sys 0 00:00:00  -  Total Local Usage
	23998  -  Run Bytes Sent By Job
	30489  -  Run Bytes Received By Job
	23998  -  Total Bytes Sent By Job
	30489  -  Total Bytes Received By Job
	Partitionable Resources :    Usage  Request Allocated 
	   Cpus                 :     1.61        1         1 
	   Disk (KB)            :    79          32      3831 
	   GPUs                 :                           0 
	   Memory (MB)          :   461        3000      3000 
	   TimeExecute (s)      :   309                       
	   TimeSlotBusy (s)     :   314                       

	Job terminated of its own accord at 2026-03-05T15:32:41Z with exit-code 1.
...
