000 (14793325.012.000) 03/05 15:53:26 Job submitted from host: <188.184.90.62:9618?addrs=188.184.90.62-9618+[2001-1458-201-e4--100-238]-9618&alias=bigbird16.cern.ch&noUDP&sock=schedd_5196_9a2f>
...
040 (14793325.012.000) 03/05 16:27:30 Started transferring input files
	Transferring to host: <188.185.213.216:9618?addrs=188.185.213.216-9618+[2001-1458-303-1b--100-54]-9618&alias=b9p28p3894.cern.ch&noUDP&sock=slot1_7_4601_9214_183812>
...
040 (14793325.012.000) 03/05 16:27:30 Finished transferring input files
...
001 (14793325.012.000) 03/05 16:27:31 Job executing on host: <188.185.213.216:9618?addrs=188.185.213.216-9618+[2001-1458-303-1b--100-54]-9618&alias=b9p28p3894.cern.ch&noUDP&sock=startd_3842_def4>
	SlotName: slot1_7@b9p28p3894.cern.ch
	CondorScratchDir = "/pool/condor/dir_3229742"
	Cpus = 1
	Disk = 3756
	GPUs = 0
	Memory = 3000
...
006 (14793325.012.000) 03/05 16:27:45 Image size of job updated: 415432
	406  -  MemoryUsage of job (MB)
	415432  -  ResidentSetSize of job (KB)
...
006 (14793325.012.000) 03/05 16:32:46 Image size of job updated: 3816444
	3727  -  MemoryUsage of job (MB)
	3816444  -  ResidentSetSize of job (KB)
...
006 (14793325.012.000) 03/05 16:36:57 Image size of job updated: 4455652
	3727  -  MemoryUsage of job (MB)
	3816444  -  ResidentSetSize of job (KB)
...
040 (14793325.012.000) 03/05 16:36:58 Started transferring output files
...
040 (14793325.012.000) 03/05 16:36:58 Finished transferring output files
...
005 (14793325.012.000) 03/05 16:36:59 Job terminated.
	(1) Normal termination (return value 1)
		Usr 0 00:10:26, Sys 0 00:00:27  -  Run Remote Usage
		Usr 0 00:00:00, Sys 0 00:00:00  -  Run Local Usage
		Usr 0 00:10:26, Sys 0 00:00:27  -  Total Remote Usage
		Usr 0 00:00:00, Sys 0 00:00:00  -  Total Local Usage
	26233  -  Run Bytes Sent By Job
	30489  -  Run Bytes Received By Job
	26233  -  Total Bytes Sent By Job
	30489  -  Total Bytes Received By Job
	Partitionable Resources :    Usage  Request Allocated 
	   Cpus                 :     1.89        1         1 
	   Disk (KB)            :    82          32      3756 
	   GPUs                 :                           0 
	   Memory (MB)          :  3727        3000      3000 
	   TimeExecute (s)      :   566                       
	   TimeSlotBusy (s)     :   570                       

	Job terminated of its own accord at 2026-03-05T15:36:57Z with exit-code 1.
...
