000 (14788598.000.000) 03/03 04:17:55 Job submitted from host: <188.184.90.62:9618?addrs=188.184.90.62-9618+[2001-1458-201-e4--100-238]-9618&alias=bigbird16.cern.ch&noUDP&sock=schedd_5196_9a2f>
...
040 (14788598.000.000) 03/03 04:18:31 Started transferring input files
	Transferring to host: <188.185.215.78:9618?addrs=188.185.215.78-9618+[2001-1458-303-1e--100-4a]-9618&alias=b9p31p8056.cern.ch&noUDP&sock=slot1_27_5239_196e_134830>
...
040 (14788598.000.000) 03/03 04:18:31 Finished transferring input files
...
001 (14788598.000.000) 03/03 04:18:32 Job executing on host: <188.185.215.78:9618?addrs=188.185.215.78-9618+[2001-1458-303-1e--100-4a]-9618&alias=b9p31p8056.cern.ch&noUDP&sock=startd_4252_18c8>
	SlotName: slot1_27@b9p31p8056.cern.ch
	CondorScratchDir = "/pool/condor/dir_2463200"
	Cpus = 1
	Disk = 3798
	GPUs = 0
	Memory = 3000
...
006 (14788598.000.000) 03/03 04:18:46 Image size of job updated: 495388
	484  -  MemoryUsage of job (MB)
	495388  -  ResidentSetSize of job (KB)
...
006 (14788598.000.000) 03/03 04:22:10 Image size of job updated: 3036968
	484  -  MemoryUsage of job (MB)
	495556  -  ResidentSetSize of job (KB)
...
040 (14788598.000.000) 03/03 04:22:10 Started transferring output files
...
040 (14788598.000.000) 03/03 04:22:10 Finished transferring output files
...
005 (14788598.000.000) 03/03 04:22:10 Job terminated.
	(1) Normal termination (return value 1)
		Usr 0 00:03:50, Sys 0 00:00:12  -  Run Remote Usage
		Usr 0 00:00:00, Sys 0 00:00:00  -  Run Local Usage
		Usr 0 00:03:50, Sys 0 00:00:12  -  Total Remote Usage
		Usr 0 00:00:00, Sys 0 00:00:00  -  Total Local Usage
	16962  -  Run Bytes Sent By Job
	7597  -  Run Bytes Received By Job
	16962  -  Total Bytes Sent By Job
	7597  -  Total Bytes Received By Job
	Partitionable Resources :    Usage  Request Allocated 
	   Cpus                 :        0        1         1 
	   Disk (KB)            :       50       10      3798 
	   GPUs                 :                           0 
	   Memory (MB)          :      484     3000      3000 
	   TimeExecute (s)      :      218                    
	   TimeSlotBusy (s)     :      220                    

	Job terminated of its own accord at 2026-03-03T03:22:10Z with exit-code 1.
...
