000 (14788598.002.000) 03/03 04:17:55 Job submitted from host: <188.184.90.62:9618?addrs=188.184.90.62-9618+[2001-1458-201-e4--100-238]-9618&alias=bigbird16.cern.ch&noUDP&sock=schedd_5196_9a2f>
...
040 (14788598.002.000) 03/03 04:18:31 Started transferring input files
	Transferring to host: <188.185.212.66:9618?addrs=188.185.212.66-9618+[2001-1458-303-18--100-3e]-9618&alias=b9p25p9560.cern.ch&noUDP&sock=slot1_5_4085_007f_178484>
...
040 (14788598.002.000) 03/03 04:18:31 Finished transferring input files
...
001 (14788598.002.000) 03/03 04:18:32 Job executing on host: <188.185.212.66:9618?addrs=188.185.212.66-9618+[2001-1458-303-18--100-3e]-9618&alias=b9p25p9560.cern.ch&noUDP&sock=startd_3482_f0db>
	SlotName: slot1_5@b9p25p9560.cern.ch
	CondorScratchDir = "/pool/condor/dir_2306286"
	Cpus = 1
	Disk = 3829
	GPUs = 0
	Memory = 3000
...
006 (14788598.002.000) 03/03 04:18:46 Image size of job updated: 511392
	500  -  MemoryUsage of job (MB)
	511392  -  ResidentSetSize of job (KB)
...
006 (14788598.002.000) 03/03 04:22:08 Image size of job updated: 2777688
	500  -  MemoryUsage of job (MB)
	511392  -  ResidentSetSize of job (KB)
...
040 (14788598.002.000) 03/03 04:22:08 Started transferring output files
...
040 (14788598.002.000) 03/03 04:22:08 Finished transferring output files
...
005 (14788598.002.000) 03/03 04:22:08 Job terminated.
	(1) Normal termination (return value 1)
		Usr 0 00:04:11, Sys 0 00:00:12  -  Run Remote Usage
		Usr 0 00:00:00, Sys 0 00:00:00  -  Run Local Usage
		Usr 0 00:04:11, Sys 0 00:00:12  -  Total Remote Usage
		Usr 0 00:00:00, Sys 0 00:00:00  -  Total Local Usage
	17722  -  Run Bytes Sent By Job
	7597  -  Run Bytes Received By Job
	17722  -  Total Bytes Sent By Job
	7597  -  Total Bytes Received By Job
	Partitionable Resources :    Usage  Request Allocated 
	   Cpus                 :        0        1         1 
	   Disk (KB)            :       51       10      3829 
	   GPUs                 :                           0 
	   Memory (MB)          :      500     3000      3000 
	   TimeExecute (s)      :      216                    
	   TimeSlotBusy (s)     :      218                    

	Job terminated of its own accord at 2026-03-03T03:22:08Z with exit-code 1.
...
