000 (14788601.000.000) 03/03 04:17:56 Job submitted from host: <188.184.90.62:9618?addrs=188.184.90.62-9618+[2001-1458-201-e4--100-238]-9618&alias=bigbird16.cern.ch&noUDP&sock=schedd_5196_9a2f>
...
040 (14788601.000.000) 03/03 04:18:36 Started transferring input files
	Transferring to host: <188.185.211.16:9618?addrs=188.185.211.16-9618+[2001-1458-303-16--100-c]-9618&alias=b9p23p6347.cern.ch&noUDP&sock=slot1_43_6609_6366_55605>
...
040 (14788601.000.000) 03/03 04:18:36 Finished transferring input files
...
001 (14788601.000.000) 03/03 04:18:37 Job executing on host: <188.185.211.16:9618?addrs=188.185.211.16-9618+[2001-1458-303-16--100-c]-9618&alias=b9p23p6347.cern.ch&noUDP&sock=startd_5993_472a>
	SlotName: slot1_43@b9p23p6347.cern.ch
	CondorScratchDir = "/pool/condor/dir_2699440"
	Cpus = 1
	Disk = 3915
	GPUs = 0
	Memory = 3000
...
006 (14788601.000.000) 03/03 04:18:50 Image size of job updated: 478616
	468  -  MemoryUsage of job (MB)
	478616  -  ResidentSetSize of job (KB)
...
006 (14788601.000.000) 03/03 04:21:54 Image size of job updated: 1968508
	468  -  MemoryUsage of job (MB)
	478712  -  ResidentSetSize of job (KB)
...
040 (14788601.000.000) 03/03 04:21:54 Started transferring output files
...
040 (14788601.000.000) 03/03 04:21:54 Finished transferring output files
...
005 (14788601.000.000) 03/03 04:21:54 Job terminated.
	(1) Normal termination (return value 1)
		Usr 0 00:02:59, Sys 0 00:00:08  -  Run Remote Usage
		Usr 0 00:00:00, Sys 0 00:00:00  -  Run Local Usage
		Usr 0 00:02:59, Sys 0 00:00:08  -  Total Remote Usage
		Usr 0 00:00:00, Sys 0 00:00:00  -  Total Local Usage
	17203  -  Run Bytes Sent By Job
	12607  -  Run Bytes Received By Job
	17203  -  Total Bytes Sent By Job
	12607  -  Total Bytes Received By Job
	Partitionable Resources :    Usage  Request Allocated 
	   Cpus                 :        0        1         1 
	   Disk (KB)            :       55       15      3915 
	   GPUs                 :                           0 
	   Memory (MB)          :      468     3000      3000 
	   TimeExecute (s)      :      197                    
	   TimeSlotBusy (s)     :      200                    

	Job terminated of its own accord at 2026-03-03T03:21:54Z with exit-code 1.
...
