subject   : /DC=ch/DC=cern/OU=Organic Units/OU=Users/CN=driosper/CN=886669/CN=Diego Alejandro Rios Perez/CN=2735051137
issuer    : /DC=ch/DC=cern/OU=Organic Units/OU=Users/CN=driosper/CN=886669/CN=Diego Alejandro Rios Perez
identity  : /DC=ch/DC=cern/OU=Organic Units/OU=Users/CN=driosper/CN=886669/CN=Diego Alejandro Rios Perez
type      : RFC compliant proxy
strength  : 2048 bits
path      : /afs/cern.ch/user/d/driosper/private/x509up_u182284
timeleft  : 5:18:53
key usage : Digital Signature, Key Encipherment
=== VO cms extension information ===
VO        : cms
subject   : /DC=ch/DC=cern/OU=Organic Units/OU=Users/CN=driosper/CN=886669/CN=Diego Alejandro Rios Perez
issuer    : /DC=ch/DC=cern/OU=computers/CN=cms-auth.cern.ch
attribute : /cms/Role=NULL/Capability=NULL
timeleft  : 5:18:53
uri       : voms-cms-auth.cern.ch:15000
--workflow 2b1mu --year 2022preEE --output_path /eos/user/d/driosper/bsm3g_coffea/outputs/2b1mu/2022preEE/TBbarQ --output_format coffea --dataset TBbarQ_3 --partition_json /srv/partition_fileset.json
  Preprocessing 100% ━━━━━━━━━━━━━━━━━━ 9/9 [ 0:00:24 < 0:00:00 | 0.4   file/s ]
Merging (local) 100% ━━━━━━━━━━━━━━━━━━ 9/9 [ 0:00:24 < 0:00:00 | ?   merges/s ]
     Processing   8% ━╸                  1/12 [ 0:01:16 < -:--:-- | ?  chunk/s ]
Merging (local)   0% ━━━━━━━━━━━━━━━━━━━  0/0 [ 0:00:02 < 0:00:00 | ? merges/s ]
There are 1537 events with muon pt outside of [26,200] GeV. Setting those entries to their initial value.
There are 1537 events with muon pt outside of [26,200] GeV. Setting those entries to their initial value.
There are 6 nan entries in the corrected pt. This might be due to the number of tracker layers hitting boundaries. Setting those entries to their initial value.
skiping AlphaS systematic Weight
There are 24261 events with muon pt outside of [26,200] GeV. Setting those entries to their initial value.
There are 24262 events with muon pt outside of [26,200] GeV. Setting those entries to their initial value.
There are 95 nan entries in the corrected pt. This might be due to the number of tracker layers hitting boundaries. Setting those entries to their initial value.
skiping AlphaS systematic Weight
There are 28103 events with muon pt outside of [26,200] GeV. Setting those entries to their initial value.
There are 28104 events with muon pt outside of [26,200] GeV. Setting those entries to their initial value.
There are 97 nan entries in the corrected pt. This might be due to the number of tracker layers hitting boundaries. Setting those entries to their initial value.
skiping AlphaS systematic Weight
There are 28711 events with muon pt outside of [26,200] GeV. Setting those entries to their initial value.
There are 28714 events with muon pt outside of [26,200] GeV. Setting those entries to their initial value.
There are 119 nan entries in the corrected pt. This might be due to the number of tracker layers hitting boundaries. Setting those entries to their initial value.
skiping AlphaS systematic Weight
There are 838 events with muon pt outside of [26,200] GeV. Setting those entries to their initial value.
There are 838 events with muon pt outside of [26,200] GeV. Setting those entries to their initial value.
There are 6 nan entries in the corrected pt. This might be due to the number of tracker layers hitting boundaries. Setting those entries to their initial value.
skiping AlphaS systematic Weight
There are 2415 events with muon pt outside of [26,200] GeV. Setting those entries to their initial value.
There are 2415 events with muon pt outside of [26,200] GeV. Setting those entries to their initial value.
There are 11 nan entries in the corrected pt. This might be due to the number of tracker layers hitting boundaries. Setting those entries to their initial value.
skiping AlphaS systematic Weight
There are 40532 events with muon pt outside of [26,200] GeV. Setting those entries to their initial value.
There are 40532 events with muon pt outside of [26,200] GeV. Setting those entries to their initial value.
There are 168 nan entries in the corrected pt. This might be due to the number of tracker layers hitting boundaries. Setting those entries to their initial value.
skiping AlphaS systematic Weight
There are 28746 events with muon pt outside of [26,200] GeV. Setting those entries to their initial value.
There are 28747 events with muon pt outside of [26,200] GeV. Setting those entries to their initial value.
There are 104 nan entries in the corrected pt. This might be due to the number of tracker layers hitting boundaries. Setting those entries to their initial value.
skiping AlphaS systematic Weight
There are 43640 events with muon pt outside of [26,200] GeV. Setting those entries to their initial value.
There are 43644 events with muon pt outside of [26,200] GeV. Setting those entries to their initial value.
There are 148 nan entries in the corrected pt. This might be due to the number of tracker layers hitting boundaries. Setting those entries to their initial value.
skiping AlphaS systematic Weight
There are 1782 events with muon pt outside of [26,200] GeV. Setting those entries to their initial value.
There are 1782 events with muon pt outside of [26,200] GeV. Setting those entries to their initial value.
There are 6 nan entries in the corrected pt. This might be due to the number of tracker layers hitting boundaries. Setting those entries to their initial value.
skiping AlphaS systematic Weight
There are 28724 events with muon pt outside of [26,200] GeV. Setting those entries to their initial value.
There are 28727 events with muon pt outside of [26,200] GeV. Setting those entries to their initial value.
There are 106 nan entries in the corrected pt. This might be due to the number of tracker layers hitting boundaries. Setting those entries to their initial value.
skiping AlphaS systematic Weight
There are 28552 events with muon pt outside of [26,200] GeV. Setting those entries to their initial value.
There are 28552 events with muon pt outside of [26,200] GeV. Setting those entries to their initial value.
There are 90 nan entries in the corrected pt. This might be due to the number of tracker layers hitting boundaries. Setting those entries to their initial value.
skiping AlphaS systematic Weight
