000 (14788601.002.000) 03/03 04:17:56 Job submitted from host: <188.184.90.62:9618?addrs=188.184.90.62-9618+[2001-1458-201-e4--100-238]-9618&alias=bigbird16.cern.ch&noUDP&sock=schedd_5196_9a2f>
...
040 (14788601.002.000) 03/03 04:18:36 Started transferring input files
	Transferring to host: <188.185.213.43:9618?addrs=188.185.213.43-9618+[2001-1458-303-1a--100-27]-9618&alias=b9p27p9939.cern.ch&noUDP&sock=slot1_27_8568_ae55_42594>
...
040 (14788601.002.000) 03/03 04:18:36 Finished transferring input files
...
001 (14788601.002.000) 03/03 04:18:37 Job executing on host: <188.185.213.43:9618?addrs=188.185.213.43-9618+[2001-1458-303-1a--100-27]-9618&alias=b9p27p9939.cern.ch&noUDP&sock=startd_8508_5bdb>
	SlotName: slot1_27@b9p27p9939.cern.ch
	CondorScratchDir = "/pool/condor/dir_932374"
	Cpus = 1
	Disk = 3862
	GPUs = 0
	Memory = 3000
...
006 (14788601.002.000) 03/03 04:18:51 Image size of job updated: 142256
	139  -  MemoryUsage of job (MB)
	142256  -  ResidentSetSize of job (KB)
...
006 (14788601.002.000) 03/03 04:22:58 Image size of job updated: 2490844
	139  -  MemoryUsage of job (MB)
	142256  -  ResidentSetSize of job (KB)
...
040 (14788601.002.000) 03/03 04:22:58 Started transferring output files
...
040 (14788601.002.000) 03/03 04:22:58 Finished transferring output files
...
005 (14788601.002.000) 03/03 04:22:58 Job terminated.
	(1) Normal termination (return value 1)
		Usr 0 00:04:29, Sys 0 00:00:09  -  Run Remote Usage
		Usr 0 00:00:00, Sys 0 00:00:00  -  Run Local Usage
		Usr 0 00:04:29, Sys 0 00:00:09  -  Total Remote Usage
		Usr 0 00:00:00, Sys 0 00:00:00  -  Total Local Usage
	18246  -  Run Bytes Sent By Job
	12607  -  Run Bytes Received By Job
	18246  -  Total Bytes Sent By Job
	12607  -  Total Bytes Received By Job
	Partitionable Resources :    Usage  Request Allocated 
	   Cpus                 :     1.11        1         1 
	   Disk (KB)            :    56          15      3862 
	   GPUs                 :                           0 
	   Memory (MB)          :   139        3000      3000 
	   TimeExecute (s)      :   261                       
	   TimeSlotBusy (s)     :   264                       

	Job terminated of its own accord at 2026-03-03T03:22:58Z with exit-code 1.
...
