000 (14788601.001.000) 03/03 04:17:56 Job submitted from host: <188.184.90.62:9618?addrs=188.184.90.62-9618+[2001-1458-201-e4--100-238]-9618&alias=bigbird16.cern.ch&noUDP&sock=schedd_5196_9a2f>
...
040 (14788601.001.000) 03/03 04:18:36 Started transferring input files
	Transferring to host: <188.185.212.102:9618?addrs=188.185.212.102-9618+[2001-1458-303-18--100-62]-9618&alias=b9p25p2593.cern.ch&noUDP&sock=slot1_26_9709_9e64_172693>
...
040 (14788601.001.000) 03/03 04:18:36 Finished transferring input files
...
001 (14788601.001.000) 03/03 04:18:37 Job executing on host: <188.185.212.102:9618?addrs=188.185.212.102-9618+[2001-1458-303-18--100-62]-9618&alias=b9p25p2593.cern.ch&noUDP&sock=startd_9016_cdf7>
	SlotName: slot1_26@b9p25p2593.cern.ch
	CondorScratchDir = "/pool/condor/dir_3188366"
	Cpus = 1
	Disk = 3821
	GPUs = 0
	Memory = 3000
...
006 (14788601.001.000) 03/03 04:18:50 Image size of job updated: 501752
	490  -  MemoryUsage of job (MB)
	501752  -  ResidentSetSize of job (KB)
...
006 (14788601.001.000) 03/03 04:21:55 Image size of job updated: 2282976
	491  -  MemoryUsage of job (MB)
	501920  -  ResidentSetSize of job (KB)
...
040 (14788601.001.000) 03/03 04:21:56 Started transferring output files
...
040 (14788601.001.000) 03/03 04:21:56 Finished transferring output files
...
005 (14788601.001.000) 03/03 04:21:56 Job terminated.
	(1) Normal termination (return value 1)
		Usr 0 00:03:19, Sys 0 00:00:09  -  Run Remote Usage
		Usr 0 00:00:00, Sys 0 00:00:00  -  Run Local Usage
		Usr 0 00:03:19, Sys 0 00:00:09  -  Total Remote Usage
		Usr 0 00:00:00, Sys 0 00:00:00  -  Total Local Usage
	17600  -  Run Bytes Sent By Job
	12607  -  Run Bytes Received By Job
	17600  -  Total Bytes Sent By Job
	12607  -  Total Bytes Received By Job
	Partitionable Resources :    Usage  Request Allocated 
	   Cpus                 :        0        1         1 
	   Disk (KB)            :       55       15      3821 
	   GPUs                 :                           0 
	   Memory (MB)          :      491     3000      3000 
	   TimeExecute (s)      :      198                    
	   TimeSlotBusy (s)     :      202                    

	Job terminated of its own accord at 2026-03-03T03:21:55Z with exit-code 1.
...
