000 (14526960.002.000) 02/14 21:30:43 Job submitted from host: <188.184.90.62:9618?addrs=188.184.90.62-9618+[2001-1458-201-e4--100-238]-9618&alias=bigbird16.cern.ch&noUDP&sock=schedd_5196_9a2f>
...
040 (14526960.002.000) 02/14 21:31:53 Started transferring input files
	Transferring to host: <188.185.209.136:9618?addrs=188.185.209.136-9618+[2001-1458-303-12--100-5]-9618&alias=b9p12p6593.cern.ch&noUDP&sock=slot1_5_5380_7254_138089>
...
040 (14526960.002.000) 02/14 21:31:53 Finished transferring input files
...
001 (14526960.002.000) 02/14 21:31:54 Job executing on host: <188.185.209.136:9618?addrs=188.185.209.136-9618+[2001-1458-303-12--100-5]-9618&alias=b9p12p6593.cern.ch&noUDP&sock=startd_4446_2a28>
	SlotName: slot1_5@b9p12p6593.cern.ch
	CondorScratchDir = "/pool/condor/dir_1977504"
	Cpus = 1
	Disk = 3505
	GPUs = 0
	Memory = 3000
...
006 (14526960.002.000) 02/14 21:32:08 Image size of job updated: 178312
	175  -  MemoryUsage of job (MB)
	178312  -  ResidentSetSize of job (KB)
...
006 (14526960.002.000) 02/14 21:34:52 Image size of job updated: 2432436
	175  -  MemoryUsage of job (MB)
	178372  -  ResidentSetSize of job (KB)
...
040 (14526960.002.000) 02/14 21:34:52 Started transferring output files
...
040 (14526960.002.000) 02/14 21:34:52 Finished transferring output files
...
005 (14526960.002.000) 02/14 21:34:52 Job terminated.
	(1) Normal termination (return value 0)
		Usr 0 00:06:15, Sys 0 00:00:15  -  Run Remote Usage
		Usr 0 00:00:00, Sys 0 00:00:00  -  Run Local Usage
		Usr 0 00:06:15, Sys 0 00:00:15  -  Total Remote Usage
		Usr 0 00:00:00, Sys 0 00:00:00  -  Total Local Usage
	12501  -  Run Bytes Sent By Job
	13414  -  Run Bytes Received By Job
	12501  -  Total Bytes Sent By Job
	13414  -  Total Bytes Received By Job
	Partitionable Resources :    Usage  Request Allocated 
	   Cpus                 :     2.63        1         1 
	   Disk (KB)            :    51          17      3505 
	   GPUs                 :                           0 
	   Memory (MB)          :   175        3000      3000 
	   TimeExecute (s)      :   178                       
	   TimeSlotBusy (s)     :   180                       

	Job terminated of its own accord at 2026-02-14T20:34:52Z with exit-code 0.
...
