000 (14526942.003.000) 02/14 21:30:10 Job submitted from host: <188.184.90.62:9618?addrs=188.184.90.62-9618+[2001-1458-201-e4--100-238]-9618&alias=bigbird16.cern.ch&noUDP&sock=schedd_5196_9a2f>
...
040 (14526942.003.000) 02/14 21:31:07 Started transferring input files
	Transferring to host: <128.142.192.172:9618?addrs=128.142.192.172-9618+[2001-1458-301-56--100-28]-9618&alias=b9g18p0729.cern.ch&noUDP&sock=slot1_18_3965_737a_185864>
...
040 (14526942.003.000) 02/14 21:31:07 Finished transferring input files
...
001 (14526942.003.000) 02/14 21:31:08 Job executing on host: <128.142.192.172:9618?addrs=128.142.192.172-9618+[2001-1458-301-56--100-28]-9618&alias=b9g18p0729.cern.ch&noUDP&sock=startd_3209_af81>
	SlotName: slot1_18@b9g18p0729.cern.ch
	CondorScratchDir = "/pool/condor/dir_1755991"
	Cpus = 1
	Disk = 3744
	GPUs = 0
	Memory = 3000
...
006 (14526942.003.000) 02/14 21:31:21 Image size of job updated: 178068
	174  -  MemoryUsage of job (MB)
	178068  -  ResidentSetSize of job (KB)
...
006 (14526942.003.000) 02/14 21:35:26 Image size of job updated: 1468080
	174  -  MemoryUsage of job (MB)
	178092  -  ResidentSetSize of job (KB)
...
040 (14526942.003.000) 02/14 21:35:26 Started transferring output files
...
040 (14526942.003.000) 02/14 21:35:26 Finished transferring output files
...
004 (14526942.003.000) 02/14 21:35:26 Job was evicted.
	(0) CPU times
		Usr 0 00:09:34, Sys 0 00:00:16  -  Run Remote Usage
		Usr 0 00:00:00, Sys 0 00:00:00  -  Run Local Usage
	5551  -  Run Bytes Sent By Job
	12552  -  Run Bytes Received By Job
	Partitionable Resources :    Usage  Request Allocated 
	   Cpus                 :     3.29        1         1 
	   Disk (KB)            :    43          15      3744 
	   GPUs                 :                           0 
	   Memory (MB)          :   174        3000      3000 
	   TimeExecute (s)      :   258                       
	   TimeSlotBusy (s)     :   261                       
...
009 (14526942.003.000) 02/14 21:35:26 Job was aborted.
	via condor_rm (by user driosper)
...
