000 (14526942.001.000) 02/14 21:30:10 Job submitted from host: <188.184.90.62:9618?addrs=188.184.90.62-9618+[2001-1458-201-e4--100-238]-9618&alias=bigbird16.cern.ch&noUDP&sock=schedd_5196_9a2f>
...
040 (14526942.001.000) 02/14 21:31:05 Started transferring input files
	Transferring to host: <188.185.210.62:9618?addrs=188.185.210.62-9618+[2001-1458-303-1--100-3a]-9618&alias=b9p21p9921.cern.ch&noUDP&sock=slot1_7_5345_c932_63425>
...
040 (14526942.001.000) 02/14 21:31:05 Finished transferring input files
...
001 (14526942.001.000) 02/14 21:31:06 Job executing on host: <188.185.210.62:9618?addrs=188.185.210.62-9618+[2001-1458-303-1--100-3a]-9618&alias=b9p21p9921.cern.ch&noUDP&sock=startd_4311_90de>
	SlotName: slot1_7@b9p21p9921.cern.ch
	CondorScratchDir = "/pool/condor/dir_2920834"
	Cpus = 1
	Disk = 3779
	GPUs = 0
	Memory = 3000
...
006 (14526942.001.000) 02/14 21:31:20 Image size of job updated: 391640
	383  -  MemoryUsage of job (MB)
	391640  -  ResidentSetSize of job (KB)
...
006 (14526942.001.000) 02/14 21:35:26 Image size of job updated: 1455868
	383  -  MemoryUsage of job (MB)
	391724  -  ResidentSetSize of job (KB)
...
040 (14526942.001.000) 02/14 21:35:26 Started transferring output files
...
040 (14526942.001.000) 02/14 21:35:26 Finished transferring output files
...
004 (14526942.001.000) 02/14 21:35:26 Job was evicted.
	(0) CPU times
		Usr 0 00:08:11, Sys 0 00:00:21  -  Run Remote Usage
		Usr 0 00:00:00, Sys 0 00:00:00  -  Run Local Usage
	10413  -  Run Bytes Sent By Job
	12552  -  Run Bytes Received By Job
	Partitionable Resources :    Usage  Request Allocated 
	   Cpus                 :     1.85        1         1 
	   Disk (KB)            :    46          15      3779 
	   GPUs                 :                           0 
	   Memory (MB)          :   383        3000      3000 
	   TimeExecute (s)      :   260                       
	   TimeSlotBusy (s)     :   262                       
...
009 (14526942.001.000) 02/14 21:35:26 Job was aborted.
	via condor_rm (by user driosper)
...
