000 (14526942.002.000) 02/14 21:30:10 Job submitted from host: <188.184.90.62:9618?addrs=188.184.90.62-9618+[2001-1458-201-e4--100-238]-9618&alias=bigbird16.cern.ch&noUDP&sock=schedd_5196_9a2f>
...
040 (14526942.002.000) 02/14 21:31:06 Started transferring input files
	Transferring to host: <128.142.192.176:9618?addrs=128.142.192.176-9618+[2001-1458-301-56--100-2c]-9618&alias=b9g18p0460.cern.ch&noUDP&sock=slot1_15_4511_2851_187542>
...
040 (14526942.002.000) 02/14 21:31:06 Finished transferring input files
...
001 (14526942.002.000) 02/14 21:31:07 Job executing on host: <128.142.192.176:9618?addrs=128.142.192.176-9618+[2001-1458-301-56--100-2c]-9618&alias=b9g18p0460.cern.ch&noUDP&sock=startd_3859_8810>
	SlotName: slot1_15@b9g18p0460.cern.ch
	CondorScratchDir = "/pool/condor/dir_249533"
	Cpus = 1
	Disk = 3838
	GPUs = 0
	Memory = 3000
...
006 (14526942.002.000) 02/14 21:31:21 Image size of job updated: 175716
	172  -  MemoryUsage of job (MB)
	175716  -  ResidentSetSize of job (KB)
...
006 (14526942.002.000) 02/14 21:35:26 Image size of job updated: 1282320
	172  -  MemoryUsage of job (MB)
	175744  -  ResidentSetSize of job (KB)
...
040 (14526942.002.000) 02/14 21:35:26 Started transferring output files
...
040 (14526942.002.000) 02/14 21:35:26 Finished transferring output files
...
004 (14526942.002.000) 02/14 21:35:26 Job was evicted.
	(0) CPU times
		Usr 0 00:08:17, Sys 0 00:00:14  -  Run Remote Usage
		Usr 0 00:00:00, Sys 0 00:00:00  -  Run Local Usage
	10440  -  Run Bytes Sent By Job
	12552  -  Run Bytes Received By Job
	Partitionable Resources :    Usage  Request Allocated 
	   Cpus                 :        0        1         1 
	   Disk (KB)            :       45       15      3838 
	   GPUs                 :                           0 
	   Memory (MB)          :      172     3000      3000 
	   TimeExecute (s)      :      259                    
	   TimeSlotBusy (s)     :      261                    
...
009 (14526942.002.000) 02/14 21:35:26 Job was aborted.
	via condor_rm (by user driosper)
...
