000 (14793316.000.000) 03/05 15:53:17 Job submitted from host: <188.184.90.62:9618?addrs=188.184.90.62-9618+[2001-1458-201-e4--100-238]-9618&alias=bigbird16.cern.ch&noUDP&sock=schedd_5196_9a2f>
...
040 (14793316.000.000) 03/05 16:27:10 Started transferring input files
	Transferring to host: <188.185.213.190:9618?addrs=188.185.213.190-9618+[2001-1458-303-1b--100-3a]-9618&alias=b9p28p5433.cern.ch&noUDP&sock=slot1_30_723637_7acc_180130>
...
040 (14793316.000.000) 03/05 16:27:10 Finished transferring input files
...
001 (14793316.000.000) 03/05 16:27:11 Job executing on host: <188.185.213.190:9618?addrs=188.185.213.190-9618+[2001-1458-303-1b--100-3a]-9618&alias=b9p28p5433.cern.ch&noUDP&sock=startd_723596_3f93>
	SlotName: slot1_30@b9p28p5433.cern.ch
	CondorScratchDir = "/pool/condor/dir_523255"
	Cpus = 1
	Disk = 3811
	GPUs = 0
	Memory = 3000
...
006 (14793316.000.000) 03/05 16:27:25 Image size of job updated: 414648
	405  -  MemoryUsage of job (MB)
	414648  -  ResidentSetSize of job (KB)
...
006 (14793316.000.000) 03/05 16:30:02 Image size of job updated: 1855168
	407  -  MemoryUsage of job (MB)
	415996  -  ResidentSetSize of job (KB)
...
040 (14793316.000.000) 03/05 16:30:02 Started transferring output files
...
040 (14793316.000.000) 03/05 16:30:02 Finished transferring output files
...
005 (14793316.000.000) 03/05 16:30:02 Job terminated.
	(1) Normal termination (return value 0)
		Usr 0 00:04:08, Sys 0 00:00:10  -  Run Remote Usage
		Usr 0 00:00:00, Sys 0 00:00:00  -  Run Local Usage
		Usr 0 00:04:08, Sys 0 00:00:10  -  Total Remote Usage
		Usr 0 00:00:00, Sys 0 00:00:00  -  Total Local Usage
	18647  -  Run Bytes Sent By Job
	12873  -  Run Bytes Received By Job
	18647  -  Total Bytes Sent By Job
	12873  -  Total Bytes Received By Job
	Partitionable Resources :    Usage  Request Allocated 
	   Cpus                 :        0        1         1 
	   Disk (KB)            :       54       15      3811 
	   GPUs                 :                           0 
	   Memory (MB)          :      407     3000      3000 
	   TimeExecute (s)      :      171                    
	   TimeSlotBusy (s)     :      173                    

	Job terminated of its own accord at 2026-03-05T15:30:02Z with exit-code 0.
...
