000 (14526953.005.000) 02/14 21:30:30 Job submitted from host: <188.184.90.62:9618?addrs=188.184.90.62-9618+[2001-1458-201-e4--100-238]-9618&alias=bigbird16.cern.ch&noUDP&sock=schedd_5196_9a2f>
...
040 (14526953.005.000) 02/14 21:31:30 Started transferring input files
	Transferring to host: <188.185.212.10:9618?addrs=188.185.212.10-9618+[2001-1458-303-18--100-6]-9618&alias=b9p25p7804.cern.ch&noUDP&sock=slot1_15_4319_e049_158272>
...
040 (14526953.005.000) 02/14 21:31:30 Finished transferring input files
...
001 (14526953.005.000) 02/14 21:31:31 Job executing on host: <188.185.212.10:9618?addrs=188.185.212.10-9618+[2001-1458-303-18--100-6]-9618&alias=b9p25p7804.cern.ch&noUDP&sock=startd_3671_9442>
	SlotName: slot1_15@b9p25p7804.cern.ch
	CondorScratchDir = "/pool/condor/dir_671068"
	Cpus = 1
	Disk = 3885
	GPUs = 0
	Memory = 3000
...
006 (14526953.005.000) 02/14 21:31:45 Image size of job updated: 106660
	105  -  MemoryUsage of job (MB)
	106660  -  ResidentSetSize of job (KB)
...
006 (14526953.005.000) 02/14 21:35:34 Image size of job updated: 2374984
	105  -  MemoryUsage of job (MB)
	106660  -  ResidentSetSize of job (KB)
...
040 (14526953.005.000) 02/14 21:35:34 Started transferring output files
...
040 (14526953.005.000) 02/14 21:35:34 Finished transferring output files
...
004 (14526953.005.000) 02/14 21:35:34 Job was evicted.
	(0) CPU times
		Usr 0 00:06:46, Sys 0 00:00:15  -  Run Remote Usage
		Usr 0 00:00:00, Sys 0 00:00:00  -  Run Local Usage
	6281  -  Run Bytes Sent By Job
	19603  -  Run Bytes Received By Job
	Partitionable Resources :    Usage  Request Allocated 
	   Cpus                 :        0        1         1 
	   Disk (KB)            :       51       22      3885 
	   GPUs                 :                           0 
	   Memory (MB)          :      105     3000      3000 
	   TimeExecute (s)      :      243                    
	   TimeSlotBusy (s)     :      245                    
...
009 (14526953.005.000) 02/14 21:35:34 Job was aborted.
	via condor_rm (by user driosper)
...
