000 (14526953.007.000) 02/14 21:30:30 Job submitted from host: <188.184.90.62:9618?addrs=188.184.90.62-9618+[2001-1458-201-e4--100-238]-9618&alias=bigbird16.cern.ch&noUDP&sock=schedd_5196_9a2f>
...
040 (14526953.007.000) 02/14 21:31:32 Started transferring input files
	Transferring to host: <188.185.193.70:9618?addrs=188.185.193.70-9618+[2001-1458-303-20--100-42]-9618&alias=b9p19p7135.cern.ch&noUDP&sock=slot1_7_4202_7064_142368>
...
040 (14526953.007.000) 02/14 21:31:32 Finished transferring input files
...
001 (14526953.007.000) 02/14 21:31:33 Job executing on host: <188.185.193.70:9618?addrs=188.185.193.70-9618+[2001-1458-303-20--100-42]-9618&alias=b9p19p7135.cern.ch&noUDP&sock=startd_3134_3de6>
	SlotName: slot1_7@b9p19p7135.cern.ch
	CondorScratchDir = "/pool/condor/dir_618933"
	Cpus = 1
	Disk = 3789
	GPUs = 0
	Memory = 3000
...
006 (14526953.007.000) 02/14 21:31:47 Image size of job updated: 143136
	140  -  MemoryUsage of job (MB)
	143136  -  ResidentSetSize of job (KB)
...
006 (14526953.007.000) 02/14 21:35:34 Image size of job updated: 2634552
	140  -  MemoryUsage of job (MB)
	143204  -  ResidentSetSize of job (KB)
...
040 (14526953.007.000) 02/14 21:35:34 Started transferring output files
...
040 (14526953.007.000) 02/14 21:35:34 Finished transferring output files
...
004 (14526953.007.000) 02/14 21:35:34 Job was evicted.
	(0) CPU times
		Usr 0 00:12:52, Sys 0 00:00:16  -  Run Remote Usage
		Usr 0 00:00:00, Sys 0 00:00:00  -  Run Local Usage
	7049  -  Run Bytes Sent By Job
	19603  -  Run Bytes Received By Job
	Partitionable Resources :    Usage  Request Allocated 
	   Cpus                 :     0.01        1         1 
	   Disk (KB)            :    52          22      3789 
	   GPUs                 :                           0 
	   Memory (MB)          :   140        3000      3000 
	   TimeExecute (s)      :   241                       
	   TimeSlotBusy (s)     :   244                       
...
009 (14526953.007.000) 02/14 21:35:34 Job was aborted.
	via condor_rm (by user driosper)
...
