000 (14526953.003.000) 02/14 21:30:30 Job submitted from host: <188.184.90.62:9618?addrs=188.184.90.62-9618+[2001-1458-201-e4--100-238]-9618&alias=bigbird16.cern.ch&noUDP&sock=schedd_5196_9a2f>
...
040 (14526953.003.000) 02/14 21:31:30 Started transferring input files
	Transferring to host: <188.185.209.79:9618?addrs=188.185.209.79-9618+[2001-1458-303-11--100-4c]-9618&alias=b9p11p7130.cern.ch&noUDP&sock=slot1_24_5882_26a8_137731>
...
040 (14526953.003.000) 02/14 21:31:30 Finished transferring input files
...
001 (14526953.003.000) 02/14 21:31:31 Job executing on host: <188.185.209.79:9618?addrs=188.185.209.79-9618+[2001-1458-303-11--100-4c]-9618&alias=b9p11p7130.cern.ch&noUDP&sock=startd_4845_d871>
	SlotName: slot1_24@b9p11p7130.cern.ch
	CondorScratchDir = "/pool/condor/dir_3788765"
	Cpus = 1
	Disk = 3757
	GPUs = 0
	Memory = 3000
...
006 (14526953.003.000) 02/14 21:31:45 Image size of job updated: 243684
	238  -  MemoryUsage of job (MB)
	243684  -  ResidentSetSize of job (KB)
...
006 (14526953.003.000) 02/14 21:35:34 Image size of job updated: 2435756
	242  -  MemoryUsage of job (MB)
	247060  -  ResidentSetSize of job (KB)
...
040 (14526953.003.000) 02/14 21:35:34 Started transferring output files
...
040 (14526953.003.000) 02/14 21:35:34 Finished transferring output files
...
004 (14526953.003.000) 02/14 21:35:34 Job was evicted.
	(0) CPU times
		Usr 0 00:05:58, Sys 0 00:00:12  -  Run Remote Usage
		Usr 0 00:00:00, Sys 0 00:00:00  -  Run Local Usage
	6727  -  Run Bytes Sent By Job
	19603  -  Run Bytes Received By Job
	Partitionable Resources :    Usage  Request Allocated 
	   Cpus                 :     0.03        1         1 
	   Disk (KB)            :    54          22      3757 
	   GPUs                 :                           0 
	   Memory (MB)          :   242        3000      3000 
	   TimeExecute (s)      :   243                       
	   TimeSlotBusy (s)     :   245                       
...
009 (14526953.003.000) 02/14 21:35:34 Job was aborted.
	via condor_rm (by user driosper)
...
