000 (14526950.004.000) 02/14 21:30:24 Job submitted from host: <188.184.90.62:9618?addrs=188.184.90.62-9618+[2001-1458-201-e4--100-238]-9618&alias=bigbird16.cern.ch&noUDP&sock=schedd_5196_9a2f>
...
040 (14526950.004.000) 02/14 21:32:01 Started transferring input files
	Transferring to host: <188.185.207.31:9618?addrs=188.185.207.31-9618+[2001-1458-303-d--100-1c]-9618&alias=b9p07p5284.cern.ch&noUDP&sock=slot1_47_5535_a87a_150245>
...
040 (14526950.004.000) 02/14 21:32:01 Finished transferring input files
...
001 (14526950.004.000) 02/14 21:32:02 Job executing on host: <188.185.207.31:9618?addrs=188.185.207.31-9618+[2001-1458-303-d--100-1c]-9618&alias=b9p07p5284.cern.ch&noUDP&sock=startd_4621_333a>
	SlotName: slot1_47@b9p07p5284.cern.ch
	CondorScratchDir = "/pool/condor/dir_2888427"
	Cpus = 1
	Disk = 3714
	GPUs = 0
	Memory = 3000
...
006 (14526950.004.000) 02/14 21:32:16 Image size of job updated: 619712
	606  -  MemoryUsage of job (MB)
	619712  -  ResidentSetSize of job (KB)
...
006 (14526950.004.000) 02/14 21:35:31 Image size of job updated: 2394252
	606  -  MemoryUsage of job (MB)
	619712  -  ResidentSetSize of job (KB)
...
040 (14526950.004.000) 02/14 21:35:31 Started transferring output files
...
040 (14526950.004.000) 02/14 21:35:31 Finished transferring output files
...
004 (14526950.004.000) 02/14 21:35:31 Job was evicted.
	(0) CPU times
		Usr 0 00:08:59, Sys 0 00:00:14  -  Run Remote Usage
		Usr 0 00:00:00, Sys 0 00:00:00  -  Run Local Usage
	12900  -  Run Bytes Sent By Job
	53086  -  Run Bytes Received By Job
	Partitionable Resources :    Usage  Request Allocated 
	   Cpus                 :                 1         1 
	   Disk (KB)            :       80       75      3714 
	   GPUs                 :                           0 
	   Memory (MB)          :      606     3000      3000 
	   TimeExecute (s)      :      209                    
	   TimeSlotBusy (s)     :      210                    
...
009 (14526950.004.000) 02/14 21:35:31 Job was aborted.
	via condor_rm (by user driosper)
...
