000 (14526950.012.000) 02/14 21:30:24 Job submitted from host: <188.184.90.62:9618?addrs=188.184.90.62-9618+[2001-1458-201-e4--100-238]-9618&alias=bigbird16.cern.ch&noUDP&sock=schedd_5196_9a2f>
...
040 (14526950.012.000) 02/14 21:31:24 Started transferring input files
	Transferring to host: <188.185.209.227:9618?addrs=188.185.209.227-9618+[2001-1458-303-12--100-60]-9618&alias=b9p12p0819.cern.ch&noUDP&sock=slot1_12_5988_d66d_151525>
...
040 (14526950.012.000) 02/14 21:31:24 Finished transferring input files
...
001 (14526950.012.000) 02/14 21:31:25 Job executing on host: <188.185.209.227:9618?addrs=188.185.209.227-9618+[2001-1458-303-12--100-60]-9618&alias=b9p12p0819.cern.ch&noUDP&sock=startd_4960_b9d5>
	SlotName: slot1_12@b9p12p0819.cern.ch
	CondorScratchDir = "/pool/condor/dir_83369"
	Cpus = 1
	Disk = 3702
	GPUs = 0
	Memory = 3000
...
006 (14526950.012.000) 02/14 21:31:39 Image size of job updated: 408740
	400  -  MemoryUsage of job (MB)
	408740  -  ResidentSetSize of job (KB)
...
006 (14526950.012.000) 02/14 21:35:32 Image size of job updated: 2328156
	400  -  MemoryUsage of job (MB)
	408812  -  ResidentSetSize of job (KB)
...
040 (14526950.012.000) 02/14 21:35:32 Started transferring output files
...
040 (14526950.012.000) 02/14 21:35:32 Finished transferring output files
...
004 (14526950.012.000) 02/14 21:35:32 Job was evicted.
	(0) CPU times
		Usr 0 00:09:24, Sys 0 00:00:16  -  Run Remote Usage
		Usr 0 00:00:00, Sys 0 00:00:00  -  Run Local Usage
	12877  -  Run Bytes Sent By Job
	53086  -  Run Bytes Received By Job
	Partitionable Resources :    Usage  Request Allocated 
	   Cpus                 :     1.04        1         1 
	   Disk (KB)            :    88          75      3702 
	   GPUs                 :                           0 
	   Memory (MB)          :   400        3000      3000 
	   TimeExecute (s)      :   247                       
	   TimeSlotBusy (s)     :   249                       
...
009 (14526950.012.000) 02/14 21:35:32 Job was aborted.
	via condor_rm (by user driosper)
...
