000 (14526950.015.000) 02/14 21:30:24 Job submitted from host: <188.184.90.62:9618?addrs=188.184.90.62-9618+[2001-1458-201-e4--100-238]-9618&alias=bigbird16.cern.ch&noUDP&sock=schedd_5196_9a2f>
...
040 (14526950.015.000) 02/14 21:32:03 Started transferring input files
	Transferring to host: <188.185.215.13:9618?addrs=188.185.215.13-9618+[2001-1458-303-1e--100-9]-9618&alias=b9p31p2816.cern.ch&noUDP&sock=slot1_8_5737_fc42_162341>
...
040 (14526950.015.000) 02/14 21:32:03 Finished transferring input files
...
001 (14526950.015.000) 02/14 21:32:04 Job executing on host: <188.185.215.13:9618?addrs=188.185.215.13-9618+[2001-1458-303-1e--100-9]-9618&alias=b9p31p2816.cern.ch&noUDP&sock=startd_4826_d025>
	SlotName: slot1_8@b9p31p2816.cern.ch
	CondorScratchDir = "/pool/condor/dir_1324906"
	Cpus = 1
	Disk = 3781
	GPUs = 0
	Memory = 3000
...
006 (14526950.015.000) 02/14 21:32:19 Image size of job updated: 389108
	380  -  MemoryUsage of job (MB)
	389108  -  ResidentSetSize of job (KB)
...
006 (14526950.015.000) 02/14 21:35:32 Image size of job updated: 2193968
	380  -  MemoryUsage of job (MB)
	389120  -  ResidentSetSize of job (KB)
...
040 (14526950.015.000) 02/14 21:35:32 Started transferring output files
...
040 (14526950.015.000) 02/14 21:35:32 Finished transferring output files
...
004 (14526950.015.000) 02/14 21:35:32 Job was evicted.
	(0) CPU times
		Usr 0 00:06:34, Sys 0 00:00:14  -  Run Remote Usage
		Usr 0 00:00:00, Sys 0 00:00:00  -  Run Local Usage
	12647  -  Run Bytes Sent By Job
	53086  -  Run Bytes Received By Job
	Partitionable Resources :    Usage  Request Allocated 
	   Cpus                 :     2.51        1         1 
	   Disk (KB)            :    88          75      3781 
	   GPUs                 :                           0 
	   Memory (MB)          :   380        3000      3000 
	   TimeExecute (s)      :   208                       
	   TimeSlotBusy (s)     :   209                       
...
009 (14526950.015.000) 02/14 21:35:32 Job was aborted.
	via condor_rm (by user driosper)
...
