000 (14526950.009.000) 02/14 21:30:24 Job submitted from host: <188.184.90.62:9618?addrs=188.184.90.62-9618+[2001-1458-201-e4--100-238]-9618&alias=bigbird16.cern.ch&noUDP&sock=schedd_5196_9a2f>
...
040 (14526950.009.000) 02/14 21:32:02 Started transferring input files
	Transferring to host: <188.185.212.40:9618?addrs=188.185.212.40-9618+[2001-1458-303-18--100-24]-9618&alias=b9p25p1954.cern.ch&noUDP&sock=slot1_30_8655_faf9_159271>
...
040 (14526950.009.000) 02/14 21:32:02 Finished transferring input files
...
001 (14526950.009.000) 02/14 21:32:03 Job executing on host: <188.185.212.40:9618?addrs=188.185.212.40-9618+[2001-1458-303-18--100-24]-9618&alias=b9p25p1954.cern.ch&noUDP&sock=startd_7346_52ce>
	SlotName: slot1_30@b9p25p1954.cern.ch
	CondorScratchDir = "/pool/condor/dir_4182424"
	Cpus = 1
	Disk = 3802
	GPUs = 0
	Memory = 3000
...
006 (14526950.009.000) 02/14 21:32:17 Image size of job updated: 404828
	396  -  MemoryUsage of job (MB)
	404828  -  ResidentSetSize of job (KB)
...
006 (14526950.009.000) 02/14 21:35:32 Image size of job updated: 2489828
	396  -  MemoryUsage of job (MB)
	404904  -  ResidentSetSize of job (KB)
...
040 (14526950.009.000) 02/14 21:35:32 Started transferring output files
...
040 (14526950.009.000) 02/14 21:35:32 Finished transferring output files
...
004 (14526950.009.000) 02/14 21:35:32 Job was evicted.
	(0) CPU times
		Usr 0 00:07:54, Sys 0 00:00:15  -  Run Remote Usage
		Usr 0 00:00:00, Sys 0 00:00:00  -  Run Local Usage
	12684  -  Run Bytes Sent By Job
	53086  -  Run Bytes Received By Job
	Partitionable Resources :    Usage  Request Allocated 
	   Cpus                 :        0        1         1 
	   Disk (KB)            :       88       75      3802 
	   GPUs                 :                           0 
	   Memory (MB)          :      396     3000      3000 
	   TimeExecute (s)      :      209                    
	   TimeSlotBusy (s)     :      210                    
...
009 (14526950.009.000) 02/14 21:35:32 Job was aborted.
	via condor_rm (by user driosper)
...
