000 (14526950.005.000) 02/14 21:30:24 Job submitted from host: <188.184.90.62:9618?addrs=188.184.90.62-9618+[2001-1458-201-e4--100-238]-9618&alias=bigbird16.cern.ch&noUDP&sock=schedd_5196_9a2f>
...
040 (14526950.005.000) 02/14 21:32:02 Started transferring input files
	Transferring to host: <188.185.206.187:9618?addrs=188.185.206.187-9618+[2001-1458-303-c--100-38]-9618&alias=b9p06p6732.cern.ch&noUDP&sock=slot1_14_4257_3106_143972>
...
040 (14526950.005.000) 02/14 21:32:02 Finished transferring input files
...
001 (14526950.005.000) 02/14 21:32:03 Job executing on host: <188.185.206.187:9618?addrs=188.185.206.187-9618+[2001-1458-303-c--100-38]-9618&alias=b9p06p6732.cern.ch&noUDP&sock=startd_3759_f097>
	SlotName: slot1_14@b9p06p6732.cern.ch
	CondorScratchDir = "/pool/condor/dir_2077374"
	Cpus = 1
	Disk = 3623
	GPUs = 0
	Memory = 3000
...
006 (14526950.005.000) 02/14 21:32:17 Image size of job updated: 593108
	580  -  MemoryUsage of job (MB)
	593108  -  ResidentSetSize of job (KB)
...
006 (14526950.005.000) 02/14 21:35:31 Image size of job updated: 2391328
	580  -  MemoryUsage of job (MB)
	593156  -  ResidentSetSize of job (KB)
...
040 (14526950.005.000) 02/14 21:35:31 Started transferring output files
...
040 (14526950.005.000) 02/14 21:35:31 Finished transferring output files
...
004 (14526950.005.000) 02/14 21:35:31 Job was evicted.
	(0) CPU times
		Usr 0 00:08:34, Sys 0 00:00:15  -  Run Remote Usage
		Usr 0 00:00:00, Sys 0 00:00:00  -  Run Local Usage
	12636  -  Run Bytes Sent By Job
	53086  -  Run Bytes Received By Job
	Partitionable Resources :    Usage  Request Allocated 
	   Cpus                 :        0        1         1 
	   Disk (KB)            :       88       75      3623 
	   GPUs                 :                           0 
	   Memory (MB)          :      580     3000      3000 
	   TimeExecute (s)      :      208                    
	   TimeSlotBusy (s)     :      209                    
...
009 (14526950.005.000) 02/14 21:35:31 Job was aborted.
	via condor_rm (by user driosper)
...
