000 (14526950.013.000) 02/14 21:30:24 Job submitted from host: <188.184.90.62:9618?addrs=188.184.90.62-9618+[2001-1458-201-e4--100-238]-9618&alias=bigbird16.cern.ch&noUDP&sock=schedd_5196_9a2f>
...
040 (14526950.013.000) 02/14 21:31:24 Started transferring input files
	Transferring to host: <188.185.204.231:9618?addrs=188.185.204.231-9618+[2001-1458-303-8--100-64]-9618&alias=b9p02p9489.cern.ch&noUDP&sock=slot1_23_1221473_fa60_34119>
...
040 (14526950.013.000) 02/14 21:31:24 Finished transferring input files
...
001 (14526950.013.000) 02/14 21:31:25 Job executing on host: <188.185.204.231:9618?addrs=188.185.204.231-9618+[2001-1458-303-8--100-64]-9618&alias=b9p02p9489.cern.ch&noUDP&sock=startd_5930_10b3>
	SlotName: slot1_23@b9p02p9489.cern.ch
	CondorScratchDir = "/pool/condor/dir_2319551"
	Cpus = 1
	Disk = 3656
	GPUs = 0
	Memory = 3000
...
006 (14526950.013.000) 02/14 21:31:39 Image size of job updated: 520364
	509  -  MemoryUsage of job (MB)
	520364  -  ResidentSetSize of job (KB)
...
006 (14526950.013.000) 02/14 21:35:32 Image size of job updated: 2458424
	509  -  MemoryUsage of job (MB)
	520436  -  ResidentSetSize of job (KB)
...
040 (14526950.013.000) 02/14 21:35:32 Started transferring output files
...
040 (14526950.013.000) 02/14 21:35:32 Finished transferring output files
...
004 (14526950.013.000) 02/14 21:35:32 Job was evicted.
	(0) CPU times
		Usr 0 00:08:25, Sys 0 00:00:13  -  Run Remote Usage
		Usr 0 00:00:00, Sys 0 00:00:00  -  Run Local Usage
	12786  -  Run Bytes Sent By Job
	53086  -  Run Bytes Received By Job
	Partitionable Resources :    Usage  Request Allocated 
	   Cpus                 :        0        1         1 
	   Disk (KB)            :       88       75      3656 
	   GPUs                 :                           0 
	   Memory (MB)          :      509     3000      3000 
	   TimeExecute (s)      :      247                    
	   TimeSlotBusy (s)     :      249                    
...
009 (14526950.013.000) 02/14 21:35:32 Job was aborted.
	via condor_rm (by user driosper)
...
