000 (14526950.018.000) 02/14 21:30:24 Job submitted from host: <188.184.90.62:9618?addrs=188.184.90.62-9618+[2001-1458-201-e4--100-238]-9618&alias=bigbird16.cern.ch&noUDP&sock=schedd_5196_9a2f>
...
040 (14526950.018.000) 02/14 21:31:25 Started transferring input files
	Transferring to host: <188.185.207.31:9618?addrs=188.185.207.31-9618+[2001-1458-303-d--100-1c]-9618&alias=b9p07p5284.cern.ch&noUDP&sock=slot1_10_5535_a87a_150244>
...
040 (14526950.018.000) 02/14 21:31:25 Finished transferring input files
...
001 (14526950.018.000) 02/14 21:31:26 Job executing on host: <188.185.207.31:9618?addrs=188.185.207.31-9618+[2001-1458-303-d--100-1c]-9618&alias=b9p07p5284.cern.ch&noUDP&sock=startd_4621_333a>
	SlotName: slot1_10@b9p07p5284.cern.ch
	CondorScratchDir = "/pool/condor/dir_2880520"
	Cpus = 1
	Disk = 3714
	GPUs = 0
	Memory = 3000
...
006 (14526950.018.000) 02/14 21:31:40 Image size of job updated: 418112
	409  -  MemoryUsage of job (MB)
	418112  -  ResidentSetSize of job (KB)
...
006 (14526950.018.000) 02/14 21:35:33 Image size of job updated: 2368248
	409  -  MemoryUsage of job (MB)
	418228  -  ResidentSetSize of job (KB)
...
040 (14526950.018.000) 02/14 21:35:33 Started transferring output files
...
040 (14526950.018.000) 02/14 21:35:33 Finished transferring output files
...
004 (14526950.018.000) 02/14 21:35:33 Job was evicted.
	(0) CPU times
		Usr 0 00:09:20, Sys 0 00:00:12  -  Run Remote Usage
		Usr 0 00:00:00, Sys 0 00:00:00  -  Run Local Usage
	12577  -  Run Bytes Sent By Job
	53086  -  Run Bytes Received By Job
	Partitionable Resources :    Usage  Request Allocated 
	   Cpus                 :        0        1         1 
	   Disk (KB)            :       88       75      3714 
	   GPUs                 :                           0 
	   Memory (MB)          :      409     3000      3000 
	   TimeExecute (s)      :      247                    
	   TimeSlotBusy (s)     :      249                    
...
009 (14526950.018.000) 02/14 21:35:33 Job was aborted.
	via condor_rm (by user driosper)
...
