000 (14526950.019.000) 02/14 21:30:24 Job submitted from host: <188.184.90.62:9618?addrs=188.184.90.62-9618+[2001-1458-201-e4--100-238]-9618&alias=bigbird16.cern.ch&noUDP&sock=schedd_5196_9a2f>
...
040 (14526950.019.000) 02/14 21:32:04 Started transferring input files
	Transferring to host: <188.185.210.73:9618?addrs=188.185.210.73-9618+[2001-1458-303-1--100-45]-9618&alias=b9p21p2522.cern.ch&noUDP&sock=slot1_24_4104_63a0_161477>
...
040 (14526950.019.000) 02/14 21:32:04 Finished transferring input files
...
001 (14526950.019.000) 02/14 21:32:05 Job executing on host: <188.185.210.73:9618?addrs=188.185.210.73-9618+[2001-1458-303-1--100-45]-9618&alias=b9p21p2522.cern.ch&noUDP&sock=startd_3470_b5b8>
	SlotName: slot1_24@b9p21p2522.cern.ch
	CondorScratchDir = "/pool/condor/dir_3281840"
	Cpus = 1
	Disk = 3805
	GPUs = 0
	Memory = 3000
...
006 (14526950.019.000) 02/14 21:32:19 Image size of job updated: 627816
	614  -  MemoryUsage of job (MB)
	627816  -  ResidentSetSize of job (KB)
...
006 (14526950.019.000) 02/14 21:35:33 Image size of job updated: 2445724
	614  -  MemoryUsage of job (MB)
	627816  -  ResidentSetSize of job (KB)
...
040 (14526950.019.000) 02/14 21:35:33 Started transferring output files
...
040 (14526950.019.000) 02/14 21:35:33 Finished transferring output files
...
004 (14526950.019.000) 02/14 21:35:33 Job was evicted.
	(0) CPU times
		Usr 0 00:09:46, Sys 0 00:00:19  -  Run Remote Usage
		Usr 0 00:00:00, Sys 0 00:00:00  -  Run Local Usage
	12663  -  Run Bytes Sent By Job
	53086  -  Run Bytes Received By Job
	Partitionable Resources :    Usage  Request Allocated 
	   Cpus                 :        0        1         1 
	   Disk (KB)            :       88       75      3805 
	   GPUs                 :                           0 
	   Memory (MB)          :      614     3000      3000 
	   TimeExecute (s)      :      208                    
	   TimeSlotBusy (s)     :      209                    
...
009 (14526950.019.000) 02/14 21:35:33 Job was aborted.
	via condor_rm (by user driosper)
...
