000 (14526950.017.000) 02/14 21:30:24 Job submitted from host: <188.184.90.62:9618?addrs=188.184.90.62-9618+[2001-1458-201-e4--100-238]-9618&alias=bigbird16.cern.ch&noUDP&sock=schedd_5196_9a2f>
...
040 (14526950.017.000) 02/14 21:31:25 Started transferring input files
	Transferring to host: <188.185.204.173:9618?addrs=188.185.204.173-9618+[2001-1458-303-8--100-a1]-9618&alias=b9p02p8393.cern.ch&noUDP&sock=slot1_8_9087_5d0b_149280>
...
040 (14526950.017.000) 02/14 21:31:25 Finished transferring input files
...
001 (14526950.017.000) 02/14 21:31:26 Job executing on host: <188.185.204.173:9618?addrs=188.185.204.173-9618+[2001-1458-303-8--100-a1]-9618&alias=b9p02p8393.cern.ch&noUDP&sock=startd_7626_6153>
	SlotName: slot1_8@b9p02p8393.cern.ch
	CondorScratchDir = "/pool/condor/dir_3358045"
	Cpus = 1
	Disk = 3612
	GPUs = 0
	Memory = 3000
...
006 (14526950.017.000) 02/14 21:31:40 Image size of job updated: 316776
	310  -  MemoryUsage of job (MB)
	316776  -  ResidentSetSize of job (KB)
...
006 (14526950.017.000) 02/14 21:35:33 Image size of job updated: 2356868
	310  -  MemoryUsage of job (MB)
	316820  -  ResidentSetSize of job (KB)
...
040 (14526950.017.000) 02/14 21:35:33 Started transferring output files
...
040 (14526950.017.000) 02/14 21:35:33 Finished transferring output files
...
004 (14526950.017.000) 02/14 21:35:33 Job was evicted.
	(0) CPU times
		Usr 0 00:08:01, Sys 0 00:00:13  -  Run Remote Usage
		Usr 0 00:00:00, Sys 0 00:00:00  -  Run Local Usage
	12414  -  Run Bytes Sent By Job
	53086  -  Run Bytes Received By Job
	Partitionable Resources :    Usage  Request Allocated 
	   Cpus                 :        0        1         1 
	   Disk (KB)            :       88       75      3612 
	   GPUs                 :                           0 
	   Memory (MB)          :      310     3000      3000 
	   TimeExecute (s)      :      247                    
	   TimeSlotBusy (s)     :      249                    
...
009 (14526950.017.000) 02/14 21:35:33 Job was aborted.
	via condor_rm (by user driosper)
...
