000 (14526950.007.000) 02/14 21:30:24 Job submitted from host: <188.184.90.62:9618?addrs=188.184.90.62-9618+[2001-1458-201-e4--100-238]-9618&alias=bigbird16.cern.ch&noUDP&sock=schedd_5196_9a2f>
...
040 (14526950.007.000) 02/14 21:32:02 Started transferring input files
	Transferring to host: <188.185.213.35:9618?addrs=188.185.213.35-9618+[2001-1458-303-1a--100-1f]-9618&alias=b9p27p7165.cern.ch&noUDP&sock=slot1_34_2409124_8c27_78167>
...
040 (14526950.007.000) 02/14 21:32:02 Finished transferring input files
...
001 (14526950.007.000) 02/14 21:32:03 Job executing on host: <188.185.213.35:9618?addrs=188.185.213.35-9618+[2001-1458-303-1a--100-1f]-9618&alias=b9p27p7165.cern.ch&noUDP&sock=startd_2408330_a465>
	SlotName: slot1_34@b9p27p7165.cern.ch
	CondorScratchDir = "/pool/condor/dir_2981256"
	Cpus = 1
	Disk = 3916
	GPUs = 0
	Memory = 3000
...
006 (14526950.007.000) 02/14 21:32:18 Image size of job updated: 334772
	327  -  MemoryUsage of job (MB)
	334772  -  ResidentSetSize of job (KB)
...
006 (14526950.007.000) 02/14 21:35:32 Image size of job updated: 2212456
	327  -  MemoryUsage of job (MB)
	334804  -  ResidentSetSize of job (KB)
...
040 (14526950.007.000) 02/14 21:35:32 Started transferring output files
...
040 (14526950.007.000) 02/14 21:35:32 Finished transferring output files
...
004 (14526950.007.000) 02/14 21:35:32 Job was evicted.
	(0) CPU times
		Usr 0 00:05:13, Sys 0 00:00:11  -  Run Remote Usage
		Usr 0 00:00:00, Sys 0 00:00:00  -  Run Local Usage
	11874  -  Run Bytes Sent By Job
	53086  -  Run Bytes Received By Job
	Partitionable Resources :    Usage  Request Allocated 
	   Cpus                 :        0        1         1 
	   Disk (KB)            :       87       75      3916 
	   GPUs                 :                           0 
	   Memory (MB)          :      327     3000      3000 
	   TimeExecute (s)      :      209                    
	   TimeSlotBusy (s)     :      210                    
...
009 (14526950.007.000) 02/14 21:35:32 Job was aborted.
	via condor_rm (by user driosper)
...
