000 (14526950.010.000) 02/14 21:30:24 Job submitted from host: <188.184.90.62:9618?addrs=188.184.90.62-9618+[2001-1458-201-e4--100-238]-9618&alias=bigbird16.cern.ch&noUDP&sock=schedd_5196_9a2f>
...
040 (14526950.010.000) 02/14 21:31:23 Started transferring input files
	Transferring to host: <188.185.207.173:9618?addrs=188.185.207.173-9618+[2001-1458-303-e--100-2a]-9618&alias=b9p08p2731.cern.ch&noUDP&sock=slot1_11_6002_b3ad_144725>
...
040 (14526950.010.000) 02/14 21:31:23 Finished transferring input files
...
001 (14526950.010.000) 02/14 21:31:24 Job executing on host: <188.185.207.173:9618?addrs=188.185.207.173-9618+[2001-1458-303-e--100-2a]-9618&alias=b9p08p2731.cern.ch&noUDP&sock=startd_4996_6b3e>
	SlotName: slot1_11@b9p08p2731.cern.ch
	CondorScratchDir = "/pool/condor/dir_659477"
	Cpus = 1
	Disk = 3626
	GPUs = 0
	Memory = 3000
...
006 (14526950.010.000) 02/14 21:31:38 Image size of job updated: 540976
	529  -  MemoryUsage of job (MB)
	540976  -  ResidentSetSize of job (KB)
...
006 (14526950.010.000) 02/14 21:35:32 Image size of job updated: 2391356
	529  -  MemoryUsage of job (MB)
	541012  -  ResidentSetSize of job (KB)
...
040 (14526950.010.000) 02/14 21:35:32 Started transferring output files
...
040 (14526950.010.000) 02/14 21:35:32 Finished transferring output files
...
004 (14526950.010.000) 02/14 21:35:32 Job was evicted.
	(0) CPU times
		Usr 0 00:10:17, Sys 0 00:00:15  -  Run Remote Usage
		Usr 0 00:00:00, Sys 0 00:00:00  -  Run Local Usage
	15009  -  Run Bytes Sent By Job
	53086  -  Run Bytes Received By Job
	Partitionable Resources :    Usage  Request Allocated 
	   Cpus                 :     1.80        1         1 
	   Disk (KB)            :    90          75      3626 
	   GPUs                 :                           0 
	   Memory (MB)          :   529        3000      3000 
	   TimeExecute (s)      :   248                       
	   TimeSlotBusy (s)     :   250                       
...
009 (14526950.010.000) 02/14 21:35:32 Job was aborted.
	via condor_rm (by user driosper)
...
