000 (14526950.006.000) 02/14 21:30:24 Job submitted from host: <188.184.90.62:9618?addrs=188.184.90.62-9618+[2001-1458-201-e4--100-238]-9618&alias=bigbird16.cern.ch&noUDP&sock=schedd_5196_9a2f>
...
040 (14526950.006.000) 02/14 21:31:22 Started transferring input files
	Transferring to host: <188.185.204.198:9618?addrs=188.185.204.198-9618+[2001-1458-303-8--100-ba]-9618&alias=b9p02p4655.cern.ch&noUDP&sock=slot1_12_8623_6ef8_105590>
...
040 (14526950.006.000) 02/14 21:31:22 Finished transferring input files
...
001 (14526950.006.000) 02/14 21:31:23 Job executing on host: <188.185.204.198:9618?addrs=188.185.204.198-9618+[2001-1458-303-8--100-ba]-9618&alias=b9p02p4655.cern.ch&noUDP&sock=startd_7142_657c>
	SlotName: slot1_12@b9p02p4655.cern.ch
	CondorScratchDir = "/pool/condor/dir_4014921"
	Cpus = 1
	Disk = 3623
	GPUs = 0
	Memory = 3000
...
006 (14526950.006.000) 02/14 21:31:37 Image size of job updated: 302068
	295  -  MemoryUsage of job (MB)
	302068  -  ResidentSetSize of job (KB)
...
006 (14526950.006.000) 02/14 21:35:31 Image size of job updated: 2438216
	296  -  MemoryUsage of job (MB)
	302112  -  ResidentSetSize of job (KB)
...
040 (14526950.006.000) 02/14 21:35:31 Started transferring output files
...
040 (14526950.006.000) 02/14 21:35:31 Finished transferring output files
...
004 (14526950.006.000) 02/14 21:35:31 Job was evicted.
	(0) CPU times
		Usr 0 00:10:24, Sys 0 00:00:19  -  Run Remote Usage
		Usr 0 00:00:00, Sys 0 00:00:00  -  Run Local Usage
	7998  -  Run Bytes Sent By Job
	53086  -  Run Bytes Received By Job
	Partitionable Resources :    Usage  Request Allocated 
	   Cpus                 :        0        1         1 
	   Disk (KB)            :       86       75      3623 
	   GPUs                 :                           0 
	   Memory (MB)          :      296     3000      3000 
	   TimeExecute (s)      :      248                    
	   TimeSlotBusy (s)     :      250                    
...
009 (14526950.006.000) 02/14 21:35:31 Job was aborted.
	via condor_rm (by user driosper)
...
