000 (14526950.000.000) 02/14 21:30:24 Job submitted from host: <188.184.90.62:9618?addrs=188.184.90.62-9618+[2001-1458-201-e4--100-238]-9618&alias=bigbird16.cern.ch&noUDP&sock=schedd_5196_9a2f>
...
040 (14526950.000.000) 02/14 21:31:21 Started transferring input files
	Transferring to host: <128.142.132.63:9618?addrs=128.142.132.63-9618+[2001-1458-301-5a--100-33]-9618&alias=b9g12p0821.cern.ch&noUDP&sock=slot1_5_2844_9aed_173215>
...
040 (14526950.000.000) 02/14 21:31:21 Finished transferring input files
...
001 (14526950.000.000) 02/14 21:31:22 Job executing on host: <128.142.132.63:9618?addrs=128.142.132.63-9618+[2001-1458-301-5a--100-33]-9618&alias=b9g12p0821.cern.ch&noUDP&sock=startd_2762_14ab>
	SlotName: slot1_5@b9g12p0821.cern.ch
	CondorScratchDir = "/pool/condor/dir_4073617"
	Cpus = 1
	Disk = 2725
	GPUs = 0
	Memory = 3000
...
006 (14526950.000.000) 02/14 21:31:36 Image size of job updated: 244016
	239  -  MemoryUsage of job (MB)
	244016  -  ResidentSetSize of job (KB)
...
006 (14526950.000.000) 02/14 21:35:31 Image size of job updated: 2260080
	239  -  MemoryUsage of job (MB)
	244016  -  ResidentSetSize of job (KB)
...
040 (14526950.000.000) 02/14 21:35:31 Started transferring output files
...
040 (14526950.000.000) 02/14 21:35:31 Finished transferring output files
...
004 (14526950.000.000) 02/14 21:35:31 Job was evicted.
	(0) CPU times
		Usr 0 00:11:37, Sys 0 00:00:13  -  Run Remote Usage
		Usr 0 00:00:00, Sys 0 00:00:00  -  Run Local Usage
	7784  -  Run Bytes Sent By Job
	53086  -  Run Bytes Received By Job
	Partitionable Resources :    Usage  Request Allocated 
	   Cpus                 :     2.81        1         1 
	   Disk (KB)            :    85          75      2725 
	   GPUs                 :                           0 
	   Memory (MB)          :   239        3000      3000 
	   TimeExecute (s)      :   249                       
	   TimeSlotBusy (s)     :   251                       
...
009 (14526950.000.000) 02/14 21:35:31 Job was aborted.
	via condor_rm (by user driosper)
...
