000 (14526950.011.000) 02/14 21:30:24 Job submitted from host: <188.184.90.62:9618?addrs=188.184.90.62-9618+[2001-1458-201-e4--100-238]-9618&alias=bigbird16.cern.ch&noUDP&sock=schedd_5196_9a2f>
...
040 (14526950.011.000) 02/14 21:31:23 Started transferring input files
	Transferring to host: <188.185.209.163:9618?addrs=188.185.209.163-9618+[2001-1458-303-12--100-20]-9618&alias=b9p12p5876.cern.ch&noUDP&sock=slot1_31_10961_c417_147176>
...
040 (14526950.011.000) 02/14 21:31:23 Finished transferring input files
...
001 (14526950.011.000) 02/14 21:31:24 Job executing on host: <188.185.209.163:9618?addrs=188.185.209.163-9618+[2001-1458-303-12--100-20]-9618&alias=b9p12p5876.cern.ch&noUDP&sock=startd_10479_4d05>
	SlotName: slot1_31@b9p12p5876.cern.ch
	CondorScratchDir = "/pool/condor/dir_4176534"
	Cpus = 1
	Disk = 3541
	GPUs = 0
	Memory = 3000
...
006 (14526950.011.000) 02/14 21:31:38 Image size of job updated: 417188
	408  -  MemoryUsage of job (MB)
	417188  -  ResidentSetSize of job (KB)
...
006 (14526950.011.000) 02/14 21:35:32 Image size of job updated: 2351260
	408  -  MemoryUsage of job (MB)
	417416  -  ResidentSetSize of job (KB)
...
040 (14526950.011.000) 02/14 21:35:32 Started transferring output files
...
040 (14526950.011.000) 02/14 21:35:32 Finished transferring output files
...
004 (14526950.011.000) 02/14 21:35:32 Job was evicted.
	(0) CPU times
		Usr 0 00:07:43, Sys 0 00:00:15  -  Run Remote Usage
		Usr 0 00:00:00, Sys 0 00:00:00  -  Run Local Usage
	8217  -  Run Bytes Sent By Job
	53086  -  Run Bytes Received By Job
	Partitionable Resources :    Usage  Request Allocated 
	   Cpus                 :        0        1         1 
	   Disk (KB)            :       86       75      3541 
	   GPUs                 :                           0 
	   Memory (MB)          :      408     3000      3000 
	   TimeExecute (s)      :      248                    
	   TimeSlotBusy (s)     :      250                    
...
009 (14526950.011.000) 02/14 21:35:32 Job was aborted.
	via condor_rm (by user driosper)
...
