000 (14793321.000.000) 03/05 15:53:21 Job submitted from host: <188.184.90.62:9618?addrs=188.184.90.62-9618+[2001-1458-201-e4--100-238]-9618&alias=bigbird16.cern.ch&noUDP&sock=schedd_5196_9a2f>
...
040 (14793321.000.000) 03/05 16:27:14 Started transferring input files
	Transferring to host: <188.185.195.43:9618?addrs=188.185.195.43-9618+[2001-1458-303-22--100-27]-9618&alias=b9p17p6437.cern.ch&noUDP&sock=slot1_40_4117316_577e_7314>
...
040 (14793321.000.000) 03/05 16:27:14 Finished transferring input files
...
001 (14793321.000.000) 03/05 16:27:15 Job executing on host: <188.185.195.43:9618?addrs=188.185.195.43-9618+[2001-1458-303-22--100-27]-9618&alias=b9p17p6437.cern.ch&noUDP&sock=startd_4117274_1512>
	SlotName: slot1_40@b9p17p6437.cern.ch
	CondorScratchDir = "/pool/condor/dir_3731469"
	Cpus = 1
	Disk = 3809
	GPUs = 0
	Memory = 3000
...
006 (14793321.000.000) 03/05 16:27:29 Image size of job updated: 141412
	139  -  MemoryUsage of job (MB)
	141412  -  ResidentSetSize of job (KB)
...
006 (14793321.000.000) 03/05 16:28:46 Image size of job updated: 606424
	139  -  MemoryUsage of job (MB)
	141416  -  ResidentSetSize of job (KB)
...
040 (14793321.000.000) 03/05 16:28:47 Started transferring output files
...
040 (14793321.000.000) 03/05 16:28:48 Finished transferring output files
...
005 (14793321.000.000) 03/05 16:28:56 Job terminated.
	(1) Normal termination (return value 1)
		Usr 0 00:00:43, Sys 0 00:00:02  -  Run Remote Usage
		Usr 0 00:00:00, Sys 0 00:00:00  -  Run Local Usage
		Usr 0 00:00:43, Sys 0 00:00:02  -  Total Remote Usage
		Usr 0 00:00:00, Sys 0 00:00:00  -  Total Local Usage
	10747  -  Run Bytes Sent By Job
	13543  -  Run Bytes Received By Job
	10747  -  Total Bytes Sent By Job
	13543  -  Total Bytes Received By Job
	Partitionable Resources :    Usage  Request Allocated 
	   Cpus                 :        0        1         1 
	   Disk (KB)            :       49       17      3809 
	   GPUs                 :                           0 
	   Memory (MB)          :      139     3000      3000 
	   TimeExecute (s)      :       91                    
	   TimeSlotBusy (s)     :       96                    

	Job terminated of its own accord at 2026-03-05T15:28:46Z with exit-code 1.
...
