subject   : /DC=ch/DC=cern/OU=Organic Units/OU=Users/CN=driosper/CN=886669/CN=Diego Alejandro Rios Perez/CN=2603696693
issuer    : /DC=ch/DC=cern/OU=Organic Units/OU=Users/CN=driosper/CN=886669/CN=Diego Alejandro Rios Perez
identity  : /DC=ch/DC=cern/OU=Organic Units/OU=Users/CN=driosper/CN=886669/CN=Diego Alejandro Rios Perez
type      : RFC compliant proxy
strength  : 2048 bits
path      : /afs/cern.ch/user/d/driosper/private/x509up_u182284
timeleft  : 10:08:00
key usage : Digital Signature, Key Encipherment
=== VO cms extension information ===
VO        : cms
subject   : /DC=ch/DC=cern/OU=Organic Units/OU=Users/CN=driosper/CN=886669/CN=Diego Alejandro Rios Perez
issuer    : /DC=ch/DC=cern/OU=computers/CN=cms-auth.cern.ch
attribute : /cms/Role=NULL/Capability=NULL
timeleft  : 10:08:00
uri       : voms-cms-auth.cern.ch:15000
--workflow qcd_tf_mu --year 2022preEE --output_path /eos/user/d/driosper/bsm3g_coffea/outputs/qcd_tf_mu/2022preEE/TbarWplustoLNu2Q --output_format coffea --dataset TbarWplustoLNu2Q_5 --partition_json /srv/partition_fileset.json
  Preprocessing 100% ━━━━━━━━━━━━━━━━━━ 9/9 [ 0:00:12 < 0:00:00 | 0.8   file/s ]
Merging (local) 100% ━━━━━━━━━━━━━━━━━━ 9/9 [ 0:00:12 < 0:00:00 | ?   merges/s ]
     Processing  15% ━━╸               2/13 [ 0:00:18 < 0:00:05 | 2.5  chunk/s ]
Merging (local) 100% ━━━━━━━━━━━━━━━━━  1/1 [ 0:00:18 < 0:00:00 | ?   merges/s ]
There are 46915 events with muon pt outside of [26,200] GeV. Setting those entries to their initial value.
There are 46917 events with muon pt outside of [26,200] GeV. Setting those entries to their initial value.
There are 205 nan entries in the corrected pt. This might be due to the number of tracker layers hitting boundaries. Setting those entries to their initial value.
There are 35998 events with muon pt outside of [26,200] GeV. Setting those entries to their initial value.
There are 36004 events with muon pt outside of [26,200] GeV. Setting those entries to their initial value.
There are 160 nan entries in the corrected pt. This might be due to the number of tracker layers hitting boundaries. Setting those entries to their initial value.
There are 11166 events with muon pt outside of [26,200] GeV. Setting those entries to their initial value.
There are 11166 events with muon pt outside of [26,200] GeV. Setting those entries to their initial value.
There are 36 nan entries in the corrected pt. This might be due to the number of tracker layers hitting boundaries. Setting those entries to their initial value.
There are 28358 events with muon pt outside of [26,200] GeV. Setting those entries to their initial value.
There are 28361 events with muon pt outside of [26,200] GeV. Setting those entries to their initial value.
There are 103 nan entries in the corrected pt. This might be due to the number of tracker layers hitting boundaries. Setting those entries to their initial value.
There are 36162 events with muon pt outside of [26,200] GeV. Setting those entries to their initial value.
There are 36164 events with muon pt outside of [26,200] GeV. Setting those entries to their initial value.
There are 150 nan entries in the corrected pt. This might be due to the number of tracker layers hitting boundaries. Setting those entries to their initial value.
There are 22275 events with muon pt outside of [26,200] GeV. Setting those entries to their initial value.
There are 22277 events with muon pt outside of [26,200] GeV. Setting those entries to their initial value.
There are 90 nan entries in the corrected pt. This might be due to the number of tracker layers hitting boundaries. Setting those entries to their initial value.
There are 46970 events with muon pt outside of [26,200] GeV. Setting those entries to their initial value.
There are 46975 events with muon pt outside of [26,200] GeV. Setting those entries to their initial value.
There are 199 nan entries in the corrected pt. This might be due to the number of tracker layers hitting boundaries. Setting those entries to their initial value.
There are 36373 events with muon pt outside of [26,200] GeV. Setting those entries to their initial value.
There are 36374 events with muon pt outside of [26,200] GeV. Setting those entries to their initial value.
There are 157 nan entries in the corrected pt. This might be due to the number of tracker layers hitting boundaries. Setting those entries to their initial value.
There are 8236 events with muon pt outside of [26,200] GeV. Setting those entries to their initial value.
There are 8236 events with muon pt outside of [26,200] GeV. Setting those entries to their initial value.
There are 25 nan entries in the corrected pt. This might be due to the number of tracker layers hitting boundaries. Setting those entries to their initial value.
There are 500 events with muon pt outside of [26,200] GeV. Setting those entries to their initial value.
There are 500 events with muon pt outside of [26,200] GeV. Setting those entries to their initial value.
There are 4 nan entries in the corrected pt. This might be due to the number of tracker layers hitting boundaries. Setting those entries to their initial value.
There are 2348 events with muon pt outside of [26,200] GeV. Setting those entries to their initial value.
There are 2348 events with muon pt outside of [26,200] GeV. Setting those entries to their initial value.
There are 4 nan entries in the corrected pt. This might be due to the number of tracker layers hitting boundaries. Setting those entries to their initial value.
There are 36092 events with muon pt outside of [26,200] GeV. Setting those entries to their initial value.
There are 36093 events with muon pt outside of [26,200] GeV. Setting those entries to their initial value.
There are 170 nan entries in the corrected pt. This might be due to the number of tracker layers hitting boundaries. Setting those entries to their initial value.
There are 11964 events with muon pt outside of [26,200] GeV. Setting those entries to their initial value.
There are 11964 events with muon pt outside of [26,200] GeV. Setting those entries to their initial value.
There are 52 nan entries in the corrected pt. This might be due to the number of tracker layers hitting boundaries. Setting those entries to their initial value.
