000 (14793321.002.000) 03/05 15:53:21 Job submitted from host: <188.184.90.62:9618?addrs=188.184.90.62-9618+[2001-1458-201-e4--100-238]-9618&alias=bigbird16.cern.ch&noUDP&sock=schedd_5196_9a2f>
...
040 (14793321.002.000) 03/05 16:27:15 Started transferring input files
	Transferring to host: <188.185.212.155:9618?addrs=188.185.212.155-9618+[2001-1458-303-19--100-17]-9618&alias=b9p26p5848.cern.ch&noUDP&sock=slot1_11_4181933_dd22_99351>
...
040 (14793321.002.000) 03/05 16:27:15 Finished transferring input files
...
001 (14793321.002.000) 03/05 16:27:16 Job executing on host: <188.185.212.155:9618?addrs=188.185.212.155-9618+[2001-1458-303-19--100-17]-9618&alias=b9p26p5848.cern.ch&noUDP&sock=startd_4181807_5a49>
	SlotName: slot1_11@b9p26p5848.cern.ch
	CondorScratchDir = "/pool/condor/dir_2392233"
	Cpus = 1
	Disk = 3874
	GPUs = 0
	Memory = 3000
...
006 (14793321.002.000) 03/05 16:27:30 Image size of job updated: 413492
	404  -  MemoryUsage of job (MB)
	413492  -  ResidentSetSize of job (KB)
...
006 (14793321.002.000) 03/05 16:31:23 Image size of job updated: 2930556
	404  -  MemoryUsage of job (MB)
	413492  -  ResidentSetSize of job (KB)
...
040 (14793321.002.000) 03/05 16:31:23 Started transferring output files
...
040 (14793321.002.000) 03/05 16:31:24 Finished transferring output files
...
005 (14793321.002.000) 03/05 16:31:24 Job terminated.
	(1) Normal termination (return value 1)
		Usr 0 00:04:37, Sys 0 00:00:09  -  Run Remote Usage
		Usr 0 00:00:00, Sys 0 00:00:00  -  Run Local Usage
		Usr 0 00:04:37, Sys 0 00:00:09  -  Total Remote Usage
		Usr 0 00:00:00, Sys 0 00:00:00  -  Total Local Usage
	20319  -  Run Bytes Sent By Job
	13543  -  Run Bytes Received By Job
	20319  -  Total Bytes Sent By Job
	13543  -  Total Bytes Received By Job
	Partitionable Resources :    Usage  Request Allocated 
	   Cpus                 :     0.10        1         1 
	   Disk (KB)            :    59          17      3874 
	   GPUs                 :                           0 
	   Memory (MB)          :   404        3000      3000 
	   TimeExecute (s)      :   247                       
	   TimeSlotBusy (s)     :   250                       

	Job terminated of its own accord at 2026-03-05T15:31:23Z with exit-code 1.
...
