subject   : /DC=ch/DC=cern/OU=Organic Units/OU=Users/CN=driosper/CN=886669/CN=Diego Alejandro Rios Perez/CN=2603696693
issuer    : /DC=ch/DC=cern/OU=Organic Units/OU=Users/CN=driosper/CN=886669/CN=Diego Alejandro Rios Perez
identity  : /DC=ch/DC=cern/OU=Organic Units/OU=Users/CN=driosper/CN=886669/CN=Diego Alejandro Rios Perez
type      : RFC compliant proxy
strength  : 2048 bits
path      : /afs/cern.ch/user/d/driosper/private/x509up_u182284
timeleft  : 10:08:20
key usage : Digital Signature, Key Encipherment
=== VO cms extension information ===
VO        : cms
subject   : /DC=ch/DC=cern/OU=Organic Units/OU=Users/CN=driosper/CN=886669/CN=Diego Alejandro Rios Perez
issuer    : /DC=ch/DC=cern/OU=computers/CN=cms-auth.cern.ch
attribute : /cms/Role=NULL/Capability=NULL
timeleft  : 10:08:20
uri       : voms-cms-auth.cern.ch:15000
--workflow qcd_tf_mu --year 2022preEE --output_path /eos/user/d/driosper/bsm3g_coffea/outputs/qcd_tf_mu/2022preEE/TbarWplustoLNu2Q --output_format coffea --dataset TbarWplustoLNu2Q_2 --partition_json /srv/partition_fileset.json
  Preprocessing 100% ━━━━━━━━━━━━━━━━ 10/10 [ 0:00:17 < 0:00:00 | 0.7   file/s ]
Merging (local) 100% ━━━━━━━━━━━━━━━━ 10/10 [ 0:00:17 < 0:00:00 | ?   merges/s ]
     Processing  17% ━━╸               2/12 [ 0:00:31 < 0:01:18 | 0.1  chunk/s ]
Merging (local) 100% ━━━━━━━━━━━━━━━━━  1/1 [ 0:00:23 < 0:00:00 | ?   merges/s ]
There are 47881 events with muon pt outside of [26,200] GeV. Setting those entries to their initial value.
There are 47884 events with muon pt outside of [26,200] GeV. Setting those entries to their initial value.
There are 211 nan entries in the corrected pt. This might be due to the number of tracker layers hitting boundaries. Setting those entries to their initial value.
There are 35950 events with muon pt outside of [26,200] GeV. Setting those entries to their initial value.
There are 35954 events with muon pt outside of [26,200] GeV. Setting those entries to their initial value.
There are 125 nan entries in the corrected pt. This might be due to the number of tracker layers hitting boundaries. Setting those entries to their initial value.
There are 28572 events with muon pt outside of [26,200] GeV. Setting those entries to their initial value.
There are 28574 events with muon pt outside of [26,200] GeV. Setting those entries to their initial value.
There are 127 nan entries in the corrected pt. This might be due to the number of tracker layers hitting boundaries. Setting those entries to their initial value.
There are 13291 events with muon pt outside of [26,200] GeV. Setting those entries to their initial value.
There are 13291 events with muon pt outside of [26,200] GeV. Setting those entries to their initial value.
There are 50 nan entries in the corrected pt. This might be due to the number of tracker layers hitting boundaries. Setting those entries to their initial value.
There are 35798 events with muon pt outside of [26,200] GeV. Setting those entries to their initial value.
There are 35804 events with muon pt outside of [26,200] GeV. Setting those entries to their initial value.
There are 175 nan entries in the corrected pt. This might be due to the number of tracker layers hitting boundaries. Setting those entries to their initial value.
There are 31517 events with muon pt outside of [26,200] GeV. Setting those entries to their initial value.
There are 31521 events with muon pt outside of [26,200] GeV. Setting those entries to their initial value.
There are 135 nan entries in the corrected pt. This might be due to the number of tracker layers hitting boundaries. Setting those entries to their initial value.
There are 45765 events with muon pt outside of [26,200] GeV. Setting those entries to their initial value.
There are 45768 events with muon pt outside of [26,200] GeV. Setting those entries to their initial value.
There are 192 nan entries in the corrected pt. This might be due to the number of tracker layers hitting boundaries. Setting those entries to their initial value.
There are 15565 events with muon pt outside of [26,200] GeV. Setting those entries to their initial value.
There are 15566 events with muon pt outside of [26,200] GeV. Setting those entries to their initial value.
There are 69 nan entries in the corrected pt. This might be due to the number of tracker layers hitting boundaries. Setting those entries to their initial value.
There are 31329 events with muon pt outside of [26,200] GeV. Setting those entries to their initial value.
There are 31330 events with muon pt outside of [26,200] GeV. Setting those entries to their initial value.
There are 120 nan entries in the corrected pt. This might be due to the number of tracker layers hitting boundaries. Setting those entries to their initial value.
There are 4317 events with muon pt outside of [26,200] GeV. Setting those entries to their initial value.
There are 4317 events with muon pt outside of [26,200] GeV. Setting those entries to their initial value.
There are 15 nan entries in the corrected pt. This might be due to the number of tracker layers hitting boundaries. Setting those entries to their initial value.
There are 9201 events with muon pt outside of [26,200] GeV. Setting those entries to their initial value.
There are 9201 events with muon pt outside of [26,200] GeV. Setting those entries to their initial value.
There are 31 nan entries in the corrected pt. This might be due to the number of tracker layers hitting boundaries. Setting those entries to their initial value.
There are 38409 events with muon pt outside of [26,200] GeV. Setting those entries to their initial value.
There are 38412 events with muon pt outside of [26,200] GeV. Setting those entries to their initial value.
There are 153 nan entries in the corrected pt. This might be due to the number of tracker layers hitting boundaries. Setting those entries to their initial value.
