000 (14793321.001.000) 03/05 15:53:21 Job submitted from host: <188.184.90.62:9618?addrs=188.184.90.62-9618+[2001-1458-201-e4--100-238]-9618&alias=bigbird16.cern.ch&noUDP&sock=schedd_5196_9a2f>
...
040 (14793321.001.000) 03/05 16:27:14 Started transferring input files
	Transferring to host: <188.185.195.12:9618?addrs=188.185.195.12-9618+[2001-1458-303-22--100-8]-9618&alias=b9p17p6034.cern.ch&noUDP&sock=slot1_37_794089_497c_7395>
...
040 (14793321.001.000) 03/05 16:27:14 Finished transferring input files
...
001 (14793321.001.000) 03/05 16:27:16 Job executing on host: <188.185.195.12:9618?addrs=188.185.195.12-9618+[2001-1458-303-22--100-8]-9618&alias=b9p17p6034.cern.ch&noUDP&sock=startd_794048_75dc>
	SlotName: slot1_37@b9p17p6034.cern.ch
	CondorScratchDir = "/pool/condor/dir_2195184"
	Cpus = 1
	Disk = 3766
	GPUs = 0
	Memory = 3000
...
006 (14793321.001.000) 03/05 16:27:29 Image size of job updated: 154244
	151  -  MemoryUsage of job (MB)
	154244  -  ResidentSetSize of job (KB)
...
006 (14793321.001.000) 03/05 16:31:44 Image size of job updated: 2640340
	151  -  MemoryUsage of job (MB)
	154356  -  ResidentSetSize of job (KB)
...
040 (14793321.001.000) 03/05 16:31:44 Started transferring output files
...
040 (14793321.001.000) 03/05 16:31:45 Finished transferring output files
...
005 (14793321.001.000) 03/05 16:31:46 Job terminated.
	(1) Normal termination (return value 1)
		Usr 0 00:06:25, Sys 0 00:00:09  -  Run Remote Usage
		Usr 0 00:00:00, Sys 0 00:00:00  -  Run Local Usage
		Usr 0 00:06:25, Sys 0 00:00:09  -  Total Remote Usage
		Usr 0 00:00:00, Sys 0 00:00:00  -  Total Local Usage
	18482  -  Run Bytes Sent By Job
	13543  -  Run Bytes Received By Job
	18482  -  Total Bytes Sent By Job
	13543  -  Total Bytes Received By Job
	Partitionable Resources :    Usage  Request Allocated 
	   Cpus                 :        0        1         1 
	   Disk (KB)            :       57       17      3766 
	   GPUs                 :                           0 
	   Memory (MB)          :      151     3000      3000 
	   TimeExecute (s)      :      269                    
	   TimeSlotBusy (s)     :      271                    

	Job terminated of its own accord at 2026-03-05T15:31:44Z with exit-code 1.
...
