000 (14793321.004.000) 03/05 15:53:21 Job submitted from host: <188.184.90.62:9618?addrs=188.184.90.62-9618+[2001-1458-201-e4--100-238]-9618&alias=bigbird16.cern.ch&noUDP&sock=schedd_5196_9a2f>
...
040 (14793321.004.000) 03/05 16:27:35 Started transferring input files
	Transferring to host: <188.185.215.200:9618?addrs=188.185.215.200-9618+[2001-1458-303-26--100-44]-9618&alias=b9p18p2899.cern.ch&noUDP&sock=slot1_36_4442_8a6e_182154>
...
040 (14793321.004.000) 03/05 16:27:35 Finished transferring input files
...
001 (14793321.004.000) 03/05 16:27:36 Job executing on host: <188.185.215.200:9618?addrs=188.185.215.200-9618+[2001-1458-303-26--100-44]-9618&alias=b9p18p2899.cern.ch&noUDP&sock=startd_3772_db52>
	SlotName: slot1_36@b9p18p2899.cern.ch
	CondorScratchDir = "/pool/condor/dir_1932523"
	Cpus = 1
	Disk = 3785
	GPUs = 0
	Memory = 3000
...
006 (14793321.004.000) 03/05 16:27:50 Image size of job updated: 561668
	549  -  MemoryUsage of job (MB)
	561668  -  ResidentSetSize of job (KB)
...
006 (14793321.004.000) 03/05 16:29:46 Image size of job updated: 2609848
	549  -  MemoryUsage of job (MB)
	562048  -  ResidentSetSize of job (KB)
...
040 (14793321.004.000) 03/05 16:29:46 Started transferring output files
...
040 (14793321.004.000) 03/05 16:29:47 Finished transferring output files
...
005 (14793321.004.000) 03/05 16:29:47 Job terminated.
	(1) Normal termination (return value 1)
		Usr 0 00:03:57, Sys 0 00:00:09  -  Run Remote Usage
		Usr 0 00:00:00, Sys 0 00:00:00  -  Run Local Usage
		Usr 0 00:03:57, Sys 0 00:00:09  -  Total Remote Usage
		Usr 0 00:00:00, Sys 0 00:00:00  -  Total Local Usage
	18629  -  Run Bytes Sent By Job
	13543  -  Run Bytes Received By Job
	18629  -  Total Bytes Sent By Job
	13543  -  Total Bytes Received By Job
	Partitionable Resources :    Usage  Request Allocated 
	   Cpus                 :        0        1         1 
	   Disk (KB)            :       58       17      3785 
	   GPUs                 :                           0 
	   Memory (MB)          :      549     3000      3000 
	   TimeExecute (s)      :      130                    
	   TimeSlotBusy (s)     :      133                    

	Job terminated of its own accord at 2026-03-05T15:29:46Z with exit-code 1.
...
