000 (14788595.003.000) 03/03 04:17:54 Job submitted from host: <188.184.90.62:9618?addrs=188.184.90.62-9618+[2001-1458-201-e4--100-238]-9618&alias=bigbird16.cern.ch&noUDP&sock=schedd_5196_9a2f>
...
040 (14788595.003.000) 03/03 04:18:26 Started transferring input files
	Transferring to host: <188.185.213.12:9618?addrs=188.185.213.12-9618+[2001-1458-303-1a--100-8]-9618&alias=b9p27p7000.cern.ch&noUDP&sock=slot1_51_3957_d07a_176545>
...
040 (14788595.003.000) 03/03 04:18:26 Finished transferring input files
...
001 (14788595.003.000) 03/03 04:18:27 Job executing on host: <188.185.213.12:9618?addrs=188.185.213.12-9618+[2001-1458-303-1a--100-8]-9618&alias=b9p27p7000.cern.ch&noUDP&sock=startd_3308_9761>
	SlotName: slot1_51@b9p27p7000.cern.ch
	CondorScratchDir = "/pool/condor/dir_3237646"
	Cpus = 1
	Disk = 3748
	GPUs = 0
	Memory = 3000
...
006 (14788595.003.000) 03/03 04:18:42 Image size of job updated: 471324
	461  -  MemoryUsage of job (MB)
	471324  -  ResidentSetSize of job (KB)
...
006 (14788595.003.000) 03/03 04:23:24 Image size of job updated: 2531796
	461  -  MemoryUsage of job (MB)
	471324  -  ResidentSetSize of job (KB)
...
040 (14788595.003.000) 03/03 04:23:24 Started transferring output files
...
040 (14788595.003.000) 03/03 04:23:25 Finished transferring output files
...
005 (14788595.003.000) 03/03 04:23:25 Job terminated.
	(1) Normal termination (return value 1)
		Usr 0 00:05:18, Sys 0 00:00:10  -  Run Remote Usage
		Usr 0 00:00:00, Sys 0 00:00:00  -  Run Local Usage
		Usr 0 00:05:18, Sys 0 00:00:10  -  Total Remote Usage
		Usr 0 00:00:00, Sys 0 00:00:00  -  Total Local Usage
	19151  -  Run Bytes Sent By Job
	12890  -  Run Bytes Received By Job
	19151  -  Total Bytes Sent By Job
	12890  -  Total Bytes Received By Job
	Partitionable Resources :    Usage  Request Allocated 
	   Cpus                 :     1.86        1         1 
	   Disk (KB)            :    57          15      3748 
	   GPUs                 :                           0 
	   Memory (MB)          :   461        3000      3000 
	   TimeExecute (s)      :   297                       
	   TimeSlotBusy (s)     :   300                       

	Job terminated of its own accord at 2026-03-03T03:23:24Z with exit-code 1.
...
