000 (14788595.000.000) 03/03 04:17:54 Job submitted from host: <188.184.90.62:9618?addrs=188.184.90.62-9618+[2001-1458-201-e4--100-238]-9618&alias=bigbird16.cern.ch&noUDP&sock=schedd_5196_9a2f>
...
040 (14788595.000.000) 03/03 04:18:25 Started transferring input files
	Transferring to host: <188.185.212.67:9618?addrs=188.185.212.67-9618+[2001-1458-303-18--100-3f]-9618&alias=b9p25p2237.cern.ch&noUDP&sock=slot1_27_3768_a592_181199>
...
040 (14788595.000.000) 03/03 04:18:25 Finished transferring input files
...
001 (14788595.000.000) 03/03 04:18:26 Job executing on host: <188.185.212.67:9618?addrs=188.185.212.67-9618+[2001-1458-303-18--100-3f]-9618&alias=b9p25p2237.cern.ch&noUDP&sock=startd_3088_b08b>
	SlotName: slot1_27@b9p25p2237.cern.ch
	CondorScratchDir = "/pool/condor/dir_2233335"
	Cpus = 1
	Disk = 3771
	GPUs = 0
	Memory = 3000
...
006 (14788595.000.000) 03/03 04:18:40 Image size of job updated: 589332
	576  -  MemoryUsage of job (MB)
	589332  -  ResidentSetSize of job (KB)
...
006 (14788595.000.000) 03/03 04:20:08 Image size of job updated: 1743076
	576  -  MemoryUsage of job (MB)
	589364  -  ResidentSetSize of job (KB)
...
040 (14788595.000.000) 03/03 04:20:08 Started transferring output files
...
040 (14788595.000.000) 03/03 04:20:08 Finished transferring output files
...
005 (14788595.000.000) 03/03 04:20:09 Job terminated.
	(1) Normal termination (return value 1)
		Usr 0 00:03:00, Sys 0 00:00:09  -  Run Remote Usage
		Usr 0 00:00:00, Sys 0 00:00:00  -  Run Local Usage
		Usr 0 00:03:00, Sys 0 00:00:09  -  Total Remote Usage
		Usr 0 00:00:00, Sys 0 00:00:00  -  Total Local Usage
	17286  -  Run Bytes Sent By Job
	12890  -  Run Bytes Received By Job
	17286  -  Total Bytes Sent By Job
	12890  -  Total Bytes Received By Job
	Partitionable Resources :    Usage  Request Allocated 
	   Cpus                 :        0        1         1 
	   Disk (KB)            :       55       15      3771 
	   GPUs                 :                           0 
	   Memory (MB)          :      576     3000      3000 
	   TimeExecute (s)      :      102                    
	   TimeSlotBusy (s)     :      105                    

	Job terminated of its own accord at 2026-03-03T03:20:08Z with exit-code 1.
...
