000 (14788595.002.000) 03/03 04:17:54 Job submitted from host: <188.184.90.62:9618?addrs=188.184.90.62-9618+[2001-1458-201-e4--100-238]-9618&alias=bigbird16.cern.ch&noUDP&sock=schedd_5196_9a2f>
...
040 (14788595.002.000) 03/03 04:18:26 Started transferring input files
	Transferring to host: <188.185.207.217:9618?addrs=188.185.207.217-9618+[2001-1458-303-e--100-56]-9618&alias=b9p08p3770.cern.ch&noUDP&sock=slot1_35_4420_0a2d_156294>
...
040 (14788595.002.000) 03/03 04:18:26 Finished transferring input files
...
001 (14788595.002.000) 03/03 04:18:27 Job executing on host: <188.185.207.217:9618?addrs=188.185.207.217-9618+[2001-1458-303-e--100-56]-9618&alias=b9p08p3770.cern.ch&noUDP&sock=startd_3733_1b21>
	SlotName: slot1_35@b9p08p3770.cern.ch
	CondorScratchDir = "/pool/condor/dir_3240432"
	Cpus = 1
	Disk = 3835
	GPUs = 0
	Memory = 3000
...
006 (14788595.002.000) 03/03 04:18:41 Image size of job updated: 547684
	535  -  MemoryUsage of job (MB)
	547684  -  ResidentSetSize of job (KB)
...
006 (14788595.002.000) 03/03 04:20:45 Image size of job updated: 2467420
	535  -  MemoryUsage of job (MB)
	547748  -  ResidentSetSize of job (KB)
...
040 (14788595.002.000) 03/03 04:20:45 Started transferring output files
...
040 (14788595.002.000) 03/03 04:20:45 Finished transferring output files
...
005 (14788595.002.000) 03/03 04:20:45 Job terminated.
	(1) Normal termination (return value 1)
		Usr 0 00:03:42, Sys 0 00:00:10  -  Run Remote Usage
		Usr 0 00:00:00, Sys 0 00:00:00  -  Run Local Usage
		Usr 0 00:03:42, Sys 0 00:00:10  -  Total Remote Usage
		Usr 0 00:00:00, Sys 0 00:00:00  -  Total Local Usage
	22877  -  Run Bytes Sent By Job
	12890  -  Run Bytes Received By Job
	22877  -  Total Bytes Sent By Job
	12890  -  Total Bytes Received By Job
	Partitionable Resources :    Usage  Request Allocated 
	   Cpus                 :     0.06        1         1 
	   Disk (KB)            :    61          15      3835 
	   GPUs                 :                           0 
	   Memory (MB)          :   535        3000      3000 
	   TimeExecute (s)      :   138                       
	   TimeSlotBusy (s)     :   140                       

	Job terminated of its own accord at 2026-03-03T03:20:45Z with exit-code 1.
...
