000 (14788595.001.000) 03/03 04:17:54 Job submitted from host: <188.184.90.62:9618?addrs=188.184.90.62-9618+[2001-1458-201-e4--100-238]-9618&alias=bigbird16.cern.ch&noUDP&sock=schedd_5196_9a2f>
...
040 (14788595.001.000) 03/03 04:18:26 Started transferring input files
	Transferring to host: <188.185.212.9:9618?addrs=188.185.212.9-9618+[2001-1458-303-18--100-5]-9618&alias=b9p25p9706.cern.ch&noUDP&sock=slot1_29_10234_8759_174331>
...
040 (14788595.001.000) 03/03 04:18:26 Finished transferring input files
...
001 (14788595.001.000) 03/03 04:18:27 Job executing on host: <188.185.212.9:9618?addrs=188.185.212.9-9618+[2001-1458-303-18--100-5]-9618&alias=b9p25p9706.cern.ch&noUDP&sock=startd_9592_e484>
	SlotName: slot1_29@b9p25p9706.cern.ch
	CondorScratchDir = "/pool/condor/dir_566834"
	Cpus = 1
	Disk = 3841
	GPUs = 0
	Memory = 3000
...
006 (14788595.001.000) 03/03 04:18:41 Image size of job updated: 589952
	577  -  MemoryUsage of job (MB)
	589952  -  ResidentSetSize of job (KB)
...
006 (14788595.001.000) 03/03 04:20:51 Image size of job updated: 2393148
	577  -  MemoryUsage of job (MB)
	590048  -  ResidentSetSize of job (KB)
...
040 (14788595.001.000) 03/03 04:20:51 Started transferring output files
...
040 (14788595.001.000) 03/03 04:20:51 Finished transferring output files
...
005 (14788595.001.000) 03/03 04:20:51 Job terminated.
	(1) Normal termination (return value 1)
		Usr 0 00:04:27, Sys 0 00:00:11  -  Run Remote Usage
		Usr 0 00:00:00, Sys 0 00:00:00  -  Run Local Usage
		Usr 0 00:04:27, Sys 0 00:00:11  -  Total Remote Usage
		Usr 0 00:00:00, Sys 0 00:00:00  -  Total Local Usage
	23661  -  Run Bytes Sent By Job
	12890  -  Run Bytes Received By Job
	23661  -  Total Bytes Sent By Job
	12890  -  Total Bytes Received By Job
	Partitionable Resources :    Usage  Request Allocated 
	   Cpus                 :        0        1         1 
	   Disk (KB)            :       59       15      3841 
	   GPUs                 :                           0 
	   Memory (MB)          :      577     3000      3000 
	   TimeExecute (s)      :      144                    
	   TimeSlotBusy (s)     :      146                    

	Job terminated of its own accord at 2026-03-03T03:20:51Z with exit-code 1.
...
