subject   : /DC=ch/DC=cern/OU=Organic Units/OU=Users/CN=driosper/CN=886669/CN=Diego Alejandro Rios Perez/CN=2735051137
issuer    : /DC=ch/DC=cern/OU=Organic Units/OU=Users/CN=driosper/CN=886669/CN=Diego Alejandro Rios Perez
identity  : /DC=ch/DC=cern/OU=Organic Units/OU=Users/CN=driosper/CN=886669/CN=Diego Alejandro Rios Perez
type      : RFC compliant proxy
strength  : 2048 bits
path      : /afs/cern.ch/user/d/driosper/private/x509up_u182284
timeleft  : 5:19:06
key usage : Digital Signature, Key Encipherment
=== VO cms extension information ===
VO        : cms
subject   : /DC=ch/DC=cern/OU=Organic Units/OU=Users/CN=driosper/CN=886669/CN=Diego Alejandro Rios Perez
issuer    : /DC=ch/DC=cern/OU=computers/CN=cms-auth.cern.ch
attribute : /cms/Role=NULL/Capability=NULL
timeleft  : 5:19:06
uri       : voms-cms-auth.cern.ch:15000
--workflow 2b1mu --year 2022preEE --output_path /eos/user/d/driosper/bsm3g_coffea/outputs/2b1mu/2022preEE/TWminusto4Q --output_format coffea --dataset TWminusto4Q_3 --partition_json /srv/partition_fileset.json
  Preprocessing 100% ━━━━━━━━━━━━━━━━ 10/10 [ 0:00:11 < 0:00:00 | 0.9   file/s ]
Merging (local) 100% ━━━━━━━━━━━━━━━━ 10/10 [ 0:00:11 < 0:00:00 | ?   merges/s ]
     Processing  25% ━━━━              3/12 [ 0:00:32 < 0:00:23 | 0.4  chunk/s ]
Merging (local) 100% ━━━━━━━━━━━━━━━━━  2/2 [ 0:00:28 < 0:00:00 | ?   merges/s ]
There are 9095 events with muon pt outside of [26,200] GeV. Setting those entries to their initial value.
There are 9095 events with muon pt outside of [26,200] GeV. Setting those entries to their initial value.
There are 27 nan entries in the corrected pt. This might be due to the number of tracker layers hitting boundaries. Setting those entries to their initial value.
There are 37193 events with muon pt outside of [26,200] GeV. Setting those entries to their initial value.
There are 37194 events with muon pt outside of [26,200] GeV. Setting those entries to their initial value.
There are 128 nan entries in the corrected pt. This might be due to the number of tracker layers hitting boundaries. Setting those entries to their initial value.
There are 1966 events with muon pt outside of [26,200] GeV. Setting those entries to their initial value.
There are 1966 events with muon pt outside of [26,200] GeV. Setting those entries to their initial value.
There are 10 nan entries in the corrected pt. This might be due to the number of tracker layers hitting boundaries. Setting those entries to their initial value.
There are 39988 events with muon pt outside of [26,200] GeV. Setting those entries to their initial value.
There are 39991 events with muon pt outside of [26,200] GeV. Setting those entries to their initial value.
There are 122 nan entries in the corrected pt. This might be due to the number of tracker layers hitting boundaries. Setting those entries to their initial value.
There are 8202 events with muon pt outside of [26,200] GeV. Setting those entries to their initial value.
There are 8202 events with muon pt outside of [26,200] GeV. Setting those entries to their initial value.
There are 20 nan entries in the corrected pt. This might be due to the number of tracker layers hitting boundaries. Setting those entries to their initial value.
There are 21875 events with muon pt outside of [26,200] GeV. Setting those entries to their initial value.
There are 21876 events with muon pt outside of [26,200] GeV. Setting those entries to their initial value.
There are 77 nan entries in the corrected pt. This might be due to the number of tracker layers hitting boundaries. Setting those entries to their initial value.
There are 7805 events with muon pt outside of [26,200] GeV. Setting those entries to their initial value.
There are 7805 events with muon pt outside of [26,200] GeV. Setting those entries to their initial value.
There are 30 nan entries in the corrected pt. This might be due to the number of tracker layers hitting boundaries. Setting those entries to their initial value.
There are 39789 events with muon pt outside of [26,200] GeV. Setting those entries to their initial value.
There are 39791 events with muon pt outside of [26,200] GeV. Setting those entries to their initial value.
There are 123 nan entries in the corrected pt. This might be due to the number of tracker layers hitting boundaries. Setting those entries to their initial value.
There are 36633 events with muon pt outside of [26,200] GeV. Setting those entries to their initial value.
There are 36633 events with muon pt outside of [26,200] GeV. Setting those entries to their initial value.
There are 113 nan entries in the corrected pt. This might be due to the number of tracker layers hitting boundaries. Setting those entries to their initial value.
There are 40607 events with muon pt outside of [26,200] GeV. Setting those entries to their initial value.
There are 40607 events with muon pt outside of [26,200] GeV. Setting those entries to their initial value.
There are 111 nan entries in the corrected pt. This might be due to the number of tracker layers hitting boundaries. Setting those entries to their initial value.
There are 37644 events with muon pt outside of [26,200] GeV. Setting those entries to their initial value.
There are 37646 events with muon pt outside of [26,200] GeV. Setting those entries to their initial value.
There are 133 nan entries in the corrected pt. This might be due to the number of tracker layers hitting boundaries. Setting those entries to their initial value.
There are 12965 events with muon pt outside of [26,200] GeV. Setting those entries to their initial value.
There are 12965 events with muon pt outside of [26,200] GeV. Setting those entries to their initial value.
There are 34 nan entries in the corrected pt. This might be due to the number of tracker layers hitting boundaries. Setting those entries to their initial value.
