000 (14788595.004.000) 03/03 04:17:54 Job submitted from host: <188.184.90.62:9618?addrs=188.184.90.62-9618+[2001-1458-201-e4--100-238]-9618&alias=bigbird16.cern.ch&noUDP&sock=schedd_5196_9a2f>
...
040 (14788595.004.000) 03/03 04:18:27 Started transferring input files
	Transferring to host: <188.185.211.209:9618?addrs=188.185.211.209-9618+[2001-1458-303-17--100-4d]-9618&alias=b9p24p0704.cern.ch&noUDP&sock=slot1_25_986440_f7aa_98885>
...
040 (14788595.004.000) 03/03 04:18:27 Finished transferring input files
...
001 (14788595.004.000) 03/03 04:18:28 Job executing on host: <188.185.211.209:9618?addrs=188.185.211.209-9618+[2001-1458-303-17--100-4d]-9618&alias=b9p24p0704.cern.ch&noUDP&sock=startd_986337_b871>
	SlotName: slot1_25@b9p24p0704.cern.ch
	CondorScratchDir = "/pool/condor/dir_1531831"
	Cpus = 1
	Disk = 3921
	GPUs = 0
	Memory = 3000
...
006 (14788595.004.000) 03/03 04:18:43 Image size of job updated: 461576
	451  -  MemoryUsage of job (MB)
	461576  -  ResidentSetSize of job (KB)
...
006 (14788595.004.000) 03/03 04:22:27 Image size of job updated: 2004396
	451  -  MemoryUsage of job (MB)
	461576  -  ResidentSetSize of job (KB)
...
040 (14788595.004.000) 03/03 04:22:27 Started transferring output files
...
040 (14788595.004.000) 03/03 04:22:27 Finished transferring output files
...
005 (14788595.004.000) 03/03 04:22:27 Job terminated.
	(1) Normal termination (return value 1)
		Usr 0 00:03:30, Sys 0 00:00:10  -  Run Remote Usage
		Usr 0 00:00:00, Sys 0 00:00:00  -  Run Local Usage
		Usr 0 00:03:30, Sys 0 00:00:10  -  Total Remote Usage
		Usr 0 00:00:00, Sys 0 00:00:00  -  Total Local Usage
	17058  -  Run Bytes Sent By Job
	12890  -  Run Bytes Received By Job
	17058  -  Total Bytes Sent By Job
	12890  -  Total Bytes Received By Job
	Partitionable Resources :    Usage  Request Allocated 
	   Cpus                 :        0        1         1 
	   Disk (KB)            :       55       15      3921 
	   GPUs                 :                           0 
	   Memory (MB)          :      451     3000      3000 
	   TimeExecute (s)      :      239                    
	   TimeSlotBusy (s)     :      241                    

	Job terminated of its own accord at 2026-03-03T03:22:27Z with exit-code 1.
...
