000 (14793327.002.000) 03/05 15:53:27 Job submitted from host: <188.184.90.62:9618?addrs=188.184.90.62-9618+[2001-1458-201-e4--100-238]-9618&alias=bigbird16.cern.ch&noUDP&sock=schedd_5196_9a2f>
...
040 (14793327.002.000) 03/05 16:27:26 Started transferring input files
	Transferring to host: <188.185.215.179:9618?addrs=188.185.215.179-9618+[2001-1458-303-26--100-2f]-9618&alias=b9p18p2706.cern.ch&noUDP&sock=slot1_31_7211_8d3e_177296>
...
040 (14793327.002.000) 03/05 16:27:27 Finished transferring input files
...
001 (14793327.002.000) 03/05 16:27:28 Job executing on host: <188.185.215.179:9618?addrs=188.185.215.179-9618+[2001-1458-303-26--100-2f]-9618&alias=b9p18p2706.cern.ch&noUDP&sock=startd_6436_239f>
	SlotName: slot1_31@b9p18p2706.cern.ch
	CondorScratchDir = "/pool/condor/dir_2672649"
	Cpus = 1
	Disk = 3823
	GPUs = 0
	Memory = 3000
...
006 (14793327.002.000) 03/05 16:27:42 Image size of job updated: 421068
	412  -  MemoryUsage of job (MB)
	421068  -  ResidentSetSize of job (KB)
...
006 (14793327.002.000) 03/05 16:29:25 Image size of job updated: 1807784
	412  -  MemoryUsage of job (MB)
	421156  -  ResidentSetSize of job (KB)
...
040 (14793327.002.000) 03/05 16:29:25 Started transferring output files
...
040 (14793327.002.000) 03/05 16:29:25 Finished transferring output files
...
005 (14793327.002.000) 03/05 16:29:25 Job terminated.
	(1) Normal termination (return value 1)
		Usr 0 00:03:12, Sys 0 00:00:08  -  Run Remote Usage
		Usr 0 00:00:00, Sys 0 00:00:00  -  Run Local Usage
		Usr 0 00:03:12, Sys 0 00:00:08  -  Total Remote Usage
		Usr 0 00:00:00, Sys 0 00:00:00  -  Total Local Usage
	17314  -  Run Bytes Sent By Job
	11575  -  Run Bytes Received By Job
	17314  -  Total Bytes Sent By Job
	11575  -  Total Bytes Received By Job
	Partitionable Resources :    Usage  Request Allocated 
	   Cpus                 :     1.50        1         1 
	   Disk (KB)            :    54          15      3823 
	   GPUs                 :                           0 
	   Memory (MB)          :   412        3000      3000 
	   TimeExecute (s)      :   118                       
	   TimeSlotBusy (s)     :   120                       

	Job terminated of its own accord at 2026-03-05T15:29:25Z with exit-code 1.
...
