000 (14793327.003.000) 03/05 15:53:27 Job submitted from host: <188.184.90.62:9618?addrs=188.184.90.62-9618+[2001-1458-201-e4--100-238]-9618&alias=bigbird16.cern.ch&noUDP&sock=schedd_5196_9a2f>
...
040 (14793327.003.000) 03/05 16:27:27 Started transferring input files
	Transferring to host: <188.185.192.30:9618?addrs=188.185.192.30-9618+[2001-1458-303-1f--100-1a]-9618&alias=b9p13p4361.cern.ch&noUDP&sock=slot1_9_2272204_0568_167378>
...
040 (14793327.003.000) 03/05 16:27:27 Finished transferring input files
...
001 (14793327.003.000) 03/05 16:27:28 Job executing on host: <188.185.192.30:9618?addrs=188.185.192.30-9618+[2001-1458-303-1f--100-1a]-9618&alias=b9p13p4361.cern.ch&noUDP&sock=startd_2700_8dcc>
	SlotName: slot1_9@b9p13p4361.cern.ch
	CondorScratchDir = "/pool/condor/dir_1977735"
	Cpus = 1
	Disk = 3869
	GPUs = 0
	Memory = 3000
...
006 (14793327.003.000) 03/05 16:27:43 Image size of job updated: 154316
	151  -  MemoryUsage of job (MB)
	154316  -  ResidentSetSize of job (KB)
...
006 (14793327.003.000) 03/05 16:30:02 Image size of job updated: 2157856
	151  -  MemoryUsage of job (MB)
	154316  -  ResidentSetSize of job (KB)
...
040 (14793327.003.000) 03/05 16:30:02 Started transferring output files
...
040 (14793327.003.000) 03/05 16:30:02 Finished transferring output files
...
005 (14793327.003.000) 03/05 16:30:03 Job terminated.
	(1) Normal termination (return value 1)
		Usr 0 00:05:50, Sys 0 00:00:08  -  Run Remote Usage
		Usr 0 00:00:00, Sys 0 00:00:00  -  Run Local Usage
		Usr 0 00:05:50, Sys 0 00:00:08  -  Total Remote Usage
		Usr 0 00:00:00, Sys 0 00:00:00  -  Total Local Usage
	17685  -  Run Bytes Sent By Job
	11575  -  Run Bytes Received By Job
	17685  -  Total Bytes Sent By Job
	11575  -  Total Bytes Received By Job
	Partitionable Resources :    Usage  Request Allocated 
	   Cpus                 :        0        1         1 
	   Disk (KB)            :       54       15      3869 
	   GPUs                 :                           0 
	   Memory (MB)          :      151     3000      3000 
	   TimeExecute (s)      :      154                    
	   TimeSlotBusy (s)     :      157                    

	Job terminated of its own accord at 2026-03-05T15:30:02Z with exit-code 1.
...
