000 (14793327.001.000) 03/05 15:53:26 Job submitted from host: <188.184.90.62:9618?addrs=188.184.90.62-9618+[2001-1458-201-e4--100-238]-9618&alias=bigbird16.cern.ch&noUDP&sock=schedd_5196_9a2f>
...
040 (14793327.001.000) 03/05 16:27:26 Started transferring input files
	Transferring to host: <188.185.215.101:9618?addrs=188.185.215.101-9618+[2001-1458-303-1e--100-61]-9618&alias=b9p31p8932.cern.ch&noUDP&sock=slot1_30_4275_dfc7_179210>
...
040 (14793327.001.000) 03/05 16:27:27 Finished transferring input files
...
001 (14793327.001.000) 03/05 16:27:28 Job executing on host: <188.185.215.101:9618?addrs=188.185.215.101-9618+[2001-1458-303-1e--100-61]-9618&alias=b9p31p8932.cern.ch&noUDP&sock=startd_3580_2923>
	SlotName: slot1_30@b9p31p8932.cern.ch
	CondorScratchDir = "/pool/condor/dir_1482925"
	Cpus = 1
	Disk = 3745
	GPUs = 0
	Memory = 3000
...
006 (14793327.001.000) 03/05 16:27:41 Image size of job updated: 305672
	299  -  MemoryUsage of job (MB)
	305672  -  ResidentSetSize of job (KB)
...
006 (14793327.001.000) 03/05 16:31:54 Image size of job updated: 2853696
	299  -  MemoryUsage of job (MB)
	305680  -  ResidentSetSize of job (KB)
...
040 (14793327.001.000) 03/05 16:31:55 Started transferring output files
...
040 (14793327.001.000) 03/05 16:31:55 Finished transferring output files
...
005 (14793327.001.000) 03/05 16:31:56 Job terminated.
	(1) Normal termination (return value 1)
		Usr 0 00:07:32, Sys 0 00:00:15  -  Run Remote Usage
		Usr 0 00:00:00, Sys 0 00:00:00  -  Run Local Usage
		Usr 0 00:07:32, Sys 0 00:00:15  -  Total Remote Usage
		Usr 0 00:00:00, Sys 0 00:00:00  -  Total Local Usage
	22485  -  Run Bytes Sent By Job
	11575  -  Run Bytes Received By Job
	22485  -  Total Bytes Sent By Job
	11575  -  Total Bytes Received By Job
	Partitionable Resources :    Usage  Request Allocated 
	   Cpus                 :        0        1         1 
	   Disk (KB)            :       59       15      3745 
	   GPUs                 :                           0 
	   Memory (MB)          :      299     3000      3000 
	   TimeExecute (s)      :      267                    
	   TimeSlotBusy (s)     :      270                    

	Job terminated of its own accord at 2026-03-05T15:31:54Z with exit-code 1.
...
