000 (14793327.004.000) 03/05 15:53:27 Job submitted from host: <188.184.90.62:9618?addrs=188.184.90.62-9618+[2001-1458-201-e4--100-238]-9618&alias=bigbird16.cern.ch&noUDP&sock=schedd_5196_9a2f>
...
040 (14793327.004.000) 03/05 16:27:27 Started transferring input files
	Transferring to host: <188.185.194.188:9618?addrs=188.185.194.188-9618+[2001-1458-303-21--100-b8]-9618&alias=b9p20p0398.cern.ch&noUDP&sock=slot1_19_4843_14de_165927>
...
040 (14793327.004.000) 03/05 16:27:28 Finished transferring input files
...
001 (14793327.004.000) 03/05 16:27:28 Job executing on host: <188.185.194.188:9618?addrs=188.185.194.188-9618+[2001-1458-303-21--100-b8]-9618&alias=b9p20p0398.cern.ch&noUDP&sock=startd_3873_2263>
	SlotName: slot1_19@b9p20p0398.cern.ch
	CondorScratchDir = "/pool/condor/dir_781218"
	Cpus = 1
	Disk = 3901
	GPUs = 0
	Memory = 3000
...
006 (14793327.004.000) 03/05 16:27:42 Image size of job updated: 152096
	149  -  MemoryUsage of job (MB)
	152096  -  ResidentSetSize of job (KB)
...
006 (14793327.004.000) 03/05 16:31:17 Image size of job updated: 2420644
	149  -  MemoryUsage of job (MB)
	152100  -  ResidentSetSize of job (KB)
...
040 (14793327.004.000) 03/05 16:31:17 Started transferring output files
...
040 (14793327.004.000) 03/05 16:31:17 Finished transferring output files
...
005 (14793327.004.000) 03/05 16:31:17 Job terminated.
	(1) Normal termination (return value 1)
		Usr 0 00:08:13, Sys 0 00:00:11  -  Run Remote Usage
		Usr 0 00:00:00, Sys 0 00:00:00  -  Run Local Usage
		Usr 0 00:08:13, Sys 0 00:00:11  -  Total Remote Usage
		Usr 0 00:00:00, Sys 0 00:00:00  -  Total Local Usage
	19516  -  Run Bytes Sent By Job
	11575  -  Run Bytes Received By Job
	19516  -  Total Bytes Sent By Job
	11575  -  Total Bytes Received By Job
	Partitionable Resources :    Usage  Request Allocated 
	   Cpus                 :        0        1         1 
	   Disk (KB)            :       56       15      3901 
	   GPUs                 :                           0 
	   Memory (MB)          :      149     3000      3000 
	   TimeExecute (s)      :      229                    
	   TimeSlotBusy (s)     :      231                    

	Job terminated of its own accord at 2026-03-05T15:31:17Z with exit-code 1.
...
