subject   : /DC=ch/DC=cern/OU=Organic Units/OU=Users/CN=driosper/CN=886669/CN=Diego Alejandro Rios Perez/CN=2603696693
issuer    : /DC=ch/DC=cern/OU=Organic Units/OU=Users/CN=driosper/CN=886669/CN=Diego Alejandro Rios Perez
identity  : /DC=ch/DC=cern/OU=Organic Units/OU=Users/CN=driosper/CN=886669/CN=Diego Alejandro Rios Perez
type      : RFC compliant proxy
strength  : 2048 bits
path      : /afs/cern.ch/user/d/driosper/private/x509up_u182284
timeleft  : 10:07:57
key usage : Digital Signature, Key Encipherment
=== VO cms extension information ===
VO        : cms
subject   : /DC=ch/DC=cern/OU=Organic Units/OU=Users/CN=driosper/CN=886669/CN=Diego Alejandro Rios Perez
issuer    : /DC=ch/DC=cern/OU=computers/CN=cms-auth.cern.ch
attribute : /cms/Role=NULL/Capability=NULL
timeleft  : 10:07:57
uri       : voms-cms-auth.cern.ch:15000
--workflow qcd_tf_mu --year 2022preEE --output_path /eos/user/d/driosper/bsm3g_coffea/outputs/qcd_tf_mu/2022preEE/TbarBQ --output_format coffea --dataset TbarBQ_4 --partition_json /srv/partition_fileset.json
  Preprocessing 100% ━━━━━━━━━━━━━━━━━━ 8/8 [ 0:00:08 < 0:00:00 | 1.1   file/s ]
Merging (local) 100% ━━━━━━━━━━━━━━━━━━ 8/8 [ 0:00:08 < 0:00:00 | ?   merges/s ]
     Processing  33% ━━━━━━             3/9 [ 0:00:25 < 0:00:19 | 0.3  chunk/s ]
Merging (local) 100% ━━━━━━━━━━━━━━━━━━ 2/2 [ 0:00:23 < 0:00:00 | ?   merges/s ]
There are 9738 events with muon pt outside of [26,200] GeV. Setting those entries to their initial value.
There are 9739 events with muon pt outside of [26,200] GeV. Setting those entries to their initial value.
There are 20 nan entries in the corrected pt. This might be due to the number of tracker layers hitting boundaries. Setting those entries to their initial value.
There are 14064 events with muon pt outside of [26,200] GeV. Setting those entries to their initial value.
There are 14064 events with muon pt outside of [26,200] GeV. Setting those entries to their initial value.
There are 56 nan entries in the corrected pt. This might be due to the number of tracker layers hitting boundaries. Setting those entries to their initial value.
There are 16846 events with muon pt outside of [26,200] GeV. Setting those entries to their initial value.
There are 16846 events with muon pt outside of [26,200] GeV. Setting those entries to their initial value.
There are 49 nan entries in the corrected pt. This might be due to the number of tracker layers hitting boundaries. Setting those entries to their initial value.
There are 1637 events with muon pt outside of [26,200] GeV. Setting those entries to their initial value.
There are 1637 events with muon pt outside of [26,200] GeV. Setting those entries to their initial value.
There are 6 nan entries in the corrected pt. This might be due to the number of tracker layers hitting boundaries. Setting those entries to their initial value.
There are 673 events with muon pt outside of [26,200] GeV. Setting those entries to their initial value.
There are 673 events with muon pt outside of [26,200] GeV. Setting those entries to their initial value.
There are 1 nan entries in the corrected pt. This might be due to the number of tracker layers hitting boundaries. Setting those entries to their initial value.
There are 5112 events with muon pt outside of [26,200] GeV. Setting those entries to their initial value.
There are 5112 events with muon pt outside of [26,200] GeV. Setting those entries to their initial value.
There are 11 nan entries in the corrected pt. This might be due to the number of tracker layers hitting boundaries. Setting those entries to their initial value.
There are 30706 events with muon pt outside of [26,200] GeV. Setting those entries to their initial value.
There are 30706 events with muon pt outside of [26,200] GeV. Setting those entries to their initial value.
There are 113 nan entries in the corrected pt. This might be due to the number of tracker layers hitting boundaries. Setting those entries to their initial value.
There are 13352 events with muon pt outside of [26,200] GeV. Setting those entries to their initial value.
There are 13353 events with muon pt outside of [26,200] GeV. Setting those entries to their initial value.
There are 54 nan entries in the corrected pt. This might be due to the number of tracker layers hitting boundaries. Setting those entries to their initial value.
There are 30699 events with muon pt outside of [26,200] GeV. Setting those entries to their initial value.
There are 30701 events with muon pt outside of [26,200] GeV. Setting those entries to their initial value.
There are 99 nan entries in the corrected pt. This might be due to the number of tracker layers hitting boundaries. Setting those entries to their initial value.
