000 (14729964.002.000) 02/25 17:14:45 Job submitted from host: <188.184.90.62:9618?addrs=188.184.90.62-9618+[2001-1458-201-e4--100-238]-9618&alias=bigbird16.cern.ch&noUDP&sock=schedd_5196_9a2f>
...
040 (14729964.002.000) 02/25 17:18:41 Started transferring input files
	Transferring to host: <188.185.212.58:9618?addrs=188.185.212.58-9618+[2001-1458-303-18--100-36]-9618&alias=b9p25p3483.cern.ch&noUDP&sock=slot1_11_657651_5f90_92610>
...
040 (14729964.002.000) 02/25 17:18:41 Finished transferring input files
...
001 (14729964.002.000) 02/25 17:18:43 Job executing on host: <188.185.212.58:9618?addrs=188.185.212.58-9618+[2001-1458-303-18--100-36]-9618&alias=b9p25p3483.cern.ch&noUDP&sock=startd_6990_2317>
	SlotName: slot1_11@b9p25p3483.cern.ch
	CondorScratchDir = "/pool/condor/dir_490925"
	Cpus = 1
	Disk = 3796
	GPUs = 0
	Memory = 3000
...
006 (14729964.002.000) 02/25 17:18:56 Image size of job updated: 498612
	487  -  MemoryUsage of job (MB)
	498612  -  ResidentSetSize of job (KB)
...
006 (14729964.002.000) 02/25 17:23:56 Image size of job updated: 2493068
	2228  -  MemoryUsage of job (MB)
	2281300  -  ResidentSetSize of job (KB)
...
006 (14729964.002.000) 02/25 17:28:57 Image size of job updated: 2589888
	2433  -  MemoryUsage of job (MB)
	2490816  -  ResidentSetSize of job (KB)
...
006 (14729964.002.000) 02/25 17:30:13 Image size of job updated: 2718596
	2433  -  MemoryUsage of job (MB)
	2490816  -  ResidentSetSize of job (KB)
...
040 (14729964.002.000) 02/25 17:30:13 Started transferring output files
...
040 (14729964.002.000) 02/25 17:30:13 Finished transferring output files
...
005 (14729964.002.000) 02/25 17:30:13 Job terminated.
	(1) Normal termination (return value 1)
		Usr 0 00:15:27, Sys 0 00:00:30  -  Run Remote Usage
		Usr 0 00:00:00, Sys 0 00:00:00  -  Run Local Usage
		Usr 0 00:15:27, Sys 0 00:00:30  -  Total Remote Usage
		Usr 0 00:00:00, Sys 0 00:00:00  -  Total Local Usage
	37925  -  Run Bytes Sent By Job
	26582  -  Run Bytes Received By Job
	37925  -  Total Bytes Sent By Job
	26582  -  Total Bytes Received By Job
	Partitionable Resources :    Usage  Request Allocated 
	   Cpus                 :     1.18        1         1 
	   Disk (KB)            :    89          30      3796 
	   GPUs                 :                           0 
	   Memory (MB)          :  2433        3000      3000 
	   TimeExecute (s)      :   691                       
	   TimeSlotBusy (s)     :   693                       

	Job terminated of its own accord at 2026-02-25T16:30:13Z with exit-code 1.
...
