+ JOBID=12
+ BASEDIR=/afs/cern.ch/user/d/driosper/bsm3g_coffea
+ X509PATH=/afs/cern.ch/user/d/driosper/private/x509up_u182284
+ export XRD_NETWORKSTACK=IPv4
+ XRD_NETWORKSTACK=IPv4
+ export XRD_RUNFORKHANDLER=1
+ XRD_RUNFORKHANDLER=1
+ export X509_USER_PROXY=/afs/cern.ch/user/d/driosper/private/x509up_u182284
+ X509_USER_PROXY=/afs/cern.ch/user/d/driosper/private/x509up_u182284
+ voms-proxy-info -all -file /afs/cern.ch/user/d/driosper/private/x509up_u182284
++ pwd
+ WORKDIR=/srv
+ declare -A ARGS
+ for key in workflow year output_path output_format dataset
++ python3 -c 'import json; print(json.load(open('\''/srv/arguments.json'\''))['\''workflow'\''])'
+ ARGS[$key]=ztoee
+ for key in workflow year output_path output_format dataset
++ python3 -c 'import json; print(json.load(open('\''/srv/arguments.json'\''))['\''year'\''])'
+ ARGS[$key]=2022preEE
+ for key in workflow year output_path output_format dataset
++ python3 -c 'import json; print(json.load(open('\''/srv/arguments.json'\''))['\''output_path'\''])'
+ ARGS[$key]=/eos/user/d/driosper/bsm3g_coffea/outputs/ztoee/2022preEE/TTto4Q
+ for key in workflow year output_path output_format dataset
++ python3 -c 'import json; print(json.load(open('\''/srv/arguments.json'\''))['\''output_format'\''])'
+ ARGS[$key]=coffea
+ for key in workflow year output_path output_format dataset
++ python3 -c 'import json; print(json.load(open('\''/srv/arguments.json'\''))['\''dataset'\''])'
+ ARGS[$key]=TTto4Q
+ CMD_ARGS='--workflow ztoee --year 2022preEE --output_path /eos/user/d/driosper/bsm3g_coffea/outputs/ztoee/2022preEE/TTto4Q --output_format coffea --dataset TTto4Q_12'
+ python3 -c 'import json; json.dump(json.load(open('\''/srv/partitions.json'\''))['\''12'\''], open('\''/srv/partition_fileset.json'\'', '\''w'\''), indent=4)'
+ CMD_ARGS='--workflow ztoee --year 2022preEE --output_path /eos/user/d/driosper/bsm3g_coffea/outputs/ztoee/2022preEE/TTto4Q --output_format coffea --dataset TTto4Q_12 --partition_json /srv/partition_fileset.json'
+ echo --workflow ztoee --year 2022preEE --output_path /eos/user/d/driosper/bsm3g_coffea/outputs/ztoee/2022preEE/TTto4Q --output_format coffea --dataset TTto4Q_12 --partition_json /srv/partition_fileset.json
+ cd /afs/cern.ch/user/d/driosper/bsm3g_coffea
+ python3 submit.py --workflow ztoee --year 2022preEE --output_path /eos/user/d/driosper/bsm3g_coffea/outputs/ztoee/2022preEE/TTto4Q --output_format coffea --dataset TTto4Q_12 --partition_json /srv/partition_fileset.json
concurrent.futures.process._RemoteTraceback: 
"""
Traceback (most recent call last):
  File "/opt/conda/lib/python3.9/concurrent/futures/process.py", line 246, in _process_worker
    r = call_item.fn(*call_item.args, **call_item.kwargs)
  File "/opt/conda/lib/python3.9/site-packages/coffea/processor/executor.py", line 1367, in automatic_retries
    raise e
  File "/opt/conda/lib/python3.9/site-packages/coffea/processor/executor.py", line 1336, in automatic_retries
    return func(*args, **kwargs)
  File "/opt/conda/lib/python3.9/site-packages/coffea/processor/executor.py", line 1417, in metadata_fetcher
    with uproot.open({item.filename: None}, timeout=xrootdtimeout) as file:
  File "/opt/conda/lib/python3.9/site-packages/uproot/reading.py", line 141, in open
    file = ReadOnlyFile(
  File "/opt/conda/lib/python3.9/site-packages/uproot/reading.py", line 580, in __init__
    self._source = Source(
  File "/opt/conda/lib/python3.9/site-packages/uproot/source/xrootd.py", line 272, in __init__
    self._open()
  File "/opt/conda/lib/python3.9/site-packages/uproot/source/xrootd.py", line 275, in _open
    self._resource = XRootDResource(self._file_path, self._timeout)
  File "/opt/conda/lib/python3.9/site-packages/uproot/source/xrootd.py", line 83, in __init__
    self._open()
  File "/opt/conda/lib/python3.9/site-packages/uproot/source/xrootd.py", line 92, in _open
    self._xrd_error(status)
  File "/opt/conda/lib/python3.9/site-packages/uproot/source/xrootd.py", line 118, in _xrd_error
    raise OSError(
OSError: XRootD error: [FATAL] Auth failed: No protocols left to try
in file root://maite.iihe.ac.be:1094//store/mc/Run3Summer22NanoAODv12/TTto4Q_TuneCP5_13p6TeV_powheg-pythia8/NANOAODSIM/130X_mcRun3_2022_realistic_v5-v2/60000/9678980c-ee21-4239-b140-f03ff3e17bc5.root
"""

The above exception was the direct cause of the following exception:

Traceback (most recent call last):
  File "/opt/conda/lib/python3.9/site-packages/coffea/processor/executor.py", line 786, in _processwith
    merged = _watcher(FH, self, reducer, pool)
  File "/opt/conda/lib/python3.9/site-packages/coffea/processor/executor.py", line 402, in _watcher
    batch = FH.fetch(len(FH.completed))
  File "/opt/conda/lib/python3.9/site-packages/coffea/processor/executor.py", line 286, in fetch
    raise bad_futures[0].exception()
OSError: XRootD error: [FATAL] Auth failed: No protocols left to try
in file root://maite.iihe.ac.be:1094//store/mc/Run3Summer22NanoAODv12/TTto4Q_TuneCP5_13p6TeV_powheg-pythia8/NANOAODSIM/130X_mcRun3_2022_realistic_v5-v2/60000/9678980c-ee21-4239-b140-f03ff3e17bc5.root
Traceback (most recent call last):
  File "/afs/cern.ch/user/d/driosper/bsm3g_coffea/submit.py", line 84, in <module>
    main(args)
  File "/afs/cern.ch/user/d/driosper/bsm3g_coffea/submit.py", line 14, in main
    out = processor.run_uproot_job(
  File "/opt/conda/lib/python3.9/site-packages/coffea/processor/__init__.py", line 104, in _run_x_job
    return run(
  File "/opt/conda/lib/python3.9/site-packages/coffea/processor/executor.py", line 1700, in __call__
    wrapped_out = self.run(fileset, processor_instance, treename)
  File "/opt/conda/lib/python3.9/site-packages/coffea/processor/executor.py", line 1782, in run
    chunks = self.preprocess(fileset, treename)
  File "/opt/conda/lib/python3.9/site-packages/coffea/processor/executor.py", line 1734, in preprocess
    self._preprocess_fileset(fileset)
  File "/opt/conda/lib/python3.9/site-packages/coffea/processor/executor.py", line 1461, in _preprocess_fileset
    out, _ = pre_executor(to_get, closure, out)
  File "/opt/conda/lib/python3.9/site-packages/coffea/processor/executor.py", line 817, in __call__
    return _processwith(pool=poolinstance, mergepool=mergepoolinstance)
  File "/opt/conda/lib/python3.9/site-packages/coffea/processor/executor.py", line 801, in _processwith
    raise e from None
  File "/opt/conda/lib/python3.9/site-packages/coffea/processor/executor.py", line 786, in _processwith
    merged = _watcher(FH, self, reducer, pool)
  File "/opt/conda/lib/python3.9/site-packages/coffea/processor/executor.py", line 402, in _watcher
    batch = FH.fetch(len(FH.completed))
  File "/opt/conda/lib/python3.9/site-packages/coffea/processor/executor.py", line 286, in fetch
    raise bad_futures[0].exception()
OSError: XRootD error: [FATAL] Auth failed: No protocols left to try
in file root://maite.iihe.ac.be:1094//store/mc/Run3Summer22NanoAODv12/TTto4Q_TuneCP5_13p6TeV_powheg-pythia8/NANOAODSIM/130X_mcRun3_2022_realistic_v5-v2/60000/9678980c-ee21-4239-b140-f03ff3e17bc5.root
