subject   : /DC=ch/DC=cern/OU=Organic Units/OU=Users/CN=driosper/CN=886669/CN=Diego Alejandro Rios Perez/CN=1573519443
issuer    : /DC=ch/DC=cern/OU=Organic Units/OU=Users/CN=driosper/CN=886669/CN=Diego Alejandro Rios Perez
identity  : /DC=ch/DC=cern/OU=Organic Units/OU=Users/CN=driosper/CN=886669/CN=Diego Alejandro Rios Perez
type      : RFC compliant proxy
strength  : 2048 bits
path      : /afs/cern.ch/user/d/driosper/private/x509up_u182284
timeleft  : 11:49:38
key usage : Digital Signature, Key Encipherment
=== VO cms extension information ===
VO        : cms
subject   : /DC=ch/DC=cern/OU=Organic Units/OU=Users/CN=driosper/CN=886669/CN=Diego Alejandro Rios Perez
issuer    : /DC=ch/DC=cern/OU=computers/CN=cms-auth.cern.ch
attribute : /cms/Role=NULL/Capability=NULL
timeleft  : 11:49:38
uri       : voms-cms-auth.cern.ch:15000
--workflow ztoee --year 2022preEE --output_path /eos/user/d/driosper/bsm3g_coffea/outputs/ztoee/2022preEE/TTto4Q --output_format coffea --dataset TTto4Q_11 --partition_json /srv/partition_fileset.json
  Preprocessing 100% ━━━━━━━━━━━━━━━━━━ 9/9 [ 0:00:14 < 0:00:00 | 0.6   file/s ]
Merging (local) 100% ━━━━━━━━━━━━━━━━━━ 9/9 [ 0:00:14 < 0:00:00 | ?   merges/s ]
     Processing 100% ━━━━━━━━━━━━━━━━ 35/35 [ 0:06:17 < 0:00:00 | 0.1  chunk/s ]
Merging (local) 100% ━━━━━━━━━━━━━━━━ 35/35 [ 0:06:17 < 0:00:00 | ?   merges/s ]
There are 40252 events with muon pt outside of [26,200] GeV. Setting those entries to their initial value.
There are 40253 events with muon pt outside of [26,200] GeV. Setting those entries to their initial value.
There are 122 nan entries in the corrected pt. This might be due to the number of tracker layers hitting boundaries. Setting those entries to their initial value.
There are 51642 events with muon pt outside of [26,200] GeV. Setting those entries to their initial value.
There are 40747 events with muon pt outside of [26,200] GeV. Setting those entries to their initial value.
There are 40748 events with muon pt outside of [26,200] GeV. Setting those entries to their initial value.
There are 137 nan entries in the corrected pt. This might be due to the number of tracker layers hitting boundaries. Setting those entries to their initial value.
There are 52116 events with muon pt outside of [26,200] GeV. Setting those entries to their initial value.
There are 40776 events with muon pt outside of [26,200] GeV. Setting those entries to their initial value.
There are 40776 events with muon pt outside of [26,200] GeV. Setting those entries to their initial value.
There are 138 nan entries in the corrected pt. This might be due to the number of tracker layers hitting boundaries. Setting those entries to their initial value.
There are 52291 events with muon pt outside of [26,200] GeV. Setting those entries to their initial value.
There are 43408 events with muon pt outside of [26,200] GeV. Setting those entries to their initial value.
There are 43408 events with muon pt outside of [26,200] GeV. Setting those entries to their initial value.
There are 148 nan entries in the corrected pt. This might be due to the number of tracker layers hitting boundaries. Setting those entries to their initial value.
There are 55626 events with muon pt outside of [26,200] GeV. Setting those entries to their initial value.
There are 43156 events with muon pt outside of [26,200] GeV. Setting those entries to their initial value.
There are 43156 events with muon pt outside of [26,200] GeV. Setting those entries to their initial value.
There are 146 nan entries in the corrected pt. This might be due to the number of tracker layers hitting boundaries. Setting those entries to their initial value.
There are 55514 events with muon pt outside of [26,200] GeV. Setting those entries to their initial value.
There are 39902 events with muon pt outside of [26,200] GeV. Setting those entries to their initial value.
There are 39902 events with muon pt outside of [26,200] GeV. Setting those entries to their initial value.
There are 137 nan entries in the corrected pt. This might be due to the number of tracker layers hitting boundaries. Setting those entries to their initial value.
There are 50796 events with muon pt outside of [26,200] GeV. Setting those entries to their initial value.
There are 40067 events with muon pt outside of [26,200] GeV. Setting those entries to their initial value.
There are 40067 events with muon pt outside of [26,200] GeV. Setting those entries to their initial value.
There are 143 nan entries in the corrected pt. This might be due to the number of tracker layers hitting boundaries. Setting those entries to their initial value.
There are 51214 events with muon pt outside of [26,200] GeV. Setting those entries to their initial value.
There are 40992 events with muon pt outside of [26,200] GeV. Setting those entries to their initial value.
There are 40992 events with muon pt outside of [26,200] GeV. Setting those entries to their initial value.
There are 123 nan entries in the corrected pt. This might be due to the number of tracker layers hitting boundaries. Setting those entries to their initial value.
There are 52444 events with muon pt outside of [26,200] GeV. Setting those entries to their initial value.
There are 40260 events with muon pt outside of [26,200] GeV. Setting those entries to their initial value.
There are 40260 events with muon pt outside of [26,200] GeV. Setting those entries to their initial value.
There are 136 nan entries in the corrected pt. This might be due to the number of tracker layers hitting boundaries. Setting those entries to their initial value.
There are 51574 events with muon pt outside of [26,200] GeV. Setting those entries to their initial value.
There are 40164 events with muon pt outside of [26,200] GeV. Setting those entries to their initial value.
There are 40164 events with muon pt outside of [26,200] GeV. Setting those entries to their initial value.
There are 124 nan entries in the corrected pt. This might be due to the number of tracker layers hitting boundaries. Setting those entries to their initial value.
There are 51538 events with muon pt outside of [26,200] GeV. Setting those entries to their initial value.
There are 40497 events with muon pt outside of [26,200] GeV. Setting those entries to their initial value.
There are 40499 events with muon pt outside of [26,200] GeV. Setting those entries to their initial value.
There are 120 nan entries in the corrected pt. This might be due to the number of tracker layers hitting boundaries. Setting those entries to their initial value.
There are 51953 events with muon pt outside of [26,200] GeV. Setting those entries to their initial value.
There are 40613 events with muon pt outside of [26,200] GeV. Setting those entries to their initial value.
There are 40615 events with muon pt outside of [26,200] GeV. Setting those entries to their initial value.
There are 146 nan entries in the corrected pt. This might be due to the number of tracker layers hitting boundaries. Setting those entries to their initial value.
There are 52167 events with muon pt outside of [26,200] GeV. Setting those entries to their initial value.
There are 43172 events with muon pt outside of [26,200] GeV. Setting those entries to their initial value.
There are 43175 events with muon pt outside of [26,200] GeV. Setting those entries to their initial value.
There are 141 nan entries in the corrected pt. This might be due to the number of tracker layers hitting boundaries. Setting those entries to their initial value.
There are 55162 events with muon pt outside of [26,200] GeV. Setting those entries to their initial value.
There are 29898 events with muon pt outside of [26,200] GeV. Setting those entries to their initial value.
There are 29898 events with muon pt outside of [26,200] GeV. Setting those entries to their initial value.
There are 109 nan entries in the corrected pt. This might be due to the number of tracker layers hitting boundaries. Setting those entries to their initial value.
There are 37968 events with muon pt outside of [26,200] GeV. Setting those entries to their initial value.
There are 39950 events with muon pt outside of [26,200] GeV. Setting those entries to their initial value.
There are 39951 events with muon pt outside of [26,200] GeV. Setting those entries to their initial value.
There are 125 nan entries in the corrected pt. This might be due to the number of tracker layers hitting boundaries. Setting those entries to their initial value.
There are 51270 events with muon pt outside of [26,200] GeV. Setting those entries to their initial value.
There are 41037 events with muon pt outside of [26,200] GeV. Setting those entries to their initial value.
There are 41037 events with muon pt outside of [26,200] GeV. Setting those entries to their initial value.
There are 141 nan entries in the corrected pt. This might be due to the number of tracker layers hitting boundaries. Setting those entries to their initial value.
There are 52534 events with muon pt outside of [26,200] GeV. Setting those entries to their initial value.
There are 5697 events with muon pt outside of [26,200] GeV. Setting those entries to their initial value.
There are 5697 events with muon pt outside of [26,200] GeV. Setting those entries to their initial value.
There are 16 nan entries in the corrected pt. This might be due to the number of tracker layers hitting boundaries. Setting those entries to their initial value.
There are 7336 events with muon pt outside of [26,200] GeV. Setting those entries to their initial value.
There are 40309 events with muon pt outside of [26,200] GeV. Setting those entries to their initial value.
There are 40311 events with muon pt outside of [26,200] GeV. Setting those entries to their initial value.
There are 139 nan entries in the corrected pt. This might be due to the number of tracker layers hitting boundaries. Setting those entries to their initial value.
There are 51602 events with muon pt outside of [26,200] GeV. Setting those entries to their initial value.
There are 39871 events with muon pt outside of [26,200] GeV. Setting those entries to their initial value.
There are 39873 events with muon pt outside of [26,200] GeV. Setting those entries to their initial value.
There are 113 nan entries in the corrected pt. This might be due to the number of tracker layers hitting boundaries. Setting those entries to their initial value.
There are 51435 events with muon pt outside of [26,200] GeV. Setting those entries to their initial value.
There are 40681 events with muon pt outside of [26,200] GeV. Setting those entries to their initial value.
There are 40681 events with muon pt outside of [26,200] GeV. Setting those entries to their initial value.
There are 120 nan entries in the corrected pt. This might be due to the number of tracker layers hitting boundaries. Setting those entries to their initial value.
There are 52081 events with muon pt outside of [26,200] GeV. Setting those entries to their initial value.
There are 40595 events with muon pt outside of [26,200] GeV. Setting those entries to their initial value.
There are 40596 events with muon pt outside of [26,200] GeV. Setting those entries to their initial value.
There are 130 nan entries in the corrected pt. This might be due to the number of tracker layers hitting boundaries. Setting those entries to their initial value.
There are 52277 events with muon pt outside of [26,200] GeV. Setting those entries to their initial value.
There are 43277 events with muon pt outside of [26,200] GeV. Setting those entries to their initial value.
There are 43279 events with muon pt outside of [26,200] GeV. Setting those entries to their initial value.
There are 138 nan entries in the corrected pt. This might be due to the number of tracker layers hitting boundaries. Setting those entries to their initial value.
There are 55168 events with muon pt outside of [26,200] GeV. Setting those entries to their initial value.
There are 39349 events with muon pt outside of [26,200] GeV. Setting those entries to their initial value.
There are 39349 events with muon pt outside of [26,200] GeV. Setting those entries to their initial value.
There are 128 nan entries in the corrected pt. This might be due to the number of tracker layers hitting boundaries. Setting those entries to their initial value.
There are 50812 events with muon pt outside of [26,200] GeV. Setting those entries to their initial value.
There are 40050 events with muon pt outside of [26,200] GeV. Setting those entries to their initial value.
There are 40050 events with muon pt outside of [26,200] GeV. Setting those entries to their initial value.
There are 122 nan entries in the corrected pt. This might be due to the number of tracker layers hitting boundaries. Setting those entries to their initial value.
There are 51277 events with muon pt outside of [26,200] GeV. Setting those entries to their initial value.
There are 41375 events with muon pt outside of [26,200] GeV. Setting those entries to their initial value.
There are 41376 events with muon pt outside of [26,200] GeV. Setting those entries to their initial value.
There are 125 nan entries in the corrected pt. This might be due to the number of tracker layers hitting boundaries. Setting those entries to their initial value.
There are 52798 events with muon pt outside of [26,200] GeV. Setting those entries to their initial value.
There are 40795 events with muon pt outside of [26,200] GeV. Setting those entries to their initial value.
There are 40796 events with muon pt outside of [26,200] GeV. Setting those entries to their initial value.
There are 148 nan entries in the corrected pt. This might be due to the number of tracker layers hitting boundaries. Setting those entries to their initial value.
There are 52493 events with muon pt outside of [26,200] GeV. Setting those entries to their initial value.
There are 40190 events with muon pt outside of [26,200] GeV. Setting those entries to their initial value.
There are 40190 events with muon pt outside of [26,200] GeV. Setting those entries to their initial value.
There are 141 nan entries in the corrected pt. This might be due to the number of tracker layers hitting boundaries. Setting those entries to their initial value.
There are 51480 events with muon pt outside of [26,200] GeV. Setting those entries to their initial value.
There are 40262 events with muon pt outside of [26,200] GeV. Setting those entries to their initial value.
There are 40263 events with muon pt outside of [26,200] GeV. Setting those entries to their initial value.
There are 115 nan entries in the corrected pt. This might be due to the number of tracker layers hitting boundaries. Setting those entries to their initial value.
There are 51398 events with muon pt outside of [26,200] GeV. Setting those entries to their initial value.
There are 40760 events with muon pt outside of [26,200] GeV. Setting those entries to their initial value.
There are 40760 events with muon pt outside of [26,200] GeV. Setting those entries to their initial value.
There are 122 nan entries in the corrected pt. This might be due to the number of tracker layers hitting boundaries. Setting those entries to their initial value.
There are 51889 events with muon pt outside of [26,200] GeV. Setting those entries to their initial value.
There are 40313 events with muon pt outside of [26,200] GeV. Setting those entries to their initial value.
There are 40315 events with muon pt outside of [26,200] GeV. Setting those entries to their initial value.
There are 121 nan entries in the corrected pt. This might be due to the number of tracker layers hitting boundaries. Setting those entries to their initial value.
There are 52146 events with muon pt outside of [26,200] GeV. Setting those entries to their initial value.
There are 43161 events with muon pt outside of [26,200] GeV. Setting those entries to their initial value.
There are 43163 events with muon pt outside of [26,200] GeV. Setting those entries to their initial value.
There are 140 nan entries in the corrected pt. This might be due to the number of tracker layers hitting boundaries. Setting those entries to their initial value.
There are 55412 events with muon pt outside of [26,200] GeV. Setting those entries to their initial value.
There are 43118 events with muon pt outside of [26,200] GeV. Setting those entries to their initial value.
There are 43119 events with muon pt outside of [26,200] GeV. Setting those entries to their initial value.
There are 150 nan entries in the corrected pt. This might be due to the number of tracker layers hitting boundaries. Setting those entries to their initial value.
There are 55448 events with muon pt outside of [26,200] GeV. Setting those entries to their initial value.
There are 8880 events with muon pt outside of [26,200] GeV. Setting those entries to their initial value.
There are 8880 events with muon pt outside of [26,200] GeV. Setting those entries to their initial value.
There are 30 nan entries in the corrected pt. This might be due to the number of tracker layers hitting boundaries. Setting those entries to their initial value.
There are 11276 events with muon pt outside of [26,200] GeV. Setting those entries to their initial value.
There are 41072 events with muon pt outside of [26,200] GeV. Setting those entries to their initial value.
There are 41072 events with muon pt outside of [26,200] GeV. Setting those entries to their initial value.
There are 132 nan entries in the corrected pt. This might be due to the number of tracker layers hitting boundaries. Setting those entries to their initial value.
There are 52701 events with muon pt outside of [26,200] GeV. Setting those entries to their initial value.
There are 40766 events with muon pt outside of [26,200] GeV. Setting those entries to their initial value.
There are 40766 events with muon pt outside of [26,200] GeV. Setting those entries to their initial value.
There are 125 nan entries in the corrected pt. This might be due to the number of tracker layers hitting boundaries. Setting those entries to their initial value.
There are 52873 events with muon pt outside of [26,200] GeV. Setting those entries to their initial value.
