subject   : /DC=ch/DC=cern/OU=Organic Units/OU=Users/CN=driosper/CN=886669/CN=Diego Alejandro Rios Perez/CN=1573519443
issuer    : /DC=ch/DC=cern/OU=Organic Units/OU=Users/CN=driosper/CN=886669/CN=Diego Alejandro Rios Perez
identity  : /DC=ch/DC=cern/OU=Organic Units/OU=Users/CN=driosper/CN=886669/CN=Diego Alejandro Rios Perez
type      : RFC compliant proxy
strength  : 2048 bits
path      : /afs/cern.ch/user/d/driosper/private/x509up_u182284
timeleft  : 11:49:27
key usage : Digital Signature, Key Encipherment
=== VO cms extension information ===
VO        : cms
subject   : /DC=ch/DC=cern/OU=Organic Units/OU=Users/CN=driosper/CN=886669/CN=Diego Alejandro Rios Perez
issuer    : /DC=ch/DC=cern/OU=computers/CN=cms-auth.cern.ch
attribute : /cms/Role=NULL/Capability=NULL
timeleft  : 11:49:27
uri       : voms-cms-auth.cern.ch:15000
--workflow ztoee --year 2022preEE --output_path /eos/user/d/driosper/bsm3g_coffea/outputs/ztoee/2022preEE/TTto4Q --output_format coffea --dataset TTto4Q_5 --partition_json /srv/partition_fileset.json
  Preprocessing 100% ━━━━━━━━━━━━━━━━ 10/10 [ 0:00:22 < 0:00:00 | 0.5   file/s ]
Merging (local) 100% ━━━━━━━━━━━━━━━━ 10/10 [ 0:00:22 < 0:00:00 | ?   merges/s ]
     Processing 100% ━━━━━━━━━━━━━━━━ 48/48 [ 0:08:42 < 0:00:00 | 0.1  chunk/s ]
Merging (local) 100% ━━━━━━━━━━━━━━━━ 48/48 [ 0:08:42 < 0:00:00 | ?   merges/s ]
There are 38419 events with muon pt outside of [26,200] GeV. Setting those entries to their initial value.
There are 38419 events with muon pt outside of [26,200] GeV. Setting those entries to their initial value.
There are 115 nan entries in the corrected pt. This might be due to the number of tracker layers hitting boundaries. Setting those entries to their initial value.
There are 48744 events with muon pt outside of [26,200] GeV. Setting those entries to their initial value.
There are 37914 events with muon pt outside of [26,200] GeV. Setting those entries to their initial value.
There are 37914 events with muon pt outside of [26,200] GeV. Setting those entries to their initial value.
There are 103 nan entries in the corrected pt. This might be due to the number of tracker layers hitting boundaries. Setting those entries to their initial value.
There are 48933 events with muon pt outside of [26,200] GeV. Setting those entries to their initial value.
There are 41704 events with muon pt outside of [26,200] GeV. Setting those entries to their initial value.
There are 41704 events with muon pt outside of [26,200] GeV. Setting those entries to their initial value.
There are 132 nan entries in the corrected pt. This might be due to the number of tracker layers hitting boundaries. Setting those entries to their initial value.
There are 52816 events with muon pt outside of [26,200] GeV. Setting those entries to their initial value.
There are 38880 events with muon pt outside of [26,200] GeV. Setting those entries to their initial value.
There are 38880 events with muon pt outside of [26,200] GeV. Setting those entries to their initial value.
There are 103 nan entries in the corrected pt. This might be due to the number of tracker layers hitting boundaries. Setting those entries to their initial value.
There are 49982 events with muon pt outside of [26,200] GeV. Setting those entries to their initial value.
There are 38712 events with muon pt outside of [26,200] GeV. Setting those entries to their initial value.
There are 38712 events with muon pt outside of [26,200] GeV. Setting those entries to their initial value.
There are 128 nan entries in the corrected pt. This might be due to the number of tracker layers hitting boundaries. Setting those entries to their initial value.
There are 50284 events with muon pt outside of [26,200] GeV. Setting those entries to their initial value.
There are 38780 events with muon pt outside of [26,200] GeV. Setting those entries to their initial value.
There are 38780 events with muon pt outside of [26,200] GeV. Setting those entries to their initial value.
There are 130 nan entries in the corrected pt. This might be due to the number of tracker layers hitting boundaries. Setting those entries to their initial value.
There are 49528 events with muon pt outside of [26,200] GeV. Setting those entries to their initial value.
There are 2552 events with muon pt outside of [26,200] GeV. Setting those entries to their initial value.
There are 2552 events with muon pt outside of [26,200] GeV. Setting those entries to their initial value.
There are 9 nan entries in the corrected pt. This might be due to the number of tracker layers hitting boundaries. Setting those entries to their initial value.
There are 3255 events with muon pt outside of [26,200] GeV. Setting those entries to their initial value.
There are 43539 events with muon pt outside of [26,200] GeV. Setting those entries to their initial value.
There are 43539 events with muon pt outside of [26,200] GeV. Setting those entries to their initial value.
There are 132 nan entries in the corrected pt. This might be due to the number of tracker layers hitting boundaries. Setting those entries to their initial value.
There are 55929 events with muon pt outside of [26,200] GeV. Setting those entries to their initial value.
There are 43582 events with muon pt outside of [26,200] GeV. Setting those entries to their initial value.
There are 43583 events with muon pt outside of [26,200] GeV. Setting those entries to their initial value.
There are 130 nan entries in the corrected pt. This might be due to the number of tracker layers hitting boundaries. Setting those entries to their initial value.
There are 56000 events with muon pt outside of [26,200] GeV. Setting those entries to their initial value.
There are 37989 events with muon pt outside of [26,200] GeV. Setting those entries to their initial value.
There are 37989 events with muon pt outside of [26,200] GeV. Setting those entries to their initial value.
There are 113 nan entries in the corrected pt. This might be due to the number of tracker layers hitting boundaries. Setting those entries to their initial value.
There are 48654 events with muon pt outside of [26,200] GeV. Setting those entries to their initial value.
There are 40553 events with muon pt outside of [26,200] GeV. Setting those entries to their initial value.
There are 40554 events with muon pt outside of [26,200] GeV. Setting those entries to their initial value.
There are 122 nan entries in the corrected pt. This might be due to the number of tracker layers hitting boundaries. Setting those entries to their initial value.
There are 52161 events with muon pt outside of [26,200] GeV. Setting those entries to their initial value.
There are 40262 events with muon pt outside of [26,200] GeV. Setting those entries to their initial value.
There are 40263 events with muon pt outside of [26,200] GeV. Setting those entries to their initial value.
There are 109 nan entries in the corrected pt. This might be due to the number of tracker layers hitting boundaries. Setting those entries to their initial value.
There are 52035 events with muon pt outside of [26,200] GeV. Setting those entries to their initial value.
There are 37905 events with muon pt outside of [26,200] GeV. Setting those entries to their initial value.
There are 37906 events with muon pt outside of [26,200] GeV. Setting those entries to their initial value.
There are 102 nan entries in the corrected pt. This might be due to the number of tracker layers hitting boundaries. Setting those entries to their initial value.
There are 48656 events with muon pt outside of [26,200] GeV. Setting those entries to their initial value.
There are 38239 events with muon pt outside of [26,200] GeV. Setting those entries to their initial value.
There are 38239 events with muon pt outside of [26,200] GeV. Setting those entries to their initial value.
There are 121 nan entries in the corrected pt. This might be due to the number of tracker layers hitting boundaries. Setting those entries to their initial value.
There are 48973 events with muon pt outside of [26,200] GeV. Setting those entries to their initial value.
There are 41338 events with muon pt outside of [26,200] GeV. Setting those entries to their initial value.
There are 41339 events with muon pt outside of [26,200] GeV. Setting those entries to their initial value.
There are 116 nan entries in the corrected pt. This might be due to the number of tracker layers hitting boundaries. Setting those entries to their initial value.
There are 53087 events with muon pt outside of [26,200] GeV. Setting those entries to their initial value.
There are 38908 events with muon pt outside of [26,200] GeV. Setting those entries to their initial value.
There are 38909 events with muon pt outside of [26,200] GeV. Setting those entries to their initial value.
There are 124 nan entries in the corrected pt. This might be due to the number of tracker layers hitting boundaries. Setting those entries to their initial value.
There are 49725 events with muon pt outside of [26,200] GeV. Setting those entries to their initial value.
There are 38817 events with muon pt outside of [26,200] GeV. Setting those entries to their initial value.
There are 38819 events with muon pt outside of [26,200] GeV. Setting those entries to their initial value.
There are 107 nan entries in the corrected pt. This might be due to the number of tracker layers hitting boundaries. Setting those entries to their initial value.
There are 49810 events with muon pt outside of [26,200] GeV. Setting those entries to their initial value.
There are 38657 events with muon pt outside of [26,200] GeV. Setting those entries to their initial value.
There are 38657 events with muon pt outside of [26,200] GeV. Setting those entries to their initial value.
There are 116 nan entries in the corrected pt. This might be due to the number of tracker layers hitting boundaries. Setting those entries to their initial value.
There are 49467 events with muon pt outside of [26,200] GeV. Setting those entries to their initial value.
There are 38453 events with muon pt outside of [26,200] GeV. Setting those entries to their initial value.
There are 38453 events with muon pt outside of [26,200] GeV. Setting those entries to their initial value.
There are 114 nan entries in the corrected pt. This might be due to the number of tracker layers hitting boundaries. Setting those entries to their initial value.
There are 49428 events with muon pt outside of [26,200] GeV. Setting those entries to their initial value.
There are 43667 events with muon pt outside of [26,200] GeV. Setting those entries to their initial value.
There are 43668 events with muon pt outside of [26,200] GeV. Setting those entries to their initial value.
There are 142 nan entries in the corrected pt. This might be due to the number of tracker layers hitting boundaries. Setting those entries to their initial value.
There are 55826 events with muon pt outside of [26,200] GeV. Setting those entries to their initial value.
There are 38245 events with muon pt outside of [26,200] GeV. Setting those entries to their initial value.
There are 38245 events with muon pt outside of [26,200] GeV. Setting those entries to their initial value.
There are 98 nan entries in the corrected pt. This might be due to the number of tracker layers hitting boundaries. Setting those entries to their initial value.
There are 48893 events with muon pt outside of [26,200] GeV. Setting those entries to their initial value.
There are 38007 events with muon pt outside of [26,200] GeV. Setting those entries to their initial value.
There are 38008 events with muon pt outside of [26,200] GeV. Setting those entries to their initial value.
There are 108 nan entries in the corrected pt. This might be due to the number of tracker layers hitting boundaries. Setting those entries to their initial value.
There are 48676 events with muon pt outside of [26,200] GeV. Setting those entries to their initial value.
There are 40391 events with muon pt outside of [26,200] GeV. Setting those entries to their initial value.
There are 40391 events with muon pt outside of [26,200] GeV. Setting those entries to their initial value.
There are 153 nan entries in the corrected pt. This might be due to the number of tracker layers hitting boundaries. Setting those entries to their initial value.
There are 51705 events with muon pt outside of [26,200] GeV. Setting those entries to their initial value.
There are 37733 events with muon pt outside of [26,200] GeV. Setting those entries to their initial value.
There are 37734 events with muon pt outside of [26,200] GeV. Setting those entries to their initial value.
There are 133 nan entries in the corrected pt. This might be due to the number of tracker layers hitting boundaries. Setting those entries to their initial value.
There are 48877 events with muon pt outside of [26,200] GeV. Setting those entries to their initial value.
There are 41358 events with muon pt outside of [26,200] GeV. Setting those entries to their initial value.
There are 41358 events with muon pt outside of [26,200] GeV. Setting those entries to their initial value.
There are 135 nan entries in the corrected pt. This might be due to the number of tracker layers hitting boundaries. Setting those entries to their initial value.
There are 53186 events with muon pt outside of [26,200] GeV. Setting those entries to their initial value.
There are 41389 events with muon pt outside of [26,200] GeV. Setting those entries to their initial value.
There are 41389 events with muon pt outside of [26,200] GeV. Setting those entries to their initial value.
There are 121 nan entries in the corrected pt. This might be due to the number of tracker layers hitting boundaries. Setting those entries to their initial value.
There are 53091 events with muon pt outside of [26,200] GeV. Setting those entries to their initial value.
There are 41354 events with muon pt outside of [26,200] GeV. Setting those entries to their initial value.
There are 41354 events with muon pt outside of [26,200] GeV. Setting those entries to their initial value.
There are 134 nan entries in the corrected pt. This might be due to the number of tracker layers hitting boundaries. Setting those entries to their initial value.
There are 52954 events with muon pt outside of [26,200] GeV. Setting those entries to their initial value.
There are 38769 events with muon pt outside of [26,200] GeV. Setting those entries to their initial value.
There are 38770 events with muon pt outside of [26,200] GeV. Setting those entries to their initial value.
There are 108 nan entries in the corrected pt. This might be due to the number of tracker layers hitting boundaries. Setting those entries to their initial value.
There are 49945 events with muon pt outside of [26,200] GeV. Setting those entries to their initial value.
There are 38902 events with muon pt outside of [26,200] GeV. Setting those entries to their initial value.
There are 38903 events with muon pt outside of [26,200] GeV. Setting those entries to their initial value.
There are 100 nan entries in the corrected pt. This might be due to the number of tracker layers hitting boundaries. Setting those entries to their initial value.
There are 49947 events with muon pt outside of [26,200] GeV. Setting those entries to their initial value.
There are 38752 events with muon pt outside of [26,200] GeV. Setting those entries to their initial value.
There are 38753 events with muon pt outside of [26,200] GeV. Setting those entries to their initial value.
There are 104 nan entries in the corrected pt. This might be due to the number of tracker layers hitting boundaries. Setting those entries to their initial value.
There are 49265 events with muon pt outside of [26,200] GeV. Setting those entries to their initial value.
There are 34715 events with muon pt outside of [26,200] GeV. Setting those entries to their initial value.
There are 34716 events with muon pt outside of [26,200] GeV. Setting those entries to their initial value.
There are 107 nan entries in the corrected pt. This might be due to the number of tracker layers hitting boundaries. Setting those entries to their initial value.
There are 44491 events with muon pt outside of [26,200] GeV. Setting those entries to their initial value.
There are 43615 events with muon pt outside of [26,200] GeV. Setting those entries to their initial value.
There are 43616 events with muon pt outside of [26,200] GeV. Setting those entries to their initial value.
There are 145 nan entries in the corrected pt. This might be due to the number of tracker layers hitting boundaries. Setting those entries to their initial value.
There are 56046 events with muon pt outside of [26,200] GeV. Setting those entries to their initial value.
There are 38061 events with muon pt outside of [26,200] GeV. Setting those entries to their initial value.
There are 38063 events with muon pt outside of [26,200] GeV. Setting those entries to their initial value.
There are 115 nan entries in the corrected pt. This might be due to the number of tracker layers hitting boundaries. Setting those entries to their initial value.
There are 48623 events with muon pt outside of [26,200] GeV. Setting those entries to their initial value.
There are 40684 events with muon pt outside of [26,200] GeV. Setting those entries to their initial value.
There are 40686 events with muon pt outside of [26,200] GeV. Setting those entries to their initial value.
There are 143 nan entries in the corrected pt. This might be due to the number of tracker layers hitting boundaries. Setting those entries to their initial value.
There are 52066 events with muon pt outside of [26,200] GeV. Setting those entries to their initial value.
There are 40353 events with muon pt outside of [26,200] GeV. Setting those entries to their initial value.
There are 40354 events with muon pt outside of [26,200] GeV. Setting those entries to their initial value.
There are 132 nan entries in the corrected pt. This might be due to the number of tracker layers hitting boundaries. Setting those entries to their initial value.
There are 51915 events with muon pt outside of [26,200] GeV. Setting those entries to their initial value.
There are 40671 events with muon pt outside of [26,200] GeV. Setting those entries to their initial value.
There are 40671 events with muon pt outside of [26,200] GeV. Setting those entries to their initial value.
There are 125 nan entries in the corrected pt. This might be due to the number of tracker layers hitting boundaries. Setting those entries to their initial value.
There are 52128 events with muon pt outside of [26,200] GeV. Setting those entries to their initial value.
There are 8600 events with muon pt outside of [26,200] GeV. Setting those entries to their initial value.
There are 8600 events with muon pt outside of [26,200] GeV. Setting those entries to their initial value.
There are 22 nan entries in the corrected pt. This might be due to the number of tracker layers hitting boundaries. Setting those entries to their initial value.
There are 11368 events with muon pt outside of [26,200] GeV. Setting those entries to their initial value.
There are 37954 events with muon pt outside of [26,200] GeV. Setting those entries to their initial value.
There are 37956 events with muon pt outside of [26,200] GeV. Setting those entries to their initial value.
There are 131 nan entries in the corrected pt. This might be due to the number of tracker layers hitting boundaries. Setting those entries to their initial value.
There are 48891 events with muon pt outside of [26,200] GeV. Setting those entries to their initial value.
There are 41478 events with muon pt outside of [26,200] GeV. Setting those entries to their initial value.
There are 41479 events with muon pt outside of [26,200] GeV. Setting those entries to their initial value.
There are 135 nan entries in the corrected pt. This might be due to the number of tracker layers hitting boundaries. Setting those entries to their initial value.
There are 53210 events with muon pt outside of [26,200] GeV. Setting those entries to their initial value.
There are 41295 events with muon pt outside of [26,200] GeV. Setting those entries to their initial value.
There are 41296 events with muon pt outside of [26,200] GeV. Setting those entries to their initial value.
There are 124 nan entries in the corrected pt. This might be due to the number of tracker layers hitting boundaries. Setting those entries to their initial value.
There are 53165 events with muon pt outside of [26,200] GeV. Setting those entries to their initial value.
There are 38721 events with muon pt outside of [26,200] GeV. Setting those entries to their initial value.
There are 38723 events with muon pt outside of [26,200] GeV. Setting those entries to their initial value.
There are 97 nan entries in the corrected pt. This might be due to the number of tracker layers hitting boundaries. Setting those entries to their initial value.
There are 49861 events with muon pt outside of [26,200] GeV. Setting those entries to their initial value.
There are 38426 events with muon pt outside of [26,200] GeV. Setting those entries to their initial value.
There are 38426 events with muon pt outside of [26,200] GeV. Setting those entries to their initial value.
There are 114 nan entries in the corrected pt. This might be due to the number of tracker layers hitting boundaries. Setting those entries to their initial value.
There are 49360 events with muon pt outside of [26,200] GeV. Setting those entries to their initial value.
There are 38251 events with muon pt outside of [26,200] GeV. Setting those entries to their initial value.
There are 38252 events with muon pt outside of [26,200] GeV. Setting those entries to their initial value.
There are 121 nan entries in the corrected pt. This might be due to the number of tracker layers hitting boundaries. Setting those entries to their initial value.
There are 49524 events with muon pt outside of [26,200] GeV. Setting those entries to their initial value.
There are 34921 events with muon pt outside of [26,200] GeV. Setting those entries to their initial value.
There are 34921 events with muon pt outside of [26,200] GeV. Setting those entries to their initial value.
There are 104 nan entries in the corrected pt. This might be due to the number of tracker layers hitting boundaries. Setting those entries to their initial value.
There are 44645 events with muon pt outside of [26,200] GeV. Setting those entries to their initial value.
There are 43505 events with muon pt outside of [26,200] GeV. Setting those entries to their initial value.
There are 43505 events with muon pt outside of [26,200] GeV. Setting those entries to their initial value.
There are 116 nan entries in the corrected pt. This might be due to the number of tracker layers hitting boundaries. Setting those entries to their initial value.
There are 55908 events with muon pt outside of [26,200] GeV. Setting those entries to their initial value.
There are 38037 events with muon pt outside of [26,200] GeV. Setting those entries to their initial value.
There are 38038 events with muon pt outside of [26,200] GeV. Setting those entries to their initial value.
There are 116 nan entries in the corrected pt. This might be due to the number of tracker layers hitting boundaries. Setting those entries to their initial value.
There are 48648 events with muon pt outside of [26,200] GeV. Setting those entries to their initial value.
There are 38067 events with muon pt outside of [26,200] GeV. Setting those entries to their initial value.
There are 38067 events with muon pt outside of [26,200] GeV. Setting those entries to their initial value.
There are 107 nan entries in the corrected pt. This might be due to the number of tracker layers hitting boundaries. Setting those entries to their initial value.
There are 48678 events with muon pt outside of [26,200] GeV. Setting those entries to their initial value.
There are 40523 events with muon pt outside of [26,200] GeV. Setting those entries to their initial value.
There are 40525 events with muon pt outside of [26,200] GeV. Setting those entries to their initial value.
There are 141 nan entries in the corrected pt. This might be due to the number of tracker layers hitting boundaries. Setting those entries to their initial value.
There are 52079 events with muon pt outside of [26,200] GeV. Setting those entries to their initial value.
