000 (14737679.001.000) 02/25 20:32:47 Job submitted from host: <188.184.90.62:9618?addrs=188.184.90.62-9618+[2001-1458-201-e4--100-238]-9618&alias=bigbird16.cern.ch&noUDP&sock=schedd_5196_9a2f>
...
040 (14737679.001.000) 02/25 20:36:28 Started transferring input files
	Transferring to host: <128.142.192.205:9618?addrs=128.142.192.205-9618+[2001-1458-301-56--100-49]-9618&alias=b9g18p5924.cern.ch&noUDP&sock=slot1_17_4485_d68f_160807>
...
040 (14737679.001.000) 02/25 20:36:28 Finished transferring input files
...
001 (14737679.001.000) 02/25 20:36:29 Job executing on host: <128.142.192.205:9618?addrs=128.142.192.205-9618+[2001-1458-301-56--100-49]-9618&alias=b9g18p5924.cern.ch&noUDP&sock=startd_3645_becb>
	SlotName: slot1_17@b9g18p5924.cern.ch
	CondorScratchDir = "/pool/condor/dir_3220457"
	Cpus = 1
	Disk = 3857
	GPUs = 0
	Memory = 3000
...
006 (14737679.001.000) 02/25 20:36:44 Image size of job updated: 54712
	54  -  MemoryUsage of job (MB)
	54712  -  ResidentSetSize of job (KB)
...
006 (14737679.001.000) 02/25 20:41:45 Image size of job updated: 2557628
	2204  -  MemoryUsage of job (MB)
	2255944  -  ResidentSetSize of job (KB)
...
006 (14737679.001.000) 02/25 20:46:45 Image size of job updated: 2557628
	2204  -  MemoryUsage of job (MB)
	2255992  -  ResidentSetSize of job (KB)
...
040 (14737679.001.000) 02/25 20:48:33 Started transferring output files
...
040 (14737679.001.000) 02/25 20:48:33 Finished transferring output files
...
005 (14737679.001.000) 02/25 20:48:33 Job terminated.
	(1) Normal termination (return value 0)
		Usr 0 00:15:45, Sys 0 00:00:19  -  Run Remote Usage
		Usr 0 00:00:00, Sys 0 00:00:00  -  Run Local Usage
		Usr 0 00:15:45, Sys 0 00:00:19  -  Total Remote Usage
		Usr 0 00:00:00, Sys 0 00:00:00  -  Total Local Usage
	20589  -  Run Bytes Sent By Job
	27299  -  Run Bytes Received By Job
	20589  -  Total Bytes Sent By Job
	27299  -  Total Bytes Received By Job
	Partitionable Resources :    Usage  Request Allocated 
	   Cpus                 :     1.97        1         1 
	   Disk (KB)            :    73          30      3857 
	   GPUs                 :                           0 
	   Memory (MB)          :  2204        3000      3000 
	   TimeExecute (s)      :   724                       
	   TimeSlotBusy (s)     :   726                       

	Job terminated of its own accord at 2026-02-25T19:48:33Z with exit-code 0.
...
