000 (14752963.002.000) 02/26 16:23:24 Job submitted from host: <188.184.90.62:9618?addrs=188.184.90.62-9618+[2001-1458-201-e4--100-238]-9618&alias=bigbird16.cern.ch&noUDP&sock=schedd_5196_9a2f>
...
040 (14752963.002.000) 02/26 16:27:28 Started transferring input files
	Transferring to host: <188.185.208.56:9618?addrs=188.185.208.56-9618+[2001-1458-303-f--100-35]-9618&alias=b9p09p6178.cern.ch&noUDP&sock=slot1_18_6255_f697_149114>
...
040 (14752963.002.000) 02/26 16:27:28 Finished transferring input files
...
001 (14752963.002.000) 02/26 16:27:29 Job executing on host: <188.185.208.56:9618?addrs=188.185.208.56-9618+[2001-1458-303-f--100-35]-9618&alias=b9p09p6178.cern.ch&noUDP&sock=startd_5361_c750>
	SlotName: slot1_18@b9p09p6178.cern.ch
	CondorScratchDir = "/pool/condor/dir_147722"
	Cpus = 1
	Disk = 3653
	GPUs = 0
	Memory = 3000
...
006 (14752963.002.000) 02/26 16:27:44 Image size of job updated: 511812
	500  -  MemoryUsage of job (MB)
	511812  -  ResidentSetSize of job (KB)
...
040 (14752963.002.000) 02/26 16:27:45 Started transferring output files
...
040 (14752963.002.000) 02/26 16:27:45 Finished transferring output files
...
005 (14752963.002.000) 02/26 16:27:45 Job terminated.
	(1) Normal termination (return value 1)
		Usr 0 00:00:04, Sys 0 00:00:02  -  Run Remote Usage
		Usr 0 00:00:00, Sys 0 00:00:00  -  Run Local Usage
		Usr 0 00:00:04, Sys 0 00:00:02  -  Total Remote Usage
		Usr 0 00:00:00, Sys 0 00:00:00  -  Total Local Usage
	10414  -  Run Bytes Sent By Job
	27280  -  Run Bytes Received By Job
	10414  -  Total Bytes Sent By Job
	27280  -  Total Bytes Received By Job
	Partitionable Resources :    Usage  Request Allocated 
	   Cpus                 :        0        1         1 
	   Disk (KB)            :       66       30      3653 
	   GPUs                 :                           0 
	   Memory (MB)          :      500     3000      3000 
	   TimeExecute (s)      :       16                    
	   TimeSlotBusy (s)     :       18                    

	Job terminated of its own accord at 2026-02-26T15:27:45Z with exit-code 1.
...
