subject   : /DC=ch/DC=cern/OU=Organic Units/OU=Users/CN=driosper/CN=886669/CN=Diego Alejandro Rios Perez/CN=1573519443
issuer    : /DC=ch/DC=cern/OU=Organic Units/OU=Users/CN=driosper/CN=886669/CN=Diego Alejandro Rios Perez
identity  : /DC=ch/DC=cern/OU=Organic Units/OU=Users/CN=driosper/CN=886669/CN=Diego Alejandro Rios Perez
type      : RFC compliant proxy
strength  : 2048 bits
path      : /afs/cern.ch/user/d/driosper/private/x509up_u182284
timeleft  : 11:49:39
key usage : Digital Signature, Key Encipherment
=== VO cms extension information ===
VO        : cms
subject   : /DC=ch/DC=cern/OU=Organic Units/OU=Users/CN=driosper/CN=886669/CN=Diego Alejandro Rios Perez
issuer    : /DC=ch/DC=cern/OU=computers/CN=cms-auth.cern.ch
attribute : /cms/Role=NULL/Capability=NULL
timeleft  : 11:49:39
uri       : voms-cms-auth.cern.ch:15000
--workflow ztoee --year 2022preEE --output_path /eos/user/d/driosper/bsm3g_coffea/outputs/ztoee/2022preEE/TTto4Q --output_format coffea --dataset TTto4Q_2 --partition_json /srv/partition_fileset.json
  Preprocessing 100% ━━━━━━━━━━━━━━━━ 10/10 [ 0:00:24 < 0:00:00 | 0.6   file/s ]
Merging (local) 100% ━━━━━━━━━━━━━━━━ 10/10 [ 0:00:24 < 0:00:00 | ?   merges/s ]
     Processing 100% ━━━━━━━━━━━━━━━━ 26/26 [ 0:11:08 < 0:00:00 | 0.9  chunk/s ]
Merging (local) 100% ━━━━━━━━━━━━━━━━ 26/26 [ 0:11:08 < 0:00:00 | ?   merges/s ]
There are 9128 events with muon pt outside of [26,200] GeV. Setting those entries to their initial value.
There are 9129 events with muon pt outside of [26,200] GeV. Setting those entries to their initial value.
There are 25 nan entries in the corrected pt. This might be due to the number of tracker layers hitting boundaries. Setting those entries to their initial value.
There are 11747 events with muon pt outside of [26,200] GeV. Setting those entries to their initial value.
There are 26360 events with muon pt outside of [26,200] GeV. Setting those entries to their initial value.
There are 26361 events with muon pt outside of [26,200] GeV. Setting those entries to their initial value.
There are 105 nan entries in the corrected pt. This might be due to the number of tracker layers hitting boundaries. Setting those entries to their initial value.
There are 33801 events with muon pt outside of [26,200] GeV. Setting those entries to their initial value.
There are 43803 events with muon pt outside of [26,200] GeV. Setting those entries to their initial value.
There are 43804 events with muon pt outside of [26,200] GeV. Setting those entries to their initial value.
There are 144 nan entries in the corrected pt. This might be due to the number of tracker layers hitting boundaries. Setting those entries to their initial value.
There are 56075 events with muon pt outside of [26,200] GeV. Setting those entries to their initial value.
There are 38043 events with muon pt outside of [26,200] GeV. Setting those entries to their initial value.
There are 38044 events with muon pt outside of [26,200] GeV. Setting those entries to their initial value.
There are 115 nan entries in the corrected pt. This might be due to the number of tracker layers hitting boundaries. Setting those entries to their initial value.
There are 48690 events with muon pt outside of [26,200] GeV. Setting those entries to their initial value.
There are 38100 events with muon pt outside of [26,200] GeV. Setting those entries to their initial value.
There are 38101 events with muon pt outside of [26,200] GeV. Setting those entries to their initial value.
There are 132 nan entries in the corrected pt. This might be due to the number of tracker layers hitting boundaries. Setting those entries to their initial value.
There are 48836 events with muon pt outside of [26,200] GeV. Setting those entries to their initial value.
There are 44148 events with muon pt outside of [26,200] GeV. Setting those entries to their initial value.
There are 44149 events with muon pt outside of [26,200] GeV. Setting those entries to their initial value.
There are 140 nan entries in the corrected pt. This might be due to the number of tracker layers hitting boundaries. Setting those entries to their initial value.
There are 56912 events with muon pt outside of [26,200] GeV. Setting those entries to their initial value.
There are 41747 events with muon pt outside of [26,200] GeV. Setting those entries to their initial value.
There are 41747 events with muon pt outside of [26,200] GeV. Setting those entries to their initial value.
There are 115 nan entries in the corrected pt. This might be due to the number of tracker layers hitting boundaries. Setting those entries to their initial value.
There are 54044 events with muon pt outside of [26,200] GeV. Setting those entries to their initial value.
There are 41959 events with muon pt outside of [26,200] GeV. Setting those entries to their initial value.
There are 41963 events with muon pt outside of [26,200] GeV. Setting those entries to their initial value.
There are 143 nan entries in the corrected pt. This might be due to the number of tracker layers hitting boundaries. Setting those entries to their initial value.
There are 53578 events with muon pt outside of [26,200] GeV. Setting those entries to their initial value.
There are 44085 events with muon pt outside of [26,200] GeV. Setting those entries to their initial value.
There are 44085 events with muon pt outside of [26,200] GeV. Setting those entries to their initial value.
There are 148 nan entries in the corrected pt. This might be due to the number of tracker layers hitting boundaries. Setting those entries to their initial value.
There are 56680 events with muon pt outside of [26,200] GeV. Setting those entries to their initial value.
There are 43932 events with muon pt outside of [26,200] GeV. Setting those entries to their initial value.
There are 43932 events with muon pt outside of [26,200] GeV. Setting those entries to their initial value.
There are 139 nan entries in the corrected pt. This might be due to the number of tracker layers hitting boundaries. Setting those entries to their initial value.
There are 56367 events with muon pt outside of [26,200] GeV. Setting those entries to their initial value.
There are 38162 events with muon pt outside of [26,200] GeV. Setting those entries to their initial value.
There are 38163 events with muon pt outside of [26,200] GeV. Setting those entries to their initial value.
There are 103 nan entries in the corrected pt. This might be due to the number of tracker layers hitting boundaries. Setting those entries to their initial value.
There are 48741 events with muon pt outside of [26,200] GeV. Setting those entries to their initial value.
There are 37901 events with muon pt outside of [26,200] GeV. Setting those entries to their initial value.
There are 37901 events with muon pt outside of [26,200] GeV. Setting those entries to their initial value.
There are 107 nan entries in the corrected pt. This might be due to the number of tracker layers hitting boundaries. Setting those entries to their initial value.
There are 49037 events with muon pt outside of [26,200] GeV. Setting those entries to their initial value.
There are 44168 events with muon pt outside of [26,200] GeV. Setting those entries to their initial value.
There are 44171 events with muon pt outside of [26,200] GeV. Setting those entries to their initial value.
There are 155 nan entries in the corrected pt. This might be due to the number of tracker layers hitting boundaries. Setting those entries to their initial value.
There are 56800 events with muon pt outside of [26,200] GeV. Setting those entries to their initial value.
There are 41754 events with muon pt outside of [26,200] GeV. Setting those entries to their initial value.
There are 41754 events with muon pt outside of [26,200] GeV. Setting those entries to their initial value.
There are 120 nan entries in the corrected pt. This might be due to the number of tracker layers hitting boundaries. Setting those entries to their initial value.
There are 53757 events with muon pt outside of [26,200] GeV. Setting those entries to their initial value.
There are 41942 events with muon pt outside of [26,200] GeV. Setting those entries to their initial value.
There are 41943 events with muon pt outside of [26,200] GeV. Setting those entries to their initial value.
There are 132 nan entries in the corrected pt. This might be due to the number of tracker layers hitting boundaries. Setting those entries to their initial value.
There are 53978 events with muon pt outside of [26,200] GeV. Setting those entries to their initial value.
There are 41995 events with muon pt outside of [26,200] GeV. Setting those entries to their initial value.
There are 41995 events with muon pt outside of [26,200] GeV. Setting those entries to their initial value.
There are 127 nan entries in the corrected pt. This might be due to the number of tracker layers hitting boundaries. Setting those entries to their initial value.
There are 53774 events with muon pt outside of [26,200] GeV. Setting those entries to their initial value.
There are 1728 events with muon pt outside of [26,200] GeV. Setting those entries to their initial value.
There are 1728 events with muon pt outside of [26,200] GeV. Setting those entries to their initial value.
There are 3 nan entries in the corrected pt. This might be due to the number of tracker layers hitting boundaries. Setting those entries to their initial value.
There are 2163 events with muon pt outside of [26,200] GeV. Setting those entries to their initial value.
There are 43906 events with muon pt outside of [26,200] GeV. Setting those entries to their initial value.
There are 43907 events with muon pt outside of [26,200] GeV. Setting those entries to their initial value.
There are 127 nan entries in the corrected pt. This might be due to the number of tracker layers hitting boundaries. Setting those entries to their initial value.
There are 56449 events with muon pt outside of [26,200] GeV. Setting those entries to their initial value.
There are 43834 events with muon pt outside of [26,200] GeV. Setting those entries to their initial value.
There are 43834 events with muon pt outside of [26,200] GeV. Setting those entries to their initial value.
There are 141 nan entries in the corrected pt. This might be due to the number of tracker layers hitting boundaries. Setting those entries to their initial value.
There are 56454 events with muon pt outside of [26,200] GeV. Setting those entries to their initial value.
There are 37776 events with muon pt outside of [26,200] GeV. Setting those entries to their initial value.
There are 37776 events with muon pt outside of [26,200] GeV. Setting those entries to their initial value.
There are 128 nan entries in the corrected pt. This might be due to the number of tracker layers hitting boundaries. Setting those entries to their initial value.
There are 48833 events with muon pt outside of [26,200] GeV. Setting those entries to their initial value.
There are 35236 events with muon pt outside of [26,200] GeV. Setting those entries to their initial value.
There are 35236 events with muon pt outside of [26,200] GeV. Setting those entries to their initial value.
There are 102 nan entries in the corrected pt. This might be due to the number of tracker layers hitting boundaries. Setting those entries to their initial value.
There are 44913 events with muon pt outside of [26,200] GeV. Setting those entries to their initial value.
There are 47182 events with muon pt outside of [26,200] GeV. Setting those entries to their initial value.
There are 47183 events with muon pt outside of [26,200] GeV. Setting those entries to their initial value.
There are 132 nan entries in the corrected pt. This might be due to the number of tracker layers hitting boundaries. Setting those entries to their initial value.
There are 59954 events with muon pt outside of [26,200] GeV. Setting those entries to their initial value.
There are 44074 events with muon pt outside of [26,200] GeV. Setting those entries to their initial value.
There are 44075 events with muon pt outside of [26,200] GeV. Setting those entries to their initial value.
There are 126 nan entries in the corrected pt. This might be due to the number of tracker layers hitting boundaries. Setting those entries to their initial value.
There are 56166 events with muon pt outside of [26,200] GeV. Setting those entries to their initial value.
There are 43986 events with muon pt outside of [26,200] GeV. Setting those entries to their initial value.
There are 43986 events with muon pt outside of [26,200] GeV. Setting those entries to their initial value.
There are 154 nan entries in the corrected pt. This might be due to the number of tracker layers hitting boundaries. Setting those entries to their initial value.
There are 56344 events with muon pt outside of [26,200] GeV. Setting those entries to their initial value.
There are 38222 events with muon pt outside of [26,200] GeV. Setting those entries to their initial value.
There are 38222 events with muon pt outside of [26,200] GeV. Setting those entries to their initial value.
There are 115 nan entries in the corrected pt. This might be due to the number of tracker layers hitting boundaries. Setting those entries to their initial value.
There are 48430 events with muon pt outside of [26,200] GeV. Setting those entries to their initial value.
There are 35040 events with muon pt outside of [26,200] GeV. Setting those entries to their initial value.
There are 35040 events with muon pt outside of [26,200] GeV. Setting those entries to their initial value.
There are 114 nan entries in the corrected pt. This might be due to the number of tracker layers hitting boundaries. Setting those entries to their initial value.
There are 45304 events with muon pt outside of [26,200] GeV. Setting those entries to their initial value.
