subject   : /DC=ch/DC=cern/OU=Organic Units/OU=Users/CN=driosper/CN=886669/CN=Diego Alejandro Rios Perez/CN=3192939875
issuer    : /DC=ch/DC=cern/OU=Organic Units/OU=Users/CN=driosper/CN=886669/CN=Diego Alejandro Rios Perez
identity  : /DC=ch/DC=cern/OU=Organic Units/OU=Users/CN=driosper/CN=886669/CN=Diego Alejandro Rios Perez
type      : RFC compliant proxy
strength  : 2048 bits
path      : /afs/cern.ch/user/d/driosper/private/x509up_u182284
timeleft  : 9:20:55
key usage : Digital Signature, Key Encipherment
=== VO cms extension information ===
VO        : cms
subject   : /DC=ch/DC=cern/OU=Organic Units/OU=Users/CN=driosper/CN=886669/CN=Diego Alejandro Rios Perez
issuer    : /DC=ch/DC=cern/OU=computers/CN=cms-auth.cern.ch
attribute : /cms/Role=NULL/Capability=NULL
timeleft  : 9:20:55
uri       : voms-cms-auth.cern.ch:15000
--workflow ztoee --year 2022preEE --output_path /eos/user/d/driosper/bsm3g_coffea/outputs/ztoee/2022preEE/TTto4Q --output_format coffea --dataset TTto4Q_6 --partition_json /srv/partition_fileset.json
  Preprocessing 100% ━━━━━━━━━━━━━━━━ 10/10 [ 0:00:17 < 0:00:00 | 0.6   file/s ]
Merging (local) 100% ━━━━━━━━━━━━━━━━ 10/10 [ 0:00:17 < 0:00:00 | ?   merges/s ]
     Processing   8% ━                 4/51 [ 0:00:55 < 0:05:40 | 0.1  chunk/s ]
Merging (local) 100% ━━━━━━━━━━━━━━━━━  3/3 [ 0:00:55 < 0:00:00 | ?   merges/s ]
There are 20338 events with muon pt outside of [26,200] GeV. Setting those entries to their initial value.
There are 20338 events with muon pt outside of [26,200] GeV. Setting those entries to their initial value.
There are 66 nan entries in the corrected pt. This might be due to the number of tracker layers hitting boundaries. Setting those entries to their initial value.
There are 26247 events with muon pt outside of [26,200] GeV. Setting those entries to their initial value.
There are 41949 events with muon pt outside of [26,200] GeV. Setting those entries to their initial value.
There are 41949 events with muon pt outside of [26,200] GeV. Setting those entries to their initial value.
There are 139 nan entries in the corrected pt. This might be due to the number of tracker layers hitting boundaries. Setting those entries to their initial value.
There are 53484 events with muon pt outside of [26,200] GeV. Setting those entries to their initial value.
There are 36674 events with muon pt outside of [26,200] GeV. Setting those entries to their initial value.
There are 36674 events with muon pt outside of [26,200] GeV. Setting those entries to their initial value.
There are 117 nan entries in the corrected pt. This might be due to the number of tracker layers hitting boundaries. Setting those entries to their initial value.
There are 47137 events with muon pt outside of [26,200] GeV. Setting those entries to their initial value.
There are 38070 events with muon pt outside of [26,200] GeV. Setting those entries to their initial value.
There are 38071 events with muon pt outside of [26,200] GeV. Setting those entries to their initial value.
There are 117 nan entries in the corrected pt. This might be due to the number of tracker layers hitting boundaries. Setting those entries to their initial value.
There are 48870 events with muon pt outside of [26,200] GeV. Setting those entries to their initial value.
There are 42575 events with muon pt outside of [26,200] GeV. Setting those entries to their initial value.
There are 42575 events with muon pt outside of [26,200] GeV. Setting those entries to their initial value.
There are 132 nan entries in the corrected pt. This might be due to the number of tracker layers hitting boundaries. Setting those entries to their initial value.
There are 54501 events with muon pt outside of [26,200] GeV. Setting those entries to their initial value.
There are 42345 events with muon pt outside of [26,200] GeV. Setting those entries to their initial value.
There are 42345 events with muon pt outside of [26,200] GeV. Setting those entries to their initial value.
There are 139 nan entries in the corrected pt. This might be due to the number of tracker layers hitting boundaries. Setting those entries to their initial value.
There are 54355 events with muon pt outside of [26,200] GeV. Setting those entries to their initial value.
There are 39973 events with muon pt outside of [26,200] GeV. Setting those entries to their initial value.
There are 39974 events with muon pt outside of [26,200] GeV. Setting those entries to their initial value.
There are 135 nan entries in the corrected pt. This might be due to the number of tracker layers hitting boundaries. Setting those entries to their initial value.
There are 51098 events with muon pt outside of [26,200] GeV. Setting those entries to their initial value.
There are 39733 events with muon pt outside of [26,200] GeV. Setting those entries to their initial value.
There are 39733 events with muon pt outside of [26,200] GeV. Setting those entries to their initial value.
There are 144 nan entries in the corrected pt. This might be due to the number of tracker layers hitting boundaries. Setting those entries to their initial value.
There are 51384 events with muon pt outside of [26,200] GeV. Setting those entries to their initial value.
There are 40963 events with muon pt outside of [26,200] GeV. Setting those entries to their initial value.
There are 40964 events with muon pt outside of [26,200] GeV. Setting those entries to their initial value.
There are 114 nan entries in the corrected pt. This might be due to the number of tracker layers hitting boundaries. Setting those entries to their initial value.
There are 52288 events with muon pt outside of [26,200] GeV. Setting those entries to their initial value.
There are 41167 events with muon pt outside of [26,200] GeV. Setting those entries to their initial value.
There are 41169 events with muon pt outside of [26,200] GeV. Setting those entries to their initial value.
There are 104 nan entries in the corrected pt. This might be due to the number of tracker layers hitting boundaries. Setting those entries to their initial value.
There are 52717 events with muon pt outside of [26,200] GeV. Setting those entries to their initial value.
There are 40891 events with muon pt outside of [26,200] GeV. Setting those entries to their initial value.
There are 40891 events with muon pt outside of [26,200] GeV. Setting those entries to their initial value.
There are 124 nan entries in the corrected pt. This might be due to the number of tracker layers hitting boundaries. Setting those entries to their initial value.
There are 52016 events with muon pt outside of [26,200] GeV. Setting those entries to their initial value.
There are 43794 events with muon pt outside of [26,200] GeV. Setting those entries to their initial value.
There are 43796 events with muon pt outside of [26,200] GeV. Setting those entries to their initial value.
There are 124 nan entries in the corrected pt. This might be due to the number of tracker layers hitting boundaries. Setting those entries to their initial value.
There are 56410 events with muon pt outside of [26,200] GeV. Setting those entries to their initial value.
There are 41082 events with muon pt outside of [26,200] GeV. Setting those entries to their initial value.
There are 41083 events with muon pt outside of [26,200] GeV. Setting those entries to their initial value.
There are 102 nan entries in the corrected pt. This might be due to the number of tracker layers hitting boundaries. Setting those entries to their initial value.
There are 52577 events with muon pt outside of [26,200] GeV. Setting those entries to their initial value.
There are 41908 events with muon pt outside of [26,200] GeV. Setting those entries to their initial value.
There are 41909 events with muon pt outside of [26,200] GeV. Setting those entries to their initial value.
There are 116 nan entries in the corrected pt. This might be due to the number of tracker layers hitting boundaries. Setting those entries to their initial value.
There are 53463 events with muon pt outside of [26,200] GeV. Setting those entries to their initial value.
There are 36590 events with muon pt outside of [26,200] GeV. Setting those entries to their initial value.
There are 36590 events with muon pt outside of [26,200] GeV. Setting those entries to their initial value.
There are 115 nan entries in the corrected pt. This might be due to the number of tracker layers hitting boundaries. Setting those entries to their initial value.
There are 47382 events with muon pt outside of [26,200] GeV. Setting those entries to their initial value.
There are 38152 events with muon pt outside of [26,200] GeV. Setting those entries to their initial value.
There are 38153 events with muon pt outside of [26,200] GeV. Setting those entries to their initial value.
There are 105 nan entries in the corrected pt. This might be due to the number of tracker layers hitting boundaries. Setting those entries to their initial value.
There are 48764 events with muon pt outside of [26,200] GeV. Setting those entries to their initial value.
There are 38351 events with muon pt outside of [26,200] GeV. Setting those entries to their initial value.
There are 38351 events with muon pt outside of [26,200] GeV. Setting those entries to their initial value.
There are 117 nan entries in the corrected pt. This might be due to the number of tracker layers hitting boundaries. Setting those entries to their initial value.
There are 48886 events with muon pt outside of [26,200] GeV. Setting those entries to their initial value.
There are 42552 events with muon pt outside of [26,200] GeV. Setting those entries to their initial value.
There are 42552 events with muon pt outside of [26,200] GeV. Setting those entries to their initial value.
There are 135 nan entries in the corrected pt. This might be due to the number of tracker layers hitting boundaries. Setting those entries to their initial value.
There are 54435 events with muon pt outside of [26,200] GeV. Setting those entries to their initial value.
There are 39949 events with muon pt outside of [26,200] GeV. Setting those entries to their initial value.
There are 39949 events with muon pt outside of [26,200] GeV. Setting those entries to their initial value.
There are 111 nan entries in the corrected pt. This might be due to the number of tracker layers hitting boundaries. Setting those entries to their initial value.
There are 50842 events with muon pt outside of [26,200] GeV. Setting those entries to their initial value.
There are 40832 events with muon pt outside of [26,200] GeV. Setting those entries to their initial value.
There are 40832 events with muon pt outside of [26,200] GeV. Setting those entries to their initial value.
There are 149 nan entries in the corrected pt. This might be due to the number of tracker layers hitting boundaries. Setting those entries to their initial value.
There are 52431 events with muon pt outside of [26,200] GeV. Setting those entries to their initial value.
There are 40755 events with muon pt outside of [26,200] GeV. Setting those entries to their initial value.
There are 40756 events with muon pt outside of [26,200] GeV. Setting those entries to their initial value.
There are 91 nan entries in the corrected pt. This might be due to the number of tracker layers hitting boundaries. Setting those entries to their initial value.
There are 52546 events with muon pt outside of [26,200] GeV. Setting those entries to their initial value.
There are 40736 events with muon pt outside of [26,200] GeV. Setting those entries to their initial value.
There are 40739 events with muon pt outside of [26,200] GeV. Setting those entries to their initial value.
There are 97 nan entries in the corrected pt. This might be due to the number of tracker layers hitting boundaries. Setting those entries to their initial value.
There are 52399 events with muon pt outside of [26,200] GeV. Setting those entries to their initial value.
There are 43959 events with muon pt outside of [26,200] GeV. Setting those entries to their initial value.
There are 43959 events with muon pt outside of [26,200] GeV. Setting those entries to their initial value.
There are 132 nan entries in the corrected pt. This might be due to the number of tracker layers hitting boundaries. Setting those entries to their initial value.
There are 56405 events with muon pt outside of [26,200] GeV. Setting those entries to their initial value.
There are 43784 events with muon pt outside of [26,200] GeV. Setting those entries to their initial value.
There are 43787 events with muon pt outside of [26,200] GeV. Setting those entries to their initial value.
There are 136 nan entries in the corrected pt. This might be due to the number of tracker layers hitting boundaries. Setting those entries to their initial value.
There are 55885 events with muon pt outside of [26,200] GeV. Setting those entries to their initial value.
There are 40847 events with muon pt outside of [26,200] GeV. Setting those entries to their initial value.
There are 40848 events with muon pt outside of [26,200] GeV. Setting those entries to their initial value.
There are 137 nan entries in the corrected pt. This might be due to the number of tracker layers hitting boundaries. Setting those entries to their initial value.
There are 52522 events with muon pt outside of [26,200] GeV. Setting those entries to their initial value.
There are 41834 events with muon pt outside of [26,200] GeV. Setting those entries to their initial value.
There are 41835 events with muon pt outside of [26,200] GeV. Setting those entries to their initial value.
There are 128 nan entries in the corrected pt. This might be due to the number of tracker layers hitting boundaries. Setting those entries to their initial value.
There are 53534 events with muon pt outside of [26,200] GeV. Setting those entries to their initial value.
There are 36841 events with muon pt outside of [26,200] GeV. Setting those entries to their initial value.
There are 36841 events with muon pt outside of [26,200] GeV. Setting those entries to their initial value.
There are 120 nan entries in the corrected pt. This might be due to the number of tracker layers hitting boundaries. Setting those entries to their initial value.
There are 47426 events with muon pt outside of [26,200] GeV. Setting those entries to their initial value.
There are 37935 events with muon pt outside of [26,200] GeV. Setting those entries to their initial value.
There are 37936 events with muon pt outside of [26,200] GeV. Setting those entries to their initial value.
There are 120 nan entries in the corrected pt. This might be due to the number of tracker layers hitting boundaries. Setting those entries to their initial value.
There are 49119 events with muon pt outside of [26,200] GeV. Setting those entries to their initial value.
There are 38084 events with muon pt outside of [26,200] GeV. Setting those entries to their initial value.
There are 38086 events with muon pt outside of [26,200] GeV. Setting those entries to their initial value.
There are 128 nan entries in the corrected pt. This might be due to the number of tracker layers hitting boundaries. Setting those entries to their initial value.
There are 49027 events with muon pt outside of [26,200] GeV. Setting those entries to their initial value.
There are 42402 events with muon pt outside of [26,200] GeV. Setting those entries to their initial value.
There are 42402 events with muon pt outside of [26,200] GeV. Setting those entries to their initial value.
There are 133 nan entries in the corrected pt. This might be due to the number of tracker layers hitting boundaries. Setting those entries to their initial value.
There are 54636 events with muon pt outside of [26,200] GeV. Setting those entries to their initial value.
There are 39866 events with muon pt outside of [26,200] GeV. Setting those entries to their initial value.
There are 39866 events with muon pt outside of [26,200] GeV. Setting those entries to their initial value.
There are 134 nan entries in the corrected pt. This might be due to the number of tracker layers hitting boundaries. Setting those entries to their initial value.
There are 51281 events with muon pt outside of [26,200] GeV. Setting those entries to their initial value.
There are 40999 events with muon pt outside of [26,200] GeV. Setting those entries to their initial value.
There are 41000 events with muon pt outside of [26,200] GeV. Setting those entries to their initial value.
There are 124 nan entries in the corrected pt. This might be due to the number of tracker layers hitting boundaries. Setting those entries to their initial value.
There are 52612 events with muon pt outside of [26,200] GeV. Setting those entries to their initial value.
There are 40763 events with muon pt outside of [26,200] GeV. Setting those entries to their initial value.
There are 40764 events with muon pt outside of [26,200] GeV. Setting those entries to their initial value.
There are 136 nan entries in the corrected pt. This might be due to the number of tracker layers hitting boundaries. Setting those entries to their initial value.
There are 52305 events with muon pt outside of [26,200] GeV. Setting those entries to their initial value.
There are 40694 events with muon pt outside of [26,200] GeV. Setting those entries to their initial value.
There are 40694 events with muon pt outside of [26,200] GeV. Setting those entries to their initial value.
There are 111 nan entries in the corrected pt. This might be due to the number of tracker layers hitting boundaries. Setting those entries to their initial value.
There are 52140 events with muon pt outside of [26,200] GeV. Setting those entries to their initial value.
There are 43670 events with muon pt outside of [26,200] GeV. Setting those entries to their initial value.
There are 43670 events with muon pt outside of [26,200] GeV. Setting those entries to their initial value.
There are 130 nan entries in the corrected pt. This might be due to the number of tracker layers hitting boundaries. Setting those entries to their initial value.
There are 56262 events with muon pt outside of [26,200] GeV. Setting those entries to their initial value.
There are 41010 events with muon pt outside of [26,200] GeV. Setting those entries to their initial value.
There are 41011 events with muon pt outside of [26,200] GeV. Setting those entries to their initial value.
There are 134 nan entries in the corrected pt. This might be due to the number of tracker layers hitting boundaries. Setting those entries to their initial value.
There are 52562 events with muon pt outside of [26,200] GeV. Setting those entries to their initial value.
There are 41062 events with muon pt outside of [26,200] GeV. Setting those entries to their initial value.
There are 41063 events with muon pt outside of [26,200] GeV. Setting those entries to their initial value.
There are 120 nan entries in the corrected pt. This might be due to the number of tracker layers hitting boundaries. Setting those entries to their initial value.
There are 52472 events with muon pt outside of [26,200] GeV. Setting those entries to their initial value.
There are 41614 events with muon pt outside of [26,200] GeV. Setting those entries to their initial value.
There are 41614 events with muon pt outside of [26,200] GeV. Setting those entries to their initial value.
There are 126 nan entries in the corrected pt. This might be due to the number of tracker layers hitting boundaries. Setting those entries to their initial value.
There are 53345 events with muon pt outside of [26,200] GeV. Setting those entries to their initial value.
There are 36819 events with muon pt outside of [26,200] GeV. Setting those entries to their initial value.
There are 36819 events with muon pt outside of [26,200] GeV. Setting those entries to their initial value.
There are 131 nan entries in the corrected pt. This might be due to the number of tracker layers hitting boundaries. Setting those entries to their initial value.
There are 47294 events with muon pt outside of [26,200] GeV. Setting those entries to their initial value.
There are 36915 events with muon pt outside of [26,200] GeV. Setting those entries to their initial value.
There are 36915 events with muon pt outside of [26,200] GeV. Setting those entries to their initial value.
There are 109 nan entries in the corrected pt. This might be due to the number of tracker layers hitting boundaries. Setting those entries to their initial value.
There are 47390 events with muon pt outside of [26,200] GeV. Setting those entries to their initial value.
There are 38283 events with muon pt outside of [26,200] GeV. Setting those entries to their initial value.
There are 38285 events with muon pt outside of [26,200] GeV. Setting those entries to their initial value.
There are 114 nan entries in the corrected pt. This might be due to the number of tracker layers hitting boundaries. Setting those entries to their initial value.
There are 48886 events with muon pt outside of [26,200] GeV. Setting those entries to their initial value.
There are 42448 events with muon pt outside of [26,200] GeV. Setting those entries to their initial value.
There are 42451 events with muon pt outside of [26,200] GeV. Setting those entries to their initial value.
There are 123 nan entries in the corrected pt. This might be due to the number of tracker layers hitting boundaries. Setting those entries to their initial value.
There are 54440 events with muon pt outside of [26,200] GeV. Setting those entries to their initial value.
There are 39852 events with muon pt outside of [26,200] GeV. Setting those entries to their initial value.
There are 39852 events with muon pt outside of [26,200] GeV. Setting those entries to their initial value.
There are 113 nan entries in the corrected pt. This might be due to the number of tracker layers hitting boundaries. Setting those entries to their initial value.
There are 51477 events with muon pt outside of [26,200] GeV. Setting those entries to their initial value.
There are 39956 events with muon pt outside of [26,200] GeV. Setting those entries to their initial value.
There are 39956 events with muon pt outside of [26,200] GeV. Setting those entries to their initial value.
There are 123 nan entries in the corrected pt. This might be due to the number of tracker layers hitting boundaries. Setting those entries to their initial value.
There are 51513 events with muon pt outside of [26,200] GeV. Setting those entries to their initial value.
There are 39780 events with muon pt outside of [26,200] GeV. Setting those entries to their initial value.
There are 39780 events with muon pt outside of [26,200] GeV. Setting those entries to their initial value.
There are 94 nan entries in the corrected pt. This might be due to the number of tracker layers hitting boundaries. Setting those entries to their initial value.
There are 51412 events with muon pt outside of [26,200] GeV. Setting those entries to their initial value.
There are 41130 events with muon pt outside of [26,200] GeV. Setting those entries to their initial value.
There are 41131 events with muon pt outside of [26,200] GeV. Setting those entries to their initial value.
There are 141 nan entries in the corrected pt. This might be due to the number of tracker layers hitting boundaries. Setting those entries to their initial value.
There are 52173 events with muon pt outside of [26,200] GeV. Setting those entries to their initial value.
There are 40675 events with muon pt outside of [26,200] GeV. Setting those entries to their initial value.
There are 40676 events with muon pt outside of [26,200] GeV. Setting those entries to their initial value.
There are 122 nan entries in the corrected pt. This might be due to the number of tracker layers hitting boundaries. Setting those entries to their initial value.
There are 52188 events with muon pt outside of [26,200] GeV. Setting those entries to their initial value.
There are 40879 events with muon pt outside of [26,200] GeV. Setting those entries to their initial value.
There are 40879 events with muon pt outside of [26,200] GeV. Setting those entries to their initial value.
There are 127 nan entries in the corrected pt. This might be due to the number of tracker layers hitting boundaries. Setting those entries to their initial value.
There are 51865 events with muon pt outside of [26,200] GeV. Setting those entries to their initial value.
There are 43912 events with muon pt outside of [26,200] GeV. Setting those entries to their initial value.
There are 43913 events with muon pt outside of [26,200] GeV. Setting those entries to their initial value.
There are 125 nan entries in the corrected pt. This might be due to the number of tracker layers hitting boundaries. Setting those entries to their initial value.
There are 56524 events with muon pt outside of [26,200] GeV. Setting those entries to their initial value.
There are 41001 events with muon pt outside of [26,200] GeV. Setting those entries to their initial value.
There are 41001 events with muon pt outside of [26,200] GeV. Setting those entries to their initial value.
There are 125 nan entries in the corrected pt. This might be due to the number of tracker layers hitting boundaries. Setting those entries to their initial value.
There are 52724 events with muon pt outside of [26,200] GeV. Setting those entries to their initial value.
There are 40724 events with muon pt outside of [26,200] GeV. Setting those entries to their initial value.
There are 40724 events with muon pt outside of [26,200] GeV. Setting those entries to their initial value.
There are 129 nan entries in the corrected pt. This might be due to the number of tracker layers hitting boundaries. Setting those entries to their initial value.
There are 52503 events with muon pt outside of [26,200] GeV. Setting those entries to their initial value.
