000 (14729964.001.000) 02/25 17:14:45 Job submitted from host: <188.184.90.62:9618?addrs=188.184.90.62-9618+[2001-1458-201-e4--100-238]-9618&alias=bigbird16.cern.ch&noUDP&sock=schedd_5196_9a2f>
...
040 (14729964.001.000) 02/25 17:18:41 Started transferring input files
	Transferring to host: <188.185.204.180:9618?addrs=188.185.204.180-9618+[2001-1458-303-8--100-a8]-9618&alias=b9p02p3983.cern.ch&noUDP&sock=slot1_39_4133397_dc6c_49312>
...
040 (14729964.001.000) 02/25 17:18:41 Finished transferring input files
...
001 (14729964.001.000) 02/25 17:18:43 Job executing on host: <188.185.204.180:9618?addrs=188.185.204.180-9618+[2001-1458-303-8--100-a8]-9618&alias=b9p02p3983.cern.ch&noUDP&sock=startd_2363492_80ee>
	SlotName: slot1_39@b9p02p3983.cern.ch
	CondorScratchDir = "/pool/condor/dir_3032959"
	Cpus = 1
	Disk = 3698
	GPUs = 0
	Memory = 3000
...
006 (14729964.001.000) 02/25 17:18:56 Image size of job updated: 512160
	501  -  MemoryUsage of job (MB)
	512160  -  ResidentSetSize of job (KB)
...
006 (14729964.001.000) 02/25 17:23:56 Image size of job updated: 2346540
	2028  -  MemoryUsage of job (MB)
	2075864  -  ResidentSetSize of job (KB)
...
006 (14729964.001.000) 02/25 17:28:57 Image size of job updated: 2819912
	2492  -  MemoryUsage of job (MB)
	2551296  -  ResidentSetSize of job (KB)
...
040 (14729964.001.000) 02/25 17:30:56 Started transferring output files
...
040 (14729964.001.000) 02/25 17:30:56 Finished transferring output files
...
005 (14729964.001.000) 02/25 17:30:56 Job terminated.
	(1) Normal termination (return value 1)
		Usr 0 00:17:24, Sys 0 00:00:32  -  Run Remote Usage
		Usr 0 00:00:00, Sys 0 00:00:00  -  Run Local Usage
		Usr 0 00:17:24, Sys 0 00:00:32  -  Total Remote Usage
		Usr 0 00:00:00, Sys 0 00:00:00  -  Total Local Usage
	44687  -  Run Bytes Sent By Job
	26582  -  Run Bytes Received By Job
	44687  -  Total Bytes Sent By Job
	26582  -  Total Bytes Received By Job
	Partitionable Resources :    Usage  Request Allocated 
	   Cpus                 :     1.52        1         1 
	   Disk (KB)            :    99          30      3698 
	   GPUs                 :                           0 
	   Memory (MB)          :  2492        3000      3000 
	   TimeExecute (s)      :   734                       
	   TimeSlotBusy (s)     :   736                       

	Job terminated of its own accord at 2026-02-25T16:30:56Z with exit-code 1.
...
