000 (14737679.008.000) 02/25 20:32:48 Job submitted from host: <188.184.90.62:9618?addrs=188.184.90.62-9618+[2001-1458-201-e4--100-238]-9618&alias=bigbird16.cern.ch&noUDP&sock=schedd_5196_9a2f>
...
040 (14737679.008.000) 02/25 20:36:30 Started transferring input files
	Transferring to host: <188.185.205.145:9618?addrs=188.185.205.145-9618+[2001-1458-303-a--100-e]-9618&alias=b9p04p6807.cern.ch&noUDP&sock=slot1_16_4033_5cfd_158444>
...
040 (14737679.008.000) 02/25 20:36:30 Finished transferring input files
...
001 (14737679.008.000) 02/25 20:36:31 Job executing on host: <188.185.205.145:9618?addrs=188.185.205.145-9618+[2001-1458-303-a--100-e]-9618&alias=b9p04p6807.cern.ch&noUDP&sock=startd_3588_a5e5>
	SlotName: slot1_16@b9p04p6807.cern.ch
	CondorScratchDir = "/pool/condor/dir_2471514"
	Cpus = 1
	Disk = 3766
	GPUs = 0
	Memory = 3000
...
006 (14737679.008.000) 02/25 20:36:45 Image size of job updated: 533680
	522  -  MemoryUsage of job (MB)
	533680  -  ResidentSetSize of job (KB)
...
006 (14737679.008.000) 02/25 20:41:06 Image size of job updated: 2292516
	522  -  MemoryUsage of job (MB)
	533836  -  ResidentSetSize of job (KB)
...
040 (14737679.008.000) 02/25 20:41:06 Started transferring output files
...
040 (14737679.008.000) 02/25 20:41:06 Finished transferring output files
...
005 (14737679.008.000) 02/25 20:41:06 Job terminated.
	(1) Normal termination (return value 0)
		Usr 0 00:10:11, Sys 0 00:00:17  -  Run Remote Usage
		Usr 0 00:00:00, Sys 0 00:00:00  -  Run Local Usage
		Usr 0 00:10:11, Sys 0 00:00:17  -  Total Remote Usage
		Usr 0 00:00:00, Sys 0 00:00:00  -  Total Local Usage
	23823  -  Run Bytes Sent By Job
	27299  -  Run Bytes Received By Job
	23823  -  Total Bytes Sent By Job
	27299  -  Total Bytes Received By Job
	Partitionable Resources :    Usage  Request Allocated 
	   Cpus                 :     2.46        1         1 
	   Disk (KB)            :    76          30      3766 
	   GPUs                 :                           0 
	   Memory (MB)          :   522        3000      3000 
	   TimeExecute (s)      :   275                       
	   TimeSlotBusy (s)     :   277                       

	Job terminated of its own accord at 2026-02-25T19:41:06Z with exit-code 0.
...
