000 (14752963.001.000) 02/26 16:23:24 Job submitted from host: <188.184.90.62:9618?addrs=188.184.90.62-9618+[2001-1458-201-e4--100-238]-9618&alias=bigbird16.cern.ch&noUDP&sock=schedd_5196_9a2f>
...
040 (14752963.001.000) 02/26 16:27:28 Started transferring input files
	Transferring to host: <188.185.214.217:9618?addrs=188.185.214.217-9618+[2001-1458-303-1d--100-55]-9618&alias=b9p30p4468.cern.ch&noUDP&sock=slot1_36_3329750_d924_92970>
...
040 (14752963.001.000) 02/26 16:27:28 Finished transferring input files
...
001 (14752963.001.000) 02/26 16:27:29 Job executing on host: <188.185.214.217:9618?addrs=188.185.214.217-9618+[2001-1458-303-1d--100-55]-9618&alias=b9p30p4468.cern.ch&noUDP&sock=startd_3329643_ba88>
	SlotName: slot1_36@b9p30p4468.cern.ch
	CondorScratchDir = "/pool/condor/dir_2090096"
	Cpus = 1
	Disk = 3905
	GPUs = 0
	Memory = 3000
...
006 (14752963.001.000) 02/26 16:27:43 Image size of job updated: 497396
	486  -  MemoryUsage of job (MB)
	497396  -  ResidentSetSize of job (KB)
...
040 (14752963.001.000) 02/26 16:27:44 Started transferring output files
...
040 (14752963.001.000) 02/26 16:27:45 Finished transferring output files
...
005 (14752963.001.000) 02/26 16:27:45 Job terminated.
	(1) Normal termination (return value 1)
		Usr 0 00:00:04, Sys 0 00:00:02  -  Run Remote Usage
		Usr 0 00:00:00, Sys 0 00:00:00  -  Run Local Usage
		Usr 0 00:00:04, Sys 0 00:00:02  -  Total Remote Usage
		Usr 0 00:00:00, Sys 0 00:00:00  -  Total Local Usage
	10189  -  Run Bytes Sent By Job
	27280  -  Run Bytes Received By Job
	10189  -  Total Bytes Sent By Job
	27280  -  Total Bytes Received By Job
	Partitionable Resources :    Usage  Request Allocated 
	   Cpus                 :        0        1         1 
	   Disk (KB)            :       63       30      3905 
	   GPUs                 :                           0 
	   Memory (MB)          :      486     3000      3000 
	   TimeExecute (s)      :       15                    
	   TimeSlotBusy (s)     :       19                    

	Job terminated of its own accord at 2026-02-26T15:27:44Z with exit-code 1.
...
