000 (14722386.001.000) 02/25 15:24:08 Job submitted from host: <188.184.90.62:9618?addrs=188.184.90.62-9618+[2001-1458-201-e4--100-238]-9618&alias=bigbird16.cern.ch&noUDP&sock=schedd_5196_9a2f>
...
040 (14722386.001.000) 02/25 15:27:07 Started transferring input files
	Transferring to host: <188.185.204.151:9618?addrs=188.185.204.151-9618+[2001-1458-303-8--100-8b]-9618&alias=b9p02p6555.cern.ch&noUDP&sock=slot1_21_9271_0212_155497>
...
040 (14722386.001.000) 02/25 15:27:07 Finished transferring input files
...
001 (14722386.001.000) 02/25 15:27:08 Job executing on host: <188.185.204.151:9618?addrs=188.185.204.151-9618+[2001-1458-303-8--100-8b]-9618&alias=b9p02p6555.cern.ch&noUDP&sock=startd_8066_2efe>
	SlotName: slot1_21@b9p02p6555.cern.ch
	CondorScratchDir = "/pool/condor/dir_1187943"
	Cpus = 1
	Disk = 3662
	GPUs = 0
	Memory = 3000
...
006 (14722386.001.000) 02/25 15:27:22 Image size of job updated: 613784
	600  -  MemoryUsage of job (MB)
	613784  -  ResidentSetSize of job (KB)
...
006 (14722386.001.000) 02/25 15:32:23 Image size of job updated: 2332788
	2211  -  MemoryUsage of job (MB)
	2263220  -  ResidentSetSize of job (KB)
...
006 (14722386.001.000) 02/25 15:37:23 Image size of job updated: 2867540
	2696  -  MemoryUsage of job (MB)
	2760432  -  ResidentSetSize of job (KB)
...
006 (14722386.001.000) 02/25 15:37:56 Image size of job updated: 3234616
	2696  -  MemoryUsage of job (MB)
	2760432  -  ResidentSetSize of job (KB)
...
040 (14722386.001.000) 02/25 15:37:56 Started transferring output files
...
040 (14722386.001.000) 02/25 15:37:56 Finished transferring output files
...
005 (14722386.001.000) 02/25 15:37:56 Job terminated.
	(1) Normal termination (return value 1)
		Usr 0 00:17:07, Sys 0 00:00:27  -  Run Remote Usage
		Usr 0 00:00:00, Sys 0 00:00:00  -  Run Local Usage
		Usr 0 00:17:07, Sys 0 00:00:27  -  Total Remote Usage
		Usr 0 00:00:00, Sys 0 00:00:00  -  Total Local Usage
	44735  -  Run Bytes Sent By Job
	27389  -  Run Bytes Received By Job
	44735  -  Total Bytes Sent By Job
	27389  -  Total Bytes Received By Job
	Partitionable Resources :    Usage  Request Allocated 
	   Cpus                 :     1.89        1         1 
	   Disk (KB)            :    99          30      3662 
	   GPUs                 :                           0 
	   Memory (MB)          :  2696        3000      3000 
	   TimeExecute (s)      :   648                       
	   TimeSlotBusy (s)     :   650                       

	Job terminated of its own accord at 2026-02-25T14:37:56Z with exit-code 1.
...
