000 (14737679.003.000) 02/25 20:32:47 Job submitted from host: <188.184.90.62:9618?addrs=188.184.90.62-9618+[2001-1458-201-e4--100-238]-9618&alias=bigbird16.cern.ch&noUDP&sock=schedd_5196_9a2f>
...
040 (14737679.003.000) 02/25 20:36:28 Started transferring input files
	Transferring to host: <188.185.204.247:9618?addrs=188.185.204.247-9618+[2001-1458-303-8--100-74]-9618&alias=b9p02p9796.cern.ch&noUDP&sock=slot1_4_6022_cb2e_162208>
...
040 (14737679.003.000) 02/25 20:36:28 Finished transferring input files
...
001 (14737679.003.000) 02/25 20:36:29 Job executing on host: <188.185.204.247:9618?addrs=188.185.204.247-9618+[2001-1458-303-8--100-74]-9618&alias=b9p02p9796.cern.ch&noUDP&sock=startd_5016_2323>
	SlotName: slot1_4@b9p02p9796.cern.ch
	CondorScratchDir = "/pool/condor/dir_2269170"
	Cpus = 1
	Disk = 3640
	GPUs = 0
	Memory = 3000
...
006 (14737679.003.000) 02/25 20:36:43 Image size of job updated: 600640
	587  -  MemoryUsage of job (MB)
	600640  -  ResidentSetSize of job (KB)
...
006 (14737679.003.000) 02/25 20:41:44 Image size of job updated: 2636840
	1707  -  MemoryUsage of job (MB)
	1747964  -  ResidentSetSize of job (KB)
...
006 (14737679.003.000) 02/25 20:46:44 Image size of job updated: 2636840
	1903  -  MemoryUsage of job (MB)
	1948364  -  ResidentSetSize of job (KB)
...
006 (14737679.003.000) 02/25 20:51:45 Image size of job updated: 2636840
	2085  -  MemoryUsage of job (MB)
	2134152  -  ResidentSetSize of job (KB)
...
006 (14737679.003.000) 02/25 20:56:45 Image size of job updated: 2636840
	2123  -  MemoryUsage of job (MB)
	2173156  -  ResidentSetSize of job (KB)
...
040 (14737679.003.000) 02/25 20:59:35 Started transferring output files
...
040 (14737679.003.000) 02/25 20:59:35 Finished transferring output files
...
005 (14737679.003.000) 02/25 20:59:35 Job terminated.
	(1) Normal termination (return value 0)
		Usr 0 00:18:45, Sys 0 00:00:30  -  Run Remote Usage
		Usr 0 00:00:00, Sys 0 00:00:00  -  Run Local Usage
		Usr 0 00:18:45, Sys 0 00:00:30  -  Total Remote Usage
		Usr 0 00:00:00, Sys 0 00:00:00  -  Total Local Usage
	39499  -  Run Bytes Sent By Job
	27299  -  Run Bytes Received By Job
	39499  -  Total Bytes Sent By Job
	27299  -  Total Bytes Received By Job
	Partitionable Resources :    Usage  Request Allocated 
	   Cpus                 :     1.12        1         1 
	   Disk (KB)            :    91          30      3640 
	   GPUs                 :                           0 
	   Memory (MB)          :  2123        3000      3000 
	   TimeExecute (s)      :  1386                       
	   TimeSlotBusy (s)     :  1388                       

	Job terminated of its own accord at 2026-02-25T19:59:35Z with exit-code 0.
...
