000 (14722386.002.000) 02/25 15:24:08 Job submitted from host: <188.184.90.62:9618?addrs=188.184.90.62-9618+[2001-1458-201-e4--100-238]-9618&alias=bigbird16.cern.ch&noUDP&sock=schedd_5196_9a2f>
...
040 (14722386.002.000) 02/25 15:27:07 Started transferring input files
	Transferring to host: <188.185.205.217:9618?addrs=188.185.205.217-9618+[2001-1458-303-a--100-56]-9618&alias=b9p04p4590.cern.ch&noUDP&sock=slot1_66_4043_68bd_148439>
...
040 (14722386.002.000) 02/25 15:27:07 Finished transferring input files
...
001 (14722386.002.000) 02/25 15:27:08 Job executing on host: <188.185.205.217:9618?addrs=188.185.205.217-9618+[2001-1458-303-a--100-56]-9618&alias=b9p04p4590.cern.ch&noUDP&sock=startd_3583_37ec>
	SlotName: slot1_66@b9p04p4590.cern.ch
	CondorScratchDir = "/pool/condor/dir_2616449"
	Cpus = 1
	Disk = 3749
	GPUs = 0
	Memory = 3000
...
006 (14722386.002.000) 02/25 15:27:22 Image size of job updated: 503448
	492  -  MemoryUsage of job (MB)
	503448  -  ResidentSetSize of job (KB)
...
006 (14722386.002.000) 02/25 15:32:22 Image size of job updated: 2461068
	2077  -  MemoryUsage of job (MB)
	2126252  -  ResidentSetSize of job (KB)
...
006 (14722386.002.000) 02/25 15:37:23 Image size of job updated: 2950888
	2882  -  MemoryUsage of job (MB)
	2950888  -  ResidentSetSize of job (KB)
...
040 (14722386.002.000) 02/25 15:37:25 Started transferring output files
...
040 (14722386.002.000) 02/25 15:37:25 Finished transferring output files
...
005 (14722386.002.000) 02/25 15:37:25 Job terminated.
	(1) Normal termination (return value 1)
		Usr 0 00:16:05, Sys 0 00:00:28  -  Run Remote Usage
		Usr 0 00:00:00, Sys 0 00:00:00  -  Run Local Usage
		Usr 0 00:16:05, Sys 0 00:00:28  -  Total Remote Usage
		Usr 0 00:00:00, Sys 0 00:00:00  -  Total Local Usage
	38011  -  Run Bytes Sent By Job
	27389  -  Run Bytes Received By Job
	38011  -  Total Bytes Sent By Job
	27389  -  Total Bytes Received By Job
	Partitionable Resources :    Usage  Request Allocated 
	   Cpus                 :     2.19        1         1 
	   Disk (KB)            :    95          30      3749 
	   GPUs                 :                           0 
	   Memory (MB)          :  2882        3000      3000 
	   TimeExecute (s)      :   617                       
	   TimeSlotBusy (s)     :   619                       

	Job terminated of its own accord at 2026-02-25T14:37:25Z with exit-code 1.
...
