000 (14737679.000.000) 02/25 20:32:47 Job submitted from host: <188.184.90.62:9618?addrs=188.184.90.62-9618+[2001-1458-201-e4--100-238]-9618&alias=bigbird16.cern.ch&noUDP&sock=schedd_5196_9a2f>
...
040 (14737679.000.000) 02/25 20:36:27 Started transferring input files
	Transferring to host: <128.142.192.201:9618?addrs=128.142.192.201-9618+[2001-1458-301-56--100-45]-9618&alias=b9g18p2334.cern.ch&noUDP&sock=slot1_35_5163_8ceb_28239>
...
040 (14737679.000.000) 02/25 20:36:27 Finished transferring input files
...
001 (14737679.000.000) 02/25 20:36:28 Job executing on host: <128.142.192.201:9618?addrs=128.142.192.201-9618+[2001-1458-301-56--100-45]-9618&alias=b9g18p2334.cern.ch&noUDP&sock=startd_4270_717c>
	SlotName: slot1_35@b9g18p2334.cern.ch
	CondorScratchDir = "/pool/condor/dir_2649888"
	Cpus = 1
	Disk = 3806
	GPUs = 0
	Memory = 3000
...
006 (14737679.000.000) 02/25 20:36:42 Image size of job updated: 499880
	489  -  MemoryUsage of job (MB)
	499880  -  ResidentSetSize of job (KB)
...
006 (14737679.000.000) 02/25 20:41:43 Image size of job updated: 2068076
	1868  -  MemoryUsage of job (MB)
	1912104  -  ResidentSetSize of job (KB)
...
006 (14737679.000.000) 02/25 20:44:48 Image size of job updated: 2291712
	1868  -  MemoryUsage of job (MB)
	1912104  -  ResidentSetSize of job (KB)
...
040 (14737679.000.000) 02/25 20:44:48 Started transferring output files
...
040 (14737679.000.000) 02/25 20:44:48 Finished transferring output files
...
005 (14737679.000.000) 02/25 20:44:49 Job terminated.
	(1) Normal termination (return value 0)
		Usr 0 00:17:12, Sys 0 00:00:26  -  Run Remote Usage
		Usr 0 00:00:00, Sys 0 00:00:00  -  Run Local Usage
		Usr 0 00:17:12, Sys 0 00:00:26  -  Total Remote Usage
		Usr 0 00:00:00, Sys 0 00:00:00  -  Total Local Usage
	26400  -  Run Bytes Sent By Job
	27299  -  Run Bytes Received By Job
	26400  -  Total Bytes Sent By Job
	27299  -  Total Bytes Received By Job
	Partitionable Resources :    Usage  Request Allocated 
	   Cpus                 :        0        1         1 
	   Disk (KB)            :       78       30      3806 
	   GPUs                 :                           0 
	   Memory (MB)          :     1868     3000      3000 
	   TimeExecute (s)      :      500                    
	   TimeSlotBusy (s)     :      502                    

	Job terminated of its own accord at 2026-02-25T19:44:48Z with exit-code 0.
...
