subject   : /DC=ch/DC=cern/OU=Organic Units/OU=Users/CN=driosper/CN=886669/CN=Diego Alejandro Rios Perez/CN=1573519443
issuer    : /DC=ch/DC=cern/OU=Organic Units/OU=Users/CN=driosper/CN=886669/CN=Diego Alejandro Rios Perez
identity  : /DC=ch/DC=cern/OU=Organic Units/OU=Users/CN=driosper/CN=886669/CN=Diego Alejandro Rios Perez
type      : RFC compliant proxy
strength  : 2048 bits
path      : /afs/cern.ch/user/d/driosper/private/x509up_u182284
timeleft  : 11:49:39
key usage : Digital Signature, Key Encipherment
=== VO cms extension information ===
VO        : cms
subject   : /DC=ch/DC=cern/OU=Organic Units/OU=Users/CN=driosper/CN=886669/CN=Diego Alejandro Rios Perez
issuer    : /DC=ch/DC=cern/OU=computers/CN=cms-auth.cern.ch
attribute : /cms/Role=NULL/Capability=NULL
timeleft  : 11:49:39
uri       : voms-cms-auth.cern.ch:15000
--workflow ztoee --year 2022preEE --output_path /eos/user/d/driosper/bsm3g_coffea/outputs/ztoee/2022preEE/TTto4Q --output_format coffea --dataset TTto4Q_7 --partition_json /srv/partition_fileset.json
  Preprocessing 100% ━━━━━━━━━━━━━━━━━━ 9/9 [ 0:00:15 < 0:00:00 | 0.7   file/s ]
Merging (local) 100% ━━━━━━━━━━━━━━━━━━ 9/9 [ 0:00:15 < 0:00:00 | ?   merges/s ]
     Processing 100% ━━━━━━━━━━━━━━━━ 51/51 [ 0:07:57 < 0:00:00 | 0.1  chunk/s ]
Merging (local) 100% ━━━━━━━━━━━━━━━━ 51/51 [ 0:07:57 < 0:00:00 | ?   merges/s ]
There are 39473 events with muon pt outside of [26,200] GeV. Setting those entries to their initial value.
There are 39474 events with muon pt outside of [26,200] GeV. Setting those entries to their initial value.
There are 126 nan entries in the corrected pt. This might be due to the number of tracker layers hitting boundaries. Setting those entries to their initial value.
There are 50723 events with muon pt outside of [26,200] GeV. Setting those entries to their initial value.
There are 39674 events with muon pt outside of [26,200] GeV. Setting those entries to their initial value.
There are 39675 events with muon pt outside of [26,200] GeV. Setting those entries to their initial value.
There are 140 nan entries in the corrected pt. This might be due to the number of tracker layers hitting boundaries. Setting those entries to their initial value.
There are 50594 events with muon pt outside of [26,200] GeV. Setting those entries to their initial value.
There are 41227 events with muon pt outside of [26,200] GeV. Setting those entries to their initial value.
There are 41228 events with muon pt outside of [26,200] GeV. Setting those entries to their initial value.
There are 130 nan entries in the corrected pt. This might be due to the number of tracker layers hitting boundaries. Setting those entries to their initial value.
There are 52684 events with muon pt outside of [26,200] GeV. Setting those entries to their initial value.
There are 37926 events with muon pt outside of [26,200] GeV. Setting those entries to their initial value.
There are 37926 events with muon pt outside of [26,200] GeV. Setting those entries to their initial value.
There are 113 nan entries in the corrected pt. This might be due to the number of tracker layers hitting boundaries. Setting those entries to their initial value.
There are 48545 events with muon pt outside of [26,200] GeV. Setting those entries to their initial value.
There are 42748 events with muon pt outside of [26,200] GeV. Setting those entries to their initial value.
There are 42749 events with muon pt outside of [26,200] GeV. Setting those entries to their initial value.
There are 139 nan entries in the corrected pt. This might be due to the number of tracker layers hitting boundaries. Setting those entries to their initial value.
There are 54404 events with muon pt outside of [26,200] GeV. Setting those entries to their initial value.
There are 42696 events with muon pt outside of [26,200] GeV. Setting those entries to their initial value.
There are 42696 events with muon pt outside of [26,200] GeV. Setting those entries to their initial value.
There are 137 nan entries in the corrected pt. This might be due to the number of tracker layers hitting boundaries. Setting those entries to their initial value.
There are 54504 events with muon pt outside of [26,200] GeV. Setting those entries to their initial value.
There are 38319 events with muon pt outside of [26,200] GeV. Setting those entries to their initial value.
There are 38321 events with muon pt outside of [26,200] GeV. Setting those entries to their initial value.
There are 146 nan entries in the corrected pt. This might be due to the number of tracker layers hitting boundaries. Setting those entries to their initial value.
There are 49430 events with muon pt outside of [26,200] GeV. Setting those entries to their initial value.
There are 43076 events with muon pt outside of [26,200] GeV. Setting those entries to their initial value.
There are 43076 events with muon pt outside of [26,200] GeV. Setting those entries to their initial value.
There are 130 nan entries in the corrected pt. This might be due to the number of tracker layers hitting boundaries. Setting those entries to their initial value.
There are 55246 events with muon pt outside of [26,200] GeV. Setting those entries to their initial value.
There are 43697 events with muon pt outside of [26,200] GeV. Setting those entries to their initial value.
There are 43697 events with muon pt outside of [26,200] GeV. Setting those entries to their initial value.
There are 123 nan entries in the corrected pt. This might be due to the number of tracker layers hitting boundaries. Setting those entries to their initial value.
There are 55019 events with muon pt outside of [26,200] GeV. Setting those entries to their initial value.
There are 39343 events with muon pt outside of [26,200] GeV. Setting those entries to their initial value.
There are 39344 events with muon pt outside of [26,200] GeV. Setting those entries to their initial value.
There are 119 nan entries in the corrected pt. This might be due to the number of tracker layers hitting boundaries. Setting those entries to their initial value.
There are 49655 events with muon pt outside of [26,200] GeV. Setting those entries to their initial value.
There are 38622 events with muon pt outside of [26,200] GeV. Setting those entries to their initial value.
There are 38623 events with muon pt outside of [26,200] GeV. Setting those entries to their initial value.
There are 112 nan entries in the corrected pt. This might be due to the number of tracker layers hitting boundaries. Setting those entries to their initial value.
There are 49813 events with muon pt outside of [26,200] GeV. Setting those entries to their initial value.
There are 38732 events with muon pt outside of [26,200] GeV. Setting those entries to their initial value.
There are 38732 events with muon pt outside of [26,200] GeV. Setting those entries to their initial value.
There are 119 nan entries in the corrected pt. This might be due to the number of tracker layers hitting boundaries. Setting those entries to their initial value.
There are 49532 events with muon pt outside of [26,200] GeV. Setting those entries to their initial value.
There are 39581 events with muon pt outside of [26,200] GeV. Setting those entries to their initial value.
There are 39581 events with muon pt outside of [26,200] GeV. Setting those entries to their initial value.
There are 136 nan entries in the corrected pt. This might be due to the number of tracker layers hitting boundaries. Setting those entries to their initial value.
There are 50692 events with muon pt outside of [26,200] GeV. Setting those entries to their initial value.
There are 39770 events with muon pt outside of [26,200] GeV. Setting those entries to their initial value.
There are 39772 events with muon pt outside of [26,200] GeV. Setting those entries to their initial value.
There are 129 nan entries in the corrected pt. This might be due to the number of tracker layers hitting boundaries. Setting those entries to their initial value.
There are 50681 events with muon pt outside of [26,200] GeV. Setting those entries to their initial value.
There are 40771 events with muon pt outside of [26,200] GeV. Setting those entries to their initial value.
There are 40771 events with muon pt outside of [26,200] GeV. Setting those entries to their initial value.
There are 124 nan entries in the corrected pt. This might be due to the number of tracker layers hitting boundaries. Setting those entries to their initial value.
There are 52511 events with muon pt outside of [26,200] GeV. Setting those entries to their initial value.
There are 37866 events with muon pt outside of [26,200] GeV. Setting those entries to their initial value.
There are 37866 events with muon pt outside of [26,200] GeV. Setting those entries to their initial value.
There are 117 nan entries in the corrected pt. This might be due to the number of tracker layers hitting boundaries. Setting those entries to their initial value.
There are 48844 events with muon pt outside of [26,200] GeV. Setting those entries to their initial value.
There are 42589 events with muon pt outside of [26,200] GeV. Setting those entries to their initial value.
There are 42589 events with muon pt outside of [26,200] GeV. Setting those entries to their initial value.
There are 135 nan entries in the corrected pt. This might be due to the number of tracker layers hitting boundaries. Setting those entries to their initial value.
There are 54697 events with muon pt outside of [26,200] GeV. Setting those entries to their initial value.
There are 38374 events with muon pt outside of [26,200] GeV. Setting those entries to their initial value.
There are 38375 events with muon pt outside of [26,200] GeV. Setting those entries to their initial value.
There are 119 nan entries in the corrected pt. This might be due to the number of tracker layers hitting boundaries. Setting those entries to their initial value.
There are 49166 events with muon pt outside of [26,200] GeV. Setting those entries to their initial value.
There are 38730 events with muon pt outside of [26,200] GeV. Setting those entries to their initial value.
There are 38730 events with muon pt outside of [26,200] GeV. Setting those entries to their initial value.
There are 121 nan entries in the corrected pt. This might be due to the number of tracker layers hitting boundaries. Setting those entries to their initial value.
There are 49187 events with muon pt outside of [26,200] GeV. Setting those entries to their initial value.
There are 38582 events with muon pt outside of [26,200] GeV. Setting those entries to their initial value.
There are 38582 events with muon pt outside of [26,200] GeV. Setting those entries to their initial value.
There are 123 nan entries in the corrected pt. This might be due to the number of tracker layers hitting boundaries. Setting those entries to their initial value.
There are 49272 events with muon pt outside of [26,200] GeV. Setting those entries to their initial value.
There are 42869 events with muon pt outside of [26,200] GeV. Setting those entries to their initial value.
There are 42869 events with muon pt outside of [26,200] GeV. Setting those entries to their initial value.
There are 149 nan entries in the corrected pt. This might be due to the number of tracker layers hitting boundaries. Setting those entries to their initial value.
There are 55566 events with muon pt outside of [26,200] GeV. Setting those entries to their initial value.
There are 43126 events with muon pt outside of [26,200] GeV. Setting those entries to their initial value.
There are 43128 events with muon pt outside of [26,200] GeV. Setting those entries to their initial value.
There are 139 nan entries in the corrected pt. This might be due to the number of tracker layers hitting boundaries. Setting those entries to their initial value.
There are 55086 events with muon pt outside of [26,200] GeV. Setting those entries to their initial value.
There are 39000 events with muon pt outside of [26,200] GeV. Setting those entries to their initial value.
There are 39000 events with muon pt outside of [26,200] GeV. Setting those entries to their initial value.
There are 125 nan entries in the corrected pt. This might be due to the number of tracker layers hitting boundaries. Setting those entries to their initial value.
There are 49868 events with muon pt outside of [26,200] GeV. Setting those entries to their initial value.
There are 38935 events with muon pt outside of [26,200] GeV. Setting those entries to their initial value.
There are 38936 events with muon pt outside of [26,200] GeV. Setting those entries to their initial value.
There are 114 nan entries in the corrected pt. This might be due to the number of tracker layers hitting boundaries. Setting those entries to their initial value.
There are 49913 events with muon pt outside of [26,200] GeV. Setting those entries to their initial value.
There are 38682 events with muon pt outside of [26,200] GeV. Setting those entries to their initial value.
There are 38683 events with muon pt outside of [26,200] GeV. Setting those entries to their initial value.
There are 111 nan entries in the corrected pt. This might be due to the number of tracker layers hitting boundaries. Setting those entries to their initial value.
There are 49727 events with muon pt outside of [26,200] GeV. Setting those entries to their initial value.
There are 39402 events with muon pt outside of [26,200] GeV. Setting those entries to their initial value.
There are 39404 events with muon pt outside of [26,200] GeV. Setting those entries to their initial value.
There are 131 nan entries in the corrected pt. This might be due to the number of tracker layers hitting boundaries. Setting those entries to their initial value.
There are 50514 events with muon pt outside of [26,200] GeV. Setting those entries to their initial value.
There are 40915 events with muon pt outside of [26,200] GeV. Setting those entries to their initial value.
There are 40915 events with muon pt outside of [26,200] GeV. Setting those entries to their initial value.
There are 125 nan entries in the corrected pt. This might be due to the number of tracker layers hitting boundaries. Setting those entries to their initial value.
There are 52604 events with muon pt outside of [26,200] GeV. Setting those entries to their initial value.
There are 41040 events with muon pt outside of [26,200] GeV. Setting those entries to their initial value.
There are 41041 events with muon pt outside of [26,200] GeV. Setting those entries to their initial value.
There are 142 nan entries in the corrected pt. This might be due to the number of tracker layers hitting boundaries. Setting those entries to their initial value.
There are 52495 events with muon pt outside of [26,200] GeV. Setting those entries to their initial value.
There are 37800 events with muon pt outside of [26,200] GeV. Setting those entries to their initial value.
There are 37800 events with muon pt outside of [26,200] GeV. Setting those entries to their initial value.
There are 101 nan entries in the corrected pt. This might be due to the number of tracker layers hitting boundaries. Setting those entries to their initial value.
There are 48521 events with muon pt outside of [26,200] GeV. Setting those entries to their initial value.
There are 37825 events with muon pt outside of [26,200] GeV. Setting those entries to their initial value.
There are 37826 events with muon pt outside of [26,200] GeV. Setting those entries to their initial value.
There are 118 nan entries in the corrected pt. This might be due to the number of tracker layers hitting boundaries. Setting those entries to their initial value.
There are 48466 events with muon pt outside of [26,200] GeV. Setting those entries to their initial value.
There are 42776 events with muon pt outside of [26,200] GeV. Setting those entries to their initial value.
There are 42776 events with muon pt outside of [26,200] GeV. Setting those entries to their initial value.
There are 146 nan entries in the corrected pt. This might be due to the number of tracker layers hitting boundaries. Setting those entries to their initial value.
There are 54550 events with muon pt outside of [26,200] GeV. Setting those entries to their initial value.
There are 38534 events with muon pt outside of [26,200] GeV. Setting those entries to their initial value.
There are 38535 events with muon pt outside of [26,200] GeV. Setting those entries to their initial value.
There are 102 nan entries in the corrected pt. This might be due to the number of tracker layers hitting boundaries. Setting those entries to their initial value.
There are 48984 events with muon pt outside of [26,200] GeV. Setting those entries to their initial value.
There are 38310 events with muon pt outside of [26,200] GeV. Setting those entries to their initial value.
There are 38312 events with muon pt outside of [26,200] GeV. Setting those entries to their initial value.
There are 137 nan entries in the corrected pt. This might be due to the number of tracker layers hitting boundaries. Setting those entries to their initial value.
There are 49472 events with muon pt outside of [26,200] GeV. Setting those entries to their initial value.
There are 43008 events with muon pt outside of [26,200] GeV. Setting those entries to their initial value.
There are 43008 events with muon pt outside of [26,200] GeV. Setting those entries to their initial value.
There are 141 nan entries in the corrected pt. This might be due to the number of tracker layers hitting boundaries. Setting those entries to their initial value.
There are 55280 events with muon pt outside of [26,200] GeV. Setting those entries to their initial value.
There are 26386 events with muon pt outside of [26,200] GeV. Setting those entries to their initial value.
There are 26387 events with muon pt outside of [26,200] GeV. Setting those entries to their initial value.
There are 94 nan entries in the corrected pt. This might be due to the number of tracker layers hitting boundaries. Setting those entries to their initial value.
There are 33722 events with muon pt outside of [26,200] GeV. Setting those entries to their initial value.
There are 38849 events with muon pt outside of [26,200] GeV. Setting those entries to their initial value.
There are 38849 events with muon pt outside of [26,200] GeV. Setting those entries to their initial value.
There are 124 nan entries in the corrected pt. This might be due to the number of tracker layers hitting boundaries. Setting those entries to their initial value.
There are 49934 events with muon pt outside of [26,200] GeV. Setting those entries to their initial value.
There are 39040 events with muon pt outside of [26,200] GeV. Setting those entries to their initial value.
There are 39041 events with muon pt outside of [26,200] GeV. Setting those entries to their initial value.
There are 120 nan entries in the corrected pt. This might be due to the number of tracker layers hitting boundaries. Setting those entries to their initial value.
There are 49738 events with muon pt outside of [26,200] GeV. Setting those entries to their initial value.
There are 38572 events with muon pt outside of [26,200] GeV. Setting those entries to their initial value.
There are 38572 events with muon pt outside of [26,200] GeV. Setting those entries to their initial value.
There are 121 nan entries in the corrected pt. This might be due to the number of tracker layers hitting boundaries. Setting those entries to their initial value.
There are 49428 events with muon pt outside of [26,200] GeV. Setting those entries to their initial value.
There are 39752 events with muon pt outside of [26,200] GeV. Setting those entries to their initial value.
There are 39752 events with muon pt outside of [26,200] GeV. Setting those entries to their initial value.
There are 106 nan entries in the corrected pt. This might be due to the number of tracker layers hitting boundaries. Setting those entries to their initial value.
There are 50616 events with muon pt outside of [26,200] GeV. Setting those entries to their initial value.
There are 41009 events with muon pt outside of [26,200] GeV. Setting those entries to their initial value.
There are 41009 events with muon pt outside of [26,200] GeV. Setting those entries to their initial value.
There are 117 nan entries in the corrected pt. This might be due to the number of tracker layers hitting boundaries. Setting those entries to their initial value.
There are 52596 events with muon pt outside of [26,200] GeV. Setting those entries to their initial value.
There are 40996 events with muon pt outside of [26,200] GeV. Setting those entries to their initial value.
There are 40996 events with muon pt outside of [26,200] GeV. Setting those entries to their initial value.
There are 125 nan entries in the corrected pt. This might be due to the number of tracker layers hitting boundaries. Setting those entries to their initial value.
There are 52532 events with muon pt outside of [26,200] GeV. Setting those entries to their initial value.
There are 37517 events with muon pt outside of [26,200] GeV. Setting those entries to their initial value.
There are 37519 events with muon pt outside of [26,200] GeV. Setting those entries to their initial value.
There are 116 nan entries in the corrected pt. This might be due to the number of tracker layers hitting boundaries. Setting those entries to their initial value.
There are 48483 events with muon pt outside of [26,200] GeV. Setting those entries to their initial value.
There are 37780 events with muon pt outside of [26,200] GeV. Setting those entries to their initial value.
There are 37780 events with muon pt outside of [26,200] GeV. Setting those entries to their initial value.
There are 107 nan entries in the corrected pt. This might be due to the number of tracker layers hitting boundaries. Setting those entries to their initial value.
There are 48491 events with muon pt outside of [26,200] GeV. Setting those entries to their initial value.
There are 42716 events with muon pt outside of [26,200] GeV. Setting those entries to their initial value.
There are 42717 events with muon pt outside of [26,200] GeV. Setting those entries to their initial value.
There are 122 nan entries in the corrected pt. This might be due to the number of tracker layers hitting boundaries. Setting those entries to their initial value.
There are 54705 events with muon pt outside of [26,200] GeV. Setting those entries to their initial value.
There are 38269 events with muon pt outside of [26,200] GeV. Setting those entries to their initial value.
There are 38270 events with muon pt outside of [26,200] GeV. Setting those entries to their initial value.
There are 121 nan entries in the corrected pt. This might be due to the number of tracker layers hitting boundaries. Setting those entries to their initial value.
There are 49312 events with muon pt outside of [26,200] GeV. Setting those entries to their initial value.
There are 38435 events with muon pt outside of [26,200] GeV. Setting those entries to their initial value.
There are 38438 events with muon pt outside of [26,200] GeV. Setting those entries to their initial value.
There are 126 nan entries in the corrected pt. This might be due to the number of tracker layers hitting boundaries. Setting those entries to their initial value.
There are 49478 events with muon pt outside of [26,200] GeV. Setting those entries to their initial value.
There are 43126 events with muon pt outside of [26,200] GeV. Setting those entries to their initial value.
There are 43126 events with muon pt outside of [26,200] GeV. Setting those entries to their initial value.
There are 135 nan entries in the corrected pt. This might be due to the number of tracker layers hitting boundaries. Setting those entries to their initial value.
There are 55315 events with muon pt outside of [26,200] GeV. Setting those entries to their initial value.
There are 42710 events with muon pt outside of [26,200] GeV. Setting those entries to their initial value.
There are 42710 events with muon pt outside of [26,200] GeV. Setting those entries to their initial value.
There are 126 nan entries in the corrected pt. This might be due to the number of tracker layers hitting boundaries. Setting those entries to their initial value.
There are 55370 events with muon pt outside of [26,200] GeV. Setting those entries to their initial value.
There are 38795 events with muon pt outside of [26,200] GeV. Setting those entries to their initial value.
There are 38796 events with muon pt outside of [26,200] GeV. Setting those entries to their initial value.
There are 105 nan entries in the corrected pt. This might be due to the number of tracker layers hitting boundaries. Setting those entries to their initial value.
There are 49913 events with muon pt outside of [26,200] GeV. Setting those entries to their initial value.
There are 38629 events with muon pt outside of [26,200] GeV. Setting those entries to their initial value.
There are 38630 events with muon pt outside of [26,200] GeV. Setting those entries to their initial value.
There are 125 nan entries in the corrected pt. This might be due to the number of tracker layers hitting boundaries. Setting those entries to their initial value.
There are 49965 events with muon pt outside of [26,200] GeV. Setting those entries to their initial value.
There are 38738 events with muon pt outside of [26,200] GeV. Setting those entries to their initial value.
There are 38738 events with muon pt outside of [26,200] GeV. Setting those entries to their initial value.
There are 128 nan entries in the corrected pt. This might be due to the number of tracker layers hitting boundaries. Setting those entries to their initial value.
There are 49381 events with muon pt outside of [26,200] GeV. Setting those entries to their initial value.
