000 (14737679.010.000) 02/25 20:32:48 Job submitted from host: <188.184.90.62:9618?addrs=188.184.90.62-9618+[2001-1458-201-e4--100-238]-9618&alias=bigbird16.cern.ch&noUDP&sock=schedd_5196_9a2f>
...
040 (14737679.010.000) 02/25 20:36:30 Started transferring input files
	Transferring to host: <188.185.209.149:9618?addrs=188.185.209.149-9618+[2001-1458-303-12--100-12]-9618&alias=b9p12p1627.cern.ch&noUDP&sock=slot1_27_4231_df45_160100>
...
040 (14737679.010.000) 02/25 20:36:30 Finished transferring input files
...
001 (14737679.010.000) 02/25 20:36:31 Job executing on host: <188.185.209.149:9618?addrs=188.185.209.149-9618+[2001-1458-303-12--100-12]-9618&alias=b9p12p1627.cern.ch&noUDP&sock=startd_3604_9f69>
	SlotName: slot1_27@b9p12p1627.cern.ch
	CondorScratchDir = "/pool/condor/dir_3511059"
	Cpus = 1
	Disk = 3667
	GPUs = 0
	Memory = 3000
...
006 (14737679.010.000) 02/25 20:36:45 Image size of job updated: 582048
	569  -  MemoryUsage of job (MB)
	582048  -  ResidentSetSize of job (KB)
...
006 (14737679.010.000) 02/25 20:41:46 Image size of job updated: 2180184
	1852  -  MemoryUsage of job (MB)
	1896280  -  ResidentSetSize of job (KB)
...
006 (14737679.010.000) 02/25 20:43:17 Image size of job updated: 2190132
	1852  -  MemoryUsage of job (MB)
	1896280  -  ResidentSetSize of job (KB)
...
040 (14737679.010.000) 02/25 20:43:17 Started transferring output files
...
040 (14737679.010.000) 02/25 20:43:17 Finished transferring output files
...
005 (14737679.010.000) 02/25 20:43:17 Job terminated.
	(1) Normal termination (return value 0)
		Usr 0 00:09:43, Sys 0 00:00:19  -  Run Remote Usage
		Usr 0 00:00:00, Sys 0 00:00:00  -  Run Local Usage
		Usr 0 00:09:43, Sys 0 00:00:19  -  Total Remote Usage
		Usr 0 00:00:00, Sys 0 00:00:00  -  Total Local Usage
	24734  -  Run Bytes Sent By Job
	27299  -  Run Bytes Received By Job
	24734  -  Total Bytes Sent By Job
	27299  -  Total Bytes Received By Job
	Partitionable Resources :    Usage  Request Allocated 
	   Cpus                 :        0        1         1 
	   Disk (KB)            :       77       30      3667 
	   GPUs                 :                           0 
	   Memory (MB)          :     1852     3000      3000 
	   TimeExecute (s)      :      406                    
	   TimeSlotBusy (s)     :      408                    

	Job terminated of its own accord at 2026-02-25T19:43:17Z with exit-code 0.
...
