subject   : /DC=ch/DC=cern/OU=Organic Units/OU=Users/CN=driosper/CN=886669/CN=Diego Alejandro Rios Perez/CN=1573519443
issuer    : /DC=ch/DC=cern/OU=Organic Units/OU=Users/CN=driosper/CN=886669/CN=Diego Alejandro Rios Perez
identity  : /DC=ch/DC=cern/OU=Organic Units/OU=Users/CN=driosper/CN=886669/CN=Diego Alejandro Rios Perez
type      : RFC compliant proxy
strength  : 2048 bits
path      : /afs/cern.ch/user/d/driosper/private/x509up_u182284
timeleft  : 11:49:37
key usage : Digital Signature, Key Encipherment
=== VO cms extension information ===
VO        : cms
subject   : /DC=ch/DC=cern/OU=Organic Units/OU=Users/CN=driosper/CN=886669/CN=Diego Alejandro Rios Perez
issuer    : /DC=ch/DC=cern/OU=computers/CN=cms-auth.cern.ch
attribute : /cms/Role=NULL/Capability=NULL
timeleft  : 11:49:37
uri       : voms-cms-auth.cern.ch:15000
--workflow ztoee --year 2022preEE --output_path /eos/user/d/driosper/bsm3g_coffea/outputs/ztoee/2022preEE/TTto4Q --output_format coffea --dataset TTto4Q_9 --partition_json /srv/partition_fileset.json
  Preprocessing 100% ━━━━━━━━━━━━━━━━━━ 9/9 [ 0:00:07 < 0:00:00 | 1.5   file/s ]
Merging (local) 100% ━━━━━━━━━━━━━━━━━━ 9/9 [ 0:00:07 < 0:00:00 | ?   merges/s ]
     Processing 100% ━━━━━━━━━━━━━━━━ 33/33 [ 0:04:14 < 0:00:00 | 0.2  chunk/s ]
Merging (local) 100% ━━━━━━━━━━━━━━━━ 33/33 [ 0:04:14 < 0:00:00 | ?   merges/s ]
There are 41219 events with muon pt outside of [26,200] GeV. Setting those entries to their initial value.
There are 41220 events with muon pt outside of [26,200] GeV. Setting those entries to their initial value.
There are 138 nan entries in the corrected pt. This might be due to the number of tracker layers hitting boundaries. Setting those entries to their initial value.
There are 53126 events with muon pt outside of [26,200] GeV. Setting those entries to their initial value.
There are 44363 events with muon pt outside of [26,200] GeV. Setting those entries to their initial value.
There are 44363 events with muon pt outside of [26,200] GeV. Setting those entries to their initial value.
There are 118 nan entries in the corrected pt. This might be due to the number of tracker layers hitting boundaries. Setting those entries to their initial value.
There are 56862 events with muon pt outside of [26,200] GeV. Setting those entries to their initial value.
There are 44306 events with muon pt outside of [26,200] GeV. Setting those entries to their initial value.
There are 44307 events with muon pt outside of [26,200] GeV. Setting those entries to their initial value.
There are 134 nan entries in the corrected pt. This might be due to the number of tracker layers hitting boundaries. Setting those entries to their initial value.
There are 56918 events with muon pt outside of [26,200] GeV. Setting those entries to their initial value.
There are 313 events with muon pt outside of [26,200] GeV. Setting those entries to their initial value.
There are 313 events with muon pt outside of [26,200] GeV. Setting those entries to their initial value.
There are 2 nan entries in the corrected pt. This might be due to the number of tracker layers hitting boundaries. Setting those entries to their initial value.
There are 373 events with muon pt outside of [26,200] GeV. Setting those entries to their initial value.
There are 42323 events with muon pt outside of [26,200] GeV. Setting those entries to their initial value.
There are 42323 events with muon pt outside of [26,200] GeV. Setting those entries to their initial value.
There are 129 nan entries in the corrected pt. This might be due to the number of tracker layers hitting boundaries. Setting those entries to their initial value.
There are 54132 events with muon pt outside of [26,200] GeV. Setting those entries to their initial value.
There are 42429 events with muon pt outside of [26,200] GeV. Setting those entries to their initial value.
There are 42431 events with muon pt outside of [26,200] GeV. Setting those entries to their initial value.
There are 129 nan entries in the corrected pt. This might be due to the number of tracker layers hitting boundaries. Setting those entries to their initial value.
There are 54476 events with muon pt outside of [26,200] GeV. Setting those entries to their initial value.
There are 43966 events with muon pt outside of [26,200] GeV. Setting those entries to their initial value.
There are 43966 events with muon pt outside of [26,200] GeV. Setting those entries to their initial value.
There are 160 nan entries in the corrected pt. This might be due to the number of tracker layers hitting boundaries. Setting those entries to their initial value.
There are 56265 events with muon pt outside of [26,200] GeV. Setting those entries to their initial value.
There are 41215 events with muon pt outside of [26,200] GeV. Setting those entries to their initial value.
There are 41215 events with muon pt outside of [26,200] GeV. Setting those entries to their initial value.
There are 98 nan entries in the corrected pt. This might be due to the number of tracker layers hitting boundaries. Setting those entries to their initial value.
There are 52692 events with muon pt outside of [26,200] GeV. Setting those entries to their initial value.
There are 8799 events with muon pt outside of [26,200] GeV. Setting those entries to their initial value.
There are 8799 events with muon pt outside of [26,200] GeV. Setting those entries to their initial value.
There are 37 nan entries in the corrected pt. This might be due to the number of tracker layers hitting boundaries. Setting those entries to their initial value.
There are 11262 events with muon pt outside of [26,200] GeV. Setting those entries to their initial value.
There are 41512 events with muon pt outside of [26,200] GeV. Setting those entries to their initial value.
There are 41513 events with muon pt outside of [26,200] GeV. Setting those entries to their initial value.
There are 122 nan entries in the corrected pt. This might be due to the number of tracker layers hitting boundaries. Setting those entries to their initial value.
There are 53211 events with muon pt outside of [26,200] GeV. Setting those entries to their initial value.
There are 41461 events with muon pt outside of [26,200] GeV. Setting those entries to their initial value.
There are 41462 events with muon pt outside of [26,200] GeV. Setting those entries to their initial value.
There are 119 nan entries in the corrected pt. This might be due to the number of tracker layers hitting boundaries. Setting those entries to their initial value.
There are 53045 events with muon pt outside of [26,200] GeV. Setting those entries to their initial value.
There are 44269 events with muon pt outside of [26,200] GeV. Setting those entries to their initial value.
There are 44270 events with muon pt outside of [26,200] GeV. Setting those entries to their initial value.
There are 125 nan entries in the corrected pt. This might be due to the number of tracker layers hitting boundaries. Setting those entries to their initial value.
There are 57118 events with muon pt outside of [26,200] GeV. Setting those entries to their initial value.
There are 43928 events with muon pt outside of [26,200] GeV. Setting those entries to their initial value.
There are 43929 events with muon pt outside of [26,200] GeV. Setting those entries to their initial value.
There are 136 nan entries in the corrected pt. This might be due to the number of tracker layers hitting boundaries. Setting those entries to their initial value.
There are 56576 events with muon pt outside of [26,200] GeV. Setting those entries to their initial value.
There are 42465 events with muon pt outside of [26,200] GeV. Setting those entries to their initial value.
There are 42465 events with muon pt outside of [26,200] GeV. Setting those entries to their initial value.
There are 133 nan entries in the corrected pt. This might be due to the number of tracker layers hitting boundaries. Setting those entries to their initial value.
There are 54428 events with muon pt outside of [26,200] GeV. Setting those entries to their initial value.
There are 43683 events with muon pt outside of [26,200] GeV. Setting those entries to their initial value.
There are 43683 events with muon pt outside of [26,200] GeV. Setting those entries to their initial value.
There are 147 nan entries in the corrected pt. This might be due to the number of tracker layers hitting boundaries. Setting those entries to their initial value.
There are 56327 events with muon pt outside of [26,200] GeV. Setting those entries to their initial value.
There are 40867 events with muon pt outside of [26,200] GeV. Setting those entries to their initial value.
There are 40868 events with muon pt outside of [26,200] GeV. Setting those entries to their initial value.
There are 137 nan entries in the corrected pt. This might be due to the number of tracker layers hitting boundaries. Setting those entries to their initial value.
There are 52379 events with muon pt outside of [26,200] GeV. Setting those entries to their initial value.
There are 41091 events with muon pt outside of [26,200] GeV. Setting those entries to their initial value.
There are 41091 events with muon pt outside of [26,200] GeV. Setting those entries to their initial value.
There are 122 nan entries in the corrected pt. This might be due to the number of tracker layers hitting boundaries. Setting those entries to their initial value.
There are 52383 events with muon pt outside of [26,200] GeV. Setting those entries to their initial value.
There are 41254 events with muon pt outside of [26,200] GeV. Setting those entries to their initial value.
There are 41256 events with muon pt outside of [26,200] GeV. Setting those entries to their initial value.
There are 125 nan entries in the corrected pt. This might be due to the number of tracker layers hitting boundaries. Setting those entries to their initial value.
There are 53172 events with muon pt outside of [26,200] GeV. Setting those entries to their initial value.
There are 41847 events with muon pt outside of [26,200] GeV. Setting those entries to their initial value.
There are 41848 events with muon pt outside of [26,200] GeV. Setting those entries to their initial value.
There are 122 nan entries in the corrected pt. This might be due to the number of tracker layers hitting boundaries. Setting those entries to their initial value.
There are 53141 events with muon pt outside of [26,200] GeV. Setting those entries to their initial value.
There are 44165 events with muon pt outside of [26,200] GeV. Setting those entries to their initial value.
There are 44166 events with muon pt outside of [26,200] GeV. Setting those entries to their initial value.
There are 134 nan entries in the corrected pt. This might be due to the number of tracker layers hitting boundaries. Setting those entries to their initial value.
There are 56756 events with muon pt outside of [26,200] GeV. Setting those entries to their initial value.
There are 42284 events with muon pt outside of [26,200] GeV. Setting those entries to their initial value.
There are 42286 events with muon pt outside of [26,200] GeV. Setting those entries to their initial value.
There are 117 nan entries in the corrected pt. This might be due to the number of tracker layers hitting boundaries. Setting those entries to their initial value.
There are 54375 events with muon pt outside of [26,200] GeV. Setting those entries to their initial value.
There are 43816 events with muon pt outside of [26,200] GeV. Setting those entries to their initial value.
There are 43816 events with muon pt outside of [26,200] GeV. Setting those entries to their initial value.
There are 136 nan entries in the corrected pt. This might be due to the number of tracker layers hitting boundaries. Setting those entries to their initial value.
There are 56064 events with muon pt outside of [26,200] GeV. Setting those entries to their initial value.
There are 43781 events with muon pt outside of [26,200] GeV. Setting those entries to their initial value.
There are 43781 events with muon pt outside of [26,200] GeV. Setting those entries to their initial value.
There are 133 nan entries in the corrected pt. This might be due to the number of tracker layers hitting boundaries. Setting those entries to their initial value.
There are 56177 events with muon pt outside of [26,200] GeV. Setting those entries to their initial value.
There are 40819 events with muon pt outside of [26,200] GeV. Setting those entries to their initial value.
There are 40821 events with muon pt outside of [26,200] GeV. Setting those entries to their initial value.
There are 138 nan entries in the corrected pt. This might be due to the number of tracker layers hitting boundaries. Setting those entries to their initial value.
There are 52717 events with muon pt outside of [26,200] GeV. Setting those entries to their initial value.
There are 25618 events with muon pt outside of [26,200] GeV. Setting those entries to their initial value.
There are 25618 events with muon pt outside of [26,200] GeV. Setting those entries to their initial value.
There are 76 nan entries in the corrected pt. This might be due to the number of tracker layers hitting boundaries. Setting those entries to their initial value.
There are 32763 events with muon pt outside of [26,200] GeV. Setting those entries to their initial value.
There are 41355 events with muon pt outside of [26,200] GeV. Setting those entries to their initial value.
There are 41355 events with muon pt outside of [26,200] GeV. Setting those entries to their initial value.
There are 150 nan entries in the corrected pt. This might be due to the number of tracker layers hitting boundaries. Setting those entries to their initial value.
There are 53128 events with muon pt outside of [26,200] GeV. Setting those entries to their initial value.
There are 41367 events with muon pt outside of [26,200] GeV. Setting those entries to their initial value.
There are 41368 events with muon pt outside of [26,200] GeV. Setting those entries to their initial value.
There are 100 nan entries in the corrected pt. This might be due to the number of tracker layers hitting boundaries. Setting those entries to their initial value.
There are 53142 events with muon pt outside of [26,200] GeV. Setting those entries to their initial value.
There are 44200 events with muon pt outside of [26,200] GeV. Setting those entries to their initial value.
There are 44200 events with muon pt outside of [26,200] GeV. Setting those entries to their initial value.
There are 151 nan entries in the corrected pt. This might be due to the number of tracker layers hitting boundaries. Setting those entries to their initial value.
There are 56891 events with muon pt outside of [26,200] GeV. Setting those entries to their initial value.
There are 43950 events with muon pt outside of [26,200] GeV. Setting those entries to their initial value.
There are 43951 events with muon pt outside of [26,200] GeV. Setting those entries to their initial value.
There are 126 nan entries in the corrected pt. This might be due to the number of tracker layers hitting boundaries. Setting those entries to their initial value.
There are 56388 events with muon pt outside of [26,200] GeV. Setting those entries to their initial value.
There are 42422 events with muon pt outside of [26,200] GeV. Setting those entries to their initial value.
There are 42422 events with muon pt outside of [26,200] GeV. Setting those entries to their initial value.
There are 113 nan entries in the corrected pt. This might be due to the number of tracker layers hitting boundaries. Setting those entries to their initial value.
There are 54243 events with muon pt outside of [26,200] GeV. Setting those entries to their initial value.
There are 44155 events with muon pt outside of [26,200] GeV. Setting those entries to their initial value.
There are 44155 events with muon pt outside of [26,200] GeV. Setting those entries to their initial value.
There are 142 nan entries in the corrected pt. This might be due to the number of tracker layers hitting boundaries. Setting those entries to their initial value.
There are 56044 events with muon pt outside of [26,200] GeV. Setting those entries to their initial value.
There are 40970 events with muon pt outside of [26,200] GeV. Setting those entries to their initial value.
There are 40971 events with muon pt outside of [26,200] GeV. Setting those entries to their initial value.
There are 133 nan entries in the corrected pt. This might be due to the number of tracker layers hitting boundaries. Setting those entries to their initial value.
There are 52487 events with muon pt outside of [26,200] GeV. Setting those entries to their initial value.
There are 40734 events with muon pt outside of [26,200] GeV. Setting those entries to their initial value.
There are 40736 events with muon pt outside of [26,200] GeV. Setting those entries to their initial value.
There are 131 nan entries in the corrected pt. This might be due to the number of tracker layers hitting boundaries. Setting those entries to their initial value.
There are 52509 events with muon pt outside of [26,200] GeV. Setting those entries to their initial value.
