000 (14729964.000.000) 02/25 17:14:45 Job submitted from host: <188.184.90.62:9618?addrs=188.184.90.62-9618+[2001-1458-201-e4--100-238]-9618&alias=bigbird16.cern.ch&noUDP&sock=schedd_5196_9a2f>
...
040 (14729964.000.000) 02/25 17:18:41 Started transferring input files
	Transferring to host: <188.185.214.45:9618?addrs=188.185.214.45-9618+[2001-1458-303-1c--100-29]-9618&alias=b9p29p0139.cern.ch&noUDP&sock=slot1_7_7860_d4b9_200144>
...
040 (14729964.000.000) 02/25 17:18:41 Finished transferring input files
...
001 (14729964.000.000) 02/25 17:18:43 Job executing on host: <188.185.214.45:9618?addrs=188.185.214.45-9618+[2001-1458-303-1c--100-29]-9618&alias=b9p29p0139.cern.ch&noUDP&sock=startd_7107_63ab>
	SlotName: slot1_7@b9p29p0139.cern.ch
	CondorScratchDir = "/pool/condor/dir_3112513"
	Cpus = 1
	Disk = 3802
	GPUs = 0
	Memory = 3000
...
006 (14729964.000.000) 02/25 17:18:56 Image size of job updated: 530772
	519  -  MemoryUsage of job (MB)
	530772  -  ResidentSetSize of job (KB)
...
006 (14729964.000.000) 02/25 17:23:56 Image size of job updated: 2128988
	1891  -  MemoryUsage of job (MB)
	1935700  -  ResidentSetSize of job (KB)
...
006 (14729964.000.000) 02/25 17:27:11 Image size of job updated: 2705872
	1891  -  MemoryUsage of job (MB)
	1935700  -  ResidentSetSize of job (KB)
...
040 (14729964.000.000) 02/25 17:27:13 Started transferring output files
...
040 (14729964.000.000) 02/25 17:27:14 Finished transferring output files
...
005 (14729964.000.000) 02/25 17:27:17 Job terminated.
	(1) Normal termination (return value 1)
		Usr 0 00:11:35, Sys 0 00:00:26  -  Run Remote Usage
		Usr 0 00:00:00, Sys 0 00:00:00  -  Run Local Usage
		Usr 0 00:11:35, Sys 0 00:00:26  -  Total Remote Usage
		Usr 0 00:00:00, Sys 0 00:00:00  -  Total Local Usage
	32630  -  Run Bytes Sent By Job
	26582  -  Run Bytes Received By Job
	32630  -  Total Bytes Sent By Job
	26582  -  Total Bytes Received By Job
	Partitionable Resources :    Usage  Request Allocated 
	   Cpus                 :     3.30        1         1 
	   Disk (KB)            :    84          30      3802 
	   GPUs                 :                           0 
	   Memory (MB)          :  1891        3000      3000 
	   TimeExecute (s)      :   509                       
	   TimeSlotBusy (s)     :   515                       

	Job terminated of its own accord at 2026-02-25T16:27:11Z with exit-code 1.
...
