000 (14737679.011.000) 02/25 20:32:48 Job submitted from host: <188.184.90.62:9618?addrs=188.184.90.62-9618+[2001-1458-201-e4--100-238]-9618&alias=bigbird16.cern.ch&noUDP&sock=schedd_5196_9a2f>
...
040 (14737679.011.000) 02/25 20:36:31 Started transferring input files
	Transferring to host: <188.185.207.209:9618?addrs=188.185.207.209-9618+[2001-1458-303-e--100-4e]-9618&alias=b9p08p2722.cern.ch&noUDP&sock=slot1_2_3940258_f69e_84447>
...
040 (14737679.011.000) 02/25 20:36:31 Finished transferring input files
...
001 (14737679.011.000) 02/25 20:36:32 Job executing on host: <188.185.207.209:9618?addrs=188.185.207.209-9618+[2001-1458-303-e--100-4e]-9618&alias=b9p08p2722.cern.ch&noUDP&sock=startd_3939718_6f4e>
	SlotName: slot1_2@b9p08p2722.cern.ch
	CondorScratchDir = "/pool/condor/dir_1154997"
	Cpus = 1
	Disk = 3689
	GPUs = 0
	Memory = 3000
...
006 (14737679.011.000) 02/25 20:36:46 Image size of job updated: 530344
	518  -  MemoryUsage of job (MB)
	530344  -  ResidentSetSize of job (KB)
...
006 (14737679.011.000) 02/25 20:41:47 Image size of job updated: 2317484
	2166  -  MemoryUsage of job (MB)
	2217044  -  ResidentSetSize of job (KB)
...
006 (14737679.011.000) 02/25 20:46:47 Image size of job updated: 2559244
	2184  -  MemoryUsage of job (MB)
	2235928  -  ResidentSetSize of job (KB)
...
006 (14737679.011.000) 02/25 20:56:49 Image size of job updated: 2559244
	2335  -  MemoryUsage of job (MB)
	2390648  -  ResidentSetSize of job (KB)
...
006 (14737679.011.000) 02/25 21:01:49 Image size of job updated: 2575932
	2335  -  MemoryUsage of job (MB)
	2390648  -  ResidentSetSize of job (KB)
...
006 (14737679.011.000) 02/25 21:03:45 Image size of job updated: 2604580
	2335  -  MemoryUsage of job (MB)
	2390648  -  ResidentSetSize of job (KB)
...
040 (14737679.011.000) 02/25 21:03:45 Started transferring output files
...
040 (14737679.011.000) 02/25 21:03:45 Finished transferring output files
...
005 (14737679.011.000) 02/25 21:03:45 Job terminated.
	(1) Normal termination (return value 1)
		Usr 0 00:24:31, Sys 0 00:00:41  -  Run Remote Usage
		Usr 0 00:00:00, Sys 0 00:00:00  -  Run Local Usage
		Usr 0 00:24:31, Sys 0 00:00:41  -  Total Remote Usage
		Usr 0 00:00:00, Sys 0 00:00:00  -  Total Local Usage
	50363  -  Run Bytes Sent By Job
	27299  -  Run Bytes Received By Job
	50363  -  Total Bytes Sent By Job
	27299  -  Total Bytes Received By Job
	Partitionable Resources :    Usage  Request Allocated 
	   Cpus                 :     1.34        1         1 
	   Disk (KB)            :   102          30      3689 
	   GPUs                 :                           0 
	   Memory (MB)          :  2335        3000      3000 
	   TimeExecute (s)      :  1633                       
	   TimeSlotBusy (s)     :  1635                       

	Job terminated of its own accord at 2026-02-25T20:03:45Z with exit-code 1.
...
