000 (14737679.005.000) 02/25 20:32:47 Job submitted from host: <188.184.90.62:9618?addrs=188.184.90.62-9618+[2001-1458-201-e4--100-238]-9618&alias=bigbird16.cern.ch&noUDP&sock=schedd_5196_9a2f>
...
040 (14737679.005.000) 02/25 20:36:29 Started transferring input files
	Transferring to host: <128.142.137.32:9618?addrs=128.142.137.32-9618+[2001-1458-301-5e--100-14]-9618&alias=b9g19p5828.cern.ch&noUDP&sock=slot1_1_2393581_190f_103843>
...
040 (14737679.005.000) 02/25 20:36:29 Finished transferring input files
...
001 (14737679.005.000) 02/25 20:36:30 Job executing on host: <128.142.137.32:9618?addrs=128.142.137.32-9618+[2001-1458-301-5e--100-14]-9618&alias=b9g19p5828.cern.ch&noUDP&sock=startd_2469_1b6b>
	SlotName: slot1_1@b9g19p5828.cern.ch
	CondorScratchDir = "/pool/condor/dir_4156028"
	Cpus = 1
	Disk = 2730
	GPUs = 0
	Memory = 3000
...
006 (14737679.005.000) 02/25 20:36:44 Image size of job updated: 177728
	174  -  MemoryUsage of job (MB)
	177728  -  ResidentSetSize of job (KB)
...
006 (14737679.005.000) 02/25 20:41:44 Image size of job updated: 2185788
	2053  -  MemoryUsage of job (MB)
	2102228  -  ResidentSetSize of job (KB)
...
006 (14737679.005.000) 02/25 20:46:45 Image size of job updated: 2237512
	2053  -  MemoryUsage of job (MB)
	2102228  -  ResidentSetSize of job (KB)
...
006 (14737679.005.000) 02/25 20:51:46 Image size of job updated: 2237512
	2063  -  MemoryUsage of job (MB)
	2111928  -  ResidentSetSize of job (KB)
...
006 (14737679.005.000) 02/25 20:56:46 Image size of job updated: 2264384
	2208  -  MemoryUsage of job (MB)
	2260888  -  ResidentSetSize of job (KB)
...
006 (14737679.005.000) 02/25 21:01:48 Image size of job updated: 2264392
	2208  -  MemoryUsage of job (MB)
	2260888  -  ResidentSetSize of job (KB)
...
006 (14737679.005.000) 02/25 21:02:42 Image size of job updated: 2356716
	2208  -  MemoryUsage of job (MB)
	2260888  -  ResidentSetSize of job (KB)
...
040 (14737679.005.000) 02/25 21:02:43 Started transferring output files
...
040 (14737679.005.000) 02/25 21:02:43 Finished transferring output files
...
005 (14737679.005.000) 02/25 21:02:43 Job terminated.
	(1) Normal termination (return value 0)
		Usr 0 00:32:21, Sys 0 00:00:32  -  Run Remote Usage
		Usr 0 00:00:00, Sys 0 00:00:00  -  Run Local Usage
		Usr 0 00:32:21, Sys 0 00:00:32  -  Total Remote Usage
		Usr 0 00:00:00, Sys 0 00:00:00  -  Total Local Usage
	32663  -  Run Bytes Sent By Job
	27299  -  Run Bytes Received By Job
	32663  -  Total Bytes Sent By Job
	27299  -  Total Bytes Received By Job
	Partitionable Resources :    Usage  Request Allocated 
	   Cpus                 :     2.65        1         1 
	   Disk (KB)            :    84          30      2730 
	   GPUs                 :                           0 
	   Memory (MB)          :  2208        3000      3000 
	   TimeExecute (s)      :  1572                       
	   TimeSlotBusy (s)     :  1575                       

	Job terminated of its own accord at 2026-02-25T20:02:42Z with exit-code 0.
...
