000 (14793317.004.000) 03/05 15:53:17 Job submitted from host: <188.184.90.62:9618?addrs=188.184.90.62-9618+[2001-1458-201-e4--100-238]-9618&alias=bigbird16.cern.ch&noUDP&sock=schedd_5196_9a2f>
...
040 (14793317.004.000) 03/05 16:27:12 Started transferring input files
	Transferring to host: <188.185.193.171:9618?addrs=188.185.193.171-9618+[2001-1458-303-20--100-a7]-9618&alias=b9p19p9189.cern.ch&noUDP&sock=slot1_6_6001_ff4d_159811>
...
040 (14793317.004.000) 03/05 16:27:12 Finished transferring input files
...
001 (14793317.004.000) 03/05 16:27:13 Job executing on host: <188.185.193.171:9618?addrs=188.185.193.171-9618+[2001-1458-303-20--100-a7]-9618&alias=b9p19p9189.cern.ch&noUDP&sock=startd_4875_6c49>
	SlotName: slot1_6@b9p19p9189.cern.ch
	CondorScratchDir = "/pool/condor/dir_1579362"
	Cpus = 1
	Disk = 3865
	GPUs = 0
	Memory = 3000
...
006 (14793317.004.000) 03/05 16:27:27 Image size of job updated: 164320
	161  -  MemoryUsage of job (MB)
	164320  -  ResidentSetSize of job (KB)
...
006 (14793317.004.000) 03/05 16:30:43 Image size of job updated: 3129756
	163  -  MemoryUsage of job (MB)
	165976  -  ResidentSetSize of job (KB)
...
040 (14793317.004.000) 03/05 16:30:44 Started transferring output files
...
040 (14793317.004.000) 03/05 16:30:44 Finished transferring output files
...
005 (14793317.004.000) 03/05 16:30:46 Job terminated.
	(1) Normal termination (return value 1)
		Usr 0 00:07:37, Sys 0 00:00:12  -  Run Remote Usage
		Usr 0 00:00:00, Sys 0 00:00:00  -  Run Local Usage
		Usr 0 00:07:37, Sys 0 00:00:12  -  Total Remote Usage
		Usr 0 00:00:00, Sys 0 00:00:00  -  Total Local Usage
	19584  -  Run Bytes Sent By Job
	16640  -  Run Bytes Received By Job
	19584  -  Total Bytes Sent By Job
	16640  -  Total Bytes Received By Job
	Partitionable Resources :    Usage  Request Allocated 
	   Cpus                 :     2.18        1         1 
	   Disk (KB)            :    61          20      3865 
	   GPUs                 :                           0 
	   Memory (MB)          :   163        3000      3000 
	   TimeExecute (s)      :   210                       
	   TimeSlotBusy (s)     :   214                       

	Job terminated of its own accord at 2026-03-05T15:30:43Z with exit-code 1.
...
