000 (14793317.001.000) 03/05 15:53:17 Job submitted from host: <188.184.90.62:9618?addrs=188.184.90.62-9618+[2001-1458-201-e4--100-238]-9618&alias=bigbird16.cern.ch&noUDP&sock=schedd_5196_9a2f>
...
040 (14793317.001.000) 03/05 16:27:11 Started transferring input files
	Transferring to host: <188.185.215.44:9618?addrs=188.185.215.44-9618+[2001-1458-303-1e--100-28]-9618&alias=b9p31p1334.cern.ch&noUDP&sock=slot1_5_1988574_071a_98468>
...
040 (14793317.001.000) 03/05 16:27:11 Finished transferring input files
...
001 (14793317.001.000) 03/05 16:27:12 Job executing on host: <188.185.215.44:9618?addrs=188.185.215.44-9618+[2001-1458-303-1e--100-28]-9618&alias=b9p31p1334.cern.ch&noUDP&sock=startd_5067_1e78>
	SlotName: slot1_5@b9p31p1334.cern.ch
	CondorScratchDir = "/pool/condor/dir_2891623"
	Cpus = 1
	Disk = 3861
	GPUs = 0
	Memory = 3000
...
006 (14793317.001.000) 03/05 16:27:26 Image size of job updated: 407500
	398  -  MemoryUsage of job (MB)
	407500  -  ResidentSetSize of job (KB)
...
006 (14793317.001.000) 03/05 16:29:08 Image size of job updated: 1762172
	398  -  MemoryUsage of job (MB)
	407500  -  ResidentSetSize of job (KB)
...
040 (14793317.001.000) 03/05 16:29:08 Started transferring output files
...
040 (14793317.001.000) 03/05 16:29:08 Finished transferring output files
...
005 (14793317.001.000) 03/05 16:29:09 Job terminated.
	(1) Normal termination (return value 1)
		Usr 0 00:02:47, Sys 0 00:00:07  -  Run Remote Usage
		Usr 0 00:00:00, Sys 0 00:00:00  -  Run Local Usage
		Usr 0 00:02:47, Sys 0 00:00:07  -  Total Remote Usage
		Usr 0 00:00:00, Sys 0 00:00:00  -  Total Local Usage
	17277  -  Run Bytes Sent By Job
	16640  -  Run Bytes Received By Job
	17277  -  Total Bytes Sent By Job
	16640  -  Total Bytes Received By Job
	Partitionable Resources :    Usage  Request Allocated 
	   Cpus                 :        0        1         1 
	   Disk (KB)            :       59       20      3861 
	   GPUs                 :                           0 
	   Memory (MB)          :      398     3000      3000 
	   TimeExecute (s)      :      116                    
	   TimeSlotBusy (s)     :      118                    

	Job terminated of its own accord at 2026-03-05T15:29:08Z with exit-code 1.
...
