subject   : /DC=ch/DC=cern/OU=Organic Units/OU=Users/CN=driosper/CN=886669/CN=Diego Alejandro Rios Perez/CN=2603696693
issuer    : /DC=ch/DC=cern/OU=Organic Units/OU=Users/CN=driosper/CN=886669/CN=Diego Alejandro Rios Perez
identity  : /DC=ch/DC=cern/OU=Organic Units/OU=Users/CN=driosper/CN=886669/CN=Diego Alejandro Rios Perez
type      : RFC compliant proxy
strength  : 2048 bits
path      : /afs/cern.ch/user/d/driosper/private/x509up_u182284
timeleft  : 10:08:23
key usage : Digital Signature, Key Encipherment
=== VO cms extension information ===
VO        : cms
subject   : /DC=ch/DC=cern/OU=Organic Units/OU=Users/CN=driosper/CN=886669/CN=Diego Alejandro Rios Perez
issuer    : /DC=ch/DC=cern/OU=computers/CN=cms-auth.cern.ch
attribute : /cms/Role=NULL/Capability=NULL
timeleft  : 10:08:23
uri       : voms-cms-auth.cern.ch:15000
--workflow qcd_tf_mu --year 2022preEE --output_path /eos/user/d/driosper/bsm3g_coffea/outputs/qcd_tf_mu/2022preEE/TWminustoLNu2Q --output_format coffea --dataset TWminustoLNu2Q_5 --partition_json /srv/partition_fileset.json
  Preprocessing 100% ━━━━━━━━━━━━━━━━━━ 9/9 [ 0:00:13 < 0:00:00 | 0.7   file/s ]
Merging (local) 100% ━━━━━━━━━━━━━━━━━━ 9/9 [ 0:00:13 < 0:00:00 | ?   merges/s ]
     Processing  12% ━━                2/16 [ 0:00:29 < 0:01:21 | 0.2  chunk/s ]
Merging (local) 100% ━━━━━━━━━━━━━━━━━  1/1 [ 0:00:23 < 0:00:00 | ?   merges/s ]
There are 46432 events with muon pt outside of [26,200] GeV. Setting those entries to their initial value.
There are 46436 events with muon pt outside of [26,200] GeV. Setting those entries to their initial value.
There are 201 nan entries in the corrected pt. This might be due to the number of tracker layers hitting boundaries. Setting those entries to their initial value.
There are 35680 events with muon pt outside of [26,200] GeV. Setting those entries to their initial value.
There are 35683 events with muon pt outside of [26,200] GeV. Setting those entries to their initial value.
There are 147 nan entries in the corrected pt. This might be due to the number of tracker layers hitting boundaries. Setting those entries to their initial value.
There are 35683 events with muon pt outside of [26,200] GeV. Setting those entries to their initial value.
There are 35685 events with muon pt outside of [26,200] GeV. Setting those entries to their initial value.
There are 140 nan entries in the corrected pt. This might be due to the number of tracker layers hitting boundaries. Setting those entries to their initial value.
There are 46436 events with muon pt outside of [26,200] GeV. Setting those entries to their initial value.
There are 46437 events with muon pt outside of [26,200] GeV. Setting those entries to their initial value.
There are 185 nan entries in the corrected pt. This might be due to the number of tracker layers hitting boundaries. Setting those entries to their initial value.
There are 35446 events with muon pt outside of [26,200] GeV. Setting those entries to their initial value.
There are 35450 events with muon pt outside of [26,200] GeV. Setting those entries to their initial value.
There are 147 nan entries in the corrected pt. This might be due to the number of tracker layers hitting boundaries. Setting those entries to their initial value.
There are 35296 events with muon pt outside of [26,200] GeV. Setting those entries to their initial value.
There are 35299 events with muon pt outside of [26,200] GeV. Setting those entries to their initial value.
There are 149 nan entries in the corrected pt. This might be due to the number of tracker layers hitting boundaries. Setting those entries to their initial value.
There are 251 events with muon pt outside of [26,200] GeV. Setting those entries to their initial value.
There are 251 events with muon pt outside of [26,200] GeV. Setting those entries to their initial value.
There are 22579 events with muon pt outside of [26,200] GeV. Setting those entries to their initial value.
There are 22579 events with muon pt outside of [26,200] GeV. Setting those entries to their initial value.
There are 102 nan entries in the corrected pt. This might be due to the number of tracker layers hitting boundaries. Setting those entries to their initial value.
There are 15986 events with muon pt outside of [26,200] GeV. Setting those entries to their initial value.
There are 15986 events with muon pt outside of [26,200] GeV. Setting those entries to their initial value.
There are 67 nan entries in the corrected pt. This might be due to the number of tracker layers hitting boundaries. Setting those entries to their initial value.
There are 35734 events with muon pt outside of [26,200] GeV. Setting those entries to their initial value.
There are 35737 events with muon pt outside of [26,200] GeV. Setting those entries to their initial value.
There are 158 nan entries in the corrected pt. This might be due to the number of tracker layers hitting boundaries. Setting those entries to their initial value.
There are 43252 events with muon pt outside of [26,200] GeV. Setting those entries to their initial value.
There are 43252 events with muon pt outside of [26,200] GeV. Setting those entries to their initial value.
There are 187 nan entries in the corrected pt. This might be due to the number of tracker layers hitting boundaries. Setting those entries to their initial value.
There are 6279 events with muon pt outside of [26,200] GeV. Setting those entries to their initial value.
There are 6279 events with muon pt outside of [26,200] GeV. Setting those entries to their initial value.
There are 29 nan entries in the corrected pt. This might be due to the number of tracker layers hitting boundaries. Setting those entries to their initial value.
There are 14373 events with muon pt outside of [26,200] GeV. Setting those entries to their initial value.
There are 14373 events with muon pt outside of [26,200] GeV. Setting those entries to their initial value.
There are 72 nan entries in the corrected pt. This might be due to the number of tracker layers hitting boundaries. Setting those entries to their initial value.
There are 35405 events with muon pt outside of [26,200] GeV. Setting those entries to their initial value.
There are 35407 events with muon pt outside of [26,200] GeV. Setting those entries to their initial value.
There are 140 nan entries in the corrected pt. This might be due to the number of tracker layers hitting boundaries. Setting those entries to their initial value.
There are 3020 events with muon pt outside of [26,200] GeV. Setting those entries to their initial value.
There are 3020 events with muon pt outside of [26,200] GeV. Setting those entries to their initial value.
There are 14 nan entries in the corrected pt. This might be due to the number of tracker layers hitting boundaries. Setting those entries to their initial value.
There are 43064 events with muon pt outside of [26,200] GeV. Setting those entries to their initial value.
There are 43067 events with muon pt outside of [26,200] GeV. Setting those entries to their initial value.
There are 175 nan entries in the corrected pt. This might be due to the number of tracker layers hitting boundaries. Setting those entries to their initial value.
