000 (14526955.025.000) 02/14 21:30:34 Job submitted from host: <188.184.90.62:9618?addrs=188.184.90.62-9618+[2001-1458-201-e4--100-238]-9618&alias=bigbird16.cern.ch&noUDP&sock=schedd_5196_9a2f>
...
040 (14526955.025.000) 02/14 21:31:46 Started transferring input files
	Transferring to host: <188.185.213.230:9618?addrs=188.185.213.230-9618+[2001-1458-303-1b--100-62]-9618&alias=b9p28p6468.cern.ch&noUDP&sock=slot1_3_6155_8113_159027>
...
040 (14526955.025.000) 02/14 21:31:46 Finished transferring input files
...
001 (14526955.025.000) 02/14 21:31:47 Job executing on host: <188.185.213.230:9618?addrs=188.185.213.230-9618+[2001-1458-303-1b--100-62]-9618&alias=b9p28p6468.cern.ch&noUDP&sock=startd_5412_c2a4>
	SlotName: slot1_3@b9p28p6468.cern.ch
	CondorScratchDir = "/pool/condor/dir_601353"
	Cpus = 1
	Disk = 3741
	GPUs = 0
	Memory = 3000
...
006 (14526955.025.000) 02/14 21:32:01 Image size of job updated: 261000
	255  -  MemoryUsage of job (MB)
	261000  -  ResidentSetSize of job (KB)
...
006 (14526955.025.000) 02/14 21:35:39 Image size of job updated: 2600192
	255  -  MemoryUsage of job (MB)
	261048  -  ResidentSetSize of job (KB)
...
040 (14526955.025.000) 02/14 21:35:39 Started transferring output files
...
040 (14526955.025.000) 02/14 21:35:39 Finished transferring output files
...
004 (14526955.025.000) 02/14 21:35:39 Job was evicted.
	(0) CPU times
		Usr 0 00:08:27, Sys 0 00:00:17  -  Run Remote Usage
		Usr 0 00:00:00, Sys 0 00:00:00  -  Run Local Usage
	14343  -  Run Bytes Sent By Job
	70490  -  Run Bytes Received By Job
	Partitionable Resources :    Usage  Request Allocated 
	   Cpus                 :        0        1         1 
	   Disk (KB)            :      106       75      3741 
	   GPUs                 :                           0 
	   Memory (MB)          :      255     3000      3000 
	   TimeExecute (s)      :      232                    
	   TimeSlotBusy (s)     :      234                    
...
009 (14526955.025.000) 02/14 21:35:39 Job was aborted.
	via condor_rm (by user driosper)
...
