000 (14526955.027.000) 02/14 21:30:34 Job submitted from host: <188.184.90.62:9618?addrs=188.184.90.62-9618+[2001-1458-201-e4--100-238]-9618&alias=bigbird16.cern.ch&noUDP&sock=schedd_5196_9a2f>
...
040 (14526955.027.000) 02/14 21:31:47 Started transferring input files
	Transferring to host: <188.185.211.189:9618?addrs=188.185.211.189-9618+[2001-1458-303-17--100-39]-9618&alias=b9p24p3226.cern.ch&noUDP&sock=slot1_6_8264_7c49_153677>
...
040 (14526955.027.000) 02/14 21:31:47 Finished transferring input files
...
001 (14526955.027.000) 02/14 21:31:48 Job executing on host: <188.185.211.189:9618?addrs=188.185.211.189-9618+[2001-1458-303-17--100-39]-9618&alias=b9p24p3226.cern.ch&noUDP&sock=startd_7174_5884>
	SlotName: slot1_6@b9p24p3226.cern.ch
	CondorScratchDir = "/pool/condor/dir_1255741"
	Cpus = 1
	Disk = 3890
	GPUs = 0
	Memory = 3000
...
006 (14526955.027.000) 02/14 21:32:02 Image size of job updated: 366568
	358  -  MemoryUsage of job (MB)
	366568  -  ResidentSetSize of job (KB)
...
006 (14526955.027.000) 02/14 21:35:39 Image size of job updated: 2727216
	359  -  MemoryUsage of job (MB)
	367040  -  ResidentSetSize of job (KB)
...
040 (14526955.027.000) 02/14 21:35:39 Started transferring output files
...
040 (14526955.027.000) 02/14 21:35:39 Finished transferring output files
...
004 (14526955.027.000) 02/14 21:35:39 Job was evicted.
	(0) CPU times
		Usr 0 00:08:38, Sys 0 00:00:15  -  Run Remote Usage
		Usr 0 00:00:00, Sys 0 00:00:00  -  Run Local Usage
	11903  -  Run Bytes Sent By Job
	70490  -  Run Bytes Received By Job
	Partitionable Resources :    Usage  Request Allocated 
	   Cpus                 :     3.70        1         1 
	   Disk (KB)            :   104          75      3890 
	   GPUs                 :                           0 
	   Memory (MB)          :   359        3000      3000 
	   TimeExecute (s)      :   231                       
	   TimeSlotBusy (s)     :   233                       
...
009 (14526955.027.000) 02/14 21:35:39 Job was aborted.
	via condor_rm (by user driosper)
...
