000 (14526955.010.000) 02/14 21:30:33 Job submitted from host: <188.184.90.62:9618?addrs=188.184.90.62-9618+[2001-1458-201-e4--100-238]-9618&alias=bigbird16.cern.ch&noUDP&sock=schedd_5196_9a2f>
...
040 (14526955.010.000) 02/14 21:31:41 Started transferring input files
	Transferring to host: <188.185.207.197:9618?addrs=188.185.207.197-9618+[2001-1458-303-e--100-42]-9618&alias=b9p08p9966.cern.ch&noUDP&sock=slot1_35_4816_0ebd_102504>
...
040 (14526955.010.000) 02/14 21:31:41 Finished transferring input files
...
001 (14526955.010.000) 02/14 21:31:42 Job executing on host: <188.185.207.197:9618?addrs=188.185.207.197-9618+[2001-1458-303-e--100-42]-9618&alias=b9p08p9966.cern.ch&noUDP&sock=startd_4103_e52c>
	SlotName: slot1_35@b9p08p9966.cern.ch
	CondorScratchDir = "/pool/condor/dir_1684708"
	Cpus = 1
	Disk = 3815
	GPUs = 0
	Memory = 3000
...
006 (14526955.010.000) 02/14 21:31:57 Image size of job updated: 241776
	237  -  MemoryUsage of job (MB)
	241776  -  ResidentSetSize of job (KB)
...
006 (14526955.010.000) 02/14 21:35:37 Image size of job updated: 2725440
	237  -  MemoryUsage of job (MB)
	241776  -  ResidentSetSize of job (KB)
...
040 (14526955.010.000) 02/14 21:35:37 Started transferring output files
...
040 (14526955.010.000) 02/14 21:35:37 Finished transferring output files
...
004 (14526955.010.000) 02/14 21:35:37 Job was evicted.
	(0) CPU times
		Usr 0 00:09:42, Sys 0 00:00:17  -  Run Remote Usage
		Usr 0 00:00:00, Sys 0 00:00:00  -  Run Local Usage
	7661  -  Run Bytes Sent By Job
	70490  -  Run Bytes Received By Job
	Partitionable Resources :    Usage  Request Allocated 
	   Cpus                 :        0        1         1 
	   Disk (KB)            :      105       75      3815 
	   GPUs                 :                           0 
	   Memory (MB)          :      237     3000      3000 
	   TimeExecute (s)      :      235                    
	   TimeSlotBusy (s)     :      237                    
...
009 (14526955.010.000) 02/14 21:35:37 Job was aborted.
	via condor_rm (by user driosper)
...
