000 (14526955.006.000) 02/14 21:30:33 Job submitted from host: <188.184.90.62:9618?addrs=188.184.90.62-9618+[2001-1458-201-e4--100-238]-9618&alias=bigbird16.cern.ch&noUDP&sock=schedd_5196_9a2f>
...
040 (14526955.006.000) 02/14 21:31:40 Started transferring input files
	Transferring to host: <188.185.205.194:9618?addrs=188.185.205.194-9618+[2001-1458-303-a--100-3f]-9618&alias=b9p04p1454.cern.ch&noUDP&sock=slot1_2_4031656_1f63_76145>
...
040 (14526955.006.000) 02/14 21:31:40 Finished transferring input files
...
001 (14526955.006.000) 02/14 21:31:41 Job executing on host: <188.185.205.194:9618?addrs=188.185.205.194-9618+[2001-1458-303-a--100-3f]-9618&alias=b9p04p1454.cern.ch&noUDP&sock=startd_3606_fe9a>
	SlotName: slot1_2@b9p04p1454.cern.ch
	CondorScratchDir = "/pool/condor/dir_3132471"
	Cpus = 1
	Disk = 3753
	GPUs = 0
	Memory = 3000
...
006 (14526955.006.000) 02/14 21:31:55 Image size of job updated: 142072
	139  -  MemoryUsage of job (MB)
	142072  -  ResidentSetSize of job (KB)
...
006 (14526955.006.000) 02/14 21:35:37 Image size of job updated: 2610760
	139  -  MemoryUsage of job (MB)
	142072  -  ResidentSetSize of job (KB)
...
040 (14526955.006.000) 02/14 21:35:37 Started transferring output files
...
040 (14526955.006.000) 02/14 21:35:37 Finished transferring output files
...
004 (14526955.006.000) 02/14 21:35:37 Job was evicted.
	(0) CPU times
		Usr 0 00:06:54, Sys 0 00:00:13  -  Run Remote Usage
		Usr 0 00:00:00, Sys 0 00:00:00  -  Run Local Usage
	7045  -  Run Bytes Sent By Job
	70490  -  Run Bytes Received By Job
	Partitionable Resources :    Usage  Request Allocated 
	   Cpus                 :        0        1         1 
	   Disk (KB)            :      107       75      3753 
	   GPUs                 :                           0 
	   Memory (MB)          :      139     3000      3000 
	   TimeExecute (s)      :      236                    
	   TimeSlotBusy (s)     :      238                    
...
009 (14526955.006.000) 02/14 21:35:37 Job was aborted.
	via condor_rm (by user driosper)
...
