000 (14526955.002.000) 02/14 21:30:33 Job submitted from host: <188.184.90.62:9618?addrs=188.184.90.62-9618+[2001-1458-201-e4--100-238]-9618&alias=bigbird16.cern.ch&noUDP&sock=schedd_5196_9a2f>
...
040 (14526955.002.000) 02/14 21:31:39 Started transferring input files
	Transferring to host: <188.185.212.158:9618?addrs=188.185.212.158-9618+[2001-1458-303-19--100-1a]-9618&alias=b9p26p2947.cern.ch&noUDP&sock=slot1_6_5557_28bb_160942>
...
040 (14526955.002.000) 02/14 21:31:39 Finished transferring input files
...
001 (14526955.002.000) 02/14 21:31:40 Job executing on host: <188.185.212.158:9618?addrs=188.185.212.158-9618+[2001-1458-303-19--100-1a]-9618&alias=b9p26p2947.cern.ch&noUDP&sock=startd_4587_e102>
	SlotName: slot1_6@b9p26p2947.cern.ch
	CondorScratchDir = "/pool/condor/dir_1865823"
	Cpus = 1
	Disk = 3757
	GPUs = 0
	Memory = 3000
...
006 (14526955.002.000) 02/14 21:31:54 Image size of job updated: 382764
	374  -  MemoryUsage of job (MB)
	382764  -  ResidentSetSize of job (KB)
...
006 (14526955.002.000) 02/14 21:35:37 Image size of job updated: 2721468
	376  -  MemoryUsage of job (MB)
	384048  -  ResidentSetSize of job (KB)
...
040 (14526955.002.000) 02/14 21:35:37 Started transferring output files
...
040 (14526955.002.000) 02/14 21:35:37 Finished transferring output files
...
004 (14526955.002.000) 02/14 21:35:37 Job was evicted.
	(0) CPU times
		Usr 0 00:10:34, Sys 0 00:00:14  -  Run Remote Usage
		Usr 0 00:00:00, Sys 0 00:00:00  -  Run Local Usage
	12365  -  Run Bytes Sent By Job
	70490  -  Run Bytes Received By Job
	Partitionable Resources :    Usage  Request Allocated 
	   Cpus                 :        0        1         1 
	   Disk (KB)            :      104       75      3757 
	   GPUs                 :                           0 
	   Memory (MB)          :      376     3000      3000 
	   TimeExecute (s)      :      237                    
	   TimeSlotBusy (s)     :      239                    
...
009 (14526955.002.000) 02/14 21:35:37 Job was aborted.
	via condor_rm (by user driosper)
...
