000 (14526955.007.000) 02/14 21:30:33 Job submitted from host: <188.184.90.62:9618?addrs=188.184.90.62-9618+[2001-1458-201-e4--100-238]-9618&alias=bigbird16.cern.ch&noUDP&sock=schedd_5196_9a2f>
...
040 (14526955.007.000) 02/14 21:31:40 Started transferring input files
	Transferring to host: <128.142.209.37:9618?addrs=128.142.209.37-9618+[2001-1458-301-21--100-5]-9618&alias=b9g41p9915.cern.ch&noUDP&sock=slot1_17_3397_3e63_175366>
...
040 (14526955.007.000) 02/14 21:31:40 Finished transferring input files
...
001 (14526955.007.000) 02/14 21:31:41 Job executing on host: <128.142.209.37:9618?addrs=128.142.209.37-9618+[2001-1458-301-21--100-5]-9618&alias=b9g41p9915.cern.ch&noUDP&sock=startd_2891_9063>
	SlotName: slot1_17@b9g41p9915.cern.ch
	CondorScratchDir = "/pool/condor/dir_3741160"
	Cpus = 1
	Disk = 6970
	GPUs = 0
	Memory = 3000
...
006 (14526955.007.000) 02/14 21:31:55 Image size of job updated: 573996
	561  -  MemoryUsage of job (MB)
	573996  -  ResidentSetSize of job (KB)
...
006 (14526955.007.000) 02/14 21:35:37 Image size of job updated: 2728248
	561  -  MemoryUsage of job (MB)
	574104  -  ResidentSetSize of job (KB)
...
040 (14526955.007.000) 02/14 21:35:37 Started transferring output files
...
040 (14526955.007.000) 02/14 21:35:37 Finished transferring output files
...
004 (14526955.007.000) 02/14 21:35:37 Job was evicted.
	(0) CPU times
		Usr 0 00:11:04, Sys 0 00:00:17  -  Run Remote Usage
		Usr 0 00:00:00, Sys 0 00:00:00  -  Run Local Usage
	12738  -  Run Bytes Sent By Job
	70490  -  Run Bytes Received By Job
	Partitionable Resources :    Usage  Request Allocated 
	   Cpus                 :        0        1         1 
	   Disk (KB)            :      104       75      6970 
	   GPUs                 :                           0 
	   Memory (MB)          :      561     3000      3000 
	   TimeExecute (s)      :      236                    
	   TimeSlotBusy (s)     :      238                    
...
009 (14526955.007.000) 02/14 21:35:37 Job was aborted.
	via condor_rm (by user driosper)
...
