000 (14526955.003.000) 02/14 21:30:33 Job submitted from host: <188.184.90.62:9618?addrs=188.184.90.62-9618+[2001-1458-201-e4--100-238]-9618&alias=bigbird16.cern.ch&noUDP&sock=schedd_5196_9a2f>
...
040 (14526955.003.000) 02/14 21:31:39 Started transferring input files
	Transferring to host: <188.185.194.172:9618?addrs=188.185.194.172-9618+[2001-1458-303-21--100-a8]-9618&alias=b9p20p9815.cern.ch&noUDP&sock=slot1_9_6888_f811_106126>
...
040 (14526955.003.000) 02/14 21:31:39 Finished transferring input files
...
001 (14526955.003.000) 02/14 21:31:40 Job executing on host: <188.185.194.172:9618?addrs=188.185.194.172-9618+[2001-1458-303-21--100-a8]-9618&alias=b9p20p9815.cern.ch&noUDP&sock=startd_6273_55af>
	SlotName: slot1_9@b9p20p9815.cern.ch
	CondorScratchDir = "/pool/condor/dir_1700869"
	Cpus = 1
	Disk = 3828
	GPUs = 0
	Memory = 3000
...
006 (14526955.003.000) 02/14 21:31:54 Image size of job updated: 143012
	140  -  MemoryUsage of job (MB)
	143012  -  ResidentSetSize of job (KB)
...
006 (14526955.003.000) 02/14 21:35:37 Image size of job updated: 2618436
	140  -  MemoryUsage of job (MB)
	143012  -  ResidentSetSize of job (KB)
...
040 (14526955.003.000) 02/14 21:35:37 Started transferring output files
...
040 (14526955.003.000) 02/14 21:35:37 Finished transferring output files
...
004 (14526955.003.000) 02/14 21:35:37 Job was evicted.
	(0) CPU times
		Usr 0 00:11:12, Sys 0 00:00:13  -  Run Remote Usage
		Usr 0 00:00:00, Sys 0 00:00:00  -  Run Local Usage
	7439  -  Run Bytes Sent By Job
	70490  -  Run Bytes Received By Job
	Partitionable Resources :    Usage  Request Allocated 
	   Cpus                 :        0        1         1 
	   Disk (KB)            :      102       75      3828 
	   GPUs                 :                           0 
	   Memory (MB)          :      140     3000      3000 
	   TimeExecute (s)      :      237                    
	   TimeSlotBusy (s)     :      239                    
...
009 (14526955.003.000) 02/14 21:35:37 Job was aborted.
	via condor_rm (by user driosper)
...
