000 (14526955.020.000) 02/14 21:30:34 Job submitted from host: <188.184.90.62:9618?addrs=188.184.90.62-9618+[2001-1458-201-e4--100-238]-9618&alias=bigbird16.cern.ch&noUDP&sock=schedd_5196_9a2f>
...
040 (14526955.020.000) 02/14 21:31:45 Started transferring input files
	Transferring to host: <128.142.161.115:9618?addrs=128.142.161.115-9618+[2001-1458-301-b8--100-31]-9618&alias=b9g03p1277.cern.ch&noUDP&sock=slot1_2_3820583_197c_86660>
...
040 (14526955.020.000) 02/14 21:31:45 Finished transferring input files
...
001 (14526955.020.000) 02/14 21:31:46 Job executing on host: <128.142.161.115:9618?addrs=128.142.161.115-9618+[2001-1458-301-b8--100-31]-9618&alias=b9g03p1277.cern.ch&noUDP&sock=startd_3819334_061e>
	SlotName: slot1_2@b9g03p1277.cern.ch
	CondorScratchDir = "/pool/condor/dir_241776"
	Cpus = 1
	Disk = 3843
	GPUs = 0
	Memory = 3000
...
006 (14526955.020.000) 02/14 21:32:00 Image size of job updated: 1520
	2  -  MemoryUsage of job (MB)
	1520  -  ResidentSetSize of job (KB)
...
006 (14526955.020.000) 02/14 21:35:38 Image size of job updated: 2423560
	2  -  MemoryUsage of job (MB)
	1520  -  ResidentSetSize of job (KB)
...
040 (14526955.020.000) 02/14 21:35:38 Started transferring output files
...
040 (14526955.020.000) 02/14 21:35:38 Finished transferring output files
...
004 (14526955.020.000) 02/14 21:35:38 Job was evicted.
	(0) CPU times
		Usr 0 00:07:16, Sys 0 00:00:11  -  Run Remote Usage
		Usr 0 00:00:00, Sys 0 00:00:00  -  Run Local Usage
	11715  -  Run Bytes Sent By Job
	70490  -  Run Bytes Received By Job
	Partitionable Resources :    Usage  Request Allocated 
	   Cpus                 :        0        1         1 
	   Disk (KB)            :      103       75      3843 
	   GPUs                 :                           0 
	   Memory (MB)          :        2     3000      3000 
	   TimeExecute (s)      :      232                    
	   TimeSlotBusy (s)     :      234                    
...
009 (14526955.020.000) 02/14 21:35:38 Job was aborted.
	via condor_rm (by user driosper)
...
