000 (14526955.000.000) 02/14 21:30:33 Job submitted from host: <188.184.90.62:9618?addrs=188.184.90.62-9618+[2001-1458-201-e4--100-238]-9618&alias=bigbird16.cern.ch&noUDP&sock=schedd_5196_9a2f>
...
040 (14526955.000.000) 02/14 21:31:38 Started transferring input files
	Transferring to host: <188.185.207.217:9618?addrs=188.185.207.217-9618+[2001-1458-303-e--100-56]-9618&alias=b9p08p3770.cern.ch&noUDP&sock=slot1_28_4420_0a2d_137760>
...
040 (14526955.000.000) 02/14 21:31:38 Finished transferring input files
...
001 (14526955.000.000) 02/14 21:31:39 Job executing on host: <188.185.207.217:9618?addrs=188.185.207.217-9618+[2001-1458-303-e--100-56]-9618&alias=b9p08p3770.cern.ch&noUDP&sock=startd_3733_1b21>
	SlotName: slot1_28@b9p08p3770.cern.ch
	CondorScratchDir = "/pool/condor/dir_1370774"
	Cpus = 1
	Disk = 3696
	GPUs = 0
	Memory = 3000
...
006 (14526955.000.000) 02/14 21:31:53 Image size of job updated: 219292
	215  -  MemoryUsage of job (MB)
	219292  -  ResidentSetSize of job (KB)
...
006 (14526955.000.000) 02/14 21:35:36 Image size of job updated: 2663628
	215  -  MemoryUsage of job (MB)
	219296  -  ResidentSetSize of job (KB)
...
040 (14526955.000.000) 02/14 21:35:36 Started transferring output files
...
040 (14526955.000.000) 02/14 21:35:36 Finished transferring output files
...
004 (14526955.000.000) 02/14 21:35:36 Job was evicted.
	(0) CPU times
		Usr 0 00:08:54, Sys 0 00:00:16  -  Run Remote Usage
		Usr 0 00:00:00, Sys 0 00:00:00  -  Run Local Usage
	12213  -  Run Bytes Sent By Job
	70490  -  Run Bytes Received By Job
	Partitionable Resources :    Usage  Request Allocated 
	   Cpus                 :        0        1         1 
	   Disk (KB)            :      108       75      3696 
	   GPUs                 :                           0 
	   Memory (MB)          :      215     3000      3000 
	   TimeExecute (s)      :      237                    
	   TimeSlotBusy (s)     :      239                    
...
009 (14526955.000.000) 02/14 21:35:36 Job was aborted.
	via condor_rm (by user driosper)
...
