000 (14526955.023.000) 02/14 21:30:34 Job submitted from host: <188.184.90.62:9618?addrs=188.184.90.62-9618+[2001-1458-201-e4--100-238]-9618&alias=bigbird16.cern.ch&noUDP&sock=schedd_5196_9a2f>
...
040 (14526955.023.000) 02/14 21:31:46 Started transferring input files
	Transferring to host: <188.185.215.55:9618?addrs=188.185.215.55-9618+[2001-1458-303-1e--100-33]-9618&alias=b9p31p0555.cern.ch&noUDP&sock=slot1_7_2963992_3fcb_79648>
...
040 (14526955.023.000) 02/14 21:31:46 Finished transferring input files
...
001 (14526955.023.000) 02/14 21:31:47 Job executing on host: <188.185.215.55:9618?addrs=188.185.215.55-9618+[2001-1458-303-1e--100-33]-9618&alias=b9p31p0555.cern.ch&noUDP&sock=startd_2964_a2cd>
	SlotName: slot1_7@b9p31p0555.cern.ch
	CondorScratchDir = "/pool/condor/dir_210419"
	Cpus = 1
	Disk = 3759
	GPUs = 0
	Memory = 3000
...
006 (14526955.023.000) 02/14 21:32:01 Image size of job updated: 369520
	361  -  MemoryUsage of job (MB)
	369520  -  ResidentSetSize of job (KB)
...
006 (14526955.023.000) 02/14 21:35:39 Image size of job updated: 2669988
	362  -  MemoryUsage of job (MB)
	369720  -  ResidentSetSize of job (KB)
...
040 (14526955.023.000) 02/14 21:35:39 Started transferring output files
...
040 (14526955.023.000) 02/14 21:35:39 Finished transferring output files
...
004 (14526955.023.000) 02/14 21:35:39 Job was evicted.
	(0) CPU times
		Usr 0 00:10:23, Sys 0 00:00:18  -  Run Remote Usage
		Usr 0 00:00:00, Sys 0 00:00:00  -  Run Local Usage
	12188  -  Run Bytes Sent By Job
	70490  -  Run Bytes Received By Job
	Partitionable Resources :    Usage  Request Allocated 
	   Cpus                 :        0        1         1 
	   Disk (KB)            :      104       75      3759 
	   GPUs                 :                           0 
	   Memory (MB)          :      362     3000      3000 
	   TimeExecute (s)      :      232                    
	   TimeSlotBusy (s)     :      234                    
...
009 (14526955.023.000) 02/14 21:35:39 Job was aborted.
	via condor_rm (by user driosper)
...
