000 (14526955.004.000) 02/14 21:30:33 Job submitted from host: <188.184.90.62:9618?addrs=188.184.90.62-9618+[2001-1458-201-e4--100-238]-9618&alias=bigbird16.cern.ch&noUDP&sock=schedd_5196_9a2f>
...
040 (14526955.004.000) 02/14 21:31:39 Started transferring input files
	Transferring to host: <188.185.210.232:9618?addrs=188.185.210.232-9618+[2001-1458-303-15--100-64]-9618&alias=b9p22p3068.cern.ch&noUDP&sock=slot1_3_419666_6963_92888>
...
040 (14526955.004.000) 02/14 21:31:39 Finished transferring input files
...
001 (14526955.004.000) 02/14 21:31:40 Job executing on host: <188.185.210.232:9618?addrs=188.185.210.232-9618+[2001-1458-303-15--100-64]-9618&alias=b9p22p3068.cern.ch&noUDP&sock=startd_6653_fbac>
	SlotName: slot1_3@b9p22p3068.cern.ch
	CondorScratchDir = "/pool/condor/dir_3823287"
	Cpus = 1
	Disk = 3783
	GPUs = 0
	Memory = 3000
...
006 (14526955.004.000) 02/14 21:31:54 Image size of job updated: 218904
	214  -  MemoryUsage of job (MB)
	218904  -  ResidentSetSize of job (KB)
...
006 (14526955.004.000) 02/14 21:35:37 Image size of job updated: 2658768
	214  -  MemoryUsage of job (MB)
	218904  -  ResidentSetSize of job (KB)
...
040 (14526955.004.000) 02/14 21:35:37 Started transferring output files
...
040 (14526955.004.000) 02/14 21:35:37 Finished transferring output files
...
004 (14526955.004.000) 02/14 21:35:37 Job was evicted.
	(0) CPU times
		Usr 0 00:09:41, Sys 0 00:00:28  -  Run Remote Usage
		Usr 0 00:00:00, Sys 0 00:00:00  -  Run Local Usage
	7438  -  Run Bytes Sent By Job
	70490  -  Run Bytes Received By Job
	Partitionable Resources :    Usage  Request Allocated 
	   Cpus                 :        0        1         1 
	   Disk (KB)            :      102       75      3783 
	   GPUs                 :                           0 
	   Memory (MB)          :      214     3000      3000 
	   TimeExecute (s)      :      237                    
	   TimeSlotBusy (s)     :      239                    
...
009 (14526955.004.000) 02/14 21:35:37 Job was aborted.
	via condor_rm (by user driosper)
...
