000 (14526955.028.000) 02/14 21:30:34 Job submitted from host: <188.184.90.62:9618?addrs=188.184.90.62-9618+[2001-1458-201-e4--100-238]-9618&alias=bigbird16.cern.ch&noUDP&sock=schedd_5196_9a2f>
...
040 (14526955.028.000) 02/14 21:31:47 Started transferring input files
	Transferring to host: <188.185.209.150:9618?addrs=188.185.209.150-9618+[2001-1458-303-12--100-13]-9618&alias=b9p12p9730.cern.ch&noUDP&sock=slot1_11_4064_349e_138184>
...
040 (14526955.028.000) 02/14 21:31:47 Finished transferring input files
...
001 (14526955.028.000) 02/14 21:31:48 Job executing on host: <188.185.209.150:9618?addrs=188.185.209.150-9618+[2001-1458-303-12--100-13]-9618&alias=b9p12p9730.cern.ch&noUDP&sock=startd_3609_0d63>
	SlotName: slot1_11@b9p12p9730.cern.ch
	CondorScratchDir = "/pool/condor/dir_2036708"
	Cpus = 1
	Disk = 3623
	GPUs = 0
	Memory = 3000
...
006 (14526955.028.000) 02/14 21:32:03 Image size of job updated: 145572
	143  -  MemoryUsage of job (MB)
	145572  -  ResidentSetSize of job (KB)
...
006 (14526955.028.000) 02/14 21:35:39 Image size of job updated: 2607600
	143  -  MemoryUsage of job (MB)
	145572  -  ResidentSetSize of job (KB)
...
040 (14526955.028.000) 02/14 21:35:39 Started transferring output files
...
040 (14526955.028.000) 02/14 21:35:39 Finished transferring output files
...
004 (14526955.028.000) 02/14 21:35:39 Job was evicted.
	(0) CPU times
		Usr 0 00:06:37, Sys 0 00:00:15  -  Run Remote Usage
		Usr 0 00:00:00, Sys 0 00:00:00  -  Run Local Usage
	12158  -  Run Bytes Sent By Job
	70490  -  Run Bytes Received By Job
	Partitionable Resources :    Usage  Request Allocated 
	   Cpus                 :     2.04        1         1 
	   Disk (KB)            :   107          75      3623 
	   GPUs                 :                           0 
	   Memory (MB)          :   143        3000      3000 
	   TimeExecute (s)      :   231                       
	   TimeSlotBusy (s)     :   233                       
...
009 (14526955.028.000) 02/14 21:35:39 Job was aborted.
	via condor_rm (by user driosper)
...
