000 (14526955.011.000) 02/14 21:30:34 Job submitted from host: <188.184.90.62:9618?addrs=188.184.90.62-9618+[2001-1458-201-e4--100-238]-9618&alias=bigbird16.cern.ch&noUDP&sock=schedd_5196_9a2f>
...
040 (14526955.011.000) 02/14 21:31:42 Started transferring input files
	Transferring to host: <188.185.196.29:9618?addrs=188.185.196.29-9618+[2001-1458-303-23--100-19]-9618&alias=b9p16p9571.cern.ch&noUDP&sock=slot1_2_9305_f6d3_143324>
...
040 (14526955.011.000) 02/14 21:31:42 Finished transferring input files
...
001 (14526955.011.000) 02/14 21:31:43 Job executing on host: <188.185.196.29:9618?addrs=188.185.196.29-9618+[2001-1458-303-23--100-19]-9618&alias=b9p16p9571.cern.ch&noUDP&sock=startd_7586_f189>
	SlotName: slot1_2@b9p16p9571.cern.ch
	CondorScratchDir = "/pool/condor/dir_1310559"
	Cpus = 1
	Disk = 3843
	GPUs = 0
	Memory = 3000
...
006 (14526955.011.000) 02/14 21:31:57 Image size of job updated: 147652
	145  -  MemoryUsage of job (MB)
	147652  -  ResidentSetSize of job (KB)
...
006 (14526955.011.000) 02/14 21:35:37 Image size of job updated: 2527752
	145  -  MemoryUsage of job (MB)
	147804  -  ResidentSetSize of job (KB)
...
040 (14526955.011.000) 02/14 21:35:37 Started transferring output files
...
040 (14526955.011.000) 02/14 21:35:37 Finished transferring output files
...
004 (14526955.011.000) 02/14 21:35:37 Job was evicted.
	(0) CPU times
		Usr 0 00:09:19, Sys 0 00:00:12  -  Run Remote Usage
		Usr 0 00:00:00, Sys 0 00:00:00  -  Run Local Usage
	6456  -  Run Bytes Sent By Job
	70490  -  Run Bytes Received By Job
	Partitionable Resources :    Usage  Request Allocated 
	   Cpus                 :     1.55        1         1 
	   Disk (KB)            :   101          75      3843 
	   GPUs                 :                           0 
	   Memory (MB)          :   145        3000      3000 
	   TimeExecute (s)      :   234                       
	   TimeSlotBusy (s)     :   236                       
...
009 (14526955.011.000) 02/14 21:35:37 Job was aborted.
	via condor_rm (by user driosper)
...
