000 (14526955.021.000) 02/14 21:30:34 Job submitted from host: <188.184.90.62:9618?addrs=188.184.90.62-9618+[2001-1458-201-e4--100-238]-9618&alias=bigbird16.cern.ch&noUDP&sock=schedd_5196_9a2f>
...
040 (14526955.021.000) 02/14 21:31:45 Started transferring input files
	Transferring to host: <188.185.195.35:9618?addrs=188.185.195.35-9618+[2001-1458-303-22--100-1f]-9618&alias=b9p17p9246.cern.ch&noUDP&sock=slot1_2_5171_2feb_149619>
...
040 (14526955.021.000) 02/14 21:31:45 Finished transferring input files
...
001 (14526955.021.000) 02/14 21:31:46 Job executing on host: <188.185.195.35:9618?addrs=188.185.195.35-9618+[2001-1458-303-22--100-1f]-9618&alias=b9p17p9246.cern.ch&noUDP&sock=startd_4069_92f3>
	SlotName: slot1_2@b9p17p9246.cern.ch
	CondorScratchDir = "/pool/condor/dir_31313"
	Cpus = 1
	Disk = 3830
	GPUs = 0
	Memory = 3000
...
006 (14526955.021.000) 02/14 21:32:00 Image size of job updated: 158276
	155  -  MemoryUsage of job (MB)
	158276  -  ResidentSetSize of job (KB)
...
006 (14526955.021.000) 02/14 21:35:38 Image size of job updated: 2691936
	155  -  MemoryUsage of job (MB)
	158376  -  ResidentSetSize of job (KB)
...
040 (14526955.021.000) 02/14 21:35:38 Started transferring output files
...
040 (14526955.021.000) 02/14 21:35:38 Finished transferring output files
...
004 (14526955.021.000) 02/14 21:35:38 Job was evicted.
	(0) CPU times
		Usr 0 00:10:58, Sys 0 00:00:13  -  Run Remote Usage
		Usr 0 00:00:00, Sys 0 00:00:00  -  Run Local Usage
	7457  -  Run Bytes Sent By Job
	70490  -  Run Bytes Received By Job
	Partitionable Resources :    Usage  Request Allocated 
	   Cpus                 :     3.73        1         1 
	   Disk (KB)            :   102          75      3830 
	   GPUs                 :                           0 
	   Memory (MB)          :   155        3000      3000 
	   TimeExecute (s)      :   232                       
	   TimeSlotBusy (s)     :   234                       
...
009 (14526955.021.000) 02/14 21:35:38 Job was aborted.
	via condor_rm (by user driosper)
...
