000 (14737682.004.000) 02/25 20:32:53 Job submitted from host: <188.184.90.62:9618?addrs=188.184.90.62-9618+[2001-1458-201-e4--100-238]-9618&alias=bigbird16.cern.ch&noUDP&sock=schedd_5196_9a2f>
...
040 (14737682.004.000) 02/25 20:36:39 Started transferring input files
	Transferring to host: <188.185.209.85:9618?addrs=188.185.209.85-9618+[2001-1458-303-11--100-52]-9618&alias=b9p11p4111.cern.ch&noUDP&sock=slot1_4_8061_7421_145817>
...
040 (14737682.004.000) 02/25 20:36:39 Finished transferring input files
...
001 (14737682.004.000) 02/25 20:36:40 Job executing on host: <188.185.209.85:9618?addrs=188.185.209.85-9618+[2001-1458-303-11--100-52]-9618&alias=b9p11p4111.cern.ch&noUDP&sock=startd_7127_1b90>
	SlotName: slot1_4@b9p11p4111.cern.ch
	CondorScratchDir = "/pool/condor/dir_2686682"
	Cpus = 1
	Disk = 3743
	GPUs = 0
	Memory = 3000
...
006 (14737682.004.000) 02/25 20:36:54 Image size of job updated: 158372
	155  -  MemoryUsage of job (MB)
	158372  -  ResidentSetSize of job (KB)
...
006 (14737682.004.000) 02/25 20:40:09 Image size of job updated: 2483008
	155  -  MemoryUsage of job (MB)
	158392  -  ResidentSetSize of job (KB)
...
040 (14737682.004.000) 02/25 20:40:09 Started transferring output files
...
040 (14737682.004.000) 02/25 20:40:09 Finished transferring output files
...
005 (14737682.004.000) 02/25 20:40:09 Job terminated.
	(1) Normal termination (return value 1)
		Usr 0 00:05:14, Sys 0 00:00:11  -  Run Remote Usage
		Usr 0 00:00:00, Sys 0 00:00:00  -  Run Local Usage
		Usr 0 00:05:14, Sys 0 00:00:11  -  Total Remote Usage
		Usr 0 00:00:00, Sys 0 00:00:00  -  Total Local Usage
	21148  -  Run Bytes Sent By Job
	11609  -  Run Bytes Received By Job
	21148  -  Total Bytes Sent By Job
	11609  -  Total Bytes Received By Job
	Partitionable Resources :    Usage  Request Allocated 
	   Cpus                 :        0        1         1 
	   Disk (KB)            :       62       15      3743 
	   GPUs                 :                           0 
	   Memory (MB)          :      155     3000      3000 
	   TimeExecute (s)      :      209                    
	   TimeSlotBusy (s)     :      211                    

	Job terminated of its own accord at 2026-02-25T19:40:09Z with exit-code 1.
...
