000 (14722389.003.000) 02/25 15:24:11 Job submitted from host: <188.184.90.62:9618?addrs=188.184.90.62-9618+[2001-1458-201-e4--100-238]-9618&alias=bigbird16.cern.ch&noUDP&sock=schedd_5196_9a2f>
...
040 (14722389.003.000) 02/25 15:27:16 Started transferring input files
	Transferring to host: <188.185.211.12:9618?addrs=188.185.211.12-9618+[2001-1458-303-16--100-8]-9618&alias=b9p23p7800.cern.ch&noUDP&sock=slot1_48_3784659_6447_91852>
...
040 (14722389.003.000) 02/25 15:27:16 Finished transferring input files
...
001 (14722389.003.000) 02/25 15:27:17 Job executing on host: <188.185.211.12:9618?addrs=188.185.211.12-9618+[2001-1458-303-16--100-8]-9618&alias=b9p23p7800.cern.ch&noUDP&sock=startd_3784621_cb0f>
	SlotName: slot1_48@b9p23p7800.cern.ch
	CondorScratchDir = "/pool/condor/dir_791016"
	Cpus = 1
	Disk = 3837
	GPUs = 0
	Memory = 3000
...
006 (14722389.003.000) 02/25 15:27:31 Image size of job updated: 494896
	484  -  MemoryUsage of job (MB)
	494896  -  ResidentSetSize of job (KB)
...
006 (14722389.003.000) 02/25 15:29:29 Image size of job updated: 2079524
	484  -  MemoryUsage of job (MB)
	494896  -  ResidentSetSize of job (KB)
...
040 (14722389.003.000) 02/25 15:29:29 Started transferring output files
...
040 (14722389.003.000) 02/25 15:29:29 Finished transferring output files
...
005 (14722389.003.000) 02/25 15:29:29 Job terminated.
	(1) Normal termination (return value 1)
		Usr 0 00:03:35, Sys 0 00:00:09  -  Run Remote Usage
		Usr 0 00:00:00, Sys 0 00:00:00  -  Run Local Usage
		Usr 0 00:03:35, Sys 0 00:00:09  -  Total Remote Usage
		Usr 0 00:00:00, Sys 0 00:00:00  -  Total Local Usage
	18713  -  Run Bytes Sent By Job
	11592  -  Run Bytes Received By Job
	18713  -  Total Bytes Sent By Job
	11592  -  Total Bytes Received By Job
	Partitionable Resources :    Usage  Request Allocated 
	   Cpus                 :        0        1         1 
	   Disk (KB)            :       56       15      3837 
	   GPUs                 :                           0 
	   Memory (MB)          :      484     3000      3000 
	   TimeExecute (s)      :      132                    
	   TimeSlotBusy (s)     :      134                    

	Job terminated of its own accord at 2026-02-25T14:29:29Z with exit-code 1.
...
