000 (14752966.002.000) 02/26 16:23:25 Job submitted from host: <188.184.90.62:9618?addrs=188.184.90.62-9618+[2001-1458-201-e4--100-238]-9618&alias=bigbird16.cern.ch&noUDP&sock=schedd_5196_9a2f>
...
040 (14752966.002.000) 02/26 16:27:35 Started transferring input files
	Transferring to host: <188.185.210.221:9618?addrs=188.185.210.221-9618+[2001-1458-303-15--100-59]-9618&alias=b9p22p0818.cern.ch&noUDP&sock=slot1_24_7551_1ccc_206435>
...
040 (14752966.002.000) 02/26 16:27:35 Finished transferring input files
...
001 (14752966.002.000) 02/26 16:27:36 Job executing on host: <188.185.210.221:9618?addrs=188.185.210.221-9618+[2001-1458-303-15--100-59]-9618&alias=b9p22p0818.cern.ch&noUDP&sock=startd_6987_144e>
	SlotName: slot1_24@b9p22p0818.cern.ch
	CondorScratchDir = "/pool/condor/dir_2716868"
	Cpus = 1
	Disk = 3809
	GPUs = 0
	Memory = 3000
...
006 (14752966.002.000) 02/26 16:27:49 Image size of job updated: 139664
	0  -  MemoryUsage of job (MB)
	0  -  ResidentSetSize of job (KB)
...
040 (14752966.002.000) 02/26 16:27:49 Started transferring output files
...
040 (14752966.002.000) 02/26 16:27:49 Finished transferring output files
...
005 (14752966.002.000) 02/26 16:27:50 Job terminated.
	(1) Normal termination (return value 1)
		Usr 0 00:00:03, Sys 0 00:00:01  -  Run Remote Usage
		Usr 0 00:00:00, Sys 0 00:00:00  -  Run Local Usage
		Usr 0 00:00:03, Sys 0 00:00:01  -  Total Remote Usage
		Usr 0 00:00:00, Sys 0 00:00:00  -  Total Local Usage
	10090  -  Run Bytes Sent By Job
	11609  -  Run Bytes Received By Job
	10090  -  Total Bytes Sent By Job
	11609  -  Total Bytes Received By Job
	Partitionable Resources :    Usage  Request Allocated 
	   Cpus                 :        0        1         1 
	   Disk (KB)            :       47       15      3809 
	   GPUs                 :                           0 
	   Memory (MB)          :        0     3000      3000 
	   TimeExecute (s)      :       13                    
	   TimeSlotBusy (s)     :       15                    

	Job terminated of its own accord at 2026-02-26T15:27:49Z with exit-code 1.
...
