000 (14752966.003.000) 02/26 16:23:25 Job submitted from host: <188.184.90.62:9618?addrs=188.184.90.62-9618+[2001-1458-201-e4--100-238]-9618&alias=bigbird16.cern.ch&noUDP&sock=schedd_5196_9a2f>
...
040 (14752966.003.000) 02/26 16:27:37 Started transferring input files
	Transferring to host: <188.185.213.26:9618?addrs=188.185.213.26-9618+[2001-1458-303-1a--100-16]-9618&alias=b9p27p0753.cern.ch&noUDP&sock=slot1_1_4459_84ce_173337>
...
040 (14752966.003.000) 02/26 16:27:37 Finished transferring input files
...
001 (14752966.003.000) 02/26 16:27:38 Job executing on host: <188.185.213.26:9618?addrs=188.185.213.26-9618+[2001-1458-303-1a--100-16]-9618&alias=b9p27p0753.cern.ch&noUDP&sock=startd_3764_5e91>
	SlotName: slot1_1@b9p27p0753.cern.ch
	CondorScratchDir = "/pool/condor/dir_2001946"
	Cpus = 1
	Disk = 3816
	GPUs = 0
	Memory = 3000
...
006 (14752966.003.000) 02/26 16:27:51 Image size of job updated: 525116
	513  -  MemoryUsage of job (MB)
	525116  -  ResidentSetSize of job (KB)
...
040 (14752966.003.000) 02/26 16:27:52 Started transferring output files
...
040 (14752966.003.000) 02/26 16:27:52 Finished transferring output files
...
005 (14752966.003.000) 02/26 16:27:52 Job terminated.
	(1) Normal termination (return value 1)
		Usr 0 00:00:04, Sys 0 00:00:01  -  Run Remote Usage
		Usr 0 00:00:00, Sys 0 00:00:00  -  Run Local Usage
		Usr 0 00:00:04, Sys 0 00:00:01  -  Total Remote Usage
		Usr 0 00:00:00, Sys 0 00:00:00  -  Total Local Usage
	10104  -  Run Bytes Sent By Job
	11609  -  Run Bytes Received By Job
	10104  -  Total Bytes Sent By Job
	11609  -  Total Bytes Received By Job
	Partitionable Resources :    Usage  Request Allocated 
	   Cpus                 :        0        1         1 
	   Disk (KB)            :       47       15      3816 
	   GPUs                 :                           0 
	   Memory (MB)          :      513     3000      3000 
	   TimeExecute (s)      :       13                    
	   TimeSlotBusy (s)     :       17                    

	Job terminated of its own accord at 2026-02-26T15:27:51Z with exit-code 1.
...
