000 (14729967.001.000) 02/25 17:14:48 Job submitted from host: <188.184.90.62:9618?addrs=188.184.90.62-9618+[2001-1458-201-e4--100-238]-9618&alias=bigbird16.cern.ch&noUDP&sock=schedd_5196_9a2f>
...
040 (14729967.001.000) 02/25 17:18:49 Started transferring input files
	Transferring to host: <188.185.192.127:9618?addrs=188.185.192.127-9618+[2001-1458-303-1f--100-7b]-9618&alias=b9p13p4519.cern.ch&noUDP&sock=slot1_14_9497_3edb_159593>
...
040 (14729967.001.000) 02/25 17:18:49 Finished transferring input files
...
001 (14729967.001.000) 02/25 17:18:50 Job executing on host: <188.185.192.127:9618?addrs=188.185.192.127-9618+[2001-1458-303-1f--100-7b]-9618&alias=b9p13p4519.cern.ch&noUDP&sock=startd_8430_db77>
	SlotName: slot1_14@b9p13p4519.cern.ch
	CondorScratchDir = "/pool/condor/dir_3370588"
	Cpus = 1
	Disk = 3778
	GPUs = 0
	Memory = 3000
...
006 (14729967.001.000) 02/25 17:19:05 Image size of job updated: 107644
	106  -  MemoryUsage of job (MB)
	107644  -  ResidentSetSize of job (KB)
...
006 (14729967.001.000) 02/25 17:24:05 Image size of job updated: 2622400
	2524  -  MemoryUsage of job (MB)
	2584432  -  ResidentSetSize of job (KB)
...
006 (14729967.001.000) 02/25 17:27:52 Image size of job updated: 2944412
	2524  -  MemoryUsage of job (MB)
	2584432  -  ResidentSetSize of job (KB)
...
040 (14729967.001.000) 02/25 17:27:52 Started transferring output files
...
040 (14729967.001.000) 02/25 17:27:52 Finished transferring output files
...
005 (14729967.001.000) 02/25 17:27:52 Job terminated.
	(1) Normal termination (return value 1)
		Usr 0 00:13:11, Sys 0 00:00:17  -  Run Remote Usage
		Usr 0 00:00:00, Sys 0 00:00:00  -  Run Local Usage
		Usr 0 00:13:11, Sys 0 00:00:17  -  Total Remote Usage
		Usr 0 00:00:00, Sys 0 00:00:00  -  Total Local Usage
	24878  -  Run Bytes Sent By Job
	11692  -  Run Bytes Received By Job
	24878  -  Total Bytes Sent By Job
	11692  -  Total Bytes Received By Job
	Partitionable Resources :    Usage  Request Allocated 
	   Cpus                 :     1.37        1         1 
	   Disk (KB)            :    62          15      3778 
	   GPUs                 :                           0 
	   Memory (MB)          :  2524        3000      3000 
	   TimeExecute (s)      :   542                       
	   TimeSlotBusy (s)     :   544                       

	Job terminated of its own accord at 2026-02-25T16:27:52Z with exit-code 1.
...
