000 (14729967.003.000) 02/25 17:14:48 Job submitted from host: <188.184.90.62:9618?addrs=188.184.90.62-9618+[2001-1458-201-e4--100-238]-9618&alias=bigbird16.cern.ch&noUDP&sock=schedd_5196_9a2f>
...
040 (14729967.003.000) 02/25 17:18:49 Started transferring input files
	Transferring to host: <188.185.208.143:9618?addrs=188.185.208.143-9618+[2001-1458-303-10--100-c]-9618&alias=b9p10p4620.cern.ch&noUDP&sock=slot1_13_4394_b86c_148332>
...
040 (14729967.003.000) 02/25 17:18:49 Finished transferring input files
...
001 (14729967.003.000) 02/25 17:18:50 Job executing on host: <188.185.208.143:9618?addrs=188.185.208.143-9618+[2001-1458-303-10--100-c]-9618&alias=b9p10p4620.cern.ch&noUDP&sock=startd_3694_5aef>
	SlotName: slot1_13@b9p10p4620.cern.ch
	CondorScratchDir = "/pool/condor/dir_290665"
	Cpus = 1
	Disk = 3805
	GPUs = 0
	Memory = 3000
...
006 (14729967.003.000) 02/25 17:19:04 Image size of job updated: 483132
	472  -  MemoryUsage of job (MB)
	483132  -  ResidentSetSize of job (KB)
...
006 (14729967.003.000) 02/25 17:22:26 Image size of job updated: 2041128
	472  -  MemoryUsage of job (MB)
	483132  -  ResidentSetSize of job (KB)
...
040 (14729967.003.000) 02/25 17:22:26 Started transferring output files
...
040 (14729967.003.000) 02/25 17:22:26 Finished transferring output files
...
005 (14729967.003.000) 02/25 17:22:26 Job terminated.
	(1) Normal termination (return value 1)
		Usr 0 00:03:42, Sys 0 00:00:09  -  Run Remote Usage
		Usr 0 00:00:00, Sys 0 00:00:00  -  Run Local Usage
		Usr 0 00:03:42, Sys 0 00:00:09  -  Total Remote Usage
		Usr 0 00:00:00, Sys 0 00:00:00  -  Total Local Usage
	18750  -  Run Bytes Sent By Job
	11692  -  Run Bytes Received By Job
	18750  -  Total Bytes Sent By Job
	11692  -  Total Bytes Received By Job
	Partitionable Resources :    Usage  Request Allocated 
	   Cpus                 :        0        1         1 
	   Disk (KB)            :       60       15      3805 
	   GPUs                 :                           0 
	   Memory (MB)          :      472     3000      3000 
	   TimeExecute (s)      :      216                    
	   TimeSlotBusy (s)     :      218                    

	Job terminated of its own accord at 2026-02-25T16:22:26Z with exit-code 1.
...
