000 (14729967.002.000) 02/25 17:14:48 Job submitted from host: <188.184.90.62:9618?addrs=188.184.90.62-9618+[2001-1458-201-e4--100-238]-9618&alias=bigbird16.cern.ch&noUDP&sock=schedd_5196_9a2f>
...
040 (14729967.002.000) 02/25 17:18:49 Started transferring input files
	Transferring to host: <188.185.211.142:9618?addrs=188.185.211.142-9618+[2001-1458-303-17--100-a]-9618&alias=b9p24p4776.cern.ch&noUDP&sock=slot1_14_8602_a317_172620>
...
040 (14729967.002.000) 02/25 17:18:49 Finished transferring input files
...
001 (14729967.002.000) 02/25 17:18:50 Job executing on host: <188.185.211.142:9618?addrs=188.185.211.142-9618+[2001-1458-303-17--100-a]-9618&alias=b9p24p4776.cern.ch&noUDP&sock=startd_7135_9852>
	SlotName: slot1_14@b9p24p4776.cern.ch
	CondorScratchDir = "/pool/condor/dir_1619775"
	Cpus = 1
	Disk = 3852
	GPUs = 0
	Memory = 3000
...
006 (14729967.002.000) 02/25 17:19:04 Image size of job updated: 256772
	251  -  MemoryUsage of job (MB)
	256772  -  ResidentSetSize of job (KB)
...
006 (14729967.002.000) 02/25 17:22:28 Image size of job updated: 1921452
	253  -  MemoryUsage of job (MB)
	258664  -  ResidentSetSize of job (KB)
...
040 (14729967.002.000) 02/25 17:22:28 Started transferring output files
...
040 (14729967.002.000) 02/25 17:22:28 Finished transferring output files
...
005 (14729967.002.000) 02/25 17:22:28 Job terminated.
	(1) Normal termination (return value 1)
		Usr 0 00:03:40, Sys 0 00:00:08  -  Run Remote Usage
		Usr 0 00:00:00, Sys 0 00:00:00  -  Run Local Usage
		Usr 0 00:03:40, Sys 0 00:00:08  -  Total Remote Usage
		Usr 0 00:00:00, Sys 0 00:00:00  -  Total Local Usage
	18269  -  Run Bytes Sent By Job
	11692  -  Run Bytes Received By Job
	18269  -  Total Bytes Sent By Job
	11692  -  Total Bytes Received By Job
	Partitionable Resources :    Usage  Request Allocated 
	   Cpus                 :        0        1         1 
	   Disk (KB)            :       55       15      3852 
	   GPUs                 :                           0 
	   Memory (MB)          :      253     3000      3000 
	   TimeExecute (s)      :      218                    
	   TimeSlotBusy (s)     :      220                    

	Job terminated of its own accord at 2026-02-25T16:22:28Z with exit-code 1.
...
