000 (14722389.001.000) 02/25 15:24:11 Job submitted from host: <188.184.90.62:9618?addrs=188.184.90.62-9618+[2001-1458-201-e4--100-238]-9618&alias=bigbird16.cern.ch&noUDP&sock=schedd_5196_9a2f>
...
040 (14722389.001.000) 02/25 15:27:15 Started transferring input files
	Transferring to host: <188.185.211.167:9618?addrs=188.185.211.167-9618+[2001-1458-303-17--100-23]-9618&alias=b9p24p8428.cern.ch&noUDP&sock=slot1_18_3177_3bda_164866>
...
040 (14722389.001.000) 02/25 15:27:15 Finished transferring input files
...
001 (14722389.001.000) 02/25 15:27:16 Job executing on host: <188.185.211.167:9618?addrs=188.185.211.167-9618+[2001-1458-303-17--100-23]-9618&alias=b9p24p8428.cern.ch&noUDP&sock=startd_2762_14ab>
	SlotName: slot1_18@b9p24p8428.cern.ch
	CondorScratchDir = "/pool/condor/dir_913942"
	Cpus = 1
	Disk = 3912
	GPUs = 0
	Memory = 3000
...
006 (14722389.001.000) 02/25 15:27:30 Image size of job updated: 523312
	512  -  MemoryUsage of job (MB)
	523312  -  ResidentSetSize of job (KB)
...
006 (14722389.001.000) 02/25 15:31:03 Image size of job updated: 2994400
	512  -  MemoryUsage of job (MB)
	523312  -  ResidentSetSize of job (KB)
...
040 (14722389.001.000) 02/25 15:31:03 Started transferring output files
...
040 (14722389.001.000) 02/25 15:31:03 Finished transferring output files
...
005 (14722389.001.000) 02/25 15:31:03 Job terminated.
	(1) Normal termination (return value 1)
		Usr 0 00:05:57, Sys 0 00:00:13  -  Run Remote Usage
		Usr 0 00:00:00, Sys 0 00:00:00  -  Run Local Usage
		Usr 0 00:05:57, Sys 0 00:00:13  -  Total Remote Usage
		Usr 0 00:00:00, Sys 0 00:00:00  -  Total Local Usage
	24907  -  Run Bytes Sent By Job
	11592  -  Run Bytes Received By Job
	24907  -  Total Bytes Sent By Job
	11592  -  Total Bytes Received By Job
	Partitionable Resources :    Usage  Request Allocated 
	   Cpus                 :     0.07        1         1 
	   Disk (KB)            :    62          15      3912 
	   GPUs                 :                           0 
	   Memory (MB)          :   512        3000      3000 
	   TimeExecute (s)      :   227                       
	   TimeSlotBusy (s)     :   229                       

	Job terminated of its own accord at 2026-02-25T14:31:03Z with exit-code 1.
...
