000 (14752966.001.000) 02/26 16:23:25 Job submitted from host: <188.184.90.62:9618?addrs=188.184.90.62-9618+[2001-1458-201-e4--100-238]-9618&alias=bigbird16.cern.ch&noUDP&sock=schedd_5196_9a2f>
...
040 (14752966.001.000) 02/26 16:27:35 Started transferring input files
	Transferring to host: <188.185.210.188:9618?addrs=188.185.210.188-9618+[2001-1458-303-15--100-38]-9618&alias=b9p22p8460.cern.ch&noUDP&sock=slot1_10_7047_ffb8_201791>
...
040 (14752966.001.000) 02/26 16:27:35 Finished transferring input files
...
001 (14752966.001.000) 02/26 16:27:36 Job executing on host: <188.185.210.188:9618?addrs=188.185.210.188-9618+[2001-1458-303-15--100-38]-9618&alias=b9p22p8460.cern.ch&noUDP&sock=startd_6221_aac2>
	SlotName: slot1_10@b9p22p8460.cern.ch
	CondorScratchDir = "/pool/condor/dir_1871874"
	Cpus = 1
	Disk = 3787
	GPUs = 0
	Memory = 3000
...
006 (14752966.001.000) 02/26 16:27:50 Image size of job updated: 151164
	0  -  MemoryUsage of job (MB)
	0  -  ResidentSetSize of job (KB)
...
040 (14752966.001.000) 02/26 16:27:50 Started transferring output files
...
040 (14752966.001.000) 02/26 16:27:50 Finished transferring output files
...
005 (14752966.001.000) 02/26 16:27:50 Job terminated.
	(1) Normal termination (return value 1)
		Usr 0 00:00:03, Sys 0 00:00:01  -  Run Remote Usage
		Usr 0 00:00:00, Sys 0 00:00:00  -  Run Local Usage
		Usr 0 00:00:03, Sys 0 00:00:01  -  Total Remote Usage
		Usr 0 00:00:00, Sys 0 00:00:00  -  Total Local Usage
	10164  -  Run Bytes Sent By Job
	11609  -  Run Bytes Received By Job
	10164  -  Total Bytes Sent By Job
	11609  -  Total Bytes Received By Job
	Partitionable Resources :    Usage  Request Allocated 
	   Cpus                 :        0        1         1 
	   Disk (KB)            :       47       15      3787 
	   GPUs                 :                           0 
	   Memory (MB)          :        0     3000      3000 
	   TimeExecute (s)      :       14                    
	   TimeSlotBusy (s)     :       16                    

	Job terminated of its own accord at 2026-02-26T15:27:50Z with exit-code 1.
...
