subject   : /DC=ch/DC=cern/OU=Organic Units/OU=Users/CN=driosper/CN=886669/CN=Diego Alejandro Rios Perez/CN=3192939875
issuer    : /DC=ch/DC=cern/OU=Organic Units/OU=Users/CN=driosper/CN=886669/CN=Diego Alejandro Rios Perez
identity  : /DC=ch/DC=cern/OU=Organic Units/OU=Users/CN=driosper/CN=886669/CN=Diego Alejandro Rios Perez
type      : RFC compliant proxy
strength  : 2048 bits
path      : /afs/cern.ch/user/d/driosper/private/x509up_u182284
timeleft  : 11:12:21
key usage : Digital Signature, Key Encipherment
=== VO cms extension information ===
VO        : cms
subject   : /DC=ch/DC=cern/OU=Organic Units/OU=Users/CN=driosper/CN=886669/CN=Diego Alejandro Rios Perez
issuer    : /DC=ch/DC=cern/OU=computers/CN=cms-auth.cern.ch
attribute : /cms/Role=NULL/Capability=NULL
timeleft  : 11:12:21
uri       : voms-cms-auth.cern.ch:15000
--workflow ztoee --year 2022preEE --output_path /eos/user/d/driosper/bsm3g_coffea/outputs/ztoee/2022preEE/WZ --output_format coffea --dataset WZ_5 --partition_json /srv/partition_fileset.json
  Preprocessing 100% ━━━━━━━━━━━━━━━━━━ 9/9 [ 0:00:12 < 0:00:00 | 0.9   file/s ]
Merging (local) 100% ━━━━━━━━━━━━━━━━━━ 9/9 [ 0:00:12 < 0:00:00 | ?   merges/s ]
     Processing   6% ━                   1/17 [ 0:00:25 < -:--:-- | ?  chunk/s ]
Merging (local)   0% ━━━━━━━━━━━━━━━━━━━  0/0 [ 0:00:02 < 0:00:00 | ? merges/s ]
There are 17586 events with muon pt outside of [26,200] GeV. Setting those entries to their initial value.
There are 17587 events with muon pt outside of [26,200] GeV. Setting those entries to their initial value.
There are 100 nan entries in the corrected pt. This might be due to the number of tracker layers hitting boundaries. Setting those entries to their initial value.
There are 23263 events with muon pt outside of [26,200] GeV. Setting those entries to their initial value.
There are 18790 events with muon pt outside of [26,200] GeV. Setting those entries to their initial value.
There are 18790 events with muon pt outside of [26,200] GeV. Setting those entries to their initial value.
There are 105 nan entries in the corrected pt. This might be due to the number of tracker layers hitting boundaries. Setting those entries to their initial value.
There are 24820 events with muon pt outside of [26,200] GeV. Setting those entries to their initial value.
There are 5658 events with muon pt outside of [26,200] GeV. Setting those entries to their initial value.
There are 5659 events with muon pt outside of [26,200] GeV. Setting those entries to their initial value.
There are 42 nan entries in the corrected pt. This might be due to the number of tracker layers hitting boundaries. Setting those entries to their initial value.
There are 7576 events with muon pt outside of [26,200] GeV. Setting those entries to their initial value.
There are 22173 events with muon pt outside of [26,200] GeV. Setting those entries to their initial value.
There are 22174 events with muon pt outside of [26,200] GeV. Setting those entries to their initial value.
There are 117 nan entries in the corrected pt. This might be due to the number of tracker layers hitting boundaries. Setting those entries to their initial value.
There are 29156 events with muon pt outside of [26,200] GeV. Setting those entries to their initial value.
There are 1065 events with muon pt outside of [26,200] GeV. Setting those entries to their initial value.
There are 1065 events with muon pt outside of [26,200] GeV. Setting those entries to their initial value.
There are 3 nan entries in the corrected pt. This might be due to the number of tracker layers hitting boundaries. Setting those entries to their initial value.
There are 1422 events with muon pt outside of [26,200] GeV. Setting those entries to their initial value.
There are 18622 events with muon pt outside of [26,200] GeV. Setting those entries to their initial value.
There are 18622 events with muon pt outside of [26,200] GeV. Setting those entries to their initial value.
There are 94 nan entries in the corrected pt. This might be due to the number of tracker layers hitting boundaries. Setting those entries to their initial value.
There are 24971 events with muon pt outside of [26,200] GeV. Setting those entries to their initial value.
There are 4479 events with muon pt outside of [26,200] GeV. Setting those entries to their initial value.
There are 4479 events with muon pt outside of [26,200] GeV. Setting those entries to their initial value.
There are 22 nan entries in the corrected pt. This might be due to the number of tracker layers hitting boundaries. Setting those entries to their initial value.
There are 5917 events with muon pt outside of [26,200] GeV. Setting those entries to their initial value.
There are 16868 events with muon pt outside of [26,200] GeV. Setting those entries to their initial value.
There are 16870 events with muon pt outside of [26,200] GeV. Setting those entries to their initial value.
There are 110 nan entries in the corrected pt. This might be due to the number of tracker layers hitting boundaries. Setting those entries to their initial value.
There are 22456 events with muon pt outside of [26,200] GeV. Setting those entries to their initial value.
There are 21900 events with muon pt outside of [26,200] GeV. Setting those entries to their initial value.
There are 21902 events with muon pt outside of [26,200] GeV. Setting those entries to their initial value.
There are 118 nan entries in the corrected pt. This might be due to the number of tracker layers hitting boundaries. Setting those entries to their initial value.
There are 29044 events with muon pt outside of [26,200] GeV. Setting those entries to their initial value.
There are 21991 events with muon pt outside of [26,200] GeV. Setting those entries to their initial value.
There are 21993 events with muon pt outside of [26,200] GeV. Setting those entries to their initial value.
There are 108 nan entries in the corrected pt. This might be due to the number of tracker layers hitting boundaries. Setting those entries to their initial value.
There are 29042 events with muon pt outside of [26,200] GeV. Setting those entries to their initial value.
There are 618 events with muon pt outside of [26,200] GeV. Setting those entries to their initial value.
There are 618 events with muon pt outside of [26,200] GeV. Setting those entries to their initial value.
There are 3 nan entries in the corrected pt. This might be due to the number of tracker layers hitting boundaries. Setting those entries to their initial value.
There are 828 events with muon pt outside of [26,200] GeV. Setting those entries to their initial value.
There are 18757 events with muon pt outside of [26,200] GeV. Setting those entries to their initial value.
There are 18757 events with muon pt outside of [26,200] GeV. Setting those entries to their initial value.
There are 103 nan entries in the corrected pt. This might be due to the number of tracker layers hitting boundaries. Setting those entries to their initial value.
There are 24703 events with muon pt outside of [26,200] GeV. Setting those entries to their initial value.
There are 16731 events with muon pt outside of [26,200] GeV. Setting those entries to their initial value.
There are 16733 events with muon pt outside of [26,200] GeV. Setting those entries to their initial value.
There are 73 nan entries in the corrected pt. This might be due to the number of tracker layers hitting boundaries. Setting those entries to their initial value.
There are 22537 events with muon pt outside of [26,200] GeV. Setting those entries to their initial value.
There are 18853 events with muon pt outside of [26,200] GeV. Setting those entries to their initial value.
There are 18854 events with muon pt outside of [26,200] GeV. Setting those entries to their initial value.
There are 95 nan entries in the corrected pt. This might be due to the number of tracker layers hitting boundaries. Setting those entries to their initial value.
There are 25464 events with muon pt outside of [26,200] GeV. Setting those entries to their initial value.
There are 21951 events with muon pt outside of [26,200] GeV. Setting those entries to their initial value.
There are 21952 events with muon pt outside of [26,200] GeV. Setting those entries to their initial value.
There are 112 nan entries in the corrected pt. This might be due to the number of tracker layers hitting boundaries. Setting those entries to their initial value.
There are 29281 events with muon pt outside of [26,200] GeV. Setting those entries to their initial value.
There are 17580 events with muon pt outside of [26,200] GeV. Setting those entries to their initial value.
There are 17582 events with muon pt outside of [26,200] GeV. Setting those entries to their initial value.
There are 113 nan entries in the corrected pt. This might be due to the number of tracker layers hitting boundaries. Setting those entries to their initial value.
There are 23343 events with muon pt outside of [26,200] GeV. Setting those entries to their initial value.
There are 21978 events with muon pt outside of [26,200] GeV. Setting those entries to their initial value.
There are 21979 events with muon pt outside of [26,200] GeV. Setting those entries to their initial value.
There are 106 nan entries in the corrected pt. This might be due to the number of tracker layers hitting boundaries. Setting those entries to their initial value.
There are 29222 events with muon pt outside of [26,200] GeV. Setting those entries to their initial value.
