subject   : /DC=ch/DC=cern/OU=Organic Units/OU=Users/CN=driosper/CN=886669/CN=Diego Alejandro Rios Perez/CN=3192939875
issuer    : /DC=ch/DC=cern/OU=Organic Units/OU=Users/CN=driosper/CN=886669/CN=Diego Alejandro Rios Perez
identity  : /DC=ch/DC=cern/OU=Organic Units/OU=Users/CN=driosper/CN=886669/CN=Diego Alejandro Rios Perez
type      : RFC compliant proxy
strength  : 2048 bits
path      : /afs/cern.ch/user/d/driosper/private/x509up_u182284
timeleft  : 9:20:46
key usage : Digital Signature, Key Encipherment
=== VO cms extension information ===
VO        : cms
subject   : /DC=ch/DC=cern/OU=Organic Units/OU=Users/CN=driosper/CN=886669/CN=Diego Alejandro Rios Perez
issuer    : /DC=ch/DC=cern/OU=computers/CN=cms-auth.cern.ch
attribute : /cms/Role=NULL/Capability=NULL
timeleft  : 9:20:46
uri       : voms-cms-auth.cern.ch:15000
--workflow ztoee --year 2022preEE --output_path /eos/user/d/driosper/bsm3g_coffea/outputs/ztoee/2022preEE/WZ --output_format coffea --dataset WZ_2 --partition_json /srv/partition_fileset.json
  Preprocessing 100% ━━━━━━━━━━━━━━━━━━ 9/9 [ 0:00:28 < 0:00:00 | 0.5   file/s ]
Merging (local) 100% ━━━━━━━━━━━━━━━━━━ 9/9 [ 0:00:28 < 0:00:00 | ?   merges/s ]
     Processing   4% ╸                   1/25 [ 0:00:56 < -:--:-- | ?  chunk/s ]
Merging (local)   0% ━━━━━━━━━━━━━━━━━━━  0/0 [ 0:00:02 < 0:00:00 | ? merges/s ]
There are 24456 events with muon pt outside of [26,200] GeV. Setting those entries to their initial value.
There are 24458 events with muon pt outside of [26,200] GeV. Setting those entries to their initial value.
There are 141 nan entries in the corrected pt. This might be due to the number of tracker layers hitting boundaries. Setting those entries to their initial value.
There are 31863 events with muon pt outside of [26,200] GeV. Setting those entries to their initial value.
There are 22329 events with muon pt outside of [26,200] GeV. Setting those entries to their initial value.
There are 22330 events with muon pt outside of [26,200] GeV. Setting those entries to their initial value.
There are 126 nan entries in the corrected pt. This might be due to the number of tracker layers hitting boundaries. Setting those entries to their initial value.
There are 29709 events with muon pt outside of [26,200] GeV. Setting those entries to their initial value.
There are 165 events with muon pt outside of [26,200] GeV. Setting those entries to their initial value.
There are 165 events with muon pt outside of [26,200] GeV. Setting those entries to their initial value.
There are 205 events with muon pt outside of [26,200] GeV. Setting those entries to their initial value.
There are 18427 events with muon pt outside of [26,200] GeV. Setting those entries to their initial value.
There are 18429 events with muon pt outside of [26,200] GeV. Setting those entries to their initial value.
There are 104 nan entries in the corrected pt. This might be due to the number of tracker layers hitting boundaries. Setting those entries to their initial value.
There are 24639 events with muon pt outside of [26,200] GeV. Setting those entries to their initial value.
There are 22358 events with muon pt outside of [26,200] GeV. Setting those entries to their initial value.
There are 22361 events with muon pt outside of [26,200] GeV. Setting those entries to their initial value.
There are 139 nan entries in the corrected pt. This might be due to the number of tracker layers hitting boundaries. Setting those entries to their initial value.
There are 29551 events with muon pt outside of [26,200] GeV. Setting those entries to their initial value.
There are 18157 events with muon pt outside of [26,200] GeV. Setting those entries to their initial value.
There are 18159 events with muon pt outside of [26,200] GeV. Setting those entries to their initial value.
There are 99 nan entries in the corrected pt. This might be due to the number of tracker layers hitting boundaries. Setting those entries to their initial value.
There are 24263 events with muon pt outside of [26,200] GeV. Setting those entries to their initial value.
There are 3456 events with muon pt outside of [26,200] GeV. Setting those entries to their initial value.
There are 3456 events with muon pt outside of [26,200] GeV. Setting those entries to their initial value.
There are 16 nan entries in the corrected pt. This might be due to the number of tracker layers hitting boundaries. Setting those entries to their initial value.
There are 4668 events with muon pt outside of [26,200] GeV. Setting those entries to their initial value.
There are 22573 events with muon pt outside of [26,200] GeV. Setting those entries to their initial value.
There are 22574 events with muon pt outside of [26,200] GeV. Setting those entries to their initial value.
There are 136 nan entries in the corrected pt. This might be due to the number of tracker layers hitting boundaries. Setting those entries to their initial value.
There are 29461 events with muon pt outside of [26,200] GeV. Setting those entries to their initial value.
There are 22234 events with muon pt outside of [26,200] GeV. Setting those entries to their initial value.
There are 22234 events with muon pt outside of [26,200] GeV. Setting those entries to their initial value.
There are 105 nan entries in the corrected pt. This might be due to the number of tracker layers hitting boundaries. Setting those entries to their initial value.
There are 29397 events with muon pt outside of [26,200] GeV. Setting those entries to their initial value.
There are 18494 events with muon pt outside of [26,200] GeV. Setting those entries to their initial value.
There are 18497 events with muon pt outside of [26,200] GeV. Setting those entries to their initial value.
There are 99 nan entries in the corrected pt. This might be due to the number of tracker layers hitting boundaries. Setting those entries to their initial value.
There are 24323 events with muon pt outside of [26,200] GeV. Setting those entries to their initial value.
There are 22082 events with muon pt outside of [26,200] GeV. Setting those entries to their initial value.
There are 22087 events with muon pt outside of [26,200] GeV. Setting those entries to their initial value.
There are 109 nan entries in the corrected pt. This might be due to the number of tracker layers hitting boundaries. Setting those entries to their initial value.
There are 29581 events with muon pt outside of [26,200] GeV. Setting those entries to their initial value.
There are 7988 events with muon pt outside of [26,200] GeV. Setting those entries to their initial value.
There are 7989 events with muon pt outside of [26,200] GeV. Setting those entries to their initial value.
There are 44 nan entries in the corrected pt. This might be due to the number of tracker layers hitting boundaries. Setting those entries to their initial value.
There are 10692 events with muon pt outside of [26,200] GeV. Setting those entries to their initial value.
There are 4981 events with muon pt outside of [26,200] GeV. Setting those entries to their initial value.
There are 4982 events with muon pt outside of [26,200] GeV. Setting those entries to their initial value.
There are 32 nan entries in the corrected pt. This might be due to the number of tracker layers hitting boundaries. Setting those entries to their initial value.
There are 6588 events with muon pt outside of [26,200] GeV. Setting those entries to their initial value.
There are 24193 events with muon pt outside of [26,200] GeV. Setting those entries to their initial value.
There are 24194 events with muon pt outside of [26,200] GeV. Setting those entries to their initial value.
There are 147 nan entries in the corrected pt. This might be due to the number of tracker layers hitting boundaries. Setting those entries to their initial value.
There are 32280 events with muon pt outside of [26,200] GeV. Setting those entries to their initial value.
There are 22145 events with muon pt outside of [26,200] GeV. Setting those entries to their initial value.
There are 22146 events with muon pt outside of [26,200] GeV. Setting those entries to their initial value.
There are 111 nan entries in the corrected pt. This might be due to the number of tracker layers hitting boundaries. Setting those entries to their initial value.
There are 29622 events with muon pt outside of [26,200] GeV. Setting those entries to their initial value.
There are 22447 events with muon pt outside of [26,200] GeV. Setting those entries to their initial value.
There are 22447 events with muon pt outside of [26,200] GeV. Setting those entries to their initial value.
There are 133 nan entries in the corrected pt. This might be due to the number of tracker layers hitting boundaries. Setting those entries to their initial value.
There are 29766 events with muon pt outside of [26,200] GeV. Setting those entries to their initial value.
There are 18486 events with muon pt outside of [26,200] GeV. Setting those entries to their initial value.
There are 18486 events with muon pt outside of [26,200] GeV. Setting those entries to their initial value.
There are 90 nan entries in the corrected pt. This might be due to the number of tracker layers hitting boundaries. Setting those entries to their initial value.
There are 24672 events with muon pt outside of [26,200] GeV. Setting those entries to their initial value.
There are 22265 events with muon pt outside of [26,200] GeV. Setting those entries to their initial value.
There are 22266 events with muon pt outside of [26,200] GeV. Setting those entries to their initial value.
There are 126 nan entries in the corrected pt. This might be due to the number of tracker layers hitting boundaries. Setting those entries to their initial value.
There are 29550 events with muon pt outside of [26,200] GeV. Setting those entries to their initial value.
There are 18196 events with muon pt outside of [26,200] GeV. Setting those entries to their initial value.
There are 18198 events with muon pt outside of [26,200] GeV. Setting those entries to their initial value.
There are 103 nan entries in the corrected pt. This might be due to the number of tracker layers hitting boundaries. Setting those entries to their initial value.
There are 24173 events with muon pt outside of [26,200] GeV. Setting those entries to their initial value.
There are 24173 events with muon pt outside of [26,200] GeV. Setting those entries to their initial value.
There are 24173 events with muon pt outside of [26,200] GeV. Setting those entries to their initial value.
There are 107 nan entries in the corrected pt. This might be due to the number of tracker layers hitting boundaries. Setting those entries to their initial value.
There are 32189 events with muon pt outside of [26,200] GeV. Setting those entries to their initial value.
There are 22230 events with muon pt outside of [26,200] GeV. Setting those entries to their initial value.
There are 22230 events with muon pt outside of [26,200] GeV. Setting those entries to their initial value.
There are 119 nan entries in the corrected pt. This might be due to the number of tracker layers hitting boundaries. Setting those entries to their initial value.
There are 29679 events with muon pt outside of [26,200] GeV. Setting those entries to their initial value.
There are 22514 events with muon pt outside of [26,200] GeV. Setting those entries to their initial value.
There are 22516 events with muon pt outside of [26,200] GeV. Setting those entries to their initial value.
There are 128 nan entries in the corrected pt. This might be due to the number of tracker layers hitting boundaries. Setting those entries to their initial value.
There are 29569 events with muon pt outside of [26,200] GeV. Setting those entries to their initial value.
There are 22275 events with muon pt outside of [26,200] GeV. Setting those entries to their initial value.
There are 22276 events with muon pt outside of [26,200] GeV. Setting those entries to their initial value.
There are 108 nan entries in the corrected pt. This might be due to the number of tracker layers hitting boundaries. Setting those entries to their initial value.
There are 29437 events with muon pt outside of [26,200] GeV. Setting those entries to their initial value.
There are 22188 events with muon pt outside of [26,200] GeV. Setting those entries to their initial value.
There are 22191 events with muon pt outside of [26,200] GeV. Setting those entries to their initial value.
There are 120 nan entries in the corrected pt. This might be due to the number of tracker layers hitting boundaries. Setting those entries to their initial value.
There are 29394 events with muon pt outside of [26,200] GeV. Setting those entries to their initial value.
There are 18174 events with muon pt outside of [26,200] GeV. Setting those entries to their initial value.
There are 18174 events with muon pt outside of [26,200] GeV. Setting those entries to their initial value.
There are 104 nan entries in the corrected pt. This might be due to the number of tracker layers hitting boundaries. Setting those entries to their initial value.
There are 24400 events with muon pt outside of [26,200] GeV. Setting those entries to their initial value.
