000 (14737677.001.000) 02/25 20:32:44 Job submitted from host: <188.184.90.62:9618?addrs=188.184.90.62-9618+[2001-1458-201-e4--100-238]-9618&alias=bigbird16.cern.ch&noUDP&sock=schedd_5196_9a2f>
...
040 (14737677.001.000) 02/25 20:36:24 Started transferring input files
	Transferring to host: <188.185.211.38:9618?addrs=188.185.211.38-9618+[2001-1458-303-16--100-22]-9618&alias=b9p23p5517.cern.ch&noUDP&sock=slot1_12_386308_aed6_91774>
...
040 (14737677.001.000) 02/25 20:36:24 Finished transferring input files
...
001 (14737677.001.000) 02/25 20:36:25 Job executing on host: <188.185.211.38:9618?addrs=188.185.211.38-9618+[2001-1458-303-16--100-22]-9618&alias=b9p23p5517.cern.ch&noUDP&sock=startd_384460_2914>
	SlotName: slot1_12@b9p23p5517.cern.ch
	CondorScratchDir = "/pool/condor/dir_442458"
	Cpus = 1
	Disk = 3764
	GPUs = 0
	Memory = 3000
...
006 (14737677.001.000) 02/25 20:36:39 Image size of job updated: 472104
	462  -  MemoryUsage of job (MB)
	472104  -  ResidentSetSize of job (KB)
...
006 (14737677.001.000) 02/25 20:38:34 Image size of job updated: 1326876
	462  -  MemoryUsage of job (MB)
	472124  -  ResidentSetSize of job (KB)
...
040 (14737677.001.000) 02/25 20:38:34 Started transferring output files
...
040 (14737677.001.000) 02/25 20:38:34 Finished transferring output files
...
005 (14737677.001.000) 02/25 20:38:36 Job terminated.
	(1) Normal termination (return value 0)
		Usr 0 00:03:13, Sys 0 00:00:08  -  Run Remote Usage
		Usr 0 00:00:00, Sys 0 00:00:00  -  Run Local Usage
		Usr 0 00:03:13, Sys 0 00:00:08  -  Total Remote Usage
		Usr 0 00:00:00, Sys 0 00:00:00  -  Total Local Usage
	12848  -  Run Bytes Sent By Job
	12571  -  Run Bytes Received By Job
	12848  -  Total Bytes Sent By Job
	12571  -  Total Bytes Received By Job
	Partitionable Resources :    Usage  Request Allocated 
	   Cpus                 :        0        1         1 
	   Disk (KB)            :       51       15      3764 
	   GPUs                 :                           0 
	   Memory (MB)          :      462     3000      3000 
	   TimeExecute (s)      :      129                    
	   TimeSlotBusy (s)     :      131                    

	Job terminated of its own accord at 2026-02-25T19:38:34Z with exit-code 0.
...
