000 (14737677.004.000) 02/25 20:32:44 Job submitted from host: <188.184.90.62:9618?addrs=188.184.90.62-9618+[2001-1458-201-e4--100-238]-9618&alias=bigbird16.cern.ch&noUDP&sock=schedd_5196_9a2f>
...
040 (14737677.004.000) 02/25 20:36:25 Started transferring input files
	Transferring to host: <188.185.206.158:9618?addrs=188.185.206.158-9618+[2001-1458-303-c--100-1b]-9618&alias=b9p06p1568.cern.ch&noUDP&sock=slot1_51_178802_ef20_51377>
...
040 (14737677.004.000) 02/25 20:36:25 Finished transferring input files
...
001 (14737677.004.000) 02/25 20:36:26 Job executing on host: <188.185.206.158:9618?addrs=188.185.206.158-9618+[2001-1458-303-c--100-1b]-9618&alias=b9p06p1568.cern.ch&noUDP&sock=startd_167879_9be0>
	SlotName: slot1_51@b9p06p1568.cern.ch
	CondorScratchDir = "/pool/condor/dir_691239"
	Cpus = 1
	Disk = 3759
	GPUs = 0
	Memory = 3000
...
006 (14737677.004.000) 02/25 20:36:40 Image size of job updated: 562288
	550  -  MemoryUsage of job (MB)
	562288  -  ResidentSetSize of job (KB)
...
006 (14737677.004.000) 02/25 20:37:31 Image size of job updated: 1336148
	550  -  MemoryUsage of job (MB)
	562776  -  ResidentSetSize of job (KB)
...
040 (14737677.004.000) 02/25 20:37:31 Started transferring output files
...
040 (14737677.004.000) 02/25 20:37:31 Finished transferring output files
...
005 (14737677.004.000) 02/25 20:37:31 Job terminated.
	(1) Normal termination (return value 1)
		Usr 0 00:01:45, Sys 0 00:00:05  -  Run Remote Usage
		Usr 0 00:00:00, Sys 0 00:00:00  -  Run Local Usage
		Usr 0 00:01:45, Sys 0 00:00:05  -  Total Remote Usage
		Usr 0 00:00:00, Sys 0 00:00:00  -  Total Local Usage
	17088  -  Run Bytes Sent By Job
	12571  -  Run Bytes Received By Job
	17088  -  Total Bytes Sent By Job
	12571  -  Total Bytes Received By Job
	Partitionable Resources :    Usage  Request Allocated 
	   Cpus                 :        0        1         1 
	   Disk (KB)            :       55       15      3759 
	   GPUs                 :                           0 
	   Memory (MB)          :      550     3000      3000 
	   TimeExecute (s)      :       65                    
	   TimeSlotBusy (s)     :       67                    

	Job terminated of its own accord at 2026-02-25T19:37:31Z with exit-code 1.
...
