subject   : /DC=ch/DC=cern/OU=Organic Units/OU=Users/CN=driosper/CN=886669/CN=Diego Alejandro Rios Perez/CN=3192939875
issuer    : /DC=ch/DC=cern/OU=Organic Units/OU=Users/CN=driosper/CN=886669/CN=Diego Alejandro Rios Perez
identity  : /DC=ch/DC=cern/OU=Organic Units/OU=Users/CN=driosper/CN=886669/CN=Diego Alejandro Rios Perez
type      : RFC compliant proxy
strength  : 2048 bits
path      : /afs/cern.ch/user/d/driosper/private/x509up_u182284
timeleft  : 9:20:56
key usage : Digital Signature, Key Encipherment
=== VO cms extension information ===
VO        : cms
subject   : /DC=ch/DC=cern/OU=Organic Units/OU=Users/CN=driosper/CN=886669/CN=Diego Alejandro Rios Perez
issuer    : /DC=ch/DC=cern/OU=computers/CN=cms-auth.cern.ch
attribute : /cms/Role=NULL/Capability=NULL
timeleft  : 9:20:56
uri       : voms-cms-auth.cern.ch:15000
--workflow ztoee --year 2022preEE --output_path /eos/user/d/driosper/bsm3g_coffea/outputs/ztoee/2022preEE/TBbarQ --output_format coffea --dataset TBbarQ_5 --partition_json /srv/partition_fileset.json
  Preprocessing 100% ━━━━━━━━━━━━━━━━━━ 8/8 [ 0:00:13 < 0:00:00 | 0.7   file/s ]
Merging (local) 100% ━━━━━━━━━━━━━━━━━━ 8/8 [ 0:00:13 < 0:00:00 | ?   merges/s ]
     Processing  12% ━━╸                  1/8 [ 0:00:42 < -:--:-- | ?  chunk/s ]
Merging (local)   0% ━━━━━━━━━━━━━━━━━━━━ 0/0 [ 0:00:02 < 0:00:00 | ? merges/s ]
There are 38858 events with muon pt outside of [26,200] GeV. Setting those entries to their initial value.
There are 38859 events with muon pt outside of [26,200] GeV. Setting those entries to their initial value.
There are 142 nan entries in the corrected pt. This might be due to the number of tracker layers hitting boundaries. Setting those entries to their initial value.
There are 43156 events with muon pt outside of [26,200] GeV. Setting those entries to their initial value.
There are 1110 events with muon pt outside of [26,200] GeV. Setting those entries to their initial value.
There are 1110 events with muon pt outside of [26,200] GeV. Setting those entries to their initial value.
There are 4 nan entries in the corrected pt. This might be due to the number of tracker layers hitting boundaries. Setting those entries to their initial value.
There are 1217 events with muon pt outside of [26,200] GeV. Setting those entries to their initial value.
There are 14576 events with muon pt outside of [26,200] GeV. Setting those entries to their initial value.
There are 14576 events with muon pt outside of [26,200] GeV. Setting those entries to their initial value.
There are 52 nan entries in the corrected pt. This might be due to the number of tracker layers hitting boundaries. Setting those entries to their initial value.
There are 16067 events with muon pt outside of [26,200] GeV. Setting those entries to their initial value.
There are 17385 events with muon pt outside of [26,200] GeV. Setting those entries to their initial value.
There are 17387 events with muon pt outside of [26,200] GeV. Setting those entries to their initial value.
There are 73 nan entries in the corrected pt. This might be due to the number of tracker layers hitting boundaries. Setting those entries to their initial value.
There are 19521 events with muon pt outside of [26,200] GeV. Setting those entries to their initial value.
There are 33781 events with muon pt outside of [26,200] GeV. Setting those entries to their initial value.
There are 33781 events with muon pt outside of [26,200] GeV. Setting those entries to their initial value.
There are 122 nan entries in the corrected pt. This might be due to the number of tracker layers hitting boundaries. Setting those entries to their initial value.
There are 38077 events with muon pt outside of [26,200] GeV. Setting those entries to their initial value.
There are 11670 events with muon pt outside of [26,200] GeV. Setting those entries to their initial value.
There are 11670 events with muon pt outside of [26,200] GeV. Setting those entries to their initial value.
There are 34 nan entries in the corrected pt. This might be due to the number of tracker layers hitting boundaries. Setting those entries to their initial value.
There are 12978 events with muon pt outside of [26,200] GeV. Setting those entries to their initial value.
There are 5376 events with muon pt outside of [26,200] GeV. Setting those entries to their initial value.
There are 5376 events with muon pt outside of [26,200] GeV. Setting those entries to their initial value.
There are 27 nan entries in the corrected pt. This might be due to the number of tracker layers hitting boundaries. Setting those entries to their initial value.
There are 5980 events with muon pt outside of [26,200] GeV. Setting those entries to their initial value.
There are 10965 events with muon pt outside of [26,200] GeV. Setting those entries to their initial value.
There are 10966 events with muon pt outside of [26,200] GeV. Setting those entries to their initial value.
There are 36 nan entries in the corrected pt. This might be due to the number of tracker layers hitting boundaries. Setting those entries to their initial value.
There are 12309 events with muon pt outside of [26,200] GeV. Setting those entries to their initial value.
