000 (14737677.003.000) 02/25 20:32:44 Job submitted from host: <188.184.90.62:9618?addrs=188.184.90.62-9618+[2001-1458-201-e4--100-238]-9618&alias=bigbird16.cern.ch&noUDP&sock=schedd_5196_9a2f>
...
040 (14737677.003.000) 02/25 20:36:25 Started transferring input files
	Transferring to host: <128.142.192.169:9618?addrs=128.142.192.169-9618+[2001-1458-301-56--100-25]-9618&alias=b9g18p4493.cern.ch&noUDP&sock=slot1_5_2453622_69f9_86396>
...
040 (14737677.003.000) 02/25 20:36:25 Finished transferring input files
...
001 (14737677.003.000) 02/25 20:36:26 Job executing on host: <128.142.192.169:9618?addrs=128.142.192.169-9618+[2001-1458-301-56--100-25]-9618&alias=b9g18p4493.cern.ch&noUDP&sock=startd_3252_2e13>
	SlotName: slot1_5@b9g18p4493.cern.ch
	CondorScratchDir = "/pool/condor/dir_1329475"
	Cpus = 1
	Disk = 3778
	GPUs = 0
	Memory = 3000
...
006 (14737677.003.000) 02/25 20:36:40 Image size of job updated: 514052
	503  -  MemoryUsage of job (MB)
	514052  -  ResidentSetSize of job (KB)
...
006 (14737677.003.000) 02/25 20:38:44 Image size of job updated: 1409844
	503  -  MemoryUsage of job (MB)
	514292  -  ResidentSetSize of job (KB)
...
040 (14737677.003.000) 02/25 20:38:44 Started transferring output files
...
040 (14737677.003.000) 02/25 20:38:44 Finished transferring output files
...
005 (14737677.003.000) 02/25 20:38:44 Job terminated.
	(1) Normal termination (return value 1)
		Usr 0 00:04:49, Sys 0 00:00:07  -  Run Remote Usage
		Usr 0 00:00:00, Sys 0 00:00:00  -  Run Local Usage
		Usr 0 00:04:49, Sys 0 00:00:07  -  Total Remote Usage
		Usr 0 00:00:00, Sys 0 00:00:00  -  Total Local Usage
	18914  -  Run Bytes Sent By Job
	12571  -  Run Bytes Received By Job
	18914  -  Total Bytes Sent By Job
	12571  -  Total Bytes Received By Job
	Partitionable Resources :    Usage  Request Allocated 
	   Cpus                 :        0        1         1 
	   Disk (KB)            :       57       15      3778 
	   GPUs                 :                           0 
	   Memory (MB)          :      503     3000      3000 
	   TimeExecute (s)      :      138                    
	   TimeSlotBusy (s)     :      140                    

	Job terminated of its own accord at 2026-02-25T19:38:44Z with exit-code 1.
...
