000 (14752961.002.000) 02/26 16:23:23 Job submitted from host: <188.184.90.62:9618?addrs=188.184.90.62-9618+[2001-1458-201-e4--100-238]-9618&alias=bigbird16.cern.ch&noUDP&sock=schedd_5196_9a2f>
...
040 (14752961.002.000) 02/26 16:27:26 Started transferring input files
	Transferring to host: <188.185.214.149:9618?addrs=188.185.214.149-9618+[2001-1458-303-1d--100-11]-9618&alias=b9p30p7658.cern.ch&noUDP&sock=slot1_25_9860_030a_163603>
...
040 (14752961.002.000) 02/26 16:27:26 Finished transferring input files
...
001 (14752961.002.000) 02/26 16:27:27 Job executing on host: <188.185.214.149:9618?addrs=188.185.214.149-9618+[2001-1458-303-1d--100-11]-9618&alias=b9p30p7658.cern.ch&noUDP&sock=startd_8984_daef>
	SlotName: slot1_25@b9p30p7658.cern.ch
	CondorScratchDir = "/pool/condor/dir_2513064"
	Cpus = 1
	Disk = 3778
	GPUs = 0
	Memory = 3000
...
006 (14752961.002.000) 02/26 16:27:42 Image size of job updated: 80716
	79  -  MemoryUsage of job (MB)
	80716  -  ResidentSetSize of job (KB)
...
006 (14752961.002.000) 02/26 16:27:55 Image size of job updated: 175868
	79  -  MemoryUsage of job (MB)
	80736  -  ResidentSetSize of job (KB)
...
040 (14752961.002.000) 02/26 16:27:55 Started transferring output files
...
040 (14752961.002.000) 02/26 16:27:55 Finished transferring output files
...
005 (14752961.002.000) 02/26 16:27:55 Job terminated.
	(1) Normal termination (return value 1)
		Usr 0 00:00:04, Sys 0 00:00:02  -  Run Remote Usage
		Usr 0 00:00:00, Sys 0 00:00:00  -  Run Local Usage
		Usr 0 00:00:04, Sys 0 00:00:02  -  Total Remote Usage
		Usr 0 00:00:00, Sys 0 00:00:00  -  Total Local Usage
	10339  -  Run Bytes Sent By Job
	12567  -  Run Bytes Received By Job
	10339  -  Total Bytes Sent By Job
	12567  -  Total Bytes Received By Job
	Partitionable Resources :    Usage  Request Allocated 
	   Cpus                 :        0        1         1 
	   Disk (KB)            :       48       15      3778 
	   GPUs                 :                           0 
	   Memory (MB)          :       79     3000      3000 
	   TimeExecute (s)      :       28                    
	   TimeSlotBusy (s)     :       30                    

	Job terminated of its own accord at 2026-02-26T15:27:55Z with exit-code 1.
...
