subject   : /DC=ch/DC=cern/OU=Organic Units/OU=Users/CN=driosper/CN=886669/CN=Diego Alejandro Rios Perez/CN=3192939875
issuer    : /DC=ch/DC=cern/OU=Organic Units/OU=Users/CN=driosper/CN=886669/CN=Diego Alejandro Rios Perez
identity  : /DC=ch/DC=cern/OU=Organic Units/OU=Users/CN=driosper/CN=886669/CN=Diego Alejandro Rios Perez
type      : RFC compliant proxy
strength  : 2048 bits
path      : /afs/cern.ch/user/d/driosper/private/x509up_u182284
timeleft  : 9:21:00
key usage : Digital Signature, Key Encipherment
=== VO cms extension information ===
VO        : cms
subject   : /DC=ch/DC=cern/OU=Organic Units/OU=Users/CN=driosper/CN=886669/CN=Diego Alejandro Rios Perez
issuer    : /DC=ch/DC=cern/OU=computers/CN=cms-auth.cern.ch
attribute : /cms/Role=NULL/Capability=NULL
timeleft  : 9:21:00
uri       : voms-cms-auth.cern.ch:15000
--workflow ztoee --year 2022preEE --output_path /eos/user/d/driosper/bsm3g_coffea/outputs/ztoee/2022preEE/TBbarQ --output_format coffea --dataset TBbarQ_1 --partition_json /srv/partition_fileset.json
  Preprocessing 100% ━━━━━━━━━━━━━━━━━━ 9/9 [ 0:00:13 < 0:00:00 | 0.7   file/s ]
Merging (local) 100% ━━━━━━━━━━━━━━━━━━ 9/9 [ 0:00:13 < 0:00:00 | ?   merges/s ]
     Processing  11% ━━                   1/9 [ 0:00:21 < -:--:-- | ?  chunk/s ]
Merging (local)   0% ━━━━━━━━━━━━━━━━━━━━ 0/0 [ 0:00:02 < 0:00:00 | ? merges/s ]
There are 10961 events with muon pt outside of [26,200] GeV. Setting those entries to their initial value.
There are 10961 events with muon pt outside of [26,200] GeV. Setting those entries to their initial value.
There are 37 nan entries in the corrected pt. This might be due to the number of tracker layers hitting boundaries. Setting those entries to their initial value.
There are 12256 events with muon pt outside of [26,200] GeV. Setting those entries to their initial value.
There are 12466 events with muon pt outside of [26,200] GeV. Setting those entries to their initial value.
There are 12466 events with muon pt outside of [26,200] GeV. Setting those entries to their initial value.
There are 41 nan entries in the corrected pt. This might be due to the number of tracker layers hitting boundaries. Setting those entries to their initial value.
There are 13985 events with muon pt outside of [26,200] GeV. Setting those entries to their initial value.
There are 13020 events with muon pt outside of [26,200] GeV. Setting those entries to their initial value.
There are 13020 events with muon pt outside of [26,200] GeV. Setting those entries to their initial value.
There are 56 nan entries in the corrected pt. This might be due to the number of tracker layers hitting boundaries. Setting those entries to their initial value.
There are 14297 events with muon pt outside of [26,200] GeV. Setting those entries to their initial value.
There are 13489 events with muon pt outside of [26,200] GeV. Setting those entries to their initial value.
There are 13489 events with muon pt outside of [26,200] GeV. Setting those entries to their initial value.
There are 60 nan entries in the corrected pt. This might be due to the number of tracker layers hitting boundaries. Setting those entries to their initial value.
There are 15303 events with muon pt outside of [26,200] GeV. Setting those entries to their initial value.
There are 20926 events with muon pt outside of [26,200] GeV. Setting those entries to their initial value.
There are 20927 events with muon pt outside of [26,200] GeV. Setting those entries to their initial value.
There are 78 nan entries in the corrected pt. This might be due to the number of tracker layers hitting boundaries. Setting those entries to their initial value.
There are 23069 events with muon pt outside of [26,200] GeV. Setting those entries to their initial value.
There are 20953 events with muon pt outside of [26,200] GeV. Setting those entries to their initial value.
There are 20955 events with muon pt outside of [26,200] GeV. Setting those entries to their initial value.
There are 81 nan entries in the corrected pt. This might be due to the number of tracker layers hitting boundaries. Setting those entries to their initial value.
There are 23504 events with muon pt outside of [26,200] GeV. Setting those entries to their initial value.
There are 36022 events with muon pt outside of [26,200] GeV. Setting those entries to their initial value.
There are 36022 events with muon pt outside of [26,200] GeV. Setting those entries to their initial value.
There are 150 nan entries in the corrected pt. This might be due to the number of tracker layers hitting boundaries. Setting those entries to their initial value.
There are 40156 events with muon pt outside of [26,200] GeV. Setting those entries to their initial value.
There are 4135 events with muon pt outside of [26,200] GeV. Setting those entries to their initial value.
There are 4135 events with muon pt outside of [26,200] GeV. Setting those entries to their initial value.
There are 11 nan entries in the corrected pt. This might be due to the number of tracker layers hitting boundaries. Setting those entries to their initial value.
There are 4685 events with muon pt outside of [26,200] GeV. Setting those entries to their initial value.
There are 690 events with muon pt outside of [26,200] GeV. Setting those entries to their initial value.
There are 690 events with muon pt outside of [26,200] GeV. Setting those entries to their initial value.
There are 1 nan entries in the corrected pt. This might be due to the number of tracker layers hitting boundaries. Setting those entries to their initial value.
There are 766 events with muon pt outside of [26,200] GeV. Setting those entries to their initial value.
