000 (14729962.004.000) 02/25 17:14:44 Job submitted from host: <188.184.90.62:9618?addrs=188.184.90.62-9618+[2001-1458-201-e4--100-238]-9618&alias=bigbird16.cern.ch&noUDP&sock=schedd_5196_9a2f>
...
040 (14729962.004.000) 02/25 17:18:38 Started transferring input files
	Transferring to host: <188.185.193.11:9618?addrs=188.185.193.11-9618+[2001-1458-303-20--100-7]-9618&alias=b9p19p1478.cern.ch&noUDP&sock=slot1_26_2414142_2eb3_132982>
...
040 (14729962.004.000) 02/25 17:18:38 Finished transferring input files
...
001 (14729962.004.000) 02/25 17:18:39 Job executing on host: <188.185.193.11:9618?addrs=188.185.193.11-9618+[2001-1458-303-20--100-7]-9618&alias=b9p19p1478.cern.ch&noUDP&sock=startd_2712_c8ef>
	SlotName: slot1_26@b9p19p1478.cern.ch
	CondorScratchDir = "/pool/condor/dir_2465774"
	Cpus = 1
	Disk = 3856
	GPUs = 0
	Memory = 3000
...
006 (14729962.004.000) 02/25 17:18:55 Image size of job updated: 177536
	174  -  MemoryUsage of job (MB)
	177536  -  ResidentSetSize of job (KB)
...
006 (14729962.004.000) 02/25 17:21:32 Image size of job updated: 1572420
	174  -  MemoryUsage of job (MB)
	177616  -  ResidentSetSize of job (KB)
...
040 (14729962.004.000) 02/25 17:21:32 Started transferring output files
...
040 (14729962.004.000) 02/25 17:21:32 Finished transferring output files
...
005 (14729962.004.000) 02/25 17:21:32 Job terminated.
	(1) Normal termination (return value 1)
		Usr 0 00:04:10, Sys 0 00:00:06  -  Run Remote Usage
		Usr 0 00:00:00, Sys 0 00:00:00  -  Run Local Usage
		Usr 0 00:04:10, Sys 0 00:00:06  -  Total Remote Usage
		Usr 0 00:00:00, Sys 0 00:00:00  -  Total Local Usage
	16985  -  Run Bytes Sent By Job
	12541  -  Run Bytes Received By Job
	16985  -  Total Bytes Sent By Job
	12541  -  Total Bytes Received By Job
	Partitionable Resources :    Usage  Request Allocated 
	   Cpus                 :     3.33        1         1 
	   Disk (KB)            :    55          15      3856 
	   GPUs                 :                           0 
	   Memory (MB)          :   174        3000      3000 
	   TimeExecute (s)      :   173                       
	   TimeSlotBusy (s)     :   175                       

	Job terminated of its own accord at 2026-02-25T16:21:32Z with exit-code 1.
...
