000 (14722384.002.000) 02/25 15:24:07 Job submitted from host: <188.184.90.62:9618?addrs=188.184.90.62-9618+[2001-1458-201-e4--100-238]-9618&alias=bigbird16.cern.ch&noUDP&sock=schedd_5196_9a2f>
...
040 (14722384.002.000) 02/25 15:27:03 Started transferring input files
	Transferring to host: <188.185.213.231:9618?addrs=188.185.213.231-9618+[2001-1458-303-1b--100-63]-9618&alias=b9p28p9038.cern.ch&noUDP&sock=slot1_43_6181_d2d4_208694>
...
040 (14722384.002.000) 02/25 15:27:03 Finished transferring input files
...
001 (14722384.002.000) 02/25 15:27:04 Job executing on host: <188.185.213.231:9618?addrs=188.185.213.231-9618+[2001-1458-303-1b--100-63]-9618&alias=b9p28p9038.cern.ch&noUDP&sock=startd_5447_c475>
	SlotName: slot1_43@b9p28p9038.cern.ch
	CondorScratchDir = "/pool/condor/dir_1412449"
	Cpus = 1
	Disk = 3872
	GPUs = 0
	Memory = 3000
...
006 (14722384.002.000) 02/25 15:27:18 Image size of job updated: 552784
	540  -  MemoryUsage of job (MB)
	552784  -  ResidentSetSize of job (KB)
...
006 (14722384.002.000) 02/25 15:29:49 Image size of job updated: 2109952
	540  -  MemoryUsage of job (MB)
	552896  -  ResidentSetSize of job (KB)
...
040 (14722384.002.000) 02/25 15:29:49 Started transferring output files
...
040 (14722384.002.000) 02/25 15:29:49 Finished transferring output files
...
005 (14722384.002.000) 02/25 15:29:49 Job terminated.
	(1) Normal termination (return value 1)
		Usr 0 00:02:45, Sys 0 00:00:07  -  Run Remote Usage
		Usr 0 00:00:00, Sys 0 00:00:00  -  Run Local Usage
		Usr 0 00:02:45, Sys 0 00:00:07  -  Total Remote Usage
		Usr 0 00:00:00, Sys 0 00:00:00  -  Total Local Usage
	19255  -  Run Bytes Sent By Job
	12573  -  Run Bytes Received By Job
	19255  -  Total Bytes Sent By Job
	12573  -  Total Bytes Received By Job
	Partitionable Resources :    Usage  Request Allocated 
	   Cpus                 :        0        1         1 
	   Disk (KB)            :       57       15      3872 
	   GPUs                 :                           0 
	   Memory (MB)          :      540     3000      3000 
	   TimeExecute (s)      :      165                    
	   TimeSlotBusy (s)     :      167                    

	Job terminated of its own accord at 2026-02-25T14:29:49Z with exit-code 1.
...
