000 (14722384.001.000) 02/25 15:24:07 Job submitted from host: <188.184.90.62:9618?addrs=188.184.90.62-9618+[2001-1458-201-e4--100-238]-9618&alias=bigbird16.cern.ch&noUDP&sock=schedd_5196_9a2f>
...
040 (14722384.001.000) 02/25 15:27:03 Started transferring input files
	Transferring to host: <188.185.207.21:9618?addrs=188.185.207.21-9618+[2001-1458-303-d--100-12]-9618&alias=b9p07p7593.cern.ch&noUDP&sock=slot1_27_6208_d8f6_147972>
...
040 (14722384.001.000) 02/25 15:27:03 Finished transferring input files
...
001 (14722384.001.000) 02/25 15:27:04 Job executing on host: <188.185.207.21:9618?addrs=188.185.207.21-9618+[2001-1458-303-d--100-12]-9618&alias=b9p07p7593.cern.ch&noUDP&sock=startd_5212_93b3>
	SlotName: slot1_27@b9p07p7593.cern.ch
	CondorScratchDir = "/pool/condor/dir_1289089"
	Cpus = 1
	Disk = 3804
	GPUs = 0
	Memory = 3000
...
006 (14722384.001.000) 02/25 15:27:19 Image size of job updated: 515028
	503  -  MemoryUsage of job (MB)
	515028  -  ResidentSetSize of job (KB)
...
006 (14722384.001.000) 02/25 15:28:58 Image size of job updated: 1789836
	503  -  MemoryUsage of job (MB)
	515028  -  ResidentSetSize of job (KB)
...
040 (14722384.001.000) 02/25 15:28:58 Started transferring output files
...
040 (14722384.001.000) 02/25 15:28:59 Finished transferring output files
...
005 (14722384.001.000) 02/25 15:28:59 Job terminated.
	(1) Normal termination (return value 1)
		Usr 0 00:02:41, Sys 0 00:00:07  -  Run Remote Usage
		Usr 0 00:00:00, Sys 0 00:00:00  -  Run Local Usage
		Usr 0 00:02:41, Sys 0 00:00:07  -  Total Remote Usage
		Usr 0 00:00:00, Sys 0 00:00:00  -  Total Local Usage
	18163  -  Run Bytes Sent By Job
	12573  -  Run Bytes Received By Job
	18163  -  Total Bytes Sent By Job
	12573  -  Total Bytes Received By Job
	Partitionable Resources :    Usage  Request Allocated 
	   Cpus                 :     2.35        1         1 
	   Disk (KB)            :    59          15      3804 
	   GPUs                 :                           0 
	   Memory (MB)          :   503        3000      3000 
	   TimeExecute (s)      :   114                       
	   TimeSlotBusy (s)     :   117                       

	Job terminated of its own accord at 2026-02-25T14:28:58Z with exit-code 1.
...
