000 (14729962.002.000) 02/25 17:14:44 Job submitted from host: <188.184.90.62:9618?addrs=188.184.90.62-9618+[2001-1458-201-e4--100-238]-9618&alias=bigbird16.cern.ch&noUDP&sock=schedd_5196_9a2f>
...
040 (14729962.002.000) 02/25 17:18:37 Started transferring input files
	Transferring to host: <188.185.213.226:9618?addrs=188.185.213.226-9618+[2001-1458-303-1b--100-5e]-9618&alias=b9p28p8143.cern.ch&noUDP&sock=slot1_17_5559_917b_201730>
...
040 (14729962.002.000) 02/25 17:18:37 Finished transferring input files
...
001 (14729962.002.000) 02/25 17:18:38 Job executing on host: <188.185.213.226:9618?addrs=188.185.213.226-9618+[2001-1458-303-1b--100-5e]-9618&alias=b9p28p8143.cern.ch&noUDP&sock=startd_4630_5f95>
	SlotName: slot1_17@b9p28p8143.cern.ch
	CondorScratchDir = "/pool/condor/dir_2713314"
	Cpus = 1
	Disk = 3858
	GPUs = 0
	Memory = 3000
...
006 (14729962.002.000) 02/25 17:18:52 Image size of job updated: 475868
	465  -  MemoryUsage of job (MB)
	475868  -  ResidentSetSize of job (KB)
...
006 (14729962.002.000) 02/25 17:21:16 Image size of job updated: 2142068
	465  -  MemoryUsage of job (MB)
	475868  -  ResidentSetSize of job (KB)
...
040 (14729962.002.000) 02/25 17:21:16 Started transferring output files
...
040 (14729962.002.000) 02/25 17:21:16 Finished transferring output files
...
005 (14729962.002.000) 02/25 17:21:16 Job terminated.
	(1) Normal termination (return value 1)
		Usr 0 00:02:58, Sys 0 00:00:07  -  Run Remote Usage
		Usr 0 00:00:00, Sys 0 00:00:00  -  Run Local Usage
		Usr 0 00:02:58, Sys 0 00:00:07  -  Total Remote Usage
		Usr 0 00:00:00, Sys 0 00:00:00  -  Total Local Usage
	19082  -  Run Bytes Sent By Job
	12541  -  Run Bytes Received By Job
	19082  -  Total Bytes Sent By Job
	12541  -  Total Bytes Received By Job
	Partitionable Resources :    Usage  Request Allocated 
	   Cpus                 :     1.99        1         1 
	   Disk (KB)            :    57          15      3858 
	   GPUs                 :                           0 
	   Memory (MB)          :   465        3000      3000 
	   TimeExecute (s)      :   158                       
	   TimeSlotBusy (s)     :   160                       

	Job terminated of its own accord at 2026-02-25T16:21:16Z with exit-code 1.
...
