000 (14722384.003.000) 02/25 15:24:07 Job submitted from host: <188.184.90.62:9618?addrs=188.184.90.62-9618+[2001-1458-201-e4--100-238]-9618&alias=bigbird16.cern.ch&noUDP&sock=schedd_5196_9a2f>
...
040 (14722384.003.000) 02/25 15:27:03 Started transferring input files
	Transferring to host: <188.185.204.204:9618?addrs=188.185.204.204-9618+[2001-1458-303-8--100-c0]-9618&alias=b9p02p9432.cern.ch&noUDP&sock=slot1_9_3808_d494_145826>
...
040 (14722384.003.000) 02/25 15:27:03 Finished transferring input files
...
001 (14722384.003.000) 02/25 15:27:04 Job executing on host: <188.185.204.204:9618?addrs=188.185.204.204-9618+[2001-1458-303-8--100-c0]-9618&alias=b9p02p9432.cern.ch&noUDP&sock=startd_3352_c58c>
	SlotName: slot1_9@b9p02p9432.cern.ch
	CondorScratchDir = "/pool/condor/dir_11074"
	Cpus = 1
	Disk = 3622
	GPUs = 0
	Memory = 3000
...
006 (14722384.003.000) 02/25 15:27:20 Image size of job updated: 39816
	39  -  MemoryUsage of job (MB)
	39816  -  ResidentSetSize of job (KB)
...
006 (14722384.003.000) 02/25 15:30:13 Image size of job updated: 2274524
	39  -  MemoryUsage of job (MB)
	39816  -  ResidentSetSize of job (KB)
...
040 (14722384.003.000) 02/25 15:30:13 Started transferring output files
...
040 (14722384.003.000) 02/25 15:30:13 Finished transferring output files
...
005 (14722384.003.000) 02/25 15:30:14 Job terminated.
	(1) Normal termination (return value 1)
		Usr 0 00:03:51, Sys 0 00:00:09  -  Run Remote Usage
		Usr 0 00:00:00, Sys 0 00:00:00  -  Run Local Usage
		Usr 0 00:03:51, Sys 0 00:00:09  -  Total Remote Usage
		Usr 0 00:00:00, Sys 0 00:00:00  -  Total Local Usage
	19017  -  Run Bytes Sent By Job
	12573  -  Run Bytes Received By Job
	19017  -  Total Bytes Sent By Job
	12573  -  Total Bytes Received By Job
	Partitionable Resources :    Usage  Request Allocated 
	   Cpus                 :        0        1         1 
	   Disk (KB)            :       62       15      3622 
	   GPUs                 :                           0 
	   Memory (MB)          :       39     3000      3000 
	   TimeExecute (s)      :      189                    
	   TimeSlotBusy (s)     :      191                    

	Job terminated of its own accord at 2026-02-25T14:30:13Z with exit-code 1.
...
