000 (14737677.002.000) 02/25 20:32:44 Job submitted from host: <188.184.90.62:9618?addrs=188.184.90.62-9618+[2001-1458-201-e4--100-238]-9618&alias=bigbird16.cern.ch&noUDP&sock=schedd_5196_9a2f>
...
040 (14737677.002.000) 02/25 20:36:24 Started transferring input files
	Transferring to host: <188.185.214.206:9618?addrs=188.185.214.206-9618+[2001-1458-303-1d--100-4a]-9618&alias=b9p30p5999.cern.ch&noUDP&sock=slot1_3_4682_a477_161993>
...
040 (14737677.002.000) 02/25 20:36:24 Finished transferring input files
...
001 (14737677.002.000) 02/25 20:36:25 Job executing on host: <188.185.214.206:9618?addrs=188.185.214.206-9618+[2001-1458-303-1d--100-4a]-9618&alias=b9p30p5999.cern.ch&noUDP&sock=startd_3906_c503>
	SlotName: slot1_3@b9p30p5999.cern.ch
	CondorScratchDir = "/pool/condor/dir_135022"
	Cpus = 1
	Disk = 3786
	GPUs = 0
	Memory = 3000
...
006 (14737677.002.000) 02/25 20:36:39 Image size of job updated: 494552
	483  -  MemoryUsage of job (MB)
	494552  -  ResidentSetSize of job (KB)
...
006 (14737677.002.000) 02/25 20:38:28 Image size of job updated: 1819172
	484  -  MemoryUsage of job (MB)
	495300  -  ResidentSetSize of job (KB)
...
040 (14737677.002.000) 02/25 20:38:28 Started transferring output files
...
040 (14737677.002.000) 02/25 20:38:28 Finished transferring output files
...
005 (14737677.002.000) 02/25 20:38:28 Job terminated.
	(1) Normal termination (return value 1)
		Usr 0 00:03:52, Sys 0 00:00:10  -  Run Remote Usage
		Usr 0 00:00:00, Sys 0 00:00:00  -  Run Local Usage
		Usr 0 00:03:52, Sys 0 00:00:10  -  Total Remote Usage
		Usr 0 00:00:00, Sys 0 00:00:00  -  Total Local Usage
	19099  -  Run Bytes Sent By Job
	12571  -  Run Bytes Received By Job
	19099  -  Total Bytes Sent By Job
	12571  -  Total Bytes Received By Job
	Partitionable Resources :    Usage  Request Allocated 
	   Cpus                 :     2.46        1         1 
	   Disk (KB)            :    57          15      3786 
	   GPUs                 :                           0 
	   Memory (MB)          :   484        3000      3000 
	   TimeExecute (s)      :   123                       
	   TimeSlotBusy (s)     :   125                       

	Job terminated of its own accord at 2026-02-25T19:38:28Z with exit-code 1.
...
