subject   : /DC=ch/DC=cern/OU=Organic Units/OU=Users/CN=driosper/CN=886669/CN=Diego Alejandro Rios Perez/CN=1573519443
issuer    : /DC=ch/DC=cern/OU=Organic Units/OU=Users/CN=driosper/CN=886669/CN=Diego Alejandro Rios Perez
identity  : /DC=ch/DC=cern/OU=Organic Units/OU=Users/CN=driosper/CN=886669/CN=Diego Alejandro Rios Perez
type      : RFC compliant proxy
strength  : 2048 bits
path      : /afs/cern.ch/user/d/driosper/private/x509up_u182284
timeleft  : 11:49:43
key usage : Digital Signature, Key Encipherment
=== VO cms extension information ===
VO        : cms
subject   : /DC=ch/DC=cern/OU=Organic Units/OU=Users/CN=driosper/CN=886669/CN=Diego Alejandro Rios Perez
issuer    : /DC=ch/DC=cern/OU=computers/CN=cms-auth.cern.ch
attribute : /cms/Role=NULL/Capability=NULL
timeleft  : 11:49:43
uri       : voms-cms-auth.cern.ch:15000
--workflow ztoee --year 2022preEE --output_path /eos/user/d/driosper/bsm3g_coffea/outputs/ztoee/2022preEE/TBbarQ --output_format coffea --dataset TBbarQ_4 --partition_json /srv/partition_fileset.json
  Preprocessing 100% ━━━━━━━━━━━━━━━━━━ 8/8 [ 0:00:11 < 0:00:00 | 0.8   file/s ]
Merging (local) 100% ━━━━━━━━━━━━━━━━━━ 8/8 [ 0:00:11 < 0:00:00 | ?   merges/s ]
     Processing  83% ━━━━━━━━━━━━━    10/12 [ 0:01:49 < 0:00:30 | 0.1  chunk/s ]
Merging (local) 100% ━━━━━━━━━━━━━━━━   9/9 [ 0:01:32 < 0:00:00 | ?   merges/s ]
There are 1310 events with muon pt outside of [26,200] GeV. Setting those entries to their initial value.
There are 1310 events with muon pt outside of [26,200] GeV. Setting those entries to their initial value.
There are 3 nan entries in the corrected pt. This might be due to the number of tracker layers hitting boundaries. Setting those entries to their initial value.
There are 1460 events with muon pt outside of [26,200] GeV. Setting those entries to their initial value.
There are 29141 events with muon pt outside of [26,200] GeV. Setting those entries to their initial value.
There are 29141 events with muon pt outside of [26,200] GeV. Setting those entries to their initial value.
There are 121 nan entries in the corrected pt. This might be due to the number of tracker layers hitting boundaries. Setting those entries to their initial value.
There are 32802 events with muon pt outside of [26,200] GeV. Setting those entries to their initial value.
There are 15938 events with muon pt outside of [26,200] GeV. Setting those entries to their initial value.
There are 15938 events with muon pt outside of [26,200] GeV. Setting those entries to their initial value.
There are 53 nan entries in the corrected pt. This might be due to the number of tracker layers hitting boundaries. Setting those entries to their initial value.
There are 17635 events with muon pt outside of [26,200] GeV. Setting those entries to their initial value.
There are 33252 events with muon pt outside of [26,200] GeV. Setting those entries to their initial value.
There are 33255 events with muon pt outside of [26,200] GeV. Setting those entries to their initial value.
There are 118 nan entries in the corrected pt. This might be due to the number of tracker layers hitting boundaries. Setting those entries to their initial value.
There are 37433 events with muon pt outside of [26,200] GeV. Setting those entries to their initial value.
There are 24433 events with muon pt outside of [26,200] GeV. Setting those entries to their initial value.
There are 24433 events with muon pt outside of [26,200] GeV. Setting those entries to their initial value.
There are 100 nan entries in the corrected pt. This might be due to the number of tracker layers hitting boundaries. Setting those entries to their initial value.
There are 27309 events with muon pt outside of [26,200] GeV. Setting those entries to their initial value.
There are 27476 events with muon pt outside of [26,200] GeV. Setting those entries to their initial value.
There are 27477 events with muon pt outside of [26,200] GeV. Setting those entries to their initial value.
There are 104 nan entries in the corrected pt. This might be due to the number of tracker layers hitting boundaries. Setting those entries to their initial value.
There are 30403 events with muon pt outside of [26,200] GeV. Setting those entries to their initial value.
There are 33364 events with muon pt outside of [26,200] GeV. Setting those entries to their initial value.
There are 33364 events with muon pt outside of [26,200] GeV. Setting those entries to their initial value.
There are 149 nan entries in the corrected pt. This might be due to the number of tracker layers hitting boundaries. Setting those entries to their initial value.
There are 37146 events with muon pt outside of [26,200] GeV. Setting those entries to their initial value.
There are 29211 events with muon pt outside of [26,200] GeV. Setting those entries to their initial value.
There are 29213 events with muon pt outside of [26,200] GeV. Setting those entries to their initial value.
There are 120 nan entries in the corrected pt. This might be due to the number of tracker layers hitting boundaries. Setting those entries to their initial value.
There are 32571 events with muon pt outside of [26,200] GeV. Setting those entries to their initial value.
There are 27141 events with muon pt outside of [26,200] GeV. Setting those entries to their initial value.
There are 27143 events with muon pt outside of [26,200] GeV. Setting those entries to their initial value.
There are 113 nan entries in the corrected pt. This might be due to the number of tracker layers hitting boundaries. Setting those entries to their initial value.
There are 30149 events with muon pt outside of [26,200] GeV. Setting those entries to their initial value.
There are 227 events with muon pt outside of [26,200] GeV. Setting those entries to their initial value.
There are 227 events with muon pt outside of [26,200] GeV. Setting those entries to their initial value.
There are 1 nan entries in the corrected pt. This might be due to the number of tracker layers hitting boundaries. Setting those entries to their initial value.
There are 244 events with muon pt outside of [26,200] GeV. Setting those entries to their initial value.
There are 29168 events with muon pt outside of [26,200] GeV. Setting those entries to their initial value.
There are 29169 events with muon pt outside of [26,200] GeV. Setting those entries to their initial value.
There are 114 nan entries in the corrected pt. This might be due to the number of tracker layers hitting boundaries. Setting those entries to their initial value.
There are 32450 events with muon pt outside of [26,200] GeV. Setting those entries to their initial value.
There are 9337 events with muon pt outside of [26,200] GeV. Setting those entries to their initial value.
There are 9337 events with muon pt outside of [26,200] GeV. Setting those entries to their initial value.
There are 38 nan entries in the corrected pt. This might be due to the number of tracker layers hitting boundaries. Setting those entries to their initial value.
There are 10634 events with muon pt outside of [26,200] GeV. Setting those entries to their initial value.
