000 (14729962.001.000) 02/25 17:14:44 Job submitted from host: <188.184.90.62:9618?addrs=188.184.90.62-9618+[2001-1458-201-e4--100-238]-9618&alias=bigbird16.cern.ch&noUDP&sock=schedd_5196_9a2f>
...
040 (14729962.001.000) 02/25 17:18:37 Started transferring input files
	Transferring to host: <188.185.208.85:9618?addrs=188.185.208.85-9618+[2001-1458-303-f--100-52]-9618&alias=b9p09p1103.cern.ch&noUDP&sock=slot1_4_10958_a6f7_148556>
...
040 (14729962.001.000) 02/25 17:18:37 Finished transferring input files
...
001 (14729962.001.000) 02/25 17:18:39 Job executing on host: <188.185.208.85:9618?addrs=188.185.208.85-9618+[2001-1458-303-f--100-52]-9618&alias=b9p09p1103.cern.ch&noUDP&sock=startd_10542_837d>
	SlotName: slot1_4@b9p09p1103.cern.ch
	CondorScratchDir = "/pool/condor/dir_2845930"
	Cpus = 1
	Disk = 3802
	GPUs = 0
	Memory = 3000
...
006 (14729962.001.000) 02/25 17:18:52 Image size of job updated: 485308
	474  -  MemoryUsage of job (MB)
	485308  -  ResidentSetSize of job (KB)
...
006 (14729962.001.000) 02/25 17:21:53 Image size of job updated: 1713268
	475  -  MemoryUsage of job (MB)
	486164  -  ResidentSetSize of job (KB)
...
040 (14729962.001.000) 02/25 17:21:53 Started transferring output files
...
040 (14729962.001.000) 02/25 17:21:54 Finished transferring output files
...
005 (14729962.001.000) 02/25 17:21:54 Job terminated.
	(1) Normal termination (return value 1)
		Usr 0 00:03:12, Sys 0 00:00:09  -  Run Remote Usage
		Usr 0 00:00:00, Sys 0 00:00:00  -  Run Local Usage
		Usr 0 00:03:12, Sys 0 00:00:09  -  Total Remote Usage
		Usr 0 00:00:00, Sys 0 00:00:00  -  Total Local Usage
	18189  -  Run Bytes Sent By Job
	12541  -  Run Bytes Received By Job
	18189  -  Total Bytes Sent By Job
	12541  -  Total Bytes Received By Job
	Partitionable Resources :    Usage  Request Allocated 
	   Cpus                 :     0.06        1         1 
	   Disk (KB)            :    60          15      3802 
	   GPUs                 :                           0 
	   Memory (MB)          :   475        3000      3000 
	   TimeExecute (s)      :   194                       
	   TimeSlotBusy (s)     :   198                       

	Job terminated of its own accord at 2026-02-25T16:21:53Z with exit-code 1.
...
