000 (14737677.000.000) 02/25 20:32:44 Job submitted from host: <188.184.90.62:9618?addrs=188.184.90.62-9618+[2001-1458-201-e4--100-238]-9618&alias=bigbird16.cern.ch&noUDP&sock=schedd_5196_9a2f>
...
040 (14737677.000.000) 02/25 20:36:24 Started transferring input files
	Transferring to host: <188.185.212.204:9618?addrs=188.185.212.204-9618+[2001-1458-303-19--100-48]-9618&alias=b9p26p2612.cern.ch&noUDP&sock=slot1_8_5212_134d_168751>
...
040 (14737677.000.000) 02/25 20:36:24 Finished transferring input files
...
001 (14737677.000.000) 02/25 20:36:25 Job executing on host: <188.185.212.204:9618?addrs=188.185.212.204-9618+[2001-1458-303-19--100-48]-9618&alias=b9p26p2612.cern.ch&noUDP&sock=startd_4241_8d3d>
	SlotName: slot1_8@b9p26p2612.cern.ch
	CondorScratchDir = "/pool/condor/dir_3288423"
	Cpus = 1
	Disk = 3875
	GPUs = 0
	Memory = 3000
...
006 (14737677.000.000) 02/25 20:36:40 Image size of job updated: 492884
	482  -  MemoryUsage of job (MB)
	492884  -  ResidentSetSize of job (KB)
...
006 (14737677.000.000) 02/25 20:38:18 Image size of job updated: 1142116
	482  -  MemoryUsage of job (MB)
	492884  -  ResidentSetSize of job (KB)
...
040 (14737677.000.000) 02/25 20:38:19 Started transferring output files
...
040 (14737677.000.000) 02/25 20:38:19 Finished transferring output files
...
005 (14737677.000.000) 02/25 20:38:19 Job terminated.
	(1) Normal termination (return value 0)
		Usr 0 00:02:40, Sys 0 00:00:07  -  Run Remote Usage
		Usr 0 00:00:00, Sys 0 00:00:00  -  Run Local Usage
		Usr 0 00:02:40, Sys 0 00:00:07  -  Total Remote Usage
		Usr 0 00:00:00, Sys 0 00:00:00  -  Total Local Usage
	12399  -  Run Bytes Sent By Job
	12571  -  Run Bytes Received By Job
	12399  -  Total Bytes Sent By Job
	12571  -  Total Bytes Received By Job
	Partitionable Resources :    Usage  Request Allocated 
	   Cpus                 :        0        1         1 
	   Disk (KB)            :       50       15      3875 
	   GPUs                 :                           0 
	   Memory (MB)          :      482     3000      3000 
	   TimeExecute (s)      :      113                    
	   TimeSlotBusy (s)     :      116                    

	Job terminated of its own accord at 2026-02-25T19:38:18Z with exit-code 0.
...
