000 (14752961.001.000) 02/26 16:23:23 Job submitted from host: <188.184.90.62:9618?addrs=188.184.90.62-9618+[2001-1458-201-e4--100-238]-9618&alias=bigbird16.cern.ch&noUDP&sock=schedd_5196_9a2f>
...
040 (14752961.001.000) 02/26 16:27:24 Started transferring input files
	Transferring to host: <128.142.161.114:9618?addrs=128.142.161.114-9618+[2001-1458-301-b8--100-30]-9618&alias=b9g03p3124.cern.ch&noUDP&sock=slot1_11_505982_d799_172252>
...
040 (14752961.001.000) 02/26 16:27:24 Finished transferring input files
...
001 (14752961.001.000) 02/26 16:27:25 Job executing on host: <128.142.161.114:9618?addrs=128.142.161.114-9618+[2001-1458-301-b8--100-30]-9618&alias=b9g03p3124.cern.ch&noUDP&sock=startd_3171104_294e>
	SlotName: slot1_11@b9g03p3124.cern.ch
	CondorScratchDir = "/pool/condor/dir_616816"
	Cpus = 1
	Disk = 3945
	GPUs = 0
	Memory = 3000
...
006 (14752961.001.000) 02/26 16:27:38 Image size of job updated: 254980
	0  -  MemoryUsage of job (MB)
	0  -  ResidentSetSize of job (KB)
...
040 (14752961.001.000) 02/26 16:27:38 Started transferring output files
...
040 (14752961.001.000) 02/26 16:27:39 Finished transferring output files
...
005 (14752961.001.000) 02/26 16:27:39 Job terminated.
	(1) Normal termination (return value 1)
		Usr 0 00:00:04, Sys 0 00:00:01  -  Run Remote Usage
		Usr 0 00:00:00, Sys 0 00:00:00  -  Run Local Usage
		Usr 0 00:00:04, Sys 0 00:00:01  -  Total Remote Usage
		Usr 0 00:00:00, Sys 0 00:00:00  -  Total Local Usage
	10333  -  Run Bytes Sent By Job
	12567  -  Run Bytes Received By Job
	10333  -  Total Bytes Sent By Job
	12567  -  Total Bytes Received By Job
	Partitionable Resources :    Usage  Request Allocated 
	   Cpus                 :        0        1         1 
	   Disk (KB)            :       48       15      3945 
	   GPUs                 :                           0 
	   Memory (MB)          :        0     3000      3000 
	   TimeExecute (s)      :       13                    
	   TimeSlotBusy (s)     :       16                    

	Job terminated of its own accord at 2026-02-26T15:27:38Z with exit-code 1.
...
