000 (14722384.004.000) 02/25 15:24:07 Job submitted from host: <188.184.90.62:9618?addrs=188.184.90.62-9618+[2001-1458-201-e4--100-238]-9618&alias=bigbird16.cern.ch&noUDP&sock=schedd_5196_9a2f>
...
040 (14722384.004.000) 02/25 15:27:04 Started transferring input files
	Transferring to host: <188.185.207.62:9618?addrs=188.185.207.62-9618+[2001-1458-303-d--100-3b]-9618&alias=b9p07p7998.cern.ch&noUDP&sock=slot1_29_4525_0591_148792>
...
040 (14722384.004.000) 02/25 15:27:04 Finished transferring input files
...
001 (14722384.004.000) 02/25 15:27:05 Job executing on host: <188.185.207.62:9618?addrs=188.185.207.62-9618+[2001-1458-303-d--100-3b]-9618&alias=b9p07p7998.cern.ch&noUDP&sock=startd_3748_650d>
	SlotName: slot1_29@b9p07p7998.cern.ch
	CondorScratchDir = "/pool/condor/dir_725072"
	Cpus = 1
	Disk = 3766
	GPUs = 0
	Memory = 3000
...
006 (14722384.004.000) 02/25 15:27:19 Image size of job updated: 565060
	552  -  MemoryUsage of job (MB)
	565060  -  ResidentSetSize of job (KB)
...
006 (14722384.004.000) 02/25 15:28:27 Image size of job updated: 1619652
	552  -  MemoryUsage of job (MB)
	565060  -  ResidentSetSize of job (KB)
...
040 (14722384.004.000) 02/25 15:28:27 Started transferring output files
...
040 (14722384.004.000) 02/25 15:28:28 Finished transferring output files
...
005 (14722384.004.000) 02/25 15:28:28 Job terminated.
	(1) Normal termination (return value 1)
		Usr 0 00:01:58, Sys 0 00:00:06  -  Run Remote Usage
		Usr 0 00:00:00, Sys 0 00:00:00  -  Run Local Usage
		Usr 0 00:01:58, Sys 0 00:00:06  -  Total Remote Usage
		Usr 0 00:00:00, Sys 0 00:00:00  -  Total Local Usage
	17091  -  Run Bytes Sent By Job
	12573  -  Run Bytes Received By Job
	17091  -  Total Bytes Sent By Job
	12573  -  Total Bytes Received By Job
	Partitionable Resources :    Usage  Request Allocated 
	   Cpus                 :        0        1         1 
	   Disk (KB)            :       58       15      3766 
	   GPUs                 :                           0 
	   Memory (MB)          :      552     3000      3000 
	   TimeExecute (s)      :       82                    
	   TimeSlotBusy (s)     :       85                    

	Job terminated of its own accord at 2026-02-25T14:28:27Z with exit-code 1.
...
