000 (14722384.000.000) 02/25 15:24:07 Job submitted from host: <188.184.90.62:9618?addrs=188.184.90.62-9618+[2001-1458-201-e4--100-238]-9618&alias=bigbird16.cern.ch&noUDP&sock=schedd_5196_9a2f>
...
040 (14722384.000.000) 02/25 15:27:02 Started transferring input files
	Transferring to host: <188.185.205.203:9618?addrs=188.185.205.203-9618+[2001-1458-303-a--100-48]-9618&alias=b9p04p9529.cern.ch&noUDP&sock=slot1_33_4653_3596_149068>
...
040 (14722384.000.000) 02/25 15:27:02 Finished transferring input files
...
001 (14722384.000.000) 02/25 15:27:03 Job executing on host: <188.185.205.203:9618?addrs=188.185.205.203-9618+[2001-1458-303-a--100-48]-9618&alias=b9p04p9529.cern.ch&noUDP&sock=startd_3959_1f88>
	SlotName: slot1_33@b9p04p9529.cern.ch
	CondorScratchDir = "/pool/condor/dir_1269937"
	Cpus = 1
	Disk = 3713
	GPUs = 0
	Memory = 3000
...
006 (14722384.000.000) 02/25 15:27:18 Image size of job updated: 132380
	130  -  MemoryUsage of job (MB)
	132380  -  ResidentSetSize of job (KB)
...
006 (14722384.000.000) 02/25 15:29:06 Image size of job updated: 1621924
	130  -  MemoryUsage of job (MB)
	132512  -  ResidentSetSize of job (KB)
...
040 (14722384.000.000) 02/25 15:29:07 Started transferring output files
...
040 (14722384.000.000) 02/25 15:29:07 Finished transferring output files
...
005 (14722384.000.000) 02/25 15:29:07 Job terminated.
	(1) Normal termination (return value 1)
		Usr 0 00:02:52, Sys 0 00:00:07  -  Run Remote Usage
		Usr 0 00:00:00, Sys 0 00:00:00  -  Run Local Usage
		Usr 0 00:02:52, Sys 0 00:00:07  -  Total Remote Usage
		Usr 0 00:00:00, Sys 0 00:00:00  -  Total Local Usage
	17725  -  Run Bytes Sent By Job
	12573  -  Run Bytes Received By Job
	17725  -  Total Bytes Sent By Job
	12573  -  Total Bytes Received By Job
	Partitionable Resources :    Usage  Request Allocated 
	   Cpus                 :        0        1         1 
	   Disk (KB)            :       60       15      3713 
	   GPUs                 :                           0 
	   Memory (MB)          :      130     3000      3000 
	   TimeExecute (s)      :      123                    
	   TimeSlotBusy (s)     :      126                    

	Job terminated of its own accord at 2026-02-25T14:29:06Z with exit-code 1.
...
