000 (14729962.003.000) 02/25 17:14:44 Job submitted from host: <188.184.90.62:9618?addrs=188.184.90.62-9618+[2001-1458-201-e4--100-238]-9618&alias=bigbird16.cern.ch&noUDP&sock=schedd_5196_9a2f>
...
040 (14729962.003.000) 02/25 17:18:38 Started transferring input files
	Transferring to host: <188.185.210.217:9618?addrs=188.185.210.217-9618+[2001-1458-303-15--100-55]-9618&alias=b9p22p3596.cern.ch&noUDP&sock=slot1_9_1481396_3eca_89448>
...
040 (14729962.003.000) 02/25 17:18:38 Finished transferring input files
...
001 (14729962.003.000) 02/25 17:18:39 Job executing on host: <188.185.210.217:9618?addrs=188.185.210.217-9618+[2001-1458-303-15--100-55]-9618&alias=b9p22p3596.cern.ch&noUDP&sock=startd_1480943_4c03>
	SlotName: slot1_9@b9p22p3596.cern.ch
	CondorScratchDir = "/pool/condor/dir_672623"
	Cpus = 1
	Disk = 3813
	GPUs = 0
	Memory = 3000
...
006 (14729962.003.000) 02/25 17:18:53 Image size of job updated: 519748
	508  -  MemoryUsage of job (MB)
	519748  -  ResidentSetSize of job (KB)
...
006 (14729962.003.000) 02/25 17:21:07 Image size of job updated: 2209512
	508  -  MemoryUsage of job (MB)
	519748  -  ResidentSetSize of job (KB)
...
040 (14729962.003.000) 02/25 17:21:07 Started transferring output files
...
040 (14729962.003.000) 02/25 17:21:07 Finished transferring output files
...
005 (14729962.003.000) 02/25 17:21:07 Job terminated.
	(1) Normal termination (return value 1)
		Usr 0 00:03:03, Sys 0 00:00:08  -  Run Remote Usage
		Usr 0 00:00:00, Sys 0 00:00:00  -  Run Local Usage
		Usr 0 00:03:03, Sys 0 00:00:08  -  Total Remote Usage
		Usr 0 00:00:00, Sys 0 00:00:00  -  Total Local Usage
	18908  -  Run Bytes Sent By Job
	12541  -  Run Bytes Received By Job
	18908  -  Total Bytes Sent By Job
	12541  -  Total Bytes Received By Job
	Partitionable Resources :    Usage  Request Allocated 
	   Cpus                 :        0        1         1 
	   Disk (KB)            :       57       15      3813 
	   GPUs                 :                           0 
	   Memory (MB)          :      508     3000      3000 
	   TimeExecute (s)      :      148                    
	   TimeSlotBusy (s)     :      150                    

	Job terminated of its own accord at 2026-02-25T16:21:07Z with exit-code 1.
...
