000 (14729962.000.000) 02/25 17:14:44 Job submitted from host: <188.184.90.62:9618?addrs=188.184.90.62-9618+[2001-1458-201-e4--100-238]-9618&alias=bigbird16.cern.ch&noUDP&sock=schedd_5196_9a2f>
...
040 (14729962.000.000) 02/25 17:18:37 Started transferring input files
	Transferring to host: <188.185.209.21:9618?addrs=188.185.209.21-9618+[2001-1458-303-11--100-12]-9618&alias=b9p11p6444.cern.ch&noUDP&sock=slot1_24_10605_ee88_152297>
...
040 (14729962.000.000) 02/25 17:18:37 Finished transferring input files
...
001 (14729962.000.000) 02/25 17:18:38 Job executing on host: <188.185.209.21:9618?addrs=188.185.209.21-9618+[2001-1458-303-11--100-12]-9618&alias=b9p11p6444.cern.ch&noUDP&sock=startd_10137_b7a2>
	SlotName: slot1_24@b9p11p6444.cern.ch
	CondorScratchDir = "/pool/condor/dir_1141748"
	Cpus = 1
	Disk = 3808
	GPUs = 0
	Memory = 3000
...
006 (14729962.000.000) 02/25 17:18:52 Image size of job updated: 533064
	521  -  MemoryUsage of job (MB)
	533064  -  ResidentSetSize of job (KB)
...
006 (14729962.000.000) 02/25 17:21:09 Image size of job updated: 1494372
	521  -  MemoryUsage of job (MB)
	533276  -  ResidentSetSize of job (KB)
...
040 (14729962.000.000) 02/25 17:21:09 Started transferring output files
...
040 (14729962.000.000) 02/25 17:21:09 Finished transferring output files
...
005 (14729962.000.000) 02/25 17:21:09 Job terminated.
	(1) Normal termination (return value 1)
		Usr 0 00:02:33, Sys 0 00:00:07  -  Run Remote Usage
		Usr 0 00:00:00, Sys 0 00:00:00  -  Run Local Usage
		Usr 0 00:02:33, Sys 0 00:00:07  -  Total Remote Usage
		Usr 0 00:00:00, Sys 0 00:00:00  -  Total Local Usage
	17703  -  Run Bytes Sent By Job
	12541  -  Run Bytes Received By Job
	17703  -  Total Bytes Sent By Job
	12541  -  Total Bytes Received By Job
	Partitionable Resources :    Usage  Request Allocated 
	   Cpus                 :        0        1         1 
	   Disk (KB)            :       59       15      3808 
	   GPUs                 :                           0 
	   Memory (MB)          :      521     3000      3000 
	   TimeExecute (s)      :      151                    
	   TimeSlotBusy (s)     :      153                    

	Job terminated of its own accord at 2026-02-25T16:21:09Z with exit-code 1.
...
