000 (14788596.002.000) 03/03 04:17:54 Job submitted from host: <188.184.90.62:9618?addrs=188.184.90.62-9618+[2001-1458-201-e4--100-238]-9618&alias=bigbird16.cern.ch&noUDP&sock=schedd_5196_9a2f>
...
040 (14788596.002.000) 03/03 04:18:28 Started transferring input files
	Transferring to host: <188.185.214.87:9618?addrs=188.185.214.87-9618+[2001-1458-303-1c--100-53]-9618&alias=b9p29p4639.cern.ch&noUDP&sock=slot1_9_5743_3683_207698>
...
040 (14788596.002.000) 03/03 04:18:28 Finished transferring input files
...
001 (14788596.002.000) 03/03 04:18:29 Job executing on host: <188.185.214.87:9618?addrs=188.185.214.87-9618+[2001-1458-303-1c--100-53]-9618&alias=b9p29p4639.cern.ch&noUDP&sock=startd_4816_f432>
	SlotName: slot1_9@b9p29p4639.cern.ch
	CondorScratchDir = "/pool/condor/dir_3912420"
	Cpus = 1
	Disk = 3845
	GPUs = 0
	Memory = 3000
...
006 (14788596.002.000) 03/03 04:18:43 Image size of job updated: 550444
	538  -  MemoryUsage of job (MB)
	550444  -  ResidentSetSize of job (KB)
...
006 (14788596.002.000) 03/03 04:20:01 Image size of job updated: 1434700
	538  -  MemoryUsage of job (MB)
	550544  -  ResidentSetSize of job (KB)
...
040 (14788596.002.000) 03/03 04:20:01 Started transferring output files
...
040 (14788596.002.000) 03/03 04:20:01 Finished transferring output files
...
005 (14788596.002.000) 03/03 04:20:01 Job terminated.
	(1) Normal termination (return value 1)
		Usr 0 00:02:21, Sys 0 00:00:05  -  Run Remote Usage
		Usr 0 00:00:00, Sys 0 00:00:00  -  Run Local Usage
		Usr 0 00:02:21, Sys 0 00:00:05  -  Total Remote Usage
		Usr 0 00:00:00, Sys 0 00:00:00  -  Total Local Usage
	16835  -  Run Bytes Sent By Job
	16838  -  Run Bytes Received By Job
	16835  -  Total Bytes Sent By Job
	16838  -  Total Bytes Received By Job
	Partitionable Resources :    Usage  Request Allocated 
	   Cpus                 :        0        1         1 
	   Disk (KB)            :       59       20      3845 
	   GPUs                 :                           0 
	   Memory (MB)          :      538     3000      3000 
	   TimeExecute (s)      :       92                    
	   TimeSlotBusy (s)     :       94                    

	Job terminated of its own accord at 2026-03-03T03:20:01Z with exit-code 1.
...
