000 (14788596.001.000) 03/03 04:17:54 Job submitted from host: <188.184.90.62:9618?addrs=188.184.90.62-9618+[2001-1458-201-e4--100-238]-9618&alias=bigbird16.cern.ch&noUDP&sock=schedd_5196_9a2f>
...
040 (14788596.001.000) 03/03 04:18:27 Started transferring input files
	Transferring to host: <188.185.210.8:9618?addrs=188.185.210.8-9618+[2001-1458-303-1--100-4]-9618&alias=b9p21p3703.cern.ch&noUDP&sock=slot1_27_4738_197a_178646>
...
040 (14788596.001.000) 03/03 04:18:27 Finished transferring input files
...
001 (14788596.001.000) 03/03 04:18:28 Job executing on host: <188.185.210.8:9618?addrs=188.185.210.8-9618+[2001-1458-303-1--100-4]-9618&alias=b9p21p3703.cern.ch&noUDP&sock=startd_3951_a2c6>
	SlotName: slot1_27@b9p21p3703.cern.ch
	CondorScratchDir = "/pool/condor/dir_3235541"
	Cpus = 1
	Disk = 3819
	GPUs = 0
	Memory = 3000
...
006 (14788596.001.000) 03/03 04:18:42 Image size of job updated: 604632
	591  -  MemoryUsage of job (MB)
	604632  -  ResidentSetSize of job (KB)
...
006 (14788596.001.000) 03/03 04:20:04 Image size of job updated: 2158124
	592  -  MemoryUsage of job (MB)
	605204  -  ResidentSetSize of job (KB)
...
040 (14788596.001.000) 03/03 04:20:04 Started transferring output files
...
040 (14788596.001.000) 03/03 04:20:04 Finished transferring output files
...
005 (14788596.001.000) 03/03 04:20:04 Job terminated.
	(1) Normal termination (return value 1)
		Usr 0 00:03:14, Sys 0 00:00:08  -  Run Remote Usage
		Usr 0 00:00:00, Sys 0 00:00:00  -  Run Local Usage
		Usr 0 00:03:14, Sys 0 00:00:08  -  Total Remote Usage
		Usr 0 00:00:00, Sys 0 00:00:00  -  Total Local Usage
	17082  -  Run Bytes Sent By Job
	16838  -  Run Bytes Received By Job
	17082  -  Total Bytes Sent By Job
	16838  -  Total Bytes Received By Job
	Partitionable Resources :    Usage  Request Allocated 
	   Cpus                 :     2.73        1         1 
	   Disk (KB)            :    59          20      3819 
	   GPUs                 :                           0 
	   Memory (MB)          :   592        3000      3000 
	   TimeExecute (s)      :    96                       
	   TimeSlotBusy (s)     :    98                       

	Job terminated of its own accord at 2026-03-03T03:20:04Z with exit-code 1.
...
