000 (14788596.000.000) 03/03 04:17:54 Job submitted from host: <188.184.90.62:9618?addrs=188.184.90.62-9618+[2001-1458-201-e4--100-238]-9618&alias=bigbird16.cern.ch&noUDP&sock=schedd_5196_9a2f>
...
040 (14788596.000.000) 03/03 04:18:27 Started transferring input files
	Transferring to host: <188.185.210.167:9618?addrs=188.185.210.167-9618+[2001-1458-303-15--100-23]-9618&alias=b9p22p8858.cern.ch&noUDP&sock=slot1_27_4847_e65e_172538>
...
040 (14788596.000.000) 03/03 04:18:27 Finished transferring input files
...
001 (14788596.000.000) 03/03 04:18:28 Job executing on host: <188.185.210.167:9618?addrs=188.185.210.167-9618+[2001-1458-303-15--100-23]-9618&alias=b9p22p8858.cern.ch&noUDP&sock=startd_3989_b360>
	SlotName: slot1_27@b9p22p8858.cern.ch
	CondorScratchDir = "/pool/condor/dir_128754"
	Cpus = 1
	Disk = 3836
	GPUs = 0
	Memory = 3000
...
006 (14788596.000.000) 03/03 04:18:42 Image size of job updated: 512596
	501  -  MemoryUsage of job (MB)
	512596  -  ResidentSetSize of job (KB)
...
006 (14788596.000.000) 03/03 04:20:45 Image size of job updated: 1990920
	502  -  MemoryUsage of job (MB)
	513040  -  ResidentSetSize of job (KB)
...
040 (14788596.000.000) 03/03 04:20:45 Started transferring output files
...
040 (14788596.000.000) 03/03 04:20:45 Finished transferring output files
...
005 (14788596.000.000) 03/03 04:20:45 Job terminated.
	(1) Normal termination (return value 1)
		Usr 0 00:03:06, Sys 0 00:00:08  -  Run Remote Usage
		Usr 0 00:00:00, Sys 0 00:00:00  -  Run Local Usage
		Usr 0 00:03:06, Sys 0 00:00:08  -  Total Remote Usage
		Usr 0 00:00:00, Sys 0 00:00:00  -  Total Local Usage
	17346  -  Run Bytes Sent By Job
	16838  -  Run Bytes Received By Job
	17346  -  Total Bytes Sent By Job
	16838  -  Total Bytes Received By Job
	Partitionable Resources :    Usage  Request Allocated 
	   Cpus                 :        0        1         1 
	   Disk (KB)            :       59       20      3836 
	   GPUs                 :                           0 
	   Memory (MB)          :      502     3000      3000 
	   TimeExecute (s)      :      137                    
	   TimeSlotBusy (s)     :      139                    

	Job terminated of its own accord at 2026-03-03T03:20:45Z with exit-code 1.
...
