000 (14788596.003.000) 03/03 04:17:54 Job submitted from host: <188.184.90.62:9618?addrs=188.184.90.62-9618+[2001-1458-201-e4--100-238]-9618&alias=bigbird16.cern.ch&noUDP&sock=schedd_5196_9a2f>
...
040 (14788596.003.000) 03/03 04:18:28 Started transferring input files
	Transferring to host: <188.185.207.143:9618?addrs=188.185.207.143-9618+[2001-1458-303-e--100-c]-9618&alias=b9p08p3391.cern.ch&noUDP&sock=slot1_29_234186_f8ec_39667>
...
040 (14788596.003.000) 03/03 04:18:28 Finished transferring input files
...
001 (14788596.003.000) 03/03 04:18:29 Job executing on host: <188.185.207.143:9618?addrs=188.185.207.143-9618+[2001-1458-303-e--100-c]-9618&alias=b9p08p3391.cern.ch&noUDP&sock=startd_9437_9356>
	SlotName: slot1_29@b9p08p3391.cern.ch
	CondorScratchDir = "/pool/condor/dir_1683811"
	Cpus = 1
	Disk = 3613
	GPUs = 0
	Memory = 3000
...
006 (14788596.003.000) 03/03 04:18:43 Image size of job updated: 503108
	492  -  MemoryUsage of job (MB)
	503108  -  ResidentSetSize of job (KB)
...
006 (14788596.003.000) 03/03 04:19:48 Image size of job updated: 598308
	492  -  MemoryUsage of job (MB)
	503240  -  ResidentSetSize of job (KB)
...
040 (14788596.003.000) 03/03 04:19:48 Started transferring output files
...
040 (14788596.003.000) 03/03 04:19:48 Finished transferring output files
...
005 (14788596.003.000) 03/03 04:19:49 Job terminated.
	(1) Normal termination (return value 1)
		Usr 0 00:00:26, Sys 0 00:00:03  -  Run Remote Usage
		Usr 0 00:00:00, Sys 0 00:00:00  -  Run Local Usage
		Usr 0 00:00:26, Sys 0 00:00:03  -  Total Remote Usage
		Usr 0 00:00:00, Sys 0 00:00:00  -  Total Local Usage
	10387  -  Run Bytes Sent By Job
	16838  -  Run Bytes Received By Job
	10387  -  Total Bytes Sent By Job
	16838  -  Total Bytes Received By Job
	Partitionable Resources :    Usage  Request Allocated 
	   Cpus                 :        0        1         1 
	   Disk (KB)            :       55       20      3613 
	   GPUs                 :                           0 
	   Memory (MB)          :      492     3000      3000 
	   TimeExecute (s)      :       79                    
	   TimeSlotBusy (s)     :       81                    

	Job terminated of its own accord at 2026-03-03T03:19:48Z with exit-code 1.
...
