000 (14788596.005.000) 03/03 04:17:54 Job submitted from host: <188.184.90.62:9618?addrs=188.184.90.62-9618+[2001-1458-201-e4--100-238]-9618&alias=bigbird16.cern.ch&noUDP&sock=schedd_5196_9a2f>
...
040 (14788596.005.000) 03/03 04:18:34 Started transferring input files
	Transferring to host: <188.185.210.164:9618?addrs=188.185.210.164-9618+[2001-1458-303-15--100-20]-9618&alias=b9p22p8944.cern.ch&noUDP&sock=slot1_12_3122_7b38_207620>
...
040 (14788596.005.000) 03/03 04:18:34 Finished transferring input files
...
001 (14788596.005.000) 03/03 04:18:35 Job executing on host: <188.185.210.164:9618?addrs=188.185.210.164-9618+[2001-1458-303-15--100-20]-9618&alias=b9p22p8944.cern.ch&noUDP&sock=startd_2680_d5e7>
	SlotName: slot1_12@b9p22p8944.cern.ch
	CondorScratchDir = "/pool/condor/dir_832283"
	Cpus = 1
	Disk = 3875
	GPUs = 0
	Memory = 3000
...
006 (14788596.005.000) 03/03 04:18:49 Image size of job updated: 560596
	548  -  MemoryUsage of job (MB)
	560596  -  ResidentSetSize of job (KB)
...
006 (14788596.005.000) 03/03 04:19:49 Image size of job updated: 573168
	548  -  MemoryUsage of job (MB)
	560596  -  ResidentSetSize of job (KB)
...
040 (14788596.005.000) 03/03 04:19:49 Started transferring output files
...
040 (14788596.005.000) 03/03 04:19:49 Finished transferring output files
...
005 (14788596.005.000) 03/03 04:19:49 Job terminated.
	(1) Normal termination (return value 1)
		Usr 0 00:00:15, Sys 0 00:00:02  -  Run Remote Usage
		Usr 0 00:00:00, Sys 0 00:00:00  -  Run Local Usage
		Usr 0 00:00:15, Sys 0 00:00:02  -  Total Remote Usage
		Usr 0 00:00:00, Sys 0 00:00:00  -  Total Local Usage
	10413  -  Run Bytes Sent By Job
	16838  -  Run Bytes Received By Job
	10413  -  Total Bytes Sent By Job
	16838  -  Total Bytes Received By Job
	Partitionable Resources :    Usage  Request Allocated 
	   Cpus                 :        0        1         1 
	   Disk (KB)            :       52       20      3875 
	   GPUs                 :                           0 
	   Memory (MB)          :      548     3000      3000 
	   TimeExecute (s)      :       74                    
	   TimeSlotBusy (s)     :       76                    

	Job terminated of its own accord at 2026-03-03T03:19:49Z with exit-code 1.
...
