000 (14793324.006.000) 03/05 15:53:25 Job submitted from host: <188.184.90.62:9618?addrs=188.184.90.62-9618+[2001-1458-201-e4--100-238]-9618&alias=bigbird16.cern.ch&noUDP&sock=schedd_5196_9a2f>
...
040 (14793324.006.000) 03/05 16:27:21 Started transferring input files
	Transferring to host: <188.185.215.33:9618?addrs=188.185.215.33-9618+[2001-1458-303-1e--100-1d]-9618&alias=b9p31p5823.cern.ch&noUDP&sock=slot1_25_5579_a8fc_183410>
...
040 (14793324.006.000) 03/05 16:27:21 Finished transferring input files
...
001 (14793324.006.000) 03/05 16:27:22 Job executing on host: <188.185.215.33:9618?addrs=188.185.215.33-9618+[2001-1458-303-1e--100-1d]-9618&alias=b9p31p5823.cern.ch&noUDP&sock=startd_4611_5748>
	SlotName: slot1_25@b9p31p5823.cern.ch
	CondorScratchDir = "/pool/condor/dir_2419361"
	Cpus = 1
	Disk = 3854
	GPUs = 0
	Memory = 3000
...
006 (14793324.006.000) 03/05 16:27:36 Image size of job updated: 156568
	153  -  MemoryUsage of job (MB)
	156568  -  ResidentSetSize of job (KB)
...
006 (14793324.006.000) 03/05 16:32:36 Image size of job updated: 2423972
	2368  -  MemoryUsage of job (MB)
	2423972  -  ResidentSetSize of job (KB)
...
006 (14793324.006.000) 03/05 16:36:40 Image size of job updated: 3039420
	2368  -  MemoryUsage of job (MB)
	2424020  -  ResidentSetSize of job (KB)
...
040 (14793324.006.000) 03/05 16:36:40 Started transferring output files
...
040 (14793324.006.000) 03/05 16:36:40 Finished transferring output files
...
005 (14793324.006.000) 03/05 16:36:40 Job terminated.
	(1) Normal termination (return value 1)
		Usr 0 00:16:24, Sys 0 00:00:31  -  Run Remote Usage
		Usr 0 00:00:00, Sys 0 00:00:00  -  Run Local Usage
		Usr 0 00:16:24, Sys 0 00:00:31  -  Total Remote Usage
		Usr 0 00:00:00, Sys 0 00:00:00  -  Total Local Usage
	32019  -  Run Bytes Sent By Job
	27178  -  Run Bytes Received By Job
	32019  -  Total Bytes Sent By Job
	27178  -  Total Bytes Received By Job
	Partitionable Resources :    Usage  Request Allocated 
	   Cpus                 :        0        1         1 
	   Disk (KB)            :       84       30      3854 
	   GPUs                 :                           0 
	   Memory (MB)          :     2368     3000      3000 
	   TimeExecute (s)      :      558                    
	   TimeSlotBusy (s)     :      560                    

	Job terminated of its own accord at 2026-03-05T15:36:40Z with exit-code 1.
...
