000 (14793324.001.000) 03/05 15:53:24 Job submitted from host: <188.184.90.62:9618?addrs=188.184.90.62-9618+[2001-1458-201-e4--100-238]-9618&alias=bigbird16.cern.ch&noUDP&sock=schedd_5196_9a2f>
...
040 (14793324.001.000) 03/05 16:27:19 Started transferring input files
	Transferring to host: <128.142.33.209:9618?addrs=128.142.33.209-9618+[2001-1458-301-39--100-e]-9618&alias=b9g24p9133.cern.ch&noUDP&sock=slot1_37_4893_4fa0_182692>
...
040 (14793324.001.000) 03/05 16:27:19 Finished transferring input files
...
001 (14793324.001.000) 03/05 16:27:21 Job executing on host: <128.142.33.209:9618?addrs=128.142.33.209-9618+[2001-1458-301-39--100-e]-9618&alias=b9g24p9133.cern.ch&noUDP&sock=startd_4066_842a>
	SlotName: slot1_37@b9g24p9133.cern.ch
	CondorScratchDir = "/pool/condor/dir_3039646"
	Cpus = 1
	Disk = 3843
	GPUs = 0
	Memory = 3000
...
006 (14793324.001.000) 03/05 16:27:34 Image size of job updated: 229116
	224  -  MemoryUsage of job (MB)
	229116  -  ResidentSetSize of job (KB)
...
006 (14793324.001.000) 03/05 16:32:34 Image size of job updated: 2262036
	1866  -  MemoryUsage of job (MB)
	1909844  -  ResidentSetSize of job (KB)
...
006 (14793324.001.000) 03/05 16:35:38 Image size of job updated: 2357796
	1866  -  MemoryUsage of job (MB)
	1909844  -  ResidentSetSize of job (KB)
...
040 (14793324.001.000) 03/05 16:35:47 Started transferring output files
...
040 (14793324.001.000) 03/05 16:35:49 Finished transferring output files
...
005 (14793324.001.000) 03/05 16:35:53 Job terminated.
	(1) Normal termination (return value 1)
		Usr 0 00:10:13, Sys 0 00:00:20  -  Run Remote Usage
		Usr 0 00:00:00, Sys 0 00:00:00  -  Run Local Usage
		Usr 0 00:10:13, Sys 0 00:00:20  -  Total Remote Usage
		Usr 0 00:00:00, Sys 0 00:00:00  -  Total Local Usage
	25537  -  Run Bytes Sent By Job
	27178  -  Run Bytes Received By Job
	25537  -  Total Bytes Sent By Job
	27178  -  Total Bytes Received By Job
	Partitionable Resources :    Usage  Request Allocated 
	   Cpus                 :                 1         1 
	   Disk (KB)            :       69       30      3843 
	   GPUs                 :                           0 
	   Memory (MB)          :     1866     3000      3000 
	   TimeExecute (s)      :      498                    
	   TimeSlotBusy (s)     :      513                    

	Job terminated of its own accord at 2026-03-05T15:35:38Z with exit-code 1.
...
