000 (14793324.008.000) 03/05 15:53:25 Job submitted from host: <188.184.90.62:9618?addrs=188.184.90.62-9618+[2001-1458-201-e4--100-238]-9618&alias=bigbird16.cern.ch&noUDP&sock=schedd_5196_9a2f>
...
040 (14793324.008.000) 03/05 16:27:21 Started transferring input files
	Transferring to host: <188.185.209.185:9618?addrs=188.185.209.185-9618+[2001-1458-303-12--100-36]-9618&alias=b9p12p2405.cern.ch&noUDP&sock=slot1_13_4108_3520_158468>
...
040 (14793324.008.000) 03/05 16:27:21 Finished transferring input files
...
001 (14793324.008.000) 03/05 16:27:22 Job executing on host: <188.185.209.185:9618?addrs=188.185.209.185-9618+[2001-1458-303-12--100-36]-9618&alias=b9p12p2405.cern.ch&noUDP&sock=startd_3588_a5e5>
	SlotName: slot1_13@b9p12p2405.cern.ch
	CondorScratchDir = "/pool/condor/dir_141566"
	Cpus = 1
	Disk = 3661
	GPUs = 0
	Memory = 3000
...
006 (14793324.008.000) 03/05 16:27:36 Image size of job updated: 393968
	385  -  MemoryUsage of job (MB)
	393968  -  ResidentSetSize of job (KB)
...
006 (14793324.008.000) 03/05 16:32:36 Image size of job updated: 2350136
	2141  -  MemoryUsage of job (MB)
	2192244  -  ResidentSetSize of job (KB)
...
006 (14793324.008.000) 03/05 16:37:36 Image size of job updated: 2841264
	2644  -  MemoryUsage of job (MB)
	2707084  -  ResidentSetSize of job (KB)
...
006 (14793324.008.000) 03/05 16:41:24 Image size of job updated: 3034300
	2644  -  MemoryUsage of job (MB)
	2707084  -  ResidentSetSize of job (KB)
...
040 (14793324.008.000) 03/05 16:41:24 Started transferring output files
...
040 (14793324.008.000) 03/05 16:41:24 Finished transferring output files
...
005 (14793324.008.000) 03/05 16:41:24 Job terminated.
	(1) Normal termination (return value 1)
		Usr 0 00:18:12, Sys 0 00:00:34  -  Run Remote Usage
		Usr 0 00:00:00, Sys 0 00:00:00  -  Run Local Usage
		Usr 0 00:18:12, Sys 0 00:00:34  -  Total Remote Usage
		Usr 0 00:00:00, Sys 0 00:00:00  -  Total Local Usage
	34250  -  Run Bytes Sent By Job
	27178  -  Run Bytes Received By Job
	34250  -  Total Bytes Sent By Job
	27178  -  Total Bytes Received By Job
	Partitionable Resources :    Usage  Request Allocated 
	   Cpus                 :     1.12        1         1 
	   Disk (KB)            :    90          30      3661 
	   GPUs                 :                           0 
	   Memory (MB)          :  2644        3000      3000 
	   TimeExecute (s)      :   842                       
	   TimeSlotBusy (s)     :   844                       

	Job terminated of its own accord at 2026-03-05T15:41:24Z with exit-code 1.
...
