000 (14793324.003.000) 03/05 15:53:25 Job submitted from host: <188.184.90.62:9618?addrs=188.184.90.62-9618+[2001-1458-201-e4--100-238]-9618&alias=bigbird16.cern.ch&noUDP&sock=schedd_5196_9a2f>
...
040 (14793324.003.000) 03/05 16:27:20 Started transferring input files
	Transferring to host: <188.185.210.223:9618?addrs=188.185.210.223-9618+[2001-1458-303-15--100-5b]-9618&alias=b9p22p3713.cern.ch&noUDP&sock=slot1_26_5777_2b44_177903>
...
040 (14793324.003.000) 03/05 16:27:20 Finished transferring input files
...
001 (14793324.003.000) 03/05 16:27:21 Job executing on host: <188.185.210.223:9618?addrs=188.185.210.223-9618+[2001-1458-303-15--100-5b]-9618&alias=b9p22p3713.cern.ch&noUDP&sock=startd_4976_b359>
	SlotName: slot1_26@b9p22p3713.cern.ch
	CondorScratchDir = "/pool/condor/dir_1898618"
	Cpus = 1
	Disk = 3873
	GPUs = 0
	Memory = 3000
...
006 (14793324.003.000) 03/05 16:27:35 Image size of job updated: 381408
	373  -  MemoryUsage of job (MB)
	381408  -  ResidentSetSize of job (KB)
...
006 (14793324.003.000) 03/05 16:32:36 Image size of job updated: 2363788
	1973  -  MemoryUsage of job (MB)
	2019752  -  ResidentSetSize of job (KB)
...
006 (14793324.003.000) 03/05 16:37:36 Image size of job updated: 2782024
	2500  -  MemoryUsage of job (MB)
	2559492  -  ResidentSetSize of job (KB)
...
040 (14793324.003.000) 03/05 16:40:47 Started transferring output files
...
040 (14793324.003.000) 03/05 16:40:49 Finished transferring output files
...
005 (14793324.003.000) 03/05 16:41:05 Job terminated.
	(1) Normal termination (return value 1)
		Usr 0 00:25:41, Sys 0 00:00:59  -  Run Remote Usage
		Usr 0 00:00:00, Sys 0 00:00:00  -  Run Local Usage
		Usr 0 00:25:41, Sys 0 00:00:59  -  Total Remote Usage
		Usr 0 00:00:00, Sys 0 00:00:00  -  Total Local Usage
	42919  -  Run Bytes Sent By Job
	27178  -  Run Bytes Received By Job
	42919  -  Total Bytes Sent By Job
	27178  -  Total Bytes Received By Job
	Partitionable Resources :    Usage  Request Allocated 
	   Cpus                 :     1.33        1         1 
	   Disk (KB)            :    95          30      3873 
	   GPUs                 :                           0 
	   Memory (MB)          :  2500        3000      3000 
	   TimeExecute (s)      :   802                       
	   TimeSlotBusy (s)     :   813                       

	Job terminated of its own accord at 2026-03-05T15:40:43Z with exit-code 1.
...
