subject   : /DC=ch/DC=cern/OU=Organic Units/OU=Users/CN=driosper/CN=886669/CN=Diego Alejandro Rios Perez/CN=2603696693
issuer    : /DC=ch/DC=cern/OU=Organic Units/OU=Users/CN=driosper/CN=886669/CN=Diego Alejandro Rios Perez
identity  : /DC=ch/DC=cern/OU=Organic Units/OU=Users/CN=driosper/CN=886669/CN=Diego Alejandro Rios Perez
type      : RFC compliant proxy
strength  : 2048 bits
path      : /afs/cern.ch/user/d/driosper/private/x509up_u182284
timeleft  : 10:08:15
key usage : Digital Signature, Key Encipherment
=== VO cms extension information ===
VO        : cms
subject   : /DC=ch/DC=cern/OU=Organic Units/OU=Users/CN=driosper/CN=886669/CN=Diego Alejandro Rios Perez
issuer    : /DC=ch/DC=cern/OU=computers/CN=cms-auth.cern.ch
attribute : /cms/Role=NULL/Capability=NULL
timeleft  : 10:08:15
uri       : voms-cms-auth.cern.ch:15000
--workflow qcd_tf_mu --year 2022preEE --output_path /eos/user/d/driosper/bsm3g_coffea/outputs/qcd_tf_mu/2022preEE/TTto4Q --output_format coffea --dataset TTto4Q_1 --partition_json /srv/partition_fileset.json
  Preprocessing 100% ━━━━━━━━━━━━━━━━ 10/10 [ 0:00:19 < 0:00:00 | 0.5   file/s ]
Merging (local) 100% ━━━━━━━━━━━━━━━━ 10/10 [ 0:00:19 < 0:00:00 | ?   merges/s ]
     Processing  50% ━━━━━━━━         19/38 [ 0:05:15 < 0:01:48 | 0.2  chunk/s ]
Merging (local) 100% ━━━━━━━━━━━━━━━━ 18/18 [ 0:05:10 < 0:00:00 | ?   merges/s ]
There are 43869 events with muon pt outside of [26,200] GeV. Setting those entries to their initial value.
There are 43869 events with muon pt outside of [26,200] GeV. Setting those entries to their initial value.
There are 148 nan entries in the corrected pt. This might be due to the number of tracker layers hitting boundaries. Setting those entries to their initial value.
There are 40838 events with muon pt outside of [26,200] GeV. Setting those entries to their initial value.
There are 40840 events with muon pt outside of [26,200] GeV. Setting those entries to their initial value.
There are 154 nan entries in the corrected pt. This might be due to the number of tracker layers hitting boundaries. Setting those entries to their initial value.
There are 30884 events with muon pt outside of [26,200] GeV. Setting those entries to their initial value.
There are 30885 events with muon pt outside of [26,200] GeV. Setting those entries to their initial value.
There are 111 nan entries in the corrected pt. This might be due to the number of tracker layers hitting boundaries. Setting those entries to their initial value.
There are 42155 events with muon pt outside of [26,200] GeV. Setting those entries to their initial value.
There are 42157 events with muon pt outside of [26,200] GeV. Setting those entries to their initial value.
There are 123 nan entries in the corrected pt. This might be due to the number of tracker layers hitting boundaries. Setting those entries to their initial value.
There are 39673 events with muon pt outside of [26,200] GeV. Setting those entries to their initial value.
There are 39674 events with muon pt outside of [26,200] GeV. Setting those entries to their initial value.
There are 141 nan entries in the corrected pt. This might be due to the number of tracker layers hitting boundaries. Setting those entries to their initial value.
There are 39329 events with muon pt outside of [26,200] GeV. Setting those entries to their initial value.
There are 39329 events with muon pt outside of [26,200] GeV. Setting those entries to their initial value.
There are 115 nan entries in the corrected pt. This might be due to the number of tracker layers hitting boundaries. Setting those entries to their initial value.
There are 41098 events with muon pt outside of [26,200] GeV. Setting those entries to their initial value.
There are 41099 events with muon pt outside of [26,200] GeV. Setting those entries to their initial value.
There are 137 nan entries in the corrected pt. This might be due to the number of tracker layers hitting boundaries. Setting those entries to their initial value.
There are 41090 events with muon pt outside of [26,200] GeV. Setting those entries to their initial value.
There are 41090 events with muon pt outside of [26,200] GeV. Setting those entries to their initial value.
There are 142 nan entries in the corrected pt. This might be due to the number of tracker layers hitting boundaries. Setting those entries to their initial value.
There are 38669 events with muon pt outside of [26,200] GeV. Setting those entries to their initial value.
There are 38669 events with muon pt outside of [26,200] GeV. Setting those entries to their initial value.
There are 124 nan entries in the corrected pt. This might be due to the number of tracker layers hitting boundaries. Setting those entries to their initial value.
There are 43513 events with muon pt outside of [26,200] GeV. Setting those entries to their initial value.
There are 43515 events with muon pt outside of [26,200] GeV. Setting those entries to their initial value.
There are 145 nan entries in the corrected pt. This might be due to the number of tracker layers hitting boundaries. Setting those entries to their initial value.
There are 44105 events with muon pt outside of [26,200] GeV. Setting those entries to their initial value.
There are 44105 events with muon pt outside of [26,200] GeV. Setting those entries to their initial value.
There are 133 nan entries in the corrected pt. This might be due to the number of tracker layers hitting boundaries. Setting those entries to their initial value.
There are 40546 events with muon pt outside of [26,200] GeV. Setting those entries to their initial value.
There are 40547 events with muon pt outside of [26,200] GeV. Setting those entries to their initial value.
There are 125 nan entries in the corrected pt. This might be due to the number of tracker layers hitting boundaries. Setting those entries to their initial value.
There are 42050 events with muon pt outside of [26,200] GeV. Setting those entries to their initial value.
There are 42050 events with muon pt outside of [26,200] GeV. Setting those entries to their initial value.
There are 111 nan entries in the corrected pt. This might be due to the number of tracker layers hitting boundaries. Setting those entries to their initial value.
There are 39523 events with muon pt outside of [26,200] GeV. Setting those entries to their initial value.
There are 39526 events with muon pt outside of [26,200] GeV. Setting those entries to their initial value.
There are 124 nan entries in the corrected pt. This might be due to the number of tracker layers hitting boundaries. Setting those entries to their initial value.
There are 39366 events with muon pt outside of [26,200] GeV. Setting those entries to their initial value.
There are 39366 events with muon pt outside of [26,200] GeV. Setting those entries to their initial value.
There are 102 nan entries in the corrected pt. This might be due to the number of tracker layers hitting boundaries. Setting those entries to their initial value.
There are 60538 events with muon pt outside of [26,200] GeV. Setting those entries to their initial value.
There are 60539 events with muon pt outside of [26,200] GeV. Setting those entries to their initial value.
There are 188 nan entries in the corrected pt. This might be due to the number of tracker layers hitting boundaries. Setting those entries to their initial value.
There are 39010 events with muon pt outside of [26,200] GeV. Setting those entries to their initial value.
There are 39012 events with muon pt outside of [26,200] GeV. Setting those entries to their initial value.
There are 114 nan entries in the corrected pt. This might be due to the number of tracker layers hitting boundaries. Setting those entries to their initial value.
There are 38484 events with muon pt outside of [26,200] GeV. Setting those entries to their initial value.
There are 38485 events with muon pt outside of [26,200] GeV. Setting those entries to their initial value.
There are 116 nan entries in the corrected pt. This might be due to the number of tracker layers hitting boundaries. Setting those entries to their initial value.
There are 43572 events with muon pt outside of [26,200] GeV. Setting those entries to their initial value.
There are 43572 events with muon pt outside of [26,200] GeV. Setting those entries to their initial value.
There are 119 nan entries in the corrected pt. This might be due to the number of tracker layers hitting boundaries. Setting those entries to their initial value.
There are 40605 events with muon pt outside of [26,200] GeV. Setting those entries to their initial value.
There are 40605 events with muon pt outside of [26,200] GeV. Setting those entries to their initial value.
There are 126 nan entries in the corrected pt. This might be due to the number of tracker layers hitting boundaries. Setting those entries to their initial value.
There are 40782 events with muon pt outside of [26,200] GeV. Setting those entries to their initial value.
There are 40782 events with muon pt outside of [26,200] GeV. Setting those entries to their initial value.
There are 136 nan entries in the corrected pt. This might be due to the number of tracker layers hitting boundaries. Setting those entries to their initial value.
There are 40464 events with muon pt outside of [26,200] GeV. Setting those entries to their initial value.
There are 40465 events with muon pt outside of [26,200] GeV. Setting those entries to their initial value.
There are 122 nan entries in the corrected pt. This might be due to the number of tracker layers hitting boundaries. Setting those entries to their initial value.
There are 42152 events with muon pt outside of [26,200] GeV. Setting those entries to their initial value.
There are 42152 events with muon pt outside of [26,200] GeV. Setting those entries to their initial value.
There are 118 nan entries in the corrected pt. This might be due to the number of tracker layers hitting boundaries. Setting those entries to their initial value.
There are 41944 events with muon pt outside of [26,200] GeV. Setting those entries to their initial value.
There are 41945 events with muon pt outside of [26,200] GeV. Setting those entries to their initial value.
There are 148 nan entries in the corrected pt. This might be due to the number of tracker layers hitting boundaries. Setting those entries to their initial value.
There are 39633 events with muon pt outside of [26,200] GeV. Setting those entries to their initial value.
There are 39633 events with muon pt outside of [26,200] GeV. Setting those entries to their initial value.
There are 137 nan entries in the corrected pt. This might be due to the number of tracker layers hitting boundaries. Setting those entries to their initial value.
There are 41048 events with muon pt outside of [26,200] GeV. Setting those entries to their initial value.
There are 41048 events with muon pt outside of [26,200] GeV. Setting those entries to their initial value.
There are 126 nan entries in the corrected pt. This might be due to the number of tracker layers hitting boundaries. Setting those entries to their initial value.
There are 41301 events with muon pt outside of [26,200] GeV. Setting those entries to their initial value.
There are 41301 events with muon pt outside of [26,200] GeV. Setting those entries to their initial value.
There are 123 nan entries in the corrected pt. This might be due to the number of tracker layers hitting boundaries. Setting those entries to their initial value.
There are 38720 events with muon pt outside of [26,200] GeV. Setting those entries to their initial value.
There are 38720 events with muon pt outside of [26,200] GeV. Setting those entries to their initial value.
There are 156 nan entries in the corrected pt. This might be due to the number of tracker layers hitting boundaries. Setting those entries to their initial value.
There are 38833 events with muon pt outside of [26,200] GeV. Setting those entries to their initial value.
There are 38833 events with muon pt outside of [26,200] GeV. Setting those entries to their initial value.
There are 127 nan entries in the corrected pt. This might be due to the number of tracker layers hitting boundaries. Setting those entries to their initial value.
There are 43904 events with muon pt outside of [26,200] GeV. Setting those entries to their initial value.
There are 43904 events with muon pt outside of [26,200] GeV. Setting those entries to their initial value.
There are 113 nan entries in the corrected pt. This might be due to the number of tracker layers hitting boundaries. Setting those entries to their initial value.
There are 40573 events with muon pt outside of [26,200] GeV. Setting those entries to their initial value.
There are 40573 events with muon pt outside of [26,200] GeV. Setting those entries to their initial value.
There are 125 nan entries in the corrected pt. This might be due to the number of tracker layers hitting boundaries. Setting those entries to their initial value.
There are 30651 events with muon pt outside of [26,200] GeV. Setting those entries to their initial value.
There are 30652 events with muon pt outside of [26,200] GeV. Setting those entries to their initial value.
There are 105 nan entries in the corrected pt. This might be due to the number of tracker layers hitting boundaries. Setting those entries to their initial value.
There are 42046 events with muon pt outside of [26,200] GeV. Setting those entries to their initial value.
There are 42047 events with muon pt outside of [26,200] GeV. Setting those entries to their initial value.
There are 149 nan entries in the corrected pt. This might be due to the number of tracker layers hitting boundaries. Setting those entries to their initial value.
There are 39406 events with muon pt outside of [26,200] GeV. Setting those entries to their initial value.
There are 39409 events with muon pt outside of [26,200] GeV. Setting those entries to their initial value.
There are 147 nan entries in the corrected pt. This might be due to the number of tracker layers hitting boundaries. Setting those entries to their initial value.
There are 44251 events with muon pt outside of [26,200] GeV. Setting those entries to their initial value.
There are 44251 events with muon pt outside of [26,200] GeV. Setting those entries to their initial value.
There are 134 nan entries in the corrected pt. This might be due to the number of tracker layers hitting boundaries. Setting those entries to their initial value.
There are 41439 events with muon pt outside of [26,200] GeV. Setting those entries to their initial value.
There are 41439 events with muon pt outside of [26,200] GeV. Setting those entries to their initial value.
There are 142 nan entries in the corrected pt. This might be due to the number of tracker layers hitting boundaries. Setting those entries to their initial value.
There are 38803 events with muon pt outside of [26,200] GeV. Setting those entries to their initial value.
There are 38804 events with muon pt outside of [26,200] GeV. Setting those entries to their initial value.
There are 107 nan entries in the corrected pt. This might be due to the number of tracker layers hitting boundaries. Setting those entries to their initial value.
There are 43795 events with muon pt outside of [26,200] GeV. Setting those entries to their initial value.
There are 43795 events with muon pt outside of [26,200] GeV. Setting those entries to their initial value.
There are 130 nan entries in the corrected pt. This might be due to the number of tracker layers hitting boundaries. Setting those entries to their initial value.
