subject   : /DC=ch/DC=cern/OU=Organic Units/OU=Users/CN=driosper/CN=886669/CN=Diego Alejandro Rios Perez/CN=2603696693
issuer    : /DC=ch/DC=cern/OU=Organic Units/OU=Users/CN=driosper/CN=886669/CN=Diego Alejandro Rios Perez
identity  : /DC=ch/DC=cern/OU=Organic Units/OU=Users/CN=driosper/CN=886669/CN=Diego Alejandro Rios Perez
type      : RFC compliant proxy
strength  : 2048 bits
path      : /afs/cern.ch/user/d/driosper/private/x509up_u182284
timeleft  : 10:08:15
key usage : Digital Signature, Key Encipherment
=== VO cms extension information ===
VO        : cms
subject   : /DC=ch/DC=cern/OU=Organic Units/OU=Users/CN=driosper/CN=886669/CN=Diego Alejandro Rios Perez
issuer    : /DC=ch/DC=cern/OU=computers/CN=cms-auth.cern.ch
attribute : /cms/Role=NULL/Capability=NULL
timeleft  : 10:08:15
uri       : voms-cms-auth.cern.ch:15000
--workflow qcd_tf_mu --year 2022preEE --output_path /eos/user/d/driosper/bsm3g_coffea/outputs/qcd_tf_mu/2022preEE/TTto4Q --output_format coffea --dataset TTto4Q_12 --partition_json /srv/partition_fileset.json
  Preprocessing 100% ━━━━━━━━━━━━━━━━━━ 9/9 [ 0:00:15 < 0:00:00 | 0.6   file/s ]
Merging (local) 100% ━━━━━━━━━━━━━━━━━━ 9/9 [ 0:00:15 < 0:00:00 | ?   merges/s ]
     Processing  53% ━━━━━━━━╸        41/77 [ 0:08:36 < 0:03:42 | 0.2  chunk/s ]
Merging (local) 100% ━━━━━━━━━━━━━━━━ 40/40 [ 0:08:35 < 0:00:00 | ?   merges/s ]
There are 38727 events with muon pt outside of [26,200] GeV. Setting those entries to their initial value.
There are 38727 events with muon pt outside of [26,200] GeV. Setting those entries to their initial value.
There are 139 nan entries in the corrected pt. This might be due to the number of tracker layers hitting boundaries. Setting those entries to their initial value.
There are 38727 events with muon pt outside of [26,200] GeV. Setting those entries to their initial value.
There are 38727 events with muon pt outside of [26,200] GeV. Setting those entries to their initial value.
There are 126 nan entries in the corrected pt. This might be due to the number of tracker layers hitting boundaries. Setting those entries to their initial value.
There are 42831 events with muon pt outside of [26,200] GeV. Setting those entries to their initial value.
There are 42833 events with muon pt outside of [26,200] GeV. Setting those entries to their initial value.
There are 148 nan entries in the corrected pt. This might be due to the number of tracker layers hitting boundaries. Setting those entries to their initial value.
There are 43034 events with muon pt outside of [26,200] GeV. Setting those entries to their initial value.
There are 43035 events with muon pt outside of [26,200] GeV. Setting those entries to their initial value.
There are 138 nan entries in the corrected pt. This might be due to the number of tracker layers hitting boundaries. Setting those entries to their initial value.
There are 42199 events with muon pt outside of [26,200] GeV. Setting those entries to their initial value.
There are 42200 events with muon pt outside of [26,200] GeV. Setting those entries to their initial value.
There are 122 nan entries in the corrected pt. This might be due to the number of tracker layers hitting boundaries. Setting those entries to their initial value.
There are 41893 events with muon pt outside of [26,200] GeV. Setting those entries to their initial value.
There are 41893 events with muon pt outside of [26,200] GeV. Setting those entries to their initial value.
There are 123 nan entries in the corrected pt. This might be due to the number of tracker layers hitting boundaries. Setting those entries to their initial value.
There are 43375 events with muon pt outside of [26,200] GeV. Setting those entries to their initial value.
There are 43375 events with muon pt outside of [26,200] GeV. Setting those entries to their initial value.
There are 126 nan entries in the corrected pt. This might be due to the number of tracker layers hitting boundaries. Setting those entries to their initial value.
There are 43177 events with muon pt outside of [26,200] GeV. Setting those entries to their initial value.
There are 43177 events with muon pt outside of [26,200] GeV. Setting those entries to their initial value.
There are 135 nan entries in the corrected pt. This might be due to the number of tracker layers hitting boundaries. Setting those entries to their initial value.
There are 43301 events with muon pt outside of [26,200] GeV. Setting those entries to their initial value.
There are 43305 events with muon pt outside of [26,200] GeV. Setting those entries to their initial value.
There are 135 nan entries in the corrected pt. This might be due to the number of tracker layers hitting boundaries. Setting those entries to their initial value.
There are 36989 events with muon pt outside of [26,200] GeV. Setting those entries to their initial value.
There are 36990 events with muon pt outside of [26,200] GeV. Setting those entries to their initial value.
There are 104 nan entries in the corrected pt. This might be due to the number of tracker layers hitting boundaries. Setting those entries to their initial value.
There are 42332 events with muon pt outside of [26,200] GeV. Setting those entries to their initial value.
There are 42334 events with muon pt outside of [26,200] GeV. Setting those entries to their initial value.
There are 128 nan entries in the corrected pt. This might be due to the number of tracker layers hitting boundaries. Setting those entries to their initial value.
There are 42296 events with muon pt outside of [26,200] GeV. Setting those entries to their initial value.
There are 42297 events with muon pt outside of [26,200] GeV. Setting those entries to their initial value.
There are 122 nan entries in the corrected pt. This might be due to the number of tracker layers hitting boundaries. Setting those entries to their initial value.
There are 42037 events with muon pt outside of [26,200] GeV. Setting those entries to their initial value.
There are 42039 events with muon pt outside of [26,200] GeV. Setting those entries to their initial value.
There are 133 nan entries in the corrected pt. This might be due to the number of tracker layers hitting boundaries. Setting those entries to their initial value.
There are 42223 events with muon pt outside of [26,200] GeV. Setting those entries to their initial value.
There are 42224 events with muon pt outside of [26,200] GeV. Setting those entries to their initial value.
There are 111 nan entries in the corrected pt. This might be due to the number of tracker layers hitting boundaries. Setting those entries to their initial value.
There are 41753 events with muon pt outside of [26,200] GeV. Setting those entries to their initial value.
There are 41753 events with muon pt outside of [26,200] GeV. Setting those entries to their initial value.
There are 132 nan entries in the corrected pt. This might be due to the number of tracker layers hitting boundaries. Setting those entries to their initial value.
There are 39048 events with muon pt outside of [26,200] GeV. Setting those entries to their initial value.
There are 39051 events with muon pt outside of [26,200] GeV. Setting those entries to their initial value.
There are 141 nan entries in the corrected pt. This might be due to the number of tracker layers hitting boundaries. Setting those entries to their initial value.
There are 39198 events with muon pt outside of [26,200] GeV. Setting those entries to their initial value.
There are 39199 events with muon pt outside of [26,200] GeV. Setting those entries to their initial value.
There are 129 nan entries in the corrected pt. This might be due to the number of tracker layers hitting boundaries. Setting those entries to their initial value.
There are 42929 events with muon pt outside of [26,200] GeV. Setting those entries to their initial value.
There are 42929 events with muon pt outside of [26,200] GeV. Setting those entries to their initial value.
There are 122 nan entries in the corrected pt. This might be due to the number of tracker layers hitting boundaries. Setting those entries to their initial value.
There are 42993 events with muon pt outside of [26,200] GeV. Setting those entries to their initial value.
There are 42993 events with muon pt outside of [26,200] GeV. Setting those entries to their initial value.
There are 138 nan entries in the corrected pt. This might be due to the number of tracker layers hitting boundaries. Setting those entries to their initial value.
There are 39060 events with muon pt outside of [26,200] GeV. Setting those entries to their initial value.
There are 39060 events with muon pt outside of [26,200] GeV. Setting those entries to their initial value.
There are 112 nan entries in the corrected pt. This might be due to the number of tracker layers hitting boundaries. Setting those entries to their initial value.
There are 42432 events with muon pt outside of [26,200] GeV. Setting those entries to their initial value.
There are 42433 events with muon pt outside of [26,200] GeV. Setting those entries to their initial value.
There are 158 nan entries in the corrected pt. This might be due to the number of tracker layers hitting boundaries. Setting those entries to their initial value.
There are 42727 events with muon pt outside of [26,200] GeV. Setting those entries to their initial value.
There are 42727 events with muon pt outside of [26,200] GeV. Setting those entries to their initial value.
There are 133 nan entries in the corrected pt. This might be due to the number of tracker layers hitting boundaries. Setting those entries to their initial value.
There are 42784 events with muon pt outside of [26,200] GeV. Setting those entries to their initial value.
There are 42786 events with muon pt outside of [26,200] GeV. Setting those entries to their initial value.
There are 134 nan entries in the corrected pt. This might be due to the number of tracker layers hitting boundaries. Setting those entries to their initial value.
There are 42047 events with muon pt outside of [26,200] GeV. Setting those entries to their initial value.
There are 42047 events with muon pt outside of [26,200] GeV. Setting those entries to their initial value.
There are 128 nan entries in the corrected pt. This might be due to the number of tracker layers hitting boundaries. Setting those entries to their initial value.
There are 41974 events with muon pt outside of [26,200] GeV. Setting those entries to their initial value.
There are 41975 events with muon pt outside of [26,200] GeV. Setting those entries to their initial value.
There are 131 nan entries in the corrected pt. This might be due to the number of tracker layers hitting boundaries. Setting those entries to their initial value.
There are 42160 events with muon pt outside of [26,200] GeV. Setting those entries to their initial value.
There are 42162 events with muon pt outside of [26,200] GeV. Setting those entries to their initial value.
There are 131 nan entries in the corrected pt. This might be due to the number of tracker layers hitting boundaries. Setting those entries to their initial value.
There are 43053 events with muon pt outside of [26,200] GeV. Setting those entries to their initial value.
There are 43053 events with muon pt outside of [26,200] GeV. Setting those entries to their initial value.
There are 122 nan entries in the corrected pt. This might be due to the number of tracker layers hitting boundaries. Setting those entries to their initial value.
There are 37066 events with muon pt outside of [26,200] GeV. Setting those entries to their initial value.
There are 37067 events with muon pt outside of [26,200] GeV. Setting those entries to their initial value.
There are 125 nan entries in the corrected pt. This might be due to the number of tracker layers hitting boundaries. Setting those entries to their initial value.
There are 37014 events with muon pt outside of [26,200] GeV. Setting those entries to their initial value.
There are 37016 events with muon pt outside of [26,200] GeV. Setting those entries to their initial value.
There are 115 nan entries in the corrected pt. This might be due to the number of tracker layers hitting boundaries. Setting those entries to their initial value.
There are 42122 events with muon pt outside of [26,200] GeV. Setting those entries to their initial value.
There are 42124 events with muon pt outside of [26,200] GeV. Setting those entries to their initial value.
There are 128 nan entries in the corrected pt. This might be due to the number of tracker layers hitting boundaries. Setting those entries to their initial value.
There are 42301 events with muon pt outside of [26,200] GeV. Setting those entries to their initial value.
There are 42302 events with muon pt outside of [26,200] GeV. Setting those entries to their initial value.
There are 128 nan entries in the corrected pt. This might be due to the number of tracker layers hitting boundaries. Setting those entries to their initial value.
There are 41672 events with muon pt outside of [26,200] GeV. Setting those entries to their initial value.
There are 41673 events with muon pt outside of [26,200] GeV. Setting those entries to their initial value.
There are 146 nan entries in the corrected pt. This might be due to the number of tracker layers hitting boundaries. Setting those entries to their initial value.
There are 42095 events with muon pt outside of [26,200] GeV. Setting those entries to their initial value.
There are 42095 events with muon pt outside of [26,200] GeV. Setting those entries to their initial value.
There are 132 nan entries in the corrected pt. This might be due to the number of tracker layers hitting boundaries. Setting those entries to their initial value.
There are 42146 events with muon pt outside of [26,200] GeV. Setting those entries to their initial value.
There are 42146 events with muon pt outside of [26,200] GeV. Setting those entries to their initial value.
There are 129 nan entries in the corrected pt. This might be due to the number of tracker layers hitting boundaries. Setting those entries to their initial value.
There are 38902 events with muon pt outside of [26,200] GeV. Setting those entries to their initial value.
There are 38903 events with muon pt outside of [26,200] GeV. Setting those entries to their initial value.
There are 99 nan entries in the corrected pt. This might be due to the number of tracker layers hitting boundaries. Setting those entries to their initial value.
There are 39278 events with muon pt outside of [26,200] GeV. Setting those entries to their initial value.
There are 39279 events with muon pt outside of [26,200] GeV. Setting those entries to their initial value.
There are 107 nan entries in the corrected pt. This might be due to the number of tracker layers hitting boundaries. Setting those entries to their initial value.
There are 39185 events with muon pt outside of [26,200] GeV. Setting those entries to their initial value.
There are 39185 events with muon pt outside of [26,200] GeV. Setting those entries to their initial value.
There are 130 nan entries in the corrected pt. This might be due to the number of tracker layers hitting boundaries. Setting those entries to their initial value.
There are 42913 events with muon pt outside of [26,200] GeV. Setting those entries to their initial value.
There are 42913 events with muon pt outside of [26,200] GeV. Setting those entries to their initial value.
There are 135 nan entries in the corrected pt. This might be due to the number of tracker layers hitting boundaries. Setting those entries to their initial value.
There are 43075 events with muon pt outside of [26,200] GeV. Setting those entries to their initial value.
There are 43076 events with muon pt outside of [26,200] GeV. Setting those entries to their initial value.
There are 126 nan entries in the corrected pt. This might be due to the number of tracker layers hitting boundaries. Setting those entries to their initial value.
There are 38345 events with muon pt outside of [26,200] GeV. Setting those entries to their initial value.
There are 38345 events with muon pt outside of [26,200] GeV. Setting those entries to their initial value.
There are 120 nan entries in the corrected pt. This might be due to the number of tracker layers hitting boundaries. Setting those entries to their initial value.
There are 38800 events with muon pt outside of [26,200] GeV. Setting those entries to their initial value.
There are 38800 events with muon pt outside of [26,200] GeV. Setting those entries to their initial value.
There are 99 nan entries in the corrected pt. This might be due to the number of tracker layers hitting boundaries. Setting those entries to their initial value.
There are 42847 events with muon pt outside of [26,200] GeV. Setting those entries to their initial value.
There are 42848 events with muon pt outside of [26,200] GeV. Setting those entries to their initial value.
There are 131 nan entries in the corrected pt. This might be due to the number of tracker layers hitting boundaries. Setting those entries to their initial value.
There are 42944 events with muon pt outside of [26,200] GeV. Setting those entries to their initial value.
There are 42944 events with muon pt outside of [26,200] GeV. Setting those entries to their initial value.
There are 146 nan entries in the corrected pt. This might be due to the number of tracker layers hitting boundaries. Setting those entries to their initial value.
There are 42136 events with muon pt outside of [26,200] GeV. Setting those entries to their initial value.
There are 42140 events with muon pt outside of [26,200] GeV. Setting those entries to their initial value.
There are 137 nan entries in the corrected pt. This might be due to the number of tracker layers hitting boundaries. Setting those entries to their initial value.
There are 42202 events with muon pt outside of [26,200] GeV. Setting those entries to their initial value.
There are 42204 events with muon pt outside of [26,200] GeV. Setting those entries to their initial value.
There are 114 nan entries in the corrected pt. This might be due to the number of tracker layers hitting boundaries. Setting those entries to their initial value.
There are 42237 events with muon pt outside of [26,200] GeV. Setting those entries to their initial value.
There are 42239 events with muon pt outside of [26,200] GeV. Setting those entries to their initial value.
There are 119 nan entries in the corrected pt. This might be due to the number of tracker layers hitting boundaries. Setting those entries to their initial value.
There are 43189 events with muon pt outside of [26,200] GeV. Setting those entries to their initial value.
There are 43189 events with muon pt outside of [26,200] GeV. Setting those entries to their initial value.
There are 132 nan entries in the corrected pt. This might be due to the number of tracker layers hitting boundaries. Setting those entries to their initial value.
There are 43320 events with muon pt outside of [26,200] GeV. Setting those entries to their initial value.
There are 43322 events with muon pt outside of [26,200] GeV. Setting those entries to their initial value.
There are 132 nan entries in the corrected pt. This might be due to the number of tracker layers hitting boundaries. Setting those entries to their initial value.
There are 36730 events with muon pt outside of [26,200] GeV. Setting those entries to their initial value.
There are 36730 events with muon pt outside of [26,200] GeV. Setting those entries to their initial value.
There are 119 nan entries in the corrected pt. This might be due to the number of tracker layers hitting boundaries. Setting those entries to their initial value.
There are 42197 events with muon pt outside of [26,200] GeV. Setting those entries to their initial value.
There are 42198 events with muon pt outside of [26,200] GeV. Setting those entries to their initial value.
There are 144 nan entries in the corrected pt. This might be due to the number of tracker layers hitting boundaries. Setting those entries to their initial value.
There are 42323 events with muon pt outside of [26,200] GeV. Setting those entries to their initial value.
There are 42325 events with muon pt outside of [26,200] GeV. Setting those entries to their initial value.
There are 130 nan entries in the corrected pt. This might be due to the number of tracker layers hitting boundaries. Setting those entries to their initial value.
There are 42056 events with muon pt outside of [26,200] GeV. Setting those entries to their initial value.
There are 42056 events with muon pt outside of [26,200] GeV. Setting those entries to their initial value.
There are 116 nan entries in the corrected pt. This might be due to the number of tracker layers hitting boundaries. Setting those entries to their initial value.
There are 42008 events with muon pt outside of [26,200] GeV. Setting those entries to their initial value.
There are 42008 events with muon pt outside of [26,200] GeV. Setting those entries to their initial value.
There are 135 nan entries in the corrected pt. This might be due to the number of tracker layers hitting boundaries. Setting those entries to their initial value.
There are 41826 events with muon pt outside of [26,200] GeV. Setting those entries to their initial value.
There are 41827 events with muon pt outside of [26,200] GeV. Setting those entries to their initial value.
There are 120 nan entries in the corrected pt. This might be due to the number of tracker layers hitting boundaries. Setting those entries to their initial value.
There are 39098 events with muon pt outside of [26,200] GeV. Setting those entries to their initial value.
There are 39098 events with muon pt outside of [26,200] GeV. Setting those entries to their initial value.
There are 117 nan entries in the corrected pt. This might be due to the number of tracker layers hitting boundaries. Setting those entries to their initial value.
There are 39164 events with muon pt outside of [26,200] GeV. Setting those entries to their initial value.
There are 39164 events with muon pt outside of [26,200] GeV. Setting those entries to their initial value.
There are 109 nan entries in the corrected pt. This might be due to the number of tracker layers hitting boundaries. Setting those entries to their initial value.
There are 43034 events with muon pt outside of [26,200] GeV. Setting those entries to their initial value.
There are 43036 events with muon pt outside of [26,200] GeV. Setting those entries to their initial value.
There are 139 nan entries in the corrected pt. This might be due to the number of tracker layers hitting boundaries. Setting those entries to their initial value.
There are 43152 events with muon pt outside of [26,200] GeV. Setting those entries to their initial value.
There are 43153 events with muon pt outside of [26,200] GeV. Setting those entries to their initial value.
There are 115 nan entries in the corrected pt. This might be due to the number of tracker layers hitting boundaries. Setting those entries to their initial value.
There are 42981 events with muon pt outside of [26,200] GeV. Setting those entries to their initial value.
There are 42982 events with muon pt outside of [26,200] GeV. Setting those entries to their initial value.
There are 139 nan entries in the corrected pt. This might be due to the number of tracker layers hitting boundaries. Setting those entries to their initial value.
There are 38780 events with muon pt outside of [26,200] GeV. Setting those entries to their initial value.
There are 38780 events with muon pt outside of [26,200] GeV. Setting those entries to their initial value.
There are 134 nan entries in the corrected pt. This might be due to the number of tracker layers hitting boundaries. Setting those entries to their initial value.
There are 38566 events with muon pt outside of [26,200] GeV. Setting those entries to their initial value.
There are 38567 events with muon pt outside of [26,200] GeV. Setting those entries to their initial value.
There are 119 nan entries in the corrected pt. This might be due to the number of tracker layers hitting boundaries. Setting those entries to their initial value.
There are 43031 events with muon pt outside of [26,200] GeV. Setting those entries to their initial value.
There are 43032 events with muon pt outside of [26,200] GeV. Setting those entries to their initial value.
There are 150 nan entries in the corrected pt. This might be due to the number of tracker layers hitting boundaries. Setting those entries to their initial value.
There are 42207 events with muon pt outside of [26,200] GeV. Setting those entries to their initial value.
There are 42210 events with muon pt outside of [26,200] GeV. Setting those entries to their initial value.
There are 142 nan entries in the corrected pt. This might be due to the number of tracker layers hitting boundaries. Setting those entries to their initial value.
There are 42127 events with muon pt outside of [26,200] GeV. Setting those entries to their initial value.
There are 42127 events with muon pt outside of [26,200] GeV. Setting those entries to their initial value.
There are 116 nan entries in the corrected pt. This might be due to the number of tracker layers hitting boundaries. Setting those entries to their initial value.
There are 43258 events with muon pt outside of [26,200] GeV. Setting those entries to their initial value.
There are 43259 events with muon pt outside of [26,200] GeV. Setting those entries to their initial value.
There are 136 nan entries in the corrected pt. This might be due to the number of tracker layers hitting boundaries. Setting those entries to their initial value.
There are 43368 events with muon pt outside of [26,200] GeV. Setting those entries to their initial value.
There are 43368 events with muon pt outside of [26,200] GeV. Setting those entries to their initial value.
There are 140 nan entries in the corrected pt. This might be due to the number of tracker layers hitting boundaries. Setting those entries to their initial value.
There are 36827 events with muon pt outside of [26,200] GeV. Setting those entries to their initial value.
There are 36828 events with muon pt outside of [26,200] GeV. Setting those entries to their initial value.
There are 116 nan entries in the corrected pt. This might be due to the number of tracker layers hitting boundaries. Setting those entries to their initial value.
There are 41970 events with muon pt outside of [26,200] GeV. Setting those entries to their initial value.
There are 41972 events with muon pt outside of [26,200] GeV. Setting those entries to their initial value.
There are 135 nan entries in the corrected pt. This might be due to the number of tracker layers hitting boundaries. Setting those entries to their initial value.
There are 41758 events with muon pt outside of [26,200] GeV. Setting those entries to their initial value.
There are 41759 events with muon pt outside of [26,200] GeV. Setting those entries to their initial value.
There are 135 nan entries in the corrected pt. This might be due to the number of tracker layers hitting boundaries. Setting those entries to their initial value.
There are 41999 events with muon pt outside of [26,200] GeV. Setting those entries to their initial value.
There are 41999 events with muon pt outside of [26,200] GeV. Setting those entries to their initial value.
There are 143 nan entries in the corrected pt. This might be due to the number of tracker layers hitting boundaries. Setting those entries to their initial value.
There are 42200 events with muon pt outside of [26,200] GeV. Setting those entries to their initial value.
There are 42201 events with muon pt outside of [26,200] GeV. Setting those entries to their initial value.
There are 141 nan entries in the corrected pt. This might be due to the number of tracker layers hitting boundaries. Setting those entries to their initial value.
There are 41908 events with muon pt outside of [26,200] GeV. Setting those entries to their initial value.
There are 41909 events with muon pt outside of [26,200] GeV. Setting those entries to their initial value.
There are 115 nan entries in the corrected pt. This might be due to the number of tracker layers hitting boundaries. Setting those entries to their initial value.
There are 38984 events with muon pt outside of [26,200] GeV. Setting those entries to their initial value.
There are 38986 events with muon pt outside of [26,200] GeV. Setting those entries to their initial value.
There are 118 nan entries in the corrected pt. This might be due to the number of tracker layers hitting boundaries. Setting those entries to their initial value.
There are 39017 events with muon pt outside of [26,200] GeV. Setting those entries to their initial value.
There are 39019 events with muon pt outside of [26,200] GeV. Setting those entries to their initial value.
There are 95 nan entries in the corrected pt. This might be due to the number of tracker layers hitting boundaries. Setting those entries to their initial value.
There are 39239 events with muon pt outside of [26,200] GeV. Setting those entries to their initial value.
There are 39240 events with muon pt outside of [26,200] GeV. Setting those entries to their initial value.
There are 123 nan entries in the corrected pt. This might be due to the number of tracker layers hitting boundaries. Setting those entries to their initial value.
There are 42866 events with muon pt outside of [26,200] GeV. Setting those entries to their initial value.
There are 42867 events with muon pt outside of [26,200] GeV. Setting those entries to their initial value.
There are 132 nan entries in the corrected pt. This might be due to the number of tracker layers hitting boundaries. Setting those entries to their initial value.
There are 43069 events with muon pt outside of [26,200] GeV. Setting those entries to their initial value.
There are 43070 events with muon pt outside of [26,200] GeV. Setting those entries to their initial value.
There are 159 nan entries in the corrected pt. This might be due to the number of tracker layers hitting boundaries. Setting those entries to their initial value.
