000 (14793324.005.000) 03/05 15:53:25 Job submitted from host: <188.184.90.62:9618?addrs=188.184.90.62-9618+[2001-1458-201-e4--100-238]-9618&alias=bigbird16.cern.ch&noUDP&sock=schedd_5196_9a2f>
...
040 (14793324.005.000) 03/05 16:27:20 Started transferring input files
	Transferring to host: <188.185.213.49:9618?addrs=188.185.213.49-9618+[2001-1458-303-1a--100-2d]-9618&alias=b9p27p3241.cern.ch&noUDP&sock=slot1_6_132481_9964_100902>
...
040 (14793324.005.000) 03/05 16:27:20 Finished transferring input files
...
001 (14793324.005.000) 03/05 16:27:21 Job executing on host: <188.185.213.49:9618?addrs=188.185.213.49-9618+[2001-1458-303-1a--100-2d]-9618&alias=b9p27p3241.cern.ch&noUDP&sock=startd_6406_8fc8>
	SlotName: slot1_6@b9p27p3241.cern.ch
	CondorScratchDir = "/pool/condor/dir_2331169"
	Cpus = 1
	Disk = 3884
	GPUs = 0
	Memory = 3000
...
006 (14793324.005.000) 03/05 16:27:35 Image size of job updated: 403948
	395  -  MemoryUsage of job (MB)
	403948  -  ResidentSetSize of job (KB)
...
006 (14793324.005.000) 03/05 16:32:36 Image size of job updated: 2910180
	2823  -  MemoryUsage of job (MB)
	2890620  -  ResidentSetSize of job (KB)
...
040 (14793324.005.000) 03/05 16:33:50 Started transferring output files
...
040 (14793324.005.000) 03/05 16:33:57 Finished transferring output files
...
005 (14793324.005.000) 03/05 16:34:15 Job terminated.
	(1) Normal termination (return value 1)
		Usr 0 00:13:03, Sys 0 00:00:25  -  Run Remote Usage
		Usr 0 00:00:00, Sys 0 00:00:00  -  Run Local Usage
		Usr 0 00:13:03, Sys 0 00:00:25  -  Total Remote Usage
		Usr 0 00:00:00, Sys 0 00:00:00  -  Total Local Usage
	28812  -  Run Bytes Sent By Job
	27178  -  Run Bytes Received By Job
	28812  -  Total Bytes Sent By Job
	27178  -  Total Bytes Received By Job
	Partitionable Resources :    Usage  Request Allocated 
	   Cpus                 :        0        1         1 
	   Disk (KB)            :       81       30      3884 
	   GPUs                 :                           0 
	   Memory (MB)          :     2823     3000      3000 
	   TimeExecute (s)      :      384                    
	   TimeSlotBusy (s)     :      408                    

	Job terminated of its own accord at 2026-03-05T15:33:45Z with exit-code 1.
...
