000 (14795267.007.000) 03/06 21:51:03 Job submitted from host: <188.184.90.62:9618?addrs=188.184.90.62-9618+[2001-1458-201-e4--100-238]-9618&alias=bigbird16.cern.ch&noUDP&sock=schedd_5196_9a2f>
...
040 (14795267.007.000) 03/06 21:55:47 Started transferring input files
	Transferring to host: <188.185.211.138:9618?addrs=188.185.211.138-9618+[2001-1458-303-17--100-6]-9618&alias=b9p24p4307.cern.ch&noUDP&sock=slot1_45_1313099_c8ae_102954>
...
040 (14795267.007.000) 03/06 21:55:47 Finished transferring input files
...
001 (14795267.007.000) 03/06 21:55:48 Job executing on host: <188.185.211.138:9618?addrs=188.185.211.138-9618+[2001-1458-303-17--100-6]-9618&alias=b9p24p4307.cern.ch&noUDP&sock=startd_1313061_3570>
	SlotName: slot1_45@b9p24p4307.cern.ch
	CondorScratchDir = "/pool/condor/dir_1876063"
	Cpus = 1
	Disk = 3713
	GPUs = 0
	Memory = 3000
...
006 (14795267.007.000) 03/06 21:56:02 Image size of job updated: 545488
	533  -  MemoryUsage of job (MB)
	545488  -  ResidentSetSize of job (KB)
...
006 (14795267.007.000) 03/06 22:00:54 Image size of job updated: 3954232
	533  -  MemoryUsage of job (MB)
	545560  -  ResidentSetSize of job (KB)
...
040 (14795267.007.000) 03/06 22:00:54 Started transferring output files
...
040 (14795267.007.000) 03/06 22:00:54 Finished transferring output files
...
005 (14795267.007.000) 03/06 22:00:55 Job terminated.
	(1) Normal termination (return value 1)
		Usr 0 00:08:33, Sys 0 00:00:22  -  Run Remote Usage
		Usr 0 00:00:00, Sys 0 00:00:00  -  Run Local Usage
		Usr 0 00:08:33, Sys 0 00:00:22  -  Total Remote Usage
		Usr 0 00:00:00, Sys 0 00:00:00  -  Total Local Usage
	10002  -  Run Bytes Sent By Job
	15483  -  Run Bytes Received By Job
	10002  -  Total Bytes Sent By Job
	15483  -  Total Bytes Received By Job
	Partitionable Resources :    Usage  Request Allocated 
	   Cpus                 :        0        1         1 
	   Disk (KB)            :       51       20      3713 
	   GPUs                 :                           0 
	   Memory (MB)          :      533     3000      3000 
	   TimeExecute (s)      :      306                    
	   TimeSlotBusy (s)     :      308                    

	Job terminated of its own accord at 2026-03-06T21:00:54Z with exit-code 1.
...
