000 (14795267.003.000) 03/06 21:51:03 Job submitted from host: <188.184.90.62:9618?addrs=188.184.90.62-9618+[2001-1458-201-e4--100-238]-9618&alias=bigbird16.cern.ch&noUDP&sock=schedd_5196_9a2f>
...
040 (14795267.003.000) 03/06 21:55:46 Started transferring input files
	Transferring to host: <188.185.214.21:9618?addrs=188.185.214.21-9618+[2001-1458-303-1c--100-11]-9618&alias=b9p29p8175.cern.ch&noUDP&sock=slot1_9_7159_e9bc_177274>
...
040 (14795267.003.000) 03/06 21:55:46 Finished transferring input files
...
001 (14795267.003.000) 03/06 21:55:47 Job executing on host: <188.185.214.21:9618?addrs=188.185.214.21-9618+[2001-1458-303-1c--100-11]-9618&alias=b9p29p8175.cern.ch&noUDP&sock=startd_6544_37d9>
	SlotName: slot1_9@b9p29p8175.cern.ch
	CondorScratchDir = "/pool/condor/dir_455975"
	Cpus = 1
	Disk = 3881
	GPUs = 0
	Memory = 3000
...
006 (14795267.003.000) 03/06 21:56:01 Image size of job updated: 80988
	80  -  MemoryUsage of job (MB)
	80988  -  ResidentSetSize of job (KB)
...
006 (14795267.003.000) 03/06 22:00:36 Image size of job updated: 4093592
	80  -  MemoryUsage of job (MB)
	80988  -  ResidentSetSize of job (KB)
...
040 (14795267.003.000) 03/06 22:00:36 Started transferring output files
...
040 (14795267.003.000) 03/06 22:00:36 Finished transferring output files
...
005 (14795267.003.000) 03/06 22:00:36 Job terminated.
	(1) Normal termination (return value 1)
		Usr 0 00:10:51, Sys 0 00:00:28  -  Run Remote Usage
		Usr 0 00:00:00, Sys 0 00:00:00  -  Run Local Usage
		Usr 0 00:10:51, Sys 0 00:00:28  -  Total Remote Usage
		Usr 0 00:00:00, Sys 0 00:00:00  -  Total Local Usage
	10096  -  Run Bytes Sent By Job
	15483  -  Run Bytes Received By Job
	10096  -  Total Bytes Sent By Job
	15483  -  Total Bytes Received By Job
	Partitionable Resources :    Usage  Request Allocated 
	   Cpus                 :     2.11        1         1 
	   Disk (KB)            :    51          20      3881 
	   GPUs                 :                           0 
	   Memory (MB)          :    80        3000      3000 
	   TimeExecute (s)      :   289                       
	   TimeSlotBusy (s)     :   291                       

	Job terminated of its own accord at 2026-03-06T21:00:36Z with exit-code 1.
...
