000 (14788605.006.000) 03/03 04:17:57 Job submitted from host: <188.184.90.62:9618?addrs=188.184.90.62-9618+[2001-1458-201-e4--100-238]-9618&alias=bigbird16.cern.ch&noUDP&sock=schedd_5196_9a2f>
...
040 (14788605.006.000) 03/03 04:18:47 Started transferring input files
	Transferring to host: <188.185.195.70:9618?addrs=188.185.195.70-9618+[2001-1458-303-22--100-42]-9618&alias=b9p17p2904.cern.ch&noUDP&sock=slot1_16_3302_4ebf_167939>
...
040 (14788605.006.000) 03/03 04:18:47 Finished transferring input files
...
001 (14788605.006.000) 03/03 04:18:48 Job executing on host: <188.185.195.70:9618?addrs=188.185.195.70-9618+[2001-1458-303-22--100-42]-9618&alias=b9p17p2904.cern.ch&noUDP&sock=startd_2553_b960>
	SlotName: slot1_16@b9p17p2904.cern.ch
	CondorScratchDir = "/pool/condor/dir_1630313"
	Cpus = 1
	Disk = 3860
	GPUs = 0
	Memory = 3000
...
006 (14788605.006.000) 03/03 04:19:03 Image size of job updated: 97760
	96  -  MemoryUsage of job (MB)
	97760  -  ResidentSetSize of job (KB)
...
006 (14788605.006.000) 03/03 04:24:04 Image size of job updated: 2583220
	2523  -  MemoryUsage of job (MB)
	2583220  -  ResidentSetSize of job (KB)
...
006 (14788605.006.000) 03/03 04:25:14 Image size of job updated: 2789012
	2523  -  MemoryUsage of job (MB)
	2583220  -  ResidentSetSize of job (KB)
...
040 (14788605.006.000) 03/03 04:25:14 Started transferring output files
...
040 (14788605.006.000) 03/03 04:25:14 Finished transferring output files
...
005 (14788605.006.000) 03/03 04:25:14 Job terminated.
	(1) Normal termination (return value 1)
		Usr 0 00:09:56, Sys 0 00:00:11  -  Run Remote Usage
		Usr 0 00:00:00, Sys 0 00:00:00  -  Run Local Usage
		Usr 0 00:09:56, Sys 0 00:00:11  -  Total Remote Usage
		Usr 0 00:00:00, Sys 0 00:00:00  -  Total Local Usage
	21045  -  Run Bytes Sent By Job
	15269  -  Run Bytes Received By Job
	21045  -  Total Bytes Sent By Job
	15269  -  Total Bytes Received By Job
	Partitionable Resources :    Usage  Request Allocated 
	   Cpus                 :     1.93        1         1 
	   Disk (KB)            :    61          17      3860 
	   GPUs                 :                           0 
	   Memory (MB)          :  2523        3000      3000 
	   TimeExecute (s)      :   386                       
	   TimeSlotBusy (s)     :   388                       

	Job terminated of its own accord at 2026-03-03T03:25:14Z with exit-code 1.
...
