000 (14788605.001.000) 03/03 04:17:57 Job submitted from host: <188.184.90.62:9618?addrs=188.184.90.62-9618+[2001-1458-201-e4--100-238]-9618&alias=bigbird16.cern.ch&noUDP&sock=schedd_5196_9a2f>
...
040 (14788605.001.000) 03/03 04:18:46 Started transferring input files
	Transferring to host: <188.185.215.82:9618?addrs=188.185.215.82-9618+[2001-1458-303-1e--100-4e]-9618&alias=b9p31p7665.cern.ch&noUDP&sock=slot1_25_5369_b233_173395>
...
040 (14788605.001.000) 03/03 04:18:46 Finished transferring input files
...
001 (14788605.001.000) 03/03 04:18:47 Job executing on host: <188.185.215.82:9618?addrs=188.185.215.82-9618+[2001-1458-303-1e--100-4e]-9618&alias=b9p31p7665.cern.ch&noUDP&sock=startd_4401_4c65>
	SlotName: slot1_25@b9p31p7665.cern.ch
	CondorScratchDir = "/pool/condor/dir_2365084"
	Cpus = 1
	Disk = 3911
	GPUs = 0
	Memory = 3000
...
006 (14788605.001.000) 03/03 04:19:01 Image size of job updated: 573060
	560  -  MemoryUsage of job (MB)
	573060  -  ResidentSetSize of job (KB)
...
006 (14788605.001.000) 03/03 04:24:02 Image size of job updated: 3511428
	3400  -  MemoryUsage of job (MB)
	3481152  -  ResidentSetSize of job (KB)
...
006 (14788605.001.000) 03/03 04:25:11 Image size of job updated: 3511428
	3400  -  MemoryUsage of job (MB)
	3481188  -  ResidentSetSize of job (KB)
...
040 (14788605.001.000) 03/03 04:25:11 Started transferring output files
...
040 (14788605.001.000) 03/03 04:25:11 Finished transferring output files
...
005 (14788605.001.000) 03/03 04:25:11 Job terminated.
	(1) Normal termination (return value 1)
		Usr 0 00:11:57, Sys 0 00:00:21  -  Run Remote Usage
		Usr 0 00:00:00, Sys 0 00:00:00  -  Run Local Usage
		Usr 0 00:11:57, Sys 0 00:00:21  -  Total Remote Usage
		Usr 0 00:00:00, Sys 0 00:00:00  -  Total Local Usage
	29666  -  Run Bytes Sent By Job
	15269  -  Run Bytes Received By Job
	29666  -  Total Bytes Sent By Job
	15269  -  Total Bytes Received By Job
	Partitionable Resources :    Usage  Request Allocated 
	   Cpus                 :     1.95        1         1 
	   Disk (KB)            :    70          17      3911 
	   GPUs                 :                           0 
	   Memory (MB)          :  3400        3000      3000 
	   TimeExecute (s)      :   384                       
	   TimeSlotBusy (s)     :   386                       

	Job terminated of its own accord at 2026-03-03T03:25:11Z with exit-code 1.
...
