000 (14788605.000.000) 03/03 04:17:57 Job submitted from host: <188.184.90.62:9618?addrs=188.184.90.62-9618+[2001-1458-201-e4--100-238]-9618&alias=bigbird16.cern.ch&noUDP&sock=schedd_5196_9a2f>
...
040 (14788605.000.000) 03/03 04:18:47 Started transferring input files
	Transferring to host: <188.185.212.170:9618?addrs=188.185.212.170-9618+[2001-1458-303-19--100-26]-9618&alias=b9p26p8153.cern.ch&noUDP&sock=slot1_4_1400277_9247_96266>
...
040 (14788605.000.000) 03/03 04:18:47 Finished transferring input files
...
001 (14788605.000.000) 03/03 04:18:48 Job executing on host: <188.185.212.170:9618?addrs=188.185.212.170-9618+[2001-1458-303-19--100-26]-9618&alias=b9p26p8153.cern.ch&noUDP&sock=startd_1399788_b794>
	SlotName: slot1_4@b9p26p8153.cern.ch
	CondorScratchDir = "/pool/condor/dir_1277525"
	Cpus = 1
	Disk = 3790
	GPUs = 0
	Memory = 3000
...
006 (14788605.000.000) 03/03 04:19:02 Image size of job updated: 547108
	535  -  MemoryUsage of job (MB)
	547108  -  ResidentSetSize of job (KB)
...
006 (14788605.000.000) 03/03 04:24:03 Image size of job updated: 3345780
	3262  -  MemoryUsage of job (MB)
	3339676  -  ResidentSetSize of job (KB)
...
040 (14788605.000.000) 03/03 04:24:06 Started transferring output files
...
040 (14788605.000.000) 03/03 04:24:06 Finished transferring output files
...
005 (14788605.000.000) 03/03 04:24:06 Job terminated.
	(1) Normal termination (return value 1)
		Usr 0 00:11:05, Sys 0 00:00:19  -  Run Remote Usage
		Usr 0 00:00:00, Sys 0 00:00:00  -  Run Local Usage
		Usr 0 00:11:05, Sys 0 00:00:19  -  Total Remote Usage
		Usr 0 00:00:00, Sys 0 00:00:00  -  Total Local Usage
	30739  -  Run Bytes Sent By Job
	15269  -  Run Bytes Received By Job
	30739  -  Total Bytes Sent By Job
	15269  -  Total Bytes Received By Job
	Partitionable Resources :    Usage  Request Allocated 
	   Cpus                 :     2.26        1         1 
	   Disk (KB)            :    71          17      3790 
	   GPUs                 :                           0 
	   Memory (MB)          :  3262        3000      3000 
	   TimeExecute (s)      :   318                       
	   TimeSlotBusy (s)     :   320                       

	Job terminated of its own accord at 2026-03-03T03:24:06Z with exit-code 1.
...
