000 (14526962.001.000) 02/14 21:30:47 Job submitted from host: <188.184.90.62:9618?addrs=188.184.90.62-9618+[2001-1458-201-e4--100-238]-9618&alias=bigbird16.cern.ch&noUDP&sock=schedd_5196_9a2f>
...
040 (14526962.001.000) 02/14 21:31:55 Started transferring input files
	Transferring to host: <128.142.192.159:9618?addrs=128.142.192.159-9618+[2001-1458-301-56--100-1b]-9618&alias=b9g18p4124.cern.ch&noUDP&sock=slot1_6_3343_3221_154050>
...
040 (14526962.001.000) 02/14 21:31:55 Finished transferring input files
...
001 (14526962.001.000) 02/14 21:31:56 Job executing on host: <128.142.192.159:9618?addrs=128.142.192.159-9618+[2001-1458-301-56--100-1b]-9618&alias=b9g18p4124.cern.ch&noUDP&sock=startd_2907_89e7>
	SlotName: slot1_6@b9g18p4124.cern.ch
	CondorScratchDir = "/pool/condor/dir_1891866"
	Cpus = 1
	Disk = 3810
	GPUs = 0
	Memory = 3000
...
006 (14526962.001.000) 02/14 21:32:10 Image size of job updated: 177708
	174  -  MemoryUsage of job (MB)
	177708  -  ResidentSetSize of job (KB)
...
006 (14526962.001.000) 02/14 21:35:41 Image size of job updated: 2525284
	174  -  MemoryUsage of job (MB)
	177780  -  ResidentSetSize of job (KB)
...
040 (14526962.001.000) 02/14 21:35:41 Started transferring output files
...
040 (14526962.001.000) 02/14 21:35:41 Finished transferring output files
...
004 (14526962.001.000) 02/14 21:35:41 Job was evicted.
	(0) CPU times
		Usr 0 00:08:57, Sys 0 00:00:13  -  Run Remote Usage
		Usr 0 00:00:00, Sys 0 00:00:00  -  Run Local Usage
	11897  -  Run Bytes Sent By Job
	8470  -  Run Bytes Received By Job
	Partitionable Resources :    Usage  Request Allocated 
	   Cpus                 :     2.56        1         1 
	   Disk (KB)            :    43          12      3810 
	   GPUs                 :                           0 
	   Memory (MB)          :   174        3000      3000 
	   TimeExecute (s)      :   225                       
	   TimeSlotBusy (s)     :   227                       
...
009 (14526962.001.000) 02/14 21:35:41 Job was aborted.
	via condor_rm (by user driosper)
...
