000 (14526962.002.000) 02/14 21:30:47 Job submitted from host: <188.184.90.62:9618?addrs=188.184.90.62-9618+[2001-1458-201-e4--100-238]-9618&alias=bigbird16.cern.ch&noUDP&sock=schedd_5196_9a2f>
...
040 (14526962.002.000) 02/14 21:31:56 Started transferring input files
	Transferring to host: <188.185.206.202:9618?addrs=188.185.206.202-9618+[2001-1458-303-c--100-47]-9618&alias=b9p06p2461.cern.ch&noUDP&sock=slot1_8_4006_56dc_136369>
...
040 (14526962.002.000) 02/14 21:31:56 Finished transferring input files
...
001 (14526962.002.000) 02/14 21:31:57 Job executing on host: <188.185.206.202:9618?addrs=188.185.206.202-9618+[2001-1458-303-c--100-47]-9618&alias=b9p06p2461.cern.ch&noUDP&sock=startd_3569_9d99>
	SlotName: slot1_8@b9p06p2461.cern.ch
	CondorScratchDir = "/pool/condor/dir_600130"
	Cpus = 1
	Disk = 3576
	GPUs = 0
	Memory = 3000
...
006 (14526962.002.000) 02/14 21:32:11 Image size of job updated: 224840
	220  -  MemoryUsage of job (MB)
	224840  -  ResidentSetSize of job (KB)
...
006 (14526962.002.000) 02/14 21:35:41 Image size of job updated: 2650556
	221  -  MemoryUsage of job (MB)
	225456  -  ResidentSetSize of job (KB)
...
040 (14526962.002.000) 02/14 21:35:41 Started transferring output files
...
040 (14526962.002.000) 02/14 21:35:41 Finished transferring output files
...
004 (14526962.002.000) 02/14 21:35:41 Job was evicted.
	(0) CPU times
		Usr 0 00:08:30, Sys 0 00:00:13  -  Run Remote Usage
		Usr 0 00:00:00, Sys 0 00:00:00  -  Run Local Usage
	12279  -  Run Bytes Sent By Job
	8470  -  Run Bytes Received By Job
	Partitionable Resources :    Usage  Request Allocated 
	   Cpus                 :     2.84        1         1 
	   Disk (KB)            :    47          12      3576 
	   GPUs                 :                           0 
	   Memory (MB)          :   221        3000      3000 
	   TimeExecute (s)      :   224                       
	   TimeSlotBusy (s)     :   226                       
...
009 (14526962.002.000) 02/14 21:35:41 Job was aborted.
	via condor_rm (by user driosper)
...
