000 (14526964.001.000) 02/14 21:30:50 Job submitted from host: <188.184.90.62:9618?addrs=188.184.90.62-9618+[2001-1458-201-e4--100-238]-9618&alias=bigbird16.cern.ch&noUDP&sock=schedd_5196_9a2f>
...
040 (14526964.001.000) 02/14 21:31:59 Started transferring input files
	Transferring to host: <188.185.215.47:9618?addrs=188.185.215.47-9618+[2001-1458-303-1e--100-2b]-9618&alias=b9p31p6172.cern.ch&noUDP&sock=slot1_3_4403_0fcc_161476>
...
040 (14526964.001.000) 02/14 21:31:59 Finished transferring input files
...
001 (14526964.001.000) 02/14 21:32:00 Job executing on host: <188.185.215.47:9618?addrs=188.185.215.47-9618+[2001-1458-303-1e--100-2b]-9618&alias=b9p31p6172.cern.ch&noUDP&sock=startd_3735_7a51>
	SlotName: slot1_3@b9p31p6172.cern.ch
	CondorScratchDir = "/pool/condor/dir_4054262"
	Cpus = 1
	Disk = 3819
	GPUs = 0
	Memory = 3000
...
006 (14526964.001.000) 02/14 21:32:14 Image size of job updated: 157436
	154  -  MemoryUsage of job (MB)
	157436  -  ResidentSetSize of job (KB)
...
006 (14526964.001.000) 02/14 21:35:42 Image size of job updated: 2478272
	154  -  MemoryUsage of job (MB)
	157476  -  ResidentSetSize of job (KB)
...
040 (14526964.001.000) 02/14 21:35:42 Started transferring output files
...
040 (14526964.001.000) 02/14 21:35:42 Finished transferring output files
...
004 (14526964.001.000) 02/14 21:35:42 Job was evicted.
	(0) CPU times
		Usr 0 00:10:27, Sys 0 00:00:19  -  Run Remote Usage
		Usr 0 00:00:00, Sys 0 00:00:00  -  Run Local Usage
	6442  -  Run Bytes Sent By Job
	5252  -  Run Bytes Received By Job
	Partitionable Resources :    Usage  Request Allocated 
	   Cpus                 :        0        1         1 
	   Disk (KB)            :       37       10      3819 
	   GPUs                 :                           0 
	   Memory (MB)          :      154     3000      3000 
	   TimeExecute (s)      :      222                    
	   TimeSlotBusy (s)     :      224                    
...
009 (14526964.001.000) 02/14 21:35:42 Job was aborted.
	via condor_rm (by user driosper)
...
