000 (14793328.001.000) 03/05 15:53:27 Job submitted from host: <188.184.90.62:9618?addrs=188.184.90.62-9618+[2001-1458-201-e4--100-238]-9618&alias=bigbird16.cern.ch&noUDP&sock=schedd_5196_9a2f>
...
040 (14793328.001.000) 03/05 16:27:28 Started transferring input files
	Transferring to host: <188.185.194.79:9618?addrs=188.185.194.79-9618+[2001-1458-303-21--100-4b]-9618&alias=b9p20p5952.cern.ch&noUDP&sock=slot1_14_3349_6c61_10589>
...
040 (14793328.001.000) 03/05 16:27:28 Finished transferring input files
...
001 (14793328.001.000) 03/05 16:27:29 Job executing on host: <188.185.194.79:9618?addrs=188.185.194.79-9618+[2001-1458-303-21--100-4b]-9618&alias=b9p20p5952.cern.ch&noUDP&sock=startd_2842_f43f>
	SlotName: slot1_14@b9p20p5952.cern.ch
	CondorScratchDir = "/pool/condor/dir_4163083"
	Cpus = 1
	Disk = 3824
	GPUs = 0
	Memory = 3000
...
006 (14793328.001.000) 03/05 16:27:43 Image size of job updated: 225876
	221  -  MemoryUsage of job (MB)
	225876  -  ResidentSetSize of job (KB)
...
006 (14793328.001.000) 03/05 16:29:03 Image size of job updated: 1230092
	221  -  MemoryUsage of job (MB)
	226096  -  ResidentSetSize of job (KB)
...
040 (14793328.001.000) 03/05 16:29:04 Started transferring output files
...
040 (14793328.001.000) 03/05 16:29:06 Finished transferring output files
...
005 (14793328.001.000) 03/05 16:29:06 Job terminated.
	(1) Normal termination (return value 1)
		Usr 0 00:03:17, Sys 0 00:00:05  -  Run Remote Usage
		Usr 0 00:00:00, Sys 0 00:00:00  -  Run Local Usage
		Usr 0 00:03:17, Sys 0 00:00:05  -  Total Remote Usage
		Usr 0 00:00:00, Sys 0 00:00:00  -  Total Local Usage
	15135  -  Run Bytes Sent By Job
	6671  -  Run Bytes Received By Job
	15135  -  Total Bytes Sent By Job
	6671  -  Total Bytes Received By Job
	Partitionable Resources :    Usage  Request Allocated 
	   Cpus                 :        0        1         1 
	   Disk (KB)            :       47       10      3824 
	   GPUs                 :                           0 
	   Memory (MB)          :      221     3000      3000 
	   TimeExecute (s)      :       94                    
	   TimeSlotBusy (s)     :       98                    

	Job terminated of its own accord at 2026-03-05T15:29:03Z with exit-code 1.
...
