000 (14793328.002.000) 03/05 15:53:27 Job submitted from host: <188.184.90.62:9618?addrs=188.184.90.62-9618+[2001-1458-201-e4--100-238]-9618&alias=bigbird16.cern.ch&noUDP&sock=schedd_5196_9a2f>
...
040 (14793328.002.000) 03/05 16:27:39 Started transferring input files
	Transferring to host: <188.185.211.235:9618?addrs=188.185.211.235-9618+[2001-1458-303-17--100-67]-9618&alias=b9p24p7837.cern.ch&noUDP&sock=slot1_4_6348_7d7b_181725>
...
040 (14793328.002.000) 03/05 16:27:40 Finished transferring input files
...
001 (14793328.002.000) 03/05 16:27:41 Job executing on host: <188.185.211.235:9618?addrs=188.185.211.235-9618+[2001-1458-303-17--100-67]-9618&alias=b9p24p7837.cern.ch&noUDP&sock=startd_5555_d8af>
	SlotName: slot1_4@b9p24p7837.cern.ch
	CondorScratchDir = "/pool/condor/dir_3737408"
	Cpus = 1
	Disk = 3826
	GPUs = 0
	Memory = 3000
...
006 (14793328.002.000) 03/05 16:27:55 Image size of job updated: 308076
	301  -  MemoryUsage of job (MB)
	308076  -  ResidentSetSize of job (KB)
...
006 (14793328.002.000) 03/05 16:29:26 Image size of job updated: 1570244
	301  -  MemoryUsage of job (MB)
	308076  -  ResidentSetSize of job (KB)
...
040 (14793328.002.000) 03/05 16:29:26 Started transferring output files
...
040 (14793328.002.000) 03/05 16:29:26 Finished transferring output files
...
005 (14793328.002.000) 03/05 16:29:26 Job terminated.
	(1) Normal termination (return value 1)
		Usr 0 00:02:44, Sys 0 00:00:06  -  Run Remote Usage
		Usr 0 00:00:00, Sys 0 00:00:00  -  Run Local Usage
		Usr 0 00:02:44, Sys 0 00:00:06  -  Total Remote Usage
		Usr 0 00:00:00, Sys 0 00:00:00  -  Total Local Usage
	16445  -  Run Bytes Sent By Job
	6671  -  Run Bytes Received By Job
	16445  -  Total Bytes Sent By Job
	6671  -  Total Bytes Received By Job
	Partitionable Resources :    Usage  Request Allocated 
	   Cpus                 :        0        1         1 
	   Disk (KB)            :       49       10      3826 
	   GPUs                 :                           0 
	   Memory (MB)          :      301     3000      3000 
	   TimeExecute (s)      :      106                    
	   TimeSlotBusy (s)     :      108                    

	Job terminated of its own accord at 2026-03-05T15:29:26Z with exit-code 1.
...
