subject   : /DC=ch/DC=cern/OU=Organic Units/OU=Users/CN=driosper/CN=886669/CN=Diego Alejandro Rios Perez/CN=2603696693
issuer    : /DC=ch/DC=cern/OU=Organic Units/OU=Users/CN=driosper/CN=886669/CN=Diego Alejandro Rios Perez
identity  : /DC=ch/DC=cern/OU=Organic Units/OU=Users/CN=driosper/CN=886669/CN=Diego Alejandro Rios Perez
type      : RFC compliant proxy
strength  : 2048 bits
path      : /afs/cern.ch/user/d/driosper/private/x509up_u182284
timeleft  : 10:08:07
key usage : Digital Signature, Key Encipherment
=== VO cms extension information ===
VO        : cms
subject   : /DC=ch/DC=cern/OU=Organic Units/OU=Users/CN=driosper/CN=886669/CN=Diego Alejandro Rios Perez
issuer    : /DC=ch/DC=cern/OU=computers/CN=cms-auth.cern.ch
attribute : /cms/Role=NULL/Capability=NULL
timeleft  : 10:08:07
uri       : voms-cms-auth.cern.ch:15000
--workflow qcd_tf_mu --year 2022preEE --output_path /eos/user/d/driosper/bsm3g_coffea/outputs/qcd_tf_mu/2022preEE/ZZ --output_format coffea --dataset ZZ_1 --partition_json /srv/partition_fileset.json
  Preprocessing 100% ━━━━━━━━━━━━━━━━━━ 7/7 [ 0:00:09 < 0:00:00 | 0.8   file/s ]
Merging (local) 100% ━━━━━━━━━━━━━━━━━━ 7/7 [ 0:00:09 < 0:00:00 | ?   merges/s ]
     Processing  25% ━━━━╸              2/8 [ 0:00:19 < 0:00:18 | 0.3  chunk/s ]
Merging (local) 100% ━━━━━━━━━━━━━━━━━━ 1/1 [ 0:00:16 < 0:00:00 | ?   merges/s ]
There are 138 events with muon pt outside of [26,200] GeV. Setting those entries to their initial value.
There are 138 events with muon pt outside of [26,200] GeV. Setting those entries to their initial value.
There are 612 events with muon pt outside of [26,200] GeV. Setting those entries to their initial value.
There are 612 events with muon pt outside of [26,200] GeV. Setting those entries to their initial value.
There are 5 nan entries in the corrected pt. This might be due to the number of tracker layers hitting boundaries. Setting those entries to their initial value.
There are 7254 events with muon pt outside of [26,200] GeV. Setting those entries to their initial value.
There are 7254 events with muon pt outside of [26,200] GeV. Setting those entries to their initial value.
There are 45 nan entries in the corrected pt. This might be due to the number of tracker layers hitting boundaries. Setting those entries to their initial value.
There are 8789 events with muon pt outside of [26,200] GeV. Setting those entries to their initial value.
There are 8789 events with muon pt outside of [26,200] GeV. Setting those entries to their initial value.
There are 48 nan entries in the corrected pt. This might be due to the number of tracker layers hitting boundaries. Setting those entries to their initial value.
There are 23087 events with muon pt outside of [26,200] GeV. Setting those entries to their initial value.
There are 23087 events with muon pt outside of [26,200] GeV. Setting those entries to their initial value.
There are 109 nan entries in the corrected pt. This might be due to the number of tracker layers hitting boundaries. Setting those entries to their initial value.
There are 10835 events with muon pt outside of [26,200] GeV. Setting those entries to their initial value.
There are 10836 events with muon pt outside of [26,200] GeV. Setting those entries to their initial value.
There are 40 nan entries in the corrected pt. This might be due to the number of tracker layers hitting boundaries. Setting those entries to their initial value.
There are 23024 events with muon pt outside of [26,200] GeV. Setting those entries to their initial value.
There are 23027 events with muon pt outside of [26,200] GeV. Setting those entries to their initial value.
There are 132 nan entries in the corrected pt. This might be due to the number of tracker layers hitting boundaries. Setting those entries to their initial value.
There are 603 events with muon pt outside of [26,200] GeV. Setting those entries to their initial value.
There are 603 events with muon pt outside of [26,200] GeV. Setting those entries to their initial value.
There are 3 nan entries in the corrected pt. This might be due to the number of tracker layers hitting boundaries. Setting those entries to their initial value.
