000 (14729950.000.000) 02/25 17:14:35 Job submitted from host: <188.184.90.62:9618?addrs=188.184.90.62-9618+[2001-1458-201-e4--100-238]-9618&alias=bigbird16.cern.ch&noUDP&sock=schedd_5196_9a2f>
...
040 (14729950.000.000) 02/25 17:18:29 Started transferring input files
	Transferring to host: <188.185.206.99:9618?addrs=188.185.206.99-9618+[2001-1458-303-b--100-60]-9618&alias=b9p05p7418.cern.ch&noUDP&sock=slot1_20_8456_c451_147224>
...
040 (14729950.000.000) 02/25 17:18:29 Finished transferring input files
...
001 (14729950.000.000) 02/25 17:18:30 Job executing on host: <188.185.206.99:9618?addrs=188.185.206.99-9618+[2001-1458-303-b--100-60]-9618&alias=b9p05p7418.cern.ch&noUDP&sock=startd_7344_f39d>
	SlotName: slot1_20@b9p05p7418.cern.ch
	CondorScratchDir = "/pool/condor/dir_3619534"
	Cpus = 1
	Disk = 3679
	GPUs = 0
	Memory = 3000
...
006 (14729950.000.000) 02/25 17:18:44 Image size of job updated: 484504
	474  -  MemoryUsage of job (MB)
	484504  -  ResidentSetSize of job (KB)
...
006 (14729950.000.000) 02/25 17:22:52 Image size of job updated: 2397316
	474  -  MemoryUsage of job (MB)
	484504  -  ResidentSetSize of job (KB)
...
040 (14729950.000.000) 02/25 17:22:52 Started transferring output files
...
040 (14729950.000.000) 02/25 17:22:52 Finished transferring output files
...
005 (14729950.000.000) 02/25 17:22:53 Job terminated.
	(1) Normal termination (return value 1)
		Usr 0 00:03:21, Sys 0 00:00:07  -  Run Remote Usage
		Usr 0 00:00:00, Sys 0 00:00:00  -  Run Local Usage
		Usr 0 00:03:21, Sys 0 00:00:07  -  Total Remote Usage
		Usr 0 00:00:00, Sys 0 00:00:00  -  Total Local Usage
	18706  -  Run Bytes Sent By Job
	6877  -  Run Bytes Received By Job
	18706  -  Total Bytes Sent By Job
	6877  -  Total Bytes Received By Job
	Partitionable Resources :    Usage  Request Allocated 
	   Cpus                 :     0.01        1         1 
	   Disk (KB)            :    53          10      3679 
	   GPUs                 :                           0 
	   Memory (MB)          :   474        3000      3000 
	   TimeExecute (s)      :   262                       
	   TimeSlotBusy (s)     :   265                       

	Job terminated of its own accord at 2026-02-25T16:22:52Z with exit-code 1.
...
