subject   : /DC=ch/DC=cern/OU=Organic Units/OU=Users/CN=driosper/CN=886669/CN=Diego Alejandro Rios Perez/CN=1573519443
issuer    : /DC=ch/DC=cern/OU=Organic Units/OU=Users/CN=driosper/CN=886669/CN=Diego Alejandro Rios Perez
identity  : /DC=ch/DC=cern/OU=Organic Units/OU=Users/CN=driosper/CN=886669/CN=Diego Alejandro Rios Perez
type      : RFC compliant proxy
strength  : 2048 bits
path      : /afs/cern.ch/user/d/driosper/private/x509up_u182284
timeleft  : 11:49:52
key usage : Digital Signature, Key Encipherment
=== VO cms extension information ===
VO        : cms
subject   : /DC=ch/DC=cern/OU=Organic Units/OU=Users/CN=driosper/CN=886669/CN=Diego Alejandro Rios Perez
issuer    : /DC=ch/DC=cern/OU=computers/CN=cms-auth.cern.ch
attribute : /cms/Role=NULL/Capability=NULL
timeleft  : 11:49:52
uri       : voms-cms-auth.cern.ch:15000
--workflow ztoee --year 2022preEE --output_path /eos/user/d/driosper/bsm3g_coffea/outputs/ztoee/2022preEE/TWminusto2L2Nu --output_format coffea --dataset TWminusto2L2Nu_3 --partition_json /srv/partition_fileset.json
  Preprocessing 100% ━━━━━━━━━━━━━━━━━━ 7/7 [ 0:00:07 < 0:00:00 | 1.1   file/s ]
Merging (local) 100% ━━━━━━━━━━━━━━━━━━ 7/7 [ 0:00:07 < 0:00:00 | ?   merges/s ]
     Processing  14% ━━╸                  1/7 [ 0:00:15 < -:--:-- | ?  chunk/s ]
Merging (local)   0% ━━━━━━━━━━━━━━━━━━━━ 0/0 [ 0:00:02 < 0:00:00 | ? merges/s ]
There are 2685 events with muon pt outside of [26,200] GeV. Setting those entries to their initial value.
There are 2685 events with muon pt outside of [26,200] GeV. Setting those entries to their initial value.
There are 14 nan entries in the corrected pt. This might be due to the number of tracker layers hitting boundaries. Setting those entries to their initial value.
There are 2346 events with muon pt outside of [26,200] GeV. Setting those entries to their initial value.
There are 7738 events with muon pt outside of [26,200] GeV. Setting those entries to their initial value.
There are 7740 events with muon pt outside of [26,200] GeV. Setting those entries to their initial value.
There are 27 nan entries in the corrected pt. This might be due to the number of tracker layers hitting boundaries. Setting those entries to their initial value.
There are 6947 events with muon pt outside of [26,200] GeV. Setting those entries to their initial value.
There are 5379 events with muon pt outside of [26,200] GeV. Setting those entries to their initial value.
There are 5380 events with muon pt outside of [26,200] GeV. Setting those entries to their initial value.
There are 30 nan entries in the corrected pt. This might be due to the number of tracker layers hitting boundaries. Setting those entries to their initial value.
There are 4799 events with muon pt outside of [26,200] GeV. Setting those entries to their initial value.
There are 35636 events with muon pt outside of [26,200] GeV. Setting those entries to their initial value.
There are 35642 events with muon pt outside of [26,200] GeV. Setting those entries to their initial value.
There are 176 nan entries in the corrected pt. This might be due to the number of tracker layers hitting boundaries. Setting those entries to their initial value.
There are 32054 events with muon pt outside of [26,200] GeV. Setting those entries to their initial value.
There are 12227 events with muon pt outside of [26,200] GeV. Setting those entries to their initial value.
There are 12230 events with muon pt outside of [26,200] GeV. Setting those entries to their initial value.
There are 71 nan entries in the corrected pt. This might be due to the number of tracker layers hitting boundaries. Setting those entries to their initial value.
There are 10936 events with muon pt outside of [26,200] GeV. Setting those entries to their initial value.
There are 40158 events with muon pt outside of [26,200] GeV. Setting those entries to their initial value.
There are 40165 events with muon pt outside of [26,200] GeV. Setting those entries to their initial value.
There are 179 nan entries in the corrected pt. This might be due to the number of tracker layers hitting boundaries. Setting those entries to their initial value.
There are 35982 events with muon pt outside of [26,200] GeV. Setting those entries to their initial value.
There are 60440 events with muon pt outside of [26,200] GeV. Setting those entries to their initial value.
There are 60448 events with muon pt outside of [26,200] GeV. Setting those entries to their initial value.
There are 305 nan entries in the corrected pt. This might be due to the number of tracker layers hitting boundaries. Setting those entries to their initial value.
There are 53904 events with muon pt outside of [26,200] GeV. Setting those entries to their initial value.
