000 (14737670.000.000) 02/25 20:32:33 Job submitted from host: <188.184.90.62:9618?addrs=188.184.90.62-9618+[2001-1458-201-e4--100-238]-9618&alias=bigbird16.cern.ch&noUDP&sock=schedd_5196_9a2f>
...
040 (14737670.000.000) 02/25 20:36:14 Started transferring input files
	Transferring to host: <188.185.204.165:9618?addrs=188.185.204.165-9618+[2001-1458-303-8--100-99]-9618&alias=b9p02p0266.cern.ch&noUDP&sock=slot1_56_4165550_8ee8_84391>
...
040 (14737670.000.000) 02/25 20:36:14 Finished transferring input files
...
001 (14737670.000.000) 02/25 20:36:15 Job executing on host: <188.185.204.165:9618?addrs=188.185.204.165-9618+[2001-1458-303-8--100-99]-9618&alias=b9p02p0266.cern.ch&noUDP&sock=startd_4162434_1608>
	SlotName: slot1_56@b9p02p0266.cern.ch
	CondorScratchDir = "/pool/condor/dir_226763"
	Cpus = 1
	Disk = 3772
	GPUs = 0
	Memory = 3000
...
006 (14737670.000.000) 02/25 20:36:29 Image size of job updated: 530520
	519  -  MemoryUsage of job (MB)
	530520  -  ResidentSetSize of job (KB)
...
006 (14737670.000.000) 02/25 20:37:54 Image size of job updated: 2413952
	519  -  MemoryUsage of job (MB)
	530572  -  ResidentSetSize of job (KB)
...
040 (14737670.000.000) 02/25 20:37:54 Started transferring output files
...
040 (14737670.000.000) 02/25 20:37:54 Finished transferring output files
...
005 (14737670.000.000) 02/25 20:37:54 Job terminated.
	(1) Normal termination (return value 1)
		Usr 0 00:02:38, Sys 0 00:00:07  -  Run Remote Usage
		Usr 0 00:00:00, Sys 0 00:00:00  -  Run Local Usage
		Usr 0 00:02:38, Sys 0 00:00:07  -  Total Remote Usage
		Usr 0 00:00:00, Sys 0 00:00:00  -  Total Local Usage
	23673  -  Run Bytes Sent By Job
	6907  -  Run Bytes Received By Job
	23673  -  Total Bytes Sent By Job
	6907  -  Total Bytes Received By Job
	Partitionable Resources :    Usage  Request Allocated 
	   Cpus                 :        0        1         1 
	   Disk (KB)            :       53       10      3772 
	   GPUs                 :                           0 
	   Memory (MB)          :      519     3000      3000 
	   TimeExecute (s)      :       99                    
	   TimeSlotBusy (s)     :      101                    

	Job terminated of its own accord at 2026-02-25T19:37:54Z with exit-code 1.
...
