000 (14722379.000.000) 02/25 15:24:05 Job submitted from host: <188.184.90.62:9618?addrs=188.184.90.62-9618+[2001-1458-201-e4--100-238]-9618&alias=bigbird16.cern.ch&noUDP&sock=schedd_5196_9a2f>
...
040 (14722379.000.000) 02/25 15:26:56 Started transferring input files
	Transferring to host: <188.185.193.154:9618?addrs=188.185.193.154-9618+[2001-1458-303-20--100-96]-9618&alias=b9p19p4407.cern.ch&noUDP&sock=slot1_13_2666803_b6b6_95058>
...
040 (14722379.000.000) 02/25 15:26:56 Finished transferring input files
...
001 (14722379.000.000) 02/25 15:26:57 Job executing on host: <188.185.193.154:9618?addrs=188.185.193.154-9618+[2001-1458-303-20--100-96]-9618&alias=b9p19p4407.cern.ch&noUDP&sock=startd_4540_a40f>
	SlotName: slot1_13@b9p19p4407.cern.ch
	CondorScratchDir = "/pool/condor/dir_1409456"
	Cpus = 1
	Disk = 3870
	GPUs = 0
	Memory = 3000
...
006 (14722379.000.000) 02/25 15:27:12 Image size of job updated: 150388
	147  -  MemoryUsage of job (MB)
	150388  -  ResidentSetSize of job (KB)
...
006 (14722379.000.000) 02/25 15:28:11 Image size of job updated: 583692
	147  -  MemoryUsage of job (MB)
	150388  -  ResidentSetSize of job (KB)
...
040 (14722379.000.000) 02/25 15:28:11 Started transferring output files
...
040 (14722379.000.000) 02/25 15:28:11 Finished transferring output files
...
005 (14722379.000.000) 02/25 15:28:11 Job terminated.
	(1) Normal termination (return value 1)
		Usr 0 00:00:32, Sys 0 00:00:02  -  Run Remote Usage
		Usr 0 00:00:00, Sys 0 00:00:00  -  Run Local Usage
		Usr 0 00:00:32, Sys 0 00:00:02  -  Total Remote Usage
		Usr 0 00:00:00, Sys 0 00:00:00  -  Total Local Usage
	9960  -  Run Bytes Sent By Job
	6882  -  Run Bytes Received By Job
	9960  -  Total Bytes Sent By Job
	6882  -  Total Bytes Received By Job
	Partitionable Resources :    Usage  Request Allocated 
	   Cpus                 :     1.75        1         1 
	   Disk (KB)            :    43          10      3870 
	   GPUs                 :                           0 
	   Memory (MB)          :   147        3000      3000 
	   TimeExecute (s)      :    74                       
	   TimeSlotBusy (s)     :    76                       

	Job terminated of its own accord at 2026-02-25T14:28:11Z with exit-code 1.
...
