subject   : /DC=ch/DC=cern/OU=Organic Units/OU=Users/CN=driosper/CN=886669/CN=Diego Alejandro Rios Perez/CN=3192939875
issuer    : /DC=ch/DC=cern/OU=Organic Units/OU=Users/CN=driosper/CN=886669/CN=Diego Alejandro Rios Perez
identity  : /DC=ch/DC=cern/OU=Organic Units/OU=Users/CN=driosper/CN=886669/CN=Diego Alejandro Rios Perez
type      : RFC compliant proxy
strength  : 2048 bits
path      : /afs/cern.ch/user/d/driosper/private/x509up_u182284
timeleft  : 11:12:39
key usage : Digital Signature, Key Encipherment
=== VO cms extension information ===
VO        : cms
subject   : /DC=ch/DC=cern/OU=Organic Units/OU=Users/CN=driosper/CN=886669/CN=Diego Alejandro Rios Perez
issuer    : /DC=ch/DC=cern/OU=computers/CN=cms-auth.cern.ch
attribute : /cms/Role=NULL/Capability=NULL
timeleft  : 11:12:39
uri       : voms-cms-auth.cern.ch:15000
--workflow ztoee --year 2022preEE --output_path /eos/user/d/driosper/bsm3g_coffea/outputs/ztoee/2022preEE/TWminusto2L2Nu --output_format coffea --dataset TWminusto2L2Nu_2 --partition_json /srv/partition_fileset.json
  Preprocessing 100% ━━━━━━━━━━━━━━━━━━ 7/7 [ 0:00:16 < 0:00:00 | 0.4   file/s ]
Merging (local) 100% ━━━━━━━━━━━━━━━━━━ 7/7 [ 0:00:16 < 0:00:00 | ?   merges/s ]
     Processing   7% ━                   1/15 [ 0:00:29 < -:--:-- | ?  chunk/s ]
Merging (local)   0% ━━━━━━━━━━━━━━━━━━━  0/0 [ 0:00:02 < 0:00:00 | ? merges/s ]
There are 40611 events with muon pt outside of [26,200] GeV. Setting those entries to their initial value.
There are 40617 events with muon pt outside of [26,200] GeV. Setting those entries to their initial value.
There are 217 nan entries in the corrected pt. This might be due to the number of tracker layers hitting boundaries. Setting those entries to their initial value.
There are 36572 events with muon pt outside of [26,200] GeV. Setting those entries to their initial value.
There are 13380 events with muon pt outside of [26,200] GeV. Setting those entries to their initial value.
There are 13383 events with muon pt outside of [26,200] GeV. Setting those entries to their initial value.
There are 73 nan entries in the corrected pt. This might be due to the number of tracker layers hitting boundaries. Setting those entries to their initial value.
There are 12003 events with muon pt outside of [26,200] GeV. Setting those entries to their initial value.
There are 37851 events with muon pt outside of [26,200] GeV. Setting those entries to their initial value.
There are 37857 events with muon pt outside of [26,200] GeV. Setting those entries to their initial value.
There are 199 nan entries in the corrected pt. This might be due to the number of tracker layers hitting boundaries. Setting those entries to their initial value.
There are 33940 events with muon pt outside of [26,200] GeV. Setting those entries to their initial value.
There are 37755 events with muon pt outside of [26,200] GeV. Setting those entries to their initial value.
There are 37761 events with muon pt outside of [26,200] GeV. Setting those entries to their initial value.
There are 168 nan entries in the corrected pt. This might be due to the number of tracker layers hitting boundaries. Setting those entries to their initial value.
There are 34125 events with muon pt outside of [26,200] GeV. Setting those entries to their initial value.
There are 15934 events with muon pt outside of [26,200] GeV. Setting those entries to their initial value.
There are 15936 events with muon pt outside of [26,200] GeV. Setting those entries to their initial value.
There are 87 nan entries in the corrected pt. This might be due to the number of tracker layers hitting boundaries. Setting those entries to their initial value.
There are 14427 events with muon pt outside of [26,200] GeV. Setting those entries to their initial value.
There are 40959 events with muon pt outside of [26,200] GeV. Setting those entries to their initial value.
There are 40964 events with muon pt outside of [26,200] GeV. Setting those entries to their initial value.
There are 187 nan entries in the corrected pt. This might be due to the number of tracker layers hitting boundaries. Setting those entries to their initial value.
There are 36473 events with muon pt outside of [26,200] GeV. Setting those entries to their initial value.
There are 37526 events with muon pt outside of [26,200] GeV. Setting those entries to their initial value.
There are 37534 events with muon pt outside of [26,200] GeV. Setting those entries to their initial value.
There are 212 nan entries in the corrected pt. This might be due to the number of tracker layers hitting boundaries. Setting those entries to their initial value.
There are 33735 events with muon pt outside of [26,200] GeV. Setting those entries to their initial value.
There are 37695 events with muon pt outside of [26,200] GeV. Setting those entries to their initial value.
There are 37700 events with muon pt outside of [26,200] GeV. Setting those entries to their initial value.
There are 192 nan entries in the corrected pt. This might be due to the number of tracker layers hitting boundaries. Setting those entries to their initial value.
There are 33968 events with muon pt outside of [26,200] GeV. Setting those entries to their initial value.
There are 8276 events with muon pt outside of [26,200] GeV. Setting those entries to their initial value.
There are 8276 events with muon pt outside of [26,200] GeV. Setting those entries to their initial value.
There are 47 nan entries in the corrected pt. This might be due to the number of tracker layers hitting boundaries. Setting those entries to their initial value.
There are 7491 events with muon pt outside of [26,200] GeV. Setting those entries to their initial value.
There are 41028 events with muon pt outside of [26,200] GeV. Setting those entries to their initial value.
There are 41036 events with muon pt outside of [26,200] GeV. Setting those entries to their initial value.
There are 198 nan entries in the corrected pt. This might be due to the number of tracker layers hitting boundaries. Setting those entries to their initial value.
There are 36324 events with muon pt outside of [26,200] GeV. Setting those entries to their initial value.
There are 37858 events with muon pt outside of [26,200] GeV. Setting those entries to their initial value.
There are 37864 events with muon pt outside of [26,200] GeV. Setting those entries to their initial value.
There are 195 nan entries in the corrected pt. This might be due to the number of tracker layers hitting boundaries. Setting those entries to their initial value.
There are 33723 events with muon pt outside of [26,200] GeV. Setting those entries to their initial value.
There are 34277 events with muon pt outside of [26,200] GeV. Setting those entries to their initial value.
There are 34282 events with muon pt outside of [26,200] GeV. Setting those entries to their initial value.
There are 140 nan entries in the corrected pt. This might be due to the number of tracker layers hitting boundaries. Setting those entries to their initial value.
There are 30838 events with muon pt outside of [26,200] GeV. Setting those entries to their initial value.
There are 41087 events with muon pt outside of [26,200] GeV. Setting those entries to their initial value.
There are 41095 events with muon pt outside of [26,200] GeV. Setting those entries to their initial value.
There are 209 nan entries in the corrected pt. This might be due to the number of tracker layers hitting boundaries. Setting those entries to their initial value.
There are 36822 events with muon pt outside of [26,200] GeV. Setting those entries to their initial value.
There are 37720 events with muon pt outside of [26,200] GeV. Setting those entries to their initial value.
There are 37726 events with muon pt outside of [26,200] GeV. Setting those entries to their initial value.
There are 190 nan entries in the corrected pt. This might be due to the number of tracker layers hitting boundaries. Setting those entries to their initial value.
There are 33816 events with muon pt outside of [26,200] GeV. Setting those entries to their initial value.
There are 31111 events with muon pt outside of [26,200] GeV. Setting those entries to their initial value.
There are 31113 events with muon pt outside of [26,200] GeV. Setting those entries to their initial value.
There are 149 nan entries in the corrected pt. This might be due to the number of tracker layers hitting boundaries. Setting those entries to their initial value.
There are 28007 events with muon pt outside of [26,200] GeV. Setting those entries to their initial value.
