000 (14752956.001.000) 02/26 16:23:21 Job submitted from host: <188.184.90.62:9618?addrs=188.184.90.62-9618+[2001-1458-201-e4--100-238]-9618&alias=bigbird16.cern.ch&noUDP&sock=schedd_5196_9a2f>
...
040 (14752956.001.000) 02/26 16:27:19 Started transferring input files
	Transferring to host: <188.185.213.186:9618?addrs=188.185.213.186-9618+[2001-1458-303-1b--100-36]-9618&alias=b9p28p9859.cern.ch&noUDP&sock=slot1_26_3932_3319_200510>
...
040 (14752956.001.000) 02/26 16:27:19 Finished transferring input files
...
001 (14752956.001.000) 02/26 16:27:20 Job executing on host: <188.185.213.186:9618?addrs=188.185.213.186-9618+[2001-1458-303-1b--100-36]-9618&alias=b9p28p9859.cern.ch&noUDP&sock=startd_3214_1d7a>
	SlotName: slot1_26@b9p28p9859.cern.ch
	CondorScratchDir = "/pool/condor/dir_233269"
	Cpus = 1
	Disk = 3858
	GPUs = 0
	Memory = 3000
...
006 (14752956.001.000) 02/26 16:27:33 Image size of job updated: 171100
	0  -  MemoryUsage of job (MB)
	0  -  ResidentSetSize of job (KB)
...
040 (14752956.001.000) 02/26 16:27:33 Started transferring output files
...
040 (14752956.001.000) 02/26 16:27:33 Finished transferring output files
...
005 (14752956.001.000) 02/26 16:27:33 Job terminated.
	(1) Normal termination (return value 1)
		Usr 0 00:00:05, Sys 0 00:00:01  -  Run Remote Usage
		Usr 0 00:00:00, Sys 0 00:00:00  -  Run Local Usage
		Usr 0 00:00:05, Sys 0 00:00:01  -  Total Remote Usage
		Usr 0 00:00:00, Sys 0 00:00:00  -  Total Local Usage
	14947  -  Run Bytes Sent By Job
	6907  -  Run Bytes Received By Job
	14947  -  Total Bytes Sent By Job
	6907  -  Total Bytes Received By Job
	Partitionable Resources :    Usage  Request Allocated 
	   Cpus                 :        0        1         1 
	   Disk (KB)            :       45       10      3858 
	   GPUs                 :                           0 
	   Memory (MB)          :        0     3000      3000 
	   TimeExecute (s)      :       13                    
	   TimeSlotBusy (s)     :       15                    

	Job terminated of its own accord at 2026-02-26T15:27:33Z with exit-code 1.
...
