000 (14729950.002.000) 02/25 17:14:35 Job submitted from host: <188.184.90.62:9618?addrs=188.184.90.62-9618+[2001-1458-201-e4--100-238]-9618&alias=bigbird16.cern.ch&noUDP&sock=schedd_5196_9a2f>
...
040 (14729950.002.000) 02/25 17:18:30 Started transferring input files
	Transferring to host: <188.185.209.174:9618?addrs=188.185.209.174-9618+[2001-1458-303-12--100-2b]-9618&alias=b9p12p6137.cern.ch&noUDP&sock=slot1_11_3741_9f71_144405>
...
040 (14729950.002.000) 02/25 17:18:30 Finished transferring input files
...
001 (14729950.002.000) 02/25 17:18:31 Job executing on host: <188.185.209.174:9618?addrs=188.185.209.174-9618+[2001-1458-303-12--100-2b]-9618&alias=b9p12p6137.cern.ch&noUDP&sock=startd_3295_aca6>
	SlotName: slot1_11@b9p12p6137.cern.ch
	CondorScratchDir = "/pool/condor/dir_3121638"
	Cpus = 1
	Disk = 3730
	GPUs = 0
	Memory = 3000
...
006 (14729950.002.000) 02/25 17:18:45 Image size of job updated: 483972
	473  -  MemoryUsage of job (MB)
	483972  -  ResidentSetSize of job (KB)
...
006 (14729950.002.000) 02/25 17:21:46 Image size of job updated: 1685720
	473  -  MemoryUsage of job (MB)
	483972  -  ResidentSetSize of job (KB)
...
040 (14729950.002.000) 02/25 17:21:46 Started transferring output files
...
040 (14729950.002.000) 02/25 17:21:47 Finished transferring output files
...
005 (14729950.002.000) 02/25 17:21:47 Job terminated.
	(1) Normal termination (return value 1)
		Usr 0 00:01:50, Sys 0 00:00:05  -  Run Remote Usage
		Usr 0 00:00:00, Sys 0 00:00:00  -  Run Local Usage
		Usr 0 00:01:50, Sys 0 00:00:05  -  Total Remote Usage
		Usr 0 00:00:00, Sys 0 00:00:00  -  Total Local Usage
	16183  -  Run Bytes Sent By Job
	6877  -  Run Bytes Received By Job
	16183  -  Total Bytes Sent By Job
	6877  -  Total Bytes Received By Job
	Partitionable Resources :    Usage  Request Allocated 
	   Cpus                 :     0.06        1         1 
	   Disk (KB)            :    53          10      3730 
	   GPUs                 :                           0 
	   Memory (MB)          :   473        3000      3000 
	   TimeExecute (s)      :   195                       
	   TimeSlotBusy (s)     :   198                       

	Job terminated of its own accord at 2026-02-25T16:21:46Z with exit-code 1.
...
