000 (14788594.000.000) 03/03 04:17:54 Job submitted from host: <188.184.90.62:9618?addrs=188.184.90.62-9618+[2001-1458-201-e4--100-238]-9618&alias=bigbird16.cern.ch&noUDP&sock=schedd_5196_9a2f>
...
040 (14788594.000.000) 03/03 04:18:24 Started transferring input files
	Transferring to host: <188.185.210.73:9618?addrs=188.185.210.73-9618+[2001-1458-303-1--100-45]-9618&alias=b9p21p2522.cern.ch&noUDP&sock=slot1_3_4104_63a0_179753>
...
040 (14788594.000.000) 03/03 04:18:24 Finished transferring input files
...
001 (14788594.000.000) 03/03 04:18:25 Job executing on host: <188.185.210.73:9618?addrs=188.185.210.73-9618+[2001-1458-303-1--100-45]-9618&alias=b9p21p2522.cern.ch&noUDP&sock=startd_3470_b5b8>
	SlotName: slot1_3@b9p21p2522.cern.ch
	CondorScratchDir = "/pool/condor/dir_1642538"
	Cpus = 1
	Disk = 3696
	GPUs = 0
	Memory = 3000
...
006 (14788594.000.000) 03/03 04:18:39 Image size of job updated: 502944
	492  -  MemoryUsage of job (MB)
	502944  -  ResidentSetSize of job (KB)
...
006 (14788594.000.000) 03/03 04:22:55 Image size of job updated: 2649796
	492  -  MemoryUsage of job (MB)
	503084  -  ResidentSetSize of job (KB)
...
040 (14788594.000.000) 03/03 04:22:55 Started transferring output files
...
040 (14788594.000.000) 03/03 04:22:55 Finished transferring output files
...
005 (14788594.000.000) 03/03 04:22:56 Job terminated.
	(1) Normal termination (return value 1)
		Usr 0 00:03:58, Sys 0 00:00:10  -  Run Remote Usage
		Usr 0 00:00:00, Sys 0 00:00:00  -  Run Local Usage
		Usr 0 00:03:58, Sys 0 00:00:10  -  Total Remote Usage
		Usr 0 00:00:00, Sys 0 00:00:00  -  Total Local Usage
	17526  -  Run Bytes Sent By Job
	6960  -  Run Bytes Received By Job
	17526  -  Total Bytes Sent By Job
	6960  -  Total Bytes Received By Job
	Partitionable Resources :    Usage  Request Allocated 
	   Cpus                 :        0        1         1 
	   Disk (KB)            :       50       10      3696 
	   GPUs                 :                           0 
	   Memory (MB)          :      492     3000      3000 
	   TimeExecute (s)      :      270                    
	   TimeSlotBusy (s)     :      273                    

	Job terminated of its own accord at 2026-03-03T03:22:55Z with exit-code 1.
...
