000 (14788594.001.000) 03/03 04:17:54 Job submitted from host: <188.184.90.62:9618?addrs=188.184.90.62-9618+[2001-1458-201-e4--100-238]-9618&alias=bigbird16.cern.ch&noUDP&sock=schedd_5196_9a2f>
...
040 (14788594.001.000) 03/03 04:18:25 Started transferring input files
	Transferring to host: <188.185.213.161:9618?addrs=188.185.213.161-9618+[2001-1458-303-1b--100-1d]-9618&alias=b9p28p0003.cern.ch&noUDP&sock=slot1_7_7135_00bb_12798>
...
040 (14788594.001.000) 03/03 04:18:25 Finished transferring input files
...
001 (14788594.001.000) 03/03 04:18:26 Job executing on host: <188.185.213.161:9618?addrs=188.185.213.161-9618+[2001-1458-303-1b--100-1d]-9618&alias=b9p28p0003.cern.ch&noUDP&sock=startd_6306_f84f>
	SlotName: slot1_7@b9p28p0003.cern.ch
	CondorScratchDir = "/pool/condor/dir_1867695"
	Cpus = 1
	Disk = 3770
	GPUs = 0
	Memory = 3000
...
006 (14788594.001.000) 03/03 04:18:40 Image size of job updated: 537560
	525  -  MemoryUsage of job (MB)
	537560  -  ResidentSetSize of job (KB)
...
006 (14788594.001.000) 03/03 04:19:39 Image size of job updated: 580364
	525  -  MemoryUsage of job (MB)
	537560  -  ResidentSetSize of job (KB)
...
040 (14788594.001.000) 03/03 04:19:39 Started transferring output files
...
040 (14788594.001.000) 03/03 04:19:39 Finished transferring output files
...
005 (14788594.001.000) 03/03 04:19:39 Job terminated.
	(1) Normal termination (return value 1)
		Usr 0 00:00:14, Sys 0 00:00:02  -  Run Remote Usage
		Usr 0 00:00:00, Sys 0 00:00:00  -  Run Local Usage
		Usr 0 00:00:14, Sys 0 00:00:02  -  Total Remote Usage
		Usr 0 00:00:00, Sys 0 00:00:00  -  Total Local Usage
	10091  -  Run Bytes Sent By Job
	6960  -  Run Bytes Received By Job
	10091  -  Total Bytes Sent By Job
	6960  -  Total Bytes Received By Job
	Partitionable Resources :    Usage  Request Allocated 
	   Cpus                 :        0        1         1 
	   Disk (KB)            :       43       10      3770 
	   GPUs                 :                           0 
	   Memory (MB)          :      525     3000      3000 
	   TimeExecute (s)      :       73                    
	   TimeSlotBusy (s)     :       75                    

	Job terminated of its own accord at 2026-03-03T03:19:39Z with exit-code 1.
...
