000 (14788594.002.000) 03/03 04:17:54 Job submitted from host: <188.184.90.62:9618?addrs=188.184.90.62-9618+[2001-1458-201-e4--100-238]-9618&alias=bigbird16.cern.ch&noUDP&sock=schedd_5196_9a2f>
...
040 (14788594.002.000) 03/03 04:18:25 Started transferring input files
	Transferring to host: <188.185.207.45:9618?addrs=188.185.207.45-9618+[2001-1458-303-d--100-2a]-9618&alias=b9p07p4685.cern.ch&noUDP&sock=slot1_31_3725631_d367_149149>
...
040 (14788594.002.000) 03/03 04:18:25 Finished transferring input files
...
001 (14788594.002.000) 03/03 04:18:26 Job executing on host: <188.185.207.45:9618?addrs=188.185.207.45-9618+[2001-1458-303-d--100-2a]-9618&alias=b9p07p4685.cern.ch&noUDP&sock=startd_10475_8ea4>
	SlotName: slot1_31@b9p07p4685.cern.ch
	CondorScratchDir = "/pool/condor/dir_3976721"
	Cpus = 1
	Disk = 3813
	GPUs = 0
	Memory = 3000
...
006 (14788594.002.000) 03/03 04:18:40 Image size of job updated: 516740
	505  -  MemoryUsage of job (MB)
	516740  -  ResidentSetSize of job (KB)
...
006 (14788594.002.000) 03/03 04:20:19 Image size of job updated: 1939484
	505  -  MemoryUsage of job (MB)
	516740  -  ResidentSetSize of job (KB)
...
040 (14788594.002.000) 03/03 04:20:19 Started transferring output files
...
040 (14788594.002.000) 03/03 04:20:19 Finished transferring output files
...
005 (14788594.002.000) 03/03 04:20:19 Job terminated.
	(1) Normal termination (return value 1)
		Usr 0 00:02:20, Sys 0 00:00:06  -  Run Remote Usage
		Usr 0 00:00:00, Sys 0 00:00:00  -  Run Local Usage
		Usr 0 00:02:20, Sys 0 00:00:06  -  Total Remote Usage
		Usr 0 00:00:00, Sys 0 00:00:00  -  Total Local Usage
	15592  -  Run Bytes Sent By Job
	6960  -  Run Bytes Received By Job
	15592  -  Total Bytes Sent By Job
	6960  -  Total Bytes Received By Job
	Partitionable Resources :    Usage  Request Allocated 
	   Cpus                 :     0.92        1         1 
	   Disk (KB)            :    51          10      3813 
	   GPUs                 :                           0 
	   Memory (MB)          :   505        3000      3000 
	   TimeExecute (s)      :   113                       
	   TimeSlotBusy (s)     :   115                       

	Job terminated of its own accord at 2026-03-03T03:20:19Z with exit-code 1.
...
