000 (14720091.000.000) 02/25 14:49:29 Job submitted from host: <188.184.90.62:9618?addrs=188.184.90.62-9618+[2001-1458-201-e4--100-238]-9618&alias=bigbird16.cern.ch&noUDP&sock=schedd_5196_9a2f>
...
040 (14720091.000.000) 02/25 14:49:40 Started transferring input files
	Transferring to host: <188.185.215.89:9618?addrs=188.185.215.89-9618+[2001-1458-303-1e--100-55]-9618&alias=b9p31p6987.cern.ch&noUDP&sock=slot1_32_6673_7b68_169693>
...
040 (14720091.000.000) 02/25 14:49:40 Finished transferring input files
...
001 (14720091.000.000) 02/25 14:49:42 Job executing on host: <188.185.215.89:9618?addrs=188.185.215.89-9618+[2001-1458-303-1e--100-55]-9618&alias=b9p31p6987.cern.ch&noUDP&sock=startd_5750_99a7>
	SlotName: slot1_32@b9p31p6987.cern.ch
	CondorScratchDir = "/pool/condor/dir_906582"
	Cpus = 1
	Disk = 3890
	GPUs = 0
	Memory = 3000
...
006 (14720091.000.000) 02/25 14:49:55 Image size of job updated: 334300
	327  -  MemoryUsage of job (MB)
	334300  -  ResidentSetSize of job (KB)
...
006 (14720091.000.000) 02/25 14:54:55 Image size of job updated: 1951984
	1887  -  MemoryUsage of job (MB)
	1931892  -  ResidentSetSize of job (KB)
...
006 (14720091.000.000) 02/25 14:59:56 Image size of job updated: 2034244
	1987  -  MemoryUsage of job (MB)
	2033996  -  ResidentSetSize of job (KB)
...
006 (14720091.000.000) 02/25 15:04:57 Image size of job updated: 2063884
	2016  -  MemoryUsage of job (MB)
	2063884  -  ResidentSetSize of job (KB)
...
006 (14720091.000.000) 02/25 15:09:57 Image size of job updated: 2083348
	2016  -  MemoryUsage of job (MB)
	2063884  -  ResidentSetSize of job (KB)
...
006 (14720091.000.000) 02/25 15:14:58 Image size of job updated: 2149116
	2050  -  MemoryUsage of job (MB)
	2098912  -  ResidentSetSize of job (KB)
...
006 (14720091.000.000) 02/25 15:16:31 Image size of job updated: 2155860
	2050  -  MemoryUsage of job (MB)
	2098912  -  ResidentSetSize of job (KB)
...
040 (14720091.000.000) 02/25 15:16:31 Started transferring output files
...
040 (14720091.000.000) 02/25 15:16:31 Finished transferring output files
...
005 (14720091.000.000) 02/25 15:16:31 Job terminated.
	(1) Normal termination (return value 0)
		Usr 0 01:10:39, Sys 0 00:01:17  -  Run Remote Usage
		Usr 0 00:00:00, Sys 0 00:00:00  -  Run Local Usage
		Usr 0 01:10:39, Sys 0 00:01:17  -  Total Remote Usage
		Usr 0 00:00:00, Sys 0 00:00:00  -  Total Local Usage
	7887  -  Run Bytes Sent By Job
	12195  -  Run Bytes Received By Job
	7887  -  Total Bytes Sent By Job
	12195  -  Total Bytes Received By Job
	Partitionable Resources :    Usage  Request Allocated 
	   Cpus                 :     2.97        1         1 
	   Disk (KB)            :    47          15      3890 
	   GPUs                 :                           0 
	   Memory (MB)          :  2050        3000      3000 
	   TimeExecute (s)      :  1610                       
	   TimeSlotBusy (s)     :  1611                       

	Job terminated of its own accord at 2026-02-25T14:16:31Z with exit-code 0.
...
