000 (14788597.000.000) 03/03 04:17:54 Job submitted from host: <188.184.90.62:9618?addrs=188.184.90.62-9618+[2001-1458-201-e4--100-238]-9618&alias=bigbird16.cern.ch&noUDP&sock=schedd_5196_9a2f>
...
040 (14788597.000.000) 03/03 04:18:29 Started transferring input files
	Transferring to host: <128.142.196.45:9618?addrs=128.142.196.45-9618+[2001-1458-301-3c--100-2b]-9618&alias=b9g32p2185.cern.ch&noUDP&sock=slot1_15_3220_87fc_179636>
...
040 (14788597.000.000) 03/03 04:18:29 Finished transferring input files
...
001 (14788597.000.000) 03/03 04:18:30 Job executing on host: <128.142.196.45:9618?addrs=128.142.196.45-9618+[2001-1458-301-3c--100-2b]-9618&alias=b9g32p2185.cern.ch&noUDP&sock=startd_2773_a036>
	SlotName: slot1_15@b9g32p2185.cern.ch
	CondorScratchDir = "/pool/condor/dir_1050892"
	Cpus = 1
	Disk = 3760
	GPUs = 0
	Memory = 3000
...
006 (14788597.000.000) 03/03 04:18:44 Image size of job updated: 254592
	249  -  MemoryUsage of job (MB)
	254592  -  ResidentSetSize of job (KB)
...
006 (14788597.000.000) 03/03 04:20:21 Image size of job updated: 1205588
	249  -  MemoryUsage of job (MB)
	254592  -  ResidentSetSize of job (KB)
...
040 (14788597.000.000) 03/03 04:20:21 Started transferring output files
...
040 (14788597.000.000) 03/03 04:20:21 Finished transferring output files
...
005 (14788597.000.000) 03/03 04:20:21 Job terminated.
	(1) Normal termination (return value 1)
		Usr 0 00:03:03, Sys 0 00:00:06  -  Run Remote Usage
		Usr 0 00:00:00, Sys 0 00:00:00  -  Run Local Usage
		Usr 0 00:03:03, Sys 0 00:00:06  -  Total Remote Usage
		Usr 0 00:00:00, Sys 0 00:00:00  -  Total Local Usage
	16889  -  Run Bytes Sent By Job
	10534  -  Run Bytes Received By Job
	16889  -  Total Bytes Sent By Job
	10534  -  Total Bytes Received By Job
	Partitionable Resources :    Usage  Request Allocated 
	   Cpus                 :        0        1         1 
	   Disk (KB)            :       53       15      3760 
	   GPUs                 :                           0 
	   Memory (MB)          :      249     3000      3000 
	   TimeExecute (s)      :      111                    
	   TimeSlotBusy (s)     :      113                    

	Job terminated of its own accord at 2026-03-03T03:20:21Z with exit-code 1.
...
