000 (14788597.002.000) 03/03 04:17:55 Job submitted from host: <188.184.90.62:9618?addrs=188.184.90.62-9618+[2001-1458-201-e4--100-238]-9618&alias=bigbird16.cern.ch&noUDP&sock=schedd_5196_9a2f>
...
040 (14788597.002.000) 03/03 04:18:30 Started transferring input files
	Transferring to host: <188.185.210.22:9618?addrs=188.185.210.22-9618+[2001-1458-303-1--100-12]-9618&alias=b9p21p4724.cern.ch&noUDP&sock=slot1_5_4773_c29b_174561>
...
040 (14788597.002.000) 03/03 04:18:30 Finished transferring input files
...
001 (14788597.002.000) 03/03 04:18:31 Job executing on host: <188.185.210.22:9618?addrs=188.185.210.22-9618+[2001-1458-303-1--100-12]-9618&alias=b9p21p4724.cern.ch&noUDP&sock=startd_3998_dfba>
	SlotName: slot1_5@b9p21p4724.cern.ch
	CondorScratchDir = "/pool/condor/dir_1990147"
	Cpus = 1
	Disk = 3868
	GPUs = 0
	Memory = 3000
...
006 (14788597.002.000) 03/03 04:18:45 Image size of job updated: 530556
	519  -  MemoryUsage of job (MB)
	530556  -  ResidentSetSize of job (KB)
...
006 (14788597.002.000) 03/03 04:20:35 Image size of job updated: 1804512
	519  -  MemoryUsage of job (MB)
	530636  -  ResidentSetSize of job (KB)
...
040 (14788597.002.000) 03/03 04:20:36 Started transferring output files
...
040 (14788597.002.000) 03/03 04:20:36 Finished transferring output files
...
005 (14788597.002.000) 03/03 04:20:36 Job terminated.
	(1) Normal termination (return value 1)
		Usr 0 00:02:48, Sys 0 00:00:07  -  Run Remote Usage
		Usr 0 00:00:00, Sys 0 00:00:00  -  Run Local Usage
		Usr 0 00:02:48, Sys 0 00:00:07  -  Total Remote Usage
		Usr 0 00:00:00, Sys 0 00:00:00  -  Total Local Usage
	17100  -  Run Bytes Sent By Job
	10534  -  Run Bytes Received By Job
	17100  -  Total Bytes Sent By Job
	10534  -  Total Bytes Received By Job
	Partitionable Resources :    Usage  Request Allocated 
	   Cpus                 :        0        1         1 
	   Disk (KB)            :       53       15      3868 
	   GPUs                 :                           0 
	   Memory (MB)          :      519     3000      3000 
	   TimeExecute (s)      :      124                    
	   TimeSlotBusy (s)     :      127                    

	Job terminated of its own accord at 2026-03-03T03:20:35Z with exit-code 1.
...
