subject   : /DC=ch/DC=cern/OU=Organic Units/OU=Users/CN=driosper/CN=886669/CN=Diego Alejandro Rios Perez/CN=2735051137
issuer    : /DC=ch/DC=cern/OU=Organic Units/OU=Users/CN=driosper/CN=886669/CN=Diego Alejandro Rios Perez
identity  : /DC=ch/DC=cern/OU=Organic Units/OU=Users/CN=driosper/CN=886669/CN=Diego Alejandro Rios Perez
type      : RFC compliant proxy
strength  : 2048 bits
path      : /afs/cern.ch/user/d/driosper/private/x509up_u182284
timeleft  : 5:18:59
key usage : Digital Signature, Key Encipherment
=== VO cms extension information ===
VO        : cms
subject   : /DC=ch/DC=cern/OU=Organic Units/OU=Users/CN=driosper/CN=886669/CN=Diego Alejandro Rios Perez
issuer    : /DC=ch/DC=cern/OU=computers/CN=cms-auth.cern.ch
attribute : /cms/Role=NULL/Capability=NULL
timeleft  : 5:18:59
uri       : voms-cms-auth.cern.ch:15000
--workflow 2b1mu --year 2022preEE --output_path /eos/user/d/driosper/bsm3g_coffea/outputs/2b1mu/2022preEE/TbarBQ --output_format coffea --dataset TbarBQ_2 --partition_json /srv/partition_fileset.json
  Preprocessing 100% ━━━━━━━━━━━━━━━━━━ 9/9 [ 0:00:29 < 0:00:00 | 0.4   file/s ]
Merging (local) 100% ━━━━━━━━━━━━━━━━━━ 9/9 [ 0:00:29 < 0:00:00 | ?   merges/s ]
     Processing   9% ━╸                  1/11 [ 0:00:44 < -:--:-- | ?  chunk/s ]
Merging (local)   0% ━━━━━━━━━━━━━━━━━━━  0/0 [ 0:00:02 < 0:00:00 | ? merges/s ]
There are 25872 events with muon pt outside of [26,200] GeV. Setting those entries to their initial value.
There are 25873 events with muon pt outside of [26,200] GeV. Setting those entries to their initial value.
There are 94 nan entries in the corrected pt. This might be due to the number of tracker layers hitting boundaries. Setting those entries to their initial value.
skiping AlphaS systematic Weight
There are 17666 events with muon pt outside of [26,200] GeV. Setting those entries to their initial value.
There are 17667 events with muon pt outside of [26,200] GeV. Setting those entries to their initial value.
There are 63 nan entries in the corrected pt. This might be due to the number of tracker layers hitting boundaries. Setting those entries to their initial value.
skiping AlphaS systematic Weight
There are 249 events with muon pt outside of [26,200] GeV. Setting those entries to their initial value.
There are 249 events with muon pt outside of [26,200] GeV. Setting those entries to their initial value.
skiping AlphaS systematic Weight
There are 917 events with muon pt outside of [26,200] GeV. Setting those entries to their initial value.
There are 917 events with muon pt outside of [26,200] GeV. Setting those entries to their initial value.
There are 1 nan entries in the corrected pt. This might be due to the number of tracker layers hitting boundaries. Setting those entries to their initial value.
skiping AlphaS systematic Weight
There are 13335 events with muon pt outside of [26,200] GeV. Setting those entries to their initial value.
There are 13335 events with muon pt outside of [26,200] GeV. Setting those entries to their initial value.
There are 44 nan entries in the corrected pt. This might be due to the number of tracker layers hitting boundaries. Setting those entries to their initial value.
skiping AlphaS systematic Weight
There are 35995 events with muon pt outside of [26,200] GeV. Setting those entries to their initial value.
There are 35997 events with muon pt outside of [26,200] GeV. Setting those entries to their initial value.
There are 124 nan entries in the corrected pt. This might be due to the number of tracker layers hitting boundaries. Setting those entries to their initial value.
skiping AlphaS systematic Weight
There are 31074 events with muon pt outside of [26,200] GeV. Setting those entries to their initial value.
There are 31075 events with muon pt outside of [26,200] GeV. Setting those entries to their initial value.
There are 123 nan entries in the corrected pt. This might be due to the number of tracker layers hitting boundaries. Setting those entries to their initial value.
skiping AlphaS systematic Weight
There are 3408 events with muon pt outside of [26,200] GeV. Setting those entries to their initial value.
There are 3408 events with muon pt outside of [26,200] GeV. Setting those entries to their initial value.
There are 13 nan entries in the corrected pt. This might be due to the number of tracker layers hitting boundaries. Setting those entries to their initial value.
skiping AlphaS systematic Weight
There are 26067 events with muon pt outside of [26,200] GeV. Setting those entries to their initial value.
There are 26067 events with muon pt outside of [26,200] GeV. Setting those entries to their initial value.
There are 98 nan entries in the corrected pt. This might be due to the number of tracker layers hitting boundaries. Setting those entries to their initial value.
skiping AlphaS systematic Weight
There are 16467 events with muon pt outside of [26,200] GeV. Setting those entries to their initial value.
There are 16467 events with muon pt outside of [26,200] GeV. Setting those entries to their initial value.
There are 51 nan entries in the corrected pt. This might be due to the number of tracker layers hitting boundaries. Setting those entries to their initial value.
skiping AlphaS systematic Weight
