000 (14788597.003.000) 03/03 04:17:55 Job submitted from host: <188.184.90.62:9618?addrs=188.184.90.62-9618+[2001-1458-201-e4--100-238]-9618&alias=bigbird16.cern.ch&noUDP&sock=schedd_5196_9a2f>
...
040 (14788597.003.000) 03/03 04:18:30 Started transferring input files
	Transferring to host: <188.185.211.51:9618?addrs=188.185.211.51-9618+[2001-1458-303-16--100-2f]-9618&alias=b9p23p7440.cern.ch&noUDP&sock=slot1_24_7284_fca1_181830>
...
040 (14788597.003.000) 03/03 04:18:30 Finished transferring input files
...
001 (14788597.003.000) 03/03 04:18:31 Job executing on host: <188.185.211.51:9618?addrs=188.185.211.51-9618+[2001-1458-303-16--100-2f]-9618&alias=b9p23p7440.cern.ch&noUDP&sock=startd_6477_4301>
	SlotName: slot1_24@b9p23p7440.cern.ch
	CondorScratchDir = "/pool/condor/dir_1573358"
	Cpus = 1
	Disk = 3832
	GPUs = 0
	Memory = 3000
...
006 (14788597.003.000) 03/03 04:18:46 Image size of job updated: 142456
	140  -  MemoryUsage of job (MB)
	142456  -  ResidentSetSize of job (KB)
...
006 (14788597.003.000) 03/03 04:21:11 Image size of job updated: 1941884
	140  -  MemoryUsage of job (MB)
	142676  -  ResidentSetSize of job (KB)
...
040 (14788597.003.000) 03/03 04:21:11 Started transferring output files
...
040 (14788597.003.000) 03/03 04:21:11 Finished transferring output files
...
005 (14788597.003.000) 03/03 04:21:11 Job terminated.
	(1) Normal termination (return value 1)
		Usr 0 00:03:05, Sys 0 00:00:06  -  Run Remote Usage
		Usr 0 00:00:00, Sys 0 00:00:00  -  Run Local Usage
		Usr 0 00:03:05, Sys 0 00:00:06  -  Total Remote Usage
		Usr 0 00:00:00, Sys 0 00:00:00  -  Total Local Usage
	16911  -  Run Bytes Sent By Job
	10534  -  Run Bytes Received By Job
	16911  -  Total Bytes Sent By Job
	10534  -  Total Bytes Received By Job
	Partitionable Resources :    Usage  Request Allocated 
	   Cpus                 :        0        1         1 
	   Disk (KB)            :       53       15      3832 
	   GPUs                 :                           0 
	   Memory (MB)          :      140     3000      3000 
	   TimeExecute (s)      :      160                    
	   TimeSlotBusy (s)     :      162                    

	Job terminated of its own accord at 2026-03-03T03:21:11Z with exit-code 1.
...
