000 (14526949.005.000) 02/14 21:30:22 Job submitted from host: <188.184.90.62:9618?addrs=188.184.90.62-9618+[2001-1458-201-e4--100-238]-9618&alias=bigbird16.cern.ch&noUDP&sock=schedd_5196_9a2f>
...
040 (14526949.005.000) 02/14 21:31:21 Started transferring input files
	Transferring to host: <128.142.137.198:9618?addrs=128.142.137.198-9618+[2001-1458-301-5e--100-ba]-9618&alias=b9g19p8826.cern.ch&noUDP&sock=slot1_2_3706691_e1e4_69146>
...
040 (14526949.005.000) 02/14 21:31:21 Finished transferring input files
...
001 (14526949.005.000) 02/14 21:31:22 Job executing on host: <128.142.137.198:9618?addrs=128.142.137.198-9618+[2001-1458-301-5e--100-ba]-9618&alias=b9g19p8826.cern.ch&noUDP&sock=startd_3706041_72ff>
	SlotName: slot1_2@b9g19p8826.cern.ch
	CondorScratchDir = "/pool/condor/dir_3536064"
	Cpus = 1
	Disk = 2739
	GPUs = 0
	Memory = 3000
...
006 (14526949.005.000) 02/14 21:31:36 Image size of job updated: 422164
	413  -  MemoryUsage of job (MB)
	422164  -  ResidentSetSize of job (KB)
...
006 (14526949.005.000) 02/14 21:35:31 Image size of job updated: 2465980
	413  -  MemoryUsage of job (MB)
	422192  -  ResidentSetSize of job (KB)
...
040 (14526949.005.000) 02/14 21:35:31 Started transferring output files
...
040 (14526949.005.000) 02/14 21:35:31 Finished transferring output files
...
004 (14526949.005.000) 02/14 21:35:31 Job was evicted.
	(0) CPU times
		Usr 0 00:12:05, Sys 0 00:00:14  -  Run Remote Usage
		Usr 0 00:00:00, Sys 0 00:00:00  -  Run Local Usage
	12958  -  Run Bytes Sent By Job
	17795  -  Run Bytes Received By Job
	Partitionable Resources :    Usage  Request Allocated 
	   Cpus                 :        0        1         1 
	   Disk (KB)            :       54       20      2739 
	   GPUs                 :                           0 
	   Memory (MB)          :      413     3000      3000 
	   TimeExecute (s)      :      249                    
	   TimeSlotBusy (s)     :      251                    
...
009 (14526949.005.000) 02/14 21:35:31 Job was aborted.
	via condor_rm (by user driosper)
...
