000 (14526949.003.000) 02/14 21:30:22 Job submitted from host: <188.184.90.62:9618?addrs=188.184.90.62-9618+[2001-1458-201-e4--100-238]-9618&alias=bigbird16.cern.ch&noUDP&sock=schedd_5196_9a2f>
...
040 (14526949.003.000) 02/14 21:31:20 Started transferring input files
	Transferring to host: <188.185.205.221:9618?addrs=188.185.205.221-9618+[2001-1458-303-a--100-5a]-9618&alias=b9p04p3091.cern.ch&noUDP&sock=slot1_15_1723713_7e27_73860>
...
040 (14526949.003.000) 02/14 21:31:20 Finished transferring input files
...
001 (14526949.003.000) 02/14 21:31:21 Job executing on host: <188.185.205.221:9618?addrs=188.185.205.221-9618+[2001-1458-303-a--100-5a]-9618&alias=b9p04p3091.cern.ch&noUDP&sock=startd_1723675_4264>
	SlotName: slot1_15@b9p04p3091.cern.ch
	CondorScratchDir = "/pool/condor/dir_70548"
	Cpus = 1
	Disk = 3699
	GPUs = 0
	Memory = 3000
...
006 (14526949.003.000) 02/14 21:31:35 Image size of job updated: 143164
	140  -  MemoryUsage of job (MB)
	143164  -  ResidentSetSize of job (KB)
...
006 (14526949.003.000) 02/14 21:35:31 Image size of job updated: 2155872
	140  -  MemoryUsage of job (MB)
	143168  -  ResidentSetSize of job (KB)
...
040 (14526949.003.000) 02/14 21:35:31 Started transferring output files
...
040 (14526949.003.000) 02/14 21:35:31 Finished transferring output files
...
004 (14526949.003.000) 02/14 21:35:31 Job was evicted.
	(0) CPU times
		Usr 0 00:06:07, Sys 0 00:00:14  -  Run Remote Usage
		Usr 0 00:00:00, Sys 0 00:00:00  -  Run Local Usage
	7427  -  Run Bytes Sent By Job
	17795  -  Run Bytes Received By Job
	Partitionable Resources :    Usage  Request Allocated 
	   Cpus                 :     0.99        1         1 
	   Disk (KB)            :    51          20      3699 
	   GPUs                 :                           0 
	   Memory (MB)          :   140        3000      3000 
	   TimeExecute (s)      :   250                       
	   TimeSlotBusy (s)     :   252                       
...
009 (14526949.003.000) 02/14 21:35:31 Job was aborted.
	via condor_rm (by user driosper)
...
