000 (14526949.001.000) 02/14 21:30:22 Job submitted from host: <188.184.90.62:9618?addrs=188.184.90.62-9618+[2001-1458-201-e4--100-238]-9618&alias=bigbird16.cern.ch&noUDP&sock=schedd_5196_9a2f>
...
040 (14526949.001.000) 02/14 21:31:20 Started transferring input files
	Transferring to host: <128.142.137.205:9618?addrs=128.142.137.205-9618+[2001-1458-301-5e--100-c1]-9618&alias=b9g19p5870.cern.ch&noUDP&sock=slot1_16_2988350_a9e9_71045>
...
040 (14526949.001.000) 02/14 21:31:20 Finished transferring input files
...
001 (14526949.001.000) 02/14 21:31:21 Job executing on host: <128.142.137.205:9618?addrs=128.142.137.205-9618+[2001-1458-301-5e--100-c1]-9618&alias=b9g19p5870.cern.ch&noUDP&sock=startd_2988118_fc48>
	SlotName: slot1_16@b9g19p5870.cern.ch
	CondorScratchDir = "/pool/condor/dir_3847857"
	Cpus = 1
	Disk = 2650
	GPUs = 0
	Memory = 3000
...
006 (14526949.001.000) 02/14 21:31:35 Image size of job updated: 101660
	100  -  MemoryUsage of job (MB)
	101660  -  ResidentSetSize of job (KB)
...
006 (14526949.001.000) 02/14 21:35:30 Image size of job updated: 2299240
	100  -  MemoryUsage of job (MB)
	101660  -  ResidentSetSize of job (KB)
...
040 (14526949.001.000) 02/14 21:35:30 Started transferring output files
...
040 (14526949.001.000) 02/14 21:35:30 Finished transferring output files
...
004 (14526949.001.000) 02/14 21:35:30 Job was evicted.
	(0) CPU times
		Usr 0 00:10:30, Sys 0 00:00:15  -  Run Remote Usage
		Usr 0 00:00:00, Sys 0 00:00:00  -  Run Local Usage
	12392  -  Run Bytes Sent By Job
	17795  -  Run Bytes Received By Job
	Partitionable Resources :    Usage  Request Allocated 
	   Cpus                 :        0        1         1 
	   Disk (KB)            :       53       20      2650 
	   GPUs                 :                           0 
	   Memory (MB)          :      100     3000      3000 
	   TimeExecute (s)      :      249                    
	   TimeSlotBusy (s)     :      251                    
...
009 (14526949.001.000) 02/14 21:35:30 Job was aborted.
	via condor_rm (by user driosper)
...
