000 (14737675.000.000) 02/25 20:32:41 Job submitted from host: <188.184.90.62:9618?addrs=188.184.90.62-9618+[2001-1458-201-e4--100-238]-9618&alias=bigbird16.cern.ch&noUDP&sock=schedd_5196_9a2f>
...
040 (14737675.000.000) 02/25 20:36:21 Started transferring input files
	Transferring to host: <188.185.214.58:9618?addrs=188.185.214.58-9618+[2001-1458-303-1c--100-36]-9618&alias=b9p29p5593.cern.ch&noUDP&sock=slot1_2_7151_46bc_169843>
...
040 (14737675.000.000) 02/25 20:36:21 Finished transferring input files
...
001 (14737675.000.000) 02/25 20:36:22 Job executing on host: <188.185.214.58:9618?addrs=188.185.214.58-9618+[2001-1458-303-1c--100-36]-9618&alias=b9p29p5593.cern.ch&noUDP&sock=startd_5967_71b4>
	SlotName: slot1_2@b9p29p5593.cern.ch
	CondorScratchDir = "/pool/condor/dir_4011410"
	Cpus = 1
	Disk = 3766
	GPUs = 0
	Memory = 3000
...
006 (14737675.000.000) 02/25 20:36:36 Image size of job updated: 537040
	525  -  MemoryUsage of job (MB)
	537040  -  ResidentSetSize of job (KB)
...
006 (14737675.000.000) 02/25 20:38:45 Image size of job updated: 1767492
	525  -  MemoryUsage of job (MB)
	537096  -  ResidentSetSize of job (KB)
...
040 (14737675.000.000) 02/25 20:38:46 Started transferring output files
...
040 (14737675.000.000) 02/25 20:38:46 Finished transferring output files
...
005 (14737675.000.000) 02/25 20:38:46 Job terminated.
	(1) Normal termination (return value 0)
		Usr 0 00:03:14, Sys 0 00:00:09  -  Run Remote Usage
		Usr 0 00:00:00, Sys 0 00:00:00  -  Run Local Usage
		Usr 0 00:03:14, Sys 0 00:00:09  -  Total Remote Usage
		Usr 0 00:00:00, Sys 0 00:00:00  -  Total Local Usage
	13050  -  Run Bytes Sent By Job
	7482  -  Run Bytes Received By Job
	13050  -  Total Bytes Sent By Job
	7482  -  Total Bytes Received By Job
	Partitionable Resources :    Usage  Request Allocated 
	   Cpus                 :        0        1         1 
	   Disk (KB)            :       46       10      3766 
	   GPUs                 :                           0 
	   Memory (MB)          :      525     3000      3000 
	   TimeExecute (s)      :      143                    
	   TimeSlotBusy (s)     :      146                    

	Job terminated of its own accord at 2026-02-25T19:38:45Z with exit-code 0.
...
