000 (14737675.001.000) 02/25 20:32:41 Job submitted from host: <188.184.90.62:9618?addrs=188.184.90.62-9618+[2001-1458-201-e4--100-238]-9618&alias=bigbird16.cern.ch&noUDP&sock=schedd_5196_9a2f>
...
040 (14737675.001.000) 02/25 20:36:22 Started transferring input files
	Transferring to host: <188.185.213.9:9618?addrs=188.185.213.9-9618+[2001-1458-303-1a--100-5]-9618&alias=b9p27p1480.cern.ch&noUDP&sock=slot1_6_6993_f375_172776>
...
040 (14737675.001.000) 02/25 20:36:22 Finished transferring input files
...
001 (14737675.001.000) 02/25 20:36:23 Job executing on host: <188.185.213.9:9618?addrs=188.185.213.9-9618+[2001-1458-303-1a--100-5]-9618&alias=b9p27p1480.cern.ch&noUDP&sock=startd_6047_5148>
	SlotName: slot1_6@b9p27p1480.cern.ch
	CondorScratchDir = "/pool/condor/dir_2853636"
	Cpus = 1
	Disk = 3872
	GPUs = 0
	Memory = 3000
...
006 (14737675.001.000) 02/25 20:36:39 Image size of job updated: 167768
	164  -  MemoryUsage of job (MB)
	167768  -  ResidentSetSize of job (KB)
...
006 (14737675.001.000) 02/25 20:41:39 Image size of job updated: 1720100
	1456  -  MemoryUsage of job (MB)
	1490012  -  ResidentSetSize of job (KB)
...
006 (14737675.001.000) 02/25 20:46:40 Image size of job updated: 1720100
	1588  -  MemoryUsage of job (MB)
	1625180  -  ResidentSetSize of job (KB)
...
006 (14737675.001.000) 02/25 20:49:42 Image size of job updated: 1841644
	1588  -  MemoryUsage of job (MB)
	1625180  -  ResidentSetSize of job (KB)
...
040 (14737675.001.000) 02/25 20:49:42 Started transferring output files
...
040 (14737675.001.000) 02/25 20:49:42 Finished transferring output files
...
005 (14737675.001.000) 02/25 20:49:42 Job terminated.
	(1) Normal termination (return value 0)
		Usr 0 00:08:01, Sys 0 00:00:19  -  Run Remote Usage
		Usr 0 00:00:00, Sys 0 00:00:00  -  Run Local Usage
		Usr 0 00:08:01, Sys 0 00:00:19  -  Total Remote Usage
		Usr 0 00:00:00, Sys 0 00:00:00  -  Total Local Usage
	19820  -  Run Bytes Sent By Job
	7482  -  Run Bytes Received By Job
	19820  -  Total Bytes Sent By Job
	7482  -  Total Bytes Received By Job
	Partitionable Resources :    Usage  Request Allocated 
	   Cpus                 :     0.07        1         1 
	   Disk (KB)            :    53          10      3872 
	   GPUs                 :                           0 
	   Memory (MB)          :  1588        3000      3000 
	   TimeExecute (s)      :   799                       
	   TimeSlotBusy (s)     :   801                       

	Job terminated of its own accord at 2026-02-25T19:49:42Z with exit-code 0.
...
