000 (14737675.002.000) 02/25 20:32:41 Job submitted from host: <188.184.90.62:9618?addrs=188.184.90.62-9618+[2001-1458-201-e4--100-238]-9618&alias=bigbird16.cern.ch&noUDP&sock=schedd_5196_9a2f>
...
040 (14737675.002.000) 02/25 20:36:22 Started transferring input files
	Transferring to host: <188.185.211.55:9618?addrs=188.185.211.55-9618+[2001-1458-303-16--100-33]-9618&alias=b9p23p0726.cern.ch&noUDP&sock=slot1_9_5980_336c_168048>
...
040 (14737675.002.000) 02/25 20:36:22 Finished transferring input files
...
001 (14737675.002.000) 02/25 20:36:23 Job executing on host: <188.185.211.55:9618?addrs=188.185.211.55-9618+[2001-1458-303-16--100-33]-9618&alias=b9p23p0726.cern.ch&noUDP&sock=startd_5164_a727>
	SlotName: slot1_9@b9p23p0726.cern.ch
	CondorScratchDir = "/pool/condor/dir_1260021"
	Cpus = 1
	Disk = 3860
	GPUs = 0
	Memory = 3000
...
006 (14737675.002.000) 02/25 20:36:37 Image size of job updated: 590160
	577  -  MemoryUsage of job (MB)
	590160  -  ResidentSetSize of job (KB)
...
006 (14737675.002.000) 02/25 20:41:06 Image size of job updated: 1924260
	577  -  MemoryUsage of job (MB)
	590260  -  ResidentSetSize of job (KB)
...
040 (14737675.002.000) 02/25 20:41:06 Started transferring output files
...
040 (14737675.002.000) 02/25 20:41:06 Finished transferring output files
...
005 (14737675.002.000) 02/25 20:41:06 Job terminated.
	(1) Normal termination (return value 0)
		Usr 0 00:03:08, Sys 0 00:00:10  -  Run Remote Usage
		Usr 0 00:00:00, Sys 0 00:00:00  -  Run Local Usage
		Usr 0 00:03:08, Sys 0 00:00:10  -  Total Remote Usage
		Usr 0 00:00:00, Sys 0 00:00:00  -  Total Local Usage
	12550  -  Run Bytes Sent By Job
	7482  -  Run Bytes Received By Job
	12550  -  Total Bytes Sent By Job
	7482  -  Total Bytes Received By Job
	Partitionable Resources :    Usage  Request Allocated 
	   Cpus                 :     1.80        1         1 
	   Disk (KB)            :    46          10      3860 
	   GPUs                 :                           0 
	   Memory (MB)          :   577        3000      3000 
	   TimeExecute (s)      :   283                       
	   TimeSlotBusy (s)     :   285                       

	Job terminated of its own accord at 2026-02-25T19:41:06Z with exit-code 0.
...
