subject   : /DC=ch/DC=cern/OU=Organic Units/OU=Users/CN=driosper/CN=886669/CN=Diego Alejandro Rios Perez/CN=1573519443
issuer    : /DC=ch/DC=cern/OU=Organic Units/OU=Users/CN=driosper/CN=886669/CN=Diego Alejandro Rios Perez
identity  : /DC=ch/DC=cern/OU=Organic Units/OU=Users/CN=driosper/CN=886669/CN=Diego Alejandro Rios Perez
type      : RFC compliant proxy
strength  : 2048 bits
path      : /afs/cern.ch/user/d/driosper/private/x509up_u182284
timeleft  : 11:49:43
key usage : Digital Signature, Key Encipherment
=== VO cms extension information ===
VO        : cms
subject   : /DC=ch/DC=cern/OU=Organic Units/OU=Users/CN=driosper/CN=886669/CN=Diego Alejandro Rios Perez
issuer    : /DC=ch/DC=cern/OU=computers/CN=cms-auth.cern.ch
attribute : /cms/Role=NULL/Capability=NULL
timeleft  : 11:49:43
uri       : voms-cms-auth.cern.ch:15000
--workflow ztoee --year 2022preEE --output_path /eos/user/d/driosper/bsm3g_coffea/outputs/ztoee/2022preEE/TbarWplusto4Q --output_format coffea --dataset TbarWplusto4Q_2 --partition_json /srv/partition_fileset.json
  Preprocessing 100% ━━━━━━━━━━━━━━━━━━ 8/8 [ 0:00:18 < 0:00:00 | 0.4   file/s ]
Merging (local) 100% ━━━━━━━━━━━━━━━━━━ 8/8 [ 0:00:18 < 0:00:00 | ?   merges/s ]
     Processing 100% ━━━━━━━━━━━━━━━━━━ 25/25 [ 0:12:42 < 0:00:00 | ?  chunk/s ]
Merging (local) 100% ━━━━━━━━━━━━━━━━━━ 25/25 [ 0:12:42 < 0:00:00 | ? merges/s ]
There are 32395 events with muon pt outside of [26,200] GeV. Setting those entries to their initial value.
There are 32396 events with muon pt outside of [26,200] GeV. Setting those entries to their initial value.
There are 108 nan entries in the corrected pt. This might be due to the number of tracker layers hitting boundaries. Setting those entries to their initial value.
There are 43155 events with muon pt outside of [26,200] GeV. Setting those entries to their initial value.
There are 32411 events with muon pt outside of [26,200] GeV. Setting those entries to their initial value.
There are 32412 events with muon pt outside of [26,200] GeV. Setting those entries to their initial value.
There are 107 nan entries in the corrected pt. This might be due to the number of tracker layers hitting boundaries. Setting those entries to their initial value.
There are 43341 events with muon pt outside of [26,200] GeV. Setting those entries to their initial value.
There are 32182 events with muon pt outside of [26,200] GeV. Setting those entries to their initial value.
There are 32182 events with muon pt outside of [26,200] GeV. Setting those entries to their initial value.
There are 107 nan entries in the corrected pt. This might be due to the number of tracker layers hitting boundaries. Setting those entries to their initial value.
There are 42741 events with muon pt outside of [26,200] GeV. Setting those entries to their initial value.
There are 31979 events with muon pt outside of [26,200] GeV. Setting those entries to their initial value.
There are 31979 events with muon pt outside of [26,200] GeV. Setting those entries to their initial value.
There are 116 nan entries in the corrected pt. This might be due to the number of tracker layers hitting boundaries. Setting those entries to their initial value.
There are 43109 events with muon pt outside of [26,200] GeV. Setting those entries to their initial value.
There are 22183 events with muon pt outside of [26,200] GeV. Setting those entries to their initial value.
There are 22184 events with muon pt outside of [26,200] GeV. Setting those entries to their initial value.
There are 69 nan entries in the corrected pt. This might be due to the number of tracker layers hitting boundaries. Setting those entries to their initial value.
There are 29740 events with muon pt outside of [26,200] GeV. Setting those entries to their initial value.
There are 22388 events with muon pt outside of [26,200] GeV. Setting those entries to their initial value.
There are 22389 events with muon pt outside of [26,200] GeV. Setting those entries to their initial value.
There are 88 nan entries in the corrected pt. This might be due to the number of tracker layers hitting boundaries. Setting those entries to their initial value.
There are 29890 events with muon pt outside of [26,200] GeV. Setting those entries to their initial value.
There are 7340 events with muon pt outside of [26,200] GeV. Setting those entries to their initial value.
There are 7340 events with muon pt outside of [26,200] GeV. Setting those entries to their initial value.
There are 20 nan entries in the corrected pt. This might be due to the number of tracker layers hitting boundaries. Setting those entries to their initial value.
There are 10001 events with muon pt outside of [26,200] GeV. Setting those entries to their initial value.
There are 35128 events with muon pt outside of [26,200] GeV. Setting those entries to their initial value.
There are 35129 events with muon pt outside of [26,200] GeV. Setting those entries to their initial value.
There are 107 nan entries in the corrected pt. This might be due to the number of tracker layers hitting boundaries. Setting those entries to their initial value.
There are 47378 events with muon pt outside of [26,200] GeV. Setting those entries to their initial value.
There are 22442 events with muon pt outside of [26,200] GeV. Setting those entries to their initial value.
There are 22442 events with muon pt outside of [26,200] GeV. Setting those entries to their initial value.
There are 54 nan entries in the corrected pt. This might be due to the number of tracker layers hitting boundaries. Setting those entries to their initial value.
There are 30160 events with muon pt outside of [26,200] GeV. Setting those entries to their initial value.
There are 32436 events with muon pt outside of [26,200] GeV. Setting those entries to their initial value.
There are 32436 events with muon pt outside of [26,200] GeV. Setting those entries to their initial value.
There are 94 nan entries in the corrected pt. This might be due to the number of tracker layers hitting boundaries. Setting those entries to their initial value.
There are 43310 events with muon pt outside of [26,200] GeV. Setting those entries to their initial value.
There are 31928 events with muon pt outside of [26,200] GeV. Setting those entries to their initial value.
There are 31929 events with muon pt outside of [26,200] GeV. Setting those entries to their initial value.
There are 95 nan entries in the corrected pt. This might be due to the number of tracker layers hitting boundaries. Setting those entries to their initial value.
There are 42826 events with muon pt outside of [26,200] GeV. Setting those entries to their initial value.
There are 32019 events with muon pt outside of [26,200] GeV. Setting those entries to their initial value.
There are 32019 events with muon pt outside of [26,200] GeV. Setting those entries to their initial value.
There are 103 nan entries in the corrected pt. This might be due to the number of tracker layers hitting boundaries. Setting those entries to their initial value.
There are 42624 events with muon pt outside of [26,200] GeV. Setting those entries to their initial value.
There are 32303 events with muon pt outside of [26,200] GeV. Setting those entries to their initial value.
There are 32303 events with muon pt outside of [26,200] GeV. Setting those entries to their initial value.
There are 110 nan entries in the corrected pt. This might be due to the number of tracker layers hitting boundaries. Setting those entries to their initial value.
There are 43155 events with muon pt outside of [26,200] GeV. Setting those entries to their initial value.
There are 31870 events with muon pt outside of [26,200] GeV. Setting those entries to their initial value.
There are 31870 events with muon pt outside of [26,200] GeV. Setting those entries to their initial value.
There are 111 nan entries in the corrected pt. This might be due to the number of tracker layers hitting boundaries. Setting those entries to their initial value.
There are 43269 events with muon pt outside of [26,200] GeV. Setting those entries to their initial value.
There are 32323 events with muon pt outside of [26,200] GeV. Setting those entries to their initial value.
There are 32323 events with muon pt outside of [26,200] GeV. Setting those entries to their initial value.
There are 105 nan entries in the corrected pt. This might be due to the number of tracker layers hitting boundaries. Setting those entries to their initial value.
There are 43248 events with muon pt outside of [26,200] GeV. Setting those entries to their initial value.
There are 32185 events with muon pt outside of [26,200] GeV. Setting those entries to their initial value.
There are 32185 events with muon pt outside of [26,200] GeV. Setting those entries to their initial value.
There are 96 nan entries in the corrected pt. This might be due to the number of tracker layers hitting boundaries. Setting those entries to their initial value.
There are 42693 events with muon pt outside of [26,200] GeV. Setting those entries to their initial value.
There are 32162 events with muon pt outside of [26,200] GeV. Setting those entries to their initial value.
There are 32163 events with muon pt outside of [26,200] GeV. Setting those entries to their initial value.
There are 107 nan entries in the corrected pt. This might be due to the number of tracker layers hitting boundaries. Setting those entries to their initial value.
There are 42939 events with muon pt outside of [26,200] GeV. Setting those entries to their initial value.
There are 32376 events with muon pt outside of [26,200] GeV. Setting those entries to their initial value.
There are 32377 events with muon pt outside of [26,200] GeV. Setting those entries to their initial value.
There are 103 nan entries in the corrected pt. This might be due to the number of tracker layers hitting boundaries. Setting those entries to their initial value.
There are 42940 events with muon pt outside of [26,200] GeV. Setting those entries to their initial value.
There are 32199 events with muon pt outside of [26,200] GeV. Setting those entries to their initial value.
There are 32199 events with muon pt outside of [26,200] GeV. Setting those entries to their initial value.
There are 104 nan entries in the corrected pt. This might be due to the number of tracker layers hitting boundaries. Setting those entries to their initial value.
There are 42881 events with muon pt outside of [26,200] GeV. Setting those entries to their initial value.
There are 32293 events with muon pt outside of [26,200] GeV. Setting those entries to their initial value.
There are 32293 events with muon pt outside of [26,200] GeV. Setting those entries to their initial value.
There are 118 nan entries in the corrected pt. This might be due to the number of tracker layers hitting boundaries. Setting those entries to their initial value.
There are 43075 events with muon pt outside of [26,200] GeV. Setting those entries to their initial value.
There are 32369 events with muon pt outside of [26,200] GeV. Setting those entries to their initial value.
There are 32369 events with muon pt outside of [26,200] GeV. Setting those entries to their initial value.
There are 106 nan entries in the corrected pt. This might be due to the number of tracker layers hitting boundaries. Setting those entries to their initial value.
There are 43212 events with muon pt outside of [26,200] GeV. Setting those entries to their initial value.
There are 32123 events with muon pt outside of [26,200] GeV. Setting those entries to their initial value.
There are 32123 events with muon pt outside of [26,200] GeV. Setting those entries to their initial value.
There are 97 nan entries in the corrected pt. This might be due to the number of tracker layers hitting boundaries. Setting those entries to their initial value.
There are 42984 events with muon pt outside of [26,200] GeV. Setting those entries to their initial value.
There are 32105 events with muon pt outside of [26,200] GeV. Setting those entries to their initial value.
There are 32105 events with muon pt outside of [26,200] GeV. Setting those entries to their initial value.
There are 108 nan entries in the corrected pt. This might be due to the number of tracker layers hitting boundaries. Setting those entries to their initial value.
There are 43233 events with muon pt outside of [26,200] GeV. Setting those entries to their initial value.
There are 35282 events with muon pt outside of [26,200] GeV. Setting those entries to their initial value.
There are 35283 events with muon pt outside of [26,200] GeV. Setting those entries to their initial value.
There are 101 nan entries in the corrected pt. This might be due to the number of tracker layers hitting boundaries. Setting those entries to their initial value.
There are 47263 events with muon pt outside of [26,200] GeV. Setting those entries to their initial value.
There are 35668 events with muon pt outside of [26,200] GeV. Setting those entries to their initial value.
There are 35669 events with muon pt outside of [26,200] GeV. Setting those entries to their initial value.
There are 106 nan entries in the corrected pt. This might be due to the number of tracker layers hitting boundaries. Setting those entries to their initial value.
There are 47570 events with muon pt outside of [26,200] GeV. Setting those entries to their initial value.
