000 (14722382.002.000) 02/25 15:24:06 Job submitted from host: <188.184.90.62:9618?addrs=188.184.90.62-9618+[2001-1458-201-e4--100-238]-9618&alias=bigbird16.cern.ch&noUDP&sock=schedd_5196_9a2f>
...
040 (14722382.002.000) 02/25 15:27:00 Started transferring input files
	Transferring to host: <188.185.209.143:9618?addrs=188.185.209.143-9618+[2001-1458-303-12--100-c]-9618&alias=b9p12p0201.cern.ch&noUDP&sock=slot1_38_6922_ecd3_145422>
...
040 (14722382.002.000) 02/25 15:27:00 Finished transferring input files
...
001 (14722382.002.000) 02/25 15:27:01 Job executing on host: <188.185.209.143:9618?addrs=188.185.209.143-9618+[2001-1458-303-12--100-c]-9618&alias=b9p12p0201.cern.ch&noUDP&sock=startd_5948_6967>
	SlotName: slot1_38@b9p12p0201.cern.ch
	CondorScratchDir = "/pool/condor/dir_3286089"
	Cpus = 1
	Disk = 3438
	GPUs = 0
	Memory = 3000
...
006 (14722382.002.000) 02/25 15:27:15 Image size of job updated: 509028
	498  -  MemoryUsage of job (MB)
	509028  -  ResidentSetSize of job (KB)
...
006 (14722382.002.000) 02/25 15:29:40 Image size of job updated: 2631848
	498  -  MemoryUsage of job (MB)
	509304  -  ResidentSetSize of job (KB)
...
040 (14722382.002.000) 02/25 15:29:40 Started transferring output files
...
040 (14722382.002.000) 02/25 15:29:40 Finished transferring output files
...
005 (14722382.002.000) 02/25 15:29:41 Job terminated.
	(1) Normal termination (return value 1)
		Usr 0 00:02:35, Sys 0 00:00:07  -  Run Remote Usage
		Usr 0 00:00:00, Sys 0 00:00:00  -  Run Local Usage
		Usr 0 00:02:35, Sys 0 00:00:07  -  Total Remote Usage
		Usr 0 00:00:00, Sys 0 00:00:00  -  Total Local Usage
	18930  -  Run Bytes Sent By Job
	7640  -  Run Bytes Received By Job
	18930  -  Total Bytes Sent By Job
	7640  -  Total Bytes Received By Job
	Partitionable Resources :    Usage  Request Allocated 
	   Cpus                 :        0        1         1 
	   Disk (KB)            :       56       10      3438 
	   GPUs                 :                           0 
	   Memory (MB)          :      498     3000      3000 
	   TimeExecute (s)      :      159                    
	   TimeSlotBusy (s)     :      161                    

	Job terminated of its own accord at 2026-02-25T14:29:40Z with exit-code 1.
...
