000 (14729960.000.000) 02/25 17:14:42 Job submitted from host: <188.184.90.62:9618?addrs=188.184.90.62-9618+[2001-1458-201-e4--100-238]-9618&alias=bigbird16.cern.ch&noUDP&sock=schedd_5196_9a2f>
...
040 (14729960.000.000) 02/25 17:18:34 Started transferring input files
	Transferring to host: <188.185.206.195:9618?addrs=188.185.206.195-9618+[2001-1458-303-c--100-40]-9618&alias=b9p06p8468.cern.ch&noUDP&sock=slot1_44_4016_629c_144220>
...
040 (14729960.000.000) 02/25 17:18:34 Finished transferring input files
...
001 (14729960.000.000) 02/25 17:18:35 Job executing on host: <188.185.206.195:9618?addrs=188.185.206.195-9618+[2001-1458-303-c--100-40]-9618&alias=b9p06p8468.cern.ch&noUDP&sock=startd_3556_b2de>
	SlotName: slot1_44@b9p06p8468.cern.ch
	CondorScratchDir = "/pool/condor/dir_2936878"
	Cpus = 1
	Disk = 3677
	GPUs = 0
	Memory = 3000
...
006 (14729960.000.000) 02/25 17:18:49 Image size of job updated: 481668
	471  -  MemoryUsage of job (MB)
	481668  -  ResidentSetSize of job (KB)
...
006 (14729960.000.000) 02/25 17:21:36 Image size of job updated: 2596156
	471  -  MemoryUsage of job (MB)
	481676  -  ResidentSetSize of job (KB)
...
040 (14729960.000.000) 02/25 17:21:36 Started transferring output files
...
040 (14729960.000.000) 02/25 17:21:36 Finished transferring output files
...
005 (14729960.000.000) 02/25 17:21:36 Job terminated.
	(1) Normal termination (return value 1)
		Usr 0 00:02:59, Sys 0 00:00:09  -  Run Remote Usage
		Usr 0 00:00:00, Sys 0 00:00:00  -  Run Local Usage
		Usr 0 00:02:59, Sys 0 00:00:09  -  Total Remote Usage
		Usr 0 00:00:00, Sys 0 00:00:00  -  Total Local Usage
	17947  -  Run Bytes Sent By Job
	7549  -  Run Bytes Received By Job
	17947  -  Total Bytes Sent By Job
	7549  -  Total Bytes Received By Job
	Partitionable Resources :    Usage  Request Allocated 
	   Cpus                 :        0        1         1 
	   Disk (KB)            :       55       10      3677 
	   GPUs                 :                           0 
	   Memory (MB)          :      471     3000      3000 
	   TimeExecute (s)      :      181                    
	   TimeSlotBusy (s)     :      183                    

	Job terminated of its own accord at 2026-02-25T16:21:36Z with exit-code 1.
...
