000 (14729960.002.000) 02/25 17:14:42 Job submitted from host: <188.184.90.62:9618?addrs=188.184.90.62-9618+[2001-1458-201-e4--100-238]-9618&alias=bigbird16.cern.ch&noUDP&sock=schedd_5196_9a2f>
...
040 (14729960.002.000) 02/25 17:18:35 Started transferring input files
	Transferring to host: <188.185.206.136:9618?addrs=188.185.206.136-9618+[2001-1458-303-c--100-5]-9618&alias=b9p06p5258.cern.ch&noUDP&sock=slot1_23_7195_473e_148467>
...
040 (14729960.002.000) 02/25 17:18:35 Finished transferring input files
...
001 (14729960.002.000) 02/25 17:18:36 Job executing on host: <188.185.206.136:9618?addrs=188.185.206.136-9618+[2001-1458-303-c--100-5]-9618&alias=b9p06p5258.cern.ch&noUDP&sock=startd_6235_4516>
	SlotName: slot1_23@b9p06p5258.cern.ch
	CondorScratchDir = "/pool/condor/dir_4106106"
	Cpus = 1
	Disk = 3614
	GPUs = 0
	Memory = 3000
...
006 (14729960.002.000) 02/25 17:18:50 Image size of job updated: 485528
	475  -  MemoryUsage of job (MB)
	485528  -  ResidentSetSize of job (KB)
...
006 (14729960.002.000) 02/25 17:22:23 Image size of job updated: 2587112
	475  -  MemoryUsage of job (MB)
	485528  -  ResidentSetSize of job (KB)
...
040 (14729960.002.000) 02/25 17:22:23 Started transferring output files
...
040 (14729960.002.000) 02/25 17:22:23 Finished transferring output files
...
005 (14729960.002.000) 02/25 17:22:23 Job terminated.
	(1) Normal termination (return value 1)
		Usr 0 00:04:15, Sys 0 00:00:11  -  Run Remote Usage
		Usr 0 00:00:00, Sys 0 00:00:00  -  Run Local Usage
		Usr 0 00:04:15, Sys 0 00:00:11  -  Total Remote Usage
		Usr 0 00:00:00, Sys 0 00:00:00  -  Total Local Usage
	18867  -  Run Bytes Sent By Job
	7549  -  Run Bytes Received By Job
	18867  -  Total Bytes Sent By Job
	7549  -  Total Bytes Received By Job
	Partitionable Resources :    Usage  Request Allocated 
	   Cpus                 :     1.57        1         1 
	   Disk (KB)            :    57          10      3614 
	   GPUs                 :                           0 
	   Memory (MB)          :   475        3000      3000 
	   TimeExecute (s)      :   227                       
	   TimeSlotBusy (s)     :   229                       

	Job terminated of its own accord at 2026-02-25T16:22:23Z with exit-code 1.
...
