000 (14752959.000.000) 02/26 16:23:22 Job submitted from host: <188.184.90.62:9618?addrs=188.184.90.62-9618+[2001-1458-201-e4--100-238]-9618&alias=bigbird16.cern.ch&noUDP&sock=schedd_5196_9a2f>
...
040 (14752959.000.000) 02/26 16:27:22 Started transferring input files
	Transferring to host: <188.185.214.227:9618?addrs=188.185.214.227-9618+[2001-1458-303-1d--100-5f]-9618&alias=b9p30p4871.cern.ch&noUDP&sock=slot1_8_2296252_0339_93803>
...
040 (14752959.000.000) 02/26 16:27:22 Finished transferring input files
...
001 (14752959.000.000) 02/26 16:27:23 Job executing on host: <188.185.214.227:9618?addrs=188.185.214.227-9618+[2001-1458-303-1d--100-5f]-9618&alias=b9p30p4871.cern.ch&noUDP&sock=startd_5507_ec23>
	SlotName: slot1_8@b9p30p4871.cern.ch
	CondorScratchDir = "/pool/condor/dir_4067313"
	Cpus = 1
	Disk = 3792
	GPUs = 0
	Memory = 3000
...
006 (14752959.000.000) 02/26 16:27:36 Image size of job updated: 177988
	0  -  MemoryUsage of job (MB)
	0  -  ResidentSetSize of job (KB)
...
040 (14752959.000.000) 02/26 16:27:36 Started transferring output files
...
040 (14752959.000.000) 02/26 16:27:36 Finished transferring output files
...
005 (14752959.000.000) 02/26 16:27:36 Job terminated.
	(1) Normal termination (return value 1)
		Usr 0 00:00:04, Sys 0 00:00:01  -  Run Remote Usage
		Usr 0 00:00:00, Sys 0 00:00:00  -  Run Local Usage
		Usr 0 00:00:04, Sys 0 00:00:01  -  Total Remote Usage
		Usr 0 00:00:00, Sys 0 00:00:00  -  Total Local Usage
	10278  -  Run Bytes Sent By Job
	7686  -  Run Bytes Received By Job
	10278  -  Total Bytes Sent By Job
	7686  -  Total Bytes Received By Job
	Partitionable Resources :    Usage  Request Allocated 
	   Cpus                 :        0        1         1 
	   Disk (KB)            :       44       10      3792 
	   GPUs                 :                           0 
	   Memory (MB)          :        0     3000      3000 
	   TimeExecute (s)      :       13                    
	   TimeSlotBusy (s)     :       15                    

	Job terminated of its own accord at 2026-02-26T15:27:36Z with exit-code 1.
...
