000 (14737674.001.000) 02/25 20:32:39 Job submitted from host: <188.184.90.62:9618?addrs=188.184.90.62-9618+[2001-1458-201-e4--100-238]-9618&alias=bigbird16.cern.ch&noUDP&sock=schedd_5196_9a2f>
...
040 (14737674.001.000) 02/25 20:36:21 Started transferring input files
	Transferring to host: <188.185.212.17:9618?addrs=188.185.212.17-9618+[2001-1458-303-18--100-d]-9618&alias=b9p25p5550.cern.ch&noUDP&sock=slot1_20_4388_7e2c_167976>
...
040 (14737674.001.000) 02/25 20:36:21 Finished transferring input files
...
001 (14737674.001.000) 02/25 20:36:22 Job executing on host: <188.185.212.17:9618?addrs=188.185.212.17-9618+[2001-1458-303-18--100-d]-9618&alias=b9p25p5550.cern.ch&noUDP&sock=startd_3714_12d4>
	SlotName: slot1_20@b9p25p5550.cern.ch
	CondorScratchDir = "/pool/condor/dir_1047860"
	Cpus = 1
	Disk = 3881
	GPUs = 0
	Memory = 3000
...
006 (14737674.001.000) 02/25 20:36:36 Image size of job updated: 256084
	251  -  MemoryUsage of job (MB)
	256084  -  ResidentSetSize of job (KB)
...
006 (14737674.001.000) 02/25 20:40:11 Image size of job updated: 2058640
	251  -  MemoryUsage of job (MB)
	256084  -  ResidentSetSize of job (KB)
...
040 (14737674.001.000) 02/25 20:40:11 Started transferring output files
...
040 (14737674.001.000) 02/25 20:40:12 Finished transferring output files
...
005 (14737674.001.000) 02/25 20:40:12 Job terminated.
	(1) Normal termination (return value 1)
		Usr 0 00:02:44, Sys 0 00:00:07  -  Run Remote Usage
		Usr 0 00:00:00, Sys 0 00:00:00  -  Run Local Usage
		Usr 0 00:02:44, Sys 0 00:00:07  -  Total Remote Usage
		Usr 0 00:00:00, Sys 0 00:00:00  -  Total Local Usage
	17433  -  Run Bytes Sent By Job
	7686  -  Run Bytes Received By Job
	17433  -  Total Bytes Sent By Job
	7686  -  Total Bytes Received By Job
	Partitionable Resources :    Usage  Request Allocated 
	   Cpus                 :        0        1         1 
	   Disk (KB)            :       51       10      3881 
	   GPUs                 :                           0 
	   Memory (MB)          :      251     3000      3000 
	   TimeExecute (s)      :      229                    
	   TimeSlotBusy (s)     :      232                    

	Job terminated of its own accord at 2026-02-25T19:40:11Z with exit-code 1.
...
