000 (14722382.000.000) 02/25 15:24:06 Job submitted from host: <188.184.90.62:9618?addrs=188.184.90.62-9618+[2001-1458-201-e4--100-238]-9618&alias=bigbird16.cern.ch&noUDP&sock=schedd_5196_9a2f>
...
040 (14722382.000.000) 02/25 15:27:00 Started transferring input files
	Transferring to host: <128.142.137.183:9618?addrs=128.142.137.183-9618+[2001-1458-301-5e--100-ab]-9618&alias=b9g19p0635.cern.ch&noUDP&sock=slot1_33_2823_cf0c_179516>
...
040 (14722382.000.000) 02/25 15:27:00 Finished transferring input files
...
001 (14722382.000.000) 02/25 15:27:01 Job executing on host: <128.142.137.183:9618?addrs=128.142.137.183-9618+[2001-1458-301-5e--100-ab]-9618&alias=b9g19p0635.cern.ch&noUDP&sock=startd_2436_78cb>
	SlotName: slot1_33@b9g19p0635.cern.ch
	CondorScratchDir = "/pool/condor/dir_3391898"
	Cpus = 1
	Disk = 2564
	GPUs = 0
	Memory = 3000
...
006 (14722382.000.000) 02/25 15:27:15 Image size of job updated: 175180
	172  -  MemoryUsage of job (MB)
	175180  -  ResidentSetSize of job (KB)
...
006 (14722382.000.000) 02/25 15:30:26 Image size of job updated: 2680852
	172  -  MemoryUsage of job (MB)
	175180  -  ResidentSetSize of job (KB)
...
040 (14722382.000.000) 02/25 15:30:26 Started transferring output files
...
040 (14722382.000.000) 02/25 15:30:26 Finished transferring output files
...
005 (14722382.000.000) 02/25 15:30:26 Job terminated.
	(1) Normal termination (return value 1)
		Usr 0 00:06:06, Sys 0 00:00:12  -  Run Remote Usage
		Usr 0 00:00:00, Sys 0 00:00:00  -  Run Local Usage
		Usr 0 00:06:06, Sys 0 00:00:12  -  Total Remote Usage
		Usr 0 00:00:00, Sys 0 00:00:00  -  Total Local Usage
	18046  -  Run Bytes Sent By Job
	7640  -  Run Bytes Received By Job
	18046  -  Total Bytes Sent By Job
	7640  -  Total Bytes Received By Job
	Partitionable Resources :    Usage  Request Allocated 
	   Cpus                 :        0        1         1 
	   Disk (KB)            :       51       10      2564 
	   GPUs                 :                           0 
	   Memory (MB)          :      172     3000      3000 
	   TimeExecute (s)      :      205                    
	   TimeSlotBusy (s)     :      207                    

	Job terminated of its own accord at 2026-02-25T14:30:26Z with exit-code 1.
...
