subject   : /DC=ch/DC=cern/OU=Organic Units/OU=Users/CN=driosper/CN=886669/CN=Diego Alejandro Rios Perez/CN=1573519443
issuer    : /DC=ch/DC=cern/OU=Organic Units/OU=Users/CN=driosper/CN=886669/CN=Diego Alejandro Rios Perez
identity  : /DC=ch/DC=cern/OU=Organic Units/OU=Users/CN=driosper/CN=886669/CN=Diego Alejandro Rios Perez
type      : RFC compliant proxy
strength  : 2048 bits
path      : /afs/cern.ch/user/d/driosper/private/x509up_u182284
timeleft  : 11:49:48
key usage : Digital Signature, Key Encipherment
=== VO cms extension information ===
VO        : cms
subject   : /DC=ch/DC=cern/OU=Organic Units/OU=Users/CN=driosper/CN=886669/CN=Diego Alejandro Rios Perez
issuer    : /DC=ch/DC=cern/OU=computers/CN=cms-auth.cern.ch
attribute : /cms/Role=NULL/Capability=NULL
timeleft  : 11:49:48
uri       : voms-cms-auth.cern.ch:15000
--workflow ztoee --year 2022preEE --output_path /eos/user/d/driosper/bsm3g_coffea/outputs/ztoee/2022preEE/TbarWplusto2L2Nu --output_format coffea --dataset TbarWplusto2L2Nu_1 --partition_json /srv/partition_fileset.json
  Preprocessing 100% ━━━━━━━━━━━━━━━━━━ 8/8 [ 0:00:10 < 0:00:00 | 1.0   file/s ]
Merging (local) 100% ━━━━━━━━━━━━━━━━━━ 8/8 [ 0:00:10 < 0:00:00 | ?   merges/s ]
     Processing  10% ━╸                  1/10 [ 0:00:40 < -:--:-- | ?  chunk/s ]
Merging (local)   0% ━━━━━━━━━━━━━━━━━━━  0/0 [ 0:00:02 < 0:00:00 | ? merges/s ]
There are 46068 events with muon pt outside of [26,200] GeV. Setting those entries to their initial value.
There are 46071 events with muon pt outside of [26,200] GeV. Setting those entries to their initial value.
There are 208 nan entries in the corrected pt. This might be due to the number of tracker layers hitting boundaries. Setting those entries to their initial value.
There are 41447 events with muon pt outside of [26,200] GeV. Setting those entries to their initial value.
There are 23242 events with muon pt outside of [26,200] GeV. Setting those entries to their initial value.
There are 23246 events with muon pt outside of [26,200] GeV. Setting those entries to their initial value.
There are 107 nan entries in the corrected pt. This might be due to the number of tracker layers hitting boundaries. Setting those entries to their initial value.
There are 20662 events with muon pt outside of [26,200] GeV. Setting those entries to their initial value.
There are 59732 events with muon pt outside of [26,200] GeV. Setting those entries to their initial value.
There are 59734 events with muon pt outside of [26,200] GeV. Setting those entries to their initial value.
There are 291 nan entries in the corrected pt. This might be due to the number of tracker layers hitting boundaries. Setting those entries to their initial value.
There are 53003 events with muon pt outside of [26,200] GeV. Setting those entries to their initial value.
There are 40769 events with muon pt outside of [26,200] GeV. Setting those entries to their initial value.
There are 40772 events with muon pt outside of [26,200] GeV. Setting those entries to their initial value.
There are 188 nan entries in the corrected pt. This might be due to the number of tracker layers hitting boundaries. Setting those entries to their initial value.
There are 36479 events with muon pt outside of [26,200] GeV. Setting those entries to their initial value.
There are 27573 events with muon pt outside of [26,200] GeV. Setting those entries to their initial value.
There are 27574 events with muon pt outside of [26,200] GeV. Setting those entries to their initial value.
There are 142 nan entries in the corrected pt. This might be due to the number of tracker layers hitting boundaries. Setting those entries to their initial value.
There are 24491 events with muon pt outside of [26,200] GeV. Setting those entries to their initial value.
There are 34844 events with muon pt outside of [26,200] GeV. Setting those entries to their initial value.
There are 34846 events with muon pt outside of [26,200] GeV. Setting those entries to their initial value.
There are 170 nan entries in the corrected pt. This might be due to the number of tracker layers hitting boundaries. Setting those entries to their initial value.
There are 31181 events with muon pt outside of [26,200] GeV. Setting those entries to their initial value.
There are 40232 events with muon pt outside of [26,200] GeV. Setting those entries to their initial value.
There are 40237 events with muon pt outside of [26,200] GeV. Setting those entries to their initial value.
There are 192 nan entries in the corrected pt. This might be due to the number of tracker layers hitting boundaries. Setting those entries to their initial value.
There are 35938 events with muon pt outside of [26,200] GeV. Setting those entries to their initial value.
There are 42272 events with muon pt outside of [26,200] GeV. Setting those entries to their initial value.
There are 42276 events with muon pt outside of [26,200] GeV. Setting those entries to their initial value.
There are 205 nan entries in the corrected pt. This might be due to the number of tracker layers hitting boundaries. Setting those entries to their initial value.
There are 37943 events with muon pt outside of [26,200] GeV. Setting those entries to their initial value.
There are 27903 events with muon pt outside of [26,200] GeV. Setting those entries to their initial value.
There are 27906 events with muon pt outside of [26,200] GeV. Setting those entries to their initial value.
There are 139 nan entries in the corrected pt. This might be due to the number of tracker layers hitting boundaries. Setting those entries to their initial value.
There are 25142 events with muon pt outside of [26,200] GeV. Setting those entries to their initial value.
There are 40372 events with muon pt outside of [26,200] GeV. Setting those entries to their initial value.
There are 40376 events with muon pt outside of [26,200] GeV. Setting those entries to their initial value.
There are 175 nan entries in the corrected pt. This might be due to the number of tracker layers hitting boundaries. Setting those entries to their initial value.
There are 36326 events with muon pt outside of [26,200] GeV. Setting those entries to their initial value.
