subject   : /DC=ch/DC=cern/OU=Organic Units/OU=Users/CN=driosper/CN=886669/CN=Diego Alejandro Rios Perez/CN=3192939875
issuer    : /DC=ch/DC=cern/OU=Organic Units/OU=Users/CN=driosper/CN=886669/CN=Diego Alejandro Rios Perez
identity  : /DC=ch/DC=cern/OU=Organic Units/OU=Users/CN=driosper/CN=886669/CN=Diego Alejandro Rios Perez
type      : RFC compliant proxy
strength  : 2048 bits
path      : /afs/cern.ch/user/d/driosper/private/x509up_u182284
timeleft  : 11:12:35
key usage : Digital Signature, Key Encipherment
=== VO cms extension information ===
VO        : cms
subject   : /DC=ch/DC=cern/OU=Organic Units/OU=Users/CN=driosper/CN=886669/CN=Diego Alejandro Rios Perez
issuer    : /DC=ch/DC=cern/OU=computers/CN=cms-auth.cern.ch
attribute : /cms/Role=NULL/Capability=NULL
timeleft  : 11:12:35
uri       : voms-cms-auth.cern.ch:15000
--workflow ztoee --year 2022preEE --output_path /eos/user/d/driosper/bsm3g_coffea/outputs/ztoee/2022preEE/TbarWplusto2L2Nu --output_format coffea --dataset TbarWplusto2L2Nu_2 --partition_json /srv/partition_fileset.json
  Preprocessing 100% ━━━━━━━━━━━━━━━━━━ 8/8 [ 0:00:11 < 0:00:00 | 1.1   file/s ]
Merging (local) 100% ━━━━━━━━━━━━━━━━━━ 8/8 [ 0:00:11 < 0:00:00 | ?   merges/s ]
     Processing  11% ━━                   1/9 [ 0:00:36 < -:--:-- | ?  chunk/s ]
Merging (local)   0% ━━━━━━━━━━━━━━━━━━━━ 0/0 [ 0:00:02 < 0:00:00 | ? merges/s ]
There are 6661 events with muon pt outside of [26,200] GeV. Setting those entries to their initial value.
There are 6661 events with muon pt outside of [26,200] GeV. Setting those entries to their initial value.
There are 39 nan entries in the corrected pt. This might be due to the number of tracker layers hitting boundaries. Setting those entries to their initial value.
There are 5669 events with muon pt outside of [26,200] GeV. Setting those entries to their initial value.
There are 48523 events with muon pt outside of [26,200] GeV. Setting those entries to their initial value.
There are 48526 events with muon pt outside of [26,200] GeV. Setting those entries to their initial value.
There are 269 nan entries in the corrected pt. This might be due to the number of tracker layers hitting boundaries. Setting those entries to their initial value.
There are 43629 events with muon pt outside of [26,200] GeV. Setting those entries to their initial value.
There are 48143 events with muon pt outside of [26,200] GeV. Setting those entries to their initial value.
There are 48150 events with muon pt outside of [26,200] GeV. Setting those entries to their initial value.
There are 243 nan entries in the corrected pt. This might be due to the number of tracker layers hitting boundaries. Setting those entries to their initial value.
There are 42673 events with muon pt outside of [26,200] GeV. Setting those entries to their initial value.
There are 15447 events with muon pt outside of [26,200] GeV. Setting those entries to their initial value.
There are 15448 events with muon pt outside of [26,200] GeV. Setting those entries to their initial value.
There are 83 nan entries in the corrected pt. This might be due to the number of tracker layers hitting boundaries. Setting those entries to their initial value.
There are 13777 events with muon pt outside of [26,200] GeV. Setting those entries to their initial value.
There are 47959 events with muon pt outside of [26,200] GeV. Setting those entries to their initial value.
There are 47963 events with muon pt outside of [26,200] GeV. Setting those entries to their initial value.
There are 231 nan entries in the corrected pt. This might be due to the number of tracker layers hitting boundaries. Setting those entries to their initial value.
There are 42793 events with muon pt outside of [26,200] GeV. Setting those entries to their initial value.
There are 10361 events with muon pt outside of [26,200] GeV. Setting those entries to their initial value.
There are 10362 events with muon pt outside of [26,200] GeV. Setting those entries to their initial value.
There are 63 nan entries in the corrected pt. This might be due to the number of tracker layers hitting boundaries. Setting those entries to their initial value.
There are 9213 events with muon pt outside of [26,200] GeV. Setting those entries to their initial value.
There are 620 events with muon pt outside of [26,200] GeV. Setting those entries to their initial value.
There are 620 events with muon pt outside of [26,200] GeV. Setting those entries to their initial value.
There are 524 events with muon pt outside of [26,200] GeV. Setting those entries to their initial value.
There are 13460 events with muon pt outside of [26,200] GeV. Setting those entries to their initial value.
There are 13463 events with muon pt outside of [26,200] GeV. Setting those entries to their initial value.
There are 63 nan entries in the corrected pt. This might be due to the number of tracker layers hitting boundaries. Setting those entries to their initial value.
There are 12042 events with muon pt outside of [26,200] GeV. Setting those entries to their initial value.
There are 40743 events with muon pt outside of [26,200] GeV. Setting those entries to their initial value.
There are 40749 events with muon pt outside of [26,200] GeV. Setting those entries to their initial value.
There are 183 nan entries in the corrected pt. This might be due to the number of tracker layers hitting boundaries. Setting those entries to their initial value.
There are 36113 events with muon pt outside of [26,200] GeV. Setting those entries to their initial value.
