000 (14729960.001.000) 02/25 17:14:42 Job submitted from host: <188.184.90.62:9618?addrs=188.184.90.62-9618+[2001-1458-201-e4--100-238]-9618&alias=bigbird16.cern.ch&noUDP&sock=schedd_5196_9a2f>
...
040 (14729960.001.000) 02/25 17:18:34 Started transferring input files
	Transferring to host: <188.185.209.56:9618?addrs=188.185.209.56-9618+[2001-1458-303-11--100-35]-9618&alias=b9p11p3792.cern.ch&noUDP&sock=slot1_28_3299634_66dc_145444>
...
040 (14729960.001.000) 02/25 17:18:34 Finished transferring input files
...
001 (14729960.001.000) 02/25 17:18:35 Job executing on host: <188.185.209.56:9618?addrs=188.185.209.56-9618+[2001-1458-303-11--100-35]-9618&alias=b9p11p3792.cern.ch&noUDP&sock=startd_5183_af74>
	SlotName: slot1_28@b9p11p3792.cern.ch
	CondorScratchDir = "/pool/condor/dir_2870575"
	Cpus = 1
	Disk = 3734
	GPUs = 0
	Memory = 3000
...
006 (14729960.001.000) 02/25 17:18:50 Image size of job updated: 52288
	52  -  MemoryUsage of job (MB)
	52288  -  ResidentSetSize of job (KB)
...
006 (14729960.001.000) 02/25 17:21:42 Image size of job updated: 1991304
	52  -  MemoryUsage of job (MB)
	52288  -  ResidentSetSize of job (KB)
...
040 (14729960.001.000) 02/25 17:21:42 Started transferring output files
...
040 (14729960.001.000) 02/25 17:21:42 Finished transferring output files
...
005 (14729960.001.000) 02/25 17:21:43 Job terminated.
	(1) Normal termination (return value 1)
		Usr 0 00:03:18, Sys 0 00:00:07  -  Run Remote Usage
		Usr 0 00:00:00, Sys 0 00:00:00  -  Run Local Usage
		Usr 0 00:03:18, Sys 0 00:00:07  -  Total Remote Usage
		Usr 0 00:00:00, Sys 0 00:00:00  -  Total Local Usage
	17284  -  Run Bytes Sent By Job
	7549  -  Run Bytes Received By Job
	17284  -  Total Bytes Sent By Job
	7549  -  Total Bytes Received By Job
	Partitionable Resources :    Usage  Request Allocated 
	   Cpus                 :        0        1         1 
	   Disk (KB)            :       55       10      3734 
	   GPUs                 :                           0 
	   Memory (MB)          :       52     3000      3000 
	   TimeExecute (s)      :      187                    
	   TimeSlotBusy (s)     :      189                    

	Job terminated of its own accord at 2026-02-25T16:21:42Z with exit-code 1.
...
