000 (14722382.001.000) 02/25 15:24:06 Job submitted from host: <188.184.90.62:9618?addrs=188.184.90.62-9618+[2001-1458-201-e4--100-238]-9618&alias=bigbird16.cern.ch&noUDP&sock=schedd_5196_9a2f>
...
040 (14722382.001.000) 02/25 15:27:00 Started transferring input files
	Transferring to host: <128.142.132.113:9618?addrs=128.142.132.113-9618+[2001-1458-301-5a--100-65]-9618&alias=b9g12p6271.cern.ch&noUDP&sock=slot1_28_2842_322d_161757>
...
040 (14722382.001.000) 02/25 15:27:00 Finished transferring input files
...
001 (14722382.001.000) 02/25 15:27:01 Job executing on host: <128.142.132.113:9618?addrs=128.142.132.113-9618+[2001-1458-301-5a--100-65]-9618&alias=b9g12p6271.cern.ch&noUDP&sock=startd_2448_b3ee>
	SlotName: slot1_28@b9g12p6271.cern.ch
	CondorScratchDir = "/pool/condor/dir_592553"
	Cpus = 1
	Disk = 2690
	GPUs = 0
	Memory = 3000
...
006 (14722382.001.000) 02/25 15:27:16 Image size of job updated: 130096
	128  -  MemoryUsage of job (MB)
	130096  -  ResidentSetSize of job (KB)
...
006 (14722382.001.000) 02/25 15:29:37 Image size of job updated: 2028540
	128  -  MemoryUsage of job (MB)
	130160  -  ResidentSetSize of job (KB)
...
040 (14722382.001.000) 02/25 15:29:37 Started transferring output files
...
040 (14722382.001.000) 02/25 15:29:37 Finished transferring output files
...
005 (14722382.001.000) 02/25 15:29:37 Job terminated.
	(1) Normal termination (return value 1)
		Usr 0 00:05:06, Sys 0 00:00:09  -  Run Remote Usage
		Usr 0 00:00:00, Sys 0 00:00:00  -  Run Local Usage
		Usr 0 00:05:06, Sys 0 00:00:09  -  Total Remote Usage
		Usr 0 00:00:00, Sys 0 00:00:00  -  Total Local Usage
	17291  -  Run Bytes Sent By Job
	7640  -  Run Bytes Received By Job
	17291  -  Total Bytes Sent By Job
	7640  -  Total Bytes Received By Job
	Partitionable Resources :    Usage  Request Allocated 
	   Cpus                 :        0        1         1 
	   Disk (KB)            :       50       10      2690 
	   GPUs                 :                           0 
	   Memory (MB)          :      128     3000      3000 
	   TimeExecute (s)      :      156                    
	   TimeSlotBusy (s)     :      158                    

	Job terminated of its own accord at 2026-02-25T14:29:37Z with exit-code 1.
...
