000 (14737674.002.000) 02/25 20:32:39 Job submitted from host: <188.184.90.62:9618?addrs=188.184.90.62-9618+[2001-1458-201-e4--100-238]-9618&alias=bigbird16.cern.ch&noUDP&sock=schedd_5196_9a2f>
...
040 (14737674.002.000) 02/25 20:36:21 Started transferring input files
	Transferring to host: <188.185.210.144:9618?addrs=188.185.210.144-9618+[2001-1458-303-15--100-c]-9618&alias=b9p22p6646.cern.ch&noUDP&sock=slot1_9_4281_1a07_170666>
...
040 (14737674.002.000) 02/25 20:36:21 Finished transferring input files
...
001 (14737674.002.000) 02/25 20:36:22 Job executing on host: <188.185.210.144:9618?addrs=188.185.210.144-9618+[2001-1458-303-15--100-c]-9618&alias=b9p22p6646.cern.ch&noUDP&sock=startd_3580_2923>
	SlotName: slot1_9@b9p22p6646.cern.ch
	CondorScratchDir = "/pool/condor/dir_227446"
	Cpus = 1
	Disk = 3910
	GPUs = 0
	Memory = 3000
...
006 (14737674.002.000) 02/25 20:36:36 Image size of job updated: 537728
	526  -  MemoryUsage of job (MB)
	537728  -  ResidentSetSize of job (KB)
...
006 (14737674.002.000) 02/25 20:38:50 Image size of job updated: 2591172
	526  -  MemoryUsage of job (MB)
	538004  -  ResidentSetSize of job (KB)
...
040 (14737674.002.000) 02/25 20:38:50 Started transferring output files
...
040 (14737674.002.000) 02/25 20:38:51 Finished transferring output files
...
005 (14737674.002.000) 02/25 20:38:51 Job terminated.
	(1) Normal termination (return value 1)
		Usr 0 00:03:52, Sys 0 00:00:12  -  Run Remote Usage
		Usr 0 00:00:00, Sys 0 00:00:00  -  Run Local Usage
		Usr 0 00:03:52, Sys 0 00:00:12  -  Total Remote Usage
		Usr 0 00:00:00, Sys 0 00:00:00  -  Total Local Usage
	18941  -  Run Bytes Sent By Job
	7686  -  Run Bytes Received By Job
	18941  -  Total Bytes Sent By Job
	7686  -  Total Bytes Received By Job
	Partitionable Resources :    Usage  Request Allocated 
	   Cpus                 :     2.02        1         1 
	   Disk (KB)            :    52          10      3910 
	   GPUs                 :                           0 
	   Memory (MB)          :   526        3000      3000 
	   TimeExecute (s)      :   148                       
	   TimeSlotBusy (s)     :   151                       

	Job terminated of its own accord at 2026-02-25T19:38:50Z with exit-code 1.
...
