000 (14752959.002.000) 02/26 16:23:22 Job submitted from host: <188.184.90.62:9618?addrs=188.184.90.62-9618+[2001-1458-201-e4--100-238]-9618&alias=bigbird16.cern.ch&noUDP&sock=schedd_5196_9a2f>
...
040 (14752959.002.000) 02/26 16:27:23 Started transferring input files
	Transferring to host: <188.185.214.184:9618?addrs=188.185.214.184-9618+[2001-1458-303-1d--100-34]-9618&alias=b9p30p7685.cern.ch&noUDP&sock=slot1_6_6440_4fff_169083>
...
040 (14752959.002.000) 02/26 16:27:23 Finished transferring input files
...
001 (14752959.002.000) 02/26 16:27:24 Job executing on host: <188.185.214.184:9618?addrs=188.185.214.184-9618+[2001-1458-303-1d--100-34]-9618&alias=b9p30p7685.cern.ch&noUDP&sock=startd_5591_8a18>
	SlotName: slot1_6@b9p30p7685.cern.ch
	CondorScratchDir = "/pool/condor/dir_144291"
	Cpus = 1
	Disk = 3745
	GPUs = 0
	Memory = 3000
...
006 (14752959.002.000) 02/26 16:27:38 Image size of job updated: 178500
	0  -  MemoryUsage of job (MB)
	0  -  ResidentSetSize of job (KB)
...
040 (14752959.002.000) 02/26 16:27:38 Started transferring output files
...
040 (14752959.002.000) 02/26 16:27:38 Finished transferring output files
...
005 (14752959.002.000) 02/26 16:27:39 Job terminated.
	(1) Normal termination (return value 1)
		Usr 0 00:00:04, Sys 0 00:00:02  -  Run Remote Usage
		Usr 0 00:00:00, Sys 0 00:00:00  -  Run Local Usage
		Usr 0 00:00:04, Sys 0 00:00:02  -  Total Remote Usage
		Usr 0 00:00:00, Sys 0 00:00:00  -  Total Local Usage
	10299  -  Run Bytes Sent By Job
	7686  -  Run Bytes Received By Job
	10299  -  Total Bytes Sent By Job
	7686  -  Total Bytes Received By Job
	Partitionable Resources :    Usage  Request Allocated 
	   Cpus                 :        0        1         1 
	   Disk (KB)            :       44       10      3745 
	   GPUs                 :                           0 
	   Memory (MB)          :        0     3000      3000 
	   TimeExecute (s)      :       14                    
	   TimeSlotBusy (s)     :       16                    

	Job terminated of its own accord at 2026-02-26T15:27:38Z with exit-code 1.
...
