000 (14526951.002.000) 02/14 21:30:26 Job submitted from host: <188.184.90.62:9618?addrs=188.184.90.62-9618+[2001-1458-201-e4--100-238]-9618&alias=bigbird16.cern.ch&noUDP&sock=schedd_5196_9a2f>
...
040 (14526951.002.000) 02/14 21:31:26 Started transferring input files
	Transferring to host: <188.185.213.35:9618?addrs=188.185.213.35-9618+[2001-1458-303-1a--100-1f]-9618&alias=b9p27p7165.cern.ch&noUDP&sock=slot1_25_2409124_8c27_78164>
...
040 (14526951.002.000) 02/14 21:31:26 Finished transferring input files
...
001 (14526951.002.000) 02/14 21:31:27 Job executing on host: <188.185.213.35:9618?addrs=188.185.213.35-9618+[2001-1458-303-1a--100-1f]-9618&alias=b9p27p7165.cern.ch&noUDP&sock=startd_2408330_a465>
	SlotName: slot1_25@b9p27p7165.cern.ch
	CondorScratchDir = "/pool/condor/dir_2934544"
	Cpus = 1
	Disk = 3916
	GPUs = 0
	Memory = 3000
...
006 (14526951.002.000) 02/14 21:31:42 Image size of job updated: 102472
	101  -  MemoryUsage of job (MB)
	102472  -  ResidentSetSize of job (KB)
...
006 (14526951.002.000) 02/14 21:35:33 Image size of job updated: 2270408
	101  -  MemoryUsage of job (MB)
	102472  -  ResidentSetSize of job (KB)
...
040 (14526951.002.000) 02/14 21:35:33 Started transferring output files
...
040 (14526951.002.000) 02/14 21:35:33 Finished transferring output files
...
004 (14526951.002.000) 02/14 21:35:33 Job was evicted.
	(0) CPU times
		Usr 0 00:04:47, Sys 0 00:00:11  -  Run Remote Usage
		Usr 0 00:00:00, Sys 0 00:00:00  -  Run Local Usage
	11888  -  Run Bytes Sent By Job
	14555  -  Run Bytes Received By Job
	Partitionable Resources :    Usage  Request Allocated 
	   Cpus                 :        0        1         1 
	   Disk (KB)            :       49       17      3916 
	   GPUs                 :                           0 
	   Memory (MB)          :      101     3000      3000 
	   TimeExecute (s)      :      246                    
	   TimeSlotBusy (s)     :      248                    
...
009 (14526951.002.000) 02/14 21:35:33 Job was aborted.
	via condor_rm (by user driosper)
...
