000 (14526944.001.000) 02/14 21:30:13 Job submitted from host: <188.184.90.62:9618?addrs=188.184.90.62-9618+[2001-1458-201-e4--100-238]-9618&alias=bigbird16.cern.ch&noUDP&sock=schedd_5196_9a2f>
...
040 (14526944.001.000) 02/14 21:31:08 Started transferring input files
	Transferring to host: <188.185.214.88:9618?addrs=188.185.214.88-9618+[2001-1458-303-1c--100-54]-9618&alias=b9p29p9797.cern.ch&noUDP&sock=slot1_15_5885_43c8_186200>
...
040 (14526944.001.000) 02/14 21:31:08 Finished transferring input files
...
001 (14526944.001.000) 02/14 21:31:09 Job executing on host: <188.185.214.88:9618?addrs=188.185.214.88-9618+[2001-1458-303-1c--100-54]-9618&alias=b9p29p9797.cern.ch&noUDP&sock=startd_5060_514e>
	SlotName: slot1_15@b9p29p9797.cern.ch
	CondorScratchDir = "/pool/condor/dir_2904911"
	Cpus = 1
	Disk = 3743
	GPUs = 0
	Memory = 3000
...
006 (14526944.001.000) 02/14 21:31:23 Image size of job updated: 392652
	384  -  MemoryUsage of job (MB)
	392652  -  ResidentSetSize of job (KB)
...
006 (14526944.001.000) 02/14 21:35:27 Image size of job updated: 1443304
	384  -  MemoryUsage of job (MB)
	392696  -  ResidentSetSize of job (KB)
...
040 (14526944.001.000) 02/14 21:35:27 Started transferring output files
...
040 (14526944.001.000) 02/14 21:35:27 Finished transferring output files
...
004 (14526944.001.000) 02/14 21:35:27 Job was evicted.
	(0) CPU times
		Usr 0 00:06:22, Sys 0 00:00:12  -  Run Remote Usage
		Usr 0 00:00:00, Sys 0 00:00:00  -  Run Local Usage
	10297  -  Run Bytes Sent By Job
	11324  -  Run Bytes Received By Job
	Partitionable Resources :    Usage  Request Allocated 
	   Cpus                 :     1.32        1         1 
	   Disk (KB)            :    44          15      3743 
	   GPUs                 :                           0 
	   Memory (MB)          :   384        3000      3000 
	   TimeExecute (s)      :   258                       
	   TimeSlotBusy (s)     :   260                       
...
009 (14526944.001.000) 02/14 21:35:27 Job was aborted.
	via condor_rm (by user driosper)
...
