000 (14526944.000.000) 02/14 21:30:13 Job submitted from host: <188.184.90.62:9618?addrs=188.184.90.62-9618+[2001-1458-201-e4--100-238]-9618&alias=bigbird16.cern.ch&noUDP&sock=schedd_5196_9a2f>
...
040 (14526944.000.000) 02/14 21:31:08 Started transferring input files
	Transferring to host: <188.185.213.181:9618?addrs=188.185.213.181-9618+[2001-1458-303-1b--100-31]-9618&alias=b9p28p0349.cern.ch&noUDP&sock=slot1_22_2499867_3331_90238>
...
040 (14526944.000.000) 02/14 21:31:08 Finished transferring input files
...
001 (14526944.000.000) 02/14 21:31:09 Job executing on host: <188.185.213.181:9618?addrs=188.185.213.181-9618+[2001-1458-303-1b--100-31]-9618&alias=b9p28p0349.cern.ch&noUDP&sock=startd_5594_98e1>
	SlotName: slot1_22@b9p28p0349.cern.ch
	CondorScratchDir = "/pool/condor/dir_2330271"
	Cpus = 1
	Disk = 3781
	GPUs = 0
	Memory = 3000
...
006 (14526944.000.000) 02/14 21:31:23 Image size of job updated: 614928
	601  -  MemoryUsage of job (MB)
	614928  -  ResidentSetSize of job (KB)
...
006 (14526944.000.000) 02/14 21:35:27 Image size of job updated: 1363500
	601  -  MemoryUsage of job (MB)
	615068  -  ResidentSetSize of job (KB)
...
040 (14526944.000.000) 02/14 21:35:27 Started transferring output files
...
040 (14526944.000.000) 02/14 21:35:27 Finished transferring output files
...
004 (14526944.000.000) 02/14 21:35:27 Job was evicted.
	(0) CPU times
		Usr 0 00:04:44, Sys 0 00:00:13  -  Run Remote Usage
		Usr 0 00:00:00, Sys 0 00:00:00  -  Run Local Usage
	5424  -  Run Bytes Sent By Job
	11324  -  Run Bytes Received By Job
	Partitionable Resources :    Usage  Request Allocated 
	   Cpus                 :        0        1         1 
	   Disk (KB)            :       42       15      3781 
	   GPUs                 :                           0 
	   Memory (MB)          :      601     3000      3000 
	   TimeExecute (s)      :      258                    
	   TimeSlotBusy (s)     :      260                    
...
009 (14526944.000.000) 02/14 21:35:27 Job was aborted.
	via condor_rm (by user driosper)
...
