000 (14526944.004.000) 02/14 21:30:13 Job submitted from host: <188.184.90.62:9618?addrs=188.184.90.62-9618+[2001-1458-201-e4--100-238]-9618&alias=bigbird16.cern.ch&noUDP&sock=schedd_5196_9a2f>
...
040 (14526944.004.000) 02/14 21:31:09 Started transferring input files
	Transferring to host: <188.185.214.57:9618?addrs=188.185.214.57-9618+[2001-1458-303-1c--100-35]-9618&alias=b9p29p2773.cern.ch&noUDP&sock=slot1_12_5352_b7d3_196077>
...
040 (14526944.004.000) 02/14 21:31:09 Finished transferring input files
...
001 (14526944.004.000) 02/14 21:31:10 Job executing on host: <188.185.214.57:9618?addrs=188.185.214.57-9618+[2001-1458-303-1c--100-35]-9618&alias=b9p29p2773.cern.ch&noUDP&sock=startd_4287_1a99>
	SlotName: slot1_12@b9p29p2773.cern.ch
	CondorScratchDir = "/pool/condor/dir_134931"
	Cpus = 1
	Disk = 3699
	GPUs = 0
	Memory = 3000
...
006 (14526944.004.000) 02/14 21:31:24 Image size of job updated: 510912
	499  -  MemoryUsage of job (MB)
	510912  -  ResidentSetSize of job (KB)
...
006 (14526944.004.000) 02/14 21:35:27 Image size of job updated: 1371716
	499  -  MemoryUsage of job (MB)
	510972  -  ResidentSetSize of job (KB)
...
040 (14526944.004.000) 02/14 21:35:27 Started transferring output files
...
040 (14526944.004.000) 02/14 21:35:27 Finished transferring output files
...
004 (14526944.004.000) 02/14 21:35:27 Job was evicted.
	(0) CPU times
		Usr 0 00:05:44, Sys 0 00:00:15  -  Run Remote Usage
		Usr 0 00:00:00, Sys 0 00:00:00  -  Run Local Usage
	10164  -  Run Bytes Sent By Job
	11324  -  Run Bytes Received By Job
	Partitionable Resources :    Usage  Request Allocated 
	   Cpus                 :        0        1         1 
	   Disk (KB)            :       44       15      3699 
	   GPUs                 :                           0 
	   Memory (MB)          :      499     3000      3000 
	   TimeExecute (s)      :      257                    
	   TimeSlotBusy (s)     :      259                    
...
009 (14526944.004.000) 02/14 21:35:27 Job was aborted.
	via condor_rm (by user driosper)
...
