000 (14526944.002.000) 02/14 21:30:13 Job submitted from host: <188.184.90.62:9618?addrs=188.184.90.62-9618+[2001-1458-201-e4--100-238]-9618&alias=bigbird16.cern.ch&noUDP&sock=schedd_5196_9a2f>
...
040 (14526944.002.000) 02/14 21:31:09 Started transferring input files
	Transferring to host: <188.185.214.68:9618?addrs=188.185.214.68-9618+[2001-1458-303-1c--100-40]-9618&alias=b9p29p9608.cern.ch&noUDP&sock=slot1_10_10040_d691_186470>
...
040 (14526944.002.000) 02/14 21:31:09 Finished transferring input files
...
001 (14526944.002.000) 02/14 21:31:10 Job executing on host: <188.185.214.68:9618?addrs=188.185.214.68-9618+[2001-1458-303-1c--100-40]-9618&alias=b9p29p9608.cern.ch&noUDP&sock=startd_9082_1337>
	SlotName: slot1_10@b9p29p9608.cern.ch
	CondorScratchDir = "/pool/condor/dir_2772124"
	Cpus = 1
	Disk = 3817
	GPUs = 0
	Memory = 3000
...
006 (14526944.002.000) 02/14 21:31:23 Image size of job updated: 425384
	416  -  MemoryUsage of job (MB)
	425384  -  ResidentSetSize of job (KB)
...
006 (14526944.002.000) 02/14 21:35:27 Image size of job updated: 1562420
	416  -  MemoryUsage of job (MB)
	425384  -  ResidentSetSize of job (KB)
...
040 (14526944.002.000) 02/14 21:35:27 Started transferring output files
...
040 (14526944.002.000) 02/14 21:35:27 Finished transferring output files
...
004 (14526944.002.000) 02/14 21:35:27 Job was evicted.
	(0) CPU times
		Usr 0 00:09:10, Sys 0 00:00:21  -  Run Remote Usage
		Usr 0 00:00:00, Sys 0 00:00:00  -  Run Local Usage
	10272  -  Run Bytes Sent By Job
	11324  -  Run Bytes Received By Job
	Partitionable Resources :    Usage  Request Allocated 
	   Cpus                 :        0        1         1 
	   Disk (KB)            :       44       15      3817 
	   GPUs                 :                           0 
	   Memory (MB)          :      416     3000      3000 
	   TimeExecute (s)      :      257                    
	   TimeSlotBusy (s)     :      259                    
...
009 (14526944.002.000) 02/14 21:35:27 Job was aborted.
	via condor_rm (by user driosper)
...
